Machine: DONALD
Date: 13/12/2021 Time: 21:17:59
Alternative Dense Layer: False
Pooling Application Layer: avg
Data Augmentation: False
Data Augmentation Multiplier: 1
Fine Tuning: True
Optimizer: rmsprop

Model Type: EfficientNetB0
Fold: 1 of 10 Acc: 94.29% Mean: 94.29% (+/- 0.00%)
Fold: 2 of 10 Acc: 100.00% Mean: 97.14% (+/- 2.86%)
Fold: 3 of 10 Acc: 91.18% Mean: 95.15% (+/- 3.65%)
Fold: 4 of 10 Acc: 91.18% Mean: 94.16% (+/- 3.60%)
Fold: 5 of 10 Acc: 94.12% Mean: 94.15% (+/- 3.22%)
Fold: 6 of 10 Acc: 91.18% Mean: 93.66% (+/- 3.14%)
Fold: 7 of 10 Acc: 82.35% Mean: 92.04% (+/- 4.91%)
Fold: 8 of 10 Acc: 88.24% Mean: 91.57% (+/- 4.76%)
Fold: 9 of 10 Acc: 85.29% Mean: 90.87% (+/- 4.90%)
Fold: 10 of 10 Acc: 85.29% Mean: 90.31% (+/- 4.94%)
Model Type: EfficientNetB1
Fold: 1 of 10 Acc: 88.57% Mean: 88.57% (+/- 0.00%)
Fold: 2 of 10 Acc: 91.43% Mean: 90.00% (+/- 1.43%)
Fold: 3 of 10 Acc: 91.18% Mean: 90.39% (+/- 1.29%)
Fold: 4 of 10 Acc: 88.24% Mean: 89.85% (+/- 1.46%)
Fold: 5 of 10 Acc: 97.06% Mean: 91.29% (+/- 3.16%)
Fold: 6 of 10 Acc: 85.29% Mean: 90.29% (+/- 3.65%)
Fold: 7 of 10 Acc: 91.18% Mean: 90.42% (+/- 3.40%)
Fold: 8 of 10 Acc: 94.12% Mean: 90.88% (+/- 3.40%)
Fold: 9 of 10 Acc: 91.18% Mean: 90.92% (+/- 3.21%)
Fold: 10 of 10 Acc: 91.18% Mean: 90.94% (+/- 3.05%)
Model Type: EfficientNetB2
Fold: 1 of 10 Acc: 97.14% Mean: 97.14% (+/- 0.00%)
Fold: 2 of 10 Acc: 88.57% Mean: 92.86% (+/- 4.29%)
Fold: 3 of 10 Acc: 85.29% Mean: 90.34% (+/- 5.00%)
Fold: 4 of 10 Acc: 94.12% Mean: 91.28% (+/- 4.63%)
Fold: 5 of 10 Acc: 91.18% Mean: 91.26% (+/- 4.14%)
Fold: 6 of 10 Acc: 85.29% Mean: 90.27% (+/- 4.38%)
Fold: 7 of 10 Acc: 88.24% Mean: 89.98% (+/- 4.12%)
Fold: 8 of 10 Acc: 82.35% Mean: 89.02% (+/- 4.60%)
Fold: 9 of 10 Acc: 82.35% Mean: 88.28% (+/- 4.82%)
Fold: 10 of 10 Acc: 91.18% Mean: 88.57% (+/- 4.66%)
Model Type: EfficientNetB3
Fold: 1 of 10 Acc: 91.43% Mean: 91.43% (+/- 0.00%)
Fold: 2 of 10 Acc: 85.71% Mean: 88.57% (+/- 2.86%)
Fold: 3 of 10 Acc: 85.29% Mean: 87.48% (+/- 2.80%)
Fold: 4 of 10 Acc: 94.12% Mean: 89.14% (+/- 3.76%)
Fold: 5 of 10 Acc: 85.29% Mean: 88.37% (+/- 3.70%)
Fold: 6 of 10 Acc: 85.29% Mean: 87.86% (+/- 3.56%)
Fold: 7 of 10 Acc: 91.18% Mean: 88.33% (+/- 3.50%)
Fold: 8 of 10 Acc: 88.24% Mean: 88.32% (+/- 3.27%)
Fold: 9 of 10 Acc: 88.24% Mean: 88.31% (+/- 3.09%)
Fold: 10 of 10 Acc: 94.12% Mean: 88.89% (+/- 3.41%)
Model Type: EfficientNetB4
Fold: 1 of 10 Acc: 97.14% Mean: 97.14% (+/- 0.00%)
Fold: 2 of 10 Acc: 88.57% Mean: 92.86% (+/- 4.29%)
Fold: 3 of 10 Acc: 88.24% Mean: 91.32% (+/- 4.12%)
Fold: 4 of 10 Acc: 85.29% Mean: 89.81% (+/- 4.42%)
Fold: 5 of 10 Acc: 82.35% Mean: 88.32% (+/- 4.95%)
Fold: 6 of 10 Acc: 85.29% Mean: 87.82% (+/- 4.66%)
Fold: 7 of 10 Acc: 82.35% Mean: 87.03% (+/- 4.72%)
Fold: 8 of 10 Acc: 85.29% Mean: 86.82% (+/- 4.45%)
Fold: 9 of 10 Acc: 82.35% Mean: 86.32% (+/- 4.43%)
Fold: 10 of 10 Acc: 91.18% Mean: 86.81% (+/- 4.44%)
Model Type: EfficientNetB5
