Machine: DONALD
Date: 25/12/2022 Time: 01:08:54
Alternative Dense Layer: False
Pooling Application Layer: avg
Data Augmentation: False
Data Augmentation Multiplier: 1
Fine Tuning: True
Optimizer: rmsprop

Model Type: Xception
Fold: 1 of 10 Acc: 91.43% Mean: 91.43% (+/- 0.00%)
Fold: 2 of 10 Acc: 97.14% Mean: 94.29% (+/- 2.86%)
Fold: 3 of 10 Acc: 88.24% Mean: 92.27% (+/- 3.68%)
Fold: 4 of 10 Acc: 91.18% Mean: 92.00% (+/- 3.23%)
Fold: 5 of 10 Acc: 94.12% Mean: 92.42% (+/- 3.01%)
Fold: 6 of 10 Acc: 88.24% Mean: 91.72% (+/- 3.16%)
Fold: 7 of 10 Acc: 97.06% Mean: 92.48% (+/- 3.47%)
Fold: 8 of 10 Acc: 91.18% Mean: 92.32% (+/- 3.27%)
Fold: 9 of 10 Acc: 91.18% Mean: 92.19% (+/- 3.11%)
Fold: 10 of 10 Acc: 91.18% Mean: 92.09% (+/- 2.96%)
Model Type: VGG16
Fold: 1 of 10 Acc: 74.29% Mean: 74.29% (+/- 0.00%)
Fold: 2 of 10 Acc: 88.57% Mean: 81.43% (+/- 7.14%)
Fold: 3 of 10 Acc: 82.35% Mean: 81.74% (+/- 5.85%)
Fold: 4 of 10 Acc: 88.24% Mean: 83.36% (+/- 5.79%)
Fold: 5 of 10 Acc: 85.29% Mean: 83.75% (+/- 5.24%)
Fold: 6 of 10 Acc: 91.18% Mean: 84.99% (+/- 5.53%)
Fold: 7 of 10 Acc: 91.18% Mean: 85.87% (+/- 5.56%)
Fold: 8 of 10 Acc: 79.41% Mean: 85.06% (+/- 5.62%)
Fold: 9 of 10 Acc: 94.12% Mean: 86.07% (+/- 6.01%)
Fold: 10 of 10 Acc: 88.24% Mean: 86.29% (+/- 5.74%)
Model Type: VGG19
Fold: 1 of 10 Acc: 68.57% Mean: 68.57% (+/- 0.00%)
Fold: 2 of 10 Acc: 88.57% Mean: 78.57% (+/- 10.00%)
Fold: 3 of 10 Acc: 91.18% Mean: 82.77% (+/- 10.10%)
Fold: 4 of 10 Acc: 82.35% Mean: 82.67% (+/- 8.75%)
Fold: 5 of 10 Acc: 91.18% Mean: 84.37% (+/- 8.53%)
Fold: 6 of 10 Acc: 82.35% Mean: 84.03% (+/- 7.82%)
Fold: 7 of 10 Acc: 88.24% Mean: 84.63% (+/- 7.39%)
Fold: 8 of 10 Acc: 88.24% Mean: 85.08% (+/- 7.02%)
Fold: 9 of 10 Acc: 79.41% Mean: 84.45% (+/- 6.85%)
Fold: 10 of 10 Acc: 91.18% Mean: 85.13% (+/- 6.81%)
Model Type: ResNet50
Fold: 1 of 10 Acc: 77.14% Mean: 77.14% (+/- 0.00%)
Fold: 2 of 10 Acc: 91.43% Mean: 84.29% (+/- 7.14%)
Fold: 3 of 10 Acc: 85.29% Mean: 84.62% (+/- 5.85%)
Fold: 4 of 10 Acc: 88.24% Mean: 85.53% (+/- 5.30%)
Fold: 5 of 10 Acc: 91.18% Mean: 86.66% (+/- 5.25%)
Fold: 6 of 10 Acc: 91.18% Mean: 87.41% (+/- 5.08%)
Fold: 7 of 10 Acc: 91.18% Mean: 87.95% (+/- 4.89%)
Fold: 8 of 10 Acc: 94.12% Mean: 88.72% (+/- 5.01%)
Fold: 9 of 10 Acc: 100.00% Mean: 89.97% (+/- 5.90%)
Fold: 10 of 10 Acc: 88.24% Mean: 89.80% (+/- 5.63%)
Model Type: ResNet101
Fold: 1 of 10 Acc: 80.00% Mean: 80.00% (+/- 0.00%)
Fold: 2 of 10 Acc: 85.71% Mean: 82.86% (+/- 2.86%)
Fold: 3 of 10 Acc: 79.41% Mean: 81.71% (+/- 2.84%)
Fold: 4 of 10 Acc: 88.24% Mean: 83.34% (+/- 3.75%)
Fold: 5 of 10 Acc: 88.24% Mean: 84.32% (+/- 3.88%)
Fold: 6 of 10 Acc: 76.47% Mean: 83.01% (+/- 4.60%)
Fold: 7 of 10 Acc: 79.41% Mean: 82.50% (+/- 4.44%)
Fold: 8 of 10 Acc: 88.24% Mean: 83.21% (+/- 4.56%)
Fold: 9 of 10 Acc: 85.29% Mean: 83.45% (+/- 4.35%)
Fold: 10 of 10 Acc: 85.29% Mean: 83.63% (+/- 4.17%)
Model Type: ResNet152
Fold: 1 of 10 Acc: 77.14% Mean: 77.14% (+/- 0.00%)
Fold: 2 of 10 Acc: 94.29% Mean: 85.71% (+/- 8.57%)
Fold: 3 of 10 Acc: 82.35% Mean: 84.59% (+/- 7.18%)
Fold: 4 of 10 Acc: 85.29% Mean: 84.77% (+/- 6.22%)
Fold: 5 of 10 Acc: 85.29% Mean: 84.87% (+/- 5.57%)
Fold: 6 of 10 Acc: 85.29% Mean: 84.94% (+/- 5.09%)
Fold: 7 of 10 Acc: 91.18% Mean: 85.83% (+/- 5.19%)
Fold: 8 of 10 Acc: 73.53% Mean: 84.30% (+/- 6.33%)
Fold: 9 of 10 Acc: 82.35% Mean: 84.08% (+/- 6.00%)
Fold: 10 of 10 Acc: 85.29% Mean: 84.20% (+/- 5.71%)
Model Type: ResNet50V2
Fold: 1 of 10 Acc: 54.29% Mean: 54.29% (+/- 0.00%)
Fold: 2 of 10 Acc: 88.57% Mean: 71.43% (+/- 17.14%)
Fold: 3 of 10 Acc: 88.24% Mean: 77.03% (+/- 16.08%)
Fold: 4 of 10 Acc: 88.24% Mean: 79.83% (+/- 14.75%)
Fold: 5 of 10 Acc: 94.12% Mean: 82.69% (+/- 14.38%)
Fold: 6 of 10 Acc: 88.24% Mean: 83.61% (+/- 13.29%)
Fold: 7 of 10 Acc: 85.29% Mean: 83.85% (+/- 12.31%)
Fold: 8 of 10 Acc: 94.12% Mean: 85.14% (+/- 12.01%)
Fold: 9 of 10 Acc: 94.12% Mean: 86.13% (+/- 11.67%)
Fold: 10 of 10 Acc: 97.06% Mean: 87.23% (+/- 11.54%)
Model Type: ResNet101V2
Fold: 1 of 10 Acc: 71.43% Mean: 71.43% (+/- 0.00%)
Fold: 2 of 10 Acc: 88.57% Mean: 80.00% (+/- 8.57%)
Fold: 3 of 10 Acc: 85.29% Mean: 81.76% (+/- 7.43%)
Fold: 4 of 10 Acc: 85.29% Mean: 82.65% (+/- 6.61%)
Fold: 5 of 10 Acc: 82.35% Mean: 82.59% (+/- 5.92%)
Fold: 6 of 10 Acc: 85.29% Mean: 83.04% (+/- 5.49%)
Fold: 7 of 10 Acc: 85.29% Mean: 83.36% (+/- 5.15%)
Fold: 8 of 10 Acc: 85.29% Mean: 83.60% (+/- 4.86%)
Fold: 9 of 10 Acc: 91.18% Mean: 84.44% (+/- 5.16%)
Fold: 10 of 10 Acc: 79.41% Mean: 83.94% (+/- 5.12%)
Model Type: ResNet152V2
Fold: 1 of 10 Acc: 71.43% Mean: 71.43% (+/- 0.00%)
Fold: 2 of 10 Acc: 91.43% Mean: 81.43% (+/- 10.00%)
Fold: 3 of 10 Acc: 76.47% Mean: 79.78% (+/- 8.49%)
Fold: 4 of 10 Acc: 88.24% Mean: 81.89% (+/- 8.22%)
Fold: 5 of 10 Acc: 88.24% Mean: 83.16% (+/- 7.78%)
Fold: 6 of 10 Acc: 85.29% Mean: 83.52% (+/- 7.14%)
Fold: 7 of 10 Acc: 85.29% Mean: 83.77% (+/- 6.64%)
Fold: 8 of 10 Acc: 82.35% Mean: 83.59% (+/- 6.23%)
Fold: 9 of 10 Acc: 91.18% Mean: 84.44% (+/- 6.34%)
Fold: 10 of 10 Acc: 76.47% Mean: 83.64% (+/- 6.47%)
Model Type: InceptionV3
Fold: 1 of 10 Acc: 68.57% Mean: 68.57% (+/- 0.00%)
Fold: 2 of 10 Acc: 82.86% Mean: 75.71% (+/- 7.14%)
Fold: 3 of 10 Acc: 94.12% Mean: 81.85% (+/- 10.45%)
Fold: 4 of 10 Acc: 91.18% Mean: 84.18% (+/- 9.91%)
Fold: 5 of 10 Acc: 91.18% Mean: 85.58% (+/- 9.30%)
Fold: 6 of 10 Acc: 94.12% Mean: 87.00% (+/- 9.06%)
Fold: 7 of 10 Acc: 88.24% Mean: 87.18% (+/- 8.40%)
Fold: 8 of 10 Acc: 97.06% Mean: 88.41% (+/- 8.51%)
Fold: 9 of 10 Acc: 91.18% Mean: 88.72% (+/- 8.07%)
Fold: 10 of 10 Acc: 85.29% Mean: 88.38% (+/- 7.73%)
Model Type: InceptionResNetV2
Fold: 1 of 10 Acc: 88.57% Mean: 88.57% (+/- 0.00%)
Fold: 2 of 10 Acc: 88.57% Mean: 88.57% (+/- 0.00%)
Fold: 3 of 10 Acc: 85.29% Mean: 87.48% (+/- 1.54%)
Fold: 4 of 10 Acc: 79.41% Mean: 85.46% (+/- 3.74%)
Fold: 5 of 10 Acc: 94.12% Mean: 87.19% (+/- 4.81%)
Fold: 6 of 10 Acc: 88.24% Mean: 87.37% (+/- 4.41%)
Fold: 7 of 10 Acc: 91.18% Mean: 87.91% (+/- 4.30%)
Fold: 8 of 10 Acc: 76.47% Mean: 86.48% (+/- 5.52%)
Fold: 9 of 10 Acc: 94.12% Mean: 87.33% (+/- 5.73%)
Fold: 10 of 10 Acc: 88.24% Mean: 87.42% (+/- 5.44%)
Model Type: MobileNet
Fold: 1 of 10 Acc: 82.86% Mean: 82.86% (+/- 0.00%)
Fold: 2 of 10 Acc: 91.43% Mean: 87.14% (+/- 4.29%)
Fold: 3 of 10 Acc: 88.24% Mean: 87.51% (+/- 3.54%)
Fold: 4 of 10 Acc: 94.12% Mean: 89.16% (+/- 4.19%)
Fold: 5 of 10 Acc: 97.06% Mean: 90.74% (+/- 4.90%)
Fold: 6 of 10 Acc: 91.18% Mean: 90.81% (+/- 4.48%)
Fold: 7 of 10 Acc: 91.18% Mean: 90.86% (+/- 4.15%)
Fold: 8 of 10 Acc: 97.06% Mean: 91.64% (+/- 4.39%)
Fold: 9 of 10 Acc: 94.12% Mean: 91.91% (+/- 4.21%)
Fold: 10 of 10 Acc: 88.24% Mean: 91.55% (+/- 4.14%)
Model Type: DenseNet121
Fold: 1 of 10 Acc: 91.43% Mean: 91.43% (+/- 0.00%)
Fold: 2 of 10 Acc: 88.57% Mean: 90.00% (+/- 1.43%)
Fold: 3 of 10 Acc: 97.06% Mean: 92.35% (+/- 3.53%)
Fold: 4 of 10 Acc: 94.12% Mean: 92.79% (+/- 3.15%)
Fold: 5 of 10 Acc: 94.12% Mean: 93.06% (+/- 2.86%)
Fold: 6 of 10 Acc: 97.06% Mean: 93.73% (+/- 3.01%)
Fold: 7 of 10 Acc: 88.24% Mean: 92.94% (+/- 3.38%)
Fold: 8 of 10 Acc: 88.24% Mean: 92.35% (+/- 3.53%)
Fold: 9 of 10 Acc: 91.18% Mean: 92.22% (+/- 3.35%)
Fold: 10 of 10 Acc: 91.18% Mean: 92.12% (+/- 3.19%)
Model Type: DenseNet169
Fold: 1 of 10 Acc: 85.71% Mean: 85.71% (+/- 0.00%)
Fold: 2 of 10 Acc: 88.57% Mean: 87.14% (+/- 1.43%)
Fold: 3 of 10 Acc: 91.18% Mean: 88.49% (+/- 2.23%)
Fold: 4 of 10 Acc: 88.24% Mean: 88.42% (+/- 1.93%)
Fold: 5 of 10 Acc: 88.24% Mean: 88.39% (+/- 1.73%)
Fold: 6 of 10 Acc: 91.18% Mean: 88.85% (+/- 1.89%)
Fold: 7 of 10 Acc: 91.18% Mean: 89.18% (+/- 1.93%)
Fold: 8 of 10 Acc: 91.18% Mean: 89.43% (+/- 1.92%)
Fold: 9 of 10 Acc: 91.18% Mean: 89.63% (+/- 1.89%)
Fold: 10 of 10 Acc: 82.35% Mean: 88.90% (+/- 2.83%)
Model Type: DenseNet201
Fold: 1 of 10 Acc: 82.86% Mean: 82.86% (+/- 0.00%)
Fold: 2 of 10 Acc: 97.14% Mean: 90.00% (+/- 7.14%)
Fold: 3 of 10 Acc: 94.12% Mean: 91.37% (+/- 6.15%)
Fold: 4 of 10 Acc: 94.12% Mean: 92.06% (+/- 5.45%)
Fold: 5 of 10 Acc: 94.12% Mean: 92.47% (+/- 4.95%)
Fold: 6 of 10 Acc: 94.12% Mean: 92.75% (+/- 4.56%)
Fold: 7 of 10 Acc: 94.12% Mean: 92.94% (+/- 4.25%)
Fold: 8 of 10 Acc: 94.12% Mean: 93.09% (+/- 3.99%)
Fold: 9 of 10 Acc: 88.24% Mean: 92.55% (+/- 4.06%)
Fold: 10 of 10 Acc: 94.12% Mean: 92.71% (+/- 3.88%)
Model Type: NASNetMobile
Fold: 1 of 10 Acc: 48.57% Mean: 48.57% (+/- 0.00%)
Fold: 2 of 10 Acc: 91.43% Mean: 70.00% (+/- 21.43%)
Fold: 3 of 10 Acc: 88.24% Mean: 76.08% (+/- 19.49%)
Fold: 4 of 10 Acc: 73.53% Mean: 75.44% (+/- 16.92%)
Fold: 5 of 10 Acc: 82.35% Mean: 76.82% (+/- 15.38%)
Fold: 6 of 10 Acc: 91.18% Mean: 79.22% (+/- 15.03%)
Fold: 7 of 10 Acc: 76.47% Mean: 78.82% (+/- 13.95%)
Fold: 8 of 10 Acc: 82.35% Mean: 79.26% (+/- 13.10%)
Fold: 9 of 10 Acc: 94.12% Mean: 80.92% (+/- 13.20%)
Fold: 10 of 10 Acc: 88.24% Mean: 81.65% (+/- 12.71%)
Model Type: MobileNetV2
Fold: 1 of 10 Acc: 48.57% Mean: 48.57% (+/- 0.00%)
Fold: 2 of 10 Acc: 71.43% Mean: 60.00% (+/- 11.43%)
Fold: 3 of 10 Acc: 67.65% Mean: 62.55% (+/- 10.00%)
Fold: 4 of 10 Acc: 91.18% Mean: 69.71% (+/- 15.12%)
Fold: 5 of 10 Acc: 88.24% Mean: 73.41% (+/- 15.42%)
Fold: 6 of 10 Acc: 76.47% Mean: 73.92% (+/- 14.13%)
Fold: 7 of 10 Acc: 82.35% Mean: 75.13% (+/- 13.41%)
Fold: 8 of 10 Acc: 82.35% Mean: 76.03% (+/- 12.77%)
Fold: 9 of 10 Acc: 76.47% Mean: 76.08% (+/- 12.04%)
Fold: 10 of 10 Acc: 76.47% Mean: 76.12% (+/- 11.42%)
Model Type: EfficientNetB0
Fold: 1 of 10 Acc: 94.29% Mean: 94.29% (+/- 0.00%)
Fold: 2 of 10 Acc: 91.43% Mean: 92.86% (+/- 1.43%)
Fold: 3 of 10 Acc: 91.18% Mean: 92.30% (+/- 1.41%)
Fold: 4 of 10 Acc: 91.18% Mean: 92.02% (+/- 1.31%)
Fold: 5 of 10 Acc: 91.18% Mean: 91.85% (+/- 1.22%)
Fold: 6 of 10 Acc: 91.18% Mean: 91.74% (+/- 1.14%)
Fold: 7 of 10 Acc: 85.29% Mean: 90.82% (+/- 2.49%)
Fold: 8 of 10 Acc: 91.18% Mean: 90.86% (+/- 2.33%)
Fold: 9 of 10 Acc: 88.24% Mean: 90.57% (+/- 2.35%)
Fold: 10 of 10 Acc: 82.35% Mean: 89.75% (+/- 3.32%)
Model Type: EfficientNetB1
Fold: 1 of 10 Acc: 91.43% Mean: 91.43% (+/- 0.00%)
Fold: 2 of 10 Acc: 94.29% Mean: 92.86% (+/- 1.43%)
Fold: 3 of 10 Acc: 94.12% Mean: 93.28% (+/- 1.31%)
Fold: 4 of 10 Acc: 94.12% Mean: 93.49% (+/- 1.19%)
Fold: 5 of 10 Acc: 94.12% Mean: 93.61% (+/- 1.09%)
Fold: 6 of 10 Acc: 94.12% Mean: 93.70% (+/- 1.02%)
Fold: 7 of 10 Acc: 88.24% Mean: 92.92% (+/- 2.13%)
Fold: 8 of 10 Acc: 88.24% Mean: 92.33% (+/- 2.52%)
Fold: 9 of 10 Acc: 94.12% Mean: 92.53% (+/- 2.44%)
Fold: 10 of 10 Acc: 94.12% Mean: 92.69% (+/- 2.37%)
Model Type: EfficientNetB2
Fold: 1 of 10 Acc: 91.43% Mean: 91.43% (+/- 0.00%)
Fold: 2 of 10 Acc: 82.86% Mean: 87.14% (+/- 4.29%)
Fold: 3 of 10 Acc: 85.29% Mean: 86.53% (+/- 3.61%)
Fold: 4 of 10 Acc: 94.12% Mean: 88.42% (+/- 4.53%)
Fold: 5 of 10 Acc: 91.18% Mean: 88.97% (+/- 4.20%)
Fold: 6 of 10 Acc: 88.24% Mean: 88.85% (+/- 3.85%)
Fold: 7 of 10 Acc: 91.18% Mean: 89.18% (+/- 3.65%)
Fold: 8 of 10 Acc: 88.24% Mean: 89.07% (+/- 3.43%)
Fold: 9 of 10 Acc: 85.29% Mean: 88.65% (+/- 3.44%)
Fold: 10 of 10 Acc: 79.41% Mean: 87.72% (+/- 4.28%)
Model Type: EfficientNetB3
Fold: 1 of 10 Acc: 97.14% Mean: 97.14% (+/- 0.00%)
Fold: 2 of 10 Acc: 88.57% Mean: 92.86% (+/- 4.29%)
Fold: 3 of 10 Acc: 88.24% Mean: 91.32% (+/- 4.12%)
Fold: 4 of 10 Acc: 91.18% Mean: 91.28% (+/- 3.57%)
Fold: 5 of 10 Acc: 88.24% Mean: 90.67% (+/- 3.42%)
Fold: 6 of 10 Acc: 94.12% Mean: 91.25% (+/- 3.37%)
Fold: 7 of 10 Acc: 94.12% Mean: 91.66% (+/- 3.28%)
Fold: 8 of 10 Acc: 85.29% Mean: 90.86% (+/- 3.72%)
Fold: 9 of 10 Acc: 91.18% Mean: 90.90% (+/- 3.51%)
Fold: 10 of 10 Acc: 97.06% Mean: 91.51% (+/- 3.81%)
Model Type: EfficientNetB4
Fold: 1 of 10 Acc: 94.29% Mean: 94.29% (+/- 0.00%)
Fold: 2 of 10 Acc: 91.43% Mean: 92.86% (+/- 1.43%)
Fold: 3 of 10 Acc: 91.18% Mean: 92.30% (+/- 1.41%)
Fold: 4 of 10 Acc: 88.24% Mean: 91.28% (+/- 2.14%)
Fold: 5 of 10 Acc: 82.35% Mean: 89.50% (+/- 4.05%)
Fold: 6 of 10 Acc: 88.24% Mean: 89.29% (+/- 3.73%)
Fold: 7 of 10 Acc: 85.29% Mean: 88.72% (+/- 3.72%)
Fold: 8 of 10 Acc: 85.29% Mean: 88.29% (+/- 3.66%)
Fold: 9 of 10 Acc: 85.29% Mean: 87.96% (+/- 3.58%)
Fold: 10 of 10 Acc: 85.29% Mean: 87.69% (+/- 3.49%)
Model Type: EfficientNetB5
