Machine: PRECISION
Date: 24/12/2022 Time: 23:47:05
Alternative Dense Layer: False
Pooling Application Layer: avg
Data Augmentation: False
Data Augmentation Multiplier: 1
Fine Tuning: True
Optimizer: rmsprop

Model Type: Xception
Fold: 1 of 10 Acc: 97.14% Mean: 97.14% (+/- 0.00%)
Fold: 2 of 10 Acc: 100.00% Mean: 98.57% (+/- 1.43%)
Fold: 3 of 10 Acc: 85.29% Mean: 94.15% (+/- 6.37%)
Fold: 4 of 10 Acc: 91.18% Mean: 93.40% (+/- 5.66%)
Fold: 5 of 10 Acc: 97.06% Mean: 94.13% (+/- 5.27%)
Fold: 6 of 10 Acc: 91.18% Mean: 93.64% (+/- 4.94%)
Fold: 7 of 10 Acc: 97.06% Mean: 94.13% (+/- 4.72%)
Fold: 8 of 10 Acc: 94.12% Mean: 94.13% (+/- 4.42%)
Fold: 9 of 10 Acc: 94.12% Mean: 94.13% (+/- 4.17%)
Fold: 10 of 10 Acc: 91.18% Mean: 93.83% (+/- 4.05%)
Model Type: VGG16
Fold: 1 of 10 Acc: 65.71% Mean: 65.71% (+/- 0.00%)
Fold: 2 of 10 Acc: 97.14% Mean: 81.43% (+/- 15.71%)
Fold: 3 of 10 Acc: 85.29% Mean: 82.72% (+/- 12.96%)
Fold: 4 of 10 Acc: 85.29% Mean: 83.36% (+/- 11.28%)
Fold: 5 of 10 Acc: 97.06% Mean: 86.10% (+/- 11.48%)
Fold: 6 of 10 Acc: 82.35% Mean: 85.48% (+/- 10.57%)
Fold: 7 of 10 Acc: 91.18% Mean: 86.29% (+/- 9.99%)
Fold: 8 of 10 Acc: 85.29% Mean: 86.17% (+/- 9.35%)
Fold: 9 of 10 Acc: 85.29% Mean: 86.07% (+/- 8.82%)
Fold: 10 of 10 Acc: 88.24% Mean: 86.29% (+/- 8.39%)
Model Type: VGG19
Fold: 1 of 10 Acc: 82.86% Mean: 82.86% (+/- 0.00%)
Fold: 2 of 10 Acc: 100.00% Mean: 91.43% (+/- 8.57%)
Fold: 3 of 10 Acc: 91.18% Mean: 91.34% (+/- 7.00%)
Fold: 4 of 10 Acc: 91.18% Mean: 91.30% (+/- 6.06%)
Fold: 5 of 10 Acc: 94.12% Mean: 91.87% (+/- 5.54%)
Fold: 6 of 10 Acc: 91.18% Mean: 91.75% (+/- 5.06%)
Fold: 7 of 10 Acc: 94.12% Mean: 92.09% (+/- 4.76%)
Fold: 8 of 10 Acc: 88.24% Mean: 91.61% (+/- 4.63%)
Fold: 9 of 10 Acc: 85.29% Mean: 90.91% (+/- 4.80%)
Fold: 10 of 10 Acc: 88.24% Mean: 90.64% (+/- 4.62%)
Model Type: ResNet50
Fold: 1 of 10 Acc: 71.43% Mean: 71.43% (+/- 0.00%)
Fold: 2 of 10 Acc: 94.29% Mean: 82.86% (+/- 11.43%)
Fold: 3 of 10 Acc: 82.35% Mean: 82.69% (+/- 9.33%)
Fold: 4 of 10 Acc: 88.24% Mean: 84.08% (+/- 8.43%)
Fold: 5 of 10 Acc: 97.06% Mean: 86.67% (+/- 9.16%)
Fold: 6 of 10 Acc: 85.29% Mean: 86.44% (+/- 8.38%)
Fold: 7 of 10 Acc: 94.12% Mean: 87.54% (+/- 8.21%)
Fold: 8 of 10 Acc: 97.06% Mean: 88.73% (+/- 8.30%)
Fold: 9 of 10 Acc: 85.29% Mean: 88.35% (+/- 7.90%)
Fold: 10 of 10 Acc: 91.18% Mean: 88.63% (+/- 7.54%)
Model Type: ResNet101
Fold: 1 of 10 Acc: 71.43% Mean: 71.43% (+/- 0.00%)
Fold: 2 of 10 Acc: 91.43% Mean: 81.43% (+/- 10.00%)
Fold: 3 of 10 Acc: 76.47% Mean: 79.78% (+/- 8.49%)
Fold: 4 of 10 Acc: 76.47% Mean: 78.95% (+/- 7.49%)
Fold: 5 of 10 Acc: 82.35% Mean: 79.63% (+/- 6.84%)
Fold: 6 of 10 Acc: 67.65% Mean: 77.63% (+/- 7.68%)
Fold: 7 of 10 Acc: 85.29% Mean: 78.73% (+/- 7.60%)
Fold: 8 of 10 Acc: 88.24% Mean: 79.92% (+/- 7.77%)
Fold: 9 of 10 Acc: 82.35% Mean: 80.19% (+/- 7.37%)
Fold: 10 of 10 Acc: 82.35% Mean: 80.40% (+/- 7.02%)
Model Type: ResNet152
Fold: 1 of 10 Acc: 74.29% Mean: 74.29% (+/- 0.00%)
Fold: 2 of 10 Acc: 88.57% Mean: 81.43% (+/- 7.14%)
Fold: 3 of 10 Acc: 82.35% Mean: 81.74% (+/- 5.85%)
Fold: 4 of 10 Acc: 88.24% Mean: 83.36% (+/- 5.79%)
Fold: 5 of 10 Acc: 91.18% Mean: 84.92% (+/- 6.05%)
Fold: 6 of 10 Acc: 85.29% Mean: 84.99% (+/- 5.53%)
Fold: 7 of 10 Acc: 94.12% Mean: 86.29% (+/- 6.03%)
Fold: 8 of 10 Acc: 85.29% Mean: 86.17% (+/- 5.65%)
Fold: 9 of 10 Acc: 79.41% Mean: 85.42% (+/- 5.74%)
Fold: 10 of 10 Acc: 85.29% Mean: 85.40% (+/- 5.44%)
Model Type: ResNet50V2
Fold: 1 of 10 Acc: 62.86% Mean: 62.86% (+/- 0.00%)
Fold: 2 of 10 Acc: 91.43% Mean: 77.14% (+/- 14.29%)
Fold: 3 of 10 Acc: 88.24% Mean: 80.84% (+/- 12.78%)
Fold: 4 of 10 Acc: 91.18% Mean: 83.42% (+/- 11.94%)
Fold: 5 of 10 Acc: 91.18% Mean: 84.97% (+/- 11.12%)
Fold: 6 of 10 Acc: 85.29% Mean: 85.03% (+/- 10.15%)
Fold: 7 of 10 Acc: 82.35% Mean: 84.65% (+/- 9.45%)
Fold: 8 of 10 Acc: 91.18% Mean: 85.46% (+/- 9.10%)
Fold: 9 of 10 Acc: 91.18% Mean: 86.10% (+/- 8.76%)
Fold: 10 of 10 Acc: 82.35% Mean: 85.72% (+/- 8.39%)
Model Type: ResNet101V2
Fold: 1 of 10 Acc: 51.43% Mean: 51.43% (+/- 0.00%)
Fold: 2 of 10 Acc: 91.43% Mean: 71.43% (+/- 20.00%)
Fold: 3 of 10 Acc: 91.18% Mean: 78.01% (+/- 18.80%)
Fold: 4 of 10 Acc: 82.35% Mean: 79.10% (+/- 16.39%)
Fold: 5 of 10 Acc: 91.18% Mean: 81.51% (+/- 15.43%)
Fold: 6 of 10 Acc: 85.29% Mean: 82.14% (+/- 14.16%)
Fold: 7 of 10 Acc: 88.24% Mean: 83.01% (+/- 13.28%)
Fold: 8 of 10 Acc: 88.24% Mean: 83.67% (+/- 12.54%)
Fold: 9 of 10 Acc: 91.18% Mean: 84.50% (+/- 12.06%)
Fold: 10 of 10 Acc: 85.29% Mean: 84.58% (+/- 11.44%)
Model Type: ResNet152V2
Fold: 1 of 10 Acc: 57.14% Mean: 57.14% (+/- 0.00%)
Fold: 2 of 10 Acc: 91.43% Mean: 74.29% (+/- 17.14%)
Fold: 3 of 10 Acc: 79.41% Mean: 75.99% (+/- 14.20%)
Fold: 4 of 10 Acc: 91.18% Mean: 79.79% (+/- 13.95%)
Fold: 5 of 10 Acc: 94.12% Mean: 82.66% (+/- 13.73%)
Fold: 6 of 10 Acc: 79.41% Mean: 82.11% (+/- 12.59%)
Fold: 7 of 10 Acc: 88.24% Mean: 82.99% (+/- 11.85%)
Fold: 8 of 10 Acc: 88.24% Mean: 83.64% (+/- 11.22%)
Fold: 9 of 10 Acc: 94.12% Mean: 84.81% (+/- 11.08%)
Fold: 10 of 10 Acc: 82.35% Mean: 84.56% (+/- 10.54%)
Model Type: InceptionV3
Fold: 1 of 10 Acc: 51.43% Mean: 51.43% (+/- 0.00%)
Fold: 2 of 10 Acc: 97.14% Mean: 74.29% (+/- 22.86%)
Fold: 3 of 10 Acc: 91.18% Mean: 79.92% (+/- 20.29%)
Fold: 4 of 10 Acc: 91.18% Mean: 82.73% (+/- 18.24%)
Fold: 5 of 10 Acc: 94.12% Mean: 85.01% (+/- 16.93%)
Fold: 6 of 10 Acc: 94.12% Mean: 86.53% (+/- 15.83%)
Fold: 7 of 10 Acc: 91.18% Mean: 87.19% (+/- 14.74%)
Fold: 8 of 10 Acc: 97.06% Mean: 88.42% (+/- 14.17%)
Fold: 9 of 10 Acc: 94.12% Mean: 89.06% (+/- 13.48%)
Fold: 10 of 10 Acc: 88.24% Mean: 88.97% (+/- 12.79%)
Model Type: InceptionResNetV2
Fold: 1 of 10 Acc: 88.57% Mean: 88.57% (+/- 0.00%)
Fold: 2 of 10 Acc: 88.57% Mean: 88.57% (+/- 0.00%)
Fold: 3 of 10 Acc: 85.29% Mean: 87.48% (+/- 1.54%)
Fold: 4 of 10 Acc: 79.41% Mean: 85.46% (+/- 3.74%)
Fold: 5 of 10 Acc: 94.12% Mean: 87.19% (+/- 4.81%)
Fold: 6 of 10 Acc: 85.29% Mean: 86.88% (+/- 4.45%)
Fold: 7 of 10 Acc: 91.18% Mean: 87.49% (+/- 4.39%)
Fold: 8 of 10 Acc: 76.47% Mean: 86.11% (+/- 5.49%)
Fold: 9 of 10 Acc: 94.12% Mean: 87.00% (+/- 5.75%)
Fold: 10 of 10 Acc: 82.35% Mean: 86.54% (+/- 5.63%)
Model Type: MobileNet
Fold: 1 of 10 Acc: 91.43% Mean: 91.43% (+/- 0.00%)
Fold: 2 of 10 Acc: 91.43% Mean: 91.43% (+/- 0.00%)
Fold: 3 of 10 Acc: 85.29% Mean: 89.38% (+/- 2.89%)
Fold: 4 of 10 Acc: 97.06% Mean: 91.30% (+/- 4.16%)
Fold: 5 of 10 Acc: 97.06% Mean: 92.45% (+/- 4.38%)
Fold: 6 of 10 Acc: 91.18% Mean: 92.24% (+/- 4.02%)
Fold: 7 of 10 Acc: 97.06% Mean: 92.93% (+/- 4.09%)
Fold: 8 of 10 Acc: 88.24% Mean: 92.34% (+/- 4.13%)
Fold: 9 of 10 Acc: 94.12% Mean: 92.54% (+/- 3.93%)
Fold: 10 of 10 Acc: 79.41% Mean: 91.23% (+/- 5.42%)
Model Type: DenseNet121
Fold: 1 of 10 Acc: 85.71% Mean: 85.71% (+/- 0.00%)
Fold: 2 of 10 Acc: 91.43% Mean: 88.57% (+/- 2.86%)
Fold: 3 of 10 Acc: 91.18% Mean: 89.44% (+/- 2.64%)
Fold: 4 of 10 Acc: 94.12% Mean: 90.61% (+/- 3.05%)
Fold: 5 of 10 Acc: 88.24% Mean: 90.13% (+/- 2.89%)
Fold: 6 of 10 Acc: 88.24% Mean: 89.82% (+/- 2.73%)
Fold: 7 of 10 Acc: 88.24% Mean: 89.59% (+/- 2.59%)
Fold: 8 of 10 Acc: 88.24% Mean: 89.42% (+/- 2.46%)
Fold: 9 of 10 Acc: 85.29% Mean: 88.96% (+/- 2.66%)
Fold: 10 of 10 Acc: 85.29% Mean: 88.60% (+/- 2.75%)
Model Type: DenseNet169
Fold: 1 of 10 Acc: 94.29% Mean: 94.29% (+/- 0.00%)
Fold: 2 of 10 Acc: 94.29% Mean: 94.29% (+/- 0.00%)
Fold: 3 of 10 Acc: 88.24% Mean: 92.27% (+/- 2.85%)
Fold: 4 of 10 Acc: 85.29% Mean: 90.53% (+/- 3.90%)
Fold: 5 of 10 Acc: 94.12% Mean: 91.24% (+/- 3.77%)
Fold: 6 of 10 Acc: 85.29% Mean: 90.25% (+/- 4.10%)
Fold: 7 of 10 Acc: 91.18% Mean: 90.38% (+/- 3.81%)
Fold: 8 of 10 Acc: 91.18% Mean: 90.48% (+/- 3.57%)
Fold: 9 of 10 Acc: 91.18% Mean: 90.56% (+/- 3.37%)
Fold: 10 of 10 Acc: 88.24% Mean: 90.33% (+/- 3.28%)
Model Type: DenseNet201
Fold: 1 of 10 Acc: 88.57% Mean: 88.57% (+/- 0.00%)
Fold: 2 of 10 Acc: 97.14% Mean: 92.86% (+/- 4.29%)
Fold: 3 of 10 Acc: 91.18% Mean: 92.30% (+/- 3.59%)
Fold: 4 of 10 Acc: 94.12% Mean: 92.75% (+/- 3.21%)
Fold: 5 of 10 Acc: 94.12% Mean: 93.03% (+/- 2.92%)
Fold: 6 of 10 Acc: 94.12% Mean: 93.21% (+/- 2.70%)
Fold: 7 of 10 Acc: 88.24% Mean: 92.50% (+/- 3.04%)
Fold: 8 of 10 Acc: 94.12% Mean: 92.70% (+/- 2.90%)
Fold: 9 of 10 Acc: 91.18% Mean: 92.53% (+/- 2.77%)
Fold: 10 of 10 Acc: 91.18% Mean: 92.39% (+/- 2.66%)
Model Type: NASNetMobile
Fold: 1 of 10 Acc: 51.43% Mean: 51.43% (+/- 0.00%)
Fold: 2 of 10 Acc: 60.00% Mean: 55.71% (+/- 4.29%)
Fold: 3 of 10 Acc: 91.18% Mean: 67.54% (+/- 17.08%)
Fold: 4 of 10 Acc: 58.82% Mean: 65.36% (+/- 15.26%)
Fold: 5 of 10 Acc: 79.41% Mean: 68.17% (+/- 14.77%)
Fold: 6 of 10 Acc: 61.76% Mean: 67.10% (+/- 13.69%)
Fold: 7 of 10 Acc: 61.76% Mean: 66.34% (+/- 12.81%)
Fold: 8 of 10 Acc: 67.65% Mean: 66.50% (+/- 11.99%)
Fold: 9 of 10 Acc: 50.00% Mean: 64.67% (+/- 12.44%)
Fold: 10 of 10 Acc: 70.59% Mean: 65.26% (+/- 11.93%)
Model Type: MobileNetV2
Fold: 1 of 10 Acc: 48.57% Mean: 48.57% (+/- 0.00%)
Fold: 2 of 10 Acc: 68.57% Mean: 58.57% (+/- 10.00%)
Fold: 3 of 10 Acc: 70.59% Mean: 62.58% (+/- 9.94%)
Fold: 4 of 10 Acc: 88.24% Mean: 68.99% (+/- 14.05%)
Fold: 5 of 10 Acc: 91.18% Mean: 73.43% (+/- 15.39%)
Fold: 6 of 10 Acc: 76.47% Mean: 73.94% (+/- 14.09%)
Fold: 7 of 10 Acc: 82.35% Mean: 75.14% (+/- 13.37%)
Fold: 8 of 10 Acc: 85.29% Mean: 76.41% (+/- 12.95%)
Fold: 9 of 10 Acc: 88.24% Mean: 77.72% (+/- 12.77%)
Fold: 10 of 10 Acc: 73.53% Mean: 77.30% (+/- 12.18%)
Model Type: EfficientNetB0
Fold: 1 of 10 Acc: 94.29% Mean: 94.29% (+/- 0.00%)
Fold: 2 of 10 Acc: 100.00% Mean: 97.14% (+/- 2.86%)
Fold: 3 of 10 Acc: 88.24% Mean: 94.17% (+/- 4.80%)
Fold: 4 of 10 Acc: 94.12% Mean: 94.16% (+/- 4.16%)
Fold: 5 of 10 Acc: 97.06% Mean: 94.74% (+/- 3.90%)
Fold: 6 of 10 Acc: 94.12% Mean: 94.64% (+/- 3.57%)
Fold: 7 of 10 Acc: 85.29% Mean: 93.30% (+/- 4.65%)
Fold: 8 of 10 Acc: 88.24% Mean: 92.67% (+/- 4.66%)
Fold: 9 of 10 Acc: 91.18% Mean: 92.50% (+/- 4.42%)
Fold: 10 of 10 Acc: 91.18% Mean: 92.37% (+/- 4.21%)
Model Type: EfficientNetB1
Fold: 1 of 10 Acc: 88.57% Mean: 88.57% (+/- 0.00%)
Fold: 2 of 10 Acc: 91.43% Mean: 90.00% (+/- 1.43%)
Fold: 3 of 10 Acc: 85.29% Mean: 88.43% (+/- 2.51%)
Fold: 4 of 10 Acc: 94.12% Mean: 89.85% (+/- 3.28%)
Fold: 5 of 10 Acc: 88.24% Mean: 89.53% (+/- 3.01%)
Fold: 6 of 10 Acc: 88.24% Mean: 89.31% (+/- 2.79%)
Fold: 7 of 10 Acc: 85.29% Mean: 88.74% (+/- 2.94%)
Fold: 8 of 10 Acc: 85.29% Mean: 88.31% (+/- 2.98%)
Fold: 9 of 10 Acc: 88.24% Mean: 88.30% (+/- 2.81%)
Fold: 10 of 10 Acc: 88.24% Mean: 88.29% (+/- 2.66%)
Model Type: EfficientNetB2
Fold: 1 of 10 Acc: 94.29% Mean: 94.29% (+/- 0.00%)
Fold: 2 of 10 Acc: 82.86% Mean: 88.57% (+/- 5.71%)
Fold: 3 of 10 Acc: 88.24% Mean: 88.46% (+/- 4.67%)
Fold: 4 of 10 Acc: 91.18% Mean: 89.14% (+/- 4.21%)
Fold: 5 of 10 Acc: 88.24% Mean: 88.96% (+/- 3.78%)
Fold: 6 of 10 Acc: 85.29% Mean: 88.35% (+/- 3.71%)
Fold: 7 of 10 Acc: 94.12% Mean: 89.17% (+/- 3.99%)
Fold: 8 of 10 Acc: 91.18% Mean: 89.42% (+/- 3.79%)
Fold: 9 of 10 Acc: 85.29% Mean: 88.96% (+/- 3.80%)
Fold: 10 of 10 Acc: 94.12% Mean: 89.48% (+/- 3.92%)
Model Type: EfficientNetB3
Fold: 1 of 10 Acc: 88.57% Mean: 88.57% (+/- 0.00%)
Fold: 2 of 10 Acc: 88.57% Mean: 88.57% (+/- 0.00%)
Fold: 3 of 10 Acc: 91.18% Mean: 89.44% (+/- 1.23%)
Fold: 4 of 10 Acc: 91.18% Mean: 89.87% (+/- 1.30%)
Fold: 5 of 10 Acc: 88.24% Mean: 89.55% (+/- 1.34%)
Fold: 6 of 10 Acc: 91.18% Mean: 89.82% (+/- 1.36%)
Fold: 7 of 10 Acc: 91.18% Mean: 90.01% (+/- 1.35%)
Fold: 8 of 10 Acc: 79.41% Mean: 88.69% (+/- 3.73%)
Fold: 9 of 10 Acc: 91.18% Mean: 88.96% (+/- 3.60%)
Fold: 10 of 10 Acc: 91.18% Mean: 89.18% (+/- 3.48%)
Model Type: EfficientNetB4
Fold: 1 of 10 Acc: 97.14% Mean: 97.14% (+/- 0.00%)
Fold: 2 of 10 Acc: 91.43% Mean: 94.29% (+/- 2.86%)
Fold: 3 of 10 Acc: 88.24% Mean: 92.27% (+/- 3.68%)
Fold: 4 of 10 Acc: 91.18% Mean: 92.00% (+/- 3.23%)
Fold: 5 of 10 Acc: 85.29% Mean: 90.66% (+/- 3.94%)
Fold: 6 of 10 Acc: 88.24% Mean: 90.25% (+/- 3.71%)
Fold: 7 of 10 Acc: 85.29% Mean: 89.54% (+/- 3.85%)
Fold: 8 of 10 Acc: 82.35% Mean: 88.64% (+/- 4.31%)
Fold: 9 of 10 Acc: 85.29% Mean: 88.27% (+/- 4.20%)
Fold: 10 of 10 Acc: 88.24% Mean: 88.27% (+/- 3.98%)
Model Type: EfficientNetB5
