Machine: PRECISION
Date: 25/01/2020 Time: 00:28:29
Alternative Dense Layer: False
Pooling Application Layer: avg
Data Augmentation: False
Data Augmentation Multiplier: 1
Fine Tuning: False
Optimizer: rmsprop

Model Type: Xception
Fold: 1 of 10 Acc: 51.43% Mean: 51.43% (+/- 0.00%)
Fold: 2 of 10 Acc: 45.71% Mean: 48.57% (+/- 2.86%)
Fold: 3 of 10 Acc: 41.18% Mean: 46.11% (+/- 4.19%)
Fold: 4 of 10 Acc: 61.76% Mean: 50.02% (+/- 7.69%)
Fold: 5 of 10 Acc: 52.94% Mean: 50.61% (+/- 6.98%)
Fold: 6 of 10 Acc: 52.94% Mean: 50.99% (+/- 6.43%)
Fold: 7 of 10 Acc: 47.06% Mean: 50.43% (+/- 6.11%)
Fold: 8 of 10 Acc: 44.12% Mean: 49.64% (+/- 6.08%)
Fold: 9 of 10 Acc: 70.59% Mean: 51.97% (+/- 8.73%)
Fold: 10 of 10 Acc: 44.12% Mean: 51.18% (+/- 8.61%)
Model Type: VGG16
Fold: 1 of 10 Acc: 91.43% Mean: 91.43% (+/- 0.00%)
Fold: 2 of 10 Acc: 68.57% Mean: 80.00% (+/- 11.43%)
Fold: 3 of 10 Acc: 67.65% Mean: 75.88% (+/- 11.00%)
Fold: 4 of 10 Acc: 70.59% Mean: 74.56% (+/- 9.80%)
Fold: 5 of 10 Acc: 79.41% Mean: 75.53% (+/- 8.98%)
Fold: 6 of 10 Acc: 85.29% Mean: 77.16% (+/- 8.97%)
Fold: 7 of 10 Acc: 76.47% Mean: 77.06% (+/- 8.30%)
Fold: 8 of 10 Acc: 73.53% Mean: 76.62% (+/- 7.85%)
Fold: 9 of 10 Acc: 82.35% Mean: 77.25% (+/- 7.62%)
Fold: 10 of 10 Acc: 73.53% Mean: 76.88% (+/- 7.32%)
Model Type: VGG19
Fold: 1 of 10 Acc: 77.14% Mean: 77.14% (+/- 0.00%)
Fold: 2 of 10 Acc: 74.29% Mean: 75.71% (+/- 1.43%)
Fold: 3 of 10 Acc: 79.41% Mean: 76.95% (+/- 2.10%)
Fold: 4 of 10 Acc: 79.41% Mean: 77.56% (+/- 2.11%)
Fold: 5 of 10 Acc: 67.65% Mean: 75.58% (+/- 4.39%)
Fold: 6 of 10 Acc: 70.59% Mean: 74.75% (+/- 4.42%)
Fold: 7 of 10 Acc: 79.41% Mean: 75.41% (+/- 4.40%)
Fold: 8 of 10 Acc: 67.65% Mean: 74.44% (+/- 4.86%)
Fold: 9 of 10 Acc: 79.41% Mean: 75.00% (+/- 4.84%)
Fold: 10 of 10 Acc: 64.71% Mean: 73.97% (+/- 5.53%)
Model Type: ResNet50
Fold: 1 of 10 Acc: 51.43% Mean: 51.43% (+/- 0.00%)
Fold: 2 of 10 Acc: 45.71% Mean: 48.57% (+/- 2.86%)
Fold: 3 of 10 Acc: 41.18% Mean: 46.11% (+/- 4.19%)
Fold: 4 of 10 Acc: 61.76% Mean: 50.02% (+/- 7.69%)
Fold: 5 of 10 Acc: 52.94% Mean: 50.61% (+/- 6.98%)
Fold: 6 of 10 Acc: 52.94% Mean: 50.99% (+/- 6.43%)
Fold: 7 of 10 Acc: 47.06% Mean: 50.43% (+/- 6.11%)
Fold: 8 of 10 Acc: 44.12% Mean: 49.64% (+/- 6.08%)
Fold: 9 of 10 Acc: 70.59% Mean: 51.97% (+/- 8.73%)
Fold: 10 of 10 Acc: 44.12% Mean: 51.18% (+/- 8.61%)
Model Type: ResNet101
Fold: 1 of 10 Acc: 48.57% Mean: 48.57% (+/- 0.00%)
Fold: 2 of 10 Acc: 54.29% Mean: 51.43% (+/- 2.86%)
Fold: 3 of 10 Acc: 47.06% Mean: 49.97% (+/- 3.11%)
Fold: 4 of 10 Acc: 61.76% Mean: 52.92% (+/- 5.77%)
Fold: 5 of 10 Acc: 50.00% Mean: 52.34% (+/- 5.29%)
Fold: 6 of 10 Acc: 44.12% Mean: 50.97% (+/- 5.72%)
Fold: 7 of 10 Acc: 50.00% Mean: 50.83% (+/- 5.31%)
Fold: 8 of 10 Acc: 38.24% Mean: 49.25% (+/- 6.48%)
Fold: 9 of 10 Acc: 67.65% Mean: 51.30% (+/- 8.41%)
Fold: 10 of 10 Acc: 47.06% Mean: 50.87% (+/- 8.08%)
Model Type: ResNet152
Fold: 1 of 10 Acc: 48.57% Mean: 48.57% (+/- 0.00%)
Fold: 2 of 10 Acc: 54.29% Mean: 51.43% (+/- 2.86%)
Fold: 3 of 10 Acc: 47.06% Mean: 49.97% (+/- 3.11%)
Fold: 4 of 10 Acc: 61.76% Mean: 52.92% (+/- 5.77%)
Fold: 5 of 10 Acc: 50.00% Mean: 52.34% (+/- 5.29%)
Fold: 6 of 10 Acc: 47.06% Mean: 51.46% (+/- 5.22%)
Fold: 7 of 10 Acc: 50.00% Mean: 51.25% (+/- 4.86%)
Fold: 8 of 10 Acc: 38.24% Mean: 49.62% (+/- 6.26%)
Fold: 9 of 10 Acc: 67.65% Mean: 51.62% (+/- 8.18%)
Fold: 10 of 10 Acc: 47.06% Mean: 51.17% (+/- 7.88%)
Model Type: ResNet50V2
Fold: 1 of 10 Acc: 65.71% Mean: 65.71% (+/- 0.00%)
Fold: 2 of 10 Acc: 28.57% Mean: 47.14% (+/- 18.57%)
Fold: 3 of 10 Acc: 44.12% Mean: 46.13% (+/- 15.23%)
Fold: 4 of 10 Acc: 50.00% Mean: 47.10% (+/- 13.30%)
Fold: 5 of 10 Acc: 61.76% Mean: 50.03% (+/- 13.26%)
Fold: 6 of 10 Acc: 50.00% Mean: 50.03% (+/- 12.10%)
Fold: 7 of 10 Acc: 52.94% Mean: 50.44% (+/- 11.25%)
Fold: 8 of 10 Acc: 44.12% Mean: 49.65% (+/- 10.73%)
Fold: 9 of 10 Acc: 67.65% Mean: 51.65% (+/- 11.59%)
Fold: 10 of 10 Acc: 47.06% Mean: 51.19% (+/- 11.08%)
Model Type: ResNet101V2
Fold: 1 of 10 Acc: 57.14% Mean: 57.14% (+/- 0.00%)
Fold: 2 of 10 Acc: 42.86% Mean: 50.00% (+/- 7.14%)
Fold: 3 of 10 Acc: 52.94% Mean: 50.98% (+/- 5.99%)
Fold: 4 of 10 Acc: 44.12% Mean: 49.26% (+/- 5.98%)
Fold: 5 of 10 Acc: 55.88% Mean: 50.59% (+/- 5.97%)
Fold: 6 of 10 Acc: 50.00% Mean: 50.49% (+/- 5.45%)
Fold: 7 of 10 Acc: 55.88% Mean: 51.26% (+/- 5.39%)
Fold: 8 of 10 Acc: 38.24% Mean: 49.63% (+/- 6.63%)
Fold: 9 of 10 Acc: 67.65% Mean: 51.63% (+/- 8.43%)
Fold: 10 of 10 Acc: 47.06% Mean: 51.18% (+/- 8.12%)
Model Type: ResNet152V2
Fold: 1 of 10 Acc: 65.71% Mean: 65.71% (+/- 0.00%)
Fold: 2 of 10 Acc: 28.57% Mean: 47.14% (+/- 18.57%)
Fold: 3 of 10 Acc: 44.12% Mean: 46.13% (+/- 15.23%)
Fold: 4 of 10 Acc: 52.94% Mean: 47.84% (+/- 13.52%)
Fold: 5 of 10 Acc: 67.65% Mean: 51.80% (+/- 14.45%)
Fold: 6 of 10 Acc: 52.94% Mean: 51.99% (+/- 13.20%)
Fold: 7 of 10 Acc: 55.88% Mean: 52.55% (+/- 12.30%)
Fold: 8 of 10 Acc: 44.12% Mean: 51.49% (+/- 11.84%)
Fold: 9 of 10 Acc: 67.65% Mean: 53.29% (+/- 12.26%)
Fold: 10 of 10 Acc: 52.94% Mean: 53.25% (+/- 11.63%)
Model Type: InceptionV3
Fold: 1 of 10 Acc: 51.43% Mean: 51.43% (+/- 0.00%)
Fold: 2 of 10 Acc: 45.71% Mean: 48.57% (+/- 2.86%)
Fold: 3 of 10 Acc: 41.18% Mean: 46.11% (+/- 4.19%)
Fold: 4 of 10 Acc: 61.76% Mean: 50.02% (+/- 7.69%)
Fold: 5 of 10 Acc: 52.94% Mean: 50.61% (+/- 6.98%)
Fold: 6 of 10 Acc: 52.94% Mean: 50.99% (+/- 6.43%)
Fold: 7 of 10 Acc: 47.06% Mean: 50.43% (+/- 6.11%)
Fold: 8 of 10 Acc: 44.12% Mean: 49.64% (+/- 6.08%)
Fold: 9 of 10 Acc: 70.59% Mean: 51.97% (+/- 8.73%)
Fold: 10 of 10 Acc: 44.12% Mean: 51.18% (+/- 8.61%)
Model Type: InceptionResNetV2
Fold: 1 of 10 Acc: 65.71% Mean: 65.71% (+/- 0.00%)
Fold: 2 of 10 Acc: 28.57% Mean: 47.14% (+/- 18.57%)
Fold: 3 of 10 Acc: 44.12% Mean: 46.13% (+/- 15.23%)
Fold: 4 of 10 Acc: 50.00% Mean: 47.10% (+/- 13.30%)
Fold: 5 of 10 Acc: 61.76% Mean: 50.03% (+/- 13.26%)
Fold: 6 of 10 Acc: 50.00% Mean: 50.03% (+/- 12.10%)
Fold: 7 of 10 Acc: 52.94% Mean: 50.44% (+/- 11.25%)
Fold: 8 of 10 Acc: 44.12% Mean: 49.65% (+/- 10.73%)
Fold: 9 of 10 Acc: 67.65% Mean: 51.65% (+/- 11.59%)
Fold: 10 of 10 Acc: 47.06% Mean: 51.19% (+/- 11.08%)
Model Type: MobileNet
Fold: 1 of 10 Acc: 51.43% Mean: 51.43% (+/- 0.00%)
Fold: 2 of 10 Acc: 45.71% Mean: 48.57% (+/- 2.86%)
Fold: 3 of 10 Acc: 41.18% Mean: 46.11% (+/- 4.19%)
Fold: 4 of 10 Acc: 61.76% Mean: 50.02% (+/- 7.69%)
Fold: 5 of 10 Acc: 52.94% Mean: 50.61% (+/- 6.98%)
Fold: 6 of 10 Acc: 52.94% Mean: 50.99% (+/- 6.43%)
Fold: 7 of 10 Acc: 47.06% Mean: 50.43% (+/- 6.11%)
Fold: 8 of 10 Acc: 44.12% Mean: 49.64% (+/- 6.08%)
Fold: 9 of 10 Acc: 70.59% Mean: 51.97% (+/- 8.73%)
Fold: 10 of 10 Acc: 44.12% Mean: 51.18% (+/- 8.61%)
Model Type: DenseNet121
Fold: 1 of 10 Acc: 51.43% Mean: 51.43% (+/- 0.00%)
Fold: 2 of 10 Acc: 45.71% Mean: 48.57% (+/- 2.86%)
Fold: 3 of 10 Acc: 41.18% Mean: 46.11% (+/- 4.19%)
Fold: 4 of 10 Acc: 61.76% Mean: 50.02% (+/- 7.69%)
Fold: 5 of 10 Acc: 52.94% Mean: 50.61% (+/- 6.98%)
Fold: 6 of 10 Acc: 52.94% Mean: 50.99% (+/- 6.43%)
Fold: 7 of 10 Acc: 47.06% Mean: 50.43% (+/- 6.11%)
Fold: 8 of 10 Acc: 44.12% Mean: 49.64% (+/- 6.08%)
Fold: 9 of 10 Acc: 70.59% Mean: 51.97% (+/- 8.73%)
Fold: 10 of 10 Acc: 44.12% Mean: 51.18% (+/- 8.61%)
Model Type: DenseNet169
Fold: 1 of 10 Acc: 57.14% Mean: 57.14% (+/- 0.00%)
Fold: 2 of 10 Acc: 42.86% Mean: 50.00% (+/- 7.14%)
Fold: 3 of 10 Acc: 58.82% Mean: 52.94% (+/- 7.16%)
Fold: 4 of 10 Acc: 44.12% Mean: 50.74% (+/- 7.29%)
Fold: 5 of 10 Acc: 55.88% Mean: 51.76% (+/- 6.83%)
Fold: 6 of 10 Acc: 47.06% Mean: 50.98% (+/- 6.48%)
Fold: 7 of 10 Acc: 58.82% Mean: 52.10% (+/- 6.60%)
Fold: 8 of 10 Acc: 38.24% Mean: 50.37% (+/- 7.69%)
Fold: 9 of 10 Acc: 32.35% Mean: 48.37% (+/- 9.20%)
Fold: 10 of 10 Acc: 47.06% Mean: 48.24% (+/- 8.73%)
Model Type: DenseNet201
Fold: 1 of 10 Acc: 51.43% Mean: 51.43% (+/- 0.00%)
Fold: 2 of 10 Acc: 51.43% Mean: 51.43% (+/- 0.00%)
Fold: 3 of 10 Acc: 50.00% Mean: 50.95% (+/- 0.67%)
Fold: 4 of 10 Acc: 61.76% Mean: 53.66% (+/- 4.72%)
Fold: 5 of 10 Acc: 47.06% Mean: 52.34% (+/- 4.98%)
Fold: 6 of 10 Acc: 44.12% Mean: 50.97% (+/- 5.48%)
Fold: 7 of 10 Acc: 55.88% Mean: 51.67% (+/- 5.36%)
Fold: 8 of 10 Acc: 32.35% Mean: 49.25% (+/- 8.12%)
Fold: 9 of 10 Acc: 67.65% Mean: 51.30% (+/- 9.59%)
Fold: 10 of 10 Acc: 52.94% Mean: 51.46% (+/- 9.11%)
Model Type: NASNetMobile
Fold: 1 of 10 Acc: 65.71% Mean: 65.71% (+/- 0.00%)
Fold: 2 of 10 Acc: 28.57% Mean: 47.14% (+/- 18.57%)
Fold: 3 of 10 Acc: 44.12% Mean: 46.13% (+/- 15.23%)
Fold: 4 of 10 Acc: 50.00% Mean: 47.10% (+/- 13.30%)
Fold: 5 of 10 Acc: 61.76% Mean: 50.03% (+/- 13.26%)
Fold: 6 of 10 Acc: 50.00% Mean: 50.03% (+/- 12.10%)
Fold: 7 of 10 Acc: 44.12% Mean: 49.18% (+/- 11.40%)
Fold: 8 of 10 Acc: 32.35% Mean: 47.08% (+/- 12.03%)
Fold: 9 of 10 Acc: 67.65% Mean: 49.37% (+/- 13.05%)
Fold: 10 of 10 Acc: 47.06% Mean: 49.13% (+/- 12.40%)
Model Type: MobileNetV2
Fold: 1 of 10 Acc: 65.71% Mean: 65.71% (+/- 0.00%)
Fold: 2 of 10 Acc: 28.57% Mean: 47.14% (+/- 18.57%)
Fold: 3 of 10 Acc: 44.12% Mean: 46.13% (+/- 15.23%)
Fold: 4 of 10 Acc: 50.00% Mean: 47.10% (+/- 13.30%)
Fold: 5 of 10 Acc: 61.76% Mean: 50.03% (+/- 13.26%)
Fold: 6 of 10 Acc: 50.00% Mean: 50.03% (+/- 12.10%)
Fold: 7 of 10 Acc: 52.94% Mean: 50.44% (+/- 11.25%)
Fold: 8 of 10 Acc: 44.12% Mean: 49.65% (+/- 10.73%)
Fold: 9 of 10 Acc: 67.65% Mean: 51.65% (+/- 11.59%)
Fold: 10 of 10 Acc: 47.06% Mean: 51.19% (+/- 11.08%)
