Machine: PRECISION
Date: 22/01/2020 Time: 11:31:14
Alternative Dense Layer: False
Pooling Application Layer: avg
Data Augmentation: False
Data Augmentation Multiplier: 1
Fine Tuning: True
Optimizer: rmsprop

Model Type: Xception
Fold: 1 of 10 Acc: 82.86% Mean: 82.86% (+/- 0.00%)
Fold: 2 of 10 Acc: 100.00% Mean: 91.43% (+/- 8.57%)
Fold: 3 of 10 Acc: 97.06% Mean: 93.31% (+/- 7.48%)
Fold: 4 of 10 Acc: 88.24% Mean: 92.04% (+/- 6.84%)
Fold: 5 of 10 Acc: 97.06% Mean: 93.04% (+/- 6.44%)
Fold: 6 of 10 Acc: 88.24% Mean: 92.24% (+/- 6.15%)
Fold: 7 of 10 Acc: 91.18% Mean: 92.09% (+/- 5.70%)
Fold: 8 of 10 Acc: 88.24% Mean: 91.61% (+/- 5.49%)
Fold: 9 of 10 Acc: 94.12% Mean: 91.89% (+/- 5.23%)
Fold: 10 of 10 Acc: 94.12% Mean: 92.11% (+/- 5.01%)
Model Type: VGG16
Fold: 1 of 10 Acc: 48.57% Mean: 48.57% (+/- 0.00%)
Fold: 2 of 10 Acc: 97.14% Mean: 72.86% (+/- 24.29%)
Fold: 3 of 10 Acc: 88.24% Mean: 77.98% (+/- 21.11%)
Fold: 4 of 10 Acc: 79.41% Mean: 78.34% (+/- 18.29%)
Fold: 5 of 10 Acc: 91.18% Mean: 80.91% (+/- 17.15%)
Fold: 6 of 10 Acc: 91.18% Mean: 82.62% (+/- 16.12%)
Fold: 7 of 10 Acc: 88.24% Mean: 83.42% (+/- 15.05%)
Fold: 8 of 10 Acc: 91.18% Mean: 84.39% (+/- 14.31%)
Fold: 9 of 10 Acc: 85.29% Mean: 84.49% (+/- 13.49%)
Fold: 10 of 10 Acc: 91.18% Mean: 85.16% (+/- 12.96%)
Model Type: VGG19
Fold: 1 of 10 Acc: 48.57% Mean: 48.57% (+/- 0.00%)
Fold: 2 of 10 Acc: 91.43% Mean: 70.00% (+/- 21.43%)
Fold: 3 of 10 Acc: 97.06% Mean: 79.02% (+/- 21.65%)
Fold: 4 of 10 Acc: 76.47% Mean: 78.38% (+/- 18.78%)
Fold: 5 of 10 Acc: 94.12% Mean: 81.53% (+/- 17.94%)
Fold: 6 of 10 Acc: 88.24% Mean: 82.65% (+/- 16.57%)
Fold: 7 of 10 Acc: 91.18% Mean: 83.87% (+/- 15.63%)
Fold: 8 of 10 Acc: 85.29% Mean: 84.04% (+/- 14.62%)
Fold: 9 of 10 Acc: 88.24% Mean: 84.51% (+/- 13.85%)
Fold: 10 of 10 Acc: 91.18% Mean: 85.18% (+/- 13.29%)
Model Type: ResNet50
Fold: 1 of 10 Acc: 57.14% Mean: 57.14% (+/- 0.00%)
Fold: 2 of 10 Acc: 40.00% Mean: 48.57% (+/- 8.57%)
Fold: 3 of 10 Acc: 52.94% Mean: 50.03% (+/- 7.30%)
Fold: 4 of 10 Acc: 44.12% Mean: 48.55% (+/- 6.82%)
Fold: 5 of 10 Acc: 55.88% Mean: 50.02% (+/- 6.77%)
Fold: 6 of 10 Acc: 55.88% Mean: 50.99% (+/- 6.55%)
Fold: 7 of 10 Acc: 58.82% Mean: 52.11% (+/- 6.66%)
Fold: 8 of 10 Acc: 38.24% Mean: 50.38% (+/- 7.73%)
Fold: 9 of 10 Acc: 67.65% Mean: 52.30% (+/- 9.09%)
Fold: 10 of 10 Acc: 47.06% Mean: 51.77% (+/- 8.77%)
Model Type: ResNet101
Fold: 1 of 10 Acc: 57.14% Mean: 57.14% (+/- 0.00%)
Fold: 2 of 10 Acc: 60.00% Mean: 58.57% (+/- 1.43%)
Fold: 3 of 10 Acc: 61.76% Mean: 59.64% (+/- 1.90%)
Fold: 4 of 10 Acc: 44.12% Mean: 55.76% (+/- 6.92%)
Fold: 5 of 10 Acc: 47.06% Mean: 54.02% (+/- 7.10%)
Fold: 6 of 10 Acc: 58.82% Mean: 54.82% (+/- 6.72%)
Fold: 7 of 10 Acc: 44.12% Mean: 53.29% (+/- 7.26%)
Fold: 8 of 10 Acc: 61.76% Mean: 54.35% (+/- 7.35%)
Fold: 9 of 10 Acc: 38.24% Mean: 52.56% (+/- 8.58%)
Fold: 10 of 10 Acc: 41.18% Mean: 51.42% (+/- 8.83%)
Model Type: ResNet152
Fold: 1 of 10 Acc: 42.86% Mean: 42.86% (+/- 0.00%)
Fold: 2 of 10 Acc: 51.43% Mean: 47.14% (+/- 4.29%)
Fold: 3 of 10 Acc: 52.94% Mean: 49.08% (+/- 4.44%)
Fold: 4 of 10 Acc: 38.24% Mean: 46.37% (+/- 6.07%)
Fold: 5 of 10 Acc: 50.00% Mean: 47.09% (+/- 5.62%)
Fold: 6 of 10 Acc: 47.06% Mean: 47.09% (+/- 5.13%)
Fold: 7 of 10 Acc: 52.94% Mean: 47.92% (+/- 5.17%)
Fold: 8 of 10 Acc: 50.00% Mean: 48.18% (+/- 4.89%)
Fold: 9 of 10 Acc: 41.18% Mean: 47.40% (+/- 5.11%)
Fold: 10 of 10 Acc: 47.06% Mean: 47.37% (+/- 4.85%)
Model Type: ResNet50V2
Fold: 1 of 10 Acc: 51.43% Mean: 51.43% (+/- 0.00%)
Fold: 2 of 10 Acc: 45.71% Mean: 48.57% (+/- 2.86%)
Fold: 3 of 10 Acc: 44.12% Mean: 47.09% (+/- 3.14%)
Fold: 4 of 10 Acc: 91.18% Mean: 58.11% (+/- 19.28%)
Fold: 5 of 10 Acc: 88.24% Mean: 64.13% (+/- 21.04%)
Fold: 6 of 10 Acc: 41.18% Mean: 60.31% (+/- 21.03%)
Fold: 7 of 10 Acc: 88.24% Mean: 64.30% (+/- 21.78%)
Fold: 8 of 10 Acc: 55.88% Mean: 63.25% (+/- 20.56%)
Fold: 9 of 10 Acc: 94.12% Mean: 66.68% (+/- 21.68%)
Fold: 10 of 10 Acc: 97.06% Mean: 69.71% (+/- 22.50%)
Model Type: ResNet101V2
Fold: 1 of 10 Acc: 51.43% Mean: 51.43% (+/- 0.00%)
Fold: 2 of 10 Acc: 51.43% Mean: 51.43% (+/- 0.00%)
Fold: 3 of 10 Acc: 50.00% Mean: 50.95% (+/- 0.67%)
Fold: 4 of 10 Acc: 58.82% Mean: 52.92% (+/- 3.46%)
Fold: 5 of 10 Acc: 47.06% Mean: 51.75% (+/- 3.88%)
Fold: 6 of 10 Acc: 44.12% Mean: 50.48% (+/- 4.54%)
Fold: 7 of 10 Acc: 58.82% Mean: 51.67% (+/- 5.12%)
Fold: 8 of 10 Acc: 32.35% Mean: 49.25% (+/- 7.98%)
Fold: 9 of 10 Acc: 67.65% Mean: 51.30% (+/- 9.49%)
Fold: 10 of 10 Acc: 52.94% Mean: 51.46% (+/- 9.02%)
Model Type: ResNet152V2
Fold: 1 of 10 Acc: 51.43% Mean: 51.43% (+/- 0.00%)
Fold: 2 of 10 Acc: 54.29% Mean: 52.86% (+/- 1.43%)
Fold: 3 of 10 Acc: 47.06% Mean: 50.92% (+/- 2.97%)
Fold: 4 of 10 Acc: 61.76% Mean: 53.63% (+/- 5.35%)
Fold: 5 of 10 Acc: 50.00% Mean: 52.91% (+/- 5.00%)
Fold: 6 of 10 Acc: 55.88% Mean: 53.40% (+/- 4.70%)
Fold: 7 of 10 Acc: 52.94% Mean: 53.34% (+/- 4.35%)
Fold: 8 of 10 Acc: 58.82% Mean: 54.02% (+/- 4.46%)
Fold: 9 of 10 Acc: 67.65% Mean: 55.54% (+/- 6.00%)
Fold: 10 of 10 Acc: 47.06% Mean: 54.69% (+/- 6.24%)
Model Type: InceptionV3
Fold: 1 of 10 Acc: 85.71% Mean: 85.71% (+/- 0.00%)
Fold: 2 of 10 Acc: 88.57% Mean: 87.14% (+/- 1.43%)
Fold: 3 of 10 Acc: 94.12% Mean: 89.47% (+/- 3.49%)
Fold: 4 of 10 Acc: 94.12% Mean: 90.63% (+/- 3.63%)
Fold: 5 of 10 Acc: 88.24% Mean: 90.15% (+/- 3.39%)
Fold: 6 of 10 Acc: 88.24% Mean: 89.83% (+/- 3.17%)
Fold: 7 of 10 Acc: 91.18% Mean: 90.02% (+/- 2.97%)
Fold: 8 of 10 Acc: 82.35% Mean: 89.07% (+/- 3.77%)
Fold: 9 of 10 Acc: 88.24% Mean: 88.97% (+/- 3.56%)
Fold: 10 of 10 Acc: 88.24% Mean: 88.90% (+/- 3.38%)
Model Type: InceptionResNetV2
Fold: 1 of 10 Acc: 80.00% Mean: 80.00% (+/- 0.00%)
Fold: 2 of 10 Acc: 74.29% Mean: 77.14% (+/- 2.86%)
Fold: 3 of 10 Acc: 82.35% Mean: 78.88% (+/- 3.39%)
Fold: 4 of 10 Acc: 82.35% Mean: 79.75% (+/- 3.30%)
Fold: 5 of 10 Acc: 73.53% Mean: 78.50% (+/- 3.86%)
Fold: 6 of 10 Acc: 76.47% Mean: 78.17% (+/- 3.60%)
Fold: 7 of 10 Acc: 67.65% Mean: 76.66% (+/- 4.97%)
Fold: 8 of 10 Acc: 85.29% Mean: 77.74% (+/- 5.45%)
Fold: 9 of 10 Acc: 82.35% Mean: 78.25% (+/- 5.34%)
Fold: 10 of 10 Acc: 79.41% Mean: 78.37% (+/- 5.08%)
Model Type: MobileNet
Fold: 1 of 10 Acc: 94.29% Mean: 94.29% (+/- 0.00%)
Fold: 2 of 10 Acc: 80.00% Mean: 87.14% (+/- 7.14%)
Fold: 3 of 10 Acc: 82.35% Mean: 85.55% (+/- 6.25%)
Fold: 4 of 10 Acc: 91.18% Mean: 86.95% (+/- 5.94%)
Fold: 5 of 10 Acc: 97.06% Mean: 88.97% (+/- 6.68%)
Fold: 6 of 10 Acc: 91.18% Mean: 89.34% (+/- 6.15%)
Fold: 7 of 10 Acc: 91.18% Mean: 89.60% (+/- 5.73%)
Fold: 8 of 10 Acc: 94.12% Mean: 90.17% (+/- 5.56%)
Fold: 9 of 10 Acc: 91.18% Mean: 90.28% (+/- 5.25%)
Fold: 10 of 10 Acc: 88.24% Mean: 90.08% (+/- 5.02%)
Model Type: DenseNet121
Fold: 1 of 10 Acc: 51.43% Mean: 51.43% (+/- 0.00%)
Fold: 2 of 10 Acc: 37.14% Mean: 44.29% (+/- 7.14%)
Fold: 3 of 10 Acc: 23.53% Mean: 37.37% (+/- 11.39%)
Fold: 4 of 10 Acc: 52.94% Mean: 41.26% (+/- 11.95%)
Fold: 5 of 10 Acc: 50.00% Mean: 43.01% (+/- 11.25%)
Fold: 6 of 10 Acc: 50.00% Mean: 44.17% (+/- 10.59%)
Fold: 7 of 10 Acc: 44.12% Mean: 44.17% (+/- 9.81%)
Fold: 8 of 10 Acc: 50.00% Mean: 44.89% (+/- 9.37%)
Fold: 9 of 10 Acc: 50.00% Mean: 45.46% (+/- 8.98%)
Fold: 10 of 10 Acc: 41.18% Mean: 45.03% (+/- 8.62%)
Model Type: DenseNet169
Fold: 1 of 10 Acc: 60.00% Mean: 60.00% (+/- 0.00%)
Fold: 2 of 10 Acc: 68.57% Mean: 64.29% (+/- 4.29%)
Fold: 3 of 10 Acc: 97.06% Mean: 75.21% (+/- 15.84%)
Fold: 4 of 10 Acc: 50.00% Mean: 68.91% (+/- 17.53%)
Fold: 5 of 10 Acc: 85.29% Mean: 72.18% (+/- 17.00%)
Fold: 6 of 10 Acc: 100.00% Mean: 76.82% (+/- 18.66%)
Fold: 7 of 10 Acc: 61.76% Mean: 74.67% (+/- 18.06%)
Fold: 8 of 10 Acc: 79.41% Mean: 75.26% (+/- 16.97%)
Fold: 9 of 10 Acc: 76.47% Mean: 75.40% (+/- 16.00%)
Fold: 10 of 10 Acc: 76.47% Mean: 75.50% (+/- 15.18%)
Model Type: DenseNet201
Fold: 1 of 10 Acc: 57.14% Mean: 57.14% (+/- 0.00%)
Fold: 2 of 10 Acc: 65.71% Mean: 61.43% (+/- 4.29%)
Fold: 3 of 10 Acc: 44.12% Mean: 55.66% (+/- 8.88%)
Fold: 4 of 10 Acc: 70.59% Mean: 59.39% (+/- 10.05%)
Fold: 5 of 10 Acc: 55.88% Mean: 58.69% (+/- 9.09%)
Fold: 6 of 10 Acc: 67.65% Mean: 60.18% (+/- 8.95%)
Fold: 7 of 10 Acc: 64.71% Mean: 60.83% (+/- 8.43%)
Fold: 8 of 10 Acc: 50.00% Mean: 59.47% (+/- 8.66%)
Fold: 9 of 10 Acc: 67.65% Mean: 60.38% (+/- 8.56%)
Fold: 10 of 10 Acc: 50.00% Mean: 59.34% (+/- 8.70%)
Model Type: NASNetMobile
Fold: 1 of 10 Acc: 51.43% Mean: 51.43% (+/- 0.00%)
Fold: 2 of 10 Acc: 45.71% Mean: 48.57% (+/- 2.86%)
Fold: 3 of 10 Acc: 41.18% Mean: 46.11% (+/- 4.19%)
Fold: 4 of 10 Acc: 38.24% Mean: 44.14% (+/- 4.98%)
Fold: 5 of 10 Acc: 52.94% Mean: 45.90% (+/- 5.68%)
Fold: 6 of 10 Acc: 55.88% Mean: 47.56% (+/- 6.38%)
Fold: 7 of 10 Acc: 47.06% Mean: 47.49% (+/- 5.91%)
Fold: 8 of 10 Acc: 44.12% Mean: 47.07% (+/- 5.64%)
Fold: 9 of 10 Acc: 70.59% Mean: 49.68% (+/- 9.11%)
Fold: 10 of 10 Acc: 44.12% Mean: 49.13% (+/- 8.80%)
Model Type: MobileNetV2
Fold: 1 of 10 Acc: 51.43% Mean: 51.43% (+/- 0.00%)
Fold: 2 of 10 Acc: 45.71% Mean: 48.57% (+/- 2.86%)
Fold: 3 of 10 Acc: 41.18% Mean: 46.11% (+/- 4.19%)
Fold: 4 of 10 Acc: 61.76% Mean: 50.02% (+/- 7.69%)
Fold: 5 of 10 Acc: 52.94% Mean: 50.61% (+/- 6.98%)
Fold: 6 of 10 Acc: 52.94% Mean: 50.99% (+/- 6.43%)
Fold: 7 of 10 Acc: 47.06% Mean: 50.43% (+/- 6.11%)
Fold: 8 of 10 Acc: 44.12% Mean: 49.64% (+/- 6.08%)
Fold: 9 of 10 Acc: 70.59% Mean: 51.97% (+/- 8.73%)
Fold: 10 of 10 Acc: 44.12% Mean: 51.18% (+/- 8.61%)
