Machine: PRECISION
Date: 23/01/2020 Time: 17:25:00
Alternative Dense Layer: False
Pooling Application Layer: None
Data Augmentation: False
Data Augmentation Multiplier: 1
Fine Tuning: True
Optimizer: rmsprop

Model Type: Xception
Fold: 1 of 10 Acc: 88.57% Mean: 88.57% (+/- 0.00%)
Fold: 2 of 10 Acc: 94.29% Mean: 91.43% (+/- 2.86%)
Fold: 3 of 10 Acc: 88.24% Mean: 90.36% (+/- 2.78%)
Fold: 4 of 10 Acc: 85.29% Mean: 89.10% (+/- 3.26%)
Fold: 5 of 10 Acc: 85.29% Mean: 88.34% (+/- 3.29%)
Fold: 6 of 10 Acc: 88.24% Mean: 88.32% (+/- 3.00%)
Fold: 7 of 10 Acc: 85.29% Mean: 87.89% (+/- 2.97%)
Fold: 8 of 10 Acc: 88.24% Mean: 87.93% (+/- 2.78%)
Fold: 9 of 10 Acc: 88.24% Mean: 87.96% (+/- 2.62%)
Fold: 10 of 10 Acc: 85.29% Mean: 87.70% (+/- 2.62%)
Model Type: VGG16
Fold: 1 of 10 Acc: 51.43% Mean: 51.43% (+/- 0.00%)
Fold: 2 of 10 Acc: 91.43% Mean: 71.43% (+/- 20.00%)
Fold: 3 of 10 Acc: 94.12% Mean: 78.99% (+/- 19.52%)
Fold: 4 of 10 Acc: 82.35% Mean: 79.83% (+/- 16.97%)
Fold: 5 of 10 Acc: 91.18% Mean: 82.10% (+/- 15.84%)
Fold: 6 of 10 Acc: 91.18% Mean: 83.61% (+/- 14.85%)
Fold: 7 of 10 Acc: 94.12% Mean: 85.11% (+/- 14.23%)
Fold: 8 of 10 Acc: 88.24% Mean: 85.50% (+/- 13.35%)
Fold: 9 of 10 Acc: 85.29% Mean: 85.48% (+/- 12.59%)
Fold: 10 of 10 Acc: 88.24% Mean: 85.76% (+/- 11.97%)
Model Type: VGG19
Fold: 1 of 10 Acc: 51.43% Mean: 51.43% (+/- 0.00%)
Fold: 2 of 10 Acc: 91.43% Mean: 71.43% (+/- 20.00%)
Fold: 3 of 10 Acc: 85.29% Mean: 76.05% (+/- 17.59%)
Fold: 4 of 10 Acc: 79.41% Mean: 76.89% (+/- 15.30%)
Fold: 5 of 10 Acc: 91.18% Mean: 79.75% (+/- 14.83%)
Fold: 6 of 10 Acc: 82.35% Mean: 80.18% (+/- 13.57%)
Fold: 7 of 10 Acc: 91.18% Mean: 81.75% (+/- 13.14%)
Fold: 8 of 10 Acc: 91.18% Mean: 82.93% (+/- 12.68%)
Fold: 9 of 10 Acc: 85.29% Mean: 83.19% (+/- 11.98%)
Fold: 10 of 10 Acc: 85.29% Mean: 83.40% (+/- 11.38%)
Model Type: ResNet50
Fold: 1 of 10 Acc: 65.71% Mean: 65.71% (+/- 0.00%)
Fold: 2 of 10 Acc: 40.00% Mean: 52.86% (+/- 12.86%)
Fold: 3 of 10 Acc: 52.94% Mean: 52.89% (+/- 10.50%)
Fold: 4 of 10 Acc: 38.24% Mean: 49.22% (+/- 11.09%)
Fold: 5 of 10 Acc: 58.82% Mean: 51.14% (+/- 10.63%)
Fold: 6 of 10 Acc: 47.06% Mean: 50.46% (+/- 9.83%)
Fold: 7 of 10 Acc: 55.88% Mean: 51.24% (+/- 9.29%)
Fold: 8 of 10 Acc: 55.88% Mean: 51.82% (+/- 8.83%)
Fold: 9 of 10 Acc: 35.29% Mean: 49.98% (+/- 9.81%)
Fold: 10 of 10 Acc: 50.00% Mean: 49.98% (+/- 9.31%)
Model Type: ResNet101
Fold: 1 of 10 Acc: 42.86% Mean: 42.86% (+/- 0.00%)
Fold: 2 of 10 Acc: 77.14% Mean: 60.00% (+/- 17.14%)
Fold: 3 of 10 Acc: 52.94% Mean: 57.65% (+/- 14.39%)
Fold: 4 of 10 Acc: 85.29% Mean: 64.56% (+/- 17.28%)
Fold: 5 of 10 Acc: 38.24% Mean: 59.29% (+/- 18.70%)
Fold: 6 of 10 Acc: 88.24% Mean: 64.12% (+/- 20.19%)
Fold: 7 of 10 Acc: 76.47% Mean: 65.88% (+/- 19.19%)
Fold: 8 of 10 Acc: 38.24% Mean: 62.43% (+/- 20.14%)
Fold: 9 of 10 Acc: 88.24% Mean: 65.29% (+/- 20.65%)
Fold: 10 of 10 Acc: 73.53% Mean: 66.12% (+/- 19.75%)
Model Type: ResNet152
Fold: 1 of 10 Acc: 48.57% Mean: 48.57% (+/- 0.00%)
Fold: 2 of 10 Acc: 85.71% Mean: 67.14% (+/- 18.57%)
Fold: 3 of 10 Acc: 47.06% Mean: 60.45% (+/- 17.88%)
Fold: 4 of 10 Acc: 61.76% Mean: 60.78% (+/- 15.49%)
Fold: 5 of 10 Acc: 52.94% Mean: 59.21% (+/- 14.21%)
Fold: 6 of 10 Acc: 47.06% Mean: 57.18% (+/- 13.74%)
Fold: 7 of 10 Acc: 52.94% Mean: 56.58% (+/- 12.80%)
Fold: 8 of 10 Acc: 38.24% Mean: 54.29% (+/- 13.43%)
Fold: 9 of 10 Acc: 64.71% Mean: 55.44% (+/- 13.07%)
Fold: 10 of 10 Acc: 50.00% Mean: 54.90% (+/- 12.51%)
Model Type: ResNet50V2
Fold: 1 of 10 Acc: 51.43% Mean: 51.43% (+/- 0.00%)
Fold: 2 of 10 Acc: 45.71% Mean: 48.57% (+/- 2.86%)
Fold: 3 of 10 Acc: 41.18% Mean: 46.11% (+/- 4.19%)
Fold: 4 of 10 Acc: 61.76% Mean: 50.02% (+/- 7.69%)
Fold: 5 of 10 Acc: 52.94% Mean: 50.61% (+/- 6.98%)
Fold: 6 of 10 Acc: 55.88% Mean: 51.48% (+/- 6.67%)
Fold: 7 of 10 Acc: 47.06% Mean: 50.85% (+/- 6.36%)
Fold: 8 of 10 Acc: 44.12% Mean: 50.01% (+/- 6.36%)
Fold: 9 of 10 Acc: 70.59% Mean: 52.30% (+/- 8.82%)
Fold: 10 of 10 Acc: 44.12% Mean: 51.48% (+/- 8.72%)
Model Type: ResNet101V2
Fold: 1 of 10 Acc: 51.43% Mean: 51.43% (+/- 0.00%)
Fold: 2 of 10 Acc: 62.86% Mean: 57.14% (+/- 5.71%)
Fold: 3 of 10 Acc: 52.94% Mean: 55.74% (+/- 5.07%)
Fold: 4 of 10 Acc: 79.41% Mean: 61.66% (+/- 11.15%)
Fold: 5 of 10 Acc: 70.59% Mean: 63.45% (+/- 10.59%)
Fold: 6 of 10 Acc: 67.65% Mean: 64.15% (+/- 9.80%)
Fold: 7 of 10 Acc: 64.71% Mean: 64.23% (+/- 9.07%)
Fold: 8 of 10 Acc: 52.94% Mean: 62.82% (+/- 9.27%)
Fold: 9 of 10 Acc: 73.53% Mean: 64.01% (+/- 9.37%)
Fold: 10 of 10 Acc: 58.82% Mean: 63.49% (+/- 9.02%)
Model Type: ResNet152V2
Fold: 1 of 10 Acc: 57.14% Mean: 57.14% (+/- 0.00%)
Fold: 2 of 10 Acc: 45.71% Mean: 51.43% (+/- 5.71%)
Fold: 3 of 10 Acc: 52.94% Mean: 51.93% (+/- 4.72%)
Fold: 4 of 10 Acc: 55.88% Mean: 52.92% (+/- 4.43%)
Fold: 5 of 10 Acc: 58.82% Mean: 54.10% (+/- 4.61%)
Fold: 6 of 10 Acc: 58.82% Mean: 54.89% (+/- 4.56%)
Fold: 7 of 10 Acc: 55.88% Mean: 55.03% (+/- 4.24%)
Fold: 8 of 10 Acc: 38.24% Mean: 52.93% (+/- 6.83%)
Fold: 9 of 10 Acc: 67.65% Mean: 54.57% (+/- 7.92%)
Fold: 10 of 10 Acc: 52.94% Mean: 54.40% (+/- 7.53%)
Model Type: InceptionV3
Fold: 1 of 10 Acc: 34.29% Mean: 34.29% (+/- 0.00%)
Fold: 2 of 10 Acc: 85.71% Mean: 60.00% (+/- 25.71%)
Fold: 3 of 10 Acc: 82.35% Mean: 67.45% (+/- 23.49%)
Fold: 4 of 10 Acc: 88.24% Mean: 72.65% (+/- 22.25%)
Fold: 5 of 10 Acc: 97.06% Mean: 77.53% (+/- 22.16%)
Fold: 6 of 10 Acc: 82.35% Mean: 78.33% (+/- 20.31%)
Fold: 7 of 10 Acc: 85.29% Mean: 79.33% (+/- 18.96%)
Fold: 8 of 10 Acc: 76.47% Mean: 78.97% (+/- 17.76%)
Fold: 9 of 10 Acc: 85.29% Mean: 79.67% (+/- 16.87%)
Fold: 10 of 10 Acc: 82.35% Mean: 79.94% (+/- 16.02%)
Model Type: InceptionResNetV2
Fold: 1 of 10 Acc: 42.86% Mean: 42.86% (+/- 0.00%)
Fold: 2 of 10 Acc: 77.14% Mean: 60.00% (+/- 17.14%)
Fold: 3 of 10 Acc: 76.47% Mean: 65.49% (+/- 16.01%)
Fold: 4 of 10 Acc: 85.29% Mean: 70.44% (+/- 16.30%)
Fold: 5 of 10 Acc: 79.41% Mean: 72.24% (+/- 15.01%)
Fold: 6 of 10 Acc: 79.41% Mean: 73.43% (+/- 13.96%)
Fold: 7 of 10 Acc: 85.29% Mean: 75.13% (+/- 13.58%)
Fold: 8 of 10 Acc: 73.53% Mean: 74.93% (+/- 12.71%)
Fold: 9 of 10 Acc: 85.29% Mean: 76.08% (+/- 12.42%)
Fold: 10 of 10 Acc: 70.59% Mean: 75.53% (+/- 11.90%)
Model Type: MobileNet
Fold: 1 of 10 Acc: 34.29% Mean: 34.29% (+/- 0.00%)
Fold: 2 of 10 Acc: 80.00% Mean: 57.14% (+/- 22.86%)
Fold: 3 of 10 Acc: 91.18% Mean: 68.49% (+/- 24.61%)
Fold: 4 of 10 Acc: 91.18% Mean: 74.16% (+/- 23.47%)
Fold: 5 of 10 Acc: 94.12% Mean: 78.15% (+/- 22.46%)
Fold: 6 of 10 Acc: 91.18% Mean: 80.32% (+/- 21.07%)
Fold: 7 of 10 Acc: 91.18% Mean: 81.87% (+/- 19.87%)
Fold: 8 of 10 Acc: 82.35% Mean: 81.93% (+/- 18.59%)
Fold: 9 of 10 Acc: 79.41% Mean: 81.65% (+/- 17.54%)
Fold: 10 of 10 Acc: 79.41% Mean: 81.43% (+/- 16.66%)
Model Type: DenseNet121
Fold: 1 of 10 Acc: 48.57% Mean: 48.57% (+/- 0.00%)
Fold: 2 of 10 Acc: 48.57% Mean: 48.57% (+/- 0.00%)
Fold: 3 of 10 Acc: 41.18% Mean: 46.11% (+/- 3.49%)
Fold: 4 of 10 Acc: 67.65% Mean: 51.49% (+/- 9.80%)
Fold: 5 of 10 Acc: 55.88% Mean: 52.37% (+/- 8.94%)
Fold: 6 of 10 Acc: 55.88% Mean: 52.96% (+/- 8.27%)
Fold: 7 of 10 Acc: 61.76% Mean: 54.21% (+/- 8.25%)
Fold: 8 of 10 Acc: 47.06% Mean: 53.32% (+/- 8.07%)
Fold: 9 of 10 Acc: 73.53% Mean: 55.56% (+/- 9.91%)
Fold: 10 of 10 Acc: 47.06% Mean: 54.71% (+/- 9.75%)
Model Type: DenseNet169
Fold: 1 of 10 Acc: 48.57% Mean: 48.57% (+/- 0.00%)
Fold: 2 of 10 Acc: 77.14% Mean: 62.86% (+/- 14.29%)
Fold: 3 of 10 Acc: 50.00% Mean: 58.57% (+/- 13.14%)
Fold: 4 of 10 Acc: 64.71% Mean: 60.11% (+/- 11.69%)
Fold: 5 of 10 Acc: 67.65% Mean: 61.61% (+/- 10.88%)
Fold: 6 of 10 Acc: 88.24% Mean: 66.05% (+/- 14.04%)
Fold: 7 of 10 Acc: 64.71% Mean: 65.86% (+/- 13.01%)
Fold: 8 of 10 Acc: 58.82% Mean: 64.98% (+/- 12.39%)
Fold: 9 of 10 Acc: 73.53% Mean: 65.93% (+/- 11.98%)
Fold: 10 of 10 Acc: 52.94% Mean: 64.63% (+/- 12.02%)
Model Type: DenseNet201
Fold: 1 of 10 Acc: 42.86% Mean: 42.86% (+/- 0.00%)
Fold: 2 of 10 Acc: 45.71% Mean: 44.29% (+/- 1.43%)
Fold: 3 of 10 Acc: 91.18% Mean: 59.92% (+/- 22.14%)
Fold: 4 of 10 Acc: 55.88% Mean: 58.91% (+/- 19.25%)
Fold: 5 of 10 Acc: 85.29% Mean: 64.18% (+/- 20.19%)
Fold: 6 of 10 Acc: 55.88% Mean: 62.80% (+/- 18.69%)
Fold: 7 of 10 Acc: 76.47% Mean: 64.75% (+/- 17.96%)
Fold: 8 of 10 Acc: 41.18% Mean: 61.81% (+/- 18.52%)
Fold: 9 of 10 Acc: 76.47% Mean: 63.44% (+/- 18.06%)
Fold: 10 of 10 Acc: 47.06% Mean: 61.80% (+/- 17.82%)
Model Type: NASNetMobile
Fold: 1 of 10 Acc: 42.86% Mean: 42.86% (+/- 0.00%)
Fold: 2 of 10 Acc: 57.14% Mean: 50.00% (+/- 7.14%)
Fold: 3 of 10 Acc: 47.06% Mean: 49.02% (+/- 5.99%)
Fold: 4 of 10 Acc: 58.82% Mean: 51.47% (+/- 6.71%)
Fold: 5 of 10 Acc: 44.12% Mean: 50.00% (+/- 6.68%)
Fold: 6 of 10 Acc: 50.00% Mean: 50.00% (+/- 6.10%)
Fold: 7 of 10 Acc: 44.12% Mean: 49.16% (+/- 6.01%)
Fold: 8 of 10 Acc: 38.24% Mean: 47.79% (+/- 6.68%)
Fold: 9 of 10 Acc: 67.65% Mean: 50.00% (+/- 8.87%)
Fold: 10 of 10 Acc: 52.94% Mean: 50.29% (+/- 8.46%)
Model Type: MobileNetV2
Fold: 1 of 10 Acc: 48.57% Mean: 48.57% (+/- 0.00%)
Fold: 2 of 10 Acc: 45.71% Mean: 47.14% (+/- 1.43%)
Fold: 3 of 10 Acc: 41.18% Mean: 45.15% (+/- 3.04%)
Fold: 4 of 10 Acc: 61.76% Mean: 49.31% (+/- 7.66%)
Fold: 5 of 10 Acc: 52.94% Mean: 50.03% (+/- 7.00%)
Fold: 6 of 10 Acc: 52.94% Mean: 50.52% (+/- 6.49%)
Fold: 7 of 10 Acc: 47.06% Mean: 50.02% (+/- 6.13%)
Fold: 8 of 10 Acc: 44.12% Mean: 49.29% (+/- 6.05%)
Fold: 9 of 10 Acc: 70.59% Mean: 51.65% (+/- 8.80%)
Fold: 10 of 10 Acc: 44.12% Mean: 50.90% (+/- 8.65%)
