Machine: PRECISION
Date: 29/01/2020 Time: 11:32:08
Alternative Dense Layer: False
Pooling Application Layer: avg
Data Augmentation: False
Data Augmentation Multiplier: 1
Optimizer: rmsprop
Maximum Frozen Blocks: 13
Model: MobileNet
K-Fold N Repeats: 2

Frozen Blocks: 0
Fold: 1 of 20 Acc: 91.43% Mean: 91.43% (+/- 0.00%)
Fold: 2 of 20 Acc: 85.71% Mean: 88.57% (+/- 2.86%)
Fold: 3 of 20 Acc: 88.24% Mean: 88.46% (+/- 2.34%)
Fold: 4 of 20 Acc: 82.35% Mean: 86.93% (+/- 3.33%)
Fold: 5 of 20 Acc: 94.12% Mean: 88.37% (+/- 4.14%)
Fold: 6 of 20 Acc: 91.18% Mean: 88.84% (+/- 3.92%)
Fold: 7 of 20 Acc: 88.24% Mean: 88.75% (+/- 3.64%)
Fold: 8 of 20 Acc: 91.18% Mean: 89.05% (+/- 3.49%)
Fold: 9 of 20 Acc: 85.29% Mean: 88.64% (+/- 3.50%)
Fold: 10 of 20 Acc: 85.29% Mean: 88.30% (+/- 3.47%)
Fold: 11 of 20 Acc: 97.14% Mean: 89.11% (+/- 4.17%)
Fold: 12 of 20 Acc: 80.00% Mean: 88.35% (+/- 4.72%)
Fold: 13 of 20 Acc: 82.35% Mean: 87.89% (+/- 4.81%)
Fold: 14 of 20 Acc: 97.06% Mean: 88.54% (+/- 5.20%)
Fold: 15 of 20 Acc: 88.24% Mean: 88.52% (+/- 5.02%)
Fold: 16 of 20 Acc: 88.24% Mean: 88.50% (+/- 4.87%)
Fold: 17 of 20 Acc: 88.24% Mean: 88.49% (+/- 4.72%)
Fold: 18 of 20 Acc: 91.18% Mean: 88.64% (+/- 4.63%)
Fold: 19 of 20 Acc: 91.18% Mean: 88.77% (+/- 4.54%)
Fold: 20 of 20 Acc: 91.18% Mean: 88.89% (+/- 4.46%)
Frozen Blocks: 1
Fold: 1 of 20 Acc: 51.43% Mean: 51.43% (+/- 0.00%)
Fold: 2 of 20 Acc: 45.71% Mean: 48.57% (+/- 2.86%)
Fold: 3 of 20 Acc: 41.18% Mean: 46.11% (+/- 4.19%)
Fold: 4 of 20 Acc: 61.76% Mean: 50.02% (+/- 7.69%)
Fold: 5 of 20 Acc: 52.94% Mean: 50.61% (+/- 6.98%)
Fold: 6 of 20 Acc: 52.94% Mean: 50.99% (+/- 6.43%)
Fold: 7 of 20 Acc: 47.06% Mean: 50.43% (+/- 6.11%)
Fold: 8 of 20 Acc: 44.12% Mean: 49.64% (+/- 6.08%)
Fold: 9 of 20 Acc: 70.59% Mean: 51.97% (+/- 8.73%)
Fold: 10 of 20 Acc: 44.12% Mean: 51.18% (+/- 8.61%)
Fold: 11 of 20 Acc: 62.86% Mean: 52.25% (+/- 8.87%)
Fold: 12 of 20 Acc: 42.86% Mean: 51.46% (+/- 8.88%)
Fold: 13 of 20 Acc: 55.88% Mean: 51.80% (+/- 8.61%)
Fold: 14 of 20 Acc: 47.06% Mean: 51.46% (+/- 8.39%)
Fold: 15 of 20 Acc: 52.94% Mean: 51.56% (+/- 8.11%)
Fold: 16 of 20 Acc: 52.94% Mean: 51.65% (+/- 7.86%)
Fold: 17 of 20 Acc: 55.88% Mean: 51.90% (+/- 7.69%)
Fold: 18 of 20 Acc: 50.00% Mean: 51.79% (+/- 7.49%)
Fold: 19 of 20 Acc: 50.00% Mean: 51.70% (+/- 7.30%)
Fold: 20 of 20 Acc: 41.18% Mean: 51.17% (+/- 7.48%)
Frozen Blocks: 2
Fold: 1 of 20 Acc: 51.43% Mean: 51.43% (+/- 0.00%)
Fold: 2 of 20 Acc: 45.71% Mean: 48.57% (+/- 2.86%)
Fold: 3 of 20 Acc: 58.82% Mean: 51.99% (+/- 5.37%)
Fold: 4 of 20 Acc: 61.76% Mean: 54.43% (+/- 6.29%)
Fold: 5 of 20 Acc: 52.94% Mean: 54.13% (+/- 5.65%)
Fold: 6 of 20 Acc: 52.94% Mean: 53.94% (+/- 5.18%)
Fold: 7 of 20 Acc: 47.06% Mean: 52.95% (+/- 5.37%)
Fold: 8 of 20 Acc: 44.12% Mean: 51.85% (+/- 5.81%)
Fold: 9 of 20 Acc: 70.59% Mean: 53.93% (+/- 8.04%)
Fold: 10 of 20 Acc: 44.12% Mean: 52.95% (+/- 8.18%)
Fold: 11 of 20 Acc: 54.29% Mean: 53.07% (+/- 7.81%)
Fold: 12 of 20 Acc: 65.71% Mean: 54.12% (+/- 8.25%)
Fold: 13 of 20 Acc: 47.06% Mean: 53.58% (+/- 8.15%)
Fold: 14 of 20 Acc: 35.29% Mean: 52.27% (+/- 9.16%)
Fold: 15 of 20 Acc: 52.94% Mean: 52.32% (+/- 8.85%)
Fold: 16 of 20 Acc: 70.59% Mean: 53.46% (+/- 9.64%)
Fold: 17 of 20 Acc: 35.29% Mean: 52.39% (+/- 10.28%)
Fold: 18 of 20 Acc: 44.12% Mean: 51.93% (+/- 10.17%)
Fold: 19 of 20 Acc: 55.88% Mean: 52.14% (+/- 9.94%)
Fold: 20 of 20 Acc: 50.00% Mean: 52.03% (+/- 9.70%)
Frozen Blocks: 3
Fold: 1 of 20 Acc: 65.71% Mean: 65.71% (+/- 0.00%)
Fold: 2 of 20 Acc: 28.57% Mean: 47.14% (+/- 18.57%)
Fold: 3 of 20 Acc: 44.12% Mean: 46.13% (+/- 15.23%)
Fold: 4 of 20 Acc: 55.88% Mean: 48.57% (+/- 13.85%)
Fold: 5 of 20 Acc: 61.76% Mean: 51.21% (+/- 13.46%)
Fold: 6 of 20 Acc: 50.00% Mean: 51.01% (+/- 12.30%)
Fold: 7 of 20 Acc: 55.88% Mean: 51.70% (+/- 11.51%)
Fold: 8 of 20 Acc: 44.12% Mean: 50.76% (+/- 11.06%)
Fold: 9 of 20 Acc: 73.53% Mean: 53.29% (+/- 12.65%)
Fold: 10 of 20 Acc: 47.06% Mean: 52.66% (+/- 12.14%)
Fold: 11 of 20 Acc: 57.14% Mean: 53.07% (+/- 11.65%)
Fold: 12 of 20 Acc: 48.57% Mean: 52.70% (+/- 11.22%)
Fold: 13 of 20 Acc: 52.94% Mean: 52.71% (+/- 10.78%)
Fold: 14 of 20 Acc: 55.88% Mean: 52.94% (+/- 10.42%)
Fold: 15 of 20 Acc: 52.94% Mean: 52.94% (+/- 10.07%)
Fold: 16 of 20 Acc: 44.12% Mean: 52.39% (+/- 9.98%)
Fold: 17 of 20 Acc: 55.88% Mean: 52.60% (+/- 9.72%)
Fold: 18 of 20 Acc: 32.35% Mean: 51.47% (+/- 10.52%)
Fold: 19 of 20 Acc: 50.00% Mean: 51.39% (+/- 10.24%)
Fold: 20 of 20 Acc: 38.24% Mean: 50.74% (+/- 10.39%)
Frozen Blocks: 4
Fold: 1 of 20 Acc: 51.43% Mean: 51.43% (+/- 0.00%)
Fold: 2 of 20 Acc: 54.29% Mean: 52.86% (+/- 1.43%)
Fold: 3 of 20 Acc: 58.82% Mean: 54.85% (+/- 3.04%)
Fold: 4 of 20 Acc: 38.24% Mean: 50.69% (+/- 7.66%)
Fold: 5 of 20 Acc: 47.06% Mean: 49.97% (+/- 7.00%)
Fold: 6 of 20 Acc: 47.06% Mean: 49.48% (+/- 6.49%)
Fold: 7 of 20 Acc: 52.94% Mean: 49.98% (+/- 6.13%)
Fold: 8 of 20 Acc: 55.88% Mean: 50.71% (+/- 6.05%)
Fold: 9 of 20 Acc: 29.41% Mean: 48.35% (+/- 8.80%)
Fold: 10 of 20 Acc: 55.88% Mean: 49.10% (+/- 8.65%)
Fold: 11 of 20 Acc: 45.71% Mean: 48.79% (+/- 8.30%)
Fold: 12 of 20 Acc: 48.57% Mean: 48.77% (+/- 7.95%)
Fold: 13 of 20 Acc: 55.88% Mean: 49.32% (+/- 7.87%)
Fold: 14 of 20 Acc: 44.12% Mean: 48.95% (+/- 7.70%)
Fold: 15 of 20 Acc: 50.00% Mean: 49.02% (+/- 7.44%)
Fold: 16 of 20 Acc: 52.94% Mean: 49.26% (+/- 7.27%)
Fold: 17 of 20 Acc: 76.47% Mean: 50.87% (+/- 9.52%)
Fold: 18 of 20 Acc: 41.18% Mean: 50.33% (+/- 9.52%)
Fold: 19 of 20 Acc: 32.35% Mean: 49.38% (+/- 10.10%)
Fold: 20 of 20 Acc: 58.82% Mean: 49.85% (+/- 10.05%)
Frozen Blocks: 5
Fold: 1 of 20 Acc: 51.43% Mean: 51.43% (+/- 0.00%)
Fold: 2 of 20 Acc: 45.71% Mean: 48.57% (+/- 2.86%)
Fold: 3 of 20 Acc: 41.18% Mean: 46.11% (+/- 4.19%)
Fold: 4 of 20 Acc: 41.18% Mean: 44.87% (+/- 4.21%)
Fold: 5 of 20 Acc: 35.29% Mean: 42.96% (+/- 5.37%)
Fold: 6 of 20 Acc: 50.00% Mean: 44.13% (+/- 5.56%)
Fold: 7 of 20 Acc: 55.88% Mean: 45.81% (+/- 6.59%)
Fold: 8 of 20 Acc: 55.88% Mean: 47.07% (+/- 7.01%)
Fold: 9 of 20 Acc: 29.41% Mean: 45.11% (+/- 8.63%)
Fold: 10 of 20 Acc: 44.12% Mean: 45.01% (+/- 8.19%)
Fold: 11 of 20 Acc: 60.00% Mean: 46.37% (+/- 8.92%)
Fold: 12 of 20 Acc: 51.43% Mean: 46.79% (+/- 8.65%)
Fold: 13 of 20 Acc: 44.12% Mean: 46.59% (+/- 8.34%)
Fold: 14 of 20 Acc: 58.82% Mean: 47.46% (+/- 8.64%)
Fold: 15 of 20 Acc: 32.35% Mean: 46.45% (+/- 9.16%)
Fold: 16 of 20 Acc: 64.71% Mean: 47.59% (+/- 9.90%)
Fold: 17 of 20 Acc: 29.41% Mean: 46.52% (+/- 10.52%)
Fold: 18 of 20 Acc: 44.12% Mean: 46.39% (+/- 10.24%)
Fold: 19 of 20 Acc: 32.35% Mean: 45.65% (+/- 10.45%)
Fold: 20 of 20 Acc: 35.29% Mean: 45.13% (+/- 10.43%)
Frozen Blocks: 6
Fold: 1 of 20 Acc: 51.43% Mean: 51.43% (+/- 0.00%)
Fold: 2 of 20 Acc: 45.71% Mean: 48.57% (+/- 2.86%)
Fold: 3 of 20 Acc: 41.18% Mean: 46.11% (+/- 4.19%)
Fold: 4 of 20 Acc: 61.76% Mean: 50.02% (+/- 7.69%)
Fold: 5 of 20 Acc: 52.94% Mean: 50.61% (+/- 6.98%)
Fold: 6 of 20 Acc: 52.94% Mean: 50.99% (+/- 6.43%)
Fold: 7 of 20 Acc: 47.06% Mean: 50.43% (+/- 6.11%)
Fold: 8 of 20 Acc: 44.12% Mean: 49.64% (+/- 6.08%)
Fold: 9 of 20 Acc: 70.59% Mean: 51.97% (+/- 8.73%)
Fold: 10 of 20 Acc: 44.12% Mean: 51.18% (+/- 8.61%)
Fold: 11 of 20 Acc: 45.71% Mean: 50.69% (+/- 8.36%)
Fold: 12 of 20 Acc: 60.00% Mean: 51.46% (+/- 8.41%)
Fold: 13 of 20 Acc: 29.41% Mean: 49.77% (+/- 9.99%)
Fold: 14 of 20 Acc: 32.35% Mean: 48.52% (+/- 10.62%)
Fold: 15 of 20 Acc: 64.71% Mean: 49.60% (+/- 11.02%)
Fold: 16 of 20 Acc: 52.94% Mean: 49.81% (+/- 10.71%)
Fold: 17 of 20 Acc: 55.88% Mean: 50.17% (+/- 10.48%)
Fold: 18 of 20 Acc: 58.82% Mean: 50.65% (+/- 10.38%)
Fold: 19 of 20 Acc: 47.06% Mean: 50.46% (+/- 10.13%)
Fold: 20 of 20 Acc: 64.71% Mean: 51.17% (+/- 10.35%)
Frozen Blocks: 7
Fold: 1 of 20 Acc: 65.71% Mean: 65.71% (+/- 0.00%)
Fold: 2 of 20 Acc: 28.57% Mean: 47.14% (+/- 18.57%)
Fold: 3 of 20 Acc: 44.12% Mean: 46.13% (+/- 15.23%)
Fold: 4 of 20 Acc: 50.00% Mean: 47.10% (+/- 13.30%)
Fold: 5 of 20 Acc: 61.76% Mean: 50.03% (+/- 13.26%)
Fold: 6 of 20 Acc: 50.00% Mean: 50.03% (+/- 12.10%)
Fold: 7 of 20 Acc: 52.94% Mean: 50.44% (+/- 11.25%)
Fold: 8 of 20 Acc: 44.12% Mean: 49.65% (+/- 10.73%)
Fold: 9 of 20 Acc: 67.65% Mean: 51.65% (+/- 11.59%)
Fold: 10 of 20 Acc: 47.06% Mean: 51.19% (+/- 11.08%)
Fold: 11 of 20 Acc: 42.86% Mean: 50.44% (+/- 10.84%)
Fold: 12 of 20 Acc: 40.00% Mean: 49.57% (+/- 10.77%)
Fold: 13 of 20 Acc: 55.88% Mean: 50.05% (+/- 10.48%)
Fold: 14 of 20 Acc: 58.82% Mean: 50.68% (+/- 10.35%)
Fold: 15 of 20 Acc: 61.76% Mean: 51.42% (+/- 10.37%)
Fold: 16 of 20 Acc: 47.06% Mean: 51.14% (+/- 10.10%)
Fold: 17 of 20 Acc: 47.06% Mean: 50.90% (+/- 9.85%)
Fold: 18 of 20 Acc: 52.94% Mean: 51.02% (+/- 9.58%)
Fold: 19 of 20 Acc: 58.82% Mean: 51.43% (+/- 9.49%)
Fold: 20 of 20 Acc: 47.06% Mean: 51.21% (+/- 9.29%)
Frozen Blocks: 8
Fold: 1 of 20 Acc: 51.43% Mean: 51.43% (+/- 0.00%)
Fold: 2 of 20 Acc: 45.71% Mean: 48.57% (+/- 2.86%)
Fold: 3 of 20 Acc: 41.18% Mean: 46.11% (+/- 4.19%)
Fold: 4 of 20 Acc: 61.76% Mean: 50.02% (+/- 7.69%)
Fold: 5 of 20 Acc: 52.94% Mean: 50.61% (+/- 6.98%)
Fold: 6 of 20 Acc: 52.94% Mean: 50.99% (+/- 6.43%)
Fold: 7 of 20 Acc: 47.06% Mean: 50.43% (+/- 6.11%)
Fold: 8 of 20 Acc: 44.12% Mean: 49.64% (+/- 6.08%)
Fold: 9 of 20 Acc: 70.59% Mean: 51.97% (+/- 8.73%)
Fold: 10 of 20 Acc: 44.12% Mean: 51.18% (+/- 8.61%)
Fold: 11 of 20 Acc: 48.57% Mean: 50.95% (+/- 8.25%)
Fold: 12 of 20 Acc: 37.14% Mean: 49.80% (+/- 8.77%)
Fold: 13 of 20 Acc: 55.88% Mean: 50.27% (+/- 8.58%)
Fold: 14 of 20 Acc: 52.94% Mean: 50.46% (+/- 8.30%)
Fold: 15 of 20 Acc: 55.88% Mean: 50.82% (+/- 8.13%)
Fold: 16 of 20 Acc: 52.94% Mean: 50.95% (+/- 7.89%)
Fold: 17 of 20 Acc: 44.12% Mean: 50.55% (+/- 7.82%)
Fold: 18 of 20 Acc: 50.00% Mean: 50.52% (+/- 7.60%)
Fold: 19 of 20 Acc: 55.88% Mean: 50.80% (+/- 7.49%)
Fold: 20 of 20 Acc: 58.82% Mean: 51.20% (+/- 7.51%)
Frozen Blocks: 9
Fold: 1 of 20 Acc: 57.14% Mean: 57.14% (+/- 0.00%)
Fold: 2 of 20 Acc: 62.86% Mean: 60.00% (+/- 2.86%)
Fold: 3 of 20 Acc: 47.06% Mean: 55.69% (+/- 6.53%)
Fold: 4 of 20 Acc: 44.12% Mean: 52.79% (+/- 7.56%)
Fold: 5 of 20 Acc: 44.12% Mean: 51.06% (+/- 7.60%)
Fold: 6 of 20 Acc: 52.94% Mean: 51.37% (+/- 6.97%)
Fold: 7 of 20 Acc: 44.12% Mean: 50.34% (+/- 6.93%)
Fold: 8 of 20 Acc: 61.76% Mean: 51.76% (+/- 7.51%)
Fold: 9 of 20 Acc: 67.65% Mean: 53.53% (+/- 8.66%)
Fold: 10 of 20 Acc: 44.12% Mean: 52.59% (+/- 8.69%)
Fold: 11 of 20 Acc: 51.43% Mean: 52.48% (+/- 8.29%)
Fold: 12 of 20 Acc: 42.86% Mean: 51.68% (+/- 8.37%)
Fold: 13 of 20 Acc: 52.94% Mean: 51.78% (+/- 8.05%)
Fold: 14 of 20 Acc: 58.82% Mean: 52.28% (+/- 7.97%)
Fold: 15 of 20 Acc: 47.06% Mean: 51.93% (+/- 7.81%)
Fold: 16 of 20 Acc: 58.82% Mean: 52.36% (+/- 7.74%)
Fold: 17 of 20 Acc: 38.24% Mean: 51.53% (+/- 8.21%)
Fold: 18 of 20 Acc: 47.06% Mean: 51.28% (+/- 8.05%)
Fold: 19 of 20 Acc: 52.94% Mean: 51.37% (+/- 7.84%)
Fold: 20 of 20 Acc: 44.12% Mean: 51.01% (+/- 7.80%)
Frozen Blocks: 10
Fold: 1 of 20 Acc: 51.43% Mean: 51.43% (+/- 0.00%)
Fold: 2 of 20 Acc: 45.71% Mean: 48.57% (+/- 2.86%)
Fold: 3 of 20 Acc: 41.18% Mean: 46.11% (+/- 4.19%)
Fold: 4 of 20 Acc: 61.76% Mean: 50.02% (+/- 7.69%)
Fold: 5 of 20 Acc: 52.94% Mean: 50.61% (+/- 6.98%)
Fold: 6 of 20 Acc: 52.94% Mean: 50.99% (+/- 6.43%)
Fold: 7 of 20 Acc: 47.06% Mean: 50.43% (+/- 6.11%)
Fold: 8 of 20 Acc: 44.12% Mean: 49.64% (+/- 6.08%)
Fold: 9 of 20 Acc: 70.59% Mean: 51.97% (+/- 8.73%)
Fold: 10 of 20 Acc: 44.12% Mean: 51.18% (+/- 8.61%)
Fold: 11 of 20 Acc: 51.43% Mean: 51.21% (+/- 8.21%)
Fold: 12 of 20 Acc: 34.29% Mean: 49.80% (+/- 9.15%)
Fold: 13 of 20 Acc: 55.88% Mean: 50.27% (+/- 8.94%)
Fold: 14 of 20 Acc: 41.18% Mean: 49.62% (+/- 8.92%)
Fold: 15 of 20 Acc: 61.76% Mean: 50.43% (+/- 9.14%)
Fold: 16 of 20 Acc: 55.88% Mean: 50.77% (+/- 8.95%)
Fold: 17 of 20 Acc: 55.88% Mean: 51.07% (+/- 8.76%)
Fold: 18 of 20 Acc: 50.00% Mean: 51.01% (+/- 8.52%)
Fold: 19 of 20 Acc: 50.00% Mean: 50.96% (+/- 8.30%)
Fold: 20 of 20 Acc: 55.88% Mean: 51.20% (+/- 8.16%)
Frozen Blocks: 11
Fold: 1 of 20 Acc: 51.43% Mean: 51.43% (+/- 0.00%)
Fold: 2 of 20 Acc: 45.71% Mean: 48.57% (+/- 2.86%)
Fold: 3 of 20 Acc: 41.18% Mean: 46.11% (+/- 4.19%)
Fold: 4 of 20 Acc: 61.76% Mean: 50.02% (+/- 7.69%)
Fold: 5 of 20 Acc: 52.94% Mean: 50.61% (+/- 6.98%)
Fold: 6 of 20 Acc: 52.94% Mean: 50.99% (+/- 6.43%)
Fold: 7 of 20 Acc: 47.06% Mean: 50.43% (+/- 6.11%)
Fold: 8 of 20 Acc: 44.12% Mean: 49.64% (+/- 6.08%)
Fold: 9 of 20 Acc: 70.59% Mean: 51.97% (+/- 8.73%)
Fold: 10 of 20 Acc: 47.06% Mean: 51.48% (+/- 8.41%)
Fold: 11 of 20 Acc: 40.00% Mean: 50.44% (+/- 8.67%)
Fold: 12 of 20 Acc: 45.71% Mean: 50.04% (+/- 8.41%)
Fold: 13 of 20 Acc: 50.00% Mean: 50.04% (+/- 8.08%)
Fold: 14 of 20 Acc: 47.06% Mean: 49.83% (+/- 7.82%)
Fold: 15 of 20 Acc: 55.88% Mean: 50.23% (+/- 7.71%)
Fold: 16 of 20 Acc: 70.59% Mean: 51.50% (+/- 8.94%)
Fold: 17 of 20 Acc: 41.18% Mean: 50.89% (+/- 9.01%)
Fold: 18 of 20 Acc: 47.06% Mean: 50.68% (+/- 8.80%)
Fold: 19 of 20 Acc: 55.88% Mean: 50.96% (+/- 8.64%)
Fold: 20 of 20 Acc: 61.76% Mean: 51.50% (+/- 8.75%)
Frozen Blocks: 12
Fold: 1 of 20 Acc: 51.43% Mean: 51.43% (+/- 0.00%)
Fold: 2 of 20 Acc: 54.29% Mean: 52.86% (+/- 1.43%)
Fold: 3 of 20 Acc: 58.82% Mean: 54.85% (+/- 3.04%)
Fold: 4 of 20 Acc: 38.24% Mean: 50.69% (+/- 7.66%)
Fold: 5 of 20 Acc: 47.06% Mean: 49.97% (+/- 7.00%)
Fold: 6 of 20 Acc: 47.06% Mean: 49.48% (+/- 6.49%)
Fold: 7 of 20 Acc: 52.94% Mean: 49.98% (+/- 6.13%)
Fold: 8 of 20 Acc: 55.88% Mean: 50.71% (+/- 6.05%)
Fold: 9 of 20 Acc: 29.41% Mean: 48.35% (+/- 8.80%)
Fold: 10 of 20 Acc: 55.88% Mean: 49.10% (+/- 8.65%)
Fold: 11 of 20 Acc: 51.43% Mean: 49.31% (+/- 8.27%)
Fold: 12 of 20 Acc: 54.29% Mean: 49.73% (+/- 8.04%)
Fold: 13 of 20 Acc: 52.94% Mean: 49.97% (+/- 7.77%)
Fold: 14 of 20 Acc: 52.94% Mean: 50.19% (+/- 7.53%)
Fold: 15 of 20 Acc: 50.00% Mean: 50.17% (+/- 7.27%)
Fold: 16 of 20 Acc: 50.00% Mean: 50.16% (+/- 7.04%)
Fold: 17 of 20 Acc: 52.94% Mean: 50.33% (+/- 6.86%)
Fold: 18 of 20 Acc: 35.29% Mean: 49.49% (+/- 7.50%)
Fold: 19 of 20 Acc: 47.06% Mean: 49.36% (+/- 7.32%)
Fold: 20 of 20 Acc: 41.18% Mean: 48.95% (+/- 7.36%)
Frozen Blocks: 13
Fold: 1 of 20 Acc: 51.43% Mean: 51.43% (+/- 0.00%)
Fold: 2 of 20 Acc: 45.71% Mean: 48.57% (+/- 2.86%)
Fold: 3 of 20 Acc: 41.18% Mean: 46.11% (+/- 4.19%)
Fold: 4 of 20 Acc: 61.76% Mean: 50.02% (+/- 7.69%)
Fold: 5 of 20 Acc: 52.94% Mean: 50.61% (+/- 6.98%)
Fold: 6 of 20 Acc: 52.94% Mean: 50.99% (+/- 6.43%)
Fold: 7 of 20 Acc: 47.06% Mean: 50.43% (+/- 6.11%)
Fold: 8 of 20 Acc: 44.12% Mean: 49.64% (+/- 6.08%)
Fold: 9 of 20 Acc: 70.59% Mean: 51.97% (+/- 8.73%)
Fold: 10 of 20 Acc: 44.12% Mean: 51.18% (+/- 8.61%)
Fold: 11 of 20 Acc: 45.71% Mean: 50.69% (+/- 8.36%)
Fold: 12 of 20 Acc: 51.43% Mean: 50.75% (+/- 8.01%)
Fold: 13 of 20 Acc: 64.71% Mean: 51.82% (+/- 8.54%)
Fold: 14 of 20 Acc: 44.12% Mean: 51.27% (+/- 8.47%)
Fold: 15 of 20 Acc: 44.12% Mean: 50.80% (+/- 8.37%)
Fold: 16 of 20 Acc: 52.94% Mean: 50.93% (+/- 8.13%)
Fold: 17 of 20 Acc: 44.12% Mean: 50.53% (+/- 8.04%)
Fold: 18 of 20 Acc: 55.88% Mean: 50.83% (+/- 7.91%)
Fold: 19 of 20 Acc: 58.82% Mean: 51.25% (+/- 7.91%)
Fold: 20 of 20 Acc: 50.00% Mean: 51.18% (+/- 7.71%)
