Machine: PRECISION
Date: 21/01/2020 Time: 23:00:23
Alternative Dense Layer: True
Pooling Application Layer: None
Data Augmentation: False
Data Augmentation Multiplier: 1
Fine Tuning: 2
Optimizer: rmsprop

Model Type: VGG16
Fold: 1 of 100 Acc: 51.43% Mean: 51.43% (+/- 0.00%)
Fold: 2 of 100 Acc: 94.29% Mean: 72.86% (+/- 21.43%)
Fold: 3 of 100 Acc: 85.29% Mean: 77.00% (+/- 18.45%)
Fold: 4 of 100 Acc: 82.35% Mean: 78.34% (+/- 16.15%)
Fold: 5 of 100 Acc: 97.06% Mean: 82.08% (+/- 16.27%)
Fold: 6 of 100 Acc: 88.24% Mean: 83.11% (+/- 15.03%)
Fold: 7 of 100 Acc: 91.18% Mean: 84.26% (+/- 14.20%)
Fold: 8 of 100 Acc: 79.41% Mean: 83.66% (+/- 13.38%)
Fold: 9 of 100 Acc: 85.29% Mean: 83.84% (+/- 12.62%)
Fold: 10 of 100 Acc: 73.53% Mean: 82.81% (+/- 12.37%)
Fold: 11 of 100 Acc: 82.86% Mean: 82.81% (+/- 11.79%)
Fold: 12 of 100 Acc: 85.71% Mean: 83.05% (+/- 11.32%)
Fold: 13 of 100 Acc: 88.24% Mean: 83.45% (+/- 10.96%)
Fold: 14 of 100 Acc: 79.41% Mean: 83.16% (+/- 10.61%)
Fold: 15 of 100 Acc: 88.24% Mean: 83.50% (+/- 10.33%)
Fold: 16 of 100 Acc: 88.24% Mean: 83.80% (+/- 10.07%)
Fold: 17 of 100 Acc: 82.35% Mean: 83.71% (+/- 9.77%)
Fold: 18 of 100 Acc: 85.29% Mean: 83.80% (+/- 9.50%)
Fold: 19 of 100 Acc: 88.24% Mean: 84.03% (+/- 9.30%)
Fold: 20 of 100 Acc: 88.24% Mean: 84.24% (+/- 9.11%)
Fold: 21 of 100 Acc: 82.86% Mean: 84.18% (+/- 8.90%)
Fold: 22 of 100 Acc: 91.43% Mean: 84.51% (+/- 8.83%)
Fold: 23 of 100 Acc: 82.35% Mean: 84.41% (+/- 8.64%)
Fold: 24 of 100 Acc: 88.24% Mean: 84.57% (+/- 8.50%)
Fold: 25 of 100 Acc: 91.18% Mean: 84.84% (+/- 8.42%)
Fold: 26 of 100 Acc: 85.29% Mean: 84.85% (+/- 8.26%)
Fold: 27 of 100 Acc: 79.41% Mean: 84.65% (+/- 8.17%)
Fold: 28 of 100 Acc: 85.29% Mean: 84.68% (+/- 8.02%)
Fold: 29 of 100 Acc: 85.29% Mean: 84.70% (+/- 7.89%)
Fold: 30 of 100 Acc: 88.24% Mean: 84.82% (+/- 7.78%)
Fold: 31 of 100 Acc: 82.86% Mean: 84.75% (+/- 7.66%)
Fold: 32 of 100 Acc: 88.57% Mean: 84.87% (+/- 7.57%)
Fold: 33 of 100 Acc: 94.12% Mean: 85.15% (+/- 7.62%)
Fold: 34 of 100 Acc: 85.29% Mean: 85.16% (+/- 7.51%)
Fold: 35 of 100 Acc: 91.18% Mean: 85.33% (+/- 7.47%)
Fold: 36 of 100 Acc: 85.29% Mean: 85.33% (+/- 7.36%)
Fold: 37 of 100 Acc: 85.29% Mean: 85.33% (+/- 7.26%)
Fold: 38 of 100 Acc: 79.41% Mean: 85.17% (+/- 7.23%)
Fold: 39 of 100 Acc: 85.29% Mean: 85.17% (+/- 7.14%)
Fold: 40 of 100 Acc: 85.29% Mean: 85.18% (+/- 7.05%)
Fold: 41 of 100 Acc: 82.86% Mean: 85.12% (+/- 6.97%)
Fold: 42 of 100 Acc: 100.00% Mean: 85.47% (+/- 7.25%)
Fold: 43 of 100 Acc: 73.53% Mean: 85.20% (+/- 7.39%)
Fold: 44 of 100 Acc: 82.35% Mean: 85.13% (+/- 7.31%)
Fold: 45 of 100 Acc: 94.12% Mean: 85.33% (+/- 7.35%)
Fold: 46 of 100 Acc: 85.29% Mean: 85.33% (+/- 7.27%)
Fold: 47 of 100 Acc: 97.06% Mean: 85.58% (+/- 7.39%)
Fold: 48 of 100 Acc: 94.12% Mean: 85.76% (+/- 7.42%)
Fold: 49 of 100 Acc: 79.41% Mean: 85.63% (+/- 7.39%)
Fold: 50 of 100 Acc: 82.35% Mean: 85.56% (+/- 7.33%)
Fold: 51 of 100 Acc: 85.71% Mean: 85.57% (+/- 7.26%)
Fold: 52 of 100 Acc: 80.00% Mean: 85.46% (+/- 7.23%)
Fold: 53 of 100 Acc: 88.24% Mean: 85.51% (+/- 7.17%)
Fold: 54 of 100 Acc: 88.24% Mean: 85.56% (+/- 7.12%)
Fold: 55 of 100 Acc: 91.18% Mean: 85.66% (+/- 7.09%)
Fold: 56 of 100 Acc: 91.18% Mean: 85.76% (+/- 7.06%)
Fold: 57 of 100 Acc: 85.29% Mean: 85.75% (+/- 7.00%)
Fold: 58 of 100 Acc: 94.12% Mean: 85.90% (+/- 7.03%)
Fold: 59 of 100 Acc: 85.29% Mean: 85.89% (+/- 6.97%)
Fold: 60 of 100 Acc: 82.35% Mean: 85.83% (+/- 6.92%)
Fold: 61 of 100 Acc: 82.86% Mean: 85.78% (+/- 6.88%)
Fold: 62 of 100 Acc: 82.86% Mean: 85.73% (+/- 6.83%)
Fold: 63 of 100 Acc: 91.18% Mean: 85.82% (+/- 6.81%)
Fold: 64 of 100 Acc: 73.53% Mean: 85.63% (+/- 6.93%)
Fold: 65 of 100 Acc: 100.00% Mean: 85.85% (+/- 7.10%)
Fold: 66 of 100 Acc: 82.35% Mean: 85.80% (+/- 7.06%)
Fold: 67 of 100 Acc: 88.24% Mean: 85.83% (+/- 7.01%)
Fold: 68 of 100 Acc: 94.12% Mean: 85.95% (+/- 7.03%)
Fold: 69 of 100 Acc: 94.12% Mean: 86.07% (+/- 7.05%)
Fold: 70 of 100 Acc: 85.29% Mean: 86.06% (+/- 7.00%)
Fold: 71 of 100 Acc: 85.71% Mean: 86.06% (+/- 6.95%)
Fold: 72 of 100 Acc: 94.29% Mean: 86.17% (+/- 6.97%)
Fold: 73 of 100 Acc: 88.24% Mean: 86.20% (+/- 6.92%)
Fold: 74 of 100 Acc: 85.29% Mean: 86.19% (+/- 6.88%)
Fold: 75 of 100 Acc: 76.47% Mean: 86.06% (+/- 6.92%)
Fold: 76 of 100 Acc: 85.29% Mean: 86.05% (+/- 6.88%)
Fold: 77 of 100 Acc: 82.35% Mean: 86.00% (+/- 6.84%)
Fold: 78 of 100 Acc: 85.29% Mean: 85.99% (+/- 6.80%)
Fold: 79 of 100 Acc: 79.41% Mean: 85.91% (+/- 6.80%)
Fold: 80 of 100 Acc: 82.35% Mean: 85.86% (+/- 6.77%)
Fold: 81 of 100 Acc: 88.57% Mean: 85.90% (+/- 6.73%)
Fold: 82 of 100 Acc: 88.57% Mean: 85.93% (+/- 6.70%)
Fold: 83 of 100 Acc: 88.24% Mean: 85.96% (+/- 6.66%)
Fold: 84 of 100 Acc: 79.41% Mean: 85.88% (+/- 6.66%)
Fold: 85 of 100 Acc: 91.18% Mean: 85.94% (+/- 6.64%)
Fold: 86 of 100 Acc: 85.29% Mean: 85.93% (+/- 6.60%)
Fold: 87 of 100 Acc: 88.24% Mean: 85.96% (+/- 6.57%)
Fold: 88 of 100 Acc: 85.29% Mean: 85.95% (+/- 6.53%)
Fold: 89 of 100 Acc: 82.35% Mean: 85.91% (+/- 6.51%)
Fold: 90 of 100 Acc: 79.41% Mean: 85.84% (+/- 6.51%)
Fold: 91 of 100 Acc: 88.57% Mean: 85.87% (+/- 6.48%)
Fold: 92 of 100 Acc: 85.71% Mean: 85.87% (+/- 6.44%)
Fold: 93 of 100 Acc: 88.24% Mean: 85.89% (+/- 6.41%)
Fold: 94 of 100 Acc: 88.24% Mean: 85.92% (+/- 6.38%)
Fold: 95 of 100 Acc: 70.59% Mean: 85.76% (+/- 6.54%)
Fold: 96 of 100 Acc: 91.18% Mean: 85.81% (+/- 6.53%)
Fold: 97 of 100 Acc: 85.29% Mean: 85.81% (+/- 6.50%)
Fold: 98 of 100 Acc: 94.12% Mean: 85.89% (+/- 6.52%)
Fold: 99 of 100 Acc: 85.29% Mean: 85.89% (+/- 6.48%)
Fold: 100 of 100 Acc: 82.35% Mean: 85.85% (+/- 6.46%)
Model Type: VGG19
Fold: 1 of 100 Acc: 48.57% Mean: 48.57% (+/- 0.00%)
Fold: 2 of 100 Acc: 94.29% Mean: 71.43% (+/- 22.86%)
Fold: 3 of 100 Acc: 91.18% Mean: 78.01% (+/- 20.86%)
Fold: 4 of 100 Acc: 82.35% Mean: 79.10% (+/- 18.16%)
Fold: 5 of 100 Acc: 94.12% Mean: 82.10% (+/- 17.32%)
Fold: 6 of 100 Acc: 79.41% Mean: 81.65% (+/- 15.84%)
Fold: 7 of 100 Acc: 91.18% Mean: 83.01% (+/- 15.04%)
Fold: 8 of 100 Acc: 88.24% Mean: 83.67% (+/- 14.17%)
Fold: 9 of 100 Acc: 88.24% Mean: 84.17% (+/- 13.44%)
Fold: 10 of 100 Acc: 85.29% Mean: 84.29% (+/- 12.75%)
Fold: 11 of 100 Acc: 88.57% Mean: 84.68% (+/- 12.22%)
Fold: 12 of 100 Acc: 88.57% Mean: 85.00% (+/- 11.75%)
Fold: 13 of 100 Acc: 91.18% Mean: 85.48% (+/- 11.41%)
Fold: 14 of 100 Acc: 88.24% Mean: 85.67% (+/- 11.02%)
Fold: 15 of 100 Acc: 85.29% Mean: 85.65% (+/- 10.65%)
Fold: 16 of 100 Acc: 82.35% Mean: 85.44% (+/- 10.34%)
Fold: 17 of 100 Acc: 85.29% Mean: 85.43% (+/- 10.03%)
Fold: 18 of 100 Acc: 85.29% Mean: 85.42% (+/- 9.75%)
Fold: 19 of 100 Acc: 94.12% Mean: 85.88% (+/- 9.68%)
Fold: 20 of 100 Acc: 88.24% Mean: 86.00% (+/- 9.45%)
Fold: 21 of 100 Acc: 91.43% Mean: 86.26% (+/- 9.30%)
Fold: 22 of 100 Acc: 88.57% Mean: 86.36% (+/- 9.10%)
Fold: 23 of 100 Acc: 85.29% Mean: 86.32% (+/- 8.90%)
Fold: 24 of 100 Acc: 94.12% Mean: 86.64% (+/- 8.85%)
Fold: 25 of 100 Acc: 88.24% Mean: 86.71% (+/- 8.68%)
Fold: 26 of 100 Acc: 82.35% Mean: 86.54% (+/- 8.55%)
Fold: 27 of 100 Acc: 79.41% Mean: 86.27% (+/- 8.50%)
Fold: 28 of 100 Acc: 94.12% Mean: 86.55% (+/- 8.47%)
Fold: 29 of 100 Acc: 85.29% Mean: 86.51% (+/- 8.33%)
Fold: 30 of 100 Acc: 85.29% Mean: 86.47% (+/- 8.19%)
Fold: 31 of 100 Acc: 82.86% Mean: 86.35% (+/- 8.08%)
Fold: 32 of 100 Acc: 82.86% Mean: 86.24% (+/- 7.98%)
Fold: 33 of 100 Acc: 91.18% Mean: 86.39% (+/- 7.90%)
Fold: 34 of 100 Acc: 85.29% Mean: 86.36% (+/- 7.78%)
Fold: 35 of 100 Acc: 82.35% Mean: 86.25% (+/- 7.70%)
Fold: 36 of 100 Acc: 97.06% Mean: 86.55% (+/- 7.80%)
Fold: 37 of 100 Acc: 88.24% Mean: 86.59% (+/- 7.70%)
Fold: 38 of 100 Acc: 91.18% Mean: 86.71% (+/- 7.63%)
Fold: 39 of 100 Acc: 82.35% Mean: 86.60% (+/- 7.56%)
Fold: 40 of 100 Acc: 88.24% Mean: 86.64% (+/- 7.47%)
Fold: 41 of 100 Acc: 74.29% Mean: 86.34% (+/- 7.62%)
Fold: 42 of 100 Acc: 85.71% Mean: 86.33% (+/- 7.53%)
Fold: 43 of 100 Acc: 91.18% Mean: 86.44% (+/- 7.48%)
Fold: 44 of 100 Acc: 79.41% Mean: 86.28% (+/- 7.47%)
Fold: 45 of 100 Acc: 91.18% Mean: 86.39% (+/- 7.42%)
Fold: 46 of 100 Acc: 82.35% Mean: 86.30% (+/- 7.36%)
Fold: 47 of 100 Acc: 88.24% Mean: 86.34% (+/- 7.29%)
Fold: 48 of 100 Acc: 85.29% Mean: 86.32% (+/- 7.22%)
Fold: 49 of 100 Acc: 85.29% Mean: 86.30% (+/- 7.14%)
Fold: 50 of 100 Acc: 94.12% Mean: 86.46% (+/- 7.16%)
Fold: 51 of 100 Acc: 88.57% Mean: 86.50% (+/- 7.09%)
Fold: 52 of 100 Acc: 85.71% Mean: 86.48% (+/- 7.02%)
Fold: 53 of 100 Acc: 82.35% Mean: 86.40% (+/- 6.98%)
Fold: 54 of 100 Acc: 82.35% Mean: 86.33% (+/- 6.94%)
Fold: 55 of 100 Acc: 85.29% Mean: 86.31% (+/- 6.87%)
Fold: 56 of 100 Acc: 88.24% Mean: 86.34% (+/- 6.82%)
Fold: 57 of 100 Acc: 91.18% Mean: 86.43% (+/- 6.79%)
Fold: 58 of 100 Acc: 82.35% Mean: 86.36% (+/- 6.75%)
Fold: 59 of 100 Acc: 82.35% Mean: 86.29% (+/- 6.71%)
Fold: 60 of 100 Acc: 91.18% Mean: 86.37% (+/- 6.68%)
Fold: 61 of 100 Acc: 91.43% Mean: 86.46% (+/- 6.66%)
Fold: 62 of 100 Acc: 85.71% Mean: 86.44% (+/- 6.61%)
Fold: 63 of 100 Acc: 76.47% Mean: 86.29% (+/- 6.67%)
Fold: 64 of 100 Acc: 100.00% Mean: 86.50% (+/- 6.83%)
Fold: 65 of 100 Acc: 76.47% Mean: 86.35% (+/- 6.89%)
Fold: 66 of 100 Acc: 88.24% Mean: 86.37% (+/- 6.84%)
Fold: 67 of 100 Acc: 88.24% Mean: 86.40% (+/- 6.80%)
Fold: 68 of 100 Acc: 88.24% Mean: 86.43% (+/- 6.75%)
Fold: 69 of 100 Acc: 97.06% Mean: 86.58% (+/- 6.82%)
Fold: 70 of 100 Acc: 100.00% Mean: 86.77% (+/- 6.96%)
Fold: 71 of 100 Acc: 91.43% Mean: 86.84% (+/- 6.93%)
Fold: 72 of 100 Acc: 82.86% Mean: 86.78% (+/- 6.90%)
Fold: 73 of 100 Acc: 88.24% Mean: 86.80% (+/- 6.85%)
Fold: 74 of 100 Acc: 85.29% Mean: 86.78% (+/- 6.81%)
Fold: 75 of 100 Acc: 85.29% Mean: 86.76% (+/- 6.76%)
Fold: 76 of 100 Acc: 91.18% Mean: 86.82% (+/- 6.74%)
Fold: 77 of 100 Acc: 97.06% Mean: 86.96% (+/- 6.79%)
Fold: 78 of 100 Acc: 91.18% Mean: 87.01% (+/- 6.77%)
Fold: 79 of 100 Acc: 82.35% Mean: 86.95% (+/- 6.74%)
Fold: 80 of 100 Acc: 94.12% Mean: 87.04% (+/- 6.75%)
Fold: 81 of 100 Acc: 82.86% Mean: 86.99% (+/- 6.72%)
Fold: 82 of 100 Acc: 88.57% Mean: 87.01% (+/- 6.68%)
Fold: 83 of 100 Acc: 82.35% Mean: 86.95% (+/- 6.66%)
Fold: 84 of 100 Acc: 91.18% Mean: 87.00% (+/- 6.64%)
Fold: 85 of 100 Acc: 85.29% Mean: 86.98% (+/- 6.60%)
Fold: 86 of 100 Acc: 97.06% Mean: 87.10% (+/- 6.65%)
Fold: 87 of 100 Acc: 94.12% Mean: 87.18% (+/- 6.66%)
Fold: 88 of 100 Acc: 85.29% Mean: 87.16% (+/- 6.62%)
Fold: 89 of 100 Acc: 88.24% Mean: 87.17% (+/- 6.58%)
Fold: 90 of 100 Acc: 97.06% Mean: 87.28% (+/- 6.63%)
Fold: 91 of 100 Acc: 88.57% Mean: 87.29% (+/- 6.59%)
Fold: 92 of 100 Acc: 77.14% Mean: 87.18% (+/- 6.64%)
Fold: 93 of 100 Acc: 97.06% Mean: 87.29% (+/- 6.68%)
Fold: 94 of 100 Acc: 88.24% Mean: 87.30% (+/- 6.65%)
Fold: 95 of 100 Acc: 88.24% Mean: 87.31% (+/- 6.62%)
Fold: 96 of 100 Acc: 94.12% Mean: 87.38% (+/- 6.62%)
Fold: 97 of 100 Acc: 82.35% Mean: 87.33% (+/- 6.60%)
Fold: 98 of 100 Acc: 82.35% Mean: 87.28% (+/- 6.59%)
Fold: 99 of 100 Acc: 79.41% Mean: 87.20% (+/- 6.60%)
Fold: 100 of 100 Acc: 94.12% Mean: 87.27% (+/- 6.60%)
