Machine: PRECISION
Date: 09/01/2020 Time: 19:25:27
Alternative Dense Layer: False
Pooling Application Layer: None
Data Augmentation: False
Data Augmentation Multiplier: 1
Fine Tuning: 3

Model Type: VGG16
Fold: 1 of 100 Acc: 51.43% Mean: 51.43% (+/- 0.00%)
Fold: 2 of 100 Acc: 88.57% Mean: 70.00% (+/- 18.57%)
Fold: 3 of 100 Acc: 94.12% Mean: 78.04% (+/- 18.95%)
Fold: 4 of 100 Acc: 79.41% Mean: 78.38% (+/- 16.42%)
Fold: 5 of 100 Acc: 91.18% Mean: 80.94% (+/- 15.56%)
Fold: 6 of 100 Acc: 91.18% Mean: 82.65% (+/- 14.70%)
Fold: 7 of 100 Acc: 94.12% Mean: 84.29% (+/- 14.19%)
Fold: 8 of 100 Acc: 88.24% Mean: 84.78% (+/- 13.34%)
Fold: 9 of 100 Acc: 79.41% Mean: 84.18% (+/- 12.69%)
Fold: 10 of 100 Acc: 88.24% Mean: 84.59% (+/- 12.10%)
Fold: 11 of 100 Acc: 97.14% Mean: 85.73% (+/- 12.09%)
Fold: 12 of 100 Acc: 77.14% Mean: 85.01% (+/- 11.81%)
Fold: 13 of 100 Acc: 91.18% Mean: 85.49% (+/- 11.47%)
Fold: 14 of 100 Acc: 88.24% Mean: 85.68% (+/- 11.07%)
Fold: 15 of 100 Acc: 94.12% Mean: 86.25% (+/- 10.90%)
Fold: 16 of 100 Acc: 94.12% Mean: 86.74% (+/- 10.73%)
Fold: 17 of 100 Acc: 85.29% Mean: 86.65% (+/- 10.41%)
Fold: 18 of 100 Acc: 85.29% Mean: 86.58% (+/- 10.12%)
Fold: 19 of 100 Acc: 94.12% Mean: 86.97% (+/- 10.00%)
Fold: 20 of 100 Acc: 85.29% Mean: 86.89% (+/- 9.75%)
Fold: 21 of 100 Acc: 85.71% Mean: 86.83% (+/- 9.52%)
Fold: 22 of 100 Acc: 94.29% Mean: 87.17% (+/- 9.43%)
Fold: 23 of 100 Acc: 91.18% Mean: 87.35% (+/- 9.26%)
Fold: 24 of 100 Acc: 88.24% Mean: 87.38% (+/- 9.06%)
Fold: 25 of 100 Acc: 94.12% Mean: 87.65% (+/- 8.98%)
Fold: 26 of 100 Acc: 94.12% Mean: 87.90% (+/- 8.89%)
Fold: 27 of 100 Acc: 85.29% Mean: 87.81% (+/- 8.74%)
Fold: 28 of 100 Acc: 85.29% Mean: 87.72% (+/- 8.59%)
Fold: 29 of 100 Acc: 97.06% Mean: 88.04% (+/- 8.62%)
Fold: 30 of 100 Acc: 82.35% Mean: 87.85% (+/- 8.53%)
Fold: 31 of 100 Acc: 85.71% Mean: 87.78% (+/- 8.40%)
Fold: 32 of 100 Acc: 91.43% Mean: 87.89% (+/- 8.29%)
Fold: 33 of 100 Acc: 88.24% Mean: 87.90% (+/- 8.17%)
Fold: 34 of 100 Acc: 88.24% Mean: 87.91% (+/- 8.05%)
Fold: 35 of 100 Acc: 91.18% Mean: 88.01% (+/- 7.95%)
Fold: 36 of 100 Acc: 94.12% Mean: 88.18% (+/- 7.90%)
Fold: 37 of 100 Acc: 91.18% Mean: 88.26% (+/- 7.81%)
Fold: 38 of 100 Acc: 85.29% Mean: 88.18% (+/- 7.72%)
Fold: 39 of 100 Acc: 91.18% Mean: 88.26% (+/- 7.64%)
Fold: 40 of 100 Acc: 91.18% Mean: 88.33% (+/- 7.55%)
Fold: 41 of 100 Acc: 85.71% Mean: 88.27% (+/- 7.47%)
Fold: 42 of 100 Acc: 91.43% Mean: 88.34% (+/- 7.40%)
Fold: 43 of 100 Acc: 91.18% Mean: 88.41% (+/- 7.32%)
Fold: 44 of 100 Acc: 88.24% Mean: 88.40% (+/- 7.24%)
Fold: 45 of 100 Acc: 97.06% Mean: 88.60% (+/- 7.27%)
Fold: 46 of 100 Acc: 88.24% Mean: 88.59% (+/- 7.19%)
Fold: 47 of 100 Acc: 82.35% Mean: 88.46% (+/- 7.17%)
Fold: 48 of 100 Acc: 94.12% Mean: 88.57% (+/- 7.14%)
Fold: 49 of 100 Acc: 82.35% Mean: 88.45% (+/- 7.13%)
Fold: 50 of 100 Acc: 82.35% Mean: 88.32% (+/- 7.10%)
Fold: 51 of 100 Acc: 88.57% Mean: 88.33% (+/- 7.03%)
Fold: 52 of 100 Acc: 88.57% Mean: 88.33% (+/- 6.97%)
Fold: 53 of 100 Acc: 91.18% Mean: 88.39% (+/- 6.91%)
Fold: 54 of 100 Acc: 94.12% Mean: 88.49% (+/- 6.89%)
Fold: 55 of 100 Acc: 91.18% Mean: 88.54% (+/- 6.84%)
Fold: 56 of 100 Acc: 91.18% Mean: 88.59% (+/- 6.79%)
Fold: 57 of 100 Acc: 88.24% Mean: 88.58% (+/- 6.73%)
Fold: 58 of 100 Acc: 91.18% Mean: 88.63% (+/- 6.68%)
Fold: 59 of 100 Acc: 97.06% Mean: 88.77% (+/- 6.71%)
Fold: 60 of 100 Acc: 85.29% Mean: 88.71% (+/- 6.67%)
Fold: 61 of 100 Acc: 91.43% Mean: 88.76% (+/- 6.62%)
Fold: 62 of 100 Acc: 91.43% Mean: 88.80% (+/- 6.58%)
Fold: 63 of 100 Acc: 88.24% Mean: 88.79% (+/- 6.52%)
Fold: 64 of 100 Acc: 91.18% Mean: 88.83% (+/- 6.48%)
Fold: 65 of 100 Acc: 91.18% Mean: 88.86% (+/- 6.44%)
Fold: 66 of 100 Acc: 97.06% Mean: 88.99% (+/- 6.46%)
Fold: 67 of 100 Acc: 88.24% Mean: 88.98% (+/- 6.42%)
Fold: 68 of 100 Acc: 79.41% Mean: 88.84% (+/- 6.47%)
Fold: 69 of 100 Acc: 88.24% Mean: 88.83% (+/- 6.43%)
Fold: 70 of 100 Acc: 85.29% Mean: 88.78% (+/- 6.39%)
Fold: 71 of 100 Acc: 85.71% Mean: 88.73% (+/- 6.36%)
Fold: 72 of 100 Acc: 94.29% Mean: 88.81% (+/- 6.35%)
Fold: 73 of 100 Acc: 94.12% Mean: 88.88% (+/- 6.33%)
Fold: 74 of 100 Acc: 88.24% Mean: 88.88% (+/- 6.29%)
Fold: 75 of 100 Acc: 79.41% Mean: 88.75% (+/- 6.34%)
Fold: 76 of 100 Acc: 91.18% Mean: 88.78% (+/- 6.31%)
Fold: 77 of 100 Acc: 91.18% Mean: 88.81% (+/- 6.27%)
Fold: 78 of 100 Acc: 91.18% Mean: 88.84% (+/- 6.24%)
Fold: 79 of 100 Acc: 97.06% Mean: 88.95% (+/- 6.27%)
Fold: 80 of 100 Acc: 85.29% Mean: 88.90% (+/- 6.24%)
Fold: 81 of 100 Acc: 82.86% Mean: 88.83% (+/- 6.24%)
Fold: 82 of 100 Acc: 97.14% Mean: 88.93% (+/- 6.27%)
Fold: 83 of 100 Acc: 85.29% Mean: 88.88% (+/- 6.24%)
Fold: 84 of 100 Acc: 97.06% Mean: 88.98% (+/- 6.27%)
Fold: 85 of 100 Acc: 97.06% Mean: 89.08% (+/- 6.29%)
Fold: 86 of 100 Acc: 88.24% Mean: 89.07% (+/- 6.25%)
Fold: 87 of 100 Acc: 94.12% Mean: 89.12% (+/- 6.24%)
Fold: 88 of 100 Acc: 85.29% Mean: 89.08% (+/- 6.22%)
Fold: 89 of 100 Acc: 94.12% Mean: 89.14% (+/- 6.21%)
Fold: 90 of 100 Acc: 88.24% Mean: 89.13% (+/- 6.17%)
Fold: 91 of 100 Acc: 85.71% Mean: 89.09% (+/- 6.15%)
Fold: 92 of 100 Acc: 85.71% Mean: 89.05% (+/- 6.13%)
Fold: 93 of 100 Acc: 91.18% Mean: 89.08% (+/- 6.10%)
Fold: 94 of 100 Acc: 94.12% Mean: 89.13% (+/- 6.09%)
Fold: 95 of 100 Acc: 88.24% Mean: 89.12% (+/- 6.05%)
Fold: 96 of 100 Acc: 85.29% Mean: 89.08% (+/- 6.04%)
Fold: 97 of 100 Acc: 88.24% Mean: 89.07% (+/- 6.00%)
Fold: 98 of 100 Acc: 91.18% Mean: 89.09% (+/- 5.98%)
Fold: 99 of 100 Acc: 82.35% Mean: 89.03% (+/- 5.99%)
Fold: 100 of 100 Acc: 82.35% Mean: 88.96% (+/- 5.99%)
Model Type: VGG19
Fold: 1 of 100 Acc: 91.43% Mean: 91.43% (+/- 0.00%)
Fold: 2 of 100 Acc: 88.57% Mean: 90.00% (+/- 1.43%)
Fold: 3 of 100 Acc: 94.12% Mean: 91.37% (+/- 2.26%)
Fold: 4 of 100 Acc: 91.18% Mean: 91.32% (+/- 1.96%)
Fold: 5 of 100 Acc: 88.24% Mean: 90.71% (+/- 2.15%)
Fold: 6 of 100 Acc: 94.12% Mean: 91.27% (+/- 2.34%)
Fold: 7 of 100 Acc: 94.12% Mean: 91.68% (+/- 2.38%)
Fold: 8 of 100 Acc: 79.41% Mean: 90.15% (+/- 4.63%)
Fold: 9 of 100 Acc: 88.24% Mean: 89.93% (+/- 4.40%)
Fold: 10 of 100 Acc: 79.41% Mean: 88.88% (+/- 5.24%)
Fold: 11 of 100 Acc: 82.86% Mean: 88.33% (+/- 5.29%)
Fold: 12 of 100 Acc: 77.14% Mean: 87.40% (+/- 5.93%)
Fold: 13 of 100 Acc: 100.00% Mean: 88.37% (+/- 6.61%)
Fold: 14 of 100 Acc: 82.35% Mean: 87.94% (+/- 6.56%)
Fold: 15 of 100 Acc: 94.12% Mean: 88.35% (+/- 6.52%)
Fold: 16 of 100 Acc: 97.06% Mean: 88.90% (+/- 6.66%)
Fold: 17 of 100 Acc: 91.18% Mean: 89.03% (+/- 6.48%)
Fold: 18 of 100 Acc: 94.12% Mean: 89.31% (+/- 6.40%)
Fold: 19 of 100 Acc: 76.47% Mean: 88.64% (+/- 6.86%)
Fold: 20 of 100 Acc: 88.24% Mean: 88.62% (+/- 6.69%)
Fold: 21 of 100 Acc: 82.86% Mean: 88.34% (+/- 6.64%)
Fold: 22 of 100 Acc: 91.43% Mean: 88.48% (+/- 6.52%)
Fold: 23 of 100 Acc: 97.06% Mean: 88.86% (+/- 6.61%)
Fold: 24 of 100 Acc: 91.18% Mean: 88.95% (+/- 6.49%)
Fold: 25 of 100 Acc: 91.18% Mean: 89.04% (+/- 6.37%)
Fold: 26 of 100 Acc: 94.12% Mean: 89.24% (+/- 6.33%)
Fold: 27 of 100 Acc: 85.29% Mean: 89.09% (+/- 6.25%)
Fold: 28 of 100 Acc: 100.00% Mean: 89.48% (+/- 6.46%)
Fold: 29 of 100 Acc: 85.29% Mean: 89.34% (+/- 6.40%)
Fold: 30 of 100 Acc: 76.47% Mean: 88.91% (+/- 6.70%)
Fold: 31 of 100 Acc: 88.57% Mean: 88.90% (+/- 6.59%)
Fold: 32 of 100 Acc: 88.57% Mean: 88.89% (+/- 6.49%)
Fold: 33 of 100 Acc: 97.06% Mean: 89.13% (+/- 6.54%)
Fold: 34 of 100 Acc: 91.18% Mean: 89.19% (+/- 6.45%)
Fold: 35 of 100 Acc: 85.29% Mean: 89.08% (+/- 6.39%)
Fold: 36 of 100 Acc: 91.18% Mean: 89.14% (+/- 6.31%)
Fold: 37 of 100 Acc: 94.12% Mean: 89.28% (+/- 6.28%)
Fold: 38 of 100 Acc: 82.35% Mean: 89.09% (+/- 6.30%)
Fold: 39 of 100 Acc: 88.24% Mean: 89.07% (+/- 6.22%)
Fold: 40 of 100 Acc: 85.29% Mean: 88.98% (+/- 6.17%)
Fold: 41 of 100 Acc: 91.43% Mean: 89.04% (+/- 6.10%)
Fold: 42 of 100 Acc: 94.29% Mean: 89.16% (+/- 6.08%)
Fold: 43 of 100 Acc: 85.29% Mean: 89.07% (+/- 6.04%)
Fold: 44 of 100 Acc: 82.35% Mean: 88.92% (+/- 6.05%)
Fold: 45 of 100 Acc: 97.06% Mean: 89.10% (+/- 6.10%)
Fold: 46 of 100 Acc: 85.29% Mean: 89.02% (+/- 6.06%)
Fold: 47 of 100 Acc: 88.24% Mean: 89.00% (+/- 6.00%)
Fold: 48 of 100 Acc: 82.35% Mean: 88.86% (+/- 6.01%)
Fold: 49 of 100 Acc: 85.29% Mean: 88.79% (+/- 5.97%)
Fold: 50 of 100 Acc: 85.29% Mean: 88.72% (+/- 5.93%)
Fold: 51 of 100 Acc: 85.71% Mean: 88.66% (+/- 5.89%)
Fold: 52 of 100 Acc: 91.43% Mean: 88.71% (+/- 5.84%)
Fold: 53 of 100 Acc: 94.12% Mean: 88.82% (+/- 5.83%)
Fold: 54 of 100 Acc: 85.29% Mean: 88.75% (+/- 5.80%)
Fold: 55 of 100 Acc: 82.35% Mean: 88.63% (+/- 5.81%)
Fold: 56 of 100 Acc: 91.18% Mean: 88.68% (+/- 5.77%)
Fold: 57 of 100 Acc: 82.35% Mean: 88.57% (+/- 5.78%)
Fold: 58 of 100 Acc: 100.00% Mean: 88.77% (+/- 5.92%)
Fold: 59 of 100 Acc: 85.29% Mean: 88.71% (+/- 5.88%)
Fold: 60 of 100 Acc: 82.35% Mean: 88.60% (+/- 5.89%)
Fold: 61 of 100 Acc: 91.43% Mean: 88.65% (+/- 5.85%)
Fold: 62 of 100 Acc: 91.43% Mean: 88.69% (+/- 5.82%)
Fold: 63 of 100 Acc: 82.35% Mean: 88.59% (+/- 5.82%)
Fold: 64 of 100 Acc: 82.35% Mean: 88.49% (+/- 5.83%)
Fold: 65 of 100 Acc: 85.29% Mean: 88.44% (+/- 5.80%)
Fold: 66 of 100 Acc: 91.18% Mean: 88.49% (+/- 5.76%)
Fold: 67 of 100 Acc: 91.18% Mean: 88.53% (+/- 5.73%)
Fold: 68 of 100 Acc: 91.18% Mean: 88.57% (+/- 5.70%)
Fold: 69 of 100 Acc: 94.12% Mean: 88.65% (+/- 5.69%)
Fold: 70 of 100 Acc: 85.29% Mean: 88.60% (+/- 5.67%)
Fold: 71 of 100 Acc: 88.57% Mean: 88.60% (+/- 5.63%)
Fold: 72 of 100 Acc: 94.29% Mean: 88.68% (+/- 5.63%)
Fold: 73 of 100 Acc: 82.35% Mean: 88.59% (+/- 5.64%)
Fold: 74 of 100 Acc: 91.18% Mean: 88.62% (+/- 5.61%)
Fold: 75 of 100 Acc: 85.29% Mean: 88.58% (+/- 5.58%)
Fold: 76 of 100 Acc: 94.12% Mean: 88.65% (+/- 5.58%)
Fold: 77 of 100 Acc: 88.24% Mean: 88.65% (+/- 5.55%)
Fold: 78 of 100 Acc: 88.24% Mean: 88.64% (+/- 5.51%)
Fold: 79 of 100 Acc: 94.12% Mean: 88.71% (+/- 5.51%)
Fold: 80 of 100 Acc: 91.18% Mean: 88.74% (+/- 5.48%)
Fold: 81 of 100 Acc: 85.71% Mean: 88.71% (+/- 5.46%)
Fold: 82 of 100 Acc: 80.00% Mean: 88.60% (+/- 5.51%)
Fold: 83 of 100 Acc: 91.18% Mean: 88.63% (+/- 5.48%)
Fold: 84 of 100 Acc: 91.18% Mean: 88.66% (+/- 5.46%)
Fold: 85 of 100 Acc: 94.12% Mean: 88.72% (+/- 5.46%)
Fold: 86 of 100 Acc: 76.47% Mean: 88.58% (+/- 5.58%)
Fold: 87 of 100 Acc: 97.06% Mean: 88.68% (+/- 5.62%)
Fold: 88 of 100 Acc: 73.53% Mean: 88.51% (+/- 5.82%)
Fold: 89 of 100 Acc: 94.12% Mean: 88.57% (+/- 5.81%)
Fold: 90 of 100 Acc: 82.35% Mean: 88.50% (+/- 5.82%)
Fold: 91 of 100 Acc: 85.71% Mean: 88.47% (+/- 5.79%)
Fold: 92 of 100 Acc: 85.71% Mean: 88.44% (+/- 5.77%)
Fold: 93 of 100 Acc: 73.53% Mean: 88.28% (+/- 5.94%)
Fold: 94 of 100 Acc: 94.12% Mean: 88.34% (+/- 5.94%)
Fold: 95 of 100 Acc: 82.35% Mean: 88.28% (+/- 5.94%)
Fold: 96 of 100 Acc: 97.06% Mean: 88.37% (+/- 5.97%)
Fold: 97 of 100 Acc: 91.18% Mean: 88.40% (+/- 5.95%)
Fold: 98 of 100 Acc: 85.29% Mean: 88.37% (+/- 5.93%)
Fold: 99 of 100 Acc: 91.18% Mean: 88.40% (+/- 5.90%)
Fold: 100 of 100 Acc: 82.35% Mean: 88.34% (+/- 5.91%)
