Machine: PRECISION
Date: 10/01/2020 Time: 12:39:23
Alternative Dense Layer: False
Pooling Application Layer: None
Data Augmentation: True
Data Augmentation Multiplier: 4
Fine Tuning: 2

Model Type: VGG16
Fold: 1 of 100 Acc: 51.43% Mean: 51.43% (+/- 0.00%)
Fold: 2 of 100 Acc: 91.43% Mean: 71.43% (+/- 20.00%)
Fold: 3 of 100 Acc: 82.35% Mean: 75.07% (+/- 17.12%)
Fold: 4 of 100 Acc: 88.24% Mean: 78.36% (+/- 15.89%)
Fold: 5 of 100 Acc: 94.12% Mean: 81.51% (+/- 15.54%)
Fold: 6 of 100 Acc: 88.24% Mean: 82.63% (+/- 14.41%)
Fold: 7 of 100 Acc: 94.12% Mean: 84.27% (+/- 13.93%)
Fold: 8 of 100 Acc: 85.29% Mean: 84.40% (+/- 13.04%)
Fold: 9 of 100 Acc: 82.35% Mean: 84.17% (+/- 12.31%)
Fold: 10 of 100 Acc: 79.41% Mean: 83.70% (+/- 11.76%)
Fold: 11 of 100 Acc: 88.57% Mean: 84.14% (+/- 11.30%)
Fold: 12 of 100 Acc: 85.71% Mean: 84.27% (+/- 10.83%)
Fold: 13 of 100 Acc: 85.29% Mean: 84.35% (+/- 10.41%)
Fold: 14 of 100 Acc: 85.29% Mean: 84.42% (+/- 10.03%)
Fold: 15 of 100 Acc: 94.12% Mean: 85.06% (+/- 9.99%)
Fold: 16 of 100 Acc: 79.41% Mean: 84.71% (+/- 9.77%)
Fold: 17 of 100 Acc: 82.35% Mean: 84.57% (+/- 9.49%)
Fold: 18 of 100 Acc: 85.29% Mean: 84.61% (+/- 9.23%)
Fold: 19 of 100 Acc: 94.12% Mean: 85.11% (+/- 9.23%)
Fold: 20 of 100 Acc: 85.29% Mean: 85.12% (+/- 9.00%)
Fold: 21 of 100 Acc: 85.71% Mean: 85.15% (+/- 8.78%)
Fold: 22 of 100 Acc: 82.86% Mean: 85.05% (+/- 8.59%)
Fold: 23 of 100 Acc: 97.06% Mean: 85.57% (+/- 8.75%)
Fold: 24 of 100 Acc: 76.47% Mean: 85.19% (+/- 8.76%)
Fold: 25 of 100 Acc: 91.18% Mean: 85.43% (+/- 8.66%)
Fold: 26 of 100 Acc: 97.06% Mean: 85.88% (+/- 8.78%)
Fold: 27 of 100 Acc: 91.18% Mean: 86.07% (+/- 8.68%)
Fold: 28 of 100 Acc: 88.24% Mean: 86.15% (+/- 8.53%)
Fold: 29 of 100 Acc: 82.35% Mean: 86.02% (+/- 8.41%)
Fold: 30 of 100 Acc: 82.35% Mean: 85.90% (+/- 8.30%)
Fold: 31 of 100 Acc: 91.43% Mean: 86.07% (+/- 8.22%)
Fold: 32 of 100 Acc: 77.14% Mean: 85.80% (+/- 8.24%)
Fold: 33 of 100 Acc: 73.53% Mean: 85.42% (+/- 8.38%)
Fold: 34 of 100 Acc: 94.12% Mean: 85.68% (+/- 8.39%)
Fold: 35 of 100 Acc: 91.18% Mean: 85.84% (+/- 8.32%)
Fold: 36 of 100 Acc: 85.29% Mean: 85.82% (+/- 8.20%)
Fold: 37 of 100 Acc: 85.29% Mean: 85.81% (+/- 8.09%)
Fold: 38 of 100 Acc: 94.12% Mean: 86.03% (+/- 8.09%)
Fold: 39 of 100 Acc: 94.12% Mean: 86.23% (+/- 8.09%)
Fold: 40 of 100 Acc: 73.53% Mean: 85.92% (+/- 8.23%)
Fold: 41 of 100 Acc: 88.57% Mean: 85.98% (+/- 8.14%)
Fold: 42 of 100 Acc: 94.29% Mean: 86.18% (+/- 8.14%)
Fold: 43 of 100 Acc: 91.18% Mean: 86.29% (+/- 8.08%)
Fold: 44 of 100 Acc: 76.47% Mean: 86.07% (+/- 8.12%)
Fold: 45 of 100 Acc: 91.18% Mean: 86.18% (+/- 8.07%)
Fold: 46 of 100 Acc: 91.18% Mean: 86.29% (+/- 8.01%)
Fold: 47 of 100 Acc: 88.24% Mean: 86.33% (+/- 7.93%)
Fold: 48 of 100 Acc: 91.18% Mean: 86.44% (+/- 7.88%)
Fold: 49 of 100 Acc: 82.35% Mean: 86.35% (+/- 7.82%)
Fold: 50 of 100 Acc: 91.18% Mean: 86.45% (+/- 7.77%)
Fold: 51 of 100 Acc: 88.57% Mean: 86.49% (+/- 7.70%)
Fold: 52 of 100 Acc: 88.57% Mean: 86.53% (+/- 7.63%)
Fold: 53 of 100 Acc: 88.24% Mean: 86.56% (+/- 7.56%)
Fold: 54 of 100 Acc: 88.24% Mean: 86.59% (+/- 7.49%)
Fold: 55 of 100 Acc: 88.24% Mean: 86.62% (+/- 7.43%)
Fold: 56 of 100 Acc: 88.24% Mean: 86.65% (+/- 7.36%)
Fold: 57 of 100 Acc: 91.18% Mean: 86.73% (+/- 7.32%)
Fold: 58 of 100 Acc: 82.35% Mean: 86.66% (+/- 7.28%)
Fold: 59 of 100 Acc: 97.06% Mean: 86.83% (+/- 7.34%)
Fold: 60 of 100 Acc: 91.18% Mean: 86.90% (+/- 7.30%)
Fold: 61 of 100 Acc: 88.57% Mean: 86.93% (+/- 7.25%)
Fold: 62 of 100 Acc: 80.00% Mean: 86.82% (+/- 7.24%)
Fold: 63 of 100 Acc: 88.24% Mean: 86.84% (+/- 7.19%)
Fold: 64 of 100 Acc: 82.35% Mean: 86.77% (+/- 7.15%)
Fold: 65 of 100 Acc: 88.24% Mean: 86.80% (+/- 7.10%)
Fold: 66 of 100 Acc: 88.24% Mean: 86.82% (+/- 7.05%)
Fold: 67 of 100 Acc: 85.29% Mean: 86.79% (+/- 7.00%)
Fold: 68 of 100 Acc: 94.12% Mean: 86.90% (+/- 7.00%)
Fold: 69 of 100 Acc: 79.41% Mean: 86.79% (+/- 7.01%)
Fold: 70 of 100 Acc: 88.24% Mean: 86.81% (+/- 6.96%)
Fold: 71 of 100 Acc: 88.57% Mean: 86.84% (+/- 6.91%)
Fold: 72 of 100 Acc: 82.86% Mean: 86.78% (+/- 6.88%)
Fold: 73 of 100 Acc: 82.35% Mean: 86.72% (+/- 6.85%)
Fold: 74 of 100 Acc: 88.24% Mean: 86.74% (+/- 6.81%)
Fold: 75 of 100 Acc: 91.18% Mean: 86.80% (+/- 6.78%)
Fold: 76 of 100 Acc: 88.24% Mean: 86.82% (+/- 6.74%)
Fold: 77 of 100 Acc: 88.24% Mean: 86.84% (+/- 6.70%)
Fold: 78 of 100 Acc: 94.12% Mean: 86.93% (+/- 6.70%)
Fold: 79 of 100 Acc: 88.24% Mean: 86.95% (+/- 6.66%)
Fold: 80 of 100 Acc: 91.18% Mean: 87.00% (+/- 6.64%)
Fold: 81 of 100 Acc: 94.29% Mean: 87.09% (+/- 6.65%)
Fold: 82 of 100 Acc: 94.29% Mean: 87.18% (+/- 6.65%)
Fold: 83 of 100 Acc: 79.41% Mean: 87.09% (+/- 6.67%)
Fold: 84 of 100 Acc: 79.41% Mean: 86.99% (+/- 6.68%)
Fold: 85 of 100 Acc: 88.24% Mean: 87.01% (+/- 6.64%)
Fold: 86 of 100 Acc: 79.41% Mean: 86.92% (+/- 6.65%)
Fold: 87 of 100 Acc: 85.29% Mean: 86.90% (+/- 6.62%)
Fold: 88 of 100 Acc: 85.29% Mean: 86.88% (+/- 6.58%)
Fold: 89 of 100 Acc: 94.12% Mean: 86.97% (+/- 6.59%)
Fold: 90 of 100 Acc: 94.12% Mean: 87.04% (+/- 6.59%)
Fold: 91 of 100 Acc: 100.00% Mean: 87.19% (+/- 6.69%)
Fold: 92 of 100 Acc: 91.43% Mean: 87.23% (+/- 6.67%)
Fold: 93 of 100 Acc: 88.24% Mean: 87.24% (+/- 6.64%)
Fold: 94 of 100 Acc: 82.35% Mean: 87.19% (+/- 6.62%)
Fold: 95 of 100 Acc: 91.18% Mean: 87.23% (+/- 6.60%)
Fold: 96 of 100 Acc: 82.35% Mean: 87.18% (+/- 6.58%)
Fold: 97 of 100 Acc: 88.24% Mean: 87.19% (+/- 6.55%)
Fold: 98 of 100 Acc: 85.29% Mean: 87.17% (+/- 6.52%)
Fold: 99 of 100 Acc: 85.29% Mean: 87.16% (+/- 6.49%)
Fold: 100 of 100 Acc: 88.24% Mean: 87.17% (+/- 6.46%)
Model Type: VGG19
Fold: 1 of 100 Acc: 51.43% Mean: 51.43% (+/- 0.00%)
Fold: 2 of 100 Acc: 97.14% Mean: 74.29% (+/- 22.86%)
Fold: 3 of 100 Acc: 88.24% Mean: 78.94% (+/- 19.79%)
Fold: 4 of 100 Acc: 82.35% Mean: 79.79% (+/- 17.20%)
Fold: 5 of 100 Acc: 91.18% Mean: 82.07% (+/- 16.04%)
Fold: 6 of 100 Acc: 88.24% Mean: 83.10% (+/- 14.83%)
Fold: 7 of 100 Acc: 88.24% Mean: 83.83% (+/- 13.84%)
Fold: 8 of 100 Acc: 85.29% Mean: 84.01% (+/- 12.96%)
Fold: 9 of 100 Acc: 85.29% Mean: 84.15% (+/- 12.22%)
Fold: 10 of 100 Acc: 82.35% Mean: 83.97% (+/- 11.61%)
Fold: 11 of 100 Acc: 88.57% Mean: 84.39% (+/- 11.15%)
Fold: 12 of 100 Acc: 88.57% Mean: 84.74% (+/- 10.74%)
Fold: 13 of 100 Acc: 88.24% Mean: 85.01% (+/- 10.36%)
Fold: 14 of 100 Acc: 82.35% Mean: 84.82% (+/- 10.00%)
Fold: 15 of 100 Acc: 88.24% Mean: 85.05% (+/- 9.70%)
Fold: 16 of 100 Acc: 85.29% Mean: 85.06% (+/- 9.39%)
Fold: 17 of 100 Acc: 97.06% Mean: 85.77% (+/- 9.54%)
Fold: 18 of 100 Acc: 88.24% Mean: 85.91% (+/- 9.29%)
Fold: 19 of 100 Acc: 73.53% Mean: 85.25% (+/- 9.45%)
Fold: 20 of 100 Acc: 82.35% Mean: 85.11% (+/- 9.24%)
Fold: 21 of 100 Acc: 82.86% Mean: 85.00% (+/- 9.03%)
Fold: 22 of 100 Acc: 88.57% Mean: 85.16% (+/- 8.85%)
Fold: 23 of 100 Acc: 82.35% Mean: 85.04% (+/- 8.67%)
Fold: 24 of 100 Acc: 85.29% Mean: 85.05% (+/- 8.49%)
Fold: 25 of 100 Acc: 88.24% Mean: 85.18% (+/- 8.34%)
Fold: 26 of 100 Acc: 94.12% Mean: 85.52% (+/- 8.36%)
Fold: 27 of 100 Acc: 97.06% Mean: 85.95% (+/- 8.49%)
Fold: 28 of 100 Acc: 91.18% Mean: 86.14% (+/- 8.39%)
Fold: 29 of 100 Acc: 85.29% Mean: 86.11% (+/- 8.25%)
Fold: 30 of 100 Acc: 91.18% Mean: 86.28% (+/- 8.16%)
Fold: 31 of 100 Acc: 85.71% Mean: 86.26% (+/- 8.03%)
Fold: 32 of 100 Acc: 85.71% Mean: 86.24% (+/- 7.90%)
Fold: 33 of 100 Acc: 97.06% Mean: 86.57% (+/- 8.00%)
Fold: 34 of 100 Acc: 82.35% Mean: 86.45% (+/- 7.91%)
Fold: 35 of 100 Acc: 91.18% Mean: 86.58% (+/- 7.84%)
Fold: 36 of 100 Acc: 97.06% Mean: 86.87% (+/- 7.92%)
Fold: 37 of 100 Acc: 79.41% Mean: 86.67% (+/- 7.90%)
Fold: 38 of 100 Acc: 88.24% Mean: 86.71% (+/- 7.80%)
Fold: 39 of 100 Acc: 88.24% Mean: 86.75% (+/- 7.71%)
Fold: 40 of 100 Acc: 91.18% Mean: 86.86% (+/- 7.64%)
Fold: 41 of 100 Acc: 91.43% Mean: 86.97% (+/- 7.58%)
Fold: 42 of 100 Acc: 88.57% Mean: 87.01% (+/- 7.49%)
Fold: 43 of 100 Acc: 79.41% Mean: 86.83% (+/- 7.49%)
Fold: 44 of 100 Acc: 88.24% Mean: 86.87% (+/- 7.41%)
Fold: 45 of 100 Acc: 88.24% Mean: 86.90% (+/- 7.33%)
Fold: 46 of 100 Acc: 85.29% Mean: 86.86% (+/- 7.25%)
Fold: 47 of 100 Acc: 97.06% Mean: 87.08% (+/- 7.33%)
Fold: 48 of 100 Acc: 91.18% Mean: 87.16% (+/- 7.27%)
Fold: 49 of 100 Acc: 85.29% Mean: 87.13% (+/- 7.20%)
Fold: 50 of 100 Acc: 91.18% Mean: 87.21% (+/- 7.15%)
Fold: 51 of 100 Acc: 91.43% Mean: 87.29% (+/- 7.11%)
Fold: 52 of 100 Acc: 91.43% Mean: 87.37% (+/- 7.06%)
Fold: 53 of 100 Acc: 94.12% Mean: 87.50% (+/- 7.05%)
Fold: 54 of 100 Acc: 88.24% Mean: 87.51% (+/- 6.99%)
Fold: 55 of 100 Acc: 91.18% Mean: 87.58% (+/- 6.94%)
Fold: 56 of 100 Acc: 82.35% Mean: 87.48% (+/- 6.91%)
Fold: 57 of 100 Acc: 88.24% Mean: 87.50% (+/- 6.85%)
Fold: 58 of 100 Acc: 82.35% Mean: 87.41% (+/- 6.83%)
Fold: 59 of 100 Acc: 94.12% Mean: 87.52% (+/- 6.83%)
Fold: 60 of 100 Acc: 91.18% Mean: 87.58% (+/- 6.78%)
Fold: 61 of 100 Acc: 85.71% Mean: 87.55% (+/- 6.73%)
Fold: 62 of 100 Acc: 88.57% Mean: 87.57% (+/- 6.68%)
Fold: 63 of 100 Acc: 91.18% Mean: 87.63% (+/- 6.64%)
Fold: 64 of 100 Acc: 88.24% Mean: 87.64% (+/- 6.59%)
Fold: 65 of 100 Acc: 91.18% Mean: 87.69% (+/- 6.55%)
Fold: 66 of 100 Acc: 91.18% Mean: 87.74% (+/- 6.52%)
Fold: 67 of 100 Acc: 94.12% Mean: 87.84% (+/- 6.51%)
Fold: 68 of 100 Acc: 88.24% Mean: 87.84% (+/- 6.47%)
Fold: 69 of 100 Acc: 82.35% Mean: 87.76% (+/- 6.45%)
Fold: 70 of 100 Acc: 88.24% Mean: 87.77% (+/- 6.41%)
Fold: 71 of 100 Acc: 91.43% Mean: 87.82% (+/- 6.38%)
Fold: 72 of 100 Acc: 88.57% Mean: 87.83% (+/- 6.33%)
Fold: 73 of 100 Acc: 85.29% Mean: 87.80% (+/- 6.30%)
Fold: 74 of 100 Acc: 91.18% Mean: 87.84% (+/- 6.27%)
Fold: 75 of 100 Acc: 88.24% Mean: 87.85% (+/- 6.22%)
Fold: 76 of 100 Acc: 85.29% Mean: 87.82% (+/- 6.19%)
Fold: 77 of 100 Acc: 94.12% Mean: 87.90% (+/- 6.19%)
Fold: 78 of 100 Acc: 88.24% Mean: 87.90% (+/- 6.15%)
Fold: 79 of 100 Acc: 94.12% Mean: 87.98% (+/- 6.15%)
Fold: 80 of 100 Acc: 82.35% Mean: 87.91% (+/- 6.14%)
Fold: 81 of 100 Acc: 97.14% Mean: 88.02% (+/- 6.19%)
Fold: 82 of 100 Acc: 91.43% Mean: 88.07% (+/- 6.16%)
Fold: 83 of 100 Acc: 97.06% Mean: 88.17% (+/- 6.21%)
Fold: 84 of 100 Acc: 85.29% Mean: 88.14% (+/- 6.18%)
Fold: 85 of 100 Acc: 91.18% Mean: 88.17% (+/- 6.15%)
Fold: 86 of 100 Acc: 91.18% Mean: 88.21% (+/- 6.12%)
Fold: 87 of 100 Acc: 85.29% Mean: 88.18% (+/- 6.09%)
Fold: 88 of 100 Acc: 70.59% Mean: 87.98% (+/- 6.34%)
Fold: 89 of 100 Acc: 85.29% Mean: 87.95% (+/- 6.31%)
Fold: 90 of 100 Acc: 73.53% Mean: 87.79% (+/- 6.45%)
Fold: 91 of 100 Acc: 82.86% Mean: 87.73% (+/- 6.44%)
Fold: 92 of 100 Acc: 88.57% Mean: 87.74% (+/- 6.40%)
Fold: 93 of 100 Acc: 76.47% Mean: 87.62% (+/- 6.48%)
Fold: 94 of 100 Acc: 88.24% Mean: 87.63% (+/- 6.44%)
Fold: 95 of 100 Acc: 85.29% Mean: 87.60% (+/- 6.41%)
Fold: 96 of 100 Acc: 100.00% Mean: 87.73% (+/- 6.50%)
Fold: 97 of 100 Acc: 91.18% Mean: 87.77% (+/- 6.48%)
Fold: 98 of 100 Acc: 97.06% Mean: 87.86% (+/- 6.51%)
Fold: 99 of 100 Acc: 100.00% Mean: 87.98% (+/- 6.59%)
Fold: 100 of 100 Acc: 91.18% Mean: 88.02% (+/- 6.57%)
