Machine: PRECISION
Date: 09/01/2020 Time: 10:07:08
Alternative Dense Layer: False
Pooling Application Layer: None
Data Augmentation: False
Data Augmentation Multiplier: 1
Fine Tuning: 2

Model Type: VGG16
Fold: 1 of 100 Acc: 48.57% Mean: 48.57% (+/- 0.00%)
Fold: 2 of 100 Acc: 94.29% Mean: 71.43% (+/- 22.86%)
Fold: 3 of 100 Acc: 94.12% Mean: 78.99% (+/- 21.51%)
Fold: 4 of 100 Acc: 76.47% Mean: 78.36% (+/- 18.66%)
Fold: 5 of 100 Acc: 88.24% Mean: 80.34% (+/- 17.15%)
Fold: 6 of 100 Acc: 91.18% Mean: 82.14% (+/- 16.17%)
Fold: 7 of 100 Acc: 94.12% Mean: 83.85% (+/- 15.55%)
Fold: 8 of 100 Acc: 91.18% Mean: 84.77% (+/- 14.74%)
Fold: 9 of 100 Acc: 82.35% Mean: 84.50% (+/- 13.92%)
Fold: 10 of 100 Acc: 79.41% Mean: 83.99% (+/- 13.29%)
Fold: 11 of 100 Acc: 88.57% Mean: 84.41% (+/- 12.74%)
Fold: 12 of 100 Acc: 100.00% Mean: 85.71% (+/- 12.94%)
Fold: 13 of 100 Acc: 88.24% Mean: 85.90% (+/- 12.45%)
Fold: 14 of 100 Acc: 94.12% Mean: 86.49% (+/- 12.18%)
Fold: 15 of 100 Acc: 91.18% Mean: 86.80% (+/- 11.83%)
Fold: 16 of 100 Acc: 79.41% Mean: 86.34% (+/- 11.59%)
Fold: 17 of 100 Acc: 82.35% Mean: 86.10% (+/- 11.28%)
Fold: 18 of 100 Acc: 97.06% Mean: 86.71% (+/- 11.25%)
Fold: 19 of 100 Acc: 94.12% Mean: 87.10% (+/- 11.07%)
Fold: 20 of 100 Acc: 91.18% Mean: 87.31% (+/- 10.83%)
Fold: 21 of 100 Acc: 85.71% Mean: 87.23% (+/- 10.57%)
Fold: 22 of 100 Acc: 91.43% Mean: 87.42% (+/- 10.37%)
Fold: 23 of 100 Acc: 88.24% Mean: 87.46% (+/- 10.14%)
Fold: 24 of 100 Acc: 94.12% Mean: 87.73% (+/- 10.02%)
Fold: 25 of 100 Acc: 94.12% Mean: 87.99% (+/- 9.89%)
Fold: 26 of 100 Acc: 91.18% Mean: 88.11% (+/- 9.72%)
Fold: 27 of 100 Acc: 91.18% Mean: 88.23% (+/- 9.56%)
Fold: 28 of 100 Acc: 82.35% Mean: 88.02% (+/- 9.45%)
Fold: 29 of 100 Acc: 88.24% Mean: 88.02% (+/- 9.28%)
Fold: 30 of 100 Acc: 94.12% Mean: 88.23% (+/- 9.19%)
Fold: 31 of 100 Acc: 94.29% Mean: 88.42% (+/- 9.11%)
Fold: 32 of 100 Acc: 91.43% Mean: 88.52% (+/- 8.98%)
Fold: 33 of 100 Acc: 88.24% Mean: 88.51% (+/- 8.84%)
Fold: 34 of 100 Acc: 88.24% Mean: 88.50% (+/- 8.71%)
Fold: 35 of 100 Acc: 94.12% Mean: 88.66% (+/- 8.64%)
Fold: 36 of 100 Acc: 88.24% Mean: 88.65% (+/- 8.51%)
Fold: 37 of 100 Acc: 82.35% Mean: 88.48% (+/- 8.46%)
Fold: 38 of 100 Acc: 94.12% Mean: 88.63% (+/- 8.40%)
Fold: 39 of 100 Acc: 97.06% Mean: 88.84% (+/- 8.40%)
Fold: 40 of 100 Acc: 97.06% Mean: 89.05% (+/- 8.39%)
Fold: 41 of 100 Acc: 88.57% Mean: 89.04% (+/- 8.29%)
Fold: 42 of 100 Acc: 85.71% Mean: 88.96% (+/- 8.20%)
Fold: 43 of 100 Acc: 82.35% Mean: 88.80% (+/- 8.17%)
Fold: 44 of 100 Acc: 94.12% Mean: 88.92% (+/- 8.11%)
Fold: 45 of 100 Acc: 85.29% Mean: 88.84% (+/- 8.04%)
Fold: 46 of 100 Acc: 88.24% Mean: 88.83% (+/- 7.95%)
Fold: 47 of 100 Acc: 82.35% Mean: 88.69% (+/- 7.92%)
Fold: 48 of 100 Acc: 91.18% Mean: 88.74% (+/- 7.85%)
Fold: 49 of 100 Acc: 94.12% Mean: 88.85% (+/- 7.80%)
Fold: 50 of 100 Acc: 94.12% Mean: 88.96% (+/- 7.76%)
Fold: 51 of 100 Acc: 88.57% Mean: 88.95% (+/- 7.68%)
Fold: 52 of 100 Acc: 91.43% Mean: 89.00% (+/- 7.62%)
Fold: 53 of 100 Acc: 91.18% Mean: 89.04% (+/- 7.55%)
Fold: 54 of 100 Acc: 88.24% Mean: 89.03% (+/- 7.48%)
Fold: 55 of 100 Acc: 97.06% Mean: 89.17% (+/- 7.49%)
Fold: 56 of 100 Acc: 91.18% Mean: 89.21% (+/- 7.43%)
Fold: 57 of 100 Acc: 85.29% Mean: 89.14% (+/- 7.38%)
Fold: 58 of 100 Acc: 91.18% Mean: 89.17% (+/- 7.32%)
Fold: 59 of 100 Acc: 91.18% Mean: 89.21% (+/- 7.26%)
Fold: 60 of 100 Acc: 88.24% Mean: 89.19% (+/- 7.20%)
Fold: 61 of 100 Acc: 88.57% Mean: 89.18% (+/- 7.15%)
Fold: 62 of 100 Acc: 91.43% Mean: 89.22% (+/- 7.09%)
Fold: 63 of 100 Acc: 94.12% Mean: 89.30% (+/- 7.06%)
Fold: 64 of 100 Acc: 85.29% Mean: 89.23% (+/- 7.03%)
Fold: 65 of 100 Acc: 97.06% Mean: 89.35% (+/- 7.04%)
Fold: 66 of 100 Acc: 97.06% Mean: 89.47% (+/- 7.05%)
Fold: 67 of 100 Acc: 76.47% Mean: 89.28% (+/- 7.17%)
Fold: 68 of 100 Acc: 88.24% Mean: 89.26% (+/- 7.12%)
Fold: 69 of 100 Acc: 88.24% Mean: 89.25% (+/- 7.07%)
Fold: 70 of 100 Acc: 85.29% Mean: 89.19% (+/- 7.03%)
Fold: 71 of 100 Acc: 80.00% Mean: 89.06% (+/- 7.07%)
Fold: 72 of 100 Acc: 85.71% Mean: 89.01% (+/- 7.03%)
Fold: 73 of 100 Acc: 97.06% Mean: 89.12% (+/- 7.04%)
Fold: 74 of 100 Acc: 91.18% Mean: 89.15% (+/- 7.00%)
Fold: 75 of 100 Acc: 88.24% Mean: 89.14% (+/- 6.95%)
Fold: 76 of 100 Acc: 91.18% Mean: 89.17% (+/- 6.91%)
Fold: 77 of 100 Acc: 97.06% Mean: 89.27% (+/- 6.92%)
Fold: 78 of 100 Acc: 88.24% Mean: 89.26% (+/- 6.88%)
Fold: 79 of 100 Acc: 88.24% Mean: 89.24% (+/- 6.84%)
Fold: 80 of 100 Acc: 94.12% Mean: 89.30% (+/- 6.82%)
Fold: 81 of 100 Acc: 97.14% Mean: 89.40% (+/- 6.83%)
Fold: 82 of 100 Acc: 85.71% Mean: 89.36% (+/- 6.80%)
Fold: 83 of 100 Acc: 91.18% Mean: 89.38% (+/- 6.76%)
Fold: 84 of 100 Acc: 94.12% Mean: 89.43% (+/- 6.74%)
Fold: 85 of 100 Acc: 97.06% Mean: 89.52% (+/- 6.75%)
Fold: 86 of 100 Acc: 82.35% Mean: 89.44% (+/- 6.75%)
Fold: 87 of 100 Acc: 88.24% Mean: 89.43% (+/- 6.72%)
Fold: 88 of 100 Acc: 94.12% Mean: 89.48% (+/- 6.70%)
Fold: 89 of 100 Acc: 88.24% Mean: 89.47% (+/- 6.66%)
Fold: 90 of 100 Acc: 82.35% Mean: 89.39% (+/- 6.67%)
Fold: 91 of 100 Acc: 94.29% Mean: 89.44% (+/- 6.65%)
Fold: 92 of 100 Acc: 82.86% Mean: 89.37% (+/- 6.65%)
Fold: 93 of 100 Acc: 88.24% Mean: 89.36% (+/- 6.61%)
Fold: 94 of 100 Acc: 91.18% Mean: 89.38% (+/- 6.58%)
Fold: 95 of 100 Acc: 88.24% Mean: 89.36% (+/- 6.55%)
Fold: 96 of 100 Acc: 82.35% Mean: 89.29% (+/- 6.55%)
Fold: 97 of 100 Acc: 85.29% Mean: 89.25% (+/- 6.53%)
Fold: 98 of 100 Acc: 91.18% Mean: 89.27% (+/- 6.50%)
Fold: 99 of 100 Acc: 94.12% Mean: 89.32% (+/- 6.48%)
Fold: 100 of 100 Acc: 97.06% Mean: 89.40% (+/- 6.50%)
Model Type: VGG19
Fold: 1 of 100 Acc: 51.43% Mean: 51.43% (+/- 0.00%)
Fold: 2 of 100 Acc: 94.29% Mean: 72.86% (+/- 21.43%)
Fold: 3 of 100 Acc: 88.24% Mean: 77.98% (+/- 18.94%)
Fold: 4 of 100 Acc: 79.41% Mean: 78.34% (+/- 16.41%)
Fold: 5 of 100 Acc: 94.12% Mean: 81.50% (+/- 15.98%)
Fold: 6 of 100 Acc: 94.12% Mean: 83.60% (+/- 15.33%)
Fold: 7 of 100 Acc: 94.12% Mean: 85.10% (+/- 14.66%)
Fold: 8 of 100 Acc: 85.29% Mean: 85.13% (+/- 13.71%)
Fold: 9 of 100 Acc: 91.18% Mean: 85.80% (+/- 13.07%)
Fold: 10 of 100 Acc: 91.18% Mean: 86.34% (+/- 12.50%)
Fold: 11 of 100 Acc: 100.00% Mean: 87.58% (+/- 12.55%)
Fold: 12 of 100 Acc: 82.86% Mean: 87.18% (+/- 12.09%)
Fold: 13 of 100 Acc: 91.18% Mean: 87.49% (+/- 11.66%)
Fold: 14 of 100 Acc: 91.18% Mean: 87.76% (+/- 11.28%)
Fold: 15 of 100 Acc: 85.29% Mean: 87.59% (+/- 10.91%)
Fold: 16 of 100 Acc: 88.24% Mean: 87.63% (+/- 10.57%)
Fold: 17 of 100 Acc: 94.12% Mean: 88.01% (+/- 10.36%)
Fold: 18 of 100 Acc: 85.29% Mean: 87.86% (+/- 10.09%)
Fold: 19 of 100 Acc: 70.59% Mean: 86.95% (+/- 10.55%)
Fold: 20 of 100 Acc: 91.18% Mean: 87.16% (+/- 10.33%)
Fold: 21 of 100 Acc: 91.43% Mean: 87.37% (+/- 10.12%)
Fold: 22 of 100 Acc: 97.14% Mean: 87.81% (+/- 10.09%)
Fold: 23 of 100 Acc: 94.12% Mean: 88.09% (+/- 9.95%)
Fold: 24 of 100 Acc: 91.18% Mean: 88.21% (+/- 9.76%)
Fold: 25 of 100 Acc: 91.18% Mean: 88.33% (+/- 9.58%)
Fold: 26 of 100 Acc: 82.35% Mean: 88.10% (+/- 9.47%)
Fold: 27 of 100 Acc: 88.24% Mean: 88.11% (+/- 9.29%)
Fold: 28 of 100 Acc: 97.06% Mean: 88.43% (+/- 9.27%)
Fold: 29 of 100 Acc: 85.29% Mean: 88.32% (+/- 9.13%)
Fold: 30 of 100 Acc: 82.35% Mean: 88.12% (+/- 9.04%)
Fold: 31 of 100 Acc: 97.14% Mean: 88.41% (+/- 9.04%)
Fold: 32 of 100 Acc: 88.57% Mean: 88.42% (+/- 8.89%)
Fold: 33 of 100 Acc: 91.18% Mean: 88.50% (+/- 8.77%)
Fold: 34 of 100 Acc: 94.12% Mean: 88.67% (+/- 8.69%)
Fold: 35 of 100 Acc: 94.12% Mean: 88.82% (+/- 8.62%)
Fold: 36 of 100 Acc: 85.29% Mean: 88.72% (+/- 8.51%)
Fold: 37 of 100 Acc: 91.18% Mean: 88.79% (+/- 8.41%)
Fold: 38 of 100 Acc: 79.41% Mean: 88.54% (+/- 8.43%)
Fold: 39 of 100 Acc: 85.29% Mean: 88.46% (+/- 8.34%)
Fold: 40 of 100 Acc: 88.24% Mean: 88.45% (+/- 8.23%)
Fold: 41 of 100 Acc: 91.43% Mean: 88.53% (+/- 8.15%)
Fold: 42 of 100 Acc: 97.14% Mean: 88.73% (+/- 8.15%)
Fold: 43 of 100 Acc: 91.18% Mean: 88.79% (+/- 8.07%)
Fold: 44 of 100 Acc: 94.12% Mean: 88.91% (+/- 8.02%)
Fold: 45 of 100 Acc: 91.18% Mean: 88.96% (+/- 7.93%)
Fold: 46 of 100 Acc: 88.24% Mean: 88.94% (+/- 7.85%)
Fold: 47 of 100 Acc: 79.41% Mean: 88.74% (+/- 7.88%)
Fold: 48 of 100 Acc: 91.18% Mean: 88.79% (+/- 7.81%)
Fold: 49 of 100 Acc: 97.06% Mean: 88.96% (+/- 7.82%)
Fold: 50 of 100 Acc: 73.53% Mean: 88.65% (+/- 8.03%)
Fold: 51 of 100 Acc: 88.57% Mean: 88.65% (+/- 7.95%)
Fold: 52 of 100 Acc: 88.57% Mean: 88.65% (+/- 7.88%)
Fold: 53 of 100 Acc: 100.00% Mean: 88.86% (+/- 7.95%)
Fold: 54 of 100 Acc: 94.12% Mean: 88.96% (+/- 7.91%)
Fold: 55 of 100 Acc: 88.24% Mean: 88.95% (+/- 7.84%)
Fold: 56 of 100 Acc: 88.24% Mean: 88.93% (+/- 7.77%)
Fold: 57 of 100 Acc: 88.24% Mean: 88.92% (+/- 7.70%)
Fold: 58 of 100 Acc: 94.12% Mean: 89.01% (+/- 7.67%)
Fold: 59 of 100 Acc: 85.29% Mean: 88.95% (+/- 7.62%)
Fold: 60 of 100 Acc: 85.29% Mean: 88.89% (+/- 7.57%)
Fold: 61 of 100 Acc: 94.29% Mean: 88.98% (+/- 7.54%)
Fold: 62 of 100 Acc: 85.71% Mean: 88.92% (+/- 7.49%)
Fold: 63 of 100 Acc: 97.06% Mean: 89.05% (+/- 7.50%)
Fold: 64 of 100 Acc: 88.24% Mean: 89.04% (+/- 7.44%)
Fold: 65 of 100 Acc: 88.24% Mean: 89.03% (+/- 7.38%)
Fold: 66 of 100 Acc: 88.24% Mean: 89.02% (+/- 7.33%)
Fold: 67 of 100 Acc: 91.18% Mean: 89.05% (+/- 7.28%)
Fold: 68 of 100 Acc: 91.18% Mean: 89.08% (+/- 7.23%)
Fold: 69 of 100 Acc: 85.29% Mean: 89.02% (+/- 7.19%)
Fold: 70 of 100 Acc: 88.24% Mean: 89.01% (+/- 7.14%)
Fold: 71 of 100 Acc: 85.71% Mean: 88.97% (+/- 7.10%)
Fold: 72 of 100 Acc: 94.29% Mean: 89.04% (+/- 7.08%)
Fold: 73 of 100 Acc: 94.12% Mean: 89.11% (+/- 7.05%)
Fold: 74 of 100 Acc: 82.35% Mean: 89.02% (+/- 7.05%)
Fold: 75 of 100 Acc: 91.18% Mean: 89.05% (+/- 7.00%)
Fold: 76 of 100 Acc: 85.29% Mean: 89.00% (+/- 6.97%)
Fold: 77 of 100 Acc: 91.18% Mean: 89.03% (+/- 6.93%)
Fold: 78 of 100 Acc: 82.35% Mean: 88.94% (+/- 6.93%)
Fold: 79 of 100 Acc: 85.29% Mean: 88.89% (+/- 6.89%)
Fold: 80 of 100 Acc: 97.06% Mean: 89.00% (+/- 6.91%)
Fold: 81 of 100 Acc: 88.57% Mean: 88.99% (+/- 6.87%)
Fold: 82 of 100 Acc: 82.86% Mean: 88.92% (+/- 6.86%)
Fold: 83 of 100 Acc: 82.35% Mean: 88.84% (+/- 6.86%)
Fold: 84 of 100 Acc: 91.18% Mean: 88.87% (+/- 6.82%)
Fold: 85 of 100 Acc: 88.24% Mean: 88.86% (+/- 6.78%)
Fold: 86 of 100 Acc: 88.24% Mean: 88.85% (+/- 6.74%)
Fold: 87 of 100 Acc: 94.12% Mean: 88.91% (+/- 6.72%)
Fold: 88 of 100 Acc: 100.00% Mean: 89.04% (+/- 6.79%)
Fold: 89 of 100 Acc: 94.12% Mean: 89.09% (+/- 6.77%)
Fold: 90 of 100 Acc: 79.41% Mean: 88.99% (+/- 6.81%)
Fold: 91 of 100 Acc: 88.57% Mean: 88.98% (+/- 6.77%)
Fold: 92 of 100 Acc: 94.29% Mean: 89.04% (+/- 6.76%)
Fold: 93 of 100 Acc: 82.35% Mean: 88.97% (+/- 6.76%)
Fold: 94 of 100 Acc: 88.24% Mean: 88.96% (+/- 6.72%)
Fold: 95 of 100 Acc: 91.18% Mean: 88.98% (+/- 6.69%)
Fold: 96 of 100 Acc: 82.35% Mean: 88.91% (+/- 6.69%)
Fold: 97 of 100 Acc: 76.47% Mean: 88.79% (+/- 6.77%)
Fold: 98 of 100 Acc: 94.12% Mean: 88.84% (+/- 6.76%)
Fold: 99 of 100 Acc: 91.18% Mean: 88.86% (+/- 6.73%)
Fold: 100 of 100 Acc: 88.24% Mean: 88.86% (+/- 6.69%)
