Machine: PRECISION
Date: 01/01/2020 Time: 12:37:27
Alternative Dense Layer: False
Pooling Application Layer: max
Data Augmentation: False

Model Type: VGG16
Fold: 1 of 100 Acc: 82.86% Mean: 82.86% (+/- 0.00%)
Fold: 2 of 100 Acc: 65.71% Mean: 74.29% (+/- 8.57%)
Fold: 3 of 100 Acc: 73.53% Mean: 74.03% (+/- 7.01%)
Fold: 4 of 100 Acc: 67.65% Mean: 72.44% (+/- 6.67%)
Fold: 5 of 100 Acc: 79.41% Mean: 73.83% (+/- 6.59%)
Fold: 6 of 100 Acc: 76.47% Mean: 74.27% (+/- 6.09%)
Fold: 7 of 100 Acc: 61.76% Mean: 72.48% (+/- 7.14%)
Fold: 8 of 100 Acc: 64.71% Mean: 71.51% (+/- 7.16%)
Fold: 9 of 100 Acc: 79.41% Mean: 72.39% (+/- 7.19%)
Fold: 10 of 100 Acc: 70.59% Mean: 72.21% (+/- 6.84%)
Fold: 11 of 100 Acc: 77.14% Mean: 72.66% (+/- 6.68%)
Fold: 12 of 100 Acc: 77.14% Mean: 73.03% (+/- 6.51%)
Fold: 13 of 100 Acc: 67.65% Mean: 72.62% (+/- 6.42%)
Fold: 14 of 100 Acc: 76.47% Mean: 72.89% (+/- 6.26%)
Fold: 15 of 100 Acc: 55.88% Mean: 71.76% (+/- 7.39%)
Fold: 16 of 100 Acc: 67.65% Mean: 71.50% (+/- 7.22%)
Fold: 17 of 100 Acc: 58.82% Mean: 70.76% (+/- 7.62%)
Fold: 18 of 100 Acc: 79.41% Mean: 71.24% (+/- 7.66%)
Fold: 19 of 100 Acc: 64.71% Mean: 70.89% (+/- 7.60%)
Fold: 20 of 100 Acc: 82.35% Mean: 71.47% (+/- 7.82%)
Fold: 21 of 100 Acc: 71.43% Mean: 71.46% (+/- 7.63%)
Fold: 22 of 100 Acc: 62.86% Mean: 71.07% (+/- 7.67%)
Fold: 23 of 100 Acc: 64.71% Mean: 70.80% (+/- 7.61%)
Fold: 24 of 100 Acc: 82.35% Mean: 71.28% (+/- 7.80%)
Fold: 25 of 100 Acc: 73.53% Mean: 71.37% (+/- 7.65%)
Fold: 26 of 100 Acc: 55.88% Mean: 70.77% (+/- 8.07%)
Fold: 27 of 100 Acc: 73.53% Mean: 70.87% (+/- 7.94%)
Fold: 28 of 100 Acc: 67.65% Mean: 70.76% (+/- 7.82%)
Fold: 29 of 100 Acc: 67.65% Mean: 70.65% (+/- 7.71%)
Fold: 30 of 100 Acc: 73.53% Mean: 70.75% (+/- 7.59%)
Fold: 31 of 100 Acc: 68.57% Mean: 70.68% (+/- 7.48%)
Fold: 32 of 100 Acc: 60.00% Mean: 70.34% (+/- 7.59%)
Fold: 33 of 100 Acc: 58.82% Mean: 69.99% (+/- 7.73%)
Fold: 34 of 100 Acc: 73.53% Mean: 70.10% (+/- 7.64%)
Fold: 35 of 100 Acc: 70.59% Mean: 70.11% (+/- 7.53%)
Fold: 36 of 100 Acc: 58.82% Mean: 69.80% (+/- 7.66%)
Fold: 37 of 100 Acc: 58.82% Mean: 69.50% (+/- 7.76%)
Fold: 38 of 100 Acc: 85.29% Mean: 69.92% (+/- 8.06%)
Fold: 39 of 100 Acc: 79.41% Mean: 70.16% (+/- 8.10%)
Fold: 40 of 100 Acc: 82.35% Mean: 70.47% (+/- 8.22%)
Fold: 41 of 100 Acc: 65.71% Mean: 70.35% (+/- 8.15%)
Fold: 42 of 100 Acc: 71.43% Mean: 70.38% (+/- 8.06%)
Fold: 43 of 100 Acc: 64.71% Mean: 70.24% (+/- 8.01%)
Fold: 44 of 100 Acc: 73.53% Mean: 70.32% (+/- 7.93%)
Fold: 45 of 100 Acc: 85.29% Mean: 70.65% (+/- 8.15%)
Fold: 46 of 100 Acc: 64.71% Mean: 70.52% (+/- 8.10%)
Fold: 47 of 100 Acc: 73.53% Mean: 70.59% (+/- 8.03%)
Fold: 48 of 100 Acc: 67.65% Mean: 70.53% (+/- 7.96%)
Fold: 49 of 100 Acc: 58.82% Mean: 70.29% (+/- 8.05%)
Fold: 50 of 100 Acc: 85.29% Mean: 70.59% (+/- 8.24%)
Fold: 51 of 100 Acc: 62.86% Mean: 70.43% (+/- 8.23%)
Fold: 52 of 100 Acc: 77.14% Mean: 70.56% (+/- 8.20%)
Fold: 53 of 100 Acc: 64.71% Mean: 70.45% (+/- 8.16%)
Fold: 54 of 100 Acc: 79.41% Mean: 70.62% (+/- 8.18%)
Fold: 55 of 100 Acc: 76.47% Mean: 70.73% (+/- 8.14%)
Fold: 56 of 100 Acc: 64.71% Mean: 70.62% (+/- 8.10%)
Fold: 57 of 100 Acc: 67.65% Mean: 70.57% (+/- 8.04%)
Fold: 58 of 100 Acc: 67.65% Mean: 70.52% (+/- 7.98%)
Fold: 59 of 100 Acc: 79.41% Mean: 70.67% (+/- 8.00%)
Fold: 60 of 100 Acc: 67.65% Mean: 70.62% (+/- 7.94%)
Fold: 61 of 100 Acc: 68.57% Mean: 70.58% (+/- 7.88%)
Fold: 62 of 100 Acc: 51.43% Mean: 70.27% (+/- 8.18%)
Fold: 63 of 100 Acc: 70.59% Mean: 70.28% (+/- 8.11%)
Fold: 64 of 100 Acc: 67.65% Mean: 70.24% (+/- 8.06%)
Fold: 65 of 100 Acc: 73.53% Mean: 70.29% (+/- 8.00%)
Fold: 66 of 100 Acc: 61.76% Mean: 70.16% (+/- 8.01%)
Fold: 67 of 100 Acc: 79.41% Mean: 70.30% (+/- 8.03%)
Fold: 68 of 100 Acc: 79.41% Mean: 70.43% (+/- 8.05%)
Fold: 69 of 100 Acc: 67.65% Mean: 70.39% (+/- 7.99%)
Fold: 70 of 100 Acc: 79.41% Mean: 70.52% (+/- 8.01%)
Fold: 71 of 100 Acc: 62.86% Mean: 70.41% (+/- 8.00%)
Fold: 72 of 100 Acc: 65.71% Mean: 70.35% (+/- 7.97%)
Fold: 73 of 100 Acc: 64.71% Mean: 70.27% (+/- 7.94%)
Fold: 74 of 100 Acc: 70.59% Mean: 70.27% (+/- 7.89%)
Fold: 75 of 100 Acc: 73.53% Mean: 70.32% (+/- 7.84%)
Fold: 76 of 100 Acc: 73.53% Mean: 70.36% (+/- 7.80%)
Fold: 77 of 100 Acc: 64.71% Mean: 70.29% (+/- 7.77%)
Fold: 78 of 100 Acc: 70.59% Mean: 70.29% (+/- 7.72%)
Fold: 79 of 100 Acc: 85.29% Mean: 70.48% (+/- 7.86%)
Fold: 80 of 100 Acc: 79.41% Mean: 70.59% (+/- 7.87%)
Fold: 81 of 100 Acc: 80.00% Mean: 70.71% (+/- 7.89%)
Fold: 82 of 100 Acc: 74.29% Mean: 70.75% (+/- 7.85%)
Fold: 83 of 100 Acc: 61.76% Mean: 70.64% (+/- 7.87%)
Fold: 84 of 100 Acc: 70.59% Mean: 70.64% (+/- 7.82%)
Fold: 85 of 100 Acc: 55.88% Mean: 70.47% (+/- 7.93%)
Fold: 86 of 100 Acc: 70.59% Mean: 70.47% (+/- 7.89%)
Fold: 87 of 100 Acc: 64.71% Mean: 70.40% (+/- 7.87%)
Fold: 88 of 100 Acc: 85.29% Mean: 70.57% (+/- 7.98%)
Fold: 89 of 100 Acc: 67.65% Mean: 70.54% (+/- 7.94%)
Fold: 90 of 100 Acc: 61.76% Mean: 70.44% (+/- 7.95%)
Fold: 91 of 100 Acc: 68.57% Mean: 70.42% (+/- 7.91%)
Fold: 92 of 100 Acc: 77.14% Mean: 70.50% (+/- 7.90%)
Fold: 93 of 100 Acc: 76.47% Mean: 70.56% (+/- 7.88%)
Fold: 94 of 100 Acc: 70.59% Mean: 70.56% (+/- 7.83%)
Fold: 95 of 100 Acc: 55.88% Mean: 70.41% (+/- 7.94%)
Fold: 96 of 100 Acc: 79.41% Mean: 70.50% (+/- 7.95%)
Fold: 97 of 100 Acc: 67.65% Mean: 70.47% (+/- 7.91%)
Fold: 98 of 100 Acc: 73.53% Mean: 70.50% (+/- 7.88%)
Fold: 99 of 100 Acc: 70.59% Mean: 70.50% (+/- 7.84%)
Fold: 100 of 100 Acc: 70.59% Mean: 70.50% (+/- 7.80%)
Model Type: VGG19
Fold: 1 of 100 Acc: 80.00% Mean: 80.00% (+/- 0.00%)
Fold: 2 of 100 Acc: 65.71% Mean: 72.86% (+/- 7.14%)
Fold: 3 of 100 Acc: 79.41% Mean: 75.04% (+/- 6.60%)
Fold: 4 of 100 Acc: 70.59% Mean: 73.93% (+/- 6.03%)
Fold: 5 of 100 Acc: 79.41% Mean: 75.03% (+/- 5.82%)
Fold: 6 of 100 Acc: 73.53% Mean: 74.78% (+/- 5.35%)
Fold: 7 of 100 Acc: 73.53% Mean: 74.60% (+/- 4.97%)
Fold: 8 of 100 Acc: 73.53% Mean: 74.46% (+/- 4.66%)
Fold: 9 of 100 Acc: 79.41% Mean: 75.01% (+/- 4.66%)
Fold: 10 of 100 Acc: 73.53% Mean: 74.87% (+/- 4.44%)
Fold: 11 of 100 Acc: 71.43% Mean: 74.55% (+/- 4.35%)
Fold: 12 of 100 Acc: 62.86% Mean: 73.58% (+/- 5.27%)
Fold: 13 of 100 Acc: 88.24% Mean: 74.71% (+/- 6.40%)
Fold: 14 of 100 Acc: 79.41% Mean: 75.04% (+/- 6.28%)
Fold: 15 of 100 Acc: 85.29% Mean: 75.73% (+/- 6.59%)
Fold: 16 of 100 Acc: 76.47% Mean: 75.77% (+/- 6.38%)
Fold: 17 of 100 Acc: 73.53% Mean: 75.64% (+/- 6.21%)
Fold: 18 of 100 Acc: 76.47% Mean: 75.69% (+/- 6.04%)
Fold: 19 of 100 Acc: 70.59% Mean: 75.42% (+/- 5.99%)
Fold: 20 of 100 Acc: 73.53% Mean: 75.32% (+/- 5.85%)
Fold: 21 of 100 Acc: 68.57% Mean: 75.00% (+/- 5.89%)
Fold: 22 of 100 Acc: 68.57% Mean: 74.71% (+/- 5.91%)
Fold: 23 of 100 Acc: 85.29% Mean: 75.17% (+/- 6.17%)
Fold: 24 of 100 Acc: 73.53% Mean: 75.10% (+/- 6.05%)
Fold: 25 of 100 Acc: 94.12% Mean: 75.86% (+/- 7.00%)
Fold: 26 of 100 Acc: 73.53% Mean: 75.77% (+/- 6.88%)
Fold: 27 of 100 Acc: 73.53% Mean: 75.69% (+/- 6.76%)
Fold: 28 of 100 Acc: 73.53% Mean: 75.61% (+/- 6.65%)
Fold: 29 of 100 Acc: 64.71% Mean: 75.24% (+/- 6.83%)
Fold: 30 of 100 Acc: 61.76% Mean: 74.79% (+/- 7.14%)
Fold: 31 of 100 Acc: 74.29% Mean: 74.77% (+/- 7.02%)
Fold: 32 of 100 Acc: 71.43% Mean: 74.67% (+/- 6.94%)
Fold: 33 of 100 Acc: 76.47% Mean: 74.72% (+/- 6.84%)
Fold: 34 of 100 Acc: 79.41% Mean: 74.86% (+/- 6.78%)
Fold: 35 of 100 Acc: 79.41% Mean: 74.99% (+/- 6.73%)
Fold: 36 of 100 Acc: 67.65% Mean: 74.79% (+/- 6.74%)
Fold: 37 of 100 Acc: 82.35% Mean: 74.99% (+/- 6.76%)
Fold: 38 of 100 Acc: 70.59% Mean: 74.87% (+/- 6.71%)
Fold: 39 of 100 Acc: 79.41% Mean: 74.99% (+/- 6.66%)
Fold: 40 of 100 Acc: 76.47% Mean: 75.03% (+/- 6.58%)
Fold: 41 of 100 Acc: 77.14% Mean: 75.08% (+/- 6.51%)
Fold: 42 of 100 Acc: 77.14% Mean: 75.13% (+/- 6.44%)
Fold: 43 of 100 Acc: 61.76% Mean: 74.82% (+/- 6.68%)
Fold: 44 of 100 Acc: 76.47% Mean: 74.85% (+/- 6.61%)
Fold: 45 of 100 Acc: 82.35% Mean: 75.02% (+/- 6.62%)
Fold: 46 of 100 Acc: 76.47% Mean: 75.05% (+/- 6.56%)
Fold: 47 of 100 Acc: 79.41% Mean: 75.15% (+/- 6.52%)
Fold: 48 of 100 Acc: 64.71% Mean: 74.93% (+/- 6.62%)
Fold: 49 of 100 Acc: 73.53% Mean: 74.90% (+/- 6.55%)
Fold: 50 of 100 Acc: 85.29% Mean: 75.11% (+/- 6.65%)
Fold: 51 of 100 Acc: 71.43% Mean: 75.04% (+/- 6.60%)
Fold: 52 of 100 Acc: 71.43% Mean: 74.97% (+/- 6.56%)
Fold: 53 of 100 Acc: 82.35% Mean: 75.11% (+/- 6.57%)
Fold: 54 of 100 Acc: 70.59% Mean: 75.02% (+/- 6.54%)
Fold: 55 of 100 Acc: 61.76% Mean: 74.78% (+/- 6.72%)
Fold: 56 of 100 Acc: 64.71% Mean: 74.60% (+/- 6.79%)
Fold: 57 of 100 Acc: 76.47% Mean: 74.63% (+/- 6.73%)
Fold: 58 of 100 Acc: 82.35% Mean: 74.77% (+/- 6.75%)
Fold: 59 of 100 Acc: 82.35% Mean: 74.90% (+/- 6.77%)
Fold: 60 of 100 Acc: 73.53% Mean: 74.87% (+/- 6.71%)
Fold: 61 of 100 Acc: 74.29% Mean: 74.86% (+/- 6.66%)
Fold: 62 of 100 Acc: 74.29% Mean: 74.85% (+/- 6.60%)
Fold: 63 of 100 Acc: 67.65% Mean: 74.74% (+/- 6.61%)
Fold: 64 of 100 Acc: 79.41% Mean: 74.81% (+/- 6.59%)
Fold: 65 of 100 Acc: 64.71% Mean: 74.66% (+/- 6.65%)
Fold: 66 of 100 Acc: 70.59% Mean: 74.60% (+/- 6.62%)
Fold: 67 of 100 Acc: 79.41% Mean: 74.67% (+/- 6.60%)
Fold: 68 of 100 Acc: 64.71% Mean: 74.52% (+/- 6.66%)
Fold: 69 of 100 Acc: 79.41% Mean: 74.59% (+/- 6.63%)
Fold: 70 of 100 Acc: 85.29% Mean: 74.74% (+/- 6.71%)
Fold: 71 of 100 Acc: 65.71% Mean: 74.62% (+/- 6.74%)
Fold: 72 of 100 Acc: 77.14% Mean: 74.65% (+/- 6.70%)
Fold: 73 of 100 Acc: 79.41% Mean: 74.72% (+/- 6.68%)
Fold: 74 of 100 Acc: 73.53% Mean: 74.70% (+/- 6.64%)
Fold: 75 of 100 Acc: 73.53% Mean: 74.69% (+/- 6.59%)
Fold: 76 of 100 Acc: 70.59% Mean: 74.63% (+/- 6.57%)
Fold: 77 of 100 Acc: 79.41% Mean: 74.69% (+/- 6.55%)
Fold: 78 of 100 Acc: 73.53% Mean: 74.68% (+/- 6.51%)
Fold: 79 of 100 Acc: 85.29% Mean: 74.81% (+/- 6.57%)
Fold: 80 of 100 Acc: 82.35% Mean: 74.91% (+/- 6.58%)
Fold: 81 of 100 Acc: 71.43% Mean: 74.86% (+/- 6.56%)
Fold: 82 of 100 Acc: 74.29% Mean: 74.86% (+/- 6.52%)
Fold: 83 of 100 Acc: 79.41% Mean: 74.91% (+/- 6.50%)
Fold: 84 of 100 Acc: 76.47% Mean: 74.93% (+/- 6.46%)
Fold: 85 of 100 Acc: 76.47% Mean: 74.95% (+/- 6.42%)
Fold: 86 of 100 Acc: 82.35% Mean: 75.04% (+/- 6.43%)
Fold: 87 of 100 Acc: 67.65% Mean: 74.95% (+/- 6.45%)
Fold: 88 of 100 Acc: 70.59% Mean: 74.90% (+/- 6.43%)
Fold: 89 of 100 Acc: 67.65% Mean: 74.82% (+/- 6.44%)
Fold: 90 of 100 Acc: 82.35% Mean: 74.90% (+/- 6.45%)
Fold: 91 of 100 Acc: 82.86% Mean: 74.99% (+/- 6.47%)
Fold: 92 of 100 Acc: 65.71% Mean: 74.89% (+/- 6.50%)
Fold: 93 of 100 Acc: 91.18% Mean: 75.06% (+/- 6.68%)
Fold: 94 of 100 Acc: 73.53% Mean: 75.05% (+/- 6.65%)
Fold: 95 of 100 Acc: 76.47% Mean: 75.06% (+/- 6.61%)
Fold: 96 of 100 Acc: 67.65% Mean: 74.99% (+/- 6.62%)
Fold: 97 of 100 Acc: 73.53% Mean: 74.97% (+/- 6.59%)
Fold: 98 of 100 Acc: 67.65% Mean: 74.90% (+/- 6.60%)
Fold: 99 of 100 Acc: 76.47% Mean: 74.91% (+/- 6.57%)
Fold: 100 of 100 Acc: 64.71% Mean: 74.81% (+/- 6.61%)
