Machine: PRECISION
Date: 06/01/2020 Time: 09:28:50
Alternative Dense Layer: False
Pooling Application Layer: None
Data Augmentation: True
Fine Tuning: 0

Model Type: VGG16
Fold: 1 of 100 Acc: 48.57% Mean: 48.57% (+/- 0.00%)
Fold: 2 of 100 Acc: 94.29% Mean: 71.43% (+/- 22.86%)
Fold: 3 of 100 Acc: 88.24% Mean: 77.03% (+/- 20.27%)
Fold: 4 of 100 Acc: 85.29% Mean: 79.10% (+/- 17.92%)
Fold: 5 of 100 Acc: 100.00% Mean: 83.28% (+/- 18.08%)
Fold: 6 of 100 Acc: 85.29% Mean: 83.61% (+/- 16.52%)
Fold: 7 of 100 Acc: 88.24% Mean: 84.27% (+/- 15.38%)
Fold: 8 of 100 Acc: 91.18% Mean: 85.14% (+/- 14.57%)
Fold: 9 of 100 Acc: 85.29% Mean: 85.15% (+/- 13.73%)
Fold: 10 of 100 Acc: 79.41% Mean: 84.58% (+/- 13.14%)
Fold: 11 of 100 Acc: 88.57% Mean: 84.94% (+/- 12.58%)
Fold: 12 of 100 Acc: 80.00% Mean: 84.53% (+/- 12.12%)
Fold: 13 of 100 Acc: 91.18% Mean: 85.04% (+/- 11.78%)
Fold: 14 of 100 Acc: 88.24% Mean: 85.27% (+/- 11.38%)
Fold: 15 of 100 Acc: 91.18% Mean: 85.66% (+/- 11.10%)
Fold: 16 of 100 Acc: 88.24% Mean: 85.82% (+/- 10.76%)
Fold: 17 of 100 Acc: 91.18% Mean: 86.14% (+/- 10.52%)
Fold: 18 of 100 Acc: 88.24% Mean: 86.26% (+/- 10.23%)
Fold: 19 of 100 Acc: 94.12% Mean: 86.67% (+/- 10.11%)
Fold: 20 of 100 Acc: 79.41% Mean: 86.31% (+/- 9.98%)
Fold: 21 of 100 Acc: 88.57% Mean: 86.41% (+/- 9.75%)
Fold: 22 of 100 Acc: 85.71% Mean: 86.38% (+/- 9.53%)
Fold: 23 of 100 Acc: 82.35% Mean: 86.21% (+/- 9.36%)
Fold: 24 of 100 Acc: 85.29% Mean: 86.17% (+/- 9.16%)
Fold: 25 of 100 Acc: 82.35% Mean: 86.02% (+/- 9.01%)
Fold: 26 of 100 Acc: 88.24% Mean: 86.10% (+/- 8.84%)
Fold: 27 of 100 Acc: 85.29% Mean: 86.07% (+/- 8.68%)
Fold: 28 of 100 Acc: 94.12% Mean: 86.36% (+/- 8.65%)
Fold: 29 of 100 Acc: 82.35% Mean: 86.22% (+/- 8.53%)
Fold: 30 of 100 Acc: 88.24% Mean: 86.29% (+/- 8.40%)
Fold: 31 of 100 Acc: 82.86% Mean: 86.18% (+/- 8.28%)
Fold: 32 of 100 Acc: 94.29% Mean: 86.43% (+/- 8.27%)
Fold: 33 of 100 Acc: 85.29% Mean: 86.40% (+/- 8.15%)
Fold: 34 of 100 Acc: 79.41% Mean: 86.19% (+/- 8.12%)
Fold: 35 of 100 Acc: 82.35% Mean: 86.08% (+/- 8.02%)
Fold: 36 of 100 Acc: 85.29% Mean: 86.06% (+/- 7.91%)
Fold: 37 of 100 Acc: 91.18% Mean: 86.20% (+/- 7.85%)
Fold: 38 of 100 Acc: 94.12% Mean: 86.41% (+/- 7.85%)
Fold: 39 of 100 Acc: 85.29% Mean: 86.38% (+/- 7.75%)
Fold: 40 of 100 Acc: 91.18% Mean: 86.50% (+/- 7.69%)
Fold: 41 of 100 Acc: 71.43% Mean: 86.13% (+/- 7.94%)
Fold: 42 of 100 Acc: 91.43% Mean: 86.26% (+/- 7.89%)
Fold: 43 of 100 Acc: 88.24% Mean: 86.30% (+/- 7.80%)
Fold: 44 of 100 Acc: 88.24% Mean: 86.35% (+/- 7.72%)
Fold: 45 of 100 Acc: 91.18% Mean: 86.45% (+/- 7.66%)
Fold: 46 of 100 Acc: 82.35% Mean: 86.36% (+/- 7.60%)
Fold: 47 of 100 Acc: 97.06% Mean: 86.59% (+/- 7.68%)
Fold: 48 of 100 Acc: 82.35% Mean: 86.50% (+/- 7.62%)
Fold: 49 of 100 Acc: 76.47% Mean: 86.30% (+/- 7.68%)
Fold: 50 of 100 Acc: 85.29% Mean: 86.28% (+/- 7.60%)
Fold: 51 of 100 Acc: 82.86% Mean: 86.21% (+/- 7.54%)
Fold: 52 of 100 Acc: 91.43% Mean: 86.31% (+/- 7.50%)
Fold: 53 of 100 Acc: 79.41% Mean: 86.18% (+/- 7.49%)
Fold: 54 of 100 Acc: 88.24% Mean: 86.22% (+/- 7.43%)
Fold: 55 of 100 Acc: 91.18% Mean: 86.31% (+/- 7.39%)
Fold: 56 of 100 Acc: 91.18% Mean: 86.40% (+/- 7.35%)
Fold: 57 of 100 Acc: 88.24% Mean: 86.43% (+/- 7.29%)
Fold: 58 of 100 Acc: 91.18% Mean: 86.51% (+/- 7.25%)
Fold: 59 of 100 Acc: 85.29% Mean: 86.49% (+/- 7.19%)
Fold: 60 of 100 Acc: 91.18% Mean: 86.57% (+/- 7.16%)
Fold: 61 of 100 Acc: 85.71% Mean: 86.55% (+/- 7.10%)
Fold: 62 of 100 Acc: 97.14% Mean: 86.73% (+/- 7.17%)
Fold: 63 of 100 Acc: 91.18% Mean: 86.80% (+/- 7.13%)
Fold: 64 of 100 Acc: 88.24% Mean: 86.82% (+/- 7.08%)
Fold: 65 of 100 Acc: 82.35% Mean: 86.75% (+/- 7.05%)
Fold: 66 of 100 Acc: 94.12% Mean: 86.86% (+/- 7.05%)
Fold: 67 of 100 Acc: 82.35% Mean: 86.79% (+/- 7.02%)
Fold: 68 of 100 Acc: 94.12% Mean: 86.90% (+/- 7.02%)
Fold: 69 of 100 Acc: 79.41% Mean: 86.79% (+/- 7.03%)
Fold: 70 of 100 Acc: 88.24% Mean: 86.81% (+/- 6.98%)
Fold: 71 of 100 Acc: 82.86% Mean: 86.76% (+/- 6.95%)
Fold: 72 of 100 Acc: 82.86% Mean: 86.70% (+/- 6.91%)
Fold: 73 of 100 Acc: 76.47% Mean: 86.56% (+/- 6.97%)
Fold: 74 of 100 Acc: 88.24% Mean: 86.59% (+/- 6.92%)
Fold: 75 of 100 Acc: 94.12% Mean: 86.69% (+/- 6.93%)
Fold: 76 of 100 Acc: 91.18% Mean: 86.75% (+/- 6.90%)
Fold: 77 of 100 Acc: 94.12% Mean: 86.84% (+/- 6.91%)
Fold: 78 of 100 Acc: 73.53% Mean: 86.67% (+/- 7.03%)
Fold: 79 of 100 Acc: 94.12% Mean: 86.77% (+/- 7.03%)
Fold: 80 of 100 Acc: 94.12% Mean: 86.86% (+/- 7.03%)
Fold: 81 of 100 Acc: 85.71% Mean: 86.84% (+/- 6.99%)
Fold: 82 of 100 Acc: 80.00% Mean: 86.76% (+/- 6.99%)
Fold: 83 of 100 Acc: 91.18% Mean: 86.81% (+/- 6.96%)
Fold: 84 of 100 Acc: 88.24% Mean: 86.83% (+/- 6.92%)
Fold: 85 of 100 Acc: 88.24% Mean: 86.85% (+/- 6.89%)
Fold: 86 of 100 Acc: 85.29% Mean: 86.83% (+/- 6.85%)
Fold: 87 of 100 Acc: 85.29% Mean: 86.81% (+/- 6.81%)
Fold: 88 of 100 Acc: 76.47% Mean: 86.69% (+/- 6.86%)
Fold: 89 of 100 Acc: 97.06% Mean: 86.81% (+/- 6.91%)
Fold: 90 of 100 Acc: 82.35% Mean: 86.76% (+/- 6.88%)
Fold: 91 of 100 Acc: 82.86% Mean: 86.72% (+/- 6.86%)
Fold: 92 of 100 Acc: 91.43% Mean: 86.77% (+/- 6.84%)
Fold: 93 of 100 Acc: 88.24% Mean: 86.78% (+/- 6.80%)
Fold: 94 of 100 Acc: 88.24% Mean: 86.80% (+/- 6.77%)
Fold: 95 of 100 Acc: 85.29% Mean: 86.78% (+/- 6.74%)
Fold: 96 of 100 Acc: 94.12% Mean: 86.86% (+/- 6.74%)
Fold: 97 of 100 Acc: 91.18% Mean: 86.90% (+/- 6.72%)
Fold: 98 of 100 Acc: 85.29% Mean: 86.89% (+/- 6.69%)
Fold: 99 of 100 Acc: 88.24% Mean: 86.90% (+/- 6.66%)
Fold: 100 of 100 Acc: 85.29% Mean: 86.89% (+/- 6.62%)
Model Type: VGG19
Fold: 1 of 100 Acc: 51.43% Mean: 51.43% (+/- 0.00%)
Fold: 2 of 100 Acc: 97.14% Mean: 74.29% (+/- 22.86%)
Fold: 3 of 100 Acc: 91.18% Mean: 79.92% (+/- 20.29%)
Fold: 4 of 100 Acc: 82.35% Mean: 80.53% (+/- 17.60%)
Fold: 5 of 100 Acc: 97.06% Mean: 83.83% (+/- 17.08%)
Fold: 6 of 100 Acc: 79.41% Mean: 83.10% (+/- 15.68%)
Fold: 7 of 100 Acc: 91.18% Mean: 84.25% (+/- 14.79%)
Fold: 8 of 100 Acc: 88.24% Mean: 84.75% (+/- 13.89%)
Fold: 9 of 100 Acc: 85.29% Mean: 84.81% (+/- 13.10%)
Fold: 10 of 100 Acc: 82.35% Mean: 84.56% (+/- 12.45%)
Fold: 11 of 100 Acc: 94.29% Mean: 85.45% (+/- 12.20%)
Fold: 12 of 100 Acc: 85.71% Mean: 85.47% (+/- 11.68%)
Fold: 13 of 100 Acc: 85.29% Mean: 85.46% (+/- 11.22%)
Fold: 14 of 100 Acc: 79.41% Mean: 85.02% (+/- 10.92%)
Fold: 15 of 100 Acc: 91.18% Mean: 85.43% (+/- 10.66%)
Fold: 16 of 100 Acc: 88.24% Mean: 85.61% (+/- 10.35%)
Fold: 17 of 100 Acc: 88.24% Mean: 85.76% (+/- 10.06%)
Fold: 18 of 100 Acc: 88.24% Mean: 85.90% (+/- 9.79%)
Fold: 19 of 100 Acc: 88.24% Mean: 86.02% (+/- 9.54%)
Fold: 20 of 100 Acc: 88.24% Mean: 86.13% (+/- 9.31%)
Fold: 21 of 100 Acc: 88.57% Mean: 86.25% (+/- 9.10%)
Fold: 22 of 100 Acc: 77.14% Mean: 85.84% (+/- 9.09%)
Fold: 23 of 100 Acc: 91.18% Mean: 86.07% (+/- 8.96%)
Fold: 24 of 100 Acc: 79.41% Mean: 85.79% (+/- 8.87%)
Fold: 25 of 100 Acc: 88.24% Mean: 85.89% (+/- 8.71%)
Fold: 26 of 100 Acc: 88.24% Mean: 85.98% (+/- 8.55%)
Fold: 27 of 100 Acc: 88.24% Mean: 86.06% (+/- 8.40%)
Fold: 28 of 100 Acc: 88.24% Mean: 86.14% (+/- 8.26%)
Fold: 29 of 100 Acc: 94.12% Mean: 86.42% (+/- 8.24%)
Fold: 30 of 100 Acc: 85.29% Mean: 86.38% (+/- 8.11%)
Fold: 31 of 100 Acc: 88.57% Mean: 86.45% (+/- 7.99%)
Fold: 32 of 100 Acc: 82.86% Mean: 86.34% (+/- 7.89%)
Fold: 33 of 100 Acc: 97.06% Mean: 86.66% (+/- 7.98%)
Fold: 34 of 100 Acc: 82.35% Mean: 86.53% (+/- 7.89%)
Fold: 35 of 100 Acc: 88.24% Mean: 86.58% (+/- 7.79%)
Fold: 36 of 100 Acc: 97.06% Mean: 86.87% (+/- 7.87%)
Fold: 37 of 100 Acc: 91.18% Mean: 86.99% (+/- 7.79%)
Fold: 38 of 100 Acc: 82.35% Mean: 86.87% (+/- 7.72%)
Fold: 39 of 100 Acc: 85.29% Mean: 86.83% (+/- 7.63%)
Fold: 40 of 100 Acc: 97.06% Mean: 87.08% (+/- 7.70%)
Fold: 41 of 100 Acc: 88.57% Mean: 87.12% (+/- 7.61%)
Fold: 42 of 100 Acc: 80.00% Mean: 86.95% (+/- 7.60%)
Fold: 43 of 100 Acc: 82.35% Mean: 86.84% (+/- 7.54%)
Fold: 44 of 100 Acc: 79.41% Mean: 86.67% (+/- 7.54%)
Fold: 45 of 100 Acc: 91.18% Mean: 86.77% (+/- 7.48%)
Fold: 46 of 100 Acc: 85.29% Mean: 86.74% (+/- 7.40%)
Fold: 47 of 100 Acc: 94.12% Mean: 86.90% (+/- 7.40%)
Fold: 48 of 100 Acc: 79.41% Mean: 86.74% (+/- 7.40%)
Fold: 49 of 100 Acc: 88.24% Mean: 86.77% (+/- 7.33%)
Fold: 50 of 100 Acc: 94.12% Mean: 86.92% (+/- 7.33%)
Fold: 51 of 100 Acc: 82.86% Mean: 86.84% (+/- 7.28%)
Fold: 52 of 100 Acc: 91.43% Mean: 86.93% (+/- 7.23%)
Fold: 53 of 100 Acc: 88.24% Mean: 86.95% (+/- 7.17%)
Fold: 54 of 100 Acc: 88.24% Mean: 86.98% (+/- 7.10%)
Fold: 55 of 100 Acc: 91.18% Mean: 87.05% (+/- 7.06%)
Fold: 56 of 100 Acc: 91.18% Mean: 87.13% (+/- 7.02%)
Fold: 57 of 100 Acc: 91.18% Mean: 87.20% (+/- 6.98%)
Fold: 58 of 100 Acc: 82.35% Mean: 87.12% (+/- 6.94%)
Fold: 59 of 100 Acc: 88.24% Mean: 87.13% (+/- 6.89%)
Fold: 60 of 100 Acc: 88.24% Mean: 87.15% (+/- 6.83%)
Fold: 61 of 100 Acc: 77.14% Mean: 86.99% (+/- 6.89%)
Fold: 62 of 100 Acc: 88.57% Mean: 87.01% (+/- 6.84%)
Fold: 63 of 100 Acc: 85.29% Mean: 86.99% (+/- 6.79%)
Fold: 64 of 100 Acc: 94.12% Mean: 87.10% (+/- 6.79%)
Fold: 65 of 100 Acc: 91.18% Mean: 87.16% (+/- 6.76%)
Fold: 66 of 100 Acc: 97.06% Mean: 87.31% (+/- 6.82%)
Fold: 67 of 100 Acc: 94.12% Mean: 87.41% (+/- 6.81%)
Fold: 68 of 100 Acc: 85.29% Mean: 87.38% (+/- 6.77%)
Fold: 69 of 100 Acc: 85.29% Mean: 87.35% (+/- 6.72%)
Fold: 70 of 100 Acc: 79.41% Mean: 87.24% (+/- 6.74%)
Fold: 71 of 100 Acc: 91.43% Mean: 87.30% (+/- 6.71%)
Fold: 72 of 100 Acc: 88.57% Mean: 87.31% (+/- 6.67%)
Fold: 73 of 100 Acc: 82.35% Mean: 87.25% (+/- 6.65%)
Fold: 74 of 100 Acc: 82.35% Mean: 87.18% (+/- 6.63%)
Fold: 75 of 100 Acc: 82.35% Mean: 87.12% (+/- 6.61%)
Fold: 76 of 100 Acc: 82.35% Mean: 87.05% (+/- 6.58%)
Fold: 77 of 100 Acc: 94.12% Mean: 87.15% (+/- 6.59%)
Fold: 78 of 100 Acc: 88.24% Mean: 87.16% (+/- 6.55%)
Fold: 79 of 100 Acc: 97.06% Mean: 87.28% (+/- 6.60%)
Fold: 80 of 100 Acc: 85.29% Mean: 87.26% (+/- 6.56%)
Fold: 81 of 100 Acc: 85.71% Mean: 87.24% (+/- 6.52%)
Fold: 82 of 100 Acc: 94.29% Mean: 87.33% (+/- 6.53%)
Fold: 83 of 100 Acc: 70.59% Mean: 87.12% (+/- 6.74%)
Fold: 84 of 100 Acc: 88.24% Mean: 87.14% (+/- 6.70%)
Fold: 85 of 100 Acc: 85.29% Mean: 87.12% (+/- 6.67%)
Fold: 86 of 100 Acc: 94.12% Mean: 87.20% (+/- 6.67%)
Fold: 87 of 100 Acc: 79.41% Mean: 87.11% (+/- 6.68%)
Fold: 88 of 100 Acc: 82.35% Mean: 87.05% (+/- 6.67%)
Fold: 89 of 100 Acc: 94.12% Mean: 87.13% (+/- 6.67%)
Fold: 90 of 100 Acc: 91.18% Mean: 87.18% (+/- 6.65%)
Fold: 91 of 100 Acc: 88.57% Mean: 87.19% (+/- 6.61%)
Fold: 92 of 100 Acc: 85.71% Mean: 87.18% (+/- 6.58%)
Fold: 93 of 100 Acc: 91.18% Mean: 87.22% (+/- 6.55%)
Fold: 94 of 100 Acc: 88.24% Mean: 87.23% (+/- 6.52%)
Fold: 95 of 100 Acc: 88.24% Mean: 87.24% (+/- 6.49%)
Fold: 96 of 100 Acc: 88.24% Mean: 87.25% (+/- 6.45%)
Fold: 97 of 100 Acc: 91.18% Mean: 87.29% (+/- 6.43%)
Fold: 98 of 100 Acc: 94.12% Mean: 87.36% (+/- 6.44%)
Fold: 99 of 100 Acc: 79.41% Mean: 87.28% (+/- 6.45%)
Fold: 100 of 100 Acc: 91.18% Mean: 87.32% (+/- 6.43%)
