Machine: PRECISION
Date: 25/01/2020 Time: 15:04:47
Alternative Dense Layer: False
Pooling Application Layer: avg
Data Augmentation: False
Data Augmentation Multiplier: 1
Optimizer: rmsprop
Maximum Frozen Blocks: 5
Model: VGG16

Frozen Blocks: 0
Fold: 1 of 100 Acc: 51.43% Mean: 51.43% (+/- 0.00%)
Fold: 2 of 100 Acc: 88.57% Mean: 70.00% (+/- 18.57%)
Fold: 3 of 100 Acc: 82.35% Mean: 74.12% (+/- 16.24%)
Fold: 4 of 100 Acc: 73.53% Mean: 73.97% (+/- 14.07%)
Fold: 5 of 100 Acc: 94.12% Mean: 78.00% (+/- 14.94%)
Fold: 6 of 100 Acc: 88.24% Mean: 79.71% (+/- 14.16%)
Fold: 7 of 100 Acc: 91.18% Mean: 81.34% (+/- 13.71%)
Fold: 8 of 100 Acc: 91.18% Mean: 82.57% (+/- 13.23%)
Fold: 9 of 100 Acc: 88.24% Mean: 83.20% (+/- 12.60%)
Fold: 10 of 100 Acc: 88.24% Mean: 83.71% (+/- 12.05%)
Fold: 11 of 100 Acc: 80.00% Mean: 83.37% (+/- 11.54%)
Fold: 12 of 100 Acc: 82.86% Mean: 83.33% (+/- 11.05%)
Fold: 13 of 100 Acc: 91.18% Mean: 83.93% (+/- 10.82%)
Fold: 14 of 100 Acc: 88.24% Mean: 84.24% (+/- 10.49%)
Fold: 15 of 100 Acc: 85.29% Mean: 84.31% (+/- 10.13%)
Fold: 16 of 100 Acc: 91.18% Mean: 84.74% (+/- 9.95%)
Fold: 17 of 100 Acc: 85.29% Mean: 84.77% (+/- 9.66%)
Fold: 18 of 100 Acc: 94.12% Mean: 85.29% (+/- 9.62%)
Fold: 19 of 100 Acc: 82.35% Mean: 85.13% (+/- 9.39%)
Fold: 20 of 100 Acc: 85.29% Mean: 85.14% (+/- 9.15%)
Fold: 21 of 100 Acc: 85.71% Mean: 85.17% (+/- 8.93%)
Fold: 22 of 100 Acc: 94.29% Mean: 85.58% (+/- 8.93%)
Fold: 23 of 100 Acc: 91.18% Mean: 85.83% (+/- 8.81%)
Fold: 24 of 100 Acc: 76.47% Mean: 85.44% (+/- 8.82%)
Fold: 25 of 100 Acc: 91.18% Mean: 85.67% (+/- 8.72%)
Fold: 26 of 100 Acc: 91.18% Mean: 85.88% (+/- 8.62%)
Fold: 27 of 100 Acc: 85.29% Mean: 85.86% (+/- 8.45%)
Fold: 28 of 100 Acc: 85.29% Mean: 85.84% (+/- 8.30%)
Fold: 29 of 100 Acc: 97.06% Mean: 86.22% (+/- 8.41%)
Fold: 30 of 100 Acc: 82.35% Mean: 86.10% (+/- 8.30%)
Fold: 31 of 100 Acc: 94.29% Mean: 86.36% (+/- 8.29%)
Fold: 32 of 100 Acc: 85.71% Mean: 86.34% (+/- 8.16%)
Fold: 33 of 100 Acc: 88.24% Mean: 86.40% (+/- 8.04%)
Fold: 34 of 100 Acc: 88.24% Mean: 86.45% (+/- 7.93%)
Fold: 35 of 100 Acc: 91.18% Mean: 86.59% (+/- 7.86%)
Fold: 36 of 100 Acc: 91.18% Mean: 86.71% (+/- 7.78%)
Fold: 37 of 100 Acc: 88.24% Mean: 86.75% (+/- 7.68%)
Fold: 38 of 100 Acc: 82.35% Mean: 86.64% (+/- 7.61%)
Fold: 39 of 100 Acc: 88.24% Mean: 86.68% (+/- 7.52%)
Fold: 40 of 100 Acc: 91.18% Mean: 86.79% (+/- 7.46%)
Fold: 41 of 100 Acc: 91.43% Mean: 86.91% (+/- 7.40%)
Fold: 42 of 100 Acc: 82.86% Mean: 86.81% (+/- 7.34%)
Fold: 43 of 100 Acc: 88.24% Mean: 86.84% (+/- 7.25%)
Fold: 44 of 100 Acc: 88.24% Mean: 86.87% (+/- 7.17%)
Fold: 45 of 100 Acc: 85.29% Mean: 86.84% (+/- 7.10%)
Fold: 46 of 100 Acc: 88.24% Mean: 86.87% (+/- 7.02%)
Fold: 47 of 100 Acc: 82.35% Mean: 86.77% (+/- 6.98%)
Fold: 48 of 100 Acc: 97.06% Mean: 86.99% (+/- 7.06%)
Fold: 49 of 100 Acc: 85.29% Mean: 86.95% (+/- 6.99%)
Fold: 50 of 100 Acc: 88.24% Mean: 86.98% (+/- 6.92%)
Fold: 51 of 100 Acc: 82.86% Mean: 86.90% (+/- 6.88%)
Fold: 52 of 100 Acc: 88.57% Mean: 86.93% (+/- 6.82%)
Fold: 53 of 100 Acc: 94.12% Mean: 87.07% (+/- 6.82%)
Fold: 54 of 100 Acc: 88.24% Mean: 87.09% (+/- 6.76%)
Fold: 55 of 100 Acc: 79.41% Mean: 86.95% (+/- 6.78%)
Fold: 56 of 100 Acc: 82.35% Mean: 86.87% (+/- 6.74%)
Fold: 57 of 100 Acc: 88.24% Mean: 86.89% (+/- 6.69%)
Fold: 58 of 100 Acc: 91.18% Mean: 86.96% (+/- 6.65%)
Fold: 59 of 100 Acc: 82.35% Mean: 86.89% (+/- 6.62%)
Fold: 60 of 100 Acc: 88.24% Mean: 86.91% (+/- 6.57%)
Fold: 61 of 100 Acc: 88.57% Mean: 86.93% (+/- 6.52%)
Fold: 62 of 100 Acc: 94.29% Mean: 87.05% (+/- 6.53%)
Fold: 63 of 100 Acc: 91.18% Mean: 87.12% (+/- 6.50%)
Fold: 64 of 100 Acc: 67.65% Mean: 86.81% (+/- 6.89%)
Fold: 65 of 100 Acc: 88.24% Mean: 86.84% (+/- 6.84%)
Fold: 66 of 100 Acc: 79.41% Mean: 86.72% (+/- 6.84%)
Fold: 67 of 100 Acc: 79.41% Mean: 86.61% (+/- 6.85%)
Fold: 68 of 100 Acc: 94.12% Mean: 86.73% (+/- 6.86%)
Fold: 69 of 100 Acc: 94.12% Mean: 86.83% (+/- 6.87%)
Fold: 70 of 100 Acc: 85.29% Mean: 86.81% (+/- 6.82%)
Fold: 71 of 100 Acc: 80.00% Mean: 86.71% (+/- 6.82%)
Fold: 72 of 100 Acc: 85.71% Mean: 86.70% (+/- 6.77%)
Fold: 73 of 100 Acc: 79.41% Mean: 86.60% (+/- 6.78%)
Fold: 74 of 100 Acc: 88.24% Mean: 86.62% (+/- 6.74%)
Fold: 75 of 100 Acc: 91.18% Mean: 86.68% (+/- 6.71%)
Fold: 76 of 100 Acc: 91.18% Mean: 86.74% (+/- 6.69%)
Fold: 77 of 100 Acc: 88.24% Mean: 86.76% (+/- 6.65%)
Fold: 78 of 100 Acc: 91.18% Mean: 86.82% (+/- 6.62%)
Fold: 79 of 100 Acc: 91.18% Mean: 86.87% (+/- 6.60%)
Fold: 80 of 100 Acc: 88.24% Mean: 86.89% (+/- 6.56%)
Fold: 81 of 100 Acc: 94.29% Mean: 86.98% (+/- 6.57%)
Fold: 82 of 100 Acc: 85.71% Mean: 86.97% (+/- 6.53%)
Fold: 83 of 100 Acc: 91.18% Mean: 87.02% (+/- 6.51%)
Fold: 84 of 100 Acc: 88.24% Mean: 87.03% (+/- 6.47%)
Fold: 85 of 100 Acc: 79.41% Mean: 86.94% (+/- 6.48%)
Fold: 86 of 100 Acc: 82.35% Mean: 86.89% (+/- 6.46%)
Fold: 87 of 100 Acc: 94.12% Mean: 86.97% (+/- 6.47%)
Fold: 88 of 100 Acc: 79.41% Mean: 86.89% (+/- 6.49%)
Fold: 89 of 100 Acc: 85.29% Mean: 86.87% (+/- 6.45%)
Fold: 90 of 100 Acc: 94.12% Mean: 86.95% (+/- 6.46%)
Fold: 91 of 100 Acc: 100.00% Mean: 87.09% (+/- 6.57%)
Fold: 92 of 100 Acc: 88.57% Mean: 87.11% (+/- 6.53%)
Fold: 93 of 100 Acc: 88.24% Mean: 87.12% (+/- 6.50%)
Fold: 94 of 100 Acc: 79.41% Mean: 87.04% (+/- 6.51%)
Fold: 95 of 100 Acc: 85.29% Mean: 87.02% (+/- 6.48%)
Fold: 96 of 100 Acc: 85.29% Mean: 87.00% (+/- 6.45%)
Fold: 97 of 100 Acc: 79.41% Mean: 86.92% (+/- 6.46%)
Fold: 98 of 100 Acc: 94.12% Mean: 87.00% (+/- 6.47%)
Fold: 99 of 100 Acc: 85.29% Mean: 86.98% (+/- 6.44%)
Fold: 100 of 100 Acc: 82.35% Mean: 86.93% (+/- 6.42%)
Frozen Blocks: 1
Fold: 1 of 100 Acc: 65.71% Mean: 65.71% (+/- 0.00%)
Fold: 2 of 100 Acc: 77.14% Mean: 71.43% (+/- 5.71%)
Fold: 3 of 100 Acc: 91.18% Mean: 78.01% (+/- 10.41%)
Fold: 4 of 100 Acc: 91.18% Mean: 81.30% (+/- 10.67%)
Fold: 5 of 100 Acc: 82.35% Mean: 81.51% (+/- 9.55%)
Fold: 6 of 100 Acc: 100.00% Mean: 84.59% (+/- 11.11%)
Fold: 7 of 100 Acc: 91.18% Mean: 85.53% (+/- 10.54%)
Fold: 8 of 100 Acc: 91.18% Mean: 86.24% (+/- 10.04%)
Fold: 9 of 100 Acc: 91.18% Mean: 86.79% (+/- 9.59%)
Fold: 10 of 100 Acc: 70.59% Mean: 85.17% (+/- 10.31%)
Fold: 11 of 100 Acc: 85.71% Mean: 85.22% (+/- 9.84%)
Fold: 12 of 100 Acc: 88.57% Mean: 85.50% (+/- 9.46%)
Fold: 13 of 100 Acc: 88.24% Mean: 85.71% (+/- 9.12%)
Fold: 14 of 100 Acc: 88.24% Mean: 85.89% (+/- 8.81%)
Fold: 15 of 100 Acc: 85.29% Mean: 85.85% (+/- 8.52%)
Fold: 16 of 100 Acc: 97.06% Mean: 86.55% (+/- 8.68%)
Fold: 17 of 100 Acc: 73.53% Mean: 85.78% (+/- 8.96%)
Fold: 18 of 100 Acc: 91.18% Mean: 86.08% (+/- 8.80%)
Fold: 19 of 100 Acc: 97.06% Mean: 86.66% (+/- 8.90%)
Fold: 20 of 100 Acc: 97.06% Mean: 87.18% (+/- 8.97%)
Fold: 21 of 100 Acc: 91.43% Mean: 87.38% (+/- 8.80%)
Fold: 22 of 100 Acc: 77.14% Mean: 86.92% (+/- 8.86%)
Fold: 23 of 100 Acc: 82.35% Mean: 86.72% (+/- 8.71%)
Fold: 24 of 100 Acc: 94.12% Mean: 87.03% (+/- 8.66%)
Fold: 25 of 100 Acc: 100.00% Mean: 87.55% (+/- 8.86%)
Fold: 26 of 100 Acc: 94.12% Mean: 87.80% (+/- 8.78%)
Fold: 27 of 100 Acc: 91.18% Mean: 87.92% (+/- 8.63%)
Fold: 28 of 100 Acc: 97.06% Mean: 88.25% (+/- 8.65%)
Fold: 29 of 100 Acc: 91.18% Mean: 88.35% (+/- 8.51%)
Fold: 30 of 100 Acc: 88.24% Mean: 88.35% (+/- 8.37%)
Fold: 31 of 100 Acc: 80.00% Mean: 88.08% (+/- 8.37%)
Fold: 32 of 100 Acc: 88.57% Mean: 88.09% (+/- 8.23%)
Fold: 33 of 100 Acc: 85.29% Mean: 88.01% (+/- 8.12%)
Fold: 34 of 100 Acc: 88.24% Mean: 88.02% (+/- 8.00%)
Fold: 35 of 100 Acc: 91.18% Mean: 88.11% (+/- 7.90%)
Fold: 36 of 100 Acc: 85.29% Mean: 88.03% (+/- 7.81%)
Fold: 37 of 100 Acc: 97.06% Mean: 88.27% (+/- 7.84%)
Fold: 38 of 100 Acc: 97.06% Mean: 88.50% (+/- 7.86%)
Fold: 39 of 100 Acc: 91.18% Mean: 88.57% (+/- 7.77%)
Fold: 40 of 100 Acc: 82.35% Mean: 88.42% (+/- 7.74%)
Fold: 41 of 100 Acc: 85.71% Mean: 88.35% (+/- 7.65%)
Fold: 42 of 100 Acc: 85.71% Mean: 88.29% (+/- 7.57%)
Fold: 43 of 100 Acc: 94.12% Mean: 88.42% (+/- 7.53%)
Fold: 44 of 100 Acc: 94.12% Mean: 88.55% (+/- 7.50%)
Fold: 45 of 100 Acc: 88.24% Mean: 88.55% (+/- 7.41%)
Fold: 46 of 100 Acc: 94.12% Mean: 88.67% (+/- 7.38%)
Fold: 47 of 100 Acc: 88.24% Mean: 88.66% (+/- 7.30%)
Fold: 48 of 100 Acc: 88.24% Mean: 88.65% (+/- 7.22%)
Fold: 49 of 100 Acc: 91.18% Mean: 88.70% (+/- 7.16%)
Fold: 50 of 100 Acc: 82.35% Mean: 88.57% (+/- 7.14%)
Fold: 51 of 100 Acc: 97.14% Mean: 88.74% (+/- 7.17%)
Fold: 52 of 100 Acc: 85.71% Mean: 88.68% (+/- 7.11%)
Fold: 53 of 100 Acc: 97.06% Mean: 88.84% (+/- 7.14%)
Fold: 54 of 100 Acc: 97.06% Mean: 88.99% (+/- 7.16%)
Fold: 55 of 100 Acc: 76.47% Mean: 88.77% (+/- 7.29%)
Fold: 56 of 100 Acc: 70.59% Mean: 88.44% (+/- 7.61%)
Fold: 57 of 100 Acc: 88.24% Mean: 88.44% (+/- 7.54%)
Fold: 58 of 100 Acc: 82.35% Mean: 88.33% (+/- 7.52%)
Fold: 59 of 100 Acc: 82.35% Mean: 88.23% (+/- 7.50%)
Fold: 60 of 100 Acc: 88.24% Mean: 88.23% (+/- 7.43%)
Fold: 61 of 100 Acc: 94.29% Mean: 88.33% (+/- 7.41%)
Fold: 62 of 100 Acc: 94.29% Mean: 88.43% (+/- 7.39%)
Fold: 63 of 100 Acc: 91.18% Mean: 88.47% (+/- 7.34%)
Fold: 64 of 100 Acc: 85.29% Mean: 88.42% (+/- 7.29%)
Fold: 65 of 100 Acc: 88.24% Mean: 88.42% (+/- 7.24%)
Fold: 66 of 100 Acc: 94.12% Mean: 88.50% (+/- 7.21%)
Fold: 67 of 100 Acc: 97.06% Mean: 88.63% (+/- 7.24%)
Fold: 68 of 100 Acc: 88.24% Mean: 88.63% (+/- 7.18%)
Fold: 69 of 100 Acc: 100.00% Mean: 88.79% (+/- 7.26%)
Fold: 70 of 100 Acc: 85.29% Mean: 88.74% (+/- 7.22%)
Fold: 71 of 100 Acc: 94.29% Mean: 88.82% (+/- 7.20%)
Fold: 72 of 100 Acc: 97.14% Mean: 88.93% (+/- 7.21%)
Fold: 73 of 100 Acc: 88.24% Mean: 88.92% (+/- 7.16%)
Fold: 74 of 100 Acc: 82.35% Mean: 88.84% (+/- 7.16%)
Fold: 75 of 100 Acc: 76.47% Mean: 88.67% (+/- 7.25%)
Fold: 76 of 100 Acc: 97.06% Mean: 88.78% (+/- 7.26%)
Fold: 77 of 100 Acc: 82.35% Mean: 88.70% (+/- 7.25%)
Fold: 78 of 100 Acc: 94.12% Mean: 88.77% (+/- 7.23%)
Fold: 79 of 100 Acc: 97.06% Mean: 88.87% (+/- 7.25%)
Fold: 80 of 100 Acc: 91.18% Mean: 88.90% (+/- 7.20%)
Fold: 81 of 100 Acc: 91.43% Mean: 88.93% (+/- 7.17%)
Fold: 82 of 100 Acc: 94.29% Mean: 89.00% (+/- 7.15%)
Fold: 83 of 100 Acc: 85.29% Mean: 88.95% (+/- 7.11%)
Fold: 84 of 100 Acc: 88.24% Mean: 88.94% (+/- 7.07%)
Fold: 85 of 100 Acc: 97.06% Mean: 89.04% (+/- 7.08%)
Fold: 86 of 100 Acc: 88.24% Mean: 89.03% (+/- 7.04%)
Fold: 87 of 100 Acc: 91.18% Mean: 89.06% (+/- 7.01%)
Fold: 88 of 100 Acc: 82.35% Mean: 88.98% (+/- 7.00%)
Fold: 89 of 100 Acc: 88.24% Mean: 88.97% (+/- 6.96%)
Fold: 90 of 100 Acc: 91.18% Mean: 89.00% (+/- 6.93%)
Fold: 91 of 100 Acc: 91.43% Mean: 89.02% (+/- 6.90%)
Fold: 92 of 100 Acc: 97.14% Mean: 89.11% (+/- 6.91%)
Fold: 93 of 100 Acc: 88.24% Mean: 89.10% (+/- 6.87%)
Fold: 94 of 100 Acc: 91.18% Mean: 89.12% (+/- 6.84%)
Fold: 95 of 100 Acc: 88.24% Mean: 89.11% (+/- 6.80%)
Fold: 96 of 100 Acc: 82.35% Mean: 89.04% (+/- 6.80%)
Fold: 97 of 100 Acc: 79.41% Mean: 88.94% (+/- 6.84%)
Fold: 98 of 100 Acc: 79.41% Mean: 88.85% (+/- 6.87%)
Fold: 99 of 100 Acc: 94.12% Mean: 88.90% (+/- 6.86%)
Fold: 100 of 100 Acc: 94.12% Mean: 88.95% (+/- 6.84%)
Frozen Blocks: 2
Fold: 1 of 100 Acc: 48.57% Mean: 48.57% (+/- 0.00%)
Fold: 2 of 100 Acc: 85.71% Mean: 67.14% (+/- 18.57%)
Fold: 3 of 100 Acc: 91.18% Mean: 75.15% (+/- 18.93%)
Fold: 4 of 100 Acc: 76.47% Mean: 75.48% (+/- 16.40%)
Fold: 5 of 100 Acc: 94.12% Mean: 79.21% (+/- 16.46%)
Fold: 6 of 100 Acc: 91.18% Mean: 81.20% (+/- 15.67%)
Fold: 7 of 100 Acc: 91.18% Mean: 82.63% (+/- 14.92%)
Fold: 8 of 100 Acc: 88.24% Mean: 83.33% (+/- 14.08%)
Fold: 9 of 100 Acc: 88.24% Mean: 83.87% (+/- 13.36%)
Fold: 10 of 100 Acc: 82.35% Mean: 83.72% (+/- 12.69%)
Fold: 11 of 100 Acc: 91.43% Mean: 84.42% (+/- 12.30%)
Fold: 12 of 100 Acc: 85.71% Mean: 84.53% (+/- 11.78%)
Fold: 13 of 100 Acc: 97.06% Mean: 85.49% (+/- 11.80%)
Fold: 14 of 100 Acc: 91.18% Mean: 85.90% (+/- 11.46%)
Fold: 15 of 100 Acc: 85.29% Mean: 85.86% (+/- 11.08%)
Fold: 16 of 100 Acc: 97.06% Mean: 86.56% (+/- 11.06%)
Fold: 17 of 100 Acc: 97.06% Mean: 87.18% (+/- 11.01%)
Fold: 18 of 100 Acc: 94.12% Mean: 87.56% (+/- 10.82%)
Fold: 19 of 100 Acc: 91.18% Mean: 87.75% (+/- 10.56%)
Fold: 20 of 100 Acc: 94.12% Mean: 88.07% (+/- 10.39%)
Fold: 21 of 100 Acc: 80.00% Mean: 87.69% (+/- 10.28%)
Fold: 22 of 100 Acc: 91.43% Mean: 87.86% (+/- 10.08%)
Fold: 23 of 100 Acc: 88.24% Mean: 87.87% (+/- 9.85%)
Fold: 24 of 100 Acc: 91.18% Mean: 88.01% (+/- 9.67%)
Fold: 25 of 100 Acc: 97.06% Mean: 88.37% (+/- 9.64%)
Fold: 26 of 100 Acc: 94.12% Mean: 88.59% (+/- 9.52%)
Fold: 27 of 100 Acc: 88.24% Mean: 88.58% (+/- 9.34%)
Fold: 28 of 100 Acc: 94.12% Mean: 88.78% (+/- 9.23%)
Fold: 29 of 100 Acc: 100.00% Mean: 89.17% (+/- 9.29%)
Fold: 30 of 100 Acc: 73.53% Mean: 88.64% (+/- 9.56%)
Fold: 31 of 100 Acc: 91.43% Mean: 88.73% (+/- 9.42%)
Fold: 32 of 100 Acc: 71.43% Mean: 88.19% (+/- 9.75%)
Fold: 33 of 100 Acc: 85.29% Mean: 88.11% (+/- 9.61%)
Fold: 34 of 100 Acc: 97.06% Mean: 88.37% (+/- 9.59%)
Fold: 35 of 100 Acc: 88.24% Mean: 88.36% (+/- 9.45%)
Fold: 36 of 100 Acc: 97.06% Mean: 88.61% (+/- 9.43%)
Fold: 37 of 100 Acc: 82.35% Mean: 88.44% (+/- 9.35%)
Fold: 38 of 100 Acc: 94.12% Mean: 88.59% (+/- 9.27%)
Fold: 39 of 100 Acc: 88.24% Mean: 88.58% (+/- 9.15%)
Fold: 40 of 100 Acc: 82.35% Mean: 88.42% (+/- 9.09%)
Fold: 41 of 100 Acc: 85.71% Mean: 88.36% (+/- 8.99%)
Fold: 42 of 100 Acc: 97.14% Mean: 88.57% (+/- 8.98%)
Fold: 43 of 100 Acc: 97.06% Mean: 88.76% (+/- 8.97%)
Fold: 44 of 100 Acc: 97.06% Mean: 88.95% (+/- 8.95%)
Fold: 45 of 100 Acc: 88.24% Mean: 88.94% (+/- 8.85%)
Fold: 46 of 100 Acc: 91.18% Mean: 88.98% (+/- 8.76%)
Fold: 47 of 100 Acc: 79.41% Mean: 88.78% (+/- 8.78%)
Fold: 48 of 100 Acc: 91.18% Mean: 88.83% (+/- 8.69%)
Fold: 49 of 100 Acc: 82.35% Mean: 88.70% (+/- 8.65%)
Fold: 50 of 100 Acc: 94.12% Mean: 88.81% (+/- 8.60%)
Fold: 51 of 100 Acc: 85.71% Mean: 88.75% (+/- 8.53%)
Fold: 52 of 100 Acc: 97.14% Mean: 88.91% (+/- 8.52%)
Fold: 53 of 100 Acc: 88.24% Mean: 88.89% (+/- 8.44%)
Fold: 54 of 100 Acc: 88.24% Mean: 88.88% (+/- 8.36%)
Fold: 55 of 100 Acc: 85.29% Mean: 88.82% (+/- 8.30%)
Fold: 56 of 100 Acc: 94.12% Mean: 88.91% (+/- 8.26%)
Fold: 57 of 100 Acc: 79.41% Mean: 88.75% (+/- 8.28%)
Fold: 58 of 100 Acc: 82.35% Mean: 88.64% (+/- 8.25%)
Fold: 59 of 100 Acc: 94.12% Mean: 88.73% (+/- 8.21%)
Fold: 60 of 100 Acc: 94.12% Mean: 88.82% (+/- 8.17%)
Fold: 61 of 100 Acc: 94.29% Mean: 88.91% (+/- 8.13%)
Fold: 62 of 100 Acc: 77.14% Mean: 88.72% (+/- 8.20%)
Fold: 63 of 100 Acc: 76.47% Mean: 88.52% (+/- 8.28%)
Fold: 64 of 100 Acc: 85.29% Mean: 88.47% (+/- 8.22%)
Fold: 65 of 100 Acc: 88.24% Mean: 88.47% (+/- 8.16%)
Fold: 66 of 100 Acc: 94.12% Mean: 88.55% (+/- 8.13%)
Fold: 67 of 100 Acc: 85.29% Mean: 88.51% (+/- 8.08%)
Fold: 68 of 100 Acc: 97.06% Mean: 88.63% (+/- 8.08%)
Fold: 69 of 100 Acc: 100.00% Mean: 88.80% (+/- 8.14%)
Fold: 70 of 100 Acc: 91.18% Mean: 88.83% (+/- 8.08%)
Fold: 71 of 100 Acc: 80.00% Mean: 88.71% (+/- 8.09%)
Fold: 72 of 100 Acc: 94.29% Mean: 88.78% (+/- 8.06%)
Fold: 73 of 100 Acc: 91.18% Mean: 88.82% (+/- 8.01%)
Fold: 74 of 100 Acc: 100.00% Mean: 88.97% (+/- 8.06%)
Fold: 75 of 100 Acc: 94.12% Mean: 89.04% (+/- 8.03%)
Fold: 76 of 100 Acc: 94.12% Mean: 89.10% (+/- 8.00%)
Fold: 77 of 100 Acc: 79.41% Mean: 88.98% (+/- 8.02%)
Fold: 78 of 100 Acc: 97.06% Mean: 89.08% (+/- 8.02%)
Fold: 79 of 100 Acc: 91.18% Mean: 89.11% (+/- 7.97%)
Fold: 80 of 100 Acc: 85.29% Mean: 89.06% (+/- 7.94%)
Fold: 81 of 100 Acc: 94.29% Mean: 89.12% (+/- 7.91%)
Fold: 82 of 100 Acc: 85.71% Mean: 89.08% (+/- 7.87%)
Fold: 83 of 100 Acc: 82.35% Mean: 89.00% (+/- 7.86%)
Fold: 84 of 100 Acc: 94.12% Mean: 89.06% (+/- 7.83%)
Fold: 85 of 100 Acc: 94.12% Mean: 89.12% (+/- 7.80%)
Fold: 86 of 100 Acc: 79.41% Mean: 89.01% (+/- 7.82%)
Fold: 87 of 100 Acc: 88.24% Mean: 89.00% (+/- 7.78%)
Fold: 88 of 100 Acc: 88.24% Mean: 88.99% (+/- 7.74%)
Fold: 89 of 100 Acc: 91.18% Mean: 89.02% (+/- 7.70%)
Fold: 90 of 100 Acc: 94.12% Mean: 89.07% (+/- 7.67%)
Fold: 91 of 100 Acc: 91.43% Mean: 89.10% (+/- 7.63%)
Fold: 92 of 100 Acc: 100.00% Mean: 89.22% (+/- 7.68%)
Fold: 93 of 100 Acc: 97.06% Mean: 89.30% (+/- 7.68%)
Fold: 94 of 100 Acc: 88.24% Mean: 89.29% (+/- 7.64%)
Fold: 95 of 100 Acc: 91.18% Mean: 89.31% (+/- 7.60%)
Fold: 96 of 100 Acc: 91.18% Mean: 89.33% (+/- 7.56%)
Fold: 97 of 100 Acc: 91.18% Mean: 89.35% (+/- 7.52%)
Fold: 98 of 100 Acc: 88.24% Mean: 89.34% (+/- 7.49%)
Fold: 99 of 100 Acc: 76.47% Mean: 89.21% (+/- 7.56%)
Fold: 100 of 100 Acc: 91.18% Mean: 89.23% (+/- 7.52%)
Frozen Blocks: 3
Fold: 1 of 100 Acc: 51.43% Mean: 51.43% (+/- 0.00%)
Fold: 2 of 100 Acc: 85.71% Mean: 68.57% (+/- 17.14%)
Fold: 3 of 100 Acc: 97.06% Mean: 78.07% (+/- 19.40%)
Fold: 4 of 100 Acc: 79.41% Mean: 78.40% (+/- 16.81%)
Fold: 5 of 100 Acc: 94.12% Mean: 81.55% (+/- 16.30%)
Fold: 6 of 100 Acc: 91.18% Mean: 83.15% (+/- 15.30%)
Fold: 7 of 100 Acc: 91.18% Mean: 84.30% (+/- 14.44%)
Fold: 8 of 100 Acc: 85.29% Mean: 84.42% (+/- 13.51%)
Fold: 9 of 100 Acc: 79.41% Mean: 83.87% (+/- 12.84%)
Fold: 10 of 100 Acc: 94.12% Mean: 84.89% (+/- 12.56%)
Fold: 11 of 100 Acc: 91.43% Mean: 85.49% (+/- 12.12%)
Fold: 12 of 100 Acc: 91.43% Mean: 85.98% (+/- 11.72%)
Fold: 13 of 100 Acc: 85.29% Mean: 85.93% (+/- 11.26%)
Fold: 14 of 100 Acc: 85.29% Mean: 85.88% (+/- 10.86%)
Fold: 15 of 100 Acc: 85.29% Mean: 85.84% (+/- 10.49%)
Fold: 16 of 100 Acc: 76.47% Mean: 85.26% (+/- 10.41%)
Fold: 17 of 100 Acc: 82.35% Mean: 85.09% (+/- 10.12%)
Fold: 18 of 100 Acc: 91.18% Mean: 85.42% (+/- 9.93%)
Fold: 19 of 100 Acc: 88.24% Mean: 85.57% (+/- 9.69%)
Fold: 20 of 100 Acc: 88.24% Mean: 85.71% (+/- 9.46%)
Fold: 21 of 100 Acc: 82.86% Mean: 85.57% (+/- 9.25%)
Fold: 22 of 100 Acc: 94.29% Mean: 85.97% (+/- 9.22%)
Fold: 23 of 100 Acc: 88.24% Mean: 86.07% (+/- 9.03%)
Fold: 24 of 100 Acc: 88.24% Mean: 86.16% (+/- 8.85%)
Fold: 25 of 100 Acc: 88.24% Mean: 86.24% (+/- 8.68%)
Fold: 26 of 100 Acc: 94.12% Mean: 86.54% (+/- 8.65%)
Fold: 27 of 100 Acc: 91.18% Mean: 86.71% (+/- 8.53%)
Fold: 28 of 100 Acc: 94.12% Mean: 86.98% (+/- 8.49%)
Fold: 29 of 100 Acc: 85.29% Mean: 86.92% (+/- 8.35%)
Fold: 30 of 100 Acc: 85.29% Mean: 86.87% (+/- 8.21%)
Fold: 31 of 100 Acc: 91.43% Mean: 87.01% (+/- 8.12%)
Fold: 32 of 100 Acc: 97.14% Mean: 87.33% (+/- 8.18%)
Fold: 33 of 100 Acc: 94.12% Mean: 87.54% (+/- 8.14%)
Fold: 34 of 100 Acc: 85.29% Mean: 87.47% (+/- 8.03%)
Fold: 35 of 100 Acc: 91.18% Mean: 87.58% (+/- 7.94%)
Fold: 36 of 100 Acc: 88.24% Mean: 87.59% (+/- 7.83%)
Fold: 37 of 100 Acc: 91.18% Mean: 87.69% (+/- 7.74%)
Fold: 38 of 100 Acc: 91.18% Mean: 87.78% (+/- 7.66%)
Fold: 39 of 100 Acc: 85.29% Mean: 87.72% (+/- 7.57%)
Fold: 40 of 100 Acc: 82.35% Mean: 87.58% (+/- 7.52%)
Fold: 41 of 100 Acc: 80.00% Mean: 87.40% (+/- 7.52%)
Fold: 42 of 100 Acc: 82.86% Mean: 87.29% (+/- 7.46%)
Fold: 43 of 100 Acc: 88.24% Mean: 87.31% (+/- 7.38%)
Fold: 44 of 100 Acc: 97.06% Mean: 87.53% (+/- 7.44%)
Fold: 45 of 100 Acc: 88.24% Mean: 87.55% (+/- 7.35%)
Fold: 46 of 100 Acc: 94.12% Mean: 87.69% (+/- 7.34%)
Fold: 47 of 100 Acc: 79.41% Mean: 87.52% (+/- 7.36%)
Fold: 48 of 100 Acc: 97.06% Mean: 87.72% (+/- 7.41%)
Fold: 49 of 100 Acc: 88.24% Mean: 87.73% (+/- 7.33%)
Fold: 50 of 100 Acc: 85.29% Mean: 87.68% (+/- 7.26%)
Fold: 51 of 100 Acc: 91.43% Mean: 87.75% (+/- 7.21%)
Fold: 52 of 100 Acc: 94.29% Mean: 87.88% (+/- 7.20%)
Fold: 53 of 100 Acc: 94.12% Mean: 87.99% (+/- 7.18%)
Fold: 54 of 100 Acc: 82.35% Mean: 87.89% (+/- 7.15%)
Fold: 55 of 100 Acc: 82.35% Mean: 87.79% (+/- 7.13%)
Fold: 56 of 100 Acc: 91.18% Mean: 87.85% (+/- 7.08%)
Fold: 57 of 100 Acc: 91.18% Mean: 87.91% (+/- 7.03%)
Fold: 58 of 100 Acc: 94.12% Mean: 88.02% (+/- 7.01%)
Fold: 59 of 100 Acc: 91.18% Mean: 88.07% (+/- 6.97%)
Fold: 60 of 100 Acc: 85.29% Mean: 88.02% (+/- 6.92%)
Fold: 61 of 100 Acc: 74.29% Mean: 87.80% (+/- 7.08%)
Fold: 62 of 100 Acc: 94.29% Mean: 87.90% (+/- 7.07%)
Fold: 63 of 100 Acc: 94.12% Mean: 88.00% (+/- 7.06%)
Fold: 64 of 100 Acc: 94.12% Mean: 88.10% (+/- 7.04%)
Fold: 65 of 100 Acc: 88.24% Mean: 88.10% (+/- 6.99%)
Fold: 66 of 100 Acc: 94.12% Mean: 88.19% (+/- 6.97%)
Fold: 67 of 100 Acc: 94.12% Mean: 88.28% (+/- 6.96%)
Fold: 68 of 100 Acc: 91.18% Mean: 88.32% (+/- 6.92%)
Fold: 69 of 100 Acc: 85.29% Mean: 88.28% (+/- 6.87%)
Fold: 70 of 100 Acc: 94.12% Mean: 88.36% (+/- 6.86%)
Fold: 71 of 100 Acc: 91.43% Mean: 88.40% (+/- 6.82%)
Fold: 72 of 100 Acc: 91.43% Mean: 88.45% (+/- 6.78%)
Fold: 73 of 100 Acc: 100.00% Mean: 88.60% (+/- 6.87%)
Fold: 74 of 100 Acc: 94.12% Mean: 88.68% (+/- 6.85%)
Fold: 75 of 100 Acc: 91.18% Mean: 88.71% (+/- 6.81%)
Fold: 76 of 100 Acc: 76.47% Mean: 88.55% (+/- 6.91%)
Fold: 77 of 100 Acc: 88.24% Mean: 88.55% (+/- 6.86%)
Fold: 78 of 100 Acc: 88.24% Mean: 88.54% (+/- 6.82%)
Fold: 79 of 100 Acc: 88.24% Mean: 88.54% (+/- 6.78%)
Fold: 80 of 100 Acc: 67.65% Mean: 88.28% (+/- 7.12%)
Fold: 81 of 100 Acc: 88.57% Mean: 88.28% (+/- 7.08%)
Fold: 82 of 100 Acc: 97.14% Mean: 88.39% (+/- 7.10%)
Fold: 83 of 100 Acc: 88.24% Mean: 88.39% (+/- 7.06%)
Fold: 84 of 100 Acc: 91.18% Mean: 88.42% (+/- 7.02%)
Fold: 85 of 100 Acc: 94.12% Mean: 88.49% (+/- 7.01%)
Fold: 86 of 100 Acc: 82.35% Mean: 88.42% (+/- 7.00%)
Fold: 87 of 100 Acc: 76.47% Mean: 88.28% (+/- 7.08%)
Fold: 88 of 100 Acc: 82.35% Mean: 88.21% (+/- 7.06%)
Fold: 89 of 100 Acc: 97.06% Mean: 88.31% (+/- 7.08%)
Fold: 90 of 100 Acc: 88.24% Mean: 88.31% (+/- 7.05%)
Fold: 91 of 100 Acc: 88.57% Mean: 88.31% (+/- 7.01%)
Fold: 92 of 100 Acc: 97.14% Mean: 88.41% (+/- 7.03%)
Fold: 93 of 100 Acc: 88.24% Mean: 88.41% (+/- 6.99%)
Fold: 94 of 100 Acc: 82.35% Mean: 88.34% (+/- 6.98%)
Fold: 95 of 100 Acc: 85.29% Mean: 88.31% (+/- 6.95%)
Fold: 96 of 100 Acc: 97.06% Mean: 88.40% (+/- 6.97%)
Fold: 97 of 100 Acc: 88.24% Mean: 88.40% (+/- 6.94%)
Fold: 98 of 100 Acc: 88.24% Mean: 88.40% (+/- 6.90%)
Fold: 99 of 100 Acc: 88.24% Mean: 88.40% (+/- 6.87%)
Fold: 100 of 100 Acc: 91.18% Mean: 88.42% (+/- 6.84%)
Frozen Blocks: 4
Fold: 1 of 100 Acc: 42.86% Mean: 42.86% (+/- 0.00%)
Fold: 2 of 100 Acc: 82.86% Mean: 62.86% (+/- 20.00%)
Fold: 3 of 100 Acc: 97.06% Mean: 74.26% (+/- 22.95%)
Fold: 4 of 100 Acc: 85.29% Mean: 77.02% (+/- 20.44%)
Fold: 5 of 100 Acc: 94.12% Mean: 80.44% (+/- 19.52%)
Fold: 6 of 100 Acc: 97.06% Mean: 83.21% (+/- 18.87%)
Fold: 7 of 100 Acc: 88.24% Mean: 83.93% (+/- 17.55%)
Fold: 8 of 100 Acc: 85.29% Mean: 84.10% (+/- 16.43%)
Fold: 9 of 100 Acc: 85.29% Mean: 84.23% (+/- 15.49%)
Fold: 10 of 100 Acc: 73.53% Mean: 83.16% (+/- 15.04%)
Fold: 11 of 100 Acc: 85.71% Mean: 83.39% (+/- 14.36%)
Fold: 12 of 100 Acc: 88.57% Mean: 83.82% (+/- 13.82%)
Fold: 13 of 100 Acc: 79.41% Mean: 83.48% (+/- 13.33%)
Fold: 14 of 100 Acc: 91.18% Mean: 84.03% (+/- 13.00%)
Fold: 15 of 100 Acc: 91.18% Mean: 84.51% (+/- 12.69%)
Fold: 16 of 100 Acc: 91.18% Mean: 84.93% (+/- 12.39%)
Fold: 17 of 100 Acc: 97.06% Mean: 85.64% (+/- 12.35%)
Fold: 18 of 100 Acc: 91.18% Mean: 85.95% (+/- 12.07%)
Fold: 19 of 100 Acc: 88.24% Mean: 86.07% (+/- 11.76%)
Fold: 20 of 100 Acc: 85.29% Mean: 86.03% (+/- 11.46%)
Fold: 21 of 100 Acc: 91.43% Mean: 86.29% (+/- 11.25%)
Fold: 22 of 100 Acc: 91.43% Mean: 86.52% (+/- 11.04%)
Fold: 23 of 100 Acc: 88.24% Mean: 86.59% (+/- 10.80%)
Fold: 24 of 100 Acc: 88.24% Mean: 86.66% (+/- 10.58%)
Fold: 25 of 100 Acc: 88.24% Mean: 86.73% (+/- 10.37%)
Fold: 26 of 100 Acc: 85.29% Mean: 86.67% (+/- 10.17%)
Fold: 27 of 100 Acc: 88.24% Mean: 86.73% (+/- 9.99%)
Fold: 28 of 100 Acc: 85.29% Mean: 86.68% (+/- 9.81%)
Fold: 29 of 100 Acc: 79.41% Mean: 86.43% (+/- 9.73%)
Fold: 30 of 100 Acc: 97.06% Mean: 86.78% (+/- 9.76%)
Fold: 31 of 100 Acc: 88.57% Mean: 86.84% (+/- 9.60%)
Fold: 32 of 100 Acc: 88.57% Mean: 86.89% (+/- 9.46%)
Fold: 33 of 100 Acc: 91.18% Mean: 87.02% (+/- 9.34%)
Fold: 34 of 100 Acc: 76.47% Mean: 86.71% (+/- 9.37%)
Fold: 35 of 100 Acc: 76.47% Mean: 86.42% (+/- 9.40%)
Fold: 36 of 100 Acc: 94.12% Mean: 86.63% (+/- 9.35%)
Fold: 37 of 100 Acc: 82.35% Mean: 86.52% (+/- 9.25%)
Fold: 38 of 100 Acc: 88.24% Mean: 86.56% (+/- 9.13%)
Fold: 39 of 100 Acc: 97.06% Mean: 86.83% (+/- 9.16%)
Fold: 40 of 100 Acc: 88.24% Mean: 86.87% (+/- 9.05%)
Fold: 41 of 100 Acc: 85.71% Mean: 86.84% (+/- 8.94%)
Fold: 42 of 100 Acc: 82.86% Mean: 86.74% (+/- 8.86%)
Fold: 43 of 100 Acc: 94.12% Mean: 86.92% (+/- 8.82%)
Fold: 44 of 100 Acc: 91.18% Mean: 87.01% (+/- 8.75%)
Fold: 45 of 100 Acc: 85.29% Mean: 86.97% (+/- 8.65%)
Fold: 46 of 100 Acc: 100.00% Mean: 87.26% (+/- 8.76%)
Fold: 47 of 100 Acc: 88.24% Mean: 87.28% (+/- 8.67%)
Fold: 48 of 100 Acc: 82.35% Mean: 87.18% (+/- 8.61%)
Fold: 49 of 100 Acc: 82.35% Mean: 87.08% (+/- 8.55%)
Fold: 50 of 100 Acc: 88.24% Mean: 87.10% (+/- 8.46%)
Fold: 51 of 100 Acc: 88.57% Mean: 87.13% (+/- 8.38%)
Fold: 52 of 100 Acc: 88.57% Mean: 87.16% (+/- 8.31%)
Fold: 53 of 100 Acc: 91.18% Mean: 87.23% (+/- 8.24%)
Fold: 54 of 100 Acc: 91.18% Mean: 87.31% (+/- 8.19%)
Fold: 55 of 100 Acc: 85.29% Mean: 87.27% (+/- 8.11%)
Fold: 56 of 100 Acc: 88.24% Mean: 87.29% (+/- 8.04%)
Fold: 57 of 100 Acc: 91.18% Mean: 87.36% (+/- 7.99%)
Fold: 58 of 100 Acc: 94.12% Mean: 87.47% (+/- 7.97%)
Fold: 59 of 100 Acc: 85.29% Mean: 87.43% (+/- 7.91%)
Fold: 60 of 100 Acc: 91.18% Mean: 87.50% (+/- 7.85%)
Fold: 61 of 100 Acc: 100.00% Mean: 87.70% (+/- 7.95%)
Fold: 62 of 100 Acc: 80.00% Mean: 87.58% (+/- 7.94%)
Fold: 63 of 100 Acc: 94.12% Mean: 87.68% (+/- 7.92%)
Fold: 64 of 100 Acc: 91.18% Mean: 87.74% (+/- 7.87%)
Fold: 65 of 100 Acc: 91.18% Mean: 87.79% (+/- 7.82%)
Fold: 66 of 100 Acc: 94.12% Mean: 87.89% (+/- 7.80%)
Fold: 67 of 100 Acc: 79.41% Mean: 87.76% (+/- 7.81%)
Fold: 68 of 100 Acc: 70.59% Mean: 87.51% (+/- 8.03%)
Fold: 69 of 100 Acc: 91.18% Mean: 87.56% (+/- 7.98%)
Fold: 70 of 100 Acc: 94.12% Mean: 87.65% (+/- 7.96%)
Fold: 71 of 100 Acc: 82.86% Mean: 87.59% (+/- 7.92%)
Fold: 72 of 100 Acc: 82.86% Mean: 87.52% (+/- 7.89%)
Fold: 73 of 100 Acc: 94.12% Mean: 87.61% (+/- 7.87%)
Fold: 74 of 100 Acc: 88.24% Mean: 87.62% (+/- 7.82%)
Fold: 75 of 100 Acc: 97.06% Mean: 87.74% (+/- 7.84%)
Fold: 76 of 100 Acc: 79.41% Mean: 87.63% (+/- 7.85%)
Fold: 77 of 100 Acc: 82.35% Mean: 87.57% (+/- 7.82%)
Fold: 78 of 100 Acc: 82.35% Mean: 87.50% (+/- 7.79%)
Fold: 79 of 100 Acc: 91.18% Mean: 87.55% (+/- 7.75%)
Fold: 80 of 100 Acc: 94.12% Mean: 87.63% (+/- 7.74%)
Fold: 81 of 100 Acc: 85.71% Mean: 87.60% (+/- 7.69%)
Fold: 82 of 100 Acc: 88.57% Mean: 87.62% (+/- 7.65%)
Fold: 83 of 100 Acc: 73.53% Mean: 87.45% (+/- 7.75%)
Fold: 84 of 100 Acc: 88.24% Mean: 87.46% (+/- 7.71%)
Fold: 85 of 100 Acc: 85.29% Mean: 87.43% (+/- 7.67%)
Fold: 86 of 100 Acc: 97.06% Mean: 87.54% (+/- 7.69%)
Fold: 87 of 100 Acc: 91.18% Mean: 87.58% (+/- 7.66%)
Fold: 88 of 100 Acc: 94.12% Mean: 87.66% (+/- 7.64%)
Fold: 89 of 100 Acc: 85.29% Mean: 87.63% (+/- 7.61%)
Fold: 90 of 100 Acc: 91.18% Mean: 87.67% (+/- 7.57%)
Fold: 91 of 100 Acc: 94.29% Mean: 87.74% (+/- 7.56%)
Fold: 92 of 100 Acc: 85.71% Mean: 87.72% (+/- 7.52%)
Fold: 93 of 100 Acc: 97.06% Mean: 87.82% (+/- 7.55%)
Fold: 94 of 100 Acc: 79.41% Mean: 87.73% (+/- 7.55%)
Fold: 95 of 100 Acc: 79.41% Mean: 87.65% (+/- 7.56%)
Fold: 96 of 100 Acc: 88.24% Mean: 87.65% (+/- 7.52%)
Fold: 97 of 100 Acc: 91.18% Mean: 87.69% (+/- 7.49%)
Fold: 98 of 100 Acc: 85.29% Mean: 87.66% (+/- 7.46%)
Fold: 99 of 100 Acc: 85.29% Mean: 87.64% (+/- 7.42%)
Fold: 100 of 100 Acc: 88.24% Mean: 87.65% (+/- 7.39%)
Frozen Blocks: 5
Fold: 1 of 100 Acc: 85.71% Mean: 85.71% (+/- 0.00%)
Fold: 2 of 100 Acc: 82.86% Mean: 84.29% (+/- 1.43%)
Fold: 3 of 100 Acc: 85.29% Mean: 84.62% (+/- 1.26%)
Fold: 4 of 100 Acc: 70.59% Mean: 81.11% (+/- 6.17%)
Fold: 5 of 100 Acc: 61.76% Mean: 77.24% (+/- 9.51%)
Fold: 6 of 100 Acc: 79.41% Mean: 77.61% (+/- 8.72%)
Fold: 7 of 100 Acc: 76.47% Mean: 77.44% (+/- 8.08%)
Fold: 8 of 100 Acc: 76.47% Mean: 77.32% (+/- 7.56%)
Fold: 9 of 100 Acc: 73.53% Mean: 76.90% (+/- 7.23%)
Fold: 10 of 100 Acc: 67.65% Mean: 75.97% (+/- 7.40%)
Fold: 11 of 100 Acc: 71.43% Mean: 75.56% (+/- 7.18%)
Fold: 12 of 100 Acc: 71.43% Mean: 75.22% (+/- 6.96%)
Fold: 13 of 100 Acc: 61.76% Mean: 74.18% (+/- 7.59%)
Fold: 14 of 100 Acc: 73.53% Mean: 74.14% (+/- 7.32%)
Fold: 15 of 100 Acc: 85.29% Mean: 74.88% (+/- 7.60%)
Fold: 16 of 100 Acc: 70.59% Mean: 74.61% (+/- 7.43%)
Fold: 17 of 100 Acc: 73.53% Mean: 74.55% (+/- 7.21%)
Fold: 18 of 100 Acc: 82.35% Mean: 74.98% (+/- 7.23%)
Fold: 19 of 100 Acc: 79.41% Mean: 75.21% (+/- 7.11%)
Fold: 20 of 100 Acc: 76.47% Mean: 75.28% (+/- 6.93%)
Fold: 21 of 100 Acc: 88.57% Mean: 75.91% (+/- 7.34%)
Fold: 22 of 100 Acc: 77.14% Mean: 75.97% (+/- 7.17%)
Fold: 23 of 100 Acc: 70.59% Mean: 75.73% (+/- 7.10%)
Fold: 24 of 100 Acc: 79.41% Mean: 75.89% (+/- 6.99%)
Fold: 25 of 100 Acc: 61.76% Mean: 75.32% (+/- 7.39%)
Fold: 26 of 100 Acc: 82.35% Mean: 75.59% (+/- 7.37%)
Fold: 27 of 100 Acc: 76.47% Mean: 75.62% (+/- 7.23%)
Fold: 28 of 100 Acc: 67.65% Mean: 75.34% (+/- 7.25%)
Fold: 29 of 100 Acc: 76.47% Mean: 75.38% (+/- 7.13%)
Fold: 30 of 100 Acc: 82.35% Mean: 75.61% (+/- 7.12%)
Fold: 31 of 100 Acc: 74.29% Mean: 75.57% (+/- 7.01%)
Fold: 32 of 100 Acc: 82.86% Mean: 75.80% (+/- 7.01%)
Fold: 33 of 100 Acc: 73.53% Mean: 75.73% (+/- 6.92%)
Fold: 34 of 100 Acc: 61.76% Mean: 75.32% (+/- 7.21%)
Fold: 35 of 100 Acc: 70.59% Mean: 75.18% (+/- 7.15%)
Fold: 36 of 100 Acc: 73.53% Mean: 75.14% (+/- 7.06%)
Fold: 37 of 100 Acc: 73.53% Mean: 75.09% (+/- 6.97%)
Fold: 38 of 100 Acc: 82.35% Mean: 75.28% (+/- 6.97%)
Fold: 39 of 100 Acc: 79.41% Mean: 75.39% (+/- 6.91%)
Fold: 40 of 100 Acc: 76.47% Mean: 75.42% (+/- 6.83%)
Fold: 41 of 100 Acc: 85.71% Mean: 75.67% (+/- 6.93%)
Fold: 42 of 100 Acc: 68.57% Mean: 75.50% (+/- 6.93%)
Fold: 43 of 100 Acc: 70.59% Mean: 75.38% (+/- 6.89%)
Fold: 44 of 100 Acc: 64.71% Mean: 75.14% (+/- 6.99%)
Fold: 45 of 100 Acc: 61.76% Mean: 74.84% (+/- 7.19%)
Fold: 46 of 100 Acc: 67.65% Mean: 74.69% (+/- 7.19%)
Fold: 47 of 100 Acc: 76.47% Mean: 74.73% (+/- 7.12%)
Fold: 48 of 100 Acc: 88.24% Mean: 75.01% (+/- 7.30%)
Fold: 49 of 100 Acc: 79.41% Mean: 75.10% (+/- 7.25%)
Fold: 50 of 100 Acc: 73.53% Mean: 75.07% (+/- 7.19%)
Fold: 51 of 100 Acc: 77.14% Mean: 75.11% (+/- 7.12%)
Fold: 52 of 100 Acc: 65.71% Mean: 74.93% (+/- 7.17%)
Fold: 53 of 100 Acc: 67.65% Mean: 74.79% (+/- 7.17%)
Fold: 54 of 100 Acc: 73.53% Mean: 74.77% (+/- 7.10%)
Fold: 55 of 100 Acc: 76.47% Mean: 74.80% (+/- 7.04%)
Fold: 56 of 100 Acc: 70.59% Mean: 74.72% (+/- 7.00%)
Fold: 57 of 100 Acc: 67.65% Mean: 74.60% (+/- 7.00%)
Fold: 58 of 100 Acc: 85.29% Mean: 74.78% (+/- 7.08%)
Fold: 59 of 100 Acc: 82.35% Mean: 74.91% (+/- 7.09%)
Fold: 60 of 100 Acc: 67.65% Mean: 74.79% (+/- 7.09%)
Fold: 61 of 100 Acc: 80.00% Mean: 74.87% (+/- 7.06%)
Fold: 62 of 100 Acc: 85.71% Mean: 75.05% (+/- 7.14%)
Fold: 63 of 100 Acc: 76.47% Mean: 75.07% (+/- 7.08%)
Fold: 64 of 100 Acc: 61.76% Mean: 74.86% (+/- 7.22%)
Fold: 65 of 100 Acc: 76.47% Mean: 74.89% (+/- 7.16%)
Fold: 66 of 100 Acc: 85.29% Mean: 75.05% (+/- 7.22%)
Fold: 67 of 100 Acc: 79.41% Mean: 75.11% (+/- 7.19%)
Fold: 68 of 100 Acc: 67.65% Mean: 75.00% (+/- 7.19%)
Fold: 69 of 100 Acc: 67.65% Mean: 74.89% (+/- 7.19%)
Fold: 70 of 100 Acc: 61.76% Mean: 74.71% (+/- 7.31%)
Fold: 71 of 100 Acc: 80.00% Mean: 74.78% (+/- 7.28%)
Fold: 72 of 100 Acc: 80.00% Mean: 74.85% (+/- 7.26%)
Fold: 73 of 100 Acc: 70.59% Mean: 74.80% (+/- 7.23%)
Fold: 74 of 100 Acc: 85.29% Mean: 74.94% (+/- 7.28%)
Fold: 75 of 100 Acc: 67.65% Mean: 74.84% (+/- 7.28%)
Fold: 76 of 100 Acc: 58.82% Mean: 74.63% (+/- 7.46%)
Fold: 77 of 100 Acc: 76.47% Mean: 74.65% (+/- 7.41%)
Fold: 78 of 100 Acc: 79.41% Mean: 74.71% (+/- 7.38%)
Fold: 79 of 100 Acc: 64.71% Mean: 74.59% (+/- 7.42%)
Fold: 80 of 100 Acc: 76.47% Mean: 74.61% (+/- 7.38%)
Fold: 81 of 100 Acc: 68.57% Mean: 74.54% (+/- 7.36%)
Fold: 82 of 100 Acc: 74.29% Mean: 74.53% (+/- 7.32%)
Fold: 83 of 100 Acc: 70.59% Mean: 74.49% (+/- 7.29%)
Fold: 84 of 100 Acc: 79.41% Mean: 74.54% (+/- 7.26%)
Fold: 85 of 100 Acc: 79.41% Mean: 74.60% (+/- 7.24%)
Fold: 86 of 100 Acc: 73.53% Mean: 74.59% (+/- 7.20%)
Fold: 87 of 100 Acc: 70.59% Mean: 74.54% (+/- 7.17%)
Fold: 88 of 100 Acc: 79.41% Mean: 74.60% (+/- 7.15%)
Fold: 89 of 100 Acc: 76.47% Mean: 74.62% (+/- 7.11%)
Fold: 90 of 100 Acc: 73.53% Mean: 74.61% (+/- 7.07%)
Fold: 91 of 100 Acc: 77.14% Mean: 74.64% (+/- 7.04%)
Fold: 92 of 100 Acc: 68.57% Mean: 74.57% (+/- 7.03%)
Fold: 93 of 100 Acc: 76.47% Mean: 74.59% (+/- 6.99%)
Fold: 94 of 100 Acc: 79.41% Mean: 74.64% (+/- 6.97%)
Fold: 95 of 100 Acc: 76.47% Mean: 74.66% (+/- 6.94%)
Fold: 96 of 100 Acc: 76.47% Mean: 74.68% (+/- 6.90%)
Fold: 97 of 100 Acc: 73.53% Mean: 74.67% (+/- 6.87%)
Fold: 98 of 100 Acc: 91.18% Mean: 74.84% (+/- 7.03%)
Fold: 99 of 100 Acc: 67.65% Mean: 74.76% (+/- 7.03%)
Fold: 100 of 100 Acc: 76.47% Mean: 74.78% (+/- 7.00%)
