Machine: PRECISION
Date: 08/01/2020 Time: 11:18:24
Alternative Dense Layer: False
Pooling Application Layer: None
Data Augmentation: False
Fine Tuning: 1

Model Type: VGG16
Fold: 1 of 100 Acc: 94.29% Mean: 94.29% (+/- 0.00%)
Fold: 2 of 100 Acc: 94.29% Mean: 94.29% (+/- 0.00%)
Fold: 3 of 100 Acc: 85.29% Mean: 91.29% (+/- 4.24%)
Fold: 4 of 100 Acc: 79.41% Mean: 88.32% (+/- 6.32%)
Fold: 5 of 100 Acc: 91.18% Mean: 88.89% (+/- 5.77%)
Fold: 6 of 100 Acc: 85.29% Mean: 88.29% (+/- 5.43%)
Fold: 7 of 100 Acc: 97.06% Mean: 89.54% (+/- 5.89%)
Fold: 8 of 100 Acc: 88.24% Mean: 89.38% (+/- 5.53%)
Fold: 9 of 100 Acc: 73.53% Mean: 87.62% (+/- 7.21%)
Fold: 10 of 100 Acc: 76.47% Mean: 86.50% (+/- 7.61%)
Fold: 11 of 100 Acc: 91.43% Mean: 86.95% (+/- 7.40%)
Fold: 12 of 100 Acc: 88.57% Mean: 87.09% (+/- 7.09%)
Fold: 13 of 100 Acc: 97.06% Mean: 87.85% (+/- 7.32%)
Fold: 14 of 100 Acc: 97.06% Mean: 88.51% (+/- 7.44%)
Fold: 15 of 100 Acc: 88.24% Mean: 88.49% (+/- 7.19%)
Fold: 16 of 100 Acc: 88.24% Mean: 88.48% (+/- 6.96%)
Fold: 17 of 100 Acc: 85.29% Mean: 88.29% (+/- 6.79%)
Fold: 18 of 100 Acc: 76.47% Mean: 87.63% (+/- 7.13%)
Fold: 19 of 100 Acc: 85.29% Mean: 87.51% (+/- 6.96%)
Fold: 20 of 100 Acc: 82.35% Mean: 87.25% (+/- 6.88%)
Fold: 21 of 100 Acc: 88.57% Mean: 87.31% (+/- 6.72%)
Fold: 22 of 100 Acc: 77.14% Mean: 86.85% (+/- 6.90%)
Fold: 23 of 100 Acc: 88.24% Mean: 86.91% (+/- 6.75%)
Fold: 24 of 100 Acc: 88.24% Mean: 86.97% (+/- 6.62%)
Fold: 25 of 100 Acc: 88.24% Mean: 87.02% (+/- 6.49%)
Fold: 26 of 100 Acc: 85.29% Mean: 86.95% (+/- 6.37%)
Fold: 27 of 100 Acc: 94.12% Mean: 87.22% (+/- 6.40%)
Fold: 28 of 100 Acc: 88.24% Mean: 87.25% (+/- 6.28%)
Fold: 29 of 100 Acc: 94.12% Mean: 87.49% (+/- 6.30%)
Fold: 30 of 100 Acc: 91.18% Mean: 87.61% (+/- 6.23%)
Fold: 31 of 100 Acc: 82.86% Mean: 87.46% (+/- 6.18%)
Fold: 32 of 100 Acc: 85.71% Mean: 87.41% (+/- 6.10%)
Fold: 33 of 100 Acc: 88.24% Mean: 87.43% (+/- 6.00%)
Fold: 34 of 100 Acc: 88.24% Mean: 87.45% (+/- 5.92%)
Fold: 35 of 100 Acc: 82.35% Mean: 87.31% (+/- 5.89%)
Fold: 36 of 100 Acc: 82.35% Mean: 87.17% (+/- 5.87%)
Fold: 37 of 100 Acc: 88.24% Mean: 87.20% (+/- 5.79%)
Fold: 38 of 100 Acc: 85.29% Mean: 87.15% (+/- 5.72%)
Fold: 39 of 100 Acc: 91.18% Mean: 87.25% (+/- 5.68%)
Fold: 40 of 100 Acc: 85.29% Mean: 87.20% (+/- 5.62%)
Fold: 41 of 100 Acc: 85.71% Mean: 87.17% (+/- 5.56%)
Fold: 42 of 100 Acc: 88.57% Mean: 87.20% (+/- 5.49%)
Fold: 43 of 100 Acc: 73.53% Mean: 86.88% (+/- 5.81%)
Fold: 44 of 100 Acc: 85.29% Mean: 86.85% (+/- 5.75%)
Fold: 45 of 100 Acc: 97.06% Mean: 87.07% (+/- 5.88%)
Fold: 46 of 100 Acc: 85.29% Mean: 87.04% (+/- 5.82%)
Fold: 47 of 100 Acc: 91.18% Mean: 87.12% (+/- 5.79%)
Fold: 48 of 100 Acc: 82.35% Mean: 87.02% (+/- 5.77%)
Fold: 49 of 100 Acc: 97.06% Mean: 87.23% (+/- 5.88%)
Fold: 50 of 100 Acc: 94.12% Mean: 87.37% (+/- 5.90%)
Fold: 51 of 100 Acc: 85.71% Mean: 87.33% (+/- 5.85%)
Fold: 52 of 100 Acc: 91.43% Mean: 87.41% (+/- 5.82%)
Fold: 53 of 100 Acc: 82.35% Mean: 87.32% (+/- 5.81%)
Fold: 54 of 100 Acc: 85.29% Mean: 87.28% (+/- 5.76%)
Fold: 55 of 100 Acc: 79.41% Mean: 87.14% (+/- 5.80%)
Fold: 56 of 100 Acc: 85.29% Mean: 87.10% (+/- 5.75%)
Fold: 57 of 100 Acc: 91.18% Mean: 87.18% (+/- 5.73%)
Fold: 58 of 100 Acc: 88.24% Mean: 87.19% (+/- 5.68%)
Fold: 59 of 100 Acc: 79.41% Mean: 87.06% (+/- 5.72%)
Fold: 60 of 100 Acc: 94.12% Mean: 87.18% (+/- 5.74%)
Fold: 61 of 100 Acc: 91.43% Mean: 87.25% (+/- 5.72%)
Fold: 62 of 100 Acc: 82.86% Mean: 87.18% (+/- 5.70%)
Fold: 63 of 100 Acc: 85.29% Mean: 87.15% (+/- 5.66%)
Fold: 64 of 100 Acc: 94.12% Mean: 87.26% (+/- 5.68%)
Fold: 65 of 100 Acc: 82.35% Mean: 87.18% (+/- 5.67%)
Fold: 66 of 100 Acc: 82.35% Mean: 87.11% (+/- 5.66%)
Fold: 67 of 100 Acc: 88.24% Mean: 87.13% (+/- 5.62%)
Fold: 68 of 100 Acc: 94.12% Mean: 87.23% (+/- 5.64%)
Fold: 69 of 100 Acc: 88.24% Mean: 87.24% (+/- 5.60%)
Fold: 70 of 100 Acc: 82.35% Mean: 87.17% (+/- 5.59%)
Fold: 71 of 100 Acc: 82.86% Mean: 87.11% (+/- 5.58%)
Fold: 72 of 100 Acc: 91.43% Mean: 87.17% (+/- 5.56%)
Fold: 73 of 100 Acc: 88.24% Mean: 87.19% (+/- 5.52%)
Fold: 74 of 100 Acc: 94.12% Mean: 87.28% (+/- 5.54%)
Fold: 75 of 100 Acc: 82.35% Mean: 87.21% (+/- 5.54%)
Fold: 76 of 100 Acc: 94.12% Mean: 87.31% (+/- 5.55%)
Fold: 77 of 100 Acc: 73.53% Mean: 87.13% (+/- 5.73%)
Fold: 78 of 100 Acc: 88.24% Mean: 87.14% (+/- 5.70%)
Fold: 79 of 100 Acc: 91.18% Mean: 87.19% (+/- 5.68%)
Fold: 80 of 100 Acc: 94.12% Mean: 87.28% (+/- 5.70%)
Fold: 81 of 100 Acc: 97.14% Mean: 87.40% (+/- 5.77%)
Fold: 82 of 100 Acc: 77.14% Mean: 87.28% (+/- 5.84%)
Fold: 83 of 100 Acc: 85.29% Mean: 87.25% (+/- 5.81%)
Fold: 84 of 100 Acc: 85.29% Mean: 87.23% (+/- 5.78%)
Fold: 85 of 100 Acc: 94.12% Mean: 87.31% (+/- 5.79%)
Fold: 86 of 100 Acc: 91.18% Mean: 87.35% (+/- 5.77%)
Fold: 87 of 100 Acc: 85.29% Mean: 87.33% (+/- 5.74%)
Fold: 88 of 100 Acc: 94.12% Mean: 87.41% (+/- 5.76%)
Fold: 89 of 100 Acc: 76.47% Mean: 87.28% (+/- 5.84%)
Fold: 90 of 100 Acc: 82.35% Mean: 87.23% (+/- 5.83%)
Fold: 91 of 100 Acc: 82.86% Mean: 87.18% (+/- 5.82%)
Fold: 92 of 100 Acc: 88.57% Mean: 87.20% (+/- 5.79%)
Fold: 93 of 100 Acc: 85.29% Mean: 87.18% (+/- 5.76%)
Fold: 94 of 100 Acc: 97.06% Mean: 87.28% (+/- 5.82%)
Fold: 95 of 100 Acc: 82.35% Mean: 87.23% (+/- 5.81%)
Fold: 96 of 100 Acc: 91.18% Mean: 87.27% (+/- 5.79%)
Fold: 97 of 100 Acc: 88.24% Mean: 87.28% (+/- 5.76%)
Fold: 98 of 100 Acc: 73.53% Mean: 87.14% (+/- 5.90%)
Fold: 99 of 100 Acc: 85.29% Mean: 87.12% (+/- 5.87%)
Fold: 100 of 100 Acc: 85.29% Mean: 87.10% (+/- 5.84%)
Model Type: VGG19
Fold: 1 of 100 Acc: 51.43% Mean: 51.43% (+/- 0.00%)
Fold: 2 of 100 Acc: 94.29% Mean: 72.86% (+/- 21.43%)
Fold: 3 of 100 Acc: 91.18% Mean: 78.96% (+/- 19.51%)
Fold: 4 of 100 Acc: 82.35% Mean: 79.81% (+/- 16.96%)
Fold: 5 of 100 Acc: 94.12% Mean: 82.67% (+/- 16.21%)
Fold: 6 of 100 Acc: 79.41% Mean: 82.13% (+/- 14.85%)
Fold: 7 of 100 Acc: 94.12% Mean: 83.84% (+/- 14.38%)
Fold: 8 of 100 Acc: 82.35% Mean: 83.66% (+/- 13.46%)
Fold: 9 of 100 Acc: 85.29% Mean: 83.84% (+/- 12.70%)
Fold: 10 of 100 Acc: 79.41% Mean: 83.39% (+/- 12.12%)
Fold: 11 of 100 Acc: 82.86% Mean: 83.35% (+/- 11.56%)
Fold: 12 of 100 Acc: 85.71% Mean: 83.54% (+/- 11.08%)
Fold: 13 of 100 Acc: 82.35% Mean: 83.45% (+/- 10.65%)
Fold: 14 of 100 Acc: 94.12% Mean: 84.21% (+/- 10.63%)
Fold: 15 of 100 Acc: 79.41% Mean: 83.89% (+/- 10.34%)
Fold: 16 of 100 Acc: 88.24% Mean: 84.16% (+/- 10.06%)
Fold: 17 of 100 Acc: 82.35% Mean: 84.06% (+/- 9.77%)
Fold: 18 of 100 Acc: 94.12% Mean: 84.62% (+/- 9.77%)
Fold: 19 of 100 Acc: 88.24% Mean: 84.81% (+/- 9.55%)
Fold: 20 of 100 Acc: 94.12% Mean: 85.27% (+/- 9.52%)
Fold: 21 of 100 Acc: 91.43% Mean: 85.57% (+/- 9.38%)
Fold: 22 of 100 Acc: 88.57% Mean: 85.70% (+/- 9.19%)
Fold: 23 of 100 Acc: 94.12% Mean: 86.07% (+/- 9.15%)
Fold: 24 of 100 Acc: 88.24% Mean: 86.16% (+/- 8.97%)
Fold: 25 of 100 Acc: 94.12% Mean: 86.48% (+/- 8.92%)
Fold: 26 of 100 Acc: 91.18% Mean: 86.66% (+/- 8.80%)
Fold: 27 of 100 Acc: 85.29% Mean: 86.61% (+/- 8.64%)
Fold: 28 of 100 Acc: 85.29% Mean: 86.56% (+/- 8.48%)
Fold: 29 of 100 Acc: 88.24% Mean: 86.62% (+/- 8.34%)
Fold: 30 of 100 Acc: 88.24% Mean: 86.67% (+/- 8.21%)
Fold: 31 of 100 Acc: 91.43% Mean: 86.83% (+/- 8.12%)
Fold: 32 of 100 Acc: 85.71% Mean: 86.79% (+/- 7.99%)
Fold: 33 of 100 Acc: 97.06% Mean: 87.10% (+/- 8.06%)
Fold: 34 of 100 Acc: 88.24% Mean: 87.14% (+/- 7.95%)
Fold: 35 of 100 Acc: 94.12% Mean: 87.33% (+/- 7.92%)
Fold: 36 of 100 Acc: 82.35% Mean: 87.20% (+/- 7.85%)
Fold: 37 of 100 Acc: 79.41% Mean: 86.99% (+/- 7.85%)
Fold: 38 of 100 Acc: 82.35% Mean: 86.86% (+/- 7.78%)
Fold: 39 of 100 Acc: 91.18% Mean: 86.97% (+/- 7.71%)
Fold: 40 of 100 Acc: 94.12% Mean: 87.15% (+/- 7.69%)
Fold: 41 of 100 Acc: 85.71% Mean: 87.12% (+/- 7.60%)
Fold: 42 of 100 Acc: 65.71% Mean: 86.61% (+/- 8.19%)
Fold: 43 of 100 Acc: 91.18% Mean: 86.71% (+/- 8.12%)
Fold: 44 of 100 Acc: 85.29% Mean: 86.68% (+/- 8.03%)
Fold: 45 of 100 Acc: 76.47% Mean: 86.46% (+/- 8.08%)
Fold: 46 of 100 Acc: 88.24% Mean: 86.49% (+/- 8.00%)
Fold: 47 of 100 Acc: 88.24% Mean: 86.53% (+/- 7.92%)
Fold: 48 of 100 Acc: 94.12% Mean: 86.69% (+/- 7.91%)
Fold: 49 of 100 Acc: 88.24% Mean: 86.72% (+/- 7.83%)
Fold: 50 of 100 Acc: 94.12% Mean: 86.87% (+/- 7.82%)
Fold: 51 of 100 Acc: 82.86% Mean: 86.79% (+/- 7.76%)
Fold: 52 of 100 Acc: 88.57% Mean: 86.82% (+/- 7.69%)
Fold: 53 of 100 Acc: 85.29% Mean: 86.80% (+/- 7.62%)
Fold: 54 of 100 Acc: 88.24% Mean: 86.82% (+/- 7.55%)
Fold: 55 of 100 Acc: 97.06% Mean: 87.01% (+/- 7.61%)
Fold: 56 of 100 Acc: 82.35% Mean: 86.93% (+/- 7.57%)
Fold: 57 of 100 Acc: 85.29% Mean: 86.90% (+/- 7.50%)
Fold: 58 of 100 Acc: 85.29% Mean: 86.87% (+/- 7.44%)
Fold: 59 of 100 Acc: 94.12% Mean: 86.99% (+/- 7.44%)
Fold: 60 of 100 Acc: 79.41% Mean: 86.87% (+/- 7.44%)
Fold: 61 of 100 Acc: 80.00% Mean: 86.75% (+/- 7.43%)
Fold: 62 of 100 Acc: 82.86% Mean: 86.69% (+/- 7.38%)
Fold: 63 of 100 Acc: 82.35% Mean: 86.62% (+/- 7.35%)
Fold: 64 of 100 Acc: 91.18% Mean: 86.69% (+/- 7.31%)
Fold: 65 of 100 Acc: 91.18% Mean: 86.76% (+/- 7.27%)
Fold: 66 of 100 Acc: 94.12% Mean: 86.87% (+/- 7.27%)
Fold: 67 of 100 Acc: 88.24% Mean: 86.89% (+/- 7.22%)
Fold: 68 of 100 Acc: 82.35% Mean: 86.83% (+/- 7.19%)
Fold: 69 of 100 Acc: 88.24% Mean: 86.85% (+/- 7.14%)
Fold: 70 of 100 Acc: 88.24% Mean: 86.87% (+/- 7.09%)
Fold: 71 of 100 Acc: 85.71% Mean: 86.85% (+/- 7.04%)
Fold: 72 of 100 Acc: 94.29% Mean: 86.95% (+/- 7.05%)
Fold: 73 of 100 Acc: 94.12% Mean: 87.05% (+/- 7.05%)
Fold: 74 of 100 Acc: 85.29% Mean: 87.03% (+/- 7.00%)
Fold: 75 of 100 Acc: 61.76% Mean: 86.69% (+/- 7.53%)
Fold: 76 of 100 Acc: 94.12% Mean: 86.79% (+/- 7.53%)
Fold: 77 of 100 Acc: 91.18% Mean: 86.85% (+/- 7.50%)
Fold: 78 of 100 Acc: 82.35% Mean: 86.79% (+/- 7.47%)
Fold: 79 of 100 Acc: 97.06% Mean: 86.92% (+/- 7.51%)
Fold: 80 of 100 Acc: 91.18% Mean: 86.97% (+/- 7.48%)
Fold: 81 of 100 Acc: 88.57% Mean: 86.99% (+/- 7.43%)
Fold: 82 of 100 Acc: 85.71% Mean: 86.98% (+/- 7.39%)
Fold: 83 of 100 Acc: 94.12% Mean: 87.06% (+/- 7.39%)
Fold: 84 of 100 Acc: 85.29% Mean: 87.04% (+/- 7.34%)
Fold: 85 of 100 Acc: 88.24% Mean: 87.05% (+/- 7.30%)
Fold: 86 of 100 Acc: 79.41% Mean: 86.97% (+/- 7.31%)
Fold: 87 of 100 Acc: 85.29% Mean: 86.95% (+/- 7.27%)
Fold: 88 of 100 Acc: 97.06% Mean: 87.06% (+/- 7.30%)
Fold: 89 of 100 Acc: 85.29% Mean: 87.04% (+/- 7.26%)
Fold: 90 of 100 Acc: 85.29% Mean: 87.02% (+/- 7.23%)
Fold: 91 of 100 Acc: 91.43% Mean: 87.07% (+/- 7.20%)
Fold: 92 of 100 Acc: 85.71% Mean: 87.06% (+/- 7.16%)
Fold: 93 of 100 Acc: 94.12% Mean: 87.13% (+/- 7.16%)
Fold: 94 of 100 Acc: 82.35% Mean: 87.08% (+/- 7.14%)
Fold: 95 of 100 Acc: 85.29% Mean: 87.06% (+/- 7.11%)
Fold: 96 of 100 Acc: 76.47% Mean: 86.95% (+/- 7.15%)
Fold: 97 of 100 Acc: 79.41% Mean: 86.87% (+/- 7.15%)
Fold: 98 of 100 Acc: 91.18% Mean: 86.92% (+/- 7.13%)
Fold: 99 of 100 Acc: 97.06% Mean: 87.02% (+/- 7.17%)
Fold: 100 of 100 Acc: 85.29% Mean: 87.00% (+/- 7.13%)
