Machine: PRECISION
Date: 12/01/2020 Time: 11:50:45
Alternative Dense Layer: False
Pooling Application Layer: None
Data Augmentation: False
Data Augmentation Multiplier: 1
Fine Tuning: 2

Model Type: VGG16
Fold: 1 of 100 Acc: 94.29% Mean: 94.29% (+/- 0.00%)
Fold: 2 of 100 Acc: 88.57% Mean: 91.43% (+/- 2.86%)
Fold: 3 of 100 Acc: 91.18% Mean: 91.34% (+/- 2.34%)
Fold: 4 of 100 Acc: 82.35% Mean: 89.10% (+/- 4.39%)
Fold: 5 of 100 Acc: 91.18% Mean: 89.51% (+/- 4.01%)
Fold: 6 of 100 Acc: 91.18% Mean: 89.79% (+/- 3.71%)
Fold: 7 of 100 Acc: 88.24% Mean: 89.57% (+/- 3.48%)
Fold: 8 of 100 Acc: 82.35% Mean: 88.67% (+/- 4.04%)
Fold: 9 of 100 Acc: 76.47% Mean: 87.31% (+/- 5.40%)
Fold: 10 of 100 Acc: 70.59% Mean: 85.64% (+/- 7.17%)
Fold: 11 of 100 Acc: 91.43% Mean: 86.17% (+/- 7.04%)
Fold: 12 of 100 Acc: 85.71% Mean: 86.13% (+/- 6.74%)
Fold: 13 of 100 Acc: 85.29% Mean: 86.06% (+/- 6.48%)
Fold: 14 of 100 Acc: 82.35% Mean: 85.80% (+/- 6.32%)
Fold: 15 of 100 Acc: 94.12% Mean: 86.35% (+/- 6.44%)
Fold: 16 of 100 Acc: 82.35% Mean: 86.10% (+/- 6.31%)
Fold: 17 of 100 Acc: 73.53% Mean: 85.36% (+/- 6.80%)
Fold: 18 of 100 Acc: 91.18% Mean: 85.69% (+/- 6.74%)
Fold: 19 of 100 Acc: 91.18% Mean: 85.98% (+/- 6.68%)
Fold: 20 of 100 Acc: 88.24% Mean: 86.09% (+/- 6.53%)
Fold: 21 of 100 Acc: 88.57% Mean: 86.21% (+/- 6.39%)
Fold: 22 of 100 Acc: 82.86% Mean: 86.05% (+/- 6.28%)
Fold: 23 of 100 Acc: 91.18% Mean: 86.28% (+/- 6.23%)
Fold: 24 of 100 Acc: 85.29% Mean: 86.24% (+/- 6.11%)
Fold: 25 of 100 Acc: 94.12% Mean: 86.55% (+/- 6.18%)
Fold: 26 of 100 Acc: 79.41% Mean: 86.28% (+/- 6.21%)
Fold: 27 of 100 Acc: 79.41% Mean: 86.02% (+/- 6.23%)
Fold: 28 of 100 Acc: 94.12% Mean: 86.31% (+/- 6.30%)
Fold: 29 of 100 Acc: 91.18% Mean: 86.48% (+/- 6.26%)
Fold: 30 of 100 Acc: 79.41% Mean: 86.24% (+/- 6.28%)
Fold: 31 of 100 Acc: 77.14% Mean: 85.95% (+/- 6.38%)
Fold: 32 of 100 Acc: 97.14% Mean: 86.30% (+/- 6.58%)
Fold: 33 of 100 Acc: 88.24% Mean: 86.36% (+/- 6.49%)
Fold: 34 of 100 Acc: 76.47% Mean: 86.07% (+/- 6.60%)
Fold: 35 of 100 Acc: 88.24% Mean: 86.13% (+/- 6.52%)
Fold: 36 of 100 Acc: 88.24% Mean: 86.19% (+/- 6.44%)
Fold: 37 of 100 Acc: 79.41% Mean: 86.00% (+/- 6.44%)
Fold: 38 of 100 Acc: 85.29% Mean: 85.99% (+/- 6.36%)
Fold: 39 of 100 Acc: 91.18% Mean: 86.12% (+/- 6.33%)
Fold: 40 of 100 Acc: 85.29% Mean: 86.10% (+/- 6.25%)
Fold: 41 of 100 Acc: 85.71% Mean: 86.09% (+/- 6.18%)
Fold: 42 of 100 Acc: 91.43% Mean: 86.22% (+/- 6.16%)
Fold: 43 of 100 Acc: 88.24% Mean: 86.26% (+/- 6.09%)
Fold: 44 of 100 Acc: 91.18% Mean: 86.38% (+/- 6.07%)
Fold: 45 of 100 Acc: 88.24% Mean: 86.42% (+/- 6.01%)
Fold: 46 of 100 Acc: 85.29% Mean: 86.39% (+/- 5.94%)
Fold: 47 of 100 Acc: 91.18% Mean: 86.49% (+/- 5.92%)
Fold: 48 of 100 Acc: 91.18% Mean: 86.59% (+/- 5.90%)
Fold: 49 of 100 Acc: 85.29% Mean: 86.56% (+/- 5.84%)
Fold: 50 of 100 Acc: 85.29% Mean: 86.54% (+/- 5.78%)
Fold: 51 of 100 Acc: 82.86% Mean: 86.47% (+/- 5.75%)
Fold: 52 of 100 Acc: 94.29% Mean: 86.62% (+/- 5.79%)
Fold: 53 of 100 Acc: 88.24% Mean: 86.65% (+/- 5.74%)
Fold: 54 of 100 Acc: 79.41% Mean: 86.51% (+/- 5.77%)
Fold: 55 of 100 Acc: 88.24% Mean: 86.55% (+/- 5.72%)
Fold: 56 of 100 Acc: 94.12% Mean: 86.68% (+/- 5.76%)
Fold: 57 of 100 Acc: 94.12% Mean: 86.81% (+/- 5.79%)
Fold: 58 of 100 Acc: 88.24% Mean: 86.84% (+/- 5.74%)
Fold: 59 of 100 Acc: 73.53% Mean: 86.61% (+/- 5.95%)
Fold: 60 of 100 Acc: 85.29% Mean: 86.59% (+/- 5.90%)
Fold: 61 of 100 Acc: 97.14% Mean: 86.76% (+/- 6.00%)
Fold: 62 of 100 Acc: 88.57% Mean: 86.79% (+/- 5.96%)
Fold: 63 of 100 Acc: 94.12% Mean: 86.91% (+/- 5.98%)
Fold: 64 of 100 Acc: 91.18% Mean: 86.97% (+/- 5.96%)
Fold: 65 of 100 Acc: 82.35% Mean: 86.90% (+/- 5.94%)
Fold: 66 of 100 Acc: 88.24% Mean: 86.92% (+/- 5.90%)
Fold: 67 of 100 Acc: 88.24% Mean: 86.94% (+/- 5.86%)
Fold: 68 of 100 Acc: 88.24% Mean: 86.96% (+/- 5.82%)
Fold: 69 of 100 Acc: 79.41% Mean: 86.85% (+/- 5.84%)
Fold: 70 of 100 Acc: 82.35% Mean: 86.79% (+/- 5.83%)
Fold: 71 of 100 Acc: 94.29% Mean: 86.89% (+/- 5.85%)
Fold: 72 of 100 Acc: 91.43% Mean: 86.96% (+/- 5.83%)
Fold: 73 of 100 Acc: 85.29% Mean: 86.93% (+/- 5.80%)
Fold: 74 of 100 Acc: 82.35% Mean: 86.87% (+/- 5.78%)
Fold: 75 of 100 Acc: 85.29% Mean: 86.85% (+/- 5.75%)
Fold: 76 of 100 Acc: 91.18% Mean: 86.91% (+/- 5.73%)
Fold: 77 of 100 Acc: 91.18% Mean: 86.96% (+/- 5.71%)
Fold: 78 of 100 Acc: 94.12% Mean: 87.05% (+/- 5.73%)
Fold: 79 of 100 Acc: 88.24% Mean: 87.07% (+/- 5.70%)
Fold: 80 of 100 Acc: 85.29% Mean: 87.05% (+/- 5.67%)
Fold: 81 of 100 Acc: 82.86% Mean: 87.00% (+/- 5.65%)
Fold: 82 of 100 Acc: 85.71% Mean: 86.98% (+/- 5.62%)
Fold: 83 of 100 Acc: 97.06% Mean: 87.10% (+/- 5.69%)
Fold: 84 of 100 Acc: 88.24% Mean: 87.11% (+/- 5.66%)
Fold: 85 of 100 Acc: 82.35% Mean: 87.06% (+/- 5.65%)
Fold: 86 of 100 Acc: 82.35% Mean: 87.00% (+/- 5.64%)
Fold: 87 of 100 Acc: 94.12% Mean: 87.09% (+/- 5.66%)
Fold: 88 of 100 Acc: 91.18% Mean: 87.13% (+/- 5.64%)
Fold: 89 of 100 Acc: 79.41% Mean: 87.05% (+/- 5.67%)
Fold: 90 of 100 Acc: 85.29% Mean: 87.03% (+/- 5.64%)
Fold: 91 of 100 Acc: 77.14% Mean: 86.92% (+/- 5.70%)
Fold: 92 of 100 Acc: 85.71% Mean: 86.90% (+/- 5.67%)
Fold: 93 of 100 Acc: 85.29% Mean: 86.89% (+/- 5.64%)
Fold: 94 of 100 Acc: 82.35% Mean: 86.84% (+/- 5.63%)
Fold: 95 of 100 Acc: 94.12% Mean: 86.92% (+/- 5.65%)
Fold: 96 of 100 Acc: 88.24% Mean: 86.93% (+/- 5.62%)
Fold: 97 of 100 Acc: 76.47% Mean: 86.82% (+/- 5.69%)
Fold: 98 of 100 Acc: 94.12% Mean: 86.90% (+/- 5.71%)
Fold: 99 of 100 Acc: 88.24% Mean: 86.91% (+/- 5.69%)
Fold: 100 of 100 Acc: 88.24% Mean: 86.92% (+/- 5.66%)
Model Type: VGG19
Fold: 1 of 100 Acc: 82.86% Mean: 82.86% (+/- 0.00%)
Fold: 2 of 100 Acc: 97.14% Mean: 90.00% (+/- 7.14%)
Fold: 3 of 100 Acc: 94.12% Mean: 91.37% (+/- 6.15%)
Fold: 4 of 100 Acc: 79.41% Mean: 88.38% (+/- 7.43%)
Fold: 5 of 100 Acc: 94.12% Mean: 89.53% (+/- 7.03%)
Fold: 6 of 100 Acc: 79.41% Mean: 87.84% (+/- 7.44%)
Fold: 7 of 100 Acc: 94.12% Mean: 88.74% (+/- 7.23%)
Fold: 8 of 100 Acc: 88.24% Mean: 88.68% (+/- 6.77%)
Fold: 9 of 100 Acc: 85.29% Mean: 88.30% (+/- 6.47%)
Fold: 10 of 100 Acc: 88.24% Mean: 88.29% (+/- 6.14%)
Fold: 11 of 100 Acc: 94.29% Mean: 88.84% (+/- 6.10%)
Fold: 12 of 100 Acc: 82.86% Mean: 88.34% (+/- 6.07%)
Fold: 13 of 100 Acc: 73.53% Mean: 87.20% (+/- 7.04%)
Fold: 14 of 100 Acc: 85.29% Mean: 87.06% (+/- 6.80%)
Fold: 15 of 100 Acc: 91.18% Mean: 87.34% (+/- 6.65%)
Fold: 16 of 100 Acc: 88.24% Mean: 87.39% (+/- 6.44%)
Fold: 17 of 100 Acc: 97.06% Mean: 87.96% (+/- 6.65%)
Fold: 18 of 100 Acc: 88.24% Mean: 87.98% (+/- 6.46%)
Fold: 19 of 100 Acc: 85.29% Mean: 87.84% (+/- 6.32%)
Fold: 20 of 100 Acc: 88.24% Mean: 87.86% (+/- 6.16%)
Fold: 21 of 100 Acc: 80.00% Mean: 87.48% (+/- 6.24%)
Fold: 22 of 100 Acc: 85.71% Mean: 87.40% (+/- 6.11%)
Fold: 23 of 100 Acc: 85.29% Mean: 87.31% (+/- 5.99%)
Fold: 24 of 100 Acc: 88.24% Mean: 87.35% (+/- 5.87%)
Fold: 25 of 100 Acc: 94.12% Mean: 87.62% (+/- 5.90%)
Fold: 26 of 100 Acc: 79.41% Mean: 87.30% (+/- 6.00%)
Fold: 27 of 100 Acc: 85.29% Mean: 87.23% (+/- 5.90%)
Fold: 28 of 100 Acc: 85.29% Mean: 87.16% (+/- 5.80%)
Fold: 29 of 100 Acc: 91.18% Mean: 87.30% (+/- 5.75%)
Fold: 30 of 100 Acc: 79.41% Mean: 87.04% (+/- 5.83%)
Fold: 31 of 100 Acc: 88.57% Mean: 87.09% (+/- 5.74%)
Fold: 32 of 100 Acc: 94.29% Mean: 87.31% (+/- 5.78%)
Fold: 33 of 100 Acc: 91.18% Mean: 87.43% (+/- 5.73%)
Fold: 34 of 100 Acc: 94.12% Mean: 87.62% (+/- 5.76%)
Fold: 35 of 100 Acc: 85.29% Mean: 87.56% (+/- 5.69%)
Fold: 36 of 100 Acc: 82.35% Mean: 87.41% (+/- 5.68%)
Fold: 37 of 100 Acc: 85.29% Mean: 87.36% (+/- 5.61%)
Fold: 38 of 100 Acc: 76.47% Mean: 87.07% (+/- 5.80%)
Fold: 39 of 100 Acc: 91.18% Mean: 87.18% (+/- 5.77%)
Fold: 40 of 100 Acc: 94.12% Mean: 87.35% (+/- 5.79%)
Fold: 41 of 100 Acc: 88.57% Mean: 87.38% (+/- 5.73%)
Fold: 42 of 100 Acc: 88.57% Mean: 87.41% (+/- 5.66%)
Fold: 43 of 100 Acc: 88.24% Mean: 87.43% (+/- 5.60%)
Fold: 44 of 100 Acc: 94.12% Mean: 87.58% (+/- 5.62%)
Fold: 45 of 100 Acc: 79.41% Mean: 87.40% (+/- 5.69%)
Fold: 46 of 100 Acc: 88.24% Mean: 87.42% (+/- 5.63%)
Fold: 47 of 100 Acc: 85.29% Mean: 87.37% (+/- 5.58%)
Fold: 48 of 100 Acc: 88.24% Mean: 87.39% (+/- 5.52%)
Fold: 49 of 100 Acc: 85.29% Mean: 87.35% (+/- 5.47%)
Fold: 50 of 100 Acc: 91.18% Mean: 87.42% (+/- 5.44%)
Fold: 51 of 100 Acc: 82.86% Mean: 87.33% (+/- 5.42%)
Fold: 52 of 100 Acc: 88.57% Mean: 87.36% (+/- 5.37%)
Fold: 53 of 100 Acc: 88.24% Mean: 87.37% (+/- 5.33%)
Fold: 54 of 100 Acc: 88.24% Mean: 87.39% (+/- 5.28%)
Fold: 55 of 100 Acc: 94.12% Mean: 87.51% (+/- 5.31%)
Fold: 56 of 100 Acc: 88.24% Mean: 87.52% (+/- 5.26%)
Fold: 57 of 100 Acc: 85.29% Mean: 87.48% (+/- 5.22%)
Fold: 58 of 100 Acc: 82.35% Mean: 87.40% (+/- 5.22%)
Fold: 59 of 100 Acc: 94.12% Mean: 87.51% (+/- 5.25%)
Fold: 60 of 100 Acc: 94.12% Mean: 87.62% (+/- 5.27%)
Fold: 61 of 100 Acc: 85.71% Mean: 87.59% (+/- 5.23%)
Fold: 62 of 100 Acc: 85.71% Mean: 87.56% (+/- 5.20%)
Fold: 63 of 100 Acc: 91.18% Mean: 87.62% (+/- 5.17%)
Fold: 64 of 100 Acc: 91.18% Mean: 87.67% (+/- 5.15%)
Fold: 65 of 100 Acc: 91.18% Mean: 87.73% (+/- 5.13%)
Fold: 66 of 100 Acc: 91.18% Mean: 87.78% (+/- 5.11%)
Fold: 67 of 100 Acc: 91.18% Mean: 87.83% (+/- 5.09%)
Fold: 68 of 100 Acc: 88.24% Mean: 87.83% (+/- 5.05%)
Fold: 69 of 100 Acc: 88.24% Mean: 87.84% (+/- 5.01%)
Fold: 70 of 100 Acc: 73.53% Mean: 87.64% (+/- 5.26%)
Fold: 71 of 100 Acc: 91.43% Mean: 87.69% (+/- 5.24%)
Fold: 72 of 100 Acc: 88.57% Mean: 87.70% (+/- 5.21%)
Fold: 73 of 100 Acc: 88.24% Mean: 87.71% (+/- 5.17%)
Fold: 74 of 100 Acc: 88.24% Mean: 87.72% (+/- 5.14%)
Fold: 75 of 100 Acc: 91.18% Mean: 87.76% (+/- 5.12%)
Fold: 76 of 100 Acc: 85.29% Mean: 87.73% (+/- 5.09%)
Fold: 77 of 100 Acc: 91.18% Mean: 87.77% (+/- 5.07%)
Fold: 78 of 100 Acc: 88.24% Mean: 87.78% (+/- 5.04%)
Fold: 79 of 100 Acc: 91.18% Mean: 87.82% (+/- 5.02%)
Fold: 80 of 100 Acc: 91.18% Mean: 87.87% (+/- 5.01%)
Fold: 81 of 100 Acc: 80.00% Mean: 87.77% (+/- 5.05%)
Fold: 82 of 100 Acc: 97.14% Mean: 87.88% (+/- 5.12%)
Fold: 83 of 100 Acc: 82.35% Mean: 87.82% (+/- 5.13%)
Fold: 84 of 100 Acc: 91.18% Mean: 87.86% (+/- 5.11%)
Fold: 85 of 100 Acc: 82.35% Mean: 87.79% (+/- 5.11%)
Fold: 86 of 100 Acc: 97.06% Mean: 87.90% (+/- 5.18%)
Fold: 87 of 100 Acc: 97.06% Mean: 88.00% (+/- 5.24%)
Fold: 88 of 100 Acc: 85.29% Mean: 87.97% (+/- 5.22%)
Fold: 89 of 100 Acc: 85.29% Mean: 87.94% (+/- 5.20%)
Fold: 90 of 100 Acc: 85.29% Mean: 87.91% (+/- 5.18%)
Fold: 91 of 100 Acc: 91.43% Mean: 87.95% (+/- 5.16%)
Fold: 92 of 100 Acc: 94.29% Mean: 88.02% (+/- 5.18%)
Fold: 93 of 100 Acc: 85.29% Mean: 87.99% (+/- 5.16%)
Fold: 94 of 100 Acc: 88.24% Mean: 87.99% (+/- 5.13%)
Fold: 95 of 100 Acc: 94.12% Mean: 88.06% (+/- 5.14%)
Fold: 96 of 100 Acc: 94.12% Mean: 88.12% (+/- 5.15%)
Fold: 97 of 100 Acc: 85.29% Mean: 88.09% (+/- 5.13%)
Fold: 98 of 100 Acc: 91.18% Mean: 88.12% (+/- 5.11%)
Fold: 99 of 100 Acc: 79.41% Mean: 88.04% (+/- 5.16%)
Fold: 100 of 100 Acc: 85.29% Mean: 88.01% (+/- 5.14%)
