Machine: PRECISION
Date: 26/01/2020 Time: 23:18:18
Alternative Dense Layer: False
Pooling Application Layer: avg
Data Augmentation: False
Data Augmentation Multiplier: 1
Optimizer: rmsprop
Maximum Frozen Blocks: 14
Model: Xception

Frozen Blocks: 0
Fold: 1 of 100 Acc: 88.57% Mean: 88.57% (+/- 0.00%)
Fold: 2 of 100 Acc: 97.14% Mean: 92.86% (+/- 4.29%)
Fold: 3 of 100 Acc: 91.18% Mean: 92.30% (+/- 3.59%)
Fold: 4 of 100 Acc: 91.18% Mean: 92.02% (+/- 3.14%)
Fold: 5 of 100 Acc: 91.18% Mean: 91.85% (+/- 2.83%)
Fold: 6 of 100 Acc: 91.18% Mean: 91.74% (+/- 2.60%)
Fold: 7 of 100 Acc: 97.06% Mean: 92.50% (+/- 3.04%)
Fold: 8 of 100 Acc: 88.24% Mean: 91.96% (+/- 3.18%)
Fold: 9 of 100 Acc: 91.18% Mean: 91.88% (+/- 3.00%)
Fold: 10 of 100 Acc: 97.06% Mean: 92.39% (+/- 3.25%)
Fold: 11 of 100 Acc: 85.71% Mean: 91.79% (+/- 3.64%)
Fold: 12 of 100 Acc: 88.57% Mean: 91.52% (+/- 3.60%)
Fold: 13 of 100 Acc: 85.29% Mean: 91.04% (+/- 3.84%)
Fold: 14 of 100 Acc: 91.18% Mean: 91.05% (+/- 3.70%)
Fold: 15 of 100 Acc: 88.24% Mean: 90.86% (+/- 3.64%)
Fold: 16 of 100 Acc: 94.12% Mean: 91.07% (+/- 3.61%)
Fold: 17 of 100 Acc: 94.12% Mean: 91.25% (+/- 3.58%)
Fold: 18 of 100 Acc: 91.18% Mean: 91.24% (+/- 3.47%)
Fold: 19 of 100 Acc: 94.12% Mean: 91.39% (+/- 3.44%)
Fold: 20 of 100 Acc: 97.06% Mean: 91.68% (+/- 3.58%)
Fold: 21 of 100 Acc: 97.14% Mean: 91.94% (+/- 3.68%)
Fold: 22 of 100 Acc: 88.57% Mean: 91.78% (+/- 3.66%)
Fold: 23 of 100 Acc: 88.24% Mean: 91.63% (+/- 3.65%)
Fold: 24 of 100 Acc: 88.24% Mean: 91.49% (+/- 3.64%)
Fold: 25 of 100 Acc: 94.12% Mean: 91.59% (+/- 3.60%)
Fold: 26 of 100 Acc: 88.24% Mean: 91.46% (+/- 3.59%)
Fold: 27 of 100 Acc: 91.18% Mean: 91.45% (+/- 3.53%)
Fold: 28 of 100 Acc: 97.06% Mean: 91.65% (+/- 3.61%)
Fold: 29 of 100 Acc: 94.12% Mean: 91.74% (+/- 3.58%)
Fold: 30 of 100 Acc: 94.12% Mean: 91.82% (+/- 3.55%)
Fold: 31 of 100 Acc: 91.43% Mean: 91.81% (+/- 3.49%)
Fold: 32 of 100 Acc: 88.57% Mean: 91.70% (+/- 3.48%)
Fold: 33 of 100 Acc: 82.35% Mean: 91.42% (+/- 3.78%)
Fold: 34 of 100 Acc: 91.18% Mean: 91.41% (+/- 3.73%)
Fold: 35 of 100 Acc: 85.29% Mean: 91.24% (+/- 3.81%)
Fold: 36 of 100 Acc: 97.06% Mean: 91.40% (+/- 3.88%)
Fold: 37 of 100 Acc: 97.06% Mean: 91.55% (+/- 3.93%)
Fold: 38 of 100 Acc: 94.12% Mean: 91.62% (+/- 3.90%)
Fold: 39 of 100 Acc: 97.06% Mean: 91.76% (+/- 3.95%)
Fold: 40 of 100 Acc: 88.24% Mean: 91.67% (+/- 3.94%)


Machine: PRECISION
Date: 27/01/2020 Time: 10:58:34
Alternative Dense Layer: False
Pooling Application Layer: avg
Data Augmentation: False
Data Augmentation Multiplier: 1
Optimizer: rmsprop
Maximum Frozen Blocks: 14
Model: Xception
K-Fold N Repeats: 2

Frozen Blocks: 1
Fold: 1 of 20 Acc: 51.43% Mean: 51.43% (+/- 0.00%)
Fold: 2 of 20 Acc: 54.29% Mean: 52.86% (+/- 1.43%)
Fold: 3 of 20 Acc: 58.82% Mean: 54.85% (+/- 3.04%)
Fold: 4 of 20 Acc: 41.18% Mean: 51.43% (+/- 6.48%)
Fold: 5 of 20 Acc: 47.06% Mean: 50.55% (+/- 6.05%)
Fold: 6 of 20 Acc: 41.18% Mean: 48.99% (+/- 6.54%)
Fold: 7 of 20 Acc: 50.00% Mean: 49.14% (+/- 6.06%)
Fold: 8 of 20 Acc: 55.88% Mean: 49.98% (+/- 6.10%)
Fold: 9 of 20 Acc: 70.59% Mean: 52.27% (+/- 8.66%)
Fold: 10 of 20 Acc: 52.94% Mean: 52.34% (+/- 8.22%)
Fold: 11 of 20 Acc: 37.14% Mean: 50.95% (+/- 8.97%)
Fold: 12 of 20 Acc: 40.00% Mean: 50.04% (+/- 9.11%)
Fold: 13 of 20 Acc: 52.94% Mean: 50.27% (+/- 8.78%)
Fold: 14 of 20 Acc: 47.06% Mean: 50.04% (+/- 8.50%)
Fold: 15 of 20 Acc: 44.12% Mean: 49.64% (+/- 8.35%)
Fold: 16 of 20 Acc: 41.18% Mean: 49.11% (+/- 8.34%)
Fold: 17 of 20 Acc: 41.18% Mean: 48.65% (+/- 8.30%)
Fold: 18 of 20 Acc: 35.29% Mean: 47.90% (+/- 8.63%)
Fold: 19 of 20 Acc: 50.00% Mean: 48.01% (+/- 8.41%)
Fold: 20 of 20 Acc: 52.94% Mean: 48.26% (+/- 8.27%)
Frozen Blocks: 2
Fold: 1 of 20 Acc: 57.14% Mean: 57.14% (+/- 0.00%)
Fold: 2 of 20 Acc: 57.14% Mean: 57.14% (+/- 0.00%)
Fold: 3 of 20 Acc: 47.06% Mean: 53.78% (+/- 4.75%)
Fold: 4 of 20 Acc: 55.88% Mean: 54.31% (+/- 4.22%)
Fold: 5 of 20 Acc: 55.88% Mean: 54.62% (+/- 3.82%)
Fold: 6 of 20 Acc: 50.00% Mean: 53.85% (+/- 3.89%)
Fold: 7 of 20 Acc: 44.12% Mean: 52.46% (+/- 4.96%)
Fold: 8 of 20 Acc: 38.24% Mean: 50.68% (+/- 6.61%)
Fold: 9 of 20 Acc: 32.35% Mean: 48.65% (+/- 8.48%)
Fold: 10 of 20 Acc: 55.88% Mean: 49.37% (+/- 8.34%)
Fold: 11 of 20 Acc: 45.71% Mean: 49.04% (+/- 8.02%)
Fold: 12 of 20 Acc: 48.57% Mean: 49.00% (+/- 7.68%)
Fold: 13 of 20 Acc: 47.06% Mean: 48.85% (+/- 7.39%)
Fold: 14 of 20 Acc: 44.12% Mean: 48.51% (+/- 7.23%)
Fold: 15 of 20 Acc: 47.06% Mean: 48.41% (+/- 6.99%)
Fold: 16 of 20 Acc: 64.71% Mean: 49.43% (+/- 7.84%)
Fold: 17 of 20 Acc: 44.12% Mean: 49.12% (+/- 7.70%)
Fold: 18 of 20 Acc: 41.18% Mean: 48.68% (+/- 7.70%)
Fold: 19 of 20 Acc: 70.59% Mean: 49.83% (+/- 8.95%)
Fold: 20 of 20 Acc: 44.12% Mean: 49.55% (+/- 8.82%)
Frozen Blocks: 3
Fold: 1 of 20 Acc: 51.43% Mean: 51.43% (+/- 0.00%)
Fold: 2 of 20 Acc: 54.29% Mean: 52.86% (+/- 1.43%)
Fold: 3 of 20 Acc: 58.82% Mean: 54.85% (+/- 3.04%)
Fold: 4 of 20 Acc: 38.24% Mean: 50.69% (+/- 7.66%)
Fold: 5 of 20 Acc: 47.06% Mean: 49.97% (+/- 7.00%)
Fold: 6 of 20 Acc: 47.06% Mean: 49.48% (+/- 6.49%)
Fold: 7 of 20 Acc: 52.94% Mean: 49.98% (+/- 6.13%)
Fold: 8 of 20 Acc: 55.88% Mean: 50.71% (+/- 6.05%)
Fold: 9 of 20 Acc: 29.41% Mean: 48.35% (+/- 8.80%)
Fold: 10 of 20 Acc: 55.88% Mean: 49.10% (+/- 8.65%)
Fold: 11 of 20 Acc: 51.43% Mean: 49.31% (+/- 8.27%)
Fold: 12 of 20 Acc: 60.00% Mean: 50.20% (+/- 8.45%)
Fold: 13 of 20 Acc: 50.00% Mean: 50.19% (+/- 8.12%)
Fold: 14 of 20 Acc: 55.88% Mean: 50.59% (+/- 7.96%)
Fold: 15 of 20 Acc: 44.12% Mean: 50.16% (+/- 7.86%)
Fold: 16 of 20 Acc: 50.00% Mean: 50.15% (+/- 7.61%)
Fold: 17 of 20 Acc: 50.00% Mean: 50.14% (+/- 7.38%)
Fold: 18 of 20 Acc: 50.00% Mean: 50.14% (+/- 7.17%)
Fold: 19 of 20 Acc: 44.12% Mean: 49.82% (+/- 7.11%)
Fold: 20 of 20 Acc: 32.35% Mean: 48.95% (+/- 7.91%)
Frozen Blocks: 4
Fold: 1 of 20 Acc: 57.14% Mean: 57.14% (+/- 0.00%)
Fold: 2 of 20 Acc: 57.14% Mean: 57.14% (+/- 0.00%)
Fold: 3 of 20 Acc: 47.06% Mean: 53.78% (+/- 4.75%)
Fold: 4 of 20 Acc: 41.18% Mean: 50.63% (+/- 6.84%)
Fold: 5 of 20 Acc: 44.12% Mean: 49.33% (+/- 6.65%)
Fold: 6 of 20 Acc: 50.00% Mean: 49.44% (+/- 6.07%)
Fold: 7 of 20 Acc: 44.12% Mean: 48.68% (+/- 5.92%)
Fold: 8 of 20 Acc: 61.76% Mean: 50.32% (+/- 7.03%)
Fold: 9 of 20 Acc: 32.35% Mean: 48.32% (+/- 8.71%)
Fold: 10 of 20 Acc: 52.94% Mean: 48.78% (+/- 8.37%)
Fold: 11 of 20 Acc: 48.57% Mean: 48.76% (+/- 7.99%)
Fold: 12 of 20 Acc: 54.29% Mean: 49.22% (+/- 7.80%)
Fold: 13 of 20 Acc: 47.06% Mean: 49.06% (+/- 7.51%)
Fold: 14 of 20 Acc: 58.82% Mean: 49.75% (+/- 7.66%)
Fold: 15 of 20 Acc: 55.88% Mean: 50.16% (+/- 7.56%)
Fold: 16 of 20 Acc: 38.24% Mean: 49.42% (+/- 7.87%)
Fold: 17 of 20 Acc: 44.12% Mean: 49.11% (+/- 7.74%)
Fold: 18 of 20 Acc: 41.18% Mean: 48.66% (+/- 7.73%)
Fold: 19 of 20 Acc: 50.00% Mean: 48.74% (+/- 7.53%)
Fold: 20 of 20 Acc: 50.00% Mean: 48.80% (+/- 7.35%)
Frozen Blocks: 5
Fold: 1 of 20 Acc: 65.71% Mean: 65.71% (+/- 0.00%)
Fold: 2 of 20 Acc: 28.57% Mean: 47.14% (+/- 18.57%)
Fold: 3 of 20 Acc: 44.12% Mean: 46.13% (+/- 15.23%)
Fold: 4 of 20 Acc: 50.00% Mean: 47.10% (+/- 13.30%)
Fold: 5 of 20 Acc: 61.76% Mean: 50.03% (+/- 13.26%)
Fold: 6 of 20 Acc: 50.00% Mean: 50.03% (+/- 12.10%)
Fold: 7 of 20 Acc: 52.94% Mean: 50.44% (+/- 11.25%)
Fold: 8 of 20 Acc: 44.12% Mean: 49.65% (+/- 10.73%)
Fold: 9 of 20 Acc: 67.65% Mean: 51.65% (+/- 11.59%)
Fold: 10 of 20 Acc: 47.06% Mean: 51.19% (+/- 11.08%)
Fold: 11 of 20 Acc: 40.00% Mean: 50.18% (+/- 11.05%)
Fold: 12 of 20 Acc: 60.00% Mean: 50.99% (+/- 10.92%)
Fold: 13 of 20 Acc: 52.94% Mean: 51.14% (+/- 10.50%)
Fold: 14 of 20 Acc: 41.18% Mean: 50.43% (+/- 10.44%)
Fold: 15 of 20 Acc: 47.06% Mean: 50.21% (+/- 10.12%)
Fold: 16 of 20 Acc: 55.88% Mean: 50.56% (+/- 9.90%)
Fold: 17 of 20 Acc: 67.65% Mean: 51.57% (+/- 10.41%)
Fold: 18 of 20 Acc: 67.65% Mean: 52.46% (+/- 10.77%)
Fold: 19 of 20 Acc: 47.06% Mean: 52.18% (+/- 10.55%)
Fold: 20 of 20 Acc: 32.35% Mean: 51.18% (+/- 11.15%)
Frozen Blocks: 6
Fold: 1 of 20 Acc: 51.43% Mean: 51.43% (+/- 0.00%)
Fold: 2 of 20 Acc: 45.71% Mean: 48.57% (+/- 2.86%)
Fold: 3 of 20 Acc: 41.18% Mean: 46.11% (+/- 4.19%)
Fold: 4 of 20 Acc: 61.76% Mean: 50.02% (+/- 7.69%)
Fold: 5 of 20 Acc: 52.94% Mean: 50.61% (+/- 6.98%)
Fold: 6 of 20 Acc: 52.94% Mean: 50.99% (+/- 6.43%)
Fold: 7 of 20 Acc: 47.06% Mean: 50.43% (+/- 6.11%)
Fold: 8 of 20 Acc: 44.12% Mean: 49.64% (+/- 6.08%)
Fold: 9 of 20 Acc: 70.59% Mean: 51.97% (+/- 8.73%)
Fold: 10 of 20 Acc: 44.12% Mean: 51.18% (+/- 8.61%)
Fold: 11 of 20 Acc: 37.14% Mean: 49.91% (+/- 9.15%)
Fold: 12 of 20 Acc: 45.71% Mean: 49.56% (+/- 8.84%)
Fold: 13 of 20 Acc: 52.94% Mean: 49.82% (+/- 8.54%)
Fold: 14 of 20 Acc: 52.94% Mean: 50.04% (+/- 8.27%)
Fold: 15 of 20 Acc: 50.00% Mean: 50.04% (+/- 7.99%)
Fold: 16 of 20 Acc: 47.06% Mean: 49.85% (+/- 7.77%)
Fold: 17 of 20 Acc: 44.12% Mean: 49.52% (+/- 7.65%)
Fold: 18 of 20 Acc: 41.18% Mean: 49.05% (+/- 7.68%)
Fold: 19 of 20 Acc: 67.65% Mean: 50.03% (+/- 8.55%)
Fold: 20 of 20 Acc: 64.71% Mean: 50.76% (+/- 8.93%)
Frozen Blocks: 7
