Model Type: Xception
Model Type: Xception
Fold: 1 of 10 Acc: 51.43% Mean: 51.43% (+/- 0.00%)
Fold: 2 of 10 Acc: 42.86% Mean: 47.14% (+/- 4.29%)
Fold: 3 of 10 Acc: 47.06% Mean: 47.11% (+/- 3.50%)
Fold: 4 of 10 Acc: 61.76% Mean: 50.78% (+/- 7.03%)
Fold: 5 of 10 Acc: 52.94% Mean: 51.21% (+/- 6.35%)
Fold: 6 of 10 Acc: 50.00% Mean: 51.01% (+/- 5.81%)
Fold: 7 of 10 Acc: 35.29% Mean: 48.76% (+/- 7.69%)
Fold: 8 of 10 Acc: 47.06% Mean: 48.55% (+/- 7.22%)
Fold: 9 of 10 Acc: 50.00% Mean: 48.71% (+/- 6.82%)
Fold: 10 of 10 Acc: 55.88% Mean: 49.43% (+/- 6.82%)
Model Type: VGG16
Fold: 1 of 10 Acc: 48.57% Mean: 48.57% (+/- 0.00%)
Fold: 2 of 10 Acc: 97.14% Mean: 72.86% (+/- 24.29%)
Fold: 3 of 10 Acc: 88.24% Mean: 77.98% (+/- 21.11%)
Fold: 4 of 10 Acc: 85.29% Mean: 79.81% (+/- 18.56%)
Fold: 5 of 10 Acc: 91.18% Mean: 82.08% (+/- 17.21%)
Fold: 6 of 10 Acc: 85.29% Mean: 82.62% (+/- 15.75%)
Fold: 7 of 10 Acc: 97.06% Mean: 84.68% (+/- 15.44%)
Fold: 8 of 10 Acc: 82.35% Mean: 84.39% (+/- 14.46%)
Fold: 9 of 10 Acc: 85.29% Mean: 84.49% (+/- 13.64%)
Fold: 10 of 10 Acc: 73.53% Mean: 83.39% (+/- 13.35%)
Model Type: VGG19
Fold: 1 of 10 Acc: 51.43% Mean: 51.43% (+/- 0.00%)
Fold: 2 of 10 Acc: 85.71% Mean: 68.57% (+/- 17.14%)
Fold: 3 of 10 Acc: 91.18% Mean: 76.11% (+/- 17.59%)
Fold: 4 of 10 Acc: 82.35% Mean: 77.67% (+/- 15.47%)
Fold: 5 of 10 Acc: 91.18% Mean: 80.37% (+/- 14.86%)
Fold: 6 of 10 Acc: 76.47% Mean: 79.72% (+/- 13.64%)
Fold: 7 of 10 Acc: 91.18% Mean: 81.36% (+/- 13.25%)
Fold: 8 of 10 Acc: 82.35% Mean: 81.48% (+/- 12.40%)
Fold: 9 of 10 Acc: 82.35% Mean: 81.58% (+/- 11.69%)
Fold: 10 of 10 Acc: 79.41% Mean: 81.36% (+/- 11.11%)
Model Type: ResNet50
Fold: 1 of 10 Acc: 51.43% Mean: 51.43% (+/- 0.00%)
Fold: 2 of 10 Acc: 51.43% Mean: 51.43% (+/- 0.00%)
Fold: 3 of 10 Acc: 50.00% Mean: 50.95% (+/- 0.67%)
Fold: 4 of 10 Acc: 58.82% Mean: 52.92% (+/- 3.46%)
Fold: 5 of 10 Acc: 47.06% Mean: 51.75% (+/- 3.88%)
Fold: 6 of 10 Acc: 44.12% Mean: 50.48% (+/- 4.54%)
Fold: 7 of 10 Acc: 55.88% Mean: 51.25% (+/- 4.61%)
Fold: 8 of 10 Acc: 32.35% Mean: 48.89% (+/- 7.59%)
Fold: 9 of 10 Acc: 67.65% Mean: 50.97% (+/- 9.27%)
Fold: 10 of 10 Acc: 52.94% Mean: 51.17% (+/- 8.82%)
Model Type: ResNet101
Fold: 1 of 10 Acc: 51.43% Mean: 51.43% (+/- 0.00%)
Fold: 2 of 10 Acc: 45.71% Mean: 48.57% (+/- 2.86%)
Fold: 3 of 10 Acc: 41.18% Mean: 46.11% (+/- 4.19%)
Fold: 4 of 10 Acc: 61.76% Mean: 50.02% (+/- 7.69%)
Fold: 5 of 10 Acc: 52.94% Mean: 50.61% (+/- 6.98%)
Fold: 6 of 10 Acc: 52.94% Mean: 50.99% (+/- 6.43%)
Fold: 7 of 10 Acc: 47.06% Mean: 50.43% (+/- 6.11%)
Fold: 8 of 10 Acc: 44.12% Mean: 49.64% (+/- 6.08%)
Fold: 9 of 10 Acc: 70.59% Mean: 51.97% (+/- 8.73%)
Fold: 10 of 10 Acc: 44.12% Mean: 51.18% (+/- 8.61%)
Model Type: ResNet152
Fold: 1 of 10 Acc: 34.29% Mean: 34.29% (+/- 0.00%)
Fold: 2 of 10 Acc: 28.57% Mean: 31.43% (+/- 2.86%)
Fold: 3 of 10 Acc: 44.12% Mean: 35.66% (+/- 6.42%)
Fold: 4 of 10 Acc: 50.00% Mean: 39.24% (+/- 8.34%)
Fold: 5 of 10 Acc: 61.76% Mean: 43.75% (+/- 11.69%)
Fold: 6 of 10 Acc: 50.00% Mean: 44.79% (+/- 10.93%)
Fold: 7 of 10 Acc: 52.94% Mean: 45.95% (+/- 10.51%)
Fold: 8 of 10 Acc: 44.12% Mean: 45.72% (+/- 9.85%)
Fold: 9 of 10 Acc: 67.65% Mean: 48.16% (+/- 11.56%)
Fold: 10 of 10 Acc: 47.06% Mean: 48.05% (+/- 10.97%)
Model Type: ResNet50V2
Fold: 1 of 10 Acc: 65.71% Mean: 65.71% (+/- 0.00%)
Fold: 2 of 10 Acc: 28.57% Mean: 47.14% (+/- 18.57%)
Fold: 3 of 10 Acc: 44.12% Mean: 46.13% (+/- 15.23%)
Fold: 4 of 10 Acc: 50.00% Mean: 47.10% (+/- 13.30%)
Fold: 5 of 10 Acc: 61.76% Mean: 50.03% (+/- 13.26%)
Fold: 6 of 10 Acc: 50.00% Mean: 50.03% (+/- 12.10%)
Fold: 7 of 10 Acc: 52.94% Mean: 50.44% (+/- 11.25%)
Fold: 8 of 10 Acc: 44.12% Mean: 49.65% (+/- 10.73%)
Fold: 9 of 10 Acc: 67.65% Mean: 51.65% (+/- 11.59%)
Fold: 10 of 10 Acc: 47.06% Mean: 51.19% (+/- 11.08%)
Model Type: ResNet101V2
Fold: 1 of 10 Acc: 51.43% Mean: 51.43% (+/- 0.00%)
Fold: 2 of 10 Acc: 45.71% Mean: 48.57% (+/- 2.86%)
Fold: 3 of 10 Acc: 41.18% Mean: 46.11% (+/- 4.19%)
Fold: 4 of 10 Acc: 61.76% Mean: 50.02% (+/- 7.69%)
Fold: 5 of 10 Acc: 52.94% Mean: 50.61% (+/- 6.98%)
Fold: 6 of 10 Acc: 52.94% Mean: 50.99% (+/- 6.43%)
Fold: 7 of 10 Acc: 47.06% Mean: 50.43% (+/- 6.11%)
Fold: 8 of 10 Acc: 44.12% Mean: 49.64% (+/- 6.08%)
Fold: 9 of 10 Acc: 70.59% Mean: 51.97% (+/- 8.73%)
Fold: 10 of 10 Acc: 44.12% Mean: 51.18% (+/- 8.61%)
Model Type: ResNet152V2
Fold: 1 of 10 Acc: 57.14% Mean: 57.14% (+/- 0.00%)
Fold: 2 of 10 Acc: 42.86% Mean: 50.00% (+/- 7.14%)
Fold: 3 of 10 Acc: 52.94% Mean: 50.98% (+/- 5.99%)
Fold: 4 of 10 Acc: 44.12% Mean: 49.26% (+/- 5.98%)
Fold: 5 of 10 Acc: 55.88% Mean: 50.59% (+/- 5.97%)
Fold: 6 of 10 Acc: 50.00% Mean: 50.49% (+/- 5.45%)
Fold: 7 of 10 Acc: 55.88% Mean: 51.26% (+/- 5.39%)
Fold: 8 of 10 Acc: 38.24% Mean: 49.63% (+/- 6.63%)
Fold: 9 of 10 Acc: 67.65% Mean: 51.63% (+/- 8.43%)
Fold: 10 of 10 Acc: 47.06% Mean: 51.18% (+/- 8.12%)
Model Type: InceptionV3
Fold: 1 of 10 Acc: 51.43% Mean: 51.43% (+/- 0.00%)
Fold: 2 of 10 Acc: 45.71% Mean: 48.57% (+/- 2.86%)
Fold: 3 of 10 Acc: 41.18% Mean: 46.11% (+/- 4.19%)
Fold: 4 of 10 Acc: 61.76% Mean: 50.02% (+/- 7.69%)
Fold: 5 of 10 Acc: 52.94% Mean: 50.61% (+/- 6.98%)
Fold: 6 of 10 Acc: 52.94% Mean: 50.99% (+/- 6.43%)
Fold: 7 of 10 Acc: 47.06% Mean: 50.43% (+/- 6.11%)
Fold: 8 of 10 Acc: 44.12% Mean: 49.64% (+/- 6.08%)
Fold: 9 of 10 Acc: 70.59% Mean: 51.97% (+/- 8.73%)
Fold: 10 of 10 Acc: 44.12% Mean: 51.18% (+/- 8.61%)
Model Type: InceptionResNetV2
Fold: 1 of 10 Acc: 57.14% Mean: 57.14% (+/- 0.00%)
Fold: 2 of 10 Acc: 42.86% Mean: 50.00% (+/- 7.14%)
Fold: 3 of 10 Acc: 52.94% Mean: 50.98% (+/- 5.99%)
Fold: 4 of 10 Acc: 44.12% Mean: 49.26% (+/- 5.98%)
Fold: 5 of 10 Acc: 55.88% Mean: 50.59% (+/- 5.97%)
Fold: 6 of 10 Acc: 50.00% Mean: 50.49% (+/- 5.45%)
Fold: 7 of 10 Acc: 55.88% Mean: 51.26% (+/- 5.39%)
Fold: 8 of 10 Acc: 38.24% Mean: 49.63% (+/- 6.63%)
Fold: 9 of 10 Acc: 67.65% Mean: 51.63% (+/- 8.43%)
Fold: 10 of 10 Acc: 47.06% Mean: 51.18% (+/- 8.12%)
Model Type: MobileNet
Fold: 1 of 10 Acc: 51.43% Mean: 51.43% (+/- 0.00%)
Fold: 2 of 10 Acc: 45.71% Mean: 48.57% (+/- 2.86%)
Fold: 3 of 10 Acc: 41.18% Mean: 46.11% (+/- 4.19%)
Fold: 4 of 10 Acc: 61.76% Mean: 50.02% (+/- 7.69%)
Fold: 5 of 10 Acc: 52.94% Mean: 50.61% (+/- 6.98%)
Fold: 6 of 10 Acc: 55.88% Mean: 51.48% (+/- 6.67%)
Fold: 7 of 10 Acc: 47.06% Mean: 50.85% (+/- 6.36%)
Fold: 8 of 10 Acc: 44.12% Mean: 50.01% (+/- 6.36%)
Fold: 9 of 10 Acc: 70.59% Mean: 52.30% (+/- 8.82%)
Fold: 10 of 10 Acc: 44.12% Mean: 51.48% (+/- 8.72%)
Model Type: DenseNet121
Fold: 1 of 10 Acc: 51.43% Mean: 51.43% (+/- 0.00%)
Fold: 2 of 10 Acc: 45.71% Mean: 48.57% (+/- 2.86%)
Fold: 3 of 10 Acc: 41.18% Mean: 46.11% (+/- 4.19%)
Fold: 4 of 10 Acc: 61.76% Mean: 50.02% (+/- 7.69%)
Fold: 5 of 10 Acc: 52.94% Mean: 50.61% (+/- 6.98%)
Fold: 6 of 10 Acc: 52.94% Mean: 50.99% (+/- 6.43%)
Fold: 7 of 10 Acc: 47.06% Mean: 50.43% (+/- 6.11%)
Fold: 8 of 10 Acc: 44.12% Mean: 49.64% (+/- 6.08%)
Fold: 9 of 10 Acc: 70.59% Mean: 51.97% (+/- 8.73%)
Fold: 10 of 10 Acc: 44.12% Mean: 51.18% (+/- 8.61%)
Model Type: DenseNet169
Fold: 1 of 10 Acc: 48.57% Mean: 48.57% (+/- 0.00%)
Fold: 2 of 10 Acc: 57.14% Mean: 52.86% (+/- 4.29%)
Fold: 3 of 10 Acc: 47.06% Mean: 50.92% (+/- 4.44%)
Fold: 4 of 10 Acc: 61.76% Mean: 53.63% (+/- 6.07%)
Fold: 5 of 10 Acc: 50.00% Mean: 52.91% (+/- 5.62%)
Fold: 6 of 10 Acc: 47.06% Mean: 51.93% (+/- 5.57%)
Fold: 7 of 10 Acc: 50.00% Mean: 51.66% (+/- 5.20%)
Fold: 8 of 10 Acc: 38.24% Mean: 49.98% (+/- 6.59%)
Fold: 9 of 10 Acc: 67.65% Mean: 51.94% (+/- 8.33%)
Fold: 10 of 10 Acc: 47.06% Mean: 51.45% (+/- 8.04%)
Model Type: DenseNet201
Fold: 1 of 10 Acc: 34.29% Mean: 34.29% (+/- 0.00%)
Fold: 2 of 10 Acc: 28.57% Mean: 31.43% (+/- 2.86%)
Fold: 3 of 10 Acc: 47.06% Mean: 36.64% (+/- 7.73%)
Fold: 4 of 10 Acc: 50.00% Mean: 39.98% (+/- 8.85%)
Fold: 5 of 10 Acc: 61.76% Mean: 44.34% (+/- 11.77%)
Fold: 6 of 10 Acc: 50.00% Mean: 45.28% (+/- 10.95%)
Fold: 7 of 10 Acc: 52.94% Mean: 46.37% (+/- 10.49%)
Fold: 8 of 10 Acc: 44.12% Mean: 46.09% (+/- 9.84%)
Fold: 9 of 10 Acc: 67.65% Mean: 48.49% (+/- 11.49%)
Fold: 10 of 10 Acc: 47.06% Mean: 48.34% (+/- 10.90%)
Model Type: NASNetMobile
Fold: 1 of 10 Acc: 48.57% Mean: 48.57% (+/- 0.00%)
Fold: 2 of 10 Acc: 45.71% Mean: 47.14% (+/- 1.43%)
Fold: 3 of 10 Acc: 64.71% Mean: 53.00% (+/- 8.36%)
Fold: 4 of 10 Acc: 61.76% Mean: 55.19% (+/- 8.18%)
Fold: 5 of 10 Acc: 44.12% Mean: 52.97% (+/- 8.55%)
Fold: 6 of 10 Acc: 47.06% Mean: 51.99% (+/- 8.11%)
Fold: 7 of 10 Acc: 47.06% Mean: 51.28% (+/- 7.70%)
Fold: 8 of 10 Acc: 44.12% Mean: 50.39% (+/- 7.59%)
Fold: 9 of 10 Acc: 70.59% Mean: 52.63% (+/- 9.56%)
Fold: 10 of 10 Acc: 44.12% Mean: 51.78% (+/- 9.43%)
Model Type: MobileNetV2
Fold: 1 of 10 Acc: 48.57% Mean: 48.57% (+/- 0.00%)
Fold: 2 of 10 Acc: 45.71% Mean: 47.14% (+/- 1.43%)
Fold: 3 of 10 Acc: 41.18% Mean: 45.15% (+/- 3.04%)
Fold: 4 of 10 Acc: 61.76% Mean: 49.31% (+/- 7.66%)
Fold: 5 of 10 Acc: 52.94% Mean: 50.03% (+/- 7.00%)
Fold: 6 of 10 Acc: 52.94% Mean: 50.52% (+/- 6.49%)
Fold: 7 of 10 Acc: 47.06% Mean: 50.02% (+/- 6.13%)
Fold: 8 of 10 Acc: 44.12% Mean: 49.29% (+/- 6.05%)
Fold: 9 of 10 Acc: 70.59% Mean: 51.65% (+/- 8.80%)
Fold: 10 of 10 Acc: 44.12% Mean: 50.90% (+/- 8.65%)
