Machine: PRECISION
Date: 23/12/2022 Time: 23:11:28
Alternative Dense Layer: False
Pooling Application Layer: avg
Data Augmentation: False
Data Augmentation Multiplier: 1
Fine Tuning: False
Optimizer: rmsprop

Model Type: Xception
Fold: 1 of 10 Acc: 80.00% Mean: 80.00% (+/- 0.00%)
Fold: 2 of 10 Acc: 80.00% Mean: 80.00% (+/- 0.00%)
Fold: 3 of 10 Acc: 85.29% Mean: 81.76% (+/- 2.50%)
Fold: 4 of 10 Acc: 91.18% Mean: 84.12% (+/- 4.61%)
Fold: 5 of 10 Acc: 85.29% Mean: 84.35% (+/- 4.15%)
Fold: 6 of 10 Acc: 91.18% Mean: 85.49% (+/- 4.56%)
Fold: 7 of 10 Acc: 79.41% Mean: 84.62% (+/- 4.73%)
Fold: 8 of 10 Acc: 82.35% Mean: 84.34% (+/- 4.49%)
Fold: 9 of 10 Acc: 88.24% Mean: 84.77% (+/- 4.41%)
Fold: 10 of 10 Acc: 73.53% Mean: 83.65% (+/- 5.37%)
Model Type: VGG16
Fold: 1 of 10 Acc: 85.71% Mean: 85.71% (+/- 0.00%)
Fold: 2 of 10 Acc: 82.86% Mean: 84.29% (+/- 1.43%)
Fold: 3 of 10 Acc: 73.53% Mean: 80.70% (+/- 5.20%)
Fold: 4 of 10 Acc: 67.65% Mean: 77.44% (+/- 7.23%)
Fold: 5 of 10 Acc: 85.29% Mean: 79.01% (+/- 7.19%)
Fold: 6 of 10 Acc: 73.53% Mean: 78.10% (+/- 6.87%)
Fold: 7 of 10 Acc: 73.53% Mean: 77.44% (+/- 6.56%)
Fold: 8 of 10 Acc: 82.35% Mean: 78.06% (+/- 6.35%)
Fold: 9 of 10 Acc: 79.41% Mean: 78.21% (+/- 6.00%)
Fold: 10 of 10 Acc: 64.71% Mean: 76.86% (+/- 6.99%)
Model Type: VGG19
Fold: 1 of 10 Acc: 85.71% Mean: 85.71% (+/- 0.00%)
Fold: 2 of 10 Acc: 82.86% Mean: 84.29% (+/- 1.43%)
Fold: 3 of 10 Acc: 82.35% Mean: 83.64% (+/- 1.48%)
Fold: 4 of 10 Acc: 82.35% Mean: 83.32% (+/- 1.40%)
Fold: 5 of 10 Acc: 82.35% Mean: 83.13% (+/- 1.31%)
Fold: 6 of 10 Acc: 61.76% Mean: 79.57% (+/- 8.05%)
Fold: 7 of 10 Acc: 70.59% Mean: 78.28% (+/- 8.09%)
Fold: 8 of 10 Acc: 76.47% Mean: 78.06% (+/- 7.59%)
Fold: 9 of 10 Acc: 82.35% Mean: 78.53% (+/- 7.28%)
Fold: 10 of 10 Acc: 67.65% Mean: 77.45% (+/- 7.64%)
Model Type: ResNet50
Fold: 1 of 10 Acc: 82.86% Mean: 82.86% (+/- 0.00%)
Fold: 2 of 10 Acc: 94.29% Mean: 88.57% (+/- 5.71%)
Fold: 3 of 10 Acc: 91.18% Mean: 89.44% (+/- 4.82%)
Fold: 4 of 10 Acc: 85.29% Mean: 88.40% (+/- 4.55%)
Fold: 5 of 10 Acc: 88.24% Mean: 88.37% (+/- 4.07%)
Fold: 6 of 10 Acc: 88.24% Mean: 88.35% (+/- 3.71%)
Fold: 7 of 10 Acc: 85.29% Mean: 87.91% (+/- 3.60%)
Fold: 8 of 10 Acc: 82.35% Mean: 87.22% (+/- 3.84%)
Fold: 9 of 10 Acc: 88.24% Mean: 87.33% (+/- 3.63%)
Fold: 10 of 10 Acc: 85.29% Mean: 87.13% (+/- 3.50%)
Model Type: ResNet101
Fold: 1 of 10 Acc: 85.71% Mean: 85.71% (+/- 0.00%)
Fold: 2 of 10 Acc: 94.29% Mean: 90.00% (+/- 4.29%)
Fold: 3 of 10 Acc: 88.24% Mean: 89.41% (+/- 3.60%)
Fold: 4 of 10 Acc: 94.12% Mean: 90.59% (+/- 3.72%)
Fold: 5 of 10 Acc: 91.18% Mean: 90.71% (+/- 3.34%)
Fold: 6 of 10 Acc: 88.24% Mean: 90.29% (+/- 3.18%)
Fold: 7 of 10 Acc: 82.35% Mean: 89.16% (+/- 4.05%)
Fold: 8 of 10 Acc: 88.24% Mean: 89.04% (+/- 3.80%)
Fold: 9 of 10 Acc: 94.12% Mean: 89.61% (+/- 3.92%)
Fold: 10 of 10 Acc: 76.47% Mean: 88.29% (+/- 5.42%)
Model Type: ResNet152
Fold: 1 of 10 Acc: 82.86% Mean: 82.86% (+/- 0.00%)
Fold: 2 of 10 Acc: 94.29% Mean: 88.57% (+/- 5.71%)
Fold: 3 of 10 Acc: 97.06% Mean: 91.40% (+/- 6.15%)
Fold: 4 of 10 Acc: 91.18% Mean: 91.34% (+/- 5.32%)
Fold: 5 of 10 Acc: 85.29% Mean: 90.13% (+/- 5.34%)
Fold: 6 of 10 Acc: 85.29% Mean: 89.33% (+/- 5.20%)
Fold: 7 of 10 Acc: 85.29% Mean: 88.75% (+/- 5.02%)
Fold: 8 of 10 Acc: 85.29% Mean: 88.32% (+/- 4.83%)
Fold: 9 of 10 Acc: 88.24% Mean: 88.31% (+/- 4.55%)
Fold: 10 of 10 Acc: 82.35% Mean: 87.71% (+/- 4.67%)
Model Type: ResNet50V2
Fold: 1 of 10 Acc: 82.86% Mean: 82.86% (+/- 0.00%)
Fold: 2 of 10 Acc: 85.71% Mean: 84.29% (+/- 1.43%)
Fold: 3 of 10 Acc: 91.18% Mean: 86.58% (+/- 3.45%)
Fold: 4 of 10 Acc: 94.12% Mean: 88.47% (+/- 4.42%)
Fold: 5 of 10 Acc: 82.35% Mean: 87.24% (+/- 4.65%)
Fold: 6 of 10 Acc: 82.35% Mean: 86.43% (+/- 4.62%)
Fold: 7 of 10 Acc: 85.29% Mean: 86.27% (+/- 4.30%)
Fold: 8 of 10 Acc: 85.29% Mean: 86.14% (+/- 4.03%)
Fold: 9 of 10 Acc: 85.29% Mean: 86.05% (+/- 3.81%)
Fold: 10 of 10 Acc: 79.41% Mean: 85.39% (+/- 4.13%)
Model Type: ResNet101V2
Fold: 1 of 10 Acc: 91.43% Mean: 91.43% (+/- 0.00%)
Fold: 2 of 10 Acc: 91.43% Mean: 91.43% (+/- 0.00%)
Fold: 3 of 10 Acc: 85.29% Mean: 89.38% (+/- 2.89%)
Fold: 4 of 10 Acc: 94.12% Mean: 90.57% (+/- 3.24%)
Fold: 5 of 10 Acc: 91.18% Mean: 90.69% (+/- 2.90%)
Fold: 6 of 10 Acc: 82.35% Mean: 89.30% (+/- 4.08%)
Fold: 7 of 10 Acc: 70.59% Mean: 86.63% (+/- 7.56%)
Fold: 8 of 10 Acc: 88.24% Mean: 86.83% (+/- 7.09%)
Fold: 9 of 10 Acc: 94.12% Mean: 87.64% (+/- 7.07%)
Fold: 10 of 10 Acc: 85.29% Mean: 87.40% (+/- 6.74%)
Model Type: ResNet152V2
Fold: 1 of 10 Acc: 88.57% Mean: 88.57% (+/- 0.00%)
Fold: 2 of 10 Acc: 91.43% Mean: 90.00% (+/- 1.43%)
Fold: 3 of 10 Acc: 88.24% Mean: 89.41% (+/- 1.43%)
Fold: 4 of 10 Acc: 91.18% Mean: 89.85% (+/- 1.46%)
Fold: 5 of 10 Acc: 91.18% Mean: 90.12% (+/- 1.41%)
Fold: 6 of 10 Acc: 76.47% Mean: 87.84% (+/- 5.25%)
Fold: 7 of 10 Acc: 85.29% Mean: 87.48% (+/- 4.94%)
Fold: 8 of 10 Acc: 85.29% Mean: 87.21% (+/- 4.67%)
Fold: 9 of 10 Acc: 91.18% Mean: 87.65% (+/- 4.58%)
Fold: 10 of 10 Acc: 85.29% Mean: 87.41% (+/- 4.40%)
Model Type: InceptionV3
Fold: 1 of 10 Acc: 71.43% Mean: 71.43% (+/- 0.00%)
Fold: 2 of 10 Acc: 88.57% Mean: 80.00% (+/- 8.57%)
Fold: 3 of 10 Acc: 88.24% Mean: 82.75% (+/- 8.00%)
Fold: 4 of 10 Acc: 88.24% Mean: 84.12% (+/- 7.33%)
Fold: 5 of 10 Acc: 85.29% Mean: 84.35% (+/- 6.57%)
Fold: 6 of 10 Acc: 73.53% Mean: 82.55% (+/- 7.23%)
Fold: 7 of 10 Acc: 76.47% Mean: 81.68% (+/- 7.02%)
Fold: 8 of 10 Acc: 70.59% Mean: 80.29% (+/- 7.52%)
Fold: 9 of 10 Acc: 88.24% Mean: 81.18% (+/- 7.52%)
Fold: 10 of 10 Acc: 88.24% Mean: 81.88% (+/- 7.44%)
Model Type: InceptionResNetV2
Fold: 1 of 10 Acc: 80.00% Mean: 80.00% (+/- 0.00%)
Fold: 2 of 10 Acc: 82.86% Mean: 81.43% (+/- 1.43%)
Fold: 3 of 10 Acc: 85.29% Mean: 82.72% (+/- 2.16%)
Fold: 4 of 10 Acc: 88.24% Mean: 84.10% (+/- 3.04%)
Fold: 5 of 10 Acc: 85.29% Mean: 84.34% (+/- 2.76%)
Fold: 6 of 10 Acc: 79.41% Mean: 83.52% (+/- 3.12%)
Fold: 7 of 10 Acc: 76.47% Mean: 82.51% (+/- 3.79%)
Fold: 8 of 10 Acc: 82.35% Mean: 82.49% (+/- 3.55%)
Fold: 9 of 10 Acc: 91.18% Mean: 83.45% (+/- 4.32%)
Fold: 10 of 10 Acc: 82.35% Mean: 83.34% (+/- 4.11%)
Model Type: MobileNet
Fold: 1 of 10 Acc: 88.57% Mean: 88.57% (+/- 0.00%)
Fold: 2 of 10 Acc: 82.86% Mean: 85.71% (+/- 2.86%)
Fold: 3 of 10 Acc: 79.41% Mean: 83.61% (+/- 3.78%)
Fold: 4 of 10 Acc: 94.12% Mean: 86.24% (+/- 5.60%)
Fold: 5 of 10 Acc: 91.18% Mean: 87.23% (+/- 5.39%)
Fold: 6 of 10 Acc: 85.29% Mean: 86.90% (+/- 4.97%)
Fold: 7 of 10 Acc: 94.12% Mean: 87.94% (+/- 5.25%)
Fold: 8 of 10 Acc: 82.35% Mean: 87.24% (+/- 5.24%)
Fold: 9 of 10 Acc: 88.24% Mean: 87.35% (+/- 4.95%)
Fold: 10 of 10 Acc: 88.24% Mean: 87.44% (+/- 4.71%)
Model Type: DenseNet121
Fold: 1 of 10 Acc: 91.43% Mean: 91.43% (+/- 0.00%)
Fold: 2 of 10 Acc: 80.00% Mean: 85.71% (+/- 5.71%)
Fold: 3 of 10 Acc: 85.29% Mean: 85.57% (+/- 4.67%)
Fold: 4 of 10 Acc: 79.41% Mean: 84.03% (+/- 4.85%)
Fold: 5 of 10 Acc: 85.29% Mean: 84.29% (+/- 4.36%)
Fold: 6 of 10 Acc: 70.59% Mean: 82.00% (+/- 6.47%)
Fold: 7 of 10 Acc: 67.65% Mean: 79.95% (+/- 7.82%)
Fold: 8 of 10 Acc: 76.47% Mean: 79.52% (+/- 7.41%)
Fold: 9 of 10 Acc: 88.24% Mean: 80.49% (+/- 7.50%)
Fold: 10 of 10 Acc: 91.18% Mean: 81.55% (+/- 7.81%)
Model Type: DenseNet169
Fold: 1 of 10 Acc: 88.57% Mean: 88.57% (+/- 0.00%)
Fold: 2 of 10 Acc: 94.29% Mean: 91.43% (+/- 2.86%)
Fold: 3 of 10 Acc: 88.24% Mean: 90.36% (+/- 2.78%)
Fold: 4 of 10 Acc: 88.24% Mean: 89.83% (+/- 2.58%)
Fold: 5 of 10 Acc: 76.47% Mean: 87.16% (+/- 5.82%)
Fold: 6 of 10 Acc: 73.53% Mean: 84.89% (+/- 7.35%)
Fold: 7 of 10 Acc: 82.35% Mean: 84.53% (+/- 6.86%)
Fold: 8 of 10 Acc: 79.41% Mean: 83.89% (+/- 6.64%)
Fold: 9 of 10 Acc: 85.29% Mean: 84.04% (+/- 6.27%)
Fold: 10 of 10 Acc: 82.35% Mean: 83.87% (+/- 5.97%)
Model Type: DenseNet201
Fold: 1 of 10 Acc: 94.29% Mean: 94.29% (+/- 0.00%)
Fold: 2 of 10 Acc: 88.57% Mean: 91.43% (+/- 2.86%)
Fold: 3 of 10 Acc: 88.24% Mean: 90.36% (+/- 2.78%)
Fold: 4 of 10 Acc: 88.24% Mean: 89.83% (+/- 2.58%)
Fold: 5 of 10 Acc: 73.53% Mean: 86.57% (+/- 6.92%)
Fold: 6 of 10 Acc: 76.47% Mean: 84.89% (+/- 7.35%)
Fold: 7 of 10 Acc: 76.47% Mean: 83.69% (+/- 7.42%)
Fold: 8 of 10 Acc: 79.41% Mean: 83.15% (+/- 7.08%)
Fold: 9 of 10 Acc: 88.24% Mean: 83.72% (+/- 6.86%)
Fold: 10 of 10 Acc: 85.29% Mean: 83.87% (+/- 6.53%)
Model Type: NASNetMobile
Fold: 1 of 10 Acc: 74.29% Mean: 74.29% (+/- 0.00%)
Fold: 2 of 10 Acc: 77.14% Mean: 75.71% (+/- 1.43%)
Fold: 3 of 10 Acc: 82.35% Mean: 77.93% (+/- 3.34%)
Fold: 4 of 10 Acc: 85.29% Mean: 79.77% (+/- 4.31%)
Fold: 5 of 10 Acc: 67.65% Mean: 77.34% (+/- 6.19%)
Fold: 6 of 10 Acc: 61.76% Mean: 74.75% (+/- 8.10%)
Fold: 7 of 10 Acc: 79.41% Mean: 75.41% (+/- 7.68%)
Fold: 8 of 10 Acc: 82.35% Mean: 76.28% (+/- 7.54%)
Fold: 9 of 10 Acc: 76.47% Mean: 76.30% (+/- 7.11%)
Fold: 10 of 10 Acc: 73.53% Mean: 76.03% (+/- 6.79%)
Model Type: MobileNetV2
Fold: 1 of 10 Acc: 88.57% Mean: 88.57% (+/- 0.00%)
Fold: 2 of 10 Acc: 91.43% Mean: 90.00% (+/- 1.43%)
Fold: 3 of 10 Acc: 94.12% Mean: 91.37% (+/- 2.26%)
Fold: 4 of 10 Acc: 85.29% Mean: 89.85% (+/- 3.28%)
Fold: 5 of 10 Acc: 88.24% Mean: 89.53% (+/- 3.01%)
Fold: 6 of 10 Acc: 88.24% Mean: 89.31% (+/- 2.79%)
Fold: 7 of 10 Acc: 85.29% Mean: 88.74% (+/- 2.94%)
Fold: 8 of 10 Acc: 73.53% Mean: 86.84% (+/- 5.73%)
Fold: 9 of 10 Acc: 94.12% Mean: 87.65% (+/- 5.87%)
Fold: 10 of 10 Acc: 94.12% Mean: 88.29% (+/- 5.90%)
Model Type: EfficientNetB0
Fold: 1 of 10 Acc: 94.29% Mean: 94.29% (+/- 0.00%)
Fold: 2 of 10 Acc: 85.71% Mean: 90.00% (+/- 4.29%)
Fold: 3 of 10 Acc: 82.35% Mean: 87.45% (+/- 5.02%)
Fold: 4 of 10 Acc: 91.18% Mean: 88.38% (+/- 4.64%)
Fold: 5 of 10 Acc: 88.24% Mean: 88.35% (+/- 4.15%)
Fold: 6 of 10 Acc: 88.24% Mean: 88.33% (+/- 3.79%)
Fold: 7 of 10 Acc: 82.35% Mean: 87.48% (+/- 4.09%)
Fold: 8 of 10 Acc: 79.41% Mean: 86.47% (+/- 4.66%)
Fold: 9 of 10 Acc: 85.29% Mean: 86.34% (+/- 4.41%)
Fold: 10 of 10 Acc: 91.18% Mean: 86.82% (+/- 4.43%)
Model Type: EfficientNetB1
Fold: 1 of 10 Acc: 85.71% Mean: 85.71% (+/- 0.00%)
Fold: 2 of 10 Acc: 80.00% Mean: 82.86% (+/- 2.86%)
Fold: 3 of 10 Acc: 85.29% Mean: 83.67% (+/- 2.60%)
Fold: 4 of 10 Acc: 91.18% Mean: 85.55% (+/- 3.95%)
Fold: 5 of 10 Acc: 79.41% Mean: 84.32% (+/- 4.30%)
Fold: 6 of 10 Acc: 79.41% Mean: 83.50% (+/- 4.33%)
Fold: 7 of 10 Acc: 85.29% Mean: 83.76% (+/- 4.06%)
Fold: 8 of 10 Acc: 76.47% Mean: 82.85% (+/- 4.50%)
Fold: 9 of 10 Acc: 91.18% Mean: 83.77% (+/- 4.98%)
Fold: 10 of 10 Acc: 88.24% Mean: 84.22% (+/- 4.91%)
Model Type: EfficientNetB2
Fold: 1 of 10 Acc: 88.57% Mean: 88.57% (+/- 0.00%)
Fold: 2 of 10 Acc: 85.71% Mean: 87.14% (+/- 1.43%)
Fold: 3 of 10 Acc: 85.29% Mean: 86.53% (+/- 1.46%)
Fold: 4 of 10 Acc: 76.47% Mean: 84.01% (+/- 4.53%)
Fold: 5 of 10 Acc: 76.47% Mean: 82.50% (+/- 5.05%)
Fold: 6 of 10 Acc: 88.24% Mean: 83.46% (+/- 5.08%)
Fold: 7 of 10 Acc: 76.47% Mean: 82.46% (+/- 5.30%)
Fold: 8 of 10 Acc: 76.47% Mean: 81.71% (+/- 5.34%)
Fold: 9 of 10 Acc: 91.18% Mean: 82.76% (+/- 5.85%)
Fold: 10 of 10 Acc: 85.29% Mean: 83.02% (+/- 5.60%)
Model Type: EfficientNetB3
Fold: 1 of 10 Acc: 85.71% Mean: 85.71% (+/- 0.00%)
Fold: 2 of 10 Acc: 82.86% Mean: 84.29% (+/- 1.43%)
Fold: 3 of 10 Acc: 82.35% Mean: 83.64% (+/- 1.48%)
Fold: 4 of 10 Acc: 91.18% Mean: 85.53% (+/- 3.51%)
Fold: 5 of 10 Acc: 88.24% Mean: 86.07% (+/- 3.32%)
Fold: 6 of 10 Acc: 85.29% Mean: 85.94% (+/- 3.04%)
Fold: 7 of 10 Acc: 76.47% Mean: 84.59% (+/- 4.35%)
Fold: 8 of 10 Acc: 67.65% Mean: 82.47% (+/- 6.92%)
Fold: 9 of 10 Acc: 91.18% Mean: 83.44% (+/- 7.08%)
Fold: 10 of 10 Acc: 79.41% Mean: 83.03% (+/- 6.82%)
Model Type: EfficientNetB4
Fold: 1 of 10 Acc: 88.57% Mean: 88.57% (+/- 0.00%)
Fold: 2 of 10 Acc: 88.57% Mean: 88.57% (+/- 0.00%)
Fold: 3 of 10 Acc: 79.41% Mean: 85.52% (+/- 4.32%)
Fold: 4 of 10 Acc: 91.18% Mean: 86.93% (+/- 4.47%)
Fold: 5 of 10 Acc: 85.29% Mean: 86.61% (+/- 4.05%)
Fold: 6 of 10 Acc: 88.24% Mean: 86.88% (+/- 3.75%)
Fold: 7 of 10 Acc: 70.59% Mean: 84.55% (+/- 6.67%)
Fold: 8 of 10 Acc: 76.47% Mean: 83.54% (+/- 6.79%)
Fold: 9 of 10 Acc: 94.12% Mean: 84.72% (+/- 7.21%)
Fold: 10 of 10 Acc: 82.35% Mean: 84.48% (+/- 6.88%)
Model Type: EfficientNetB5
Fold: 1 of 10 Acc: 85.71% Mean: 85.71% (+/- 0.00%)
Fold: 2 of 10 Acc: 82.86% Mean: 84.29% (+/- 1.43%)
Fold: 3 of 10 Acc: 82.35% Mean: 83.64% (+/- 1.48%)
Fold: 4 of 10 Acc: 91.18% Mean: 85.53% (+/- 3.51%)
Fold: 5 of 10 Acc: 76.47% Mean: 83.71% (+/- 4.79%)
Fold: 6 of 10 Acc: 79.41% Mean: 83.00% (+/- 4.66%)
Fold: 7 of 10 Acc: 73.53% Mean: 81.64% (+/- 5.44%)
Fold: 8 of 10 Acc: 70.59% Mean: 80.26% (+/- 6.26%)
Fold: 9 of 10 Acc: 88.24% Mean: 81.15% (+/- 6.42%)
Fold: 10 of 10 Acc: 82.35% Mean: 81.27% (+/- 6.10%)
Model Type: EfficientNetB6
Fold: 1 of 10 Acc: 85.71% Mean: 85.71% (+/- 0.00%)
Fold: 2 of 10 Acc: 85.71% Mean: 85.71% (+/- 0.00%)
Fold: 3 of 10 Acc: 85.29% Mean: 85.57% (+/- 0.20%)
Fold: 4 of 10 Acc: 85.29% Mean: 85.50% (+/- 0.21%)
Fold: 5 of 10 Acc: 76.47% Mean: 83.70% (+/- 3.62%)
Fold: 6 of 10 Acc: 82.35% Mean: 83.47% (+/- 3.34%)
Fold: 7 of 10 Acc: 79.41% Mean: 82.89% (+/- 3.40%)
Fold: 8 of 10 Acc: 73.53% Mean: 81.72% (+/- 4.44%)
Fold: 9 of 10 Acc: 82.35% Mean: 81.79% (+/- 4.19%)
Fold: 10 of 10 Acc: 82.35% Mean: 81.85% (+/- 3.98%)
Model Type: EfficientNetB7
Fold: 1 of 10 Acc: 85.71% Mean: 85.71% (+/- 0.00%)
Fold: 2 of 10 Acc: 88.57% Mean: 87.14% (+/- 1.43%)
Fold: 3 of 10 Acc: 82.35% Mean: 85.55% (+/- 2.54%)
Fold: 4 of 10 Acc: 91.18% Mean: 86.95% (+/- 3.28%)
Fold: 5 of 10 Acc: 79.41% Mean: 85.45% (+/- 4.21%)
Fold: 6 of 10 Acc: 85.29% Mean: 85.42% (+/- 3.84%)
Fold: 7 of 10 Acc: 82.35% Mean: 84.98% (+/- 3.72%)
Fold: 8 of 10 Acc: 73.53% Mean: 83.55% (+/- 5.14%)
Fold: 9 of 10 Acc: 85.29% Mean: 83.74% (+/- 4.88%)
Fold: 10 of 10 Acc: 91.18% Mean: 84.49% (+/- 5.14%)
