Machine: SNOOPY
Date: 26/12/2022 Time: 23:49:07
Alternative Dense Layer: False
Pooling Application Layer: avg
Data Augmentation: False
Data Augmentation Multiplier: 1
Fine Tuning: False
Multi Optimizer: False
Optimizer: RMSprop
Batch Size: 16

Model Type: Xception
Fold: 1 of 50 Acc: 80.00% Mean: 80.00% (+/- 0.00%)
Fold: 2 of 50 Acc: 85.71% Mean: 82.86% (+/- 2.86%)
Fold: 3 of 50 Acc: 82.35% Mean: 82.69% (+/- 2.34%)
Fold: 4 of 50 Acc: 91.18% Mean: 84.81% (+/- 4.20%)
Fold: 5 of 50 Acc: 85.29% Mean: 84.91% (+/- 3.76%)
Fold: 6 of 50 Acc: 97.06% Mean: 86.93% (+/- 5.68%)
Fold: 7 of 50 Acc: 91.18% Mean: 87.54% (+/- 5.47%)
Fold: 8 of 50 Acc: 82.35% Mean: 86.89% (+/- 5.39%)
Fold: 9 of 50 Acc: 88.24% Mean: 87.04% (+/- 5.10%)
Fold: 10 of 50 Acc: 85.29% Mean: 86.87% (+/- 4.87%)
Fold: 11 of 50 Acc: 88.57% Mean: 87.02% (+/- 4.67%)
Fold: 12 of 50 Acc: 88.57% Mean: 87.15% (+/- 4.49%)
Fold: 13 of 50 Acc: 82.35% Mean: 86.78% (+/- 4.50%)
Fold: 14 of 50 Acc: 94.12% Mean: 87.30% (+/- 4.73%)
Fold: 15 of 50 Acc: 88.24% Mean: 87.37% (+/- 4.57%)
Fold: 16 of 50 Acc: 88.24% Mean: 87.42% (+/- 4.43%)
Fold: 17 of 50 Acc: 85.29% Mean: 87.30% (+/- 4.33%)
Fold: 18 of 50 Acc: 82.35% Mean: 87.02% (+/- 4.36%)
Fold: 19 of 50 Acc: 88.24% Mean: 87.09% (+/- 4.25%)
Fold: 20 of 50 Acc: 91.18% Mean: 87.29% (+/- 4.24%)
Fold: 21 of 50 Acc: 85.71% Mean: 87.21% (+/- 4.15%)
Fold: 22 of 50 Acc: 82.86% Mean: 87.02% (+/- 4.15%)
Fold: 23 of 50 Acc: 88.24% Mean: 87.07% (+/- 4.07%)
Fold: 24 of 50 Acc: 82.35% Mean: 86.87% (+/- 4.10%)
Fold: 25 of 50 Acc: 85.29% Mean: 86.81% (+/- 4.02%)
Fold: 26 of 50 Acc: 88.24% Mean: 86.86% (+/- 3.96%)
Fold: 27 of 50 Acc: 85.29% Mean: 86.81% (+/- 3.89%)
Fold: 28 of 50 Acc: 91.18% Mean: 86.96% (+/- 3.91%)
Fold: 29 of 50 Acc: 82.35% Mean: 86.80% (+/- 3.93%)
Fold: 30 of 50 Acc: 88.24% Mean: 86.85% (+/- 3.87%)
Fold: 31 of 50 Acc: 82.86% Mean: 86.72% (+/- 3.88%)
Fold: 32 of 50 Acc: 94.29% Mean: 86.96% (+/- 4.04%)
Fold: 33 of 50 Acc: 85.29% Mean: 86.91% (+/- 3.98%)
Fold: 34 of 50 Acc: 82.35% Mean: 86.77% (+/- 4.00%)
Fold: 35 of 50 Acc: 88.24% Mean: 86.82% (+/- 3.95%)
Fold: 36 of 50 Acc: 85.29% Mean: 86.77% (+/- 3.90%)
Fold: 37 of 50 Acc: 82.35% Mean: 86.65% (+/- 3.92%)
Fold: 38 of 50 Acc: 91.18% Mean: 86.77% (+/- 3.93%)
Fold: 39 of 50 Acc: 85.29% Mean: 86.74% (+/- 3.89%)
Fold: 40 of 50 Acc: 94.12% Mean: 86.92% (+/- 4.01%)
Fold: 41 of 50 Acc: 80.00% Mean: 86.75% (+/- 4.10%)
Fold: 42 of 50 Acc: 94.29% Mean: 86.93% (+/- 4.21%)
Fold: 43 of 50 Acc: 85.29% Mean: 86.89% (+/- 4.17%)
Fold: 44 of 50 Acc: 85.29% Mean: 86.86% (+/- 4.13%)
Fold: 45 of 50 Acc: 88.24% Mean: 86.89% (+/- 4.09%)
Fold: 46 of 50 Acc: 88.24% Mean: 86.92% (+/- 4.05%)
Fold: 47 of 50 Acc: 91.18% Mean: 87.01% (+/- 4.05%)
Fold: 48 of 50 Acc: 88.24% Mean: 87.03% (+/- 4.01%)
Fold: 49 of 50 Acc: 85.29% Mean: 87.00% (+/- 3.98%)
Fold: 50 of 50 Acc: 97.06% Mean: 87.20% (+/- 4.18%)
Model Type: VGG16
Fold: 1 of 50 Acc: 85.71% Mean: 85.71% (+/- 0.00%)
Fold: 2 of 50 Acc: 91.43% Mean: 88.57% (+/- 2.86%)
Fold: 3 of 50 Acc: 88.24% Mean: 88.46% (+/- 2.34%)
Fold: 4 of 50 Acc: 85.29% Mean: 87.67% (+/- 2.45%)
Fold: 5 of 50 Acc: 91.18% Mean: 88.37% (+/- 2.60%)
Fold: 6 of 50 Acc: 82.35% Mean: 87.37% (+/- 3.26%)
Fold: 7 of 50 Acc: 82.35% Mean: 86.65% (+/- 3.49%)
Fold: 8 of 50 Acc: 82.35% Mean: 86.11% (+/- 3.56%)
Fold: 9 of 50 Acc: 82.35% Mean: 85.70% (+/- 3.56%)
Fold: 10 of 50 Acc: 79.41% Mean: 85.07% (+/- 3.87%)
Fold: 11 of 50 Acc: 82.86% Mean: 84.87% (+/- 3.74%)
Fold: 12 of 50 Acc: 85.71% Mean: 84.94% (+/- 3.59%)
Fold: 13 of 50 Acc: 91.18% Mean: 85.42% (+/- 3.83%)
Fold: 14 of 50 Acc: 94.12% Mean: 86.04% (+/- 4.32%)
Fold: 15 of 50 Acc: 82.35% Mean: 85.79% (+/- 4.27%)
Fold: 16 of 50 Acc: 85.29% Mean: 85.76% (+/- 4.14%)
Fold: 17 of 50 Acc: 91.18% Mean: 86.08% (+/- 4.21%)
Fold: 18 of 50 Acc: 76.47% Mean: 85.55% (+/- 4.65%)
Fold: 19 of 50 Acc: 82.35% Mean: 85.38% (+/- 4.58%)
Fold: 20 of 50 Acc: 76.47% Mean: 84.93% (+/- 4.87%)
Fold: 21 of 50 Acc: 91.43% Mean: 85.24% (+/- 4.95%)
Fold: 22 of 50 Acc: 85.71% Mean: 85.26% (+/- 4.83%)
Fold: 23 of 50 Acc: 79.41% Mean: 85.01% (+/- 4.88%)
Fold: 24 of 50 Acc: 88.24% Mean: 85.14% (+/- 4.82%)
Fold: 25 of 50 Acc: 79.41% Mean: 84.91% (+/- 4.85%)
Fold: 26 of 50 Acc: 85.29% Mean: 84.93% (+/- 4.76%)
Fold: 27 of 50 Acc: 85.29% Mean: 84.94% (+/- 4.67%)
Fold: 28 of 50 Acc: 76.47% Mean: 84.64% (+/- 4.85%)
Fold: 29 of 50 Acc: 85.29% Mean: 84.66% (+/- 4.76%)
Fold: 30 of 50 Acc: 73.53% Mean: 84.29% (+/- 5.09%)
Fold: 31 of 50 Acc: 74.29% Mean: 83.97% (+/- 5.31%)
Fold: 32 of 50 Acc: 85.71% Mean: 84.02% (+/- 5.24%)
Fold: 33 of 50 Acc: 82.35% Mean: 83.97% (+/- 5.17%)
Fold: 34 of 50 Acc: 73.53% Mean: 83.67% (+/- 5.39%)
Fold: 35 of 50 Acc: 82.35% Mean: 83.63% (+/- 5.31%)
Fold: 36 of 50 Acc: 88.24% Mean: 83.76% (+/- 5.29%)
Fold: 37 of 50 Acc: 82.35% Mean: 83.72% (+/- 5.23%)
Fold: 38 of 50 Acc: 94.12% Mean: 83.99% (+/- 5.42%)
Fold: 39 of 50 Acc: 79.41% Mean: 83.87% (+/- 5.40%)
Fold: 40 of 50 Acc: 82.35% Mean: 83.84% (+/- 5.34%)
Fold: 41 of 50 Acc: 80.00% Mean: 83.74% (+/- 5.30%)
Fold: 42 of 50 Acc: 88.57% Mean: 83.86% (+/- 5.29%)
Fold: 43 of 50 Acc: 91.18% Mean: 84.03% (+/- 5.34%)
Fold: 44 of 50 Acc: 85.29% Mean: 84.06% (+/- 5.29%)
Fold: 45 of 50 Acc: 88.24% Mean: 84.15% (+/- 5.26%)
Fold: 46 of 50 Acc: 85.29% Mean: 84.17% (+/- 5.21%)
Fold: 47 of 50 Acc: 88.24% Mean: 84.26% (+/- 5.19%)
Fold: 48 of 50 Acc: 70.59% Mean: 83.98% (+/- 5.49%)
Fold: 49 of 50 Acc: 85.29% Mean: 84.00% (+/- 5.44%)
Fold: 50 of 50 Acc: 85.29% Mean: 84.03% (+/- 5.39%)
Model Type: VGG19
Fold: 1 of 50 Acc: 80.00% Mean: 80.00% (+/- 0.00%)
Fold: 2 of 50 Acc: 88.57% Mean: 84.29% (+/- 4.29%)
Fold: 3 of 50 Acc: 82.35% Mean: 83.64% (+/- 3.62%)
Fold: 4 of 50 Acc: 82.35% Mean: 83.32% (+/- 3.18%)
Fold: 5 of 50 Acc: 73.53% Mean: 81.36% (+/- 4.84%)
Fold: 6 of 50 Acc: 79.41% Mean: 81.04% (+/- 4.48%)
Fold: 7 of 50 Acc: 82.35% Mean: 81.22% (+/- 4.17%)
Fold: 8 of 50 Acc: 73.53% Mean: 80.26% (+/- 4.66%)
Fold: 9 of 50 Acc: 79.41% Mean: 80.17% (+/- 4.40%)
Fold: 10 of 50 Acc: 82.35% Mean: 80.39% (+/- 4.23%)
Fold: 11 of 50 Acc: 80.00% Mean: 80.35% (+/- 4.03%)
Fold: 12 of 50 Acc: 85.71% Mean: 80.80% (+/- 4.13%)
Fold: 13 of 50 Acc: 88.24% Mean: 81.37% (+/- 4.44%)
Fold: 14 of 50 Acc: 91.18% Mean: 82.07% (+/- 4.97%)
Fold: 15 of 50 Acc: 79.41% Mean: 81.89% (+/- 4.84%)
Fold: 16 of 50 Acc: 79.41% Mean: 81.74% (+/- 4.73%)
Fold: 17 of 50 Acc: 79.41% Mean: 81.60% (+/- 4.62%)
Fold: 18 of 50 Acc: 82.35% Mean: 81.64% (+/- 4.49%)
Fold: 19 of 50 Acc: 85.29% Mean: 81.84% (+/- 4.45%)
Fold: 20 of 50 Acc: 79.41% Mean: 81.71% (+/- 4.37%)
Fold: 21 of 50 Acc: 88.57% Mean: 82.04% (+/- 4.51%)
Fold: 22 of 50 Acc: 82.86% Mean: 82.08% (+/- 4.41%)
Fold: 23 of 50 Acc: 70.59% Mean: 81.58% (+/- 4.90%)
Fold: 24 of 50 Acc: 85.29% Mean: 81.73% (+/- 4.86%)
Fold: 25 of 50 Acc: 82.35% Mean: 81.76% (+/- 4.76%)
Fold: 26 of 50 Acc: 82.35% Mean: 81.78% (+/- 4.67%)
Fold: 27 of 50 Acc: 79.41% Mean: 81.69% (+/- 4.61%)
Fold: 28 of 50 Acc: 85.29% Mean: 81.82% (+/- 4.57%)
Fold: 29 of 50 Acc: 67.65% Mean: 81.33% (+/- 5.18%)
Fold: 30 of 50 Acc: 82.35% Mean: 81.37% (+/- 5.10%)
Fold: 31 of 50 Acc: 74.29% Mean: 81.14% (+/- 5.17%)
Fold: 32 of 50 Acc: 88.57% Mean: 81.37% (+/- 5.25%)
Fold: 33 of 50 Acc: 82.35% Mean: 81.40% (+/- 5.17%)
Fold: 34 of 50 Acc: 76.47% Mean: 81.26% (+/- 5.16%)
Fold: 35 of 50 Acc: 82.35% Mean: 81.29% (+/- 5.09%)
Fold: 36 of 50 Acc: 82.35% Mean: 81.32% (+/- 5.02%)
Fold: 37 of 50 Acc: 79.41% Mean: 81.27% (+/- 4.97%)
Fold: 38 of 50 Acc: 94.12% Mean: 81.60% (+/- 5.31%)
Fold: 39 of 50 Acc: 79.41% Mean: 81.55% (+/- 5.26%)
Fold: 40 of 50 Acc: 91.18% Mean: 81.79% (+/- 5.40%)
Fold: 41 of 50 Acc: 82.86% Mean: 81.81% (+/- 5.34%)
Fold: 42 of 50 Acc: 77.14% Mean: 81.70% (+/- 5.32%)
Fold: 43 of 50 Acc: 91.18% Mean: 81.92% (+/- 5.45%)
Fold: 44 of 50 Acc: 79.41% Mean: 81.87% (+/- 5.40%)
Fold: 45 of 50 Acc: 73.53% Mean: 81.68% (+/- 5.48%)
Fold: 46 of 50 Acc: 85.29% Mean: 81.76% (+/- 5.45%)
Fold: 47 of 50 Acc: 91.18% Mean: 81.96% (+/- 5.56%)
Fold: 48 of 50 Acc: 67.65% Mean: 81.66% (+/- 5.87%)
Fold: 49 of 50 Acc: 88.24% Mean: 81.80% (+/- 5.88%)
Fold: 50 of 50 Acc: 94.12% Mean: 82.04% (+/- 6.07%)
Model Type: ResNet50
Fold: 1 of 50 Acc: 85.71% Mean: 85.71% (+/- 0.00%)
Fold: 2 of 50 Acc: 97.14% Mean: 91.43% (+/- 5.71%)
Fold: 3 of 50 Acc: 91.18% Mean: 91.34% (+/- 4.67%)
Fold: 4 of 50 Acc: 85.29% Mean: 89.83% (+/- 4.82%)
Fold: 5 of 50 Acc: 85.29% Mean: 88.92% (+/- 4.67%)
Fold: 6 of 50 Acc: 85.29% Mean: 88.32% (+/- 4.48%)
Fold: 7 of 50 Acc: 91.18% Mean: 88.73% (+/- 4.26%)
Fold: 8 of 50 Acc: 85.29% Mean: 88.30% (+/- 4.15%)
Fold: 9 of 50 Acc: 88.24% Mean: 88.29% (+/- 3.91%)
Fold: 10 of 50 Acc: 88.24% Mean: 88.29% (+/- 3.71%)
Fold: 11 of 50 Acc: 94.29% Mean: 88.83% (+/- 3.93%)
Fold: 12 of 50 Acc: 88.57% Mean: 88.81% (+/- 3.77%)
Fold: 13 of 50 Acc: 88.24% Mean: 88.77% (+/- 3.62%)
Fold: 14 of 50 Acc: 94.12% Mean: 89.15% (+/- 3.75%)
Fold: 15 of 50 Acc: 85.29% Mean: 88.89% (+/- 3.75%)
Fold: 16 of 50 Acc: 85.29% Mean: 88.67% (+/- 3.74%)
Fold: 17 of 50 Acc: 85.29% Mean: 88.47% (+/- 3.71%)
Fold: 18 of 50 Acc: 94.12% Mean: 88.78% (+/- 3.83%)
Fold: 19 of 50 Acc: 88.24% Mean: 88.75% (+/- 3.73%)
Fold: 20 of 50 Acc: 82.35% Mean: 88.43% (+/- 3.89%)
Fold: 21 of 50 Acc: 85.71% Mean: 88.30% (+/- 3.84%)
Fold: 22 of 50 Acc: 85.71% Mean: 88.19% (+/- 3.79%)
Fold: 23 of 50 Acc: 91.18% Mean: 88.32% (+/- 3.76%)
Fold: 24 of 50 Acc: 94.12% Mean: 88.56% (+/- 3.86%)
Fold: 25 of 50 Acc: 85.29% Mean: 88.43% (+/- 3.84%)
Fold: 26 of 50 Acc: 94.12% Mean: 88.65% (+/- 3.92%)
Fold: 27 of 50 Acc: 88.24% Mean: 88.63% (+/- 3.84%)
Fold: 28 of 50 Acc: 94.12% Mean: 88.83% (+/- 3.91%)
Fold: 29 of 50 Acc: 88.24% Mean: 88.81% (+/- 3.84%)
Fold: 30 of 50 Acc: 79.41% Mean: 88.49% (+/- 4.14%)
Fold: 31 of 50 Acc: 82.86% Mean: 88.31% (+/- 4.19%)
Fold: 32 of 50 Acc: 88.57% Mean: 88.32% (+/- 4.13%)
Fold: 33 of 50 Acc: 85.29% Mean: 88.23% (+/- 4.10%)
Fold: 34 of 50 Acc: 73.53% Mean: 87.80% (+/- 4.74%)
Fold: 35 of 50 Acc: 85.29% Mean: 87.72% (+/- 4.69%)
Fold: 36 of 50 Acc: 91.18% Mean: 87.82% (+/- 4.66%)
Fold: 37 of 50 Acc: 85.29% Mean: 87.75% (+/- 4.61%)
Fold: 38 of 50 Acc: 94.12% Mean: 87.92% (+/- 4.66%)
Fold: 39 of 50 Acc: 94.12% Mean: 88.08% (+/- 4.71%)
Fold: 40 of 50 Acc: 94.12% Mean: 88.23% (+/- 4.74%)
Fold: 41 of 50 Acc: 88.57% Mean: 88.24% (+/- 4.68%)
Fold: 42 of 50 Acc: 91.43% Mean: 88.31% (+/- 4.65%)
Fold: 43 of 50 Acc: 85.29% Mean: 88.24% (+/- 4.62%)
Fold: 44 of 50 Acc: 85.29% Mean: 88.18% (+/- 4.59%)
Fold: 45 of 50 Acc: 97.06% Mean: 88.37% (+/- 4.72%)
Fold: 46 of 50 Acc: 88.24% Mean: 88.37% (+/- 4.67%)
Fold: 47 of 50 Acc: 97.06% Mean: 88.56% (+/- 4.79%)
Fold: 48 of 50 Acc: 79.41% Mean: 88.36% (+/- 4.92%)
Fold: 49 of 50 Acc: 91.18% Mean: 88.42% (+/- 4.88%)
Fold: 50 of 50 Acc: 79.41% Mean: 88.24% (+/- 4.99%)
Model Type: ResNet101
Fold: 1 of 50 Acc: 88.57% Mean: 88.57% (+/- 0.00%)
Fold: 2 of 50 Acc: 94.29% Mean: 91.43% (+/- 2.86%)
Fold: 3 of 50 Acc: 94.12% Mean: 92.32% (+/- 2.66%)
Fold: 4 of 50 Acc: 94.12% Mean: 92.77% (+/- 2.43%)
Fold: 5 of 50 Acc: 79.41% Mean: 90.10% (+/- 5.77%)
Fold: 6 of 50 Acc: 91.18% Mean: 90.28% (+/- 5.28%)
Fold: 7 of 50 Acc: 79.41% Mean: 88.73% (+/- 6.19%)
Fold: 8 of 50 Acc: 88.24% Mean: 88.67% (+/- 5.80%)
Fold: 9 of 50 Acc: 88.24% Mean: 88.62% (+/- 5.47%)
Fold: 10 of 50 Acc: 82.35% Mean: 87.99% (+/- 5.52%)
Fold: 11 of 50 Acc: 85.71% Mean: 87.78% (+/- 5.30%)
Fold: 12 of 50 Acc: 91.43% Mean: 88.09% (+/- 5.17%)
Fold: 13 of 50 Acc: 94.12% Mean: 88.55% (+/- 5.22%)
Fold: 14 of 50 Acc: 100.00% Mean: 89.37% (+/- 5.83%)
Fold: 15 of 50 Acc: 88.24% Mean: 89.29% (+/- 5.64%)
Fold: 16 of 50 Acc: 79.41% Mean: 88.68% (+/- 5.96%)
Fold: 17 of 50 Acc: 88.24% Mean: 88.65% (+/- 5.79%)
Fold: 18 of 50 Acc: 85.29% Mean: 88.46% (+/- 5.68%)
Fold: 19 of 50 Acc: 88.24% Mean: 88.45% (+/- 5.53%)
Fold: 20 of 50 Acc: 91.18% Mean: 88.59% (+/- 5.42%)
Fold: 21 of 50 Acc: 85.71% Mean: 88.45% (+/- 5.32%)
Fold: 22 of 50 Acc: 85.71% Mean: 88.33% (+/- 5.23%)
Fold: 23 of 50 Acc: 94.12% Mean: 88.58% (+/- 5.25%)
Fold: 24 of 50 Acc: 91.18% Mean: 88.69% (+/- 5.17%)
Fold: 25 of 50 Acc: 82.35% Mean: 88.43% (+/- 5.21%)
Fold: 26 of 50 Acc: 97.06% Mean: 88.77% (+/- 5.37%)
Fold: 27 of 50 Acc: 82.35% Mean: 88.53% (+/- 5.41%)
Fold: 28 of 50 Acc: 100.00% Mean: 88.94% (+/- 5.72%)
Fold: 29 of 50 Acc: 88.24% Mean: 88.91% (+/- 5.63%)
Fold: 30 of 50 Acc: 73.53% Mean: 88.40% (+/- 6.18%)
Fold: 31 of 50 Acc: 85.71% Mean: 88.31% (+/- 6.10%)
Fold: 32 of 50 Acc: 85.71% Mean: 88.23% (+/- 6.02%)
Fold: 33 of 50 Acc: 97.06% Mean: 88.50% (+/- 6.12%)
Fold: 34 of 50 Acc: 73.53% Mean: 88.06% (+/- 6.54%)
Fold: 35 of 50 Acc: 94.12% Mean: 88.23% (+/- 6.52%)
Fold: 36 of 50 Acc: 94.12% Mean: 88.40% (+/- 6.50%)
Fold: 37 of 50 Acc: 76.47% Mean: 88.07% (+/- 6.70%)
Fold: 38 of 50 Acc: 94.12% Mean: 88.23% (+/- 6.68%)
Fold: 39 of 50 Acc: 94.12% Mean: 88.38% (+/- 6.66%)
Fold: 40 of 50 Acc: 88.24% Mean: 88.38% (+/- 6.58%)
Fold: 41 of 50 Acc: 85.71% Mean: 88.32% (+/- 6.51%)
Fold: 42 of 50 Acc: 88.57% Mean: 88.32% (+/- 6.43%)
Fold: 43 of 50 Acc: 97.06% Mean: 88.52% (+/- 6.49%)
Fold: 44 of 50 Acc: 79.41% Mean: 88.32% (+/- 6.56%)
Fold: 45 of 50 Acc: 88.24% Mean: 88.32% (+/- 6.49%)
Fold: 46 of 50 Acc: 97.06% Mean: 88.51% (+/- 6.54%)
Fold: 47 of 50 Acc: 91.18% Mean: 88.56% (+/- 6.48%)
Fold: 48 of 50 Acc: 85.29% Mean: 88.49% (+/- 6.43%)
Fold: 49 of 50 Acc: 88.24% Mean: 88.49% (+/- 6.36%)
Fold: 50 of 50 Acc: 82.35% Mean: 88.37% (+/- 6.36%)
Model Type: ResNet152
Fold: 1 of 50 Acc: 88.57% Mean: 88.57% (+/- 0.00%)
Fold: 2 of 50 Acc: 94.29% Mean: 91.43% (+/- 2.86%)
Fold: 3 of 50 Acc: 94.12% Mean: 92.32% (+/- 2.66%)
Fold: 4 of 50 Acc: 94.12% Mean: 92.77% (+/- 2.43%)
Fold: 5 of 50 Acc: 85.29% Mean: 91.28% (+/- 3.70%)
Fold: 6 of 50 Acc: 85.29% Mean: 90.28% (+/- 4.04%)
Fold: 7 of 50 Acc: 82.35% Mean: 89.15% (+/- 4.66%)
Fold: 8 of 50 Acc: 85.29% Mean: 88.67% (+/- 4.54%)
Fold: 9 of 50 Acc: 82.35% Mean: 87.96% (+/- 4.72%)
Fold: 10 of 50 Acc: 82.35% Mean: 87.40% (+/- 4.78%)
Fold: 11 of 50 Acc: 85.71% Mean: 87.25% (+/- 4.59%)
Fold: 12 of 50 Acc: 88.57% Mean: 87.36% (+/- 4.41%)
Fold: 13 of 50 Acc: 88.24% Mean: 87.43% (+/- 4.24%)
Fold: 14 of 50 Acc: 97.06% Mean: 88.12% (+/- 4.78%)
Fold: 15 of 50 Acc: 88.24% Mean: 88.12% (+/- 4.62%)
Fold: 16 of 50 Acc: 73.53% Mean: 87.21% (+/- 5.70%)
Fold: 17 of 50 Acc: 88.24% Mean: 87.27% (+/- 5.53%)
Fold: 18 of 50 Acc: 85.29% Mean: 87.16% (+/- 5.40%)
Fold: 19 of 50 Acc: 91.18% Mean: 87.37% (+/- 5.33%)
Fold: 20 of 50 Acc: 88.24% Mean: 87.42% (+/- 5.20%)
Fold: 21 of 50 Acc: 77.14% Mean: 86.93% (+/- 5.52%)
Fold: 22 of 50 Acc: 80.00% Mean: 86.61% (+/- 5.59%)
Fold: 23 of 50 Acc: 94.12% Mean: 86.94% (+/- 5.67%)
Fold: 24 of 50 Acc: 91.18% Mean: 87.11% (+/- 5.62%)
Fold: 25 of 50 Acc: 94.12% Mean: 87.39% (+/- 5.67%)
Fold: 26 of 50 Acc: 91.18% Mean: 87.54% (+/- 5.61%)
Fold: 27 of 50 Acc: 91.18% Mean: 87.68% (+/- 5.55%)
Fold: 28 of 50 Acc: 91.18% Mean: 87.80% (+/- 5.49%)
Fold: 29 of 50 Acc: 85.29% Mean: 87.71% (+/- 5.41%)
Fold: 30 of 50 Acc: 73.53% Mean: 87.24% (+/- 5.90%)
Fold: 31 of 50 Acc: 82.86% Mean: 87.10% (+/- 5.85%)
Fold: 32 of 50 Acc: 88.57% Mean: 87.15% (+/- 5.77%)
Fold: 33 of 50 Acc: 91.18% Mean: 87.27% (+/- 5.72%)
Fold: 34 of 50 Acc: 73.53% Mean: 86.86% (+/- 6.10%)
Fold: 35 of 50 Acc: 91.18% Mean: 86.99% (+/- 6.05%)
Fold: 36 of 50 Acc: 85.29% Mean: 86.94% (+/- 5.97%)
Fold: 37 of 50 Acc: 91.18% Mean: 87.05% (+/- 5.93%)
Fold: 38 of 50 Acc: 94.12% Mean: 87.24% (+/- 5.96%)
Fold: 39 of 50 Acc: 82.35% Mean: 87.11% (+/- 5.93%)
Fold: 40 of 50 Acc: 91.18% Mean: 87.22% (+/- 5.89%)
Fold: 41 of 50 Acc: 88.57% Mean: 87.25% (+/- 5.83%)
Fold: 42 of 50 Acc: 88.57% Mean: 87.28% (+/- 5.76%)
Fold: 43 of 50 Acc: 88.24% Mean: 87.30% (+/- 5.69%)
Fold: 44 of 50 Acc: 79.41% Mean: 87.12% (+/- 5.75%)
Fold: 45 of 50 Acc: 88.24% Mean: 87.15% (+/- 5.69%)
Fold: 46 of 50 Acc: 97.06% Mean: 87.36% (+/- 5.81%)
Fold: 47 of 50 Acc: 94.12% Mean: 87.51% (+/- 5.83%)
Fold: 48 of 50 Acc: 85.29% Mean: 87.46% (+/- 5.78%)
Fold: 49 of 50 Acc: 88.24% Mean: 87.48% (+/- 5.72%)
Fold: 50 of 50 Acc: 82.35% Mean: 87.37% (+/- 5.71%)
Model Type: ResNet50V2
Fold: 1 of 50 Acc: 80.00% Mean: 80.00% (+/- 0.00%)
Fold: 2 of 50 Acc: 88.57% Mean: 84.29% (+/- 4.29%)
Fold: 3 of 50 Acc: 82.35% Mean: 83.64% (+/- 3.62%)
Fold: 4 of 50 Acc: 85.29% Mean: 84.05% (+/- 3.21%)
Fold: 5 of 50 Acc: 91.18% Mean: 85.48% (+/- 4.05%)
Fold: 6 of 50 Acc: 76.47% Mean: 83.98% (+/- 4.99%)
Fold: 7 of 50 Acc: 85.29% Mean: 84.17% (+/- 4.64%)
Fold: 8 of 50 Acc: 91.18% Mean: 85.04% (+/- 4.92%)
Fold: 9 of 50 Acc: 82.35% Mean: 84.74% (+/- 4.72%)
Fold: 10 of 50 Acc: 76.47% Mean: 83.92% (+/- 5.12%)
Fold: 11 of 50 Acc: 91.43% Mean: 84.60% (+/- 5.34%)
Fold: 12 of 50 Acc: 88.57% Mean: 84.93% (+/- 5.23%)
Fold: 13 of 50 Acc: 91.18% Mean: 85.41% (+/- 5.29%)
Fold: 14 of 50 Acc: 91.18% Mean: 85.82% (+/- 5.31%)
Fold: 15 of 50 Acc: 91.18% Mean: 86.18% (+/- 5.30%)
Fold: 16 of 50 Acc: 76.47% Mean: 85.57% (+/- 5.64%)
Fold: 17 of 50 Acc: 91.18% Mean: 85.90% (+/- 5.63%)
Fold: 18 of 50 Acc: 82.35% Mean: 85.70% (+/- 5.53%)
Fold: 19 of 50 Acc: 82.35% Mean: 85.53% (+/- 5.44%)
Fold: 20 of 50 Acc: 79.41% Mean: 85.22% (+/- 5.47%)
Fold: 21 of 50 Acc: 77.14% Mean: 84.84% (+/- 5.60%)
Fold: 22 of 50 Acc: 85.71% Mean: 84.88% (+/- 5.48%)
Fold: 23 of 50 Acc: 85.29% Mean: 84.90% (+/- 5.36%)
Fold: 24 of 50 Acc: 85.29% Mean: 84.91% (+/- 5.25%)
Fold: 25 of 50 Acc: 85.29% Mean: 84.93% (+/- 5.14%)
Fold: 26 of 50 Acc: 91.18% Mean: 85.17% (+/- 5.18%)
Fold: 27 of 50 Acc: 88.24% Mean: 85.28% (+/- 5.12%)
Fold: 28 of 50 Acc: 85.29% Mean: 85.28% (+/- 5.03%)
Fold: 29 of 50 Acc: 82.35% Mean: 85.18% (+/- 4.97%)
Fold: 30 of 50 Acc: 79.41% Mean: 84.99% (+/- 4.99%)
Fold: 31 of 50 Acc: 77.14% Mean: 84.74% (+/- 5.10%)
Fold: 32 of 50 Acc: 91.43% Mean: 84.94% (+/- 5.16%)
Fold: 33 of 50 Acc: 85.29% Mean: 84.96% (+/- 5.08%)
Fold: 34 of 50 Acc: 70.59% Mean: 84.53% (+/- 5.56%)
Fold: 35 of 50 Acc: 91.18% Mean: 84.72% (+/- 5.59%)
Fold: 36 of 50 Acc: 82.35% Mean: 84.66% (+/- 5.53%)
Fold: 37 of 50 Acc: 82.35% Mean: 84.59% (+/- 5.46%)
Fold: 38 of 50 Acc: 91.18% Mean: 84.77% (+/- 5.49%)
Fold: 39 of 50 Acc: 94.12% Mean: 85.01% (+/- 5.62%)
Fold: 40 of 50 Acc: 79.41% Mean: 84.87% (+/- 5.62%)
Fold: 41 of 50 Acc: 91.43% Mean: 85.03% (+/- 5.64%)
Fold: 42 of 50 Acc: 85.71% Mean: 85.04% (+/- 5.57%)
Fold: 43 of 50 Acc: 70.59% Mean: 84.71% (+/- 5.92%)
Fold: 44 of 50 Acc: 82.35% Mean: 84.65% (+/- 5.87%)
Fold: 45 of 50 Acc: 85.29% Mean: 84.67% (+/- 5.80%)
Fold: 46 of 50 Acc: 85.29% Mean: 84.68% (+/- 5.74%)
Fold: 47 of 50 Acc: 94.12% Mean: 84.88% (+/- 5.84%)
Fold: 48 of 50 Acc: 94.12% Mean: 85.08% (+/- 5.93%)
Fold: 49 of 50 Acc: 88.24% Mean: 85.14% (+/- 5.88%)
Fold: 50 of 50 Acc: 82.35% Mean: 85.08% (+/- 5.84%)
Model Type: ResNet101V2
Fold: 1 of 50 Acc: 91.43% Mean: 91.43% (+/- 0.00%)
Fold: 2 of 50 Acc: 85.71% Mean: 88.57% (+/- 2.86%)
Fold: 3 of 50 Acc: 91.18% Mean: 89.44% (+/- 2.64%)
Fold: 4 of 50 Acc: 97.06% Mean: 91.34% (+/- 4.01%)
Fold: 5 of 50 Acc: 91.18% Mean: 91.31% (+/- 3.59%)
Fold: 6 of 50 Acc: 88.24% Mean: 90.80% (+/- 3.47%)
Fold: 7 of 50 Acc: 76.47% Mean: 88.75% (+/- 5.96%)
Fold: 8 of 50 Acc: 82.35% Mean: 87.95% (+/- 5.96%)
Fold: 9 of 50 Acc: 97.06% Mean: 88.96% (+/- 6.31%)
Fold: 10 of 50 Acc: 73.53% Mean: 87.42% (+/- 7.56%)
Fold: 11 of 50 Acc: 88.57% Mean: 87.52% (+/- 7.22%)
Fold: 12 of 50 Acc: 85.71% Mean: 87.37% (+/- 6.93%)
Fold: 13 of 50 Acc: 85.29% Mean: 87.21% (+/- 6.68%)
Fold: 14 of 50 Acc: 94.12% Mean: 87.71% (+/- 6.68%)
Fold: 15 of 50 Acc: 100.00% Mean: 88.53% (+/- 7.14%)
Fold: 16 of 50 Acc: 85.29% Mean: 88.32% (+/- 6.96%)
Fold: 17 of 50 Acc: 85.29% Mean: 88.15% (+/- 6.79%)
Fold: 18 of 50 Acc: 88.24% Mean: 88.15% (+/- 6.60%)
Fold: 19 of 50 Acc: 91.18% Mean: 88.31% (+/- 6.46%)
Fold: 20 of 50 Acc: 88.24% Mean: 88.31% (+/- 6.30%)
Fold: 21 of 50 Acc: 82.86% Mean: 88.05% (+/- 6.25%)
Fold: 22 of 50 Acc: 88.57% Mean: 88.07% (+/- 6.11%)
Fold: 23 of 50 Acc: 94.12% Mean: 88.33% (+/- 6.10%)
Fold: 24 of 50 Acc: 88.24% Mean: 88.33% (+/- 5.97%)
Fold: 25 of 50 Acc: 82.35% Mean: 88.09% (+/- 5.97%)
Fold: 26 of 50 Acc: 88.24% Mean: 88.10% (+/- 5.85%)
Fold: 27 of 50 Acc: 85.29% Mean: 87.99% (+/- 5.77%)
Fold: 28 of 50 Acc: 97.06% Mean: 88.32% (+/- 5.91%)
Fold: 29 of 50 Acc: 88.24% Mean: 88.31% (+/- 5.81%)
Fold: 30 of 50 Acc: 85.29% Mean: 88.21% (+/- 5.73%)
Fold: 31 of 50 Acc: 71.43% Mean: 87.67% (+/- 6.37%)
Fold: 32 of 50 Acc: 100.00% Mean: 88.06% (+/- 6.63%)
Fold: 33 of 50 Acc: 97.06% Mean: 88.33% (+/- 6.71%)
Fold: 34 of 50 Acc: 82.35% Mean: 88.15% (+/- 6.68%)
Fold: 35 of 50 Acc: 91.18% Mean: 88.24% (+/- 6.61%)
Fold: 36 of 50 Acc: 94.12% Mean: 88.40% (+/- 6.59%)
Fold: 37 of 50 Acc: 85.29% Mean: 88.32% (+/- 6.52%)
Fold: 38 of 50 Acc: 88.24% Mean: 88.32% (+/- 6.43%)
Fold: 39 of 50 Acc: 91.18% Mean: 88.39% (+/- 6.36%)
Fold: 40 of 50 Acc: 85.29% Mean: 88.31% (+/- 6.30%)
Fold: 41 of 50 Acc: 91.43% Mean: 88.39% (+/- 6.24%)
Fold: 42 of 50 Acc: 91.43% Mean: 88.46% (+/- 6.19%)
Fold: 43 of 50 Acc: 91.18% Mean: 88.52% (+/- 6.13%)
Fold: 44 of 50 Acc: 88.24% Mean: 88.52% (+/- 6.06%)
Fold: 45 of 50 Acc: 94.12% Mean: 88.64% (+/- 6.05%)
Fold: 46 of 50 Acc: 88.24% Mean: 88.63% (+/- 5.98%)
Fold: 47 of 50 Acc: 94.12% Mean: 88.75% (+/- 5.97%)
Fold: 48 of 50 Acc: 79.41% Mean: 88.56% (+/- 6.06%)
Fold: 49 of 50 Acc: 88.24% Mean: 88.55% (+/- 5.99%)
Fold: 50 of 50 Acc: 88.24% Mean: 88.54% (+/- 5.93%)
Model Type: ResNet152V2
Fold: 1 of 50 Acc: 88.57% Mean: 88.57% (+/- 0.00%)
Fold: 2 of 50 Acc: 91.43% Mean: 90.00% (+/- 1.43%)
Fold: 3 of 50 Acc: 91.18% Mean: 90.39% (+/- 1.29%)
Fold: 4 of 50 Acc: 97.06% Mean: 92.06% (+/- 3.10%)
Fold: 5 of 50 Acc: 88.24% Mean: 91.29% (+/- 3.16%)
Fold: 6 of 50 Acc: 85.29% Mean: 90.29% (+/- 3.65%)
Fold: 7 of 50 Acc: 88.24% Mean: 90.00% (+/- 3.46%)
Fold: 8 of 50 Acc: 94.12% Mean: 90.51% (+/- 3.51%)
Fold: 9 of 50 Acc: 91.18% Mean: 90.59% (+/- 3.31%)
Fold: 10 of 50 Acc: 79.41% Mean: 89.47% (+/- 4.60%)
Fold: 11 of 50 Acc: 91.43% Mean: 89.65% (+/- 4.42%)
Fold: 12 of 50 Acc: 91.43% Mean: 89.80% (+/- 4.26%)
Fold: 13 of 50 Acc: 91.18% Mean: 89.90% (+/- 4.11%)
Fold: 14 of 50 Acc: 91.18% Mean: 89.99% (+/- 3.97%)
Fold: 15 of 50 Acc: 94.12% Mean: 90.27% (+/- 3.97%)
Fold: 16 of 50 Acc: 82.35% Mean: 89.77% (+/- 4.30%)
Fold: 17 of 50 Acc: 85.29% Mean: 89.51% (+/- 4.30%)
Fold: 18 of 50 Acc: 91.18% Mean: 89.60% (+/- 4.20%)
Fold: 19 of 50 Acc: 94.12% Mean: 89.84% (+/- 4.21%)
Fold: 20 of 50 Acc: 88.24% Mean: 89.76% (+/- 4.12%)
Fold: 21 of 50 Acc: 85.71% Mean: 89.57% (+/- 4.11%)
Fold: 22 of 50 Acc: 91.43% Mean: 89.65% (+/- 4.03%)
Fold: 23 of 50 Acc: 100.00% Mean: 90.10% (+/- 4.47%)
Fold: 24 of 50 Acc: 94.12% Mean: 90.27% (+/- 4.45%)
Fold: 25 of 50 Acc: 85.29% Mean: 90.07% (+/- 4.47%)
Fold: 26 of 50 Acc: 91.18% Mean: 90.11% (+/- 4.39%)
Fold: 27 of 50 Acc: 79.41% Mean: 89.72% (+/- 4.76%)
Fold: 28 of 50 Acc: 94.12% Mean: 89.87% (+/- 4.74%)
Fold: 29 of 50 Acc: 97.06% Mean: 90.12% (+/- 4.84%)
Fold: 30 of 50 Acc: 88.24% Mean: 90.06% (+/- 4.77%)
Fold: 31 of 50 Acc: 80.00% Mean: 89.73% (+/- 5.02%)
Fold: 32 of 50 Acc: 94.29% Mean: 89.88% (+/- 5.00%)
Fold: 33 of 50 Acc: 97.06% Mean: 90.09% (+/- 5.08%)
Fold: 34 of 50 Acc: 73.53% Mean: 89.61% (+/- 5.73%)
Fold: 35 of 50 Acc: 94.12% Mean: 89.74% (+/- 5.70%)
Fold: 36 of 50 Acc: 91.18% Mean: 89.78% (+/- 5.62%)
Fold: 37 of 50 Acc: 79.41% Mean: 89.50% (+/- 5.80%)
Fold: 38 of 50 Acc: 97.06% Mean: 89.69% (+/- 5.85%)
Fold: 39 of 50 Acc: 94.12% Mean: 89.81% (+/- 5.81%)
Fold: 40 of 50 Acc: 91.18% Mean: 89.84% (+/- 5.74%)
Fold: 41 of 50 Acc: 85.71% Mean: 89.74% (+/- 5.71%)
Fold: 42 of 50 Acc: 85.71% Mean: 89.65% (+/- 5.67%)
Fold: 43 of 50 Acc: 94.12% Mean: 89.75% (+/- 5.65%)
Fold: 44 of 50 Acc: 79.41% Mean: 89.51% (+/- 5.79%)
Fold: 45 of 50 Acc: 94.12% Mean: 89.62% (+/- 5.77%)
Fold: 46 of 50 Acc: 88.24% Mean: 89.59% (+/- 5.71%)
Fold: 47 of 50 Acc: 94.12% Mean: 89.68% (+/- 5.69%)
Fold: 48 of 50 Acc: 91.18% Mean: 89.71% (+/- 5.63%)
Fold: 49 of 50 Acc: 94.12% Mean: 89.80% (+/- 5.61%)
Fold: 50 of 50 Acc: 88.24% Mean: 89.77% (+/- 5.55%)
Model Type: InceptionV3
Fold: 1 of 50 Acc: 82.86% Mean: 82.86% (+/- 0.00%)
Fold: 2 of 50 Acc: 82.86% Mean: 82.86% (+/- 0.00%)
Fold: 3 of 50 Acc: 91.18% Mean: 85.63% (+/- 3.92%)
Fold: 4 of 50 Acc: 91.18% Mean: 87.02% (+/- 4.16%)
Fold: 5 of 50 Acc: 85.29% Mean: 86.67% (+/- 3.78%)
Fold: 6 of 50 Acc: 82.35% Mean: 85.95% (+/- 3.81%)
Fold: 7 of 50 Acc: 76.47% Mean: 84.60% (+/- 4.84%)
Fold: 8 of 50 Acc: 73.53% Mean: 83.21% (+/- 5.82%)
Fold: 9 of 50 Acc: 94.12% Mean: 84.43% (+/- 6.47%)
Fold: 10 of 50 Acc: 85.29% Mean: 84.51% (+/- 6.15%)
Fold: 11 of 50 Acc: 88.57% Mean: 84.88% (+/- 5.98%)
Fold: 12 of 50 Acc: 85.71% Mean: 84.95% (+/- 5.73%)
Fold: 13 of 50 Acc: 82.35% Mean: 84.75% (+/- 5.54%)
Fold: 14 of 50 Acc: 88.24% Mean: 85.00% (+/- 5.42%)
Fold: 15 of 50 Acc: 82.35% Mean: 84.82% (+/- 5.28%)
Fold: 16 of 50 Acc: 82.35% Mean: 84.67% (+/- 5.14%)
Fold: 17 of 50 Acc: 88.24% Mean: 84.88% (+/- 5.06%)
Fold: 18 of 50 Acc: 88.24% Mean: 85.07% (+/- 4.98%)
Fold: 19 of 50 Acc: 94.12% Mean: 85.54% (+/- 5.25%)
Fold: 20 of 50 Acc: 79.41% Mean: 85.24% (+/- 5.29%)
Fold: 21 of 50 Acc: 88.57% Mean: 85.39% (+/- 5.21%)
Fold: 22 of 50 Acc: 88.57% Mean: 85.54% (+/- 5.13%)
Fold: 23 of 50 Acc: 85.29% Mean: 85.53% (+/- 5.02%)
Fold: 24 of 50 Acc: 97.06% Mean: 86.01% (+/- 5.43%)
Fold: 25 of 50 Acc: 85.29% Mean: 85.98% (+/- 5.32%)
Fold: 26 of 50 Acc: 100.00% Mean: 86.52% (+/- 5.87%)
Fold: 27 of 50 Acc: 82.35% Mean: 86.36% (+/- 5.81%)
Fold: 28 of 50 Acc: 91.18% Mean: 86.54% (+/- 5.78%)
Fold: 29 of 50 Acc: 79.41% Mean: 86.29% (+/- 5.83%)
Fold: 30 of 50 Acc: 79.41% Mean: 86.06% (+/- 5.86%)
Fold: 31 of 50 Acc: 82.86% Mean: 85.96% (+/- 5.79%)
Fold: 32 of 50 Acc: 88.57% Mean: 86.04% (+/- 5.72%)
Fold: 33 of 50 Acc: 97.06% Mean: 86.37% (+/- 5.94%)
Fold: 34 of 50 Acc: 76.47% Mean: 86.08% (+/- 6.09%)
Fold: 35 of 50 Acc: 91.18% Mean: 86.23% (+/- 6.06%)
Fold: 36 of 50 Acc: 91.18% Mean: 86.37% (+/- 6.03%)
Fold: 37 of 50 Acc: 85.29% Mean: 86.34% (+/- 5.95%)
Fold: 38 of 50 Acc: 88.24% Mean: 86.39% (+/- 5.88%)
Fold: 39 of 50 Acc: 85.29% Mean: 86.36% (+/- 5.81%)
Fold: 40 of 50 Acc: 88.24% Mean: 86.41% (+/- 5.74%)
Fold: 41 of 50 Acc: 82.86% Mean: 86.32% (+/- 5.70%)
Fold: 42 of 50 Acc: 77.14% Mean: 86.10% (+/- 5.80%)
Fold: 43 of 50 Acc: 85.29% Mean: 86.08% (+/- 5.73%)
Fold: 44 of 50 Acc: 85.29% Mean: 86.06% (+/- 5.67%)
Fold: 45 of 50 Acc: 91.18% Mean: 86.18% (+/- 5.66%)
Fold: 46 of 50 Acc: 97.06% Mean: 86.41% (+/- 5.81%)
Fold: 47 of 50 Acc: 88.24% Mean: 86.45% (+/- 5.76%)
Fold: 48 of 50 Acc: 85.29% Mean: 86.43% (+/- 5.70%)
Fold: 49 of 50 Acc: 88.24% Mean: 86.47% (+/- 5.65%)
Fold: 50 of 50 Acc: 91.18% Mean: 86.56% (+/- 5.63%)
Model Type: InceptionResNetV2
Fold: 1 of 50 Acc: 82.86% Mean: 82.86% (+/- 0.00%)
Fold: 2 of 50 Acc: 85.71% Mean: 84.29% (+/- 1.43%)
Fold: 3 of 50 Acc: 85.29% Mean: 84.62% (+/- 1.26%)
Fold: 4 of 50 Acc: 91.18% Mean: 86.26% (+/- 3.04%)
Fold: 5 of 50 Acc: 82.35% Mean: 85.48% (+/- 3.14%)
Fold: 6 of 50 Acc: 88.24% Mean: 85.94% (+/- 3.04%)
Fold: 7 of 50 Acc: 85.29% Mean: 85.85% (+/- 2.83%)
Fold: 8 of 50 Acc: 79.41% Mean: 85.04% (+/- 3.39%)
Fold: 9 of 50 Acc: 91.18% Mean: 85.72% (+/- 3.74%)
Fold: 10 of 50 Acc: 85.29% Mean: 85.68% (+/- 3.55%)
Fold: 11 of 50 Acc: 94.29% Mean: 86.46% (+/- 4.19%)
Fold: 12 of 50 Acc: 85.71% Mean: 86.40% (+/- 4.02%)
Fold: 13 of 50 Acc: 79.41% Mean: 85.86% (+/- 4.28%)
Fold: 14 of 50 Acc: 91.18% Mean: 86.24% (+/- 4.35%)
Fold: 15 of 50 Acc: 91.18% Mean: 86.57% (+/- 4.38%)
Fold: 16 of 50 Acc: 88.24% Mean: 86.68% (+/- 4.26%)
Fold: 17 of 50 Acc: 91.18% Mean: 86.94% (+/- 4.27%)
Fold: 18 of 50 Acc: 88.24% Mean: 87.01% (+/- 4.16%)
Fold: 19 of 50 Acc: 82.35% Mean: 86.77% (+/- 4.18%)
Fold: 20 of 50 Acc: 85.29% Mean: 86.69% (+/- 4.08%)
Fold: 21 of 50 Acc: 85.71% Mean: 86.65% (+/- 3.99%)
Fold: 22 of 50 Acc: 82.86% Mean: 86.47% (+/- 3.98%)
Fold: 23 of 50 Acc: 82.35% Mean: 86.30% (+/- 3.98%)
Fold: 24 of 50 Acc: 94.12% Mean: 86.62% (+/- 4.20%)
Fold: 25 of 50 Acc: 91.18% Mean: 86.80% (+/- 4.21%)
Fold: 26 of 50 Acc: 97.06% Mean: 87.20% (+/- 4.57%)
Fold: 27 of 50 Acc: 76.47% Mean: 86.80% (+/- 4.92%)
Fold: 28 of 50 Acc: 82.35% Mean: 86.64% (+/- 4.91%)
Fold: 29 of 50 Acc: 85.29% Mean: 86.60% (+/- 4.83%)
Fold: 30 of 50 Acc: 64.71% Mean: 85.87% (+/- 6.16%)
Fold: 31 of 50 Acc: 88.57% Mean: 85.95% (+/- 6.08%)
Fold: 32 of 50 Acc: 94.29% Mean: 86.21% (+/- 6.16%)
Fold: 33 of 50 Acc: 85.29% Mean: 86.19% (+/- 6.07%)
Fold: 34 of 50 Acc: 76.47% Mean: 85.90% (+/- 6.20%)
Fold: 35 of 50 Acc: 88.24% Mean: 85.97% (+/- 6.12%)
Fold: 36 of 50 Acc: 82.35% Mean: 85.87% (+/- 6.06%)
Fold: 37 of 50 Acc: 82.35% Mean: 85.77% (+/- 6.01%)
Fold: 38 of 50 Acc: 85.29% Mean: 85.76% (+/- 5.93%)
Fold: 39 of 50 Acc: 88.24% Mean: 85.82% (+/- 5.87%)
Fold: 40 of 50 Acc: 85.29% Mean: 85.81% (+/- 5.79%)
Fold: 41 of 50 Acc: 74.29% Mean: 85.53% (+/- 5.99%)
Fold: 42 of 50 Acc: 80.00% Mean: 85.40% (+/- 5.98%)
Fold: 43 of 50 Acc: 94.12% Mean: 85.60% (+/- 6.05%)
Fold: 44 of 50 Acc: 91.18% Mean: 85.73% (+/- 6.04%)
Fold: 45 of 50 Acc: 94.12% Mean: 85.91% (+/- 6.10%)
Fold: 46 of 50 Acc: 91.18% Mean: 86.03% (+/- 6.08%)
Fold: 47 of 50 Acc: 88.24% Mean: 86.07% (+/- 6.03%)
Fold: 48 of 50 Acc: 79.41% Mean: 85.93% (+/- 6.04%)
Fold: 49 of 50 Acc: 88.24% Mean: 85.98% (+/- 5.99%)
Fold: 50 of 50 Acc: 88.24% Mean: 86.03% (+/- 5.93%)
Model Type: MobileNet
Fold: 1 of 50 Acc: 85.71% Mean: 85.71% (+/- 0.00%)
Fold: 2 of 50 Acc: 91.43% Mean: 88.57% (+/- 2.86%)
Fold: 3 of 50 Acc: 91.18% Mean: 89.44% (+/- 2.64%)
Fold: 4 of 50 Acc: 91.18% Mean: 89.87% (+/- 2.40%)
Fold: 5 of 50 Acc: 91.18% Mean: 90.13% (+/- 2.21%)
Fold: 6 of 50 Acc: 94.12% Mean: 90.80% (+/- 2.51%)
Fold: 7 of 50 Acc: 97.06% Mean: 91.69% (+/- 3.19%)
Fold: 8 of 50 Acc: 82.35% Mean: 90.53% (+/- 4.30%)
Fold: 9 of 50 Acc: 91.18% Mean: 90.60% (+/- 4.06%)
Fold: 10 of 50 Acc: 82.35% Mean: 89.77% (+/- 4.57%)
Fold: 11 of 50 Acc: 91.43% Mean: 89.92% (+/- 4.39%)
Fold: 12 of 50 Acc: 85.71% Mean: 89.57% (+/- 4.36%)
Fold: 13 of 50 Acc: 97.06% Mean: 90.15% (+/- 4.64%)
Fold: 14 of 50 Acc: 97.06% Mean: 90.64% (+/- 4.81%)
Fold: 15 of 50 Acc: 94.12% Mean: 90.87% (+/- 4.73%)
Fold: 16 of 50 Acc: 76.47% Mean: 89.97% (+/- 5.75%)
Fold: 17 of 50 Acc: 91.18% Mean: 90.04% (+/- 5.59%)
Fold: 18 of 50 Acc: 94.12% Mean: 90.27% (+/- 5.51%)
Fold: 19 of 50 Acc: 91.18% Mean: 90.32% (+/- 5.37%)
Fold: 20 of 50 Acc: 85.29% Mean: 90.07% (+/- 5.35%)
Fold: 21 of 50 Acc: 91.43% Mean: 90.13% (+/- 5.22%)
Fold: 22 of 50 Acc: 85.71% Mean: 89.93% (+/- 5.19%)
Fold: 23 of 50 Acc: 97.06% Mean: 90.24% (+/- 5.28%)
Fold: 24 of 50 Acc: 94.12% Mean: 90.40% (+/- 5.22%)
Fold: 25 of 50 Acc: 94.12% Mean: 90.55% (+/- 5.17%)
Fold: 26 of 50 Acc: 91.18% Mean: 90.58% (+/- 5.07%)
Fold: 27 of 50 Acc: 82.35% Mean: 90.27% (+/- 5.21%)
Fold: 28 of 50 Acc: 97.06% Mean: 90.51% (+/- 5.27%)
Fold: 29 of 50 Acc: 85.29% Mean: 90.33% (+/- 5.27%)
Fold: 30 of 50 Acc: 85.29% Mean: 90.17% (+/- 5.26%)
Fold: 31 of 50 Acc: 97.14% Mean: 90.39% (+/- 5.32%)
Fold: 32 of 50 Acc: 91.43% Mean: 90.42% (+/- 5.24%)
Fold: 33 of 50 Acc: 85.29% Mean: 90.27% (+/- 5.23%)
Fold: 34 of 50 Acc: 73.53% Mean: 89.78% (+/- 5.88%)
Fold: 35 of 50 Acc: 100.00% Mean: 90.07% (+/- 6.04%)
Fold: 36 of 50 Acc: 97.06% Mean: 90.26% (+/- 6.06%)
Fold: 37 of 50 Acc: 94.12% Mean: 90.37% (+/- 6.01%)
Fold: 38 of 50 Acc: 88.24% Mean: 90.31% (+/- 5.94%)
Fold: 39 of 50 Acc: 88.24% Mean: 90.26% (+/- 5.88%)
Fold: 40 of 50 Acc: 85.29% Mean: 90.13% (+/- 5.85%)
Fold: 41 of 50 Acc: 91.43% Mean: 90.16% (+/- 5.79%)
Fold: 42 of 50 Acc: 94.29% Mean: 90.26% (+/- 5.75%)
Fold: 43 of 50 Acc: 97.06% Mean: 90.42% (+/- 5.77%)
Fold: 44 of 50 Acc: 88.24% Mean: 90.37% (+/- 5.72%)
Fold: 45 of 50 Acc: 91.18% Mean: 90.39% (+/- 5.66%)
Fold: 46 of 50 Acc: 85.29% Mean: 90.28% (+/- 5.64%)
Fold: 47 of 50 Acc: 97.06% Mean: 90.42% (+/- 5.67%)
Fold: 48 of 50 Acc: 88.24% Mean: 90.38% (+/- 5.62%)
Fold: 49 of 50 Acc: 88.24% Mean: 90.33% (+/- 5.57%)
Fold: 50 of 50 Acc: 94.12% Mean: 90.41% (+/- 5.54%)
Model Type: DenseNet121
Fold: 1 of 50 Acc: 88.57% Mean: 88.57% (+/- 0.00%)
Fold: 2 of 50 Acc: 85.71% Mean: 87.14% (+/- 1.43%)
Fold: 3 of 50 Acc: 88.24% Mean: 87.51% (+/- 1.28%)
Fold: 4 of 50 Acc: 85.29% Mean: 86.95% (+/- 1.46%)
Fold: 5 of 50 Acc: 88.24% Mean: 87.21% (+/- 1.40%)
Fold: 6 of 50 Acc: 88.24% Mean: 87.38% (+/- 1.34%)
Fold: 7 of 50 Acc: 82.35% Mean: 86.66% (+/- 2.15%)
Fold: 8 of 50 Acc: 76.47% Mean: 85.39% (+/- 3.93%)
Fold: 9 of 50 Acc: 91.18% Mean: 86.03% (+/- 4.12%)
Fold: 10 of 50 Acc: 88.24% Mean: 86.25% (+/- 3.97%)
Fold: 11 of 50 Acc: 85.71% Mean: 86.20% (+/- 3.79%)
Fold: 12 of 50 Acc: 91.43% Mean: 86.64% (+/- 3.90%)
Fold: 13 of 50 Acc: 85.29% Mean: 86.54% (+/- 3.77%)
Fold: 14 of 50 Acc: 100.00% Mean: 87.50% (+/- 5.02%)
Fold: 15 of 50 Acc: 88.24% Mean: 87.55% (+/- 4.85%)
Fold: 16 of 50 Acc: 82.35% Mean: 87.22% (+/- 4.86%)
Fold: 17 of 50 Acc: 85.29% Mean: 87.11% (+/- 4.74%)
Fold: 18 of 50 Acc: 88.24% Mean: 87.17% (+/- 4.61%)
Fold: 19 of 50 Acc: 88.24% Mean: 87.23% (+/- 4.50%)
Fold: 20 of 50 Acc: 85.29% Mean: 87.13% (+/- 4.40%)
Fold: 21 of 50 Acc: 85.71% Mean: 87.06% (+/- 4.31%)
Fold: 22 of 50 Acc: 77.14% Mean: 86.61% (+/- 4.69%)
Fold: 23 of 50 Acc: 88.24% Mean: 86.68% (+/- 4.60%)
Fold: 24 of 50 Acc: 88.24% Mean: 86.75% (+/- 4.51%)
Fold: 25 of 50 Acc: 85.29% Mean: 86.69% (+/- 4.43%)
Fold: 26 of 50 Acc: 94.12% Mean: 86.97% (+/- 4.57%)
Fold: 27 of 50 Acc: 82.35% Mean: 86.80% (+/- 4.57%)
Fold: 28 of 50 Acc: 88.24% Mean: 86.85% (+/- 4.50%)
Fold: 29 of 50 Acc: 82.35% Mean: 86.70% (+/- 4.49%)
Fold: 30 of 50 Acc: 82.35% Mean: 86.55% (+/- 4.49%)
Fold: 31 of 50 Acc: 77.14% Mean: 86.25% (+/- 4.72%)
Fold: 32 of 50 Acc: 91.43% Mean: 86.41% (+/- 4.73%)
Fold: 33 of 50 Acc: 85.29% Mean: 86.38% (+/- 4.66%)
Fold: 34 of 50 Acc: 76.47% Mean: 86.09% (+/- 4.89%)
Fold: 35 of 50 Acc: 91.18% Mean: 86.23% (+/- 4.89%)
Fold: 36 of 50 Acc: 85.29% Mean: 86.21% (+/- 4.83%)
Fold: 37 of 50 Acc: 88.24% Mean: 86.26% (+/- 4.77%)
Fold: 38 of 50 Acc: 94.12% Mean: 86.47% (+/- 4.87%)
Fold: 39 of 50 Acc: 88.24% Mean: 86.51% (+/- 4.82%)
Fold: 40 of 50 Acc: 91.18% Mean: 86.63% (+/- 4.81%)
Fold: 41 of 50 Acc: 94.29% Mean: 86.82% (+/- 4.90%)
Fold: 42 of 50 Acc: 85.71% Mean: 86.79% (+/- 4.84%)
Fold: 43 of 50 Acc: 85.29% Mean: 86.76% (+/- 4.79%)
Fold: 44 of 50 Acc: 82.35% Mean: 86.66% (+/- 4.78%)
Fold: 45 of 50 Acc: 88.24% Mean: 86.69% (+/- 4.73%)
Fold: 46 of 50 Acc: 85.29% Mean: 86.66% (+/- 4.69%)
Fold: 47 of 50 Acc: 97.06% Mean: 86.88% (+/- 4.87%)
Fold: 48 of 50 Acc: 73.53% Mean: 86.60% (+/- 5.19%)
Fold: 49 of 50 Acc: 88.24% Mean: 86.64% (+/- 5.14%)
Fold: 50 of 50 Acc: 88.24% Mean: 86.67% (+/- 5.09%)
Model Type: DenseNet169
Fold: 1 of 50 Acc: 85.71% Mean: 85.71% (+/- 0.00%)
Fold: 2 of 50 Acc: 91.43% Mean: 88.57% (+/- 2.86%)
Fold: 3 of 50 Acc: 97.06% Mean: 91.40% (+/- 4.63%)
Fold: 4 of 50 Acc: 85.29% Mean: 89.87% (+/- 4.80%)
Fold: 5 of 50 Acc: 85.29% Mean: 88.96% (+/- 4.67%)
Fold: 6 of 50 Acc: 88.24% Mean: 88.84% (+/- 4.27%)
Fold: 7 of 50 Acc: 91.18% Mean: 89.17% (+/- 4.04%)
Fold: 8 of 50 Acc: 76.47% Mean: 87.58% (+/- 5.65%)
Fold: 9 of 50 Acc: 91.18% Mean: 87.98% (+/- 5.45%)
Fold: 10 of 50 Acc: 88.24% Mean: 88.01% (+/- 5.17%)
Fold: 11 of 50 Acc: 94.29% Mean: 88.58% (+/- 5.25%)
Fold: 12 of 50 Acc: 82.86% Mean: 88.10% (+/- 5.27%)
Fold: 13 of 50 Acc: 91.18% Mean: 88.34% (+/- 5.13%)
Fold: 14 of 50 Acc: 88.24% Mean: 88.33% (+/- 4.94%)
Fold: 15 of 50 Acc: 85.29% Mean: 88.13% (+/- 4.83%)
Fold: 16 of 50 Acc: 85.29% Mean: 87.95% (+/- 4.73%)
Fold: 17 of 50 Acc: 94.12% Mean: 88.31% (+/- 4.81%)
Fold: 18 of 50 Acc: 85.29% Mean: 88.15% (+/- 4.73%)
Fold: 19 of 50 Acc: 85.29% Mean: 88.00% (+/- 4.64%)
Fold: 20 of 50 Acc: 88.24% Mean: 88.01% (+/- 4.53%)
Fold: 21 of 50 Acc: 80.00% Mean: 87.63% (+/- 4.74%)
Fold: 22 of 50 Acc: 91.43% Mean: 87.80% (+/- 4.69%)
Fold: 23 of 50 Acc: 91.18% Mean: 87.95% (+/- 4.64%)
Fold: 24 of 50 Acc: 88.24% Mean: 87.96% (+/- 4.54%)
Fold: 25 of 50 Acc: 88.24% Mean: 87.97% (+/- 4.45%)
Fold: 26 of 50 Acc: 91.18% Mean: 88.09% (+/- 4.41%)
Fold: 27 of 50 Acc: 85.29% Mean: 87.99% (+/- 4.36%)
Fold: 28 of 50 Acc: 94.12% Mean: 88.21% (+/- 4.43%)
Fold: 29 of 50 Acc: 85.29% Mean: 88.11% (+/- 4.38%)
Fold: 30 of 50 Acc: 73.53% Mean: 87.62% (+/- 5.04%)
Fold: 31 of 50 Acc: 91.43% Mean: 87.74% (+/- 5.01%)
Fold: 32 of 50 Acc: 91.43% Mean: 87.86% (+/- 4.97%)
Fold: 33 of 50 Acc: 85.29% Mean: 87.78% (+/- 4.91%)
Fold: 34 of 50 Acc: 79.41% Mean: 87.54% (+/- 5.04%)
Fold: 35 of 50 Acc: 88.24% Mean: 87.56% (+/- 4.97%)
Fold: 36 of 50 Acc: 88.24% Mean: 87.57% (+/- 4.90%)
Fold: 37 of 50 Acc: 85.29% Mean: 87.51% (+/- 4.85%)
Fold: 38 of 50 Acc: 91.18% Mean: 87.61% (+/- 4.82%)
Fold: 39 of 50 Acc: 91.18% Mean: 87.70% (+/- 4.79%)
Fold: 40 of 50 Acc: 88.24% Mean: 87.71% (+/- 4.73%)
Fold: 41 of 50 Acc: 80.00% Mean: 87.53% (+/- 4.82%)
Fold: 42 of 50 Acc: 88.57% Mean: 87.55% (+/- 4.77%)
Fold: 43 of 50 Acc: 88.24% Mean: 87.57% (+/- 4.71%)
Fold: 44 of 50 Acc: 82.35% Mean: 87.45% (+/- 4.73%)
Fold: 45 of 50 Acc: 88.24% Mean: 87.47% (+/- 4.67%)
Fold: 46 of 50 Acc: 94.12% Mean: 87.61% (+/- 4.72%)
Fold: 47 of 50 Acc: 91.18% Mean: 87.69% (+/- 4.70%)
Fold: 48 of 50 Acc: 85.29% Mean: 87.64% (+/- 4.66%)
Fold: 49 of 50 Acc: 91.18% Mean: 87.71% (+/- 4.64%)
Fold: 50 of 50 Acc: 91.18% Mean: 87.78% (+/- 4.62%)
Model Type: DenseNet201
Fold: 1 of 50 Acc: 91.43% Mean: 91.43% (+/- 0.00%)
Fold: 2 of 50 Acc: 94.29% Mean: 92.86% (+/- 1.43%)
Fold: 3 of 50 Acc: 94.12% Mean: 93.28% (+/- 1.31%)
Fold: 4 of 50 Acc: 94.12% Mean: 93.49% (+/- 1.19%)
Fold: 5 of 50 Acc: 88.24% Mean: 92.44% (+/- 2.36%)
Fold: 6 of 50 Acc: 82.35% Mean: 90.76% (+/- 4.33%)
Fold: 7 of 50 Acc: 85.29% Mean: 89.98% (+/- 4.44%)
Fold: 8 of 50 Acc: 91.18% Mean: 90.13% (+/- 4.17%)
Fold: 9 of 50 Acc: 85.29% Mean: 89.59% (+/- 4.22%)
Fold: 10 of 50 Acc: 85.29% Mean: 89.16% (+/- 4.20%)
Fold: 11 of 50 Acc: 91.43% Mean: 89.37% (+/- 4.06%)
Fold: 12 of 50 Acc: 88.57% Mean: 89.30% (+/- 3.89%)
Fold: 13 of 50 Acc: 88.24% Mean: 89.22% (+/- 3.75%)
Fold: 14 of 50 Acc: 94.12% Mean: 89.57% (+/- 3.83%)
Fold: 15 of 50 Acc: 88.24% Mean: 89.48% (+/- 3.71%)
Fold: 16 of 50 Acc: 79.41% Mean: 88.85% (+/- 4.34%)
Fold: 17 of 50 Acc: 94.12% Mean: 89.16% (+/- 4.39%)
Fold: 18 of 50 Acc: 79.41% Mean: 88.62% (+/- 4.82%)
Fold: 19 of 50 Acc: 91.18% Mean: 88.75% (+/- 4.72%)
Fold: 20 of 50 Acc: 88.24% Mean: 88.73% (+/- 4.61%)
Fold: 21 of 50 Acc: 88.57% Mean: 88.72% (+/- 4.49%)
Fold: 22 of 50 Acc: 88.57% Mean: 88.71% (+/- 4.39%)
Fold: 23 of 50 Acc: 91.18% Mean: 88.82% (+/- 4.32%)
Fold: 24 of 50 Acc: 91.18% Mean: 88.92% (+/- 4.26%)
Fold: 25 of 50 Acc: 88.24% Mean: 88.89% (+/- 4.18%)
Fold: 26 of 50 Acc: 88.24% Mean: 88.87% (+/- 4.10%)
Fold: 27 of 50 Acc: 85.29% Mean: 88.73% (+/- 4.08%)
Fold: 28 of 50 Acc: 94.12% Mean: 88.93% (+/- 4.13%)
Fold: 29 of 50 Acc: 82.35% Mean: 88.70% (+/- 4.23%)
Fold: 30 of 50 Acc: 76.47% Mean: 88.29% (+/- 4.70%)
Fold: 31 of 50 Acc: 82.86% Mean: 88.12% (+/- 4.72%)
Fold: 32 of 50 Acc: 97.14% Mean: 88.40% (+/- 4.91%)
Fold: 33 of 50 Acc: 85.29% Mean: 88.30% (+/- 4.86%)
Fold: 34 of 50 Acc: 79.41% Mean: 88.04% (+/- 5.02%)
Fold: 35 of 50 Acc: 94.12% Mean: 88.22% (+/- 5.05%)
Fold: 36 of 50 Acc: 91.18% Mean: 88.30% (+/- 5.00%)
Fold: 37 of 50 Acc: 85.29% Mean: 88.22% (+/- 4.96%)
Fold: 38 of 50 Acc: 91.18% Mean: 88.30% (+/- 4.92%)
Fold: 39 of 50 Acc: 82.35% Mean: 88.14% (+/- 4.94%)
Fold: 40 of 50 Acc: 82.35% Mean: 88.00% (+/- 4.96%)
Fold: 41 of 50 Acc: 91.43% Mean: 88.08% (+/- 4.93%)
Fold: 42 of 50 Acc: 82.86% Mean: 87.96% (+/- 4.94%)
Fold: 43 of 50 Acc: 88.24% Mean: 87.96% (+/- 4.88%)
Fold: 44 of 50 Acc: 79.41% Mean: 87.77% (+/- 4.99%)
Fold: 45 of 50 Acc: 88.24% Mean: 87.78% (+/- 4.93%)
Fold: 46 of 50 Acc: 91.18% Mean: 87.85% (+/- 4.90%)
Fold: 47 of 50 Acc: 100.00% Mean: 88.11% (+/- 5.16%)
Fold: 48 of 50 Acc: 76.47% Mean: 87.87% (+/- 5.37%)
Fold: 49 of 50 Acc: 82.35% Mean: 87.76% (+/- 5.37%)
Fold: 50 of 50 Acc: 91.18% Mean: 87.83% (+/- 5.34%)
Model Type: NASNetMobile
Fold: 1 of 50 Acc: 82.86% Mean: 82.86% (+/- 0.00%)
Fold: 2 of 50 Acc: 82.86% Mean: 82.86% (+/- 0.00%)
Fold: 3 of 50 Acc: 88.24% Mean: 84.65% (+/- 2.54%)
Fold: 4 of 50 Acc: 91.18% Mean: 86.28% (+/- 3.58%)
Fold: 5 of 50 Acc: 82.35% Mean: 85.50% (+/- 3.57%)
Fold: 6 of 50 Acc: 79.41% Mean: 84.48% (+/- 3.97%)
Fold: 7 of 50 Acc: 76.47% Mean: 83.34% (+/- 4.62%)
Fold: 8 of 50 Acc: 79.41% Mean: 82.85% (+/- 4.51%)
Fold: 9 of 50 Acc: 82.35% Mean: 82.79% (+/- 4.26%)
Fold: 10 of 50 Acc: 94.12% Mean: 83.92% (+/- 5.28%)
Fold: 11 of 50 Acc: 80.00% Mean: 83.57% (+/- 5.16%)
Fold: 12 of 50 Acc: 91.43% Mean: 84.22% (+/- 5.39%)
Fold: 13 of 50 Acc: 88.24% Mean: 84.53% (+/- 5.29%)
Fold: 14 of 50 Acc: 85.29% Mean: 84.59% (+/- 5.10%)
Fold: 15 of 50 Acc: 88.24% Mean: 84.83% (+/- 5.01%)
Fold: 16 of 50 Acc: 85.29% Mean: 84.86% (+/- 4.86%)
Fold: 17 of 50 Acc: 88.24% Mean: 85.06% (+/- 4.78%)
Fold: 18 of 50 Acc: 91.18% Mean: 85.40% (+/- 4.85%)
Fold: 19 of 50 Acc: 91.18% Mean: 85.70% (+/- 4.89%)
Fold: 20 of 50 Acc: 85.29% Mean: 85.68% (+/- 4.77%)
Fold: 21 of 50 Acc: 91.43% Mean: 85.95% (+/- 4.81%)
Fold: 22 of 50 Acc: 82.86% Mean: 85.81% (+/- 4.75%)
Fold: 23 of 50 Acc: 79.41% Mean: 85.54% (+/- 4.82%)
Fold: 24 of 50 Acc: 85.29% Mean: 85.53% (+/- 4.72%)
Fold: 25 of 50 Acc: 88.24% Mean: 85.63% (+/- 4.66%)
Fold: 26 of 50 Acc: 73.53% Mean: 85.17% (+/- 5.13%)
Fold: 27 of 50 Acc: 79.41% Mean: 84.95% (+/- 5.15%)
Fold: 28 of 50 Acc: 94.12% Mean: 85.28% (+/- 5.33%)
Fold: 29 of 50 Acc: 82.35% Mean: 85.18% (+/- 5.27%)
Fold: 30 of 50 Acc: 79.41% Mean: 84.99% (+/- 5.28%)
Fold: 31 of 50 Acc: 82.86% Mean: 84.92% (+/- 5.21%)
Fold: 32 of 50 Acc: 94.29% Mean: 85.21% (+/- 5.38%)
Fold: 33 of 50 Acc: 91.18% Mean: 85.39% (+/- 5.39%)
Fold: 34 of 50 Acc: 76.47% Mean: 85.13% (+/- 5.52%)
Fold: 35 of 50 Acc: 79.41% Mean: 84.97% (+/- 5.53%)
Fold: 36 of 50 Acc: 85.29% Mean: 84.98% (+/- 5.45%)
Fold: 37 of 50 Acc: 79.41% Mean: 84.83% (+/- 5.45%)
Fold: 38 of 50 Acc: 85.29% Mean: 84.84% (+/- 5.38%)
Fold: 39 of 50 Acc: 85.29% Mean: 84.85% (+/- 5.31%)
Fold: 40 of 50 Acc: 82.35% Mean: 84.79% (+/- 5.26%)
Fold: 41 of 50 Acc: 71.43% Mean: 84.46% (+/- 5.59%)
Fold: 42 of 50 Acc: 85.71% Mean: 84.49% (+/- 5.52%)
Fold: 43 of 50 Acc: 82.35% Mean: 84.44% (+/- 5.47%)
Fold: 44 of 50 Acc: 85.29% Mean: 84.46% (+/- 5.41%)
Fold: 45 of 50 Acc: 82.35% Mean: 84.41% (+/- 5.36%)
Fold: 46 of 50 Acc: 91.18% Mean: 84.56% (+/- 5.39%)
Fold: 47 of 50 Acc: 85.29% Mean: 84.58% (+/- 5.33%)
Fold: 48 of 50 Acc: 85.29% Mean: 84.59% (+/- 5.28%)
Fold: 49 of 50 Acc: 79.41% Mean: 84.49% (+/- 5.27%)
Fold: 50 of 50 Acc: 94.12% Mean: 84.68% (+/- 5.39%)
Model Type: MobileNetV2
Fold: 1 of 50 Acc: 85.71% Mean: 85.71% (+/- 0.00%)
Fold: 2 of 50 Acc: 94.29% Mean: 90.00% (+/- 4.29%)
Fold: 3 of 50 Acc: 97.06% Mean: 92.35% (+/- 4.83%)
Fold: 4 of 50 Acc: 94.12% Mean: 92.79% (+/- 4.25%)
Fold: 5 of 50 Acc: 91.18% Mean: 92.47% (+/- 3.86%)
Fold: 6 of 50 Acc: 85.29% Mean: 91.27% (+/- 4.42%)
Fold: 7 of 50 Acc: 94.12% Mean: 91.68% (+/- 4.21%)
Fold: 8 of 50 Acc: 82.35% Mean: 90.51% (+/- 5.00%)
Fold: 9 of 50 Acc: 97.06% Mean: 91.24% (+/- 5.15%)
Fold: 10 of 50 Acc: 91.18% Mean: 91.24% (+/- 4.88%)
Fold: 11 of 50 Acc: 88.57% Mean: 90.99% (+/- 4.72%)
Fold: 12 of 50 Acc: 82.86% Mean: 90.32% (+/- 5.05%)
Fold: 13 of 50 Acc: 97.06% Mean: 90.83% (+/- 5.17%)
Fold: 14 of 50 Acc: 94.12% Mean: 91.07% (+/- 5.05%)
Fold: 15 of 50 Acc: 91.18% Mean: 91.08% (+/- 4.88%)
Fold: 16 of 50 Acc: 82.35% Mean: 90.53% (+/- 5.18%)
Fold: 17 of 50 Acc: 88.24% Mean: 90.40% (+/- 5.05%)
Fold: 18 of 50 Acc: 88.24% Mean: 90.28% (+/- 4.93%)
Fold: 19 of 50 Acc: 88.24% Mean: 90.17% (+/- 4.82%)
Fold: 20 of 50 Acc: 85.29% Mean: 89.92% (+/- 4.82%)
Fold: 21 of 50 Acc: 91.43% Mean: 90.00% (+/- 4.72%)
Fold: 22 of 50 Acc: 91.43% Mean: 90.06% (+/- 4.62%)
Fold: 23 of 50 Acc: 94.12% Mean: 90.24% (+/- 4.59%)
Fold: 24 of 50 Acc: 82.35% Mean: 89.91% (+/- 4.76%)
Fold: 25 of 50 Acc: 94.12% Mean: 90.08% (+/- 4.74%)
Fold: 26 of 50 Acc: 88.24% Mean: 90.01% (+/- 4.66%)
Fold: 27 of 50 Acc: 82.35% Mean: 89.72% (+/- 4.80%)
Fold: 28 of 50 Acc: 97.06% Mean: 89.98% (+/- 4.90%)
Fold: 29 of 50 Acc: 88.24% Mean: 89.92% (+/- 4.83%)
Fold: 30 of 50 Acc: 76.47% Mean: 89.48% (+/- 5.33%)
Fold: 31 of 50 Acc: 85.71% Mean: 89.35% (+/- 5.28%)
Fold: 32 of 50 Acc: 91.43% Mean: 89.42% (+/- 5.21%)
Fold: 33 of 50 Acc: 85.29% Mean: 89.29% (+/- 5.18%)
Fold: 34 of 50 Acc: 85.29% Mean: 89.18% (+/- 5.15%)
Fold: 35 of 50 Acc: 94.12% Mean: 89.32% (+/- 5.14%)
Fold: 36 of 50 Acc: 100.00% Mean: 89.61% (+/- 5.36%)
Fold: 37 of 50 Acc: 91.18% Mean: 89.66% (+/- 5.30%)
Fold: 38 of 50 Acc: 85.29% Mean: 89.54% (+/- 5.27%)
Fold: 39 of 50 Acc: 88.24% Mean: 89.51% (+/- 5.21%)
Fold: 40 of 50 Acc: 88.24% Mean: 89.48% (+/- 5.15%)
Fold: 41 of 50 Acc: 94.29% Mean: 89.59% (+/- 5.14%)
Fold: 42 of 50 Acc: 91.43% Mean: 89.64% (+/- 5.08%)
Fold: 43 of 50 Acc: 88.24% Mean: 89.61% (+/- 5.03%)
Fold: 44 of 50 Acc: 85.29% Mean: 89.51% (+/- 5.01%)
Fold: 45 of 50 Acc: 91.18% Mean: 89.54% (+/- 4.96%)
Fold: 46 of 50 Acc: 88.24% Mean: 89.52% (+/- 4.91%)
Fold: 47 of 50 Acc: 94.12% Mean: 89.61% (+/- 4.90%)
Fold: 48 of 50 Acc: 82.35% Mean: 89.46% (+/- 4.96%)
Fold: 49 of 50 Acc: 91.18% Mean: 89.50% (+/- 4.92%)
Fold: 50 of 50 Acc: 91.18% Mean: 89.53% (+/- 4.87%)
Model Type: EfficientNetB0
Fold: 1 of 50 Acc: 74.29% Mean: 74.29% (+/- 0.00%)
Fold: 2 of 50 Acc: 91.43% Mean: 82.86% (+/- 8.57%)
Fold: 3 of 50 Acc: 94.12% Mean: 86.61% (+/- 8.78%)
Fold: 4 of 50 Acc: 91.18% Mean: 87.75% (+/- 7.86%)
Fold: 5 of 50 Acc: 88.24% Mean: 87.85% (+/- 7.03%)
Fold: 6 of 50 Acc: 97.06% Mean: 89.38% (+/- 7.28%)
Fold: 7 of 50 Acc: 94.12% Mean: 90.06% (+/- 6.94%)
Fold: 8 of 50 Acc: 79.41% Mean: 88.73% (+/- 7.39%)
Fold: 9 of 50 Acc: 85.29% Mean: 88.35% (+/- 7.05%)
Fold: 10 of 50 Acc: 85.29% Mean: 88.04% (+/- 6.75%)
Fold: 11 of 50 Acc: 85.71% Mean: 87.83% (+/- 6.47%)
Fold: 12 of 50 Acc: 85.71% Mean: 87.65% (+/- 6.22%)
Fold: 13 of 50 Acc: 88.24% Mean: 87.70% (+/- 5.98%)
Fold: 14 of 50 Acc: 94.12% Mean: 88.16% (+/- 5.99%)
Fold: 15 of 50 Acc: 97.06% Mean: 88.75% (+/- 6.20%)
Fold: 16 of 50 Acc: 91.18% Mean: 88.90% (+/- 6.03%)
Fold: 17 of 50 Acc: 88.24% Mean: 88.86% (+/- 5.85%)
Fold: 18 of 50 Acc: 88.24% Mean: 88.83% (+/- 5.69%)
Fold: 19 of 50 Acc: 91.18% Mean: 88.95% (+/- 5.56%)
Fold: 20 of 50 Acc: 85.29% Mean: 88.77% (+/- 5.48%)
Fold: 21 of 50 Acc: 88.57% Mean: 88.76% (+/- 5.35%)
Fold: 22 of 50 Acc: 88.57% Mean: 88.75% (+/- 5.23%)
Fold: 23 of 50 Acc: 91.18% Mean: 88.86% (+/- 5.14%)
Fold: 24 of 50 Acc: 91.18% Mean: 88.95% (+/- 5.05%)
Fold: 25 of 50 Acc: 88.24% Mean: 88.92% (+/- 4.95%)
Fold: 26 of 50 Acc: 85.29% Mean: 88.78% (+/- 4.90%)
Fold: 27 of 50 Acc: 67.65% Mean: 88.00% (+/- 6.25%)
Fold: 28 of 50 Acc: 85.29% Mean: 87.91% (+/- 6.16%)
Fold: 29 of 50 Acc: 91.18% Mean: 88.02% (+/- 6.08%)
Fold: 30 of 50 Acc: 82.35% Mean: 87.83% (+/- 6.07%)
Fold: 31 of 50 Acc: 91.43% Mean: 87.95% (+/- 6.00%)
Fold: 32 of 50 Acc: 88.57% Mean: 87.96% (+/- 5.91%)
Fold: 33 of 50 Acc: 82.35% Mean: 87.79% (+/- 5.90%)
Fold: 34 of 50 Acc: 70.59% Mean: 87.29% (+/- 6.50%)
Fold: 35 of 50 Acc: 88.24% Mean: 87.32% (+/- 6.40%)
Fold: 36 of 50 Acc: 91.18% Mean: 87.42% (+/- 6.35%)
Fold: 37 of 50 Acc: 88.24% Mean: 87.44% (+/- 6.26%)
Fold: 38 of 50 Acc: 94.12% Mean: 87.62% (+/- 6.27%)
Fold: 39 of 50 Acc: 85.29% Mean: 87.56% (+/- 6.20%)
Fold: 40 of 50 Acc: 88.24% Mean: 87.58% (+/- 6.12%)
Fold: 41 of 50 Acc: 97.14% Mean: 87.81% (+/- 6.23%)
Fold: 42 of 50 Acc: 85.71% Mean: 87.76% (+/- 6.16%)
Fold: 43 of 50 Acc: 91.18% Mean: 87.84% (+/- 6.11%)
Fold: 44 of 50 Acc: 91.18% Mean: 87.92% (+/- 6.06%)
Fold: 45 of 50 Acc: 82.35% Mean: 87.79% (+/- 6.05%)
Fold: 46 of 50 Acc: 85.29% Mean: 87.74% (+/- 5.99%)
Fold: 47 of 50 Acc: 94.12% Mean: 87.87% (+/- 6.00%)
Fold: 48 of 50 Acc: 70.59% Mean: 87.51% (+/- 6.43%)
Fold: 49 of 50 Acc: 85.29% Mean: 87.47% (+/- 6.37%)
Fold: 50 of 50 Acc: 85.29% Mean: 87.43% (+/- 6.31%)
Model Type: EfficientNetB1
Fold: 1 of 50 Acc: 82.86% Mean: 82.86% (+/- 0.00%)
Fold: 2 of 50 Acc: 88.57% Mean: 85.71% (+/- 2.86%)
Fold: 3 of 50 Acc: 85.29% Mean: 85.57% (+/- 2.34%)
Fold: 4 of 50 Acc: 82.35% Mean: 84.77% (+/- 2.46%)
Fold: 5 of 50 Acc: 85.29% Mean: 84.87% (+/- 2.21%)
Fold: 6 of 50 Acc: 94.12% Mean: 86.41% (+/- 3.99%)
Fold: 7 of 50 Acc: 91.18% Mean: 87.09% (+/- 4.05%)
Fold: 8 of 50 Acc: 88.24% Mean: 87.24% (+/- 3.81%)
Fold: 9 of 50 Acc: 94.12% Mean: 88.00% (+/- 4.19%)
Fold: 10 of 50 Acc: 94.12% Mean: 88.61% (+/- 4.38%)
Fold: 11 of 50 Acc: 80.00% Mean: 87.83% (+/- 4.86%)
Fold: 12 of 50 Acc: 82.86% Mean: 87.42% (+/- 4.85%)
Fold: 13 of 50 Acc: 85.29% Mean: 87.25% (+/- 4.69%)
Fold: 14 of 50 Acc: 88.24% Mean: 87.32% (+/- 4.53%)
Fold: 15 of 50 Acc: 85.29% Mean: 87.19% (+/- 4.40%)
Fold: 16 of 50 Acc: 88.24% Mean: 87.25% (+/- 4.27%)
Fold: 17 of 50 Acc: 94.12% Mean: 87.66% (+/- 4.45%)
Fold: 18 of 50 Acc: 97.06% Mean: 88.18% (+/- 4.83%)
Fold: 19 of 50 Acc: 91.18% Mean: 88.34% (+/- 4.75%)
Fold: 20 of 50 Acc: 85.29% Mean: 88.18% (+/- 4.68%)
Fold: 21 of 50 Acc: 91.43% Mean: 88.34% (+/- 4.61%)
Fold: 22 of 50 Acc: 85.71% Mean: 88.22% (+/- 4.54%)
Fold: 23 of 50 Acc: 91.18% Mean: 88.35% (+/- 4.48%)
Fold: 24 of 50 Acc: 91.18% Mean: 88.47% (+/- 4.42%)
Fold: 25 of 50 Acc: 88.24% Mean: 88.46% (+/- 4.34%)
Fold: 26 of 50 Acc: 97.06% Mean: 88.79% (+/- 4.56%)
Fold: 27 of 50 Acc: 76.47% Mean: 88.33% (+/- 5.04%)
Fold: 28 of 50 Acc: 91.18% Mean: 88.43% (+/- 4.98%)
Fold: 29 of 50 Acc: 94.12% Mean: 88.63% (+/- 5.00%)
Fold: 30 of 50 Acc: 85.29% Mean: 88.52% (+/- 4.96%)
Fold: 31 of 50 Acc: 85.71% Mean: 88.43% (+/- 4.90%)
Fold: 32 of 50 Acc: 94.29% Mean: 88.61% (+/- 4.93%)
Fold: 33 of 50 Acc: 94.12% Mean: 88.78% (+/- 4.95%)
Fold: 34 of 50 Acc: 82.35% Mean: 88.59% (+/- 4.99%)
Fold: 35 of 50 Acc: 91.18% Mean: 88.66% (+/- 4.94%)
Fold: 36 of 50 Acc: 85.29% Mean: 88.57% (+/- 4.90%)
Fold: 37 of 50 Acc: 85.29% Mean: 88.48% (+/- 4.86%)
Fold: 38 of 50 Acc: 94.12% Mean: 88.63% (+/- 4.88%)
Fold: 39 of 50 Acc: 91.18% Mean: 88.69% (+/- 4.84%)
Fold: 40 of 50 Acc: 97.06% Mean: 88.90% (+/- 4.95%)
Fold: 41 of 50 Acc: 85.71% Mean: 88.83% (+/- 4.92%)
Fold: 42 of 50 Acc: 97.14% Mean: 89.02% (+/- 5.02%)
Fold: 43 of 50 Acc: 85.29% Mean: 88.94% (+/- 4.99%)
Fold: 44 of 50 Acc: 91.18% Mean: 88.99% (+/- 4.95%)
Fold: 45 of 50 Acc: 91.18% Mean: 89.04% (+/- 4.90%)
Fold: 46 of 50 Acc: 91.18% Mean: 89.08% (+/- 4.86%)
Fold: 47 of 50 Acc: 94.12% Mean: 89.19% (+/- 4.86%)
Fold: 48 of 50 Acc: 79.41% Mean: 88.99% (+/- 5.01%)
Fold: 49 of 50 Acc: 88.24% Mean: 88.97% (+/- 4.96%)
Fold: 50 of 50 Acc: 85.29% Mean: 88.90% (+/- 4.94%)
Model Type: EfficientNetB2
Fold: 1 of 50 Acc: 85.71% Mean: 85.71% (+/- 0.00%)
Fold: 2 of 50 Acc: 97.14% Mean: 91.43% (+/- 5.71%)
Fold: 3 of 50 Acc: 82.35% Mean: 88.40% (+/- 6.33%)
Fold: 4 of 50 Acc: 82.35% Mean: 86.89% (+/- 6.08%)
Fold: 5 of 50 Acc: 85.29% Mean: 86.57% (+/- 5.47%)
Fold: 6 of 50 Acc: 88.24% Mean: 86.85% (+/- 5.03%)
Fold: 7 of 50 Acc: 88.24% Mean: 87.05% (+/- 4.69%)
Fold: 8 of 50 Acc: 91.18% Mean: 87.56% (+/- 4.59%)
Fold: 9 of 50 Acc: 85.29% Mean: 87.31% (+/- 4.39%)
Fold: 10 of 50 Acc: 91.18% Mean: 87.70% (+/- 4.32%)
Fold: 11 of 50 Acc: 85.71% Mean: 87.52% (+/- 4.16%)
Fold: 12 of 50 Acc: 91.43% Mean: 87.84% (+/- 4.13%)
Fold: 13 of 50 Acc: 85.29% Mean: 87.65% (+/- 4.02%)
Fold: 14 of 50 Acc: 97.06% Mean: 88.32% (+/- 4.57%)
Fold: 15 of 50 Acc: 91.18% Mean: 88.51% (+/- 4.47%)
Fold: 16 of 50 Acc: 82.35% Mean: 88.12% (+/- 4.58%)
Fold: 17 of 50 Acc: 88.24% Mean: 88.13% (+/- 4.44%)
Fold: 18 of 50 Acc: 94.12% Mean: 88.46% (+/- 4.53%)
Fold: 19 of 50 Acc: 85.29% Mean: 88.30% (+/- 4.47%)
Fold: 20 of 50 Acc: 73.53% Mean: 87.56% (+/- 5.41%)
Fold: 21 of 50 Acc: 82.86% Mean: 87.33% (+/- 5.38%)
Fold: 22 of 50 Acc: 82.86% Mean: 87.13% (+/- 5.34%)
Fold: 23 of 50 Acc: 88.24% Mean: 87.18% (+/- 5.22%)
Fold: 24 of 50 Acc: 88.24% Mean: 87.22% (+/- 5.12%)
Fold: 25 of 50 Acc: 94.12% Mean: 87.50% (+/- 5.19%)
Fold: 26 of 50 Acc: 91.18% Mean: 87.64% (+/- 5.14%)
Fold: 27 of 50 Acc: 76.47% Mean: 87.23% (+/- 5.47%)
Fold: 28 of 50 Acc: 88.24% Mean: 87.26% (+/- 5.37%)
Fold: 29 of 50 Acc: 88.24% Mean: 87.30% (+/- 5.28%)
Fold: 30 of 50 Acc: 76.47% Mean: 86.94% (+/- 5.55%)
Fold: 31 of 50 Acc: 88.57% Mean: 86.99% (+/- 5.46%)
Fold: 32 of 50 Acc: 88.57% Mean: 87.04% (+/- 5.38%)
Fold: 33 of 50 Acc: 91.18% Mean: 87.16% (+/- 5.35%)
Fold: 34 of 50 Acc: 76.47% Mean: 86.85% (+/- 5.57%)
Fold: 35 of 50 Acc: 88.24% Mean: 86.89% (+/- 5.50%)
Fold: 36 of 50 Acc: 85.29% Mean: 86.84% (+/- 5.43%)
Fold: 37 of 50 Acc: 82.35% Mean: 86.72% (+/- 5.40%)
Fold: 38 of 50 Acc: 94.12% Mean: 86.92% (+/- 5.46%)
Fold: 39 of 50 Acc: 88.24% Mean: 86.95% (+/- 5.39%)
Fold: 40 of 50 Acc: 88.24% Mean: 86.98% (+/- 5.33%)
Fold: 41 of 50 Acc: 82.86% Mean: 86.88% (+/- 5.30%)
Fold: 42 of 50 Acc: 94.29% Mean: 87.06% (+/- 5.36%)
Fold: 43 of 50 Acc: 91.18% Mean: 87.15% (+/- 5.33%)
Fold: 44 of 50 Acc: 82.35% Mean: 87.05% (+/- 5.32%)
Fold: 45 of 50 Acc: 91.18% Mean: 87.14% (+/- 5.29%)
Fold: 46 of 50 Acc: 82.35% Mean: 87.03% (+/- 5.28%)
Fold: 47 of 50 Acc: 91.18% Mean: 87.12% (+/- 5.26%)
Fold: 48 of 50 Acc: 67.65% Mean: 86.72% (+/- 5.90%)
Fold: 49 of 50 Acc: 91.18% Mean: 86.81% (+/- 5.88%)
Fold: 50 of 50 Acc: 97.06% Mean: 87.01% (+/- 5.99%)
Model Type: EfficientNetB3
Fold: 1 of 50 Acc: 77.14% Mean: 77.14% (+/- 0.00%)
Fold: 2 of 50 Acc: 94.29% Mean: 85.71% (+/- 8.57%)
Fold: 3 of 50 Acc: 85.29% Mean: 85.57% (+/- 7.00%)
Fold: 4 of 50 Acc: 94.12% Mean: 87.71% (+/- 7.10%)
Fold: 5 of 50 Acc: 88.24% Mean: 87.82% (+/- 6.36%)
Fold: 6 of 50 Acc: 94.12% Mean: 88.87% (+/- 6.26%)
Fold: 7 of 50 Acc: 88.24% Mean: 88.78% (+/- 5.80%)
Fold: 8 of 50 Acc: 82.35% Mean: 87.97% (+/- 5.83%)
Fold: 9 of 50 Acc: 94.12% Mean: 88.66% (+/- 5.82%)
Fold: 10 of 50 Acc: 85.29% Mean: 88.32% (+/- 5.62%)
Fold: 11 of 50 Acc: 85.71% Mean: 88.08% (+/- 5.41%)
Fold: 12 of 50 Acc: 85.71% Mean: 87.89% (+/- 5.22%)
Fold: 13 of 50 Acc: 91.18% Mean: 88.14% (+/- 5.09%)
Fold: 14 of 50 Acc: 97.06% Mean: 88.78% (+/- 5.41%)
Fold: 15 of 50 Acc: 91.18% Mean: 88.94% (+/- 5.27%)
Fold: 16 of 50 Acc: 82.35% Mean: 88.52% (+/- 5.34%)
Fold: 17 of 50 Acc: 88.24% Mean: 88.51% (+/- 5.18%)
Fold: 18 of 50 Acc: 91.18% Mean: 88.66% (+/- 5.07%)
Fold: 19 of 50 Acc: 91.18% Mean: 88.79% (+/- 4.97%)
Fold: 20 of 50 Acc: 85.29% Mean: 88.61% (+/- 4.90%)
Fold: 21 of 50 Acc: 91.43% Mean: 88.75% (+/- 4.82%)
Fold: 22 of 50 Acc: 85.71% Mean: 88.61% (+/- 4.75%)
Fold: 23 of 50 Acc: 97.06% Mean: 88.98% (+/- 4.96%)
Fold: 24 of 50 Acc: 85.29% Mean: 88.82% (+/- 4.91%)
Fold: 25 of 50 Acc: 94.12% Mean: 89.04% (+/- 4.92%)
Fold: 26 of 50 Acc: 88.24% Mean: 89.00% (+/- 4.83%)
Fold: 27 of 50 Acc: 79.41% Mean: 88.65% (+/- 5.07%)
Fold: 28 of 50 Acc: 88.24% Mean: 88.63% (+/- 4.98%)
Fold: 29 of 50 Acc: 91.18% Mean: 88.72% (+/- 4.92%)
Fold: 30 of 50 Acc: 82.35% Mean: 88.51% (+/- 4.97%)
Fold: 31 of 50 Acc: 94.29% Mean: 88.70% (+/- 4.99%)
Fold: 32 of 50 Acc: 91.43% Mean: 88.78% (+/- 4.94%)
Fold: 33 of 50 Acc: 91.18% Mean: 88.85% (+/- 4.88%)
Fold: 34 of 50 Acc: 82.35% Mean: 88.66% (+/- 4.93%)
Fold: 35 of 50 Acc: 85.29% Mean: 88.57% (+/- 4.89%)
Fold: 36 of 50 Acc: 85.29% Mean: 88.48% (+/- 4.85%)
Fold: 37 of 50 Acc: 88.24% Mean: 88.47% (+/- 4.79%)
Fold: 38 of 50 Acc: 97.06% Mean: 88.70% (+/- 4.92%)
Fold: 39 of 50 Acc: 82.35% Mean: 88.53% (+/- 4.96%)
Fold: 40 of 50 Acc: 91.18% Mean: 88.60% (+/- 4.91%)
Fold: 41 of 50 Acc: 91.43% Mean: 88.67% (+/- 4.87%)
Fold: 42 of 50 Acc: 88.57% Mean: 88.67% (+/- 4.81%)
Fold: 43 of 50 Acc: 85.29% Mean: 88.59% (+/- 4.79%)
Fold: 44 of 50 Acc: 88.24% Mean: 88.58% (+/- 4.73%)
Fold: 45 of 50 Acc: 91.18% Mean: 88.64% (+/- 4.69%)
Fold: 46 of 50 Acc: 91.18% Mean: 88.69% (+/- 4.66%)
Fold: 47 of 50 Acc: 91.18% Mean: 88.74% (+/- 4.62%)
Fold: 48 of 50 Acc: 76.47% Mean: 88.49% (+/- 4.90%)
Fold: 49 of 50 Acc: 82.35% Mean: 88.36% (+/- 4.92%)
Fold: 50 of 50 Acc: 91.18% Mean: 88.42% (+/- 4.89%)
Model Type: EfficientNetB4
Fold: 1 of 50 Acc: 80.00% Mean: 80.00% (+/- 0.00%)
Fold: 2 of 50 Acc: 91.43% Mean: 85.71% (+/- 5.71%)
Fold: 3 of 50 Acc: 82.35% Mean: 84.59% (+/- 4.93%)
Fold: 4 of 50 Acc: 97.06% Mean: 87.71% (+/- 6.88%)
Fold: 5 of 50 Acc: 91.18% Mean: 88.40% (+/- 6.31%)
Fold: 6 of 50 Acc: 85.29% Mean: 87.89% (+/- 5.87%)
Fold: 7 of 50 Acc: 85.29% Mean: 87.52% (+/- 5.51%)
Fold: 8 of 50 Acc: 91.18% Mean: 87.97% (+/- 5.30%)
Fold: 9 of 50 Acc: 94.12% Mean: 88.66% (+/- 5.36%)
Fold: 10 of 50 Acc: 82.35% Mean: 88.03% (+/- 5.42%)
Fold: 11 of 50 Acc: 88.57% Mean: 88.07% (+/- 5.17%)
Fold: 12 of 50 Acc: 82.86% Mean: 87.64% (+/- 5.16%)
Fold: 13 of 50 Acc: 91.18% Mean: 87.91% (+/- 5.04%)
Fold: 14 of 50 Acc: 100.00% Mean: 88.78% (+/- 5.77%)
Fold: 15 of 50 Acc: 88.24% Mean: 88.74% (+/- 5.58%)
Fold: 16 of 50 Acc: 91.18% Mean: 88.89% (+/- 5.43%)
Fold: 17 of 50 Acc: 82.35% Mean: 88.51% (+/- 5.49%)
Fold: 18 of 50 Acc: 88.24% Mean: 88.49% (+/- 5.34%)
Fold: 19 of 50 Acc: 88.24% Mean: 88.48% (+/- 5.19%)
Fold: 20 of 50 Acc: 88.24% Mean: 88.47% (+/- 5.06%)
Fold: 21 of 50 Acc: 85.71% Mean: 88.34% (+/- 4.98%)
Fold: 22 of 50 Acc: 88.57% Mean: 88.35% (+/- 4.86%)
Fold: 23 of 50 Acc: 88.24% Mean: 88.34% (+/- 4.75%)
Fold: 24 of 50 Acc: 88.24% Mean: 88.34% (+/- 4.65%)
Fold: 25 of 50 Acc: 82.35% Mean: 88.10% (+/- 4.71%)
Fold: 26 of 50 Acc: 88.24% Mean: 88.10% (+/- 4.62%)
Fold: 27 of 50 Acc: 76.47% Mean: 87.67% (+/- 5.04%)
Fold: 28 of 50 Acc: 91.18% Mean: 87.80% (+/- 4.99%)
Fold: 29 of 50 Acc: 94.12% Mean: 88.02% (+/- 5.03%)
Fold: 30 of 50 Acc: 79.41% Mean: 87.73% (+/- 5.18%)
Fold: 31 of 50 Acc: 88.57% Mean: 87.76% (+/- 5.10%)
Fold: 32 of 50 Acc: 88.57% Mean: 87.78% (+/- 5.02%)
Fold: 33 of 50 Acc: 94.12% Mean: 87.97% (+/- 5.07%)
Fold: 34 of 50 Acc: 85.29% Mean: 87.89% (+/- 5.01%)
Fold: 35 of 50 Acc: 91.18% Mean: 87.99% (+/- 4.97%)
Fold: 36 of 50 Acc: 82.35% Mean: 87.83% (+/- 4.99%)
Fold: 37 of 50 Acc: 91.18% Mean: 87.92% (+/- 4.95%)
Fold: 38 of 50 Acc: 85.29% Mean: 87.85% (+/- 4.90%)
Fold: 39 of 50 Acc: 85.29% Mean: 87.79% (+/- 4.85%)
Fold: 40 of 50 Acc: 85.29% Mean: 87.72% (+/- 4.81%)
Fold: 41 of 50 Acc: 94.29% Mean: 87.88% (+/- 4.86%)
Fold: 42 of 50 Acc: 88.57% Mean: 87.90% (+/- 4.80%)
Fold: 43 of 50 Acc: 85.29% Mean: 87.84% (+/- 4.76%)
Fold: 44 of 50 Acc: 85.29% Mean: 87.78% (+/- 4.72%)
Fold: 45 of 50 Acc: 88.24% Mean: 87.79% (+/- 4.67%)
Fold: 46 of 50 Acc: 85.29% Mean: 87.74% (+/- 4.63%)
Fold: 47 of 50 Acc: 91.18% Mean: 87.81% (+/- 4.61%)
Fold: 48 of 50 Acc: 76.47% Mean: 87.58% (+/- 4.84%)
Fold: 49 of 50 Acc: 82.35% Mean: 87.47% (+/- 4.85%)
Fold: 50 of 50 Acc: 88.24% Mean: 87.48% (+/- 4.80%)
Model Type: EfficientNetB5
Fold: 1 of 50 Acc: 85.71% Mean: 85.71% (+/- 0.00%)
Fold: 2 of 50 Acc: 94.29% Mean: 90.00% (+/- 4.29%)
Fold: 3 of 50 Acc: 88.24% Mean: 89.41% (+/- 3.60%)
Fold: 4 of 50 Acc: 94.12% Mean: 90.59% (+/- 3.72%)
Fold: 5 of 50 Acc: 85.29% Mean: 89.53% (+/- 3.95%)
Fold: 6 of 50 Acc: 85.29% Mean: 88.82% (+/- 3.93%)
Fold: 7 of 50 Acc: 82.35% Mean: 87.90% (+/- 4.29%)
Fold: 8 of 50 Acc: 91.18% Mean: 88.31% (+/- 4.15%)
Fold: 9 of 50 Acc: 91.18% Mean: 88.63% (+/- 4.02%)
Fold: 10 of 50 Acc: 91.18% Mean: 88.88% (+/- 3.89%)
Fold: 11 of 50 Acc: 94.29% Mean: 89.37% (+/- 4.02%)
Fold: 12 of 50 Acc: 85.71% Mean: 89.07% (+/- 3.98%)
Fold: 13 of 50 Acc: 85.29% Mean: 88.78% (+/- 3.95%)
Fold: 14 of 50 Acc: 94.12% Mean: 89.16% (+/- 4.05%)
Fold: 15 of 50 Acc: 91.18% Mean: 89.29% (+/- 3.95%)
Fold: 16 of 50 Acc: 88.24% Mean: 89.23% (+/- 3.83%)
Fold: 17 of 50 Acc: 88.24% Mean: 89.17% (+/- 3.72%)
Fold: 18 of 50 Acc: 91.18% Mean: 89.28% (+/- 3.65%)
Fold: 19 of 50 Acc: 88.24% Mean: 89.23% (+/- 3.56%)
Fold: 20 of 50 Acc: 88.24% Mean: 89.18% (+/- 3.47%)
Fold: 21 of 50 Acc: 91.43% Mean: 89.28% (+/- 3.42%)
Fold: 22 of 50 Acc: 85.71% Mean: 89.12% (+/- 3.43%)
Fold: 23 of 50 Acc: 94.12% Mean: 89.34% (+/- 3.50%)
Fold: 24 of 50 Acc: 94.12% Mean: 89.54% (+/- 3.56%)
Fold: 25 of 50 Acc: 88.24% Mean: 89.49% (+/- 3.50%)
Fold: 26 of 50 Acc: 100.00% Mean: 89.89% (+/- 3.98%)
Fold: 27 of 50 Acc: 82.35% Mean: 89.61% (+/- 4.16%)
Fold: 28 of 50 Acc: 88.24% Mean: 89.56% (+/- 4.09%)
Fold: 29 of 50 Acc: 91.18% Mean: 89.62% (+/- 4.03%)
Fold: 30 of 50 Acc: 88.24% Mean: 89.57% (+/- 3.97%)
Fold: 31 of 50 Acc: 82.86% Mean: 89.35% (+/- 4.08%)
Fold: 32 of 50 Acc: 91.43% Mean: 89.42% (+/- 4.03%)
Fold: 33 of 50 Acc: 94.12% Mean: 89.56% (+/- 4.05%)
Fold: 34 of 50 Acc: 82.35% Mean: 89.35% (+/- 4.17%)
Fold: 35 of 50 Acc: 85.29% Mean: 89.23% (+/- 4.17%)
Fold: 36 of 50 Acc: 91.18% Mean: 89.29% (+/- 4.12%)
Fold: 37 of 50 Acc: 91.18% Mean: 89.34% (+/- 4.08%)
Fold: 38 of 50 Acc: 91.18% Mean: 89.39% (+/- 4.04%)
Fold: 39 of 50 Acc: 91.18% Mean: 89.43% (+/- 3.99%)
Fold: 40 of 50 Acc: 97.06% Mean: 89.62% (+/- 4.12%)
Fold: 41 of 50 Acc: 88.57% Mean: 89.60% (+/- 4.07%)
Fold: 42 of 50 Acc: 91.43% Mean: 89.64% (+/- 4.03%)
Fold: 43 of 50 Acc: 88.24% Mean: 89.61% (+/- 3.99%)
Fold: 44 of 50 Acc: 88.24% Mean: 89.58% (+/- 3.95%)
Fold: 45 of 50 Acc: 100.00% Mean: 89.81% (+/- 4.20%)
Fold: 46 of 50 Acc: 91.18% Mean: 89.84% (+/- 4.16%)
Fold: 47 of 50 Acc: 97.06% Mean: 89.99% (+/- 4.24%)
Fold: 48 of 50 Acc: 79.41% Mean: 89.77% (+/- 4.46%)
Fold: 49 of 50 Acc: 88.24% Mean: 89.74% (+/- 4.42%)
Fold: 50 of 50 Acc: 91.18% Mean: 89.77% (+/- 4.38%)
Model Type: EfficientNetB6
Fold: 1 of 50 Acc: 91.43% Mean: 91.43% (+/- 0.00%)
Fold: 2 of 50 Acc: 88.57% Mean: 90.00% (+/- 1.43%)
Fold: 3 of 50 Acc: 79.41% Mean: 86.47% (+/- 5.13%)
Fold: 4 of 50 Acc: 94.12% Mean: 88.38% (+/- 5.54%)
Fold: 5 of 50 Acc: 85.29% Mean: 87.76% (+/- 5.11%)
Fold: 6 of 50 Acc: 85.29% Mean: 87.35% (+/- 4.75%)
Fold: 7 of 50 Acc: 79.41% Mean: 86.22% (+/- 5.20%)
Fold: 8 of 50 Acc: 85.29% Mean: 86.10% (+/- 4.88%)
Fold: 9 of 50 Acc: 85.29% Mean: 86.01% (+/- 4.60%)
Fold: 10 of 50 Acc: 91.18% Mean: 86.53% (+/- 4.63%)
Fold: 11 of 50 Acc: 94.29% Mean: 87.23% (+/- 4.95%)
Fold: 12 of 50 Acc: 85.71% Mean: 87.11% (+/- 4.76%)
Fold: 13 of 50 Acc: 85.29% Mean: 86.97% (+/- 4.60%)
Fold: 14 of 50 Acc: 94.12% Mean: 87.48% (+/- 4.80%)
Fold: 15 of 50 Acc: 79.41% Mean: 86.94% (+/- 5.05%)
Fold: 16 of 50 Acc: 91.18% Mean: 87.21% (+/- 5.00%)
Fold: 17 of 50 Acc: 88.24% Mean: 87.27% (+/- 4.85%)
Fold: 18 of 50 Acc: 85.29% Mean: 87.16% (+/- 4.74%)
Fold: 19 of 50 Acc: 85.29% Mean: 87.06% (+/- 4.63%)
Fold: 20 of 50 Acc: 85.29% Mean: 86.97% (+/- 4.53%)
Fold: 21 of 50 Acc: 82.86% Mean: 86.77% (+/- 4.51%)
Fold: 22 of 50 Acc: 82.86% Mean: 86.60% (+/- 4.48%)
Fold: 23 of 50 Acc: 85.29% Mean: 86.54% (+/- 4.39%)
Fold: 24 of 50 Acc: 88.24% Mean: 86.61% (+/- 4.31%)
Fold: 25 of 50 Acc: 85.29% Mean: 86.56% (+/- 4.23%)
Fold: 26 of 50 Acc: 97.06% Mean: 86.96% (+/- 4.61%)
Fold: 27 of 50 Acc: 79.41% Mean: 86.68% (+/- 4.75%)
Fold: 28 of 50 Acc: 91.18% Mean: 86.84% (+/- 4.73%)
Fold: 29 of 50 Acc: 82.35% Mean: 86.69% (+/- 4.72%)
Fold: 30 of 50 Acc: 85.29% Mean: 86.64% (+/- 4.65%)
Fold: 31 of 50 Acc: 85.71% Mean: 86.61% (+/- 4.58%)
Fold: 32 of 50 Acc: 91.43% Mean: 86.76% (+/- 4.58%)
Fold: 33 of 50 Acc: 97.06% Mean: 87.07% (+/- 4.85%)
Fold: 34 of 50 Acc: 82.35% Mean: 86.94% (+/- 4.84%)
Fold: 35 of 50 Acc: 88.24% Mean: 86.97% (+/- 4.78%)
Fold: 36 of 50 Acc: 79.41% Mean: 86.76% (+/- 4.87%)
Fold: 37 of 50 Acc: 82.35% Mean: 86.64% (+/- 4.86%)
Fold: 38 of 50 Acc: 91.18% Mean: 86.76% (+/- 4.85%)
Fold: 39 of 50 Acc: 91.18% Mean: 86.88% (+/- 4.84%)
Fold: 40 of 50 Acc: 97.06% Mean: 87.13% (+/- 5.03%)
Fold: 41 of 50 Acc: 88.57% Mean: 87.17% (+/- 4.98%)
Fold: 42 of 50 Acc: 91.43% Mean: 87.27% (+/- 4.96%)
Fold: 43 of 50 Acc: 85.29% Mean: 87.22% (+/- 4.91%)
Fold: 44 of 50 Acc: 85.29% Mean: 87.18% (+/- 4.86%)
Fold: 45 of 50 Acc: 88.24% Mean: 87.20% (+/- 4.81%)
Fold: 46 of 50 Acc: 88.24% Mean: 87.22% (+/- 4.76%)
Fold: 47 of 50 Acc: 85.29% Mean: 87.18% (+/- 4.72%)
Fold: 48 of 50 Acc: 79.41% Mean: 87.02% (+/- 4.80%)
Fold: 49 of 50 Acc: 88.24% Mean: 87.05% (+/- 4.75%)
Fold: 50 of 50 Acc: 91.18% Mean: 87.13% (+/- 4.74%)
Model Type: EfficientNetB7
