Machine: DONALD
Date: 11/02/2023 Time: 12:07:38
Config.: A
Alternative Dense Layer: False
Pooling Application Layer: avg
Data Augmentation: False
Data Augmentation Multiplier: 1
Fine Tuning: False
Multi Optimizer: False
Optimizer: RMSprop
Batch Size: 16
Restore Best Weights: False
Model: MobileNet

Instance: 1 Fold: 1 of 50 Acc: 88.57% Mean: 88.57% (+/- 0.00%)
Instance: 1 Fold: 2 of 50 Acc: 88.57% Mean: 88.57% (+/- 0.00%)
Instance: 1 Fold: 3 of 50 Acc: 82.35% Mean: 86.50% (+/- 2.93%)
Instance: 1 Fold: 4 of 50 Acc: 91.18% Mean: 87.67% (+/- 3.25%)
Instance: 1 Fold: 5 of 50 Acc: 91.18% Mean: 88.37% (+/- 3.23%)
Instance: 1 Fold: 6 of 50 Acc: 94.12% Mean: 89.33% (+/- 3.64%)
Instance: 1 Fold: 7 of 50 Acc: 100.00% Mean: 90.85% (+/- 5.03%)
Instance: 1 Fold: 8 of 50 Acc: 85.29% Mean: 90.16% (+/- 5.05%)
Instance: 1 Fold: 9 of 50 Acc: 88.24% Mean: 89.94% (+/- 4.80%)
Instance: 1 Fold: 10 of 50 Acc: 88.24% Mean: 89.77% (+/- 4.58%)
Instance: 1 Fold: 11 of 50 Acc: 97.14% Mean: 90.44% (+/- 4.86%)
Instance: 1 Fold: 12 of 50 Acc: 91.43% Mean: 90.53% (+/- 4.66%)
Instance: 1 Fold: 13 of 50 Acc: 97.06% Mean: 91.03% (+/- 4.80%)
Instance: 1 Fold: 14 of 50 Acc: 100.00% Mean: 91.67% (+/- 5.17%)
Instance: 1 Fold: 15 of 50 Acc: 94.12% Mean: 91.83% (+/- 5.03%)
Instance: 1 Fold: 16 of 50 Acc: 76.47% Mean: 90.87% (+/- 6.13%)
Instance: 1 Fold: 17 of 50 Acc: 91.18% Mean: 90.89% (+/- 5.95%)
Instance: 1 Fold: 18 of 50 Acc: 88.24% Mean: 90.74% (+/- 5.81%)
Instance: 1 Fold: 19 of 50 Acc: 97.06% Mean: 91.07% (+/- 5.83%)
Instance: 1 Fold: 20 of 50 Acc: 82.35% Mean: 90.64% (+/- 5.99%)
Instance: 1 Fold: 21 of 50 Acc: 85.71% Mean: 90.40% (+/- 5.94%)
Instance: 1 Fold: 22 of 50 Acc: 88.57% Mean: 90.32% (+/- 5.82%)
Instance: 1 Fold: 23 of 50 Acc: 97.06% Mean: 90.61% (+/- 5.85%)
Instance: 1 Fold: 24 of 50 Acc: 91.18% Mean: 90.64% (+/- 5.73%)
Instance: 1 Fold: 25 of 50 Acc: 94.12% Mean: 90.78% (+/- 5.66%)
Instance: 1 Fold: 26 of 50 Acc: 94.12% Mean: 90.90% (+/- 5.58%)
Instance: 1 Fold: 27 of 50 Acc: 82.35% Mean: 90.59% (+/- 5.71%)
Instance: 1 Fold: 28 of 50 Acc: 100.00% Mean: 90.92% (+/- 5.87%)
Instance: 1 Fold: 29 of 50 Acc: 91.18% Mean: 90.93% (+/- 5.77%)
Instance: 1 Fold: 30 of 50 Acc: 91.18% Mean: 90.94% (+/- 5.68%)
Instance: 1 Fold: 31 of 50 Acc: 97.14% Mean: 91.14% (+/- 5.69%)
Instance: 1 Fold: 32 of 50 Acc: 94.29% Mean: 91.24% (+/- 5.63%)
Instance: 1 Fold: 33 of 50 Acc: 85.29% Mean: 91.06% (+/- 5.63%)
Instance: 1 Fold: 34 of 50 Acc: 82.35% Mean: 90.80% (+/- 5.74%)
Instance: 1 Fold: 35 of 50 Acc: 100.00% Mean: 91.07% (+/- 5.86%)
Instance: 1 Fold: 36 of 50 Acc: 97.06% Mean: 91.23% (+/- 5.86%)
Instance: 1 Fold: 37 of 50 Acc: 91.18% Mean: 91.23% (+/- 5.79%)
Instance: 1 Fold: 38 of 50 Acc: 97.06% Mean: 91.38% (+/- 5.78%)
Instance: 1 Fold: 39 of 50 Acc: 97.06% Mean: 91.53% (+/- 5.78%)
Instance: 1 Fold: 40 of 50 Acc: 94.12% Mean: 91.59% (+/- 5.72%)
Instance: 1 Fold: 41 of 50 Acc: 91.43% Mean: 91.59% (+/- 5.65%)
Instance: 1 Fold: 42 of 50 Acc: 91.43% Mean: 91.59% (+/- 5.58%)
Instance: 1 Fold: 43 of 50 Acc: 97.06% Mean: 91.71% (+/- 5.58%)
Instance: 1 Fold: 44 of 50 Acc: 91.18% Mean: 91.70% (+/- 5.52%)
Instance: 1 Fold: 45 of 50 Acc: 97.06% Mean: 91.82% (+/- 5.51%)
Instance: 1 Fold: 46 of 50 Acc: 88.24% Mean: 91.74% (+/- 5.48%)
Instance: 1 Fold: 47 of 50 Acc: 97.06% Mean: 91.86% (+/- 5.47%)
Instance: 1 Fold: 48 of 50 Acc: 88.24% Mean: 91.78% (+/- 5.44%)
Instance: 1 Fold: 49 of 50 Acc: 85.29% Mean: 91.65% (+/- 5.46%)
Instance: 1 Fold: 50 of 50 Acc: 88.24% Mean: 91.58% (+/- 5.43%)
Instance: 2 Fold: 1 of 50 Acc: 97.14% Mean: 91.69% (+/- 5.43%)
Instance: 2 Fold: 2 of 50 Acc: 88.57% Mean: 91.63% (+/- 5.39%)
Instance: 2 Fold: 3 of 50 Acc: 85.29% Mean: 91.51% (+/- 5.41%)
Instance: 2 Fold: 4 of 50 Acc: 85.29% Mean: 91.39% (+/- 5.43%)
Instance: 2 Fold: 5 of 50 Acc: 91.18% Mean: 91.39% (+/- 5.38%)
Instance: 2 Fold: 6 of 50 Acc: 91.18% Mean: 91.39% (+/- 5.33%)
Instance: 2 Fold: 7 of 50 Acc: 100.00% Mean: 91.54% (+/- 5.40%)
Instance: 2 Fold: 8 of 50 Acc: 88.24% Mean: 91.48% (+/- 5.37%)
Instance: 2 Fold: 9 of 50 Acc: 88.24% Mean: 91.43% (+/- 5.34%)
Instance: 2 Fold: 10 of 50 Acc: 88.24% Mean: 91.37% (+/- 5.31%)
Instance: 2 Fold: 11 of 50 Acc: 94.29% Mean: 91.42% (+/- 5.28%)
Instance: 2 Fold: 12 of 50 Acc: 94.29% Mean: 91.47% (+/- 5.25%)
Instance: 2 Fold: 13 of 50 Acc: 91.18% Mean: 91.46% (+/- 5.21%)
Instance: 2 Fold: 14 of 50 Acc: 97.06% Mean: 91.55% (+/- 5.22%)
Instance: 2 Fold: 15 of 50 Acc: 94.12% Mean: 91.59% (+/- 5.19%)
Instance: 2 Fold: 16 of 50 Acc: 79.41% Mean: 91.40% (+/- 5.36%)
Instance: 2 Fold: 17 of 50 Acc: 85.29% Mean: 91.31% (+/- 5.37%)
Instance: 2 Fold: 18 of 50 Acc: 88.24% Mean: 91.27% (+/- 5.34%)
Instance: 2 Fold: 19 of 50 Acc: 94.12% Mean: 91.31% (+/- 5.31%)
Instance: 2 Fold: 20 of 50 Acc: 82.35% Mean: 91.18% (+/- 5.38%)
Instance: 2 Fold: 21 of 50 Acc: 88.57% Mean: 91.14% (+/- 5.35%)
Instance: 2 Fold: 22 of 50 Acc: 85.71% Mean: 91.07% (+/- 5.35%)
Instance: 2 Fold: 23 of 50 Acc: 97.06% Mean: 91.15% (+/- 5.36%)
Instance: 2 Fold: 24 of 50 Acc: 91.18% Mean: 91.15% (+/- 5.32%)
Instance: 2 Fold: 25 of 50 Acc: 97.06% Mean: 91.23% (+/- 5.33%)
Instance: 2 Fold: 26 of 50 Acc: 94.12% Mean: 91.27% (+/- 5.31%)
Instance: 2 Fold: 27 of 50 Acc: 85.29% Mean: 91.19% (+/- 5.32%)
Instance: 2 Fold: 28 of 50 Acc: 100.00% Mean: 91.30% (+/- 5.37%)
Instance: 2 Fold: 29 of 50 Acc: 88.24% Mean: 91.26% (+/- 5.35%)
Instance: 2 Fold: 30 of 50 Acc: 88.24% Mean: 91.23% (+/- 5.33%)
Instance: 2 Fold: 31 of 50 Acc: 91.43% Mean: 91.23% (+/- 5.29%)
Instance: 2 Fold: 32 of 50 Acc: 94.29% Mean: 91.27% (+/- 5.27%)
Instance: 2 Fold: 33 of 50 Acc: 85.29% Mean: 91.19% (+/- 5.28%)
Instance: 2 Fold: 34 of 50 Acc: 73.53% Mean: 90.98% (+/- 5.59%)
Instance: 2 Fold: 35 of 50 Acc: 97.06% Mean: 91.06% (+/- 5.59%)
Instance: 2 Fold: 36 of 50 Acc: 94.12% Mean: 91.09% (+/- 5.57%)
Instance: 2 Fold: 37 of 50 Acc: 91.18% Mean: 91.09% (+/- 5.54%)
Instance: 2 Fold: 38 of 50 Acc: 94.12% Mean: 91.13% (+/- 5.52%)
Instance: 2 Fold: 39 of 50 Acc: 85.29% Mean: 91.06% (+/- 5.52%)
Instance: 2 Fold: 40 of 50 Acc: 97.06% Mean: 91.13% (+/- 5.53%)
Instance: 2 Fold: 41 of 50 Acc: 91.43% Mean: 91.13% (+/- 5.50%)
Instance: 2 Fold: 42 of 50 Acc: 85.71% Mean: 91.07% (+/- 5.49%)
Instance: 2 Fold: 43 of 50 Acc: 97.06% Mean: 91.14% (+/- 5.50%)
Instance: 2 Fold: 44 of 50 Acc: 85.29% Mean: 91.07% (+/- 5.50%)
Instance: 2 Fold: 45 of 50 Acc: 91.18% Mean: 91.08% (+/- 5.47%)
Instance: 2 Fold: 46 of 50 Acc: 85.29% Mean: 91.02% (+/- 5.48%)
Instance: 2 Fold: 47 of 50 Acc: 97.06% Mean: 91.08% (+/- 5.48%)
Instance: 2 Fold: 48 of 50 Acc: 85.29% Mean: 91.02% (+/- 5.49%)
Instance: 2 Fold: 49 of 50 Acc: 91.18% Mean: 91.02% (+/- 5.46%)
Instance: 2 Fold: 50 of 50 Acc: 94.12% Mean: 91.05% (+/- 5.44%)
Instance: 3 Fold: 1 of 50 Acc: 88.57% Mean: 91.03% (+/- 5.42%)
Instance: 3 Fold: 2 of 50 Acc: 88.57% Mean: 91.00% (+/- 5.40%)
Instance: 3 Fold: 3 of 50 Acc: 85.29% Mean: 90.95% (+/- 5.40%)
Instance: 3 Fold: 4 of 50 Acc: 82.35% Mean: 90.86% (+/- 5.44%)
Instance: 3 Fold: 5 of 50 Acc: 91.18% Mean: 90.87% (+/- 5.41%)
Instance: 3 Fold: 6 of 50 Acc: 97.06% Mean: 90.93% (+/- 5.42%)
Instance: 3 Fold: 7 of 50 Acc: 100.00% Mean: 91.01% (+/- 5.46%)
Instance: 3 Fold: 8 of 50 Acc: 91.18% Mean: 91.01% (+/- 5.44%)
Instance: 3 Fold: 9 of 50 Acc: 91.18% Mean: 91.01% (+/- 5.41%)
Instance: 3 Fold: 10 of 50 Acc: 88.24% Mean: 90.99% (+/- 5.40%)
Instance: 3 Fold: 11 of 50 Acc: 94.29% Mean: 91.02% (+/- 5.38%)
Instance: 3 Fold: 12 of 50 Acc: 91.43% Mean: 91.02% (+/- 5.36%)
Instance: 3 Fold: 13 of 50 Acc: 97.06% Mean: 91.08% (+/- 5.36%)
Instance: 3 Fold: 14 of 50 Acc: 94.12% Mean: 91.10% (+/- 5.35%)
Instance: 3 Fold: 15 of 50 Acc: 94.12% Mean: 91.13% (+/- 5.33%)
Instance: 3 Fold: 16 of 50 Acc: 82.35% Mean: 91.05% (+/- 5.37%)
Instance: 3 Fold: 17 of 50 Acc: 85.29% Mean: 91.00% (+/- 5.37%)
Instance: 3 Fold: 18 of 50 Acc: 91.18% Mean: 91.00% (+/- 5.35%)
Instance: 3 Fold: 19 of 50 Acc: 88.24% Mean: 90.98% (+/- 5.33%)
Instance: 3 Fold: 20 of 50 Acc: 85.29% Mean: 90.93% (+/- 5.34%)
Instance: 3 Fold: 21 of 50 Acc: 91.43% Mean: 90.94% (+/- 5.31%)
Instance: 3 Fold: 22 of 50 Acc: 85.71% Mean: 90.90% (+/- 5.31%)
Instance: 3 Fold: 23 of 50 Acc: 91.18% Mean: 90.90% (+/- 5.29%)
Instance: 3 Fold: 24 of 50 Acc: 94.12% Mean: 90.92% (+/- 5.28%)
Instance: 3 Fold: 25 of 50 Acc: 94.12% Mean: 90.95% (+/- 5.26%)
Instance: 3 Fold: 26 of 50 Acc: 94.12% Mean: 90.97% (+/- 5.25%)
Instance: 3 Fold: 27 of 50 Acc: 88.24% Mean: 90.95% (+/- 5.24%)
Instance: 3 Fold: 28 of 50 Acc: 94.12% Mean: 90.98% (+/- 5.22%)
Instance: 3 Fold: 29 of 50 Acc: 91.18% Mean: 90.98% (+/- 5.20%)
Instance: 3 Fold: 30 of 50 Acc: 88.24% Mean: 90.96% (+/- 5.19%)
Instance: 3 Fold: 31 of 50 Acc: 91.43% Mean: 90.96% (+/- 5.17%)
Instance: 3 Fold: 32 of 50 Acc: 91.43% Mean: 90.97% (+/- 5.15%)
Instance: 3 Fold: 33 of 50 Acc: 88.24% Mean: 90.94% (+/- 5.14%)
Instance: 3 Fold: 34 of 50 Acc: 82.35% Mean: 90.88% (+/- 5.17%)
Instance: 3 Fold: 35 of 50 Acc: 97.06% Mean: 90.93% (+/- 5.18%)
Instance: 3 Fold: 36 of 50 Acc: 94.12% Mean: 90.95% (+/- 5.17%)
Instance: 3 Fold: 37 of 50 Acc: 94.12% Mean: 90.97% (+/- 5.15%)
Instance: 3 Fold: 38 of 50 Acc: 88.24% Mean: 90.95% (+/- 5.14%)
Instance: 3 Fold: 39 of 50 Acc: 91.18% Mean: 90.95% (+/- 5.12%)
Instance: 3 Fold: 40 of 50 Acc: 94.12% Mean: 90.98% (+/- 5.11%)
Instance: 3 Fold: 41 of 50 Acc: 91.43% Mean: 90.98% (+/- 5.09%)
Instance: 3 Fold: 42 of 50 Acc: 85.71% Mean: 90.94% (+/- 5.09%)
Instance: 3 Fold: 43 of 50 Acc: 97.06% Mean: 90.99% (+/- 5.10%)
Instance: 3 Fold: 44 of 50 Acc: 88.24% Mean: 90.97% (+/- 5.09%)
Instance: 3 Fold: 45 of 50 Acc: 94.12% Mean: 90.99% (+/- 5.08%)
Instance: 3 Fold: 46 of 50 Acc: 88.24% Mean: 90.97% (+/- 5.07%)
Instance: 3 Fold: 47 of 50 Acc: 94.12% Mean: 90.99% (+/- 5.05%)
Instance: 3 Fold: 48 of 50 Acc: 94.12% Mean: 91.01% (+/- 5.04%)
Instance: 3 Fold: 49 of 50 Acc: 94.12% Mean: 91.03% (+/- 5.03%)
Instance: 3 Fold: 50 of 50 Acc: 91.18% Mean: 91.03% (+/- 5.02%)
Instance: 4 Fold: 1 of 50 Acc: 91.43% Mean: 91.04% (+/- 5.00%)
Instance: 4 Fold: 2 of 50 Acc: 88.57% Mean: 91.02% (+/- 4.99%)
Instance: 4 Fold: 3 of 50 Acc: 88.24% Mean: 91.00% (+/- 4.98%)
Instance: 4 Fold: 4 of 50 Acc: 91.18% Mean: 91.00% (+/- 4.96%)
Instance: 4 Fold: 5 of 50 Acc: 94.12% Mean: 91.02% (+/- 4.95%)
Instance: 4 Fold: 6 of 50 Acc: 94.12% Mean: 91.04% (+/- 4.94%)
Instance: 4 Fold: 7 of 50 Acc: 100.00% Mean: 91.10% (+/- 4.98%)
Instance: 4 Fold: 8 of 50 Acc: 94.12% Mean: 91.12% (+/- 4.97%)
Instance: 4 Fold: 9 of 50 Acc: 88.24% Mean: 91.10% (+/- 4.96%)
Instance: 4 Fold: 10 of 50 Acc: 88.24% Mean: 91.08% (+/- 4.95%)
Instance: 4 Fold: 11 of 50 Acc: 97.14% Mean: 91.12% (+/- 4.95%)
Instance: 4 Fold: 12 of 50 Acc: 91.43% Mean: 91.12% (+/- 4.94%)
Instance: 4 Fold: 13 of 50 Acc: 91.18% Mean: 91.12% (+/- 4.92%)
Instance: 4 Fold: 14 of 50 Acc: 94.12% Mean: 91.14% (+/- 4.91%)
Instance: 4 Fold: 15 of 50 Acc: 97.06% Mean: 91.18% (+/- 4.92%)
Instance: 4 Fold: 16 of 50 Acc: 79.41% Mean: 91.11% (+/- 4.99%)
Instance: 4 Fold: 17 of 50 Acc: 88.24% Mean: 91.09% (+/- 4.98%)
Instance: 4 Fold: 18 of 50 Acc: 91.18% Mean: 91.09% (+/- 4.96%)
Instance: 4 Fold: 19 of 50 Acc: 88.24% Mean: 91.07% (+/- 4.95%)
Instance: 4 Fold: 20 of 50 Acc: 91.18% Mean: 91.07% (+/- 4.94%)
Instance: 4 Fold: 21 of 50 Acc: 85.71% Mean: 91.04% (+/- 4.94%)
Instance: 4 Fold: 22 of 50 Acc: 88.57% Mean: 91.03% (+/- 4.93%)
Instance: 4 Fold: 23 of 50 Acc: 97.06% Mean: 91.06% (+/- 4.94%)
Instance: 4 Fold: 24 of 50 Acc: 88.24% Mean: 91.05% (+/- 4.93%)
Instance: 4 Fold: 25 of 50 Acc: 97.06% Mean: 91.08% (+/- 4.94%)
Instance: 4 Fold: 26 of 50 Acc: 94.12% Mean: 91.10% (+/- 4.93%)
Instance: 4 Fold: 27 of 50 Acc: 82.35% Mean: 91.05% (+/- 4.96%)
Instance: 4 Fold: 28 of 50 Acc: 97.06% Mean: 91.08% (+/- 4.96%)
Instance: 4 Fold: 29 of 50 Acc: 91.18% Mean: 91.08% (+/- 4.95%)
Instance: 4 Fold: 30 of 50 Acc: 88.24% Mean: 91.07% (+/- 4.94%)
Instance: 4 Fold: 31 of 50 Acc: 91.43% Mean: 91.07% (+/- 4.93%)
Instance: 4 Fold: 32 of 50 Acc: 91.43% Mean: 91.07% (+/- 4.91%)
Instance: 4 Fold: 33 of 50 Acc: 85.29% Mean: 91.04% (+/- 4.92%)
Instance: 4 Fold: 34 of 50 Acc: 79.41% Mean: 90.98% (+/- 4.98%)
Instance: 4 Fold: 35 of 50 Acc: 100.00% Mean: 91.03% (+/- 5.01%)
Instance: 4 Fold: 36 of 50 Acc: 97.06% Mean: 91.06% (+/- 5.01%)
Instance: 4 Fold: 37 of 50 Acc: 91.18% Mean: 91.06% (+/- 5.00%)
Instance: 4 Fold: 38 of 50 Acc: 88.24% Mean: 91.04% (+/- 4.99%)
Instance: 4 Fold: 39 of 50 Acc: 91.18% Mean: 91.04% (+/- 4.98%)
Instance: 4 Fold: 40 of 50 Acc: 94.12% Mean: 91.06% (+/- 4.97%)
Instance: 4 Fold: 41 of 50 Acc: 91.43% Mean: 91.06% (+/- 4.96%)
Instance: 4 Fold: 42 of 50 Acc: 88.57% Mean: 91.05% (+/- 4.95%)
Instance: 4 Fold: 43 of 50 Acc: 97.06% Mean: 91.08% (+/- 4.95%)
Instance: 4 Fold: 44 of 50 Acc: 88.24% Mean: 91.07% (+/- 4.95%)
Instance: 4 Fold: 45 of 50 Acc: 91.18% Mean: 91.07% (+/- 4.93%)
Instance: 4 Fold: 46 of 50 Acc: 85.29% Mean: 91.04% (+/- 4.94%)
Instance: 4 Fold: 47 of 50 Acc: 97.06% Mean: 91.07% (+/- 4.94%)
Instance: 4 Fold: 48 of 50 Acc: 91.18% Mean: 91.07% (+/- 4.93%)
Instance: 4 Fold: 49 of 50 Acc: 91.18% Mean: 91.07% (+/- 4.92%)
Instance: 4 Fold: 50 of 50 Acc: 94.12% Mean: 91.08% (+/- 4.91%)
Instance: 5 Fold: 1 of 50 Acc: 88.57% Mean: 91.07% (+/- 4.90%)
Instance: 5 Fold: 2 of 50 Acc: 91.43% Mean: 91.07% (+/- 4.89%)
Instance: 5 Fold: 3 of 50 Acc: 82.35% Mean: 91.03% (+/- 4.92%)
Instance: 5 Fold: 4 of 50 Acc: 82.35% Mean: 90.99% (+/- 4.94%)
Instance: 5 Fold: 5 of 50 Acc: 91.18% Mean: 90.99% (+/- 4.93%)
Instance: 5 Fold: 6 of 50 Acc: 94.12% Mean: 91.00% (+/- 4.92%)
Instance: 5 Fold: 7 of 50 Acc: 100.00% Mean: 91.05% (+/- 4.95%)
Instance: 5 Fold: 8 of 50 Acc: 88.24% Mean: 91.03% (+/- 4.94%)
Instance: 5 Fold: 9 of 50 Acc: 88.24% Mean: 91.02% (+/- 4.93%)
Instance: 5 Fold: 10 of 50 Acc: 88.24% Mean: 91.01% (+/- 4.92%)
Instance: 5 Fold: 11 of 50 Acc: 94.29% Mean: 91.02% (+/- 4.92%)
Instance: 5 Fold: 12 of 50 Acc: 91.43% Mean: 91.02% (+/- 4.91%)
Instance: 5 Fold: 13 of 50 Acc: 94.12% Mean: 91.04% (+/- 4.90%)
Instance: 5 Fold: 14 of 50 Acc: 100.00% Mean: 91.08% (+/- 4.93%)
Instance: 5 Fold: 15 of 50 Acc: 97.06% Mean: 91.11% (+/- 4.93%)
Instance: 5 Fold: 16 of 50 Acc: 73.53% Mean: 91.03% (+/- 5.06%)
Instance: 5 Fold: 17 of 50 Acc: 91.18% Mean: 91.03% (+/- 5.05%)
Instance: 5 Fold: 18 of 50 Acc: 91.18% Mean: 91.03% (+/- 5.04%)
Instance: 5 Fold: 19 of 50 Acc: 88.24% Mean: 91.02% (+/- 5.03%)
Instance: 5 Fold: 20 of 50 Acc: 94.12% Mean: 91.03% (+/- 5.02%)
Instance: 5 Fold: 21 of 50 Acc: 85.71% Mean: 91.01% (+/- 5.03%)
Instance: 5 Fold: 22 of 50 Acc: 85.71% Mean: 90.98% (+/- 5.03%)
Instance: 5 Fold: 23 of 50 Acc: 100.00% Mean: 91.02% (+/- 5.05%)
Instance: 5 Fold: 24 of 50 Acc: 97.06% Mean: 91.05% (+/- 5.06%)
Instance: 5 Fold: 25 of 50 Acc: 94.12% Mean: 91.06% (+/- 5.05%)
Instance: 5 Fold: 26 of 50 Acc: 94.12% Mean: 91.08% (+/- 5.04%)
Instance: 5 Fold: 27 of 50 Acc: 82.35% Mean: 91.04% (+/- 5.06%)
Instance: 5 Fold: 28 of 50 Acc: 97.06% Mean: 91.06% (+/- 5.07%)
Instance: 5 Fold: 29 of 50 Acc: 91.18% Mean: 91.06% (+/- 5.06%)
Instance: 5 Fold: 30 of 50 Acc: 79.41% Mean: 91.01% (+/- 5.10%)
Instance: 5 Fold: 31 of 50 Acc: 91.43% Mean: 91.02% (+/- 5.09%)
Instance: 5 Fold: 32 of 50 Acc: 94.29% Mean: 91.03% (+/- 5.09%)
Instance: 5 Fold: 33 of 50 Acc: 88.24% Mean: 91.02% (+/- 5.08%)
Instance: 5 Fold: 34 of 50 Acc: 79.41% Mean: 90.97% (+/- 5.12%)
Instance: 5 Fold: 35 of 50 Acc: 94.12% Mean: 90.98% (+/- 5.12%)
Instance: 5 Fold: 36 of 50 Acc: 94.12% Mean: 91.00% (+/- 5.11%)
Instance: 5 Fold: 37 of 50 Acc: 91.18% Mean: 91.00% (+/- 5.10%)
Instance: 5 Fold: 38 of 50 Acc: 97.06% Mean: 91.02% (+/- 5.10%)
Instance: 5 Fold: 39 of 50 Acc: 85.29% Mean: 91.00% (+/- 5.11%)
Instance: 5 Fold: 40 of 50 Acc: 100.00% Mean: 91.04% (+/- 5.13%)
Instance: 5 Fold: 41 of 50 Acc: 91.43% Mean: 91.04% (+/- 5.12%)
Instance: 5 Fold: 42 of 50 Acc: 100.00% Mean: 91.07% (+/- 5.14%)
Instance: 5 Fold: 43 of 50 Acc: 97.06% Mean: 91.10% (+/- 5.14%)
Instance: 5 Fold: 44 of 50 Acc: 91.18% Mean: 91.10% (+/- 5.13%)
Instance: 5 Fold: 45 of 50 Acc: 88.24% Mean: 91.09% (+/- 5.13%)
Instance: 5 Fold: 46 of 50 Acc: 82.35% Mean: 91.05% (+/- 5.15%)
Instance: 5 Fold: 47 of 50 Acc: 94.12% Mean: 91.06% (+/- 5.14%)
Instance: 5 Fold: 48 of 50 Acc: 91.18% Mean: 91.06% (+/- 5.13%)
Instance: 5 Fold: 49 of 50 Acc: 85.29% Mean: 91.04% (+/- 5.13%)
Instance: 5 Fold: 50 of 50 Acc: 91.18% Mean: 91.04% (+/- 5.12%)
Instance: 6 Fold: 1 of 50 Acc: 91.43% Mean: 91.04% (+/- 5.11%)
Instance: 6 Fold: 2 of 50 Acc: 82.86% Mean: 91.01% (+/- 5.13%)
Instance: 6 Fold: 3 of 50 Acc: 88.24% Mean: 91.00% (+/- 5.12%)
Instance: 6 Fold: 4 of 50 Acc: 88.24% Mean: 90.99% (+/- 5.11%)
Instance: 6 Fold: 5 of 50 Acc: 91.18% Mean: 90.99% (+/- 5.10%)
Instance: 6 Fold: 6 of 50 Acc: 94.12% Mean: 91.00% (+/- 5.10%)
Instance: 6 Fold: 7 of 50 Acc: 100.00% Mean: 91.04% (+/- 5.12%)
Instance: 6 Fold: 8 of 50 Acc: 91.18% Mean: 91.04% (+/- 5.11%)
Instance: 6 Fold: 9 of 50 Acc: 88.24% Mean: 91.03% (+/- 5.10%)
Instance: 6 Fold: 10 of 50 Acc: 85.29% Mean: 91.00% (+/- 5.10%)
Instance: 6 Fold: 11 of 50 Acc: 91.43% Mean: 91.01% (+/- 5.09%)
Instance: 6 Fold: 12 of 50 Acc: 88.57% Mean: 91.00% (+/- 5.09%)
Instance: 6 Fold: 13 of 50 Acc: 94.12% Mean: 91.01% (+/- 5.08%)
Instance: 6 Fold: 14 of 50 Acc: 97.06% Mean: 91.03% (+/- 5.08%)
Instance: 6 Fold: 15 of 50 Acc: 97.06% Mean: 91.05% (+/- 5.09%)
Instance: 6 Fold: 16 of 50 Acc: 76.47% Mean: 91.00% (+/- 5.16%)
Instance: 6 Fold: 17 of 50 Acc: 88.24% Mean: 90.99% (+/- 5.15%)
Instance: 6 Fold: 18 of 50 Acc: 94.12% Mean: 91.00% (+/- 5.14%)
Instance: 6 Fold: 19 of 50 Acc: 88.24% Mean: 90.99% (+/- 5.14%)
Instance: 6 Fold: 20 of 50 Acc: 88.24% Mean: 90.98% (+/- 5.13%)
Instance: 6 Fold: 21 of 50 Acc: 88.57% Mean: 90.97% (+/- 5.12%)
Instance: 6 Fold: 22 of 50 Acc: 85.71% Mean: 90.95% (+/- 5.12%)
Instance: 6 Fold: 23 of 50 Acc: 85.29% Mean: 90.93% (+/- 5.12%)
Instance: 6 Fold: 24 of 50 Acc: 91.18% Mean: 90.93% (+/- 5.12%)
Instance: 6 Fold: 25 of 50 Acc: 94.12% Mean: 90.94% (+/- 5.11%)
Instance: 6 Fold: 26 of 50 Acc: 94.12% Mean: 90.96% (+/- 5.10%)
Instance: 6 Fold: 27 of 50 Acc: 85.29% Mean: 90.93% (+/- 5.11%)
Instance: 6 Fold: 28 of 50 Acc: 91.18% Mean: 90.94% (+/- 5.10%)
Instance: 6 Fold: 29 of 50 Acc: 91.18% Mean: 90.94% (+/- 5.09%)
Instance: 6 Fold: 30 of 50 Acc: 82.35% Mean: 90.91% (+/- 5.10%)
Instance: 6 Fold: 31 of 50 Acc: 85.71% Mean: 90.89% (+/- 5.10%)
Instance: 6 Fold: 32 of 50 Acc: 91.43% Mean: 90.89% (+/- 5.10%)
Instance: 6 Fold: 33 of 50 Acc: 91.18% Mean: 90.89% (+/- 5.09%)
Instance: 6 Fold: 34 of 50 Acc: 70.59% Mean: 90.82% (+/- 5.22%)
Instance: 6 Fold: 35 of 50 Acc: 94.12% Mean: 90.83% (+/- 5.21%)
Instance: 6 Fold: 36 of 50 Acc: 97.06% Mean: 90.85% (+/- 5.22%)
Instance: 6 Fold: 37 of 50 Acc: 91.18% Mean: 90.85% (+/- 5.21%)
Instance: 6 Fold: 38 of 50 Acc: 91.18% Mean: 90.85% (+/- 5.20%)
Instance: 6 Fold: 39 of 50 Acc: 85.29% Mean: 90.84% (+/- 5.20%)
Instance: 6 Fold: 40 of 50 Acc: 97.06% Mean: 90.86% (+/- 5.20%)
Instance: 6 Fold: 41 of 50 Acc: 91.43% Mean: 90.86% (+/- 5.19%)
Instance: 6 Fold: 42 of 50 Acc: 91.43% Mean: 90.86% (+/- 5.19%)
Instance: 6 Fold: 43 of 50 Acc: 97.06% Mean: 90.88% (+/- 5.19%)
Instance: 6 Fold: 44 of 50 Acc: 85.29% Mean: 90.86% (+/- 5.19%)
Instance: 6 Fold: 45 of 50 Acc: 94.12% Mean: 90.87% (+/- 5.19%)
Instance: 6 Fold: 46 of 50 Acc: 85.29% Mean: 90.86% (+/- 5.19%)
Instance: 6 Fold: 47 of 50 Acc: 100.00% Mean: 90.89% (+/- 5.21%)
Instance: 6 Fold: 48 of 50 Acc: 91.18% Mean: 90.89% (+/- 5.20%)
Instance: 6 Fold: 49 of 50 Acc: 88.24% Mean: 90.88% (+/- 5.19%)
Instance: 6 Fold: 50 of 50 Acc: 85.29% Mean: 90.86% (+/- 5.19%)
Instance: 7 Fold: 1 of 50 Acc: 85.71% Mean: 90.84% (+/- 5.19%)
Instance: 7 Fold: 2 of 50 Acc: 91.43% Mean: 90.84% (+/- 5.18%)
Instance: 7 Fold: 3 of 50 Acc: 91.18% Mean: 90.85% (+/- 5.17%)
Instance: 7 Fold: 4 of 50 Acc: 82.35% Mean: 90.82% (+/- 5.19%)
Instance: 7 Fold: 5 of 50 Acc: 91.18% Mean: 90.82% (+/- 5.18%)
Instance: 7 Fold: 6 of 50 Acc: 91.18% Mean: 90.82% (+/- 5.17%)
Instance: 7 Fold: 7 of 50 Acc: 100.00% Mean: 90.85% (+/- 5.19%)
Instance: 7 Fold: 8 of 50 Acc: 91.18% Mean: 90.85% (+/- 5.18%)
Instance: 7 Fold: 9 of 50 Acc: 85.29% Mean: 90.83% (+/- 5.18%)
Instance: 7 Fold: 10 of 50 Acc: 91.18% Mean: 90.83% (+/- 5.17%)
Instance: 7 Fold: 11 of 50 Acc: 94.29% Mean: 90.84% (+/- 5.17%)
Instance: 7 Fold: 12 of 50 Acc: 91.43% Mean: 90.85% (+/- 5.16%)
Instance: 7 Fold: 13 of 50 Acc: 94.12% Mean: 90.86% (+/- 5.16%)
Instance: 7 Fold: 14 of 50 Acc: 97.06% Mean: 90.88% (+/- 5.16%)
Instance: 7 Fold: 15 of 50 Acc: 94.12% Mean: 90.89% (+/- 5.16%)
Instance: 7 Fold: 16 of 50 Acc: 79.41% Mean: 90.85% (+/- 5.19%)
Instance: 7 Fold: 17 of 50 Acc: 91.18% Mean: 90.85% (+/- 5.18%)
Instance: 7 Fold: 18 of 50 Acc: 91.18% Mean: 90.85% (+/- 5.17%)
Instance: 7 Fold: 19 of 50 Acc: 91.18% Mean: 90.85% (+/- 5.16%)
Instance: 7 Fold: 20 of 50 Acc: 88.24% Mean: 90.85% (+/- 5.16%)
Instance: 7 Fold: 21 of 50 Acc: 85.71% Mean: 90.83% (+/- 5.16%)
Instance: 7 Fold: 22 of 50 Acc: 82.86% Mean: 90.81% (+/- 5.17%)
Instance: 7 Fold: 23 of 50 Acc: 91.18% Mean: 90.81% (+/- 5.16%)
Instance: 7 Fold: 24 of 50 Acc: 97.06% Mean: 90.83% (+/- 5.16%)
Instance: 7 Fold: 25 of 50 Acc: 91.18% Mean: 90.83% (+/- 5.16%)
Instance: 7 Fold: 26 of 50 Acc: 94.12% Mean: 90.84% (+/- 5.15%)
Instance: 7 Fold: 27 of 50 Acc: 88.24% Mean: 90.83% (+/- 5.14%)
Instance: 7 Fold: 28 of 50 Acc: 97.06% Mean: 90.85% (+/- 5.15%)
Instance: 7 Fold: 29 of 50 Acc: 88.24% Mean: 90.84% (+/- 5.14%)
Instance: 7 Fold: 30 of 50 Acc: 88.24% Mean: 90.83% (+/- 5.14%)
Instance: 7 Fold: 31 of 50 Acc: 94.29% Mean: 90.84% (+/- 5.13%)
Instance: 7 Fold: 32 of 50 Acc: 94.29% Mean: 90.85% (+/- 5.13%)
Instance: 7 Fold: 33 of 50 Acc: 88.24% Mean: 90.84% (+/- 5.12%)
Instance: 7 Fold: 34 of 50 Acc: 79.41% Mean: 90.81% (+/- 5.15%)
Instance: 7 Fold: 35 of 50 Acc: 100.00% Mean: 90.84% (+/- 5.17%)
Instance: 7 Fold: 36 of 50 Acc: 94.12% Mean: 90.85% (+/- 5.17%)
Instance: 7 Fold: 37 of 50 Acc: 88.24% Mean: 90.84% (+/- 5.16%)
Instance: 7 Fold: 38 of 50 Acc: 91.18% Mean: 90.84% (+/- 5.15%)
Instance: 7 Fold: 39 of 50 Acc: 94.12% Mean: 90.85% (+/- 5.15%)
Instance: 7 Fold: 40 of 50 Acc: 97.06% Mean: 90.87% (+/- 5.15%)
Instance: 7 Fold: 41 of 50 Acc: 91.43% Mean: 90.87% (+/- 5.14%)
Instance: 7 Fold: 42 of 50 Acc: 80.00% Mean: 90.84% (+/- 5.17%)
Instance: 7 Fold: 43 of 50 Acc: 100.00% Mean: 90.87% (+/- 5.19%)
Instance: 7 Fold: 44 of 50 Acc: 82.35% Mean: 90.84% (+/- 5.20%)
Instance: 7 Fold: 45 of 50 Acc: 94.12% Mean: 90.85% (+/- 5.19%)
Instance: 7 Fold: 46 of 50 Acc: 85.29% Mean: 90.83% (+/- 5.19%)
Instance: 7 Fold: 47 of 50 Acc: 97.06% Mean: 90.85% (+/- 5.20%)
Instance: 7 Fold: 48 of 50 Acc: 88.24% Mean: 90.84% (+/- 5.19%)
Instance: 7 Fold: 49 of 50 Acc: 82.35% Mean: 90.82% (+/- 5.20%)
Instance: 7 Fold: 50 of 50 Acc: 91.18% Mean: 90.82% (+/- 5.20%)
Instance: 8 Fold: 1 of 50 Acc: 85.71% Mean: 90.81% (+/- 5.20%)
Instance: 8 Fold: 2 of 50 Acc: 88.57% Mean: 90.80% (+/- 5.19%)
Instance: 8 Fold: 3 of 50 Acc: 88.24% Mean: 90.79% (+/- 5.19%)
Instance: 8 Fold: 4 of 50 Acc: 85.29% Mean: 90.78% (+/- 5.19%)
Instance: 8 Fold: 5 of 50 Acc: 97.06% Mean: 90.80% (+/- 5.19%)
Instance: 8 Fold: 6 of 50 Acc: 94.12% Mean: 90.80% (+/- 5.19%)
Instance: 8 Fold: 7 of 50 Acc: 100.00% Mean: 90.83% (+/- 5.20%)
Instance: 8 Fold: 8 of 50 Acc: 91.18% Mean: 90.83% (+/- 5.19%)
Instance: 8 Fold: 9 of 50 Acc: 88.24% Mean: 90.82% (+/- 5.19%)
Instance: 8 Fold: 10 of 50 Acc: 88.24% Mean: 90.82% (+/- 5.18%)
Instance: 8 Fold: 11 of 50 Acc: 91.43% Mean: 90.82% (+/- 5.18%)
Instance: 8 Fold: 12 of 50 Acc: 88.57% Mean: 90.81% (+/- 5.17%)
Instance: 8 Fold: 13 of 50 Acc: 97.06% Mean: 90.83% (+/- 5.17%)
Instance: 8 Fold: 14 of 50 Acc: 97.06% Mean: 90.85% (+/- 5.18%)
Instance: 8 Fold: 15 of 50 Acc: 94.12% Mean: 90.86% (+/- 5.17%)
Instance: 8 Fold: 16 of 50 Acc: 76.47% Mean: 90.82% (+/- 5.22%)
Instance: 8 Fold: 17 of 50 Acc: 91.18% Mean: 90.82% (+/- 5.21%)
Instance: 8 Fold: 18 of 50 Acc: 97.06% Mean: 90.83% (+/- 5.21%)
Instance: 8 Fold: 19 of 50 Acc: 91.18% Mean: 90.84% (+/- 5.21%)
Instance: 8 Fold: 20 of 50 Acc: 88.24% Mean: 90.83% (+/- 5.20%)
Instance: 8 Fold: 21 of 50 Acc: 88.57% Mean: 90.82% (+/- 5.20%)
Instance: 8 Fold: 22 of 50 Acc: 88.57% Mean: 90.82% (+/- 5.19%)
Instance: 8 Fold: 23 of 50 Acc: 94.12% Mean: 90.83% (+/- 5.19%)
Instance: 8 Fold: 24 of 50 Acc: 94.12% Mean: 90.83% (+/- 5.18%)
Instance: 8 Fold: 25 of 50 Acc: 94.12% Mean: 90.84% (+/- 5.18%)
Instance: 8 Fold: 26 of 50 Acc: 94.12% Mean: 90.85% (+/- 5.17%)
Instance: 8 Fold: 27 of 50 Acc: 82.35% Mean: 90.83% (+/- 5.19%)
Instance: 8 Fold: 28 of 50 Acc: 97.06% Mean: 90.85% (+/- 5.19%)
Instance: 8 Fold: 29 of 50 Acc: 88.24% Mean: 90.84% (+/- 5.18%)
Instance: 8 Fold: 30 of 50 Acc: 88.24% Mean: 90.83% (+/- 5.18%)
Instance: 8 Fold: 31 of 50 Acc: 97.14% Mean: 90.85% (+/- 5.18%)
Instance: 8 Fold: 32 of 50 Acc: 88.57% Mean: 90.84% (+/- 5.18%)
Instance: 8 Fold: 33 of 50 Acc: 82.35% Mean: 90.82% (+/- 5.19%)
Instance: 8 Fold: 34 of 50 Acc: 76.47% Mean: 90.78% (+/- 5.23%)
Instance: 8 Fold: 35 of 50 Acc: 97.06% Mean: 90.80% (+/- 5.24%)
Instance: 8 Fold: 36 of 50 Acc: 94.12% Mean: 90.81% (+/- 5.23%)
Instance: 8 Fold: 37 of 50 Acc: 91.18% Mean: 90.81% (+/- 5.22%)
Instance: 8 Fold: 38 of 50 Acc: 85.29% Mean: 90.79% (+/- 5.23%)
Instance: 8 Fold: 39 of 50 Acc: 82.35% Mean: 90.77% (+/- 5.24%)
Instance: 8 Fold: 40 of 50 Acc: 97.06% Mean: 90.79% (+/- 5.24%)
Instance: 8 Fold: 41 of 50 Acc: 91.43% Mean: 90.79% (+/- 5.23%)
Instance: 8 Fold: 42 of 50 Acc: 91.43% Mean: 90.79% (+/- 5.23%)
Instance: 8 Fold: 43 of 50 Acc: 97.06% Mean: 90.81% (+/- 5.23%)
Instance: 8 Fold: 44 of 50 Acc: 85.29% Mean: 90.79% (+/- 5.23%)
Instance: 8 Fold: 45 of 50 Acc: 94.12% Mean: 90.80% (+/- 5.23%)
Instance: 8 Fold: 46 of 50 Acc: 85.29% Mean: 90.79% (+/- 5.23%)
Instance: 8 Fold: 47 of 50 Acc: 97.06% Mean: 90.80% (+/- 5.23%)
Instance: 8 Fold: 48 of 50 Acc: 91.18% Mean: 90.81% (+/- 5.22%)
Instance: 8 Fold: 49 of 50 Acc: 88.24% Mean: 90.80% (+/- 5.22%)
Instance: 8 Fold: 50 of 50 Acc: 91.18% Mean: 90.80% (+/- 5.21%)
Instance: 9 Fold: 1 of 50 Acc: 88.57% Mean: 90.79% (+/- 5.21%)
Instance: 9 Fold: 2 of 50 Acc: 91.43% Mean: 90.80% (+/- 5.20%)
Instance: 9 Fold: 3 of 50 Acc: 85.29% Mean: 90.78% (+/- 5.20%)
Instance: 9 Fold: 4 of 50 Acc: 91.18% Mean: 90.78% (+/- 5.19%)
Instance: 9 Fold: 5 of 50 Acc: 94.12% Mean: 90.79% (+/- 5.19%)
Instance: 9 Fold: 6 of 50 Acc: 91.18% Mean: 90.79% (+/- 5.18%)
Instance: 9 Fold: 7 of 50 Acc: 100.00% Mean: 90.81% (+/- 5.20%)
Instance: 9 Fold: 8 of 50 Acc: 88.24% Mean: 90.81% (+/- 5.19%)
Instance: 9 Fold: 9 of 50 Acc: 85.29% Mean: 90.79% (+/- 5.19%)
Instance: 9 Fold: 10 of 50 Acc: 85.29% Mean: 90.78% (+/- 5.19%)
Instance: 9 Fold: 11 of 50 Acc: 91.43% Mean: 90.78% (+/- 5.19%)
Instance: 9 Fold: 12 of 50 Acc: 88.57% Mean: 90.78% (+/- 5.18%)
Instance: 9 Fold: 13 of 50 Acc: 94.12% Mean: 90.79% (+/- 5.18%)
Instance: 9 Fold: 14 of 50 Acc: 94.12% Mean: 90.79% (+/- 5.18%)
Instance: 9 Fold: 15 of 50 Acc: 97.06% Mean: 90.81% (+/- 5.18%)
Instance: 9 Fold: 16 of 50 Acc: 79.41% Mean: 90.78% (+/- 5.20%)
Instance: 9 Fold: 17 of 50 Acc: 91.18% Mean: 90.78% (+/- 5.20%)
Instance: 9 Fold: 18 of 50 Acc: 91.18% Mean: 90.78% (+/- 5.19%)
Instance: 9 Fold: 19 of 50 Acc: 88.24% Mean: 90.78% (+/- 5.19%)
Instance: 9 Fold: 20 of 50 Acc: 94.12% Mean: 90.79% (+/- 5.18%)
Instance: 9 Fold: 21 of 50 Acc: 91.43% Mean: 90.79% (+/- 5.18%)
Instance: 9 Fold: 22 of 50 Acc: 82.86% Mean: 90.77% (+/- 5.18%)
Instance: 9 Fold: 23 of 50 Acc: 100.00% Mean: 90.79% (+/- 5.20%)
Instance: 9 Fold: 24 of 50 Acc: 94.12% Mean: 90.80% (+/- 5.19%)
Instance: 9 Fold: 25 of 50 Acc: 88.24% Mean: 90.79% (+/- 5.19%)
Instance: 9 Fold: 26 of 50 Acc: 97.06% Mean: 90.81% (+/- 5.19%)
Instance: 9 Fold: 27 of 50 Acc: 88.24% Mean: 90.80% (+/- 5.19%)
Instance: 9 Fold: 28 of 50 Acc: 100.00% Mean: 90.82% (+/- 5.20%)
Instance: 9 Fold: 29 of 50 Acc: 91.18% Mean: 90.82% (+/- 5.19%)
Instance: 9 Fold: 30 of 50 Acc: 88.24% Mean: 90.82% (+/- 5.19%)
Instance: 9 Fold: 31 of 50 Acc: 94.29% Mean: 90.82% (+/- 5.19%)
Instance: 9 Fold: 32 of 50 Acc: 91.43% Mean: 90.83% (+/- 5.18%)
Instance: 9 Fold: 33 of 50 Acc: 85.29% Mean: 90.81% (+/- 5.18%)
Instance: 9 Fold: 34 of 50 Acc: 79.41% Mean: 90.79% (+/- 5.20%)
Instance: 9 Fold: 35 of 50 Acc: 97.06% Mean: 90.80% (+/- 5.21%)
Instance: 9 Fold: 36 of 50 Acc: 94.12% Mean: 90.81% (+/- 5.20%)
Instance: 9 Fold: 37 of 50 Acc: 94.12% Mean: 90.82% (+/- 5.20%)
Instance: 9 Fold: 38 of 50 Acc: 94.12% Mean: 90.82% (+/- 5.20%)
Instance: 9 Fold: 39 of 50 Acc: 94.12% Mean: 90.83% (+/- 5.19%)
Instance: 9 Fold: 40 of 50 Acc: 97.06% Mean: 90.85% (+/- 5.19%)
Instance: 9 Fold: 41 of 50 Acc: 91.43% Mean: 90.85% (+/- 5.19%)
Instance: 9 Fold: 42 of 50 Acc: 94.29% Mean: 90.85% (+/- 5.19%)
Instance: 9 Fold: 43 of 50 Acc: 91.18% Mean: 90.86% (+/- 5.18%)
Instance: 9 Fold: 44 of 50 Acc: 85.29% Mean: 90.84% (+/- 5.18%)
Instance: 9 Fold: 45 of 50 Acc: 91.18% Mean: 90.84% (+/- 5.17%)
Instance: 9 Fold: 46 of 50 Acc: 85.29% Mean: 90.83% (+/- 5.18%)
Instance: 9 Fold: 47 of 50 Acc: 97.06% Mean: 90.85% (+/- 5.18%)
Instance: 9 Fold: 48 of 50 Acc: 91.18% Mean: 90.85% (+/- 5.17%)
Instance: 9 Fold: 49 of 50 Acc: 91.18% Mean: 90.85% (+/- 5.17%)
Instance: 9 Fold: 50 of 50 Acc: 94.12% Mean: 90.85% (+/- 5.16%)
Instance: 10 Fold: 1 of 50 Acc: 85.71% Mean: 90.84% (+/- 5.16%)
Instance: 10 Fold: 2 of 50 Acc: 91.43% Mean: 90.84% (+/- 5.16%)
Instance: 10 Fold: 3 of 50 Acc: 88.24% Mean: 90.84% (+/- 5.15%)
Instance: 10 Fold: 4 of 50 Acc: 85.29% Mean: 90.83% (+/- 5.15%)
Instance: 10 Fold: 5 of 50 Acc: 91.18% Mean: 90.83% (+/- 5.15%)
Instance: 10 Fold: 6 of 50 Acc: 97.06% Mean: 90.84% (+/- 5.15%)
Instance: 10 Fold: 7 of 50 Acc: 100.00% Mean: 90.86% (+/- 5.16%)
Instance: 10 Fold: 8 of 50 Acc: 91.18% Mean: 90.86% (+/- 5.16%)
Instance: 10 Fold: 9 of 50 Acc: 88.24% Mean: 90.86% (+/- 5.15%)
Instance: 10 Fold: 10 of 50 Acc: 88.24% Mean: 90.85% (+/- 5.15%)
Instance: 10 Fold: 11 of 50 Acc: 97.14% Mean: 90.86% (+/- 5.15%)
Instance: 10 Fold: 12 of 50 Acc: 85.71% Mean: 90.85% (+/- 5.15%)
Instance: 10 Fold: 13 of 50 Acc: 97.06% Mean: 90.87% (+/- 5.15%)
Instance: 10 Fold: 14 of 50 Acc: 97.06% Mean: 90.88% (+/- 5.16%)
Instance: 10 Fold: 15 of 50 Acc: 97.06% Mean: 90.89% (+/- 5.16%)
Instance: 10 Fold: 16 of 50 Acc: 79.41% Mean: 90.87% (+/- 5.18%)
Instance: 10 Fold: 17 of 50 Acc: 91.18% Mean: 90.87% (+/- 5.18%)
Instance: 10 Fold: 18 of 50 Acc: 91.18% Mean: 90.87% (+/- 5.17%)
Instance: 10 Fold: 19 of 50 Acc: 88.24% Mean: 90.86% (+/- 5.17%)
Instance: 10 Fold: 20 of 50 Acc: 88.24% Mean: 90.86% (+/- 5.16%)
Instance: 10 Fold: 21 of 50 Acc: 88.57% Mean: 90.85% (+/- 5.16%)
Instance: 10 Fold: 22 of 50 Acc: 82.86% Mean: 90.84% (+/- 5.17%)
Instance: 10 Fold: 23 of 50 Acc: 91.18% Mean: 90.84% (+/- 5.16%)
Instance: 10 Fold: 24 of 50 Acc: 91.18% Mean: 90.84% (+/- 5.15%)
Instance: 10 Fold: 25 of 50 Acc: 91.18% Mean: 90.84% (+/- 5.15%)
Instance: 10 Fold: 26 of 50 Acc: 94.12% Mean: 90.85% (+/- 5.15%)
Instance: 10 Fold: 27 of 50 Acc: 85.29% Mean: 90.83% (+/- 5.15%)
Instance: 10 Fold: 28 of 50 Acc: 100.00% Mean: 90.85% (+/- 5.16%)
Instance: 10 Fold: 29 of 50 Acc: 91.18% Mean: 90.85% (+/- 5.15%)
Instance: 10 Fold: 30 of 50 Acc: 91.18% Mean: 90.85% (+/- 5.15%)
Instance: 10 Fold: 31 of 50 Acc: 91.43% Mean: 90.86% (+/- 5.14%)
Instance: 10 Fold: 32 of 50 Acc: 91.43% Mean: 90.86% (+/- 5.14%)
Instance: 10 Fold: 33 of 50 Acc: 88.24% Mean: 90.85% (+/- 5.13%)
Instance: 10 Fold: 34 of 50 Acc: 79.41% Mean: 90.83% (+/- 5.15%)
Instance: 10 Fold: 35 of 50 Acc: 88.24% Mean: 90.82% (+/- 5.15%)
Instance: 10 Fold: 36 of 50 Acc: 94.12% Mean: 90.83% (+/- 5.15%)
Instance: 10 Fold: 37 of 50 Acc: 85.29% Mean: 90.82% (+/- 5.15%)
Instance: 10 Fold: 38 of 50 Acc: 94.12% Mean: 90.82% (+/- 5.14%)
Instance: 10 Fold: 39 of 50 Acc: 94.12% Mean: 90.83% (+/- 5.14%)
Instance: 10 Fold: 40 of 50 Acc: 91.18% Mean: 90.83% (+/- 5.14%)
Instance: 10 Fold: 41 of 50 Acc: 91.43% Mean: 90.83% (+/- 5.13%)
Instance: 10 Fold: 42 of 50 Acc: 85.71% Mean: 90.82% (+/- 5.13%)
Instance: 10 Fold: 43 of 50 Acc: 97.06% Mean: 90.84% (+/- 5.13%)
Instance: 10 Fold: 44 of 50 Acc: 85.29% Mean: 90.82% (+/- 5.13%)
Instance: 10 Fold: 45 of 50 Acc: 94.12% Mean: 90.83% (+/- 5.13%)
Instance: 10 Fold: 46 of 50 Acc: 82.35% Mean: 90.81% (+/- 5.14%)
Instance: 10 Fold: 47 of 50 Acc: 97.06% Mean: 90.83% (+/- 5.14%)
Instance: 10 Fold: 48 of 50 Acc: 91.18% Mean: 90.83% (+/- 5.14%)
Instance: 10 Fold: 49 of 50 Acc: 91.18% Mean: 90.83% (+/- 5.13%)
Instance: 10 Fold: 50 of 50 Acc: 88.24% Mean: 90.82% (+/- 5.13%)
