Machine: SNOOPY
Date: 16/01/2023 Time: 14:42:50
Config. Number: 11
Alternative Dense Layer: False
Pooling Application Layer: avg
Data Augmentation: False
Data Augmentation Multiplier: 1
Fine Tuning: False
Multi Optimizer: False
Optimizer: Adam
Batch Size: 16
Restore Best Weights: False

Model Type: Xception
Fold: 1 of 50 Acc: 80.00% Mean: 80.00% (+/- 0.00%)
Fold: 2 of 50 Acc: 88.57% Mean: 84.29% (+/- 4.29%)
Fold: 3 of 50 Acc: 85.29% Mean: 84.62% (+/- 3.53%)
Fold: 4 of 50 Acc: 94.12% Mean: 87.00% (+/- 5.12%)
Fold: 5 of 50 Acc: 88.24% Mean: 87.24% (+/- 4.61%)
Fold: 6 of 50 Acc: 91.18% Mean: 87.90% (+/- 4.46%)
Fold: 7 of 50 Acc: 85.29% Mean: 87.53% (+/- 4.23%)
Fold: 8 of 50 Acc: 79.41% Mean: 86.51% (+/- 4.78%)
Fold: 9 of 50 Acc: 94.12% Mean: 87.36% (+/- 5.10%)
Fold: 10 of 50 Acc: 85.29% Mean: 87.15% (+/- 4.88%)
Fold: 11 of 50 Acc: 91.43% Mean: 87.54% (+/- 4.81%)
Fold: 12 of 50 Acc: 91.43% Mean: 87.86% (+/- 4.73%)
Fold: 13 of 50 Acc: 82.35% Mean: 87.44% (+/- 4.77%)
Fold: 14 of 50 Acc: 94.12% Mean: 87.92% (+/- 4.91%)
Fold: 15 of 50 Acc: 85.29% Mean: 87.74% (+/- 4.79%)
Fold: 16 of 50 Acc: 91.18% Mean: 87.96% (+/- 4.71%)
Fold: 17 of 50 Acc: 91.18% Mean: 88.15% (+/- 4.63%)
Fold: 18 of 50 Acc: 82.35% Mean: 87.82% (+/- 4.69%)
Fold: 19 of 50 Acc: 88.24% Mean: 87.85% (+/- 4.57%)
Fold: 20 of 50 Acc: 91.18% Mean: 88.01% (+/- 4.51%)
Fold: 21 of 50 Acc: 85.71% Mean: 87.90% (+/- 4.43%)
Fold: 22 of 50 Acc: 82.86% Mean: 87.67% (+/- 4.46%)
Fold: 23 of 50 Acc: 88.24% Mean: 87.70% (+/- 4.36%)
Fold: 24 of 50 Acc: 88.24% Mean: 87.72% (+/- 4.27%)
Fold: 25 of 50 Acc: 91.18% Mean: 87.86% (+/- 4.24%)
Fold: 26 of 50 Acc: 91.18% Mean: 87.99% (+/- 4.20%)
Fold: 27 of 50 Acc: 79.41% Mean: 87.67% (+/- 4.43%)
Fold: 28 of 50 Acc: 91.18% Mean: 87.79% (+/- 4.40%)
Fold: 29 of 50 Acc: 82.35% Mean: 87.61% (+/- 4.44%)
Fold: 30 of 50 Acc: 85.29% Mean: 87.53% (+/- 4.38%)
Fold: 31 of 50 Acc: 82.86% Mean: 87.38% (+/- 4.39%)
Fold: 32 of 50 Acc: 91.43% Mean: 87.51% (+/- 4.38%)
Fold: 33 of 50 Acc: 85.29% Mean: 87.44% (+/- 4.33%)
Fold: 34 of 50 Acc: 85.29% Mean: 87.38% (+/- 4.28%)
Fold: 35 of 50 Acc: 85.29% Mean: 87.32% (+/- 4.23%)
Fold: 36 of 50 Acc: 88.24% Mean: 87.34% (+/- 4.17%)
Fold: 37 of 50 Acc: 79.41% Mean: 87.13% (+/- 4.31%)
Fold: 38 of 50 Acc: 94.12% Mean: 87.31% (+/- 4.40%)
Fold: 39 of 50 Acc: 85.29% Mean: 87.26% (+/- 4.36%)
Fold: 40 of 50 Acc: 97.06% Mean: 87.50% (+/- 4.56%)
Fold: 41 of 50 Acc: 74.29% Mean: 87.18% (+/- 4.95%)
Fold: 42 of 50 Acc: 91.43% Mean: 87.28% (+/- 4.93%)
Fold: 43 of 50 Acc: 85.29% Mean: 87.24% (+/- 4.88%)
Fold: 44 of 50 Acc: 88.24% Mean: 87.26% (+/- 4.83%)
Fold: 45 of 50 Acc: 85.29% Mean: 87.22% (+/- 4.78%)
Fold: 46 of 50 Acc: 88.24% Mean: 87.24% (+/- 4.73%)
Fold: 47 of 50 Acc: 91.18% Mean: 87.32% (+/- 4.72%)
Fold: 48 of 50 Acc: 91.18% Mean: 87.40% (+/- 4.70%)
Fold: 49 of 50 Acc: 85.29% Mean: 87.36% (+/- 4.66%)
Fold: 50 of 50 Acc: 97.06% Mean: 87.55% (+/- 4.81%)
Model Type: VGG16
Fold: 1 of 50 Acc: 82.86% Mean: 82.86% (+/- 0.00%)
Fold: 2 of 50 Acc: 82.86% Mean: 82.86% (+/- 0.00%)
Fold: 3 of 50 Acc: 79.41% Mean: 81.71% (+/- 1.62%)
Fold: 4 of 50 Acc: 88.24% Mean: 83.34% (+/- 3.16%)
Fold: 5 of 50 Acc: 73.53% Mean: 81.38% (+/- 4.83%)
Fold: 6 of 50 Acc: 82.35% Mean: 81.54% (+/- 4.43%)
Fold: 7 of 50 Acc: 76.47% Mean: 80.82% (+/- 4.47%)
Fold: 8 of 50 Acc: 79.41% Mean: 80.64% (+/- 4.20%)
Fold: 9 of 50 Acc: 76.47% Mean: 80.18% (+/- 4.17%)
Fold: 10 of 50 Acc: 82.35% Mean: 80.39% (+/- 4.01%)
Fold: 11 of 50 Acc: 74.29% Mean: 79.84% (+/- 4.21%)
Fold: 12 of 50 Acc: 94.29% Mean: 81.04% (+/- 5.67%)
Fold: 13 of 50 Acc: 79.41% Mean: 80.92% (+/- 5.47%)
Fold: 14 of 50 Acc: 94.12% Mean: 81.86% (+/- 6.27%)
Fold: 15 of 50 Acc: 85.29% Mean: 82.09% (+/- 6.12%)
Fold: 16 of 50 Acc: 76.47% Mean: 81.74% (+/- 6.08%)
Fold: 17 of 50 Acc: 79.41% Mean: 81.60% (+/- 5.92%)
Fold: 18 of 50 Acc: 79.41% Mean: 81.48% (+/- 5.78%)
Fold: 19 of 50 Acc: 85.29% Mean: 81.68% (+/- 5.69%)
Fold: 20 of 50 Acc: 82.35% Mean: 81.71% (+/- 5.55%)
Fold: 21 of 50 Acc: 85.71% Mean: 81.90% (+/- 5.48%)
Fold: 22 of 50 Acc: 82.86% Mean: 81.95% (+/- 5.36%)
Fold: 23 of 50 Acc: 79.41% Mean: 81.84% (+/- 5.26%)
Fold: 24 of 50 Acc: 91.18% Mean: 82.23% (+/- 5.48%)
Fold: 25 of 50 Acc: 79.41% Mean: 82.11% (+/- 5.40%)
Fold: 26 of 50 Acc: 82.35% Mean: 82.12% (+/- 5.29%)
Fold: 27 of 50 Acc: 82.35% Mean: 82.13% (+/- 5.19%)
Fold: 28 of 50 Acc: 82.35% Mean: 82.14% (+/- 5.10%)
Fold: 29 of 50 Acc: 79.41% Mean: 82.05% (+/- 5.04%)
Fold: 30 of 50 Acc: 76.47% Mean: 81.86% (+/- 5.05%)
Fold: 31 of 50 Acc: 71.43% Mean: 81.52% (+/- 5.30%)
Fold: 32 of 50 Acc: 88.57% Mean: 81.74% (+/- 5.36%)
Fold: 33 of 50 Acc: 91.18% Mean: 82.03% (+/- 5.52%)
Fold: 34 of 50 Acc: 73.53% Mean: 81.78% (+/- 5.62%)
Fold: 35 of 50 Acc: 79.41% Mean: 81.71% (+/- 5.56%)
Fold: 36 of 50 Acc: 85.29% Mean: 81.81% (+/- 5.51%)
Fold: 37 of 50 Acc: 85.29% Mean: 81.91% (+/- 5.47%)
Fold: 38 of 50 Acc: 91.18% Mean: 82.15% (+/- 5.59%)
Fold: 39 of 50 Acc: 76.47% Mean: 82.00% (+/- 5.59%)
Fold: 40 of 50 Acc: 82.35% Mean: 82.01% (+/- 5.52%)
Fold: 41 of 50 Acc: 82.86% Mean: 82.03% (+/- 5.46%)
Fold: 42 of 50 Acc: 80.00% Mean: 81.98% (+/- 5.40%)
Fold: 43 of 50 Acc: 85.29% Mean: 82.06% (+/- 5.36%)
Fold: 44 of 50 Acc: 82.35% Mean: 82.07% (+/- 5.30%)
Fold: 45 of 50 Acc: 82.35% Mean: 82.07% (+/- 5.24%)
Fold: 46 of 50 Acc: 79.41% Mean: 82.02% (+/- 5.20%)
Fold: 47 of 50 Acc: 91.18% Mean: 82.21% (+/- 5.31%)
Fold: 48 of 50 Acc: 64.71% Mean: 81.85% (+/- 5.82%)
Fold: 49 of 50 Acc: 85.29% Mean: 81.92% (+/- 5.78%)
Fold: 50 of 50 Acc: 73.53% Mean: 81.75% (+/- 5.84%)
Model Type: VGG19
Fold: 1 of 50 Acc: 77.14% Mean: 77.14% (+/- 0.00%)
Fold: 2 of 50 Acc: 80.00% Mean: 78.57% (+/- 1.43%)
Fold: 3 of 50 Acc: 85.29% Mean: 80.81% (+/- 3.38%)
Fold: 4 of 50 Acc: 79.41% Mean: 80.46% (+/- 2.99%)
Fold: 5 of 50 Acc: 82.35% Mean: 80.84% (+/- 2.78%)
Fold: 6 of 50 Acc: 82.35% Mean: 81.09% (+/- 2.60%)
Fold: 7 of 50 Acc: 76.47% Mean: 80.43% (+/- 2.90%)
Fold: 8 of 50 Acc: 70.59% Mean: 79.20% (+/- 4.24%)
Fold: 9 of 50 Acc: 82.35% Mean: 79.55% (+/- 4.11%)
Fold: 10 of 50 Acc: 79.41% Mean: 79.54% (+/- 3.90%)
Fold: 11 of 50 Acc: 82.86% Mean: 79.84% (+/- 3.84%)
Fold: 12 of 50 Acc: 85.71% Mean: 80.33% (+/- 4.02%)
Fold: 13 of 50 Acc: 82.35% Mean: 80.48% (+/- 3.90%)
Fold: 14 of 50 Acc: 97.06% Mean: 81.67% (+/- 5.69%)
Fold: 15 of 50 Acc: 76.47% Mean: 81.32% (+/- 5.65%)
Fold: 16 of 50 Acc: 82.35% Mean: 81.39% (+/- 5.47%)
Fold: 17 of 50 Acc: 82.35% Mean: 81.44% (+/- 5.31%)
Fold: 18 of 50 Acc: 82.35% Mean: 81.49% (+/- 5.17%)
Fold: 19 of 50 Acc: 79.41% Mean: 81.38% (+/- 5.05%)
Fold: 20 of 50 Acc: 76.47% Mean: 81.14% (+/- 5.04%)
Fold: 21 of 50 Acc: 91.43% Mean: 81.63% (+/- 5.38%)
Fold: 22 of 50 Acc: 85.71% Mean: 81.81% (+/- 5.33%)
Fold: 23 of 50 Acc: 73.53% Mean: 81.45% (+/- 5.48%)
Fold: 24 of 50 Acc: 82.35% Mean: 81.49% (+/- 5.37%)
Fold: 25 of 50 Acc: 76.47% Mean: 81.29% (+/- 5.35%)
Fold: 26 of 50 Acc: 88.24% Mean: 81.56% (+/- 5.41%)
Fold: 27 of 50 Acc: 82.35% Mean: 81.59% (+/- 5.31%)
Fold: 28 of 50 Acc: 82.35% Mean: 81.61% (+/- 5.22%)
Fold: 29 of 50 Acc: 82.35% Mean: 81.64% (+/- 5.13%)
Fold: 30 of 50 Acc: 70.59% Mean: 81.27% (+/- 5.42%)
Fold: 31 of 50 Acc: 68.57% Mean: 80.86% (+/- 5.79%)
Fold: 32 of 50 Acc: 80.00% Mean: 80.84% (+/- 5.70%)
Fold: 33 of 50 Acc: 91.18% Mean: 81.15% (+/- 5.88%)
Fold: 34 of 50 Acc: 73.53% Mean: 80.92% (+/- 5.94%)
Fold: 35 of 50 Acc: 79.41% Mean: 80.88% (+/- 5.86%)
Fold: 36 of 50 Acc: 85.29% Mean: 81.00% (+/- 5.82%)
Fold: 37 of 50 Acc: 79.41% Mean: 80.96% (+/- 5.75%)
Fold: 38 of 50 Acc: 91.18% Mean: 81.23% (+/- 5.90%)
Fold: 39 of 50 Acc: 85.29% Mean: 81.33% (+/- 5.86%)
Fold: 40 of 50 Acc: 79.41% Mean: 81.29% (+/- 5.79%)
Fold: 41 of 50 Acc: 80.00% Mean: 81.25% (+/- 5.73%)
Fold: 42 of 50 Acc: 68.57% Mean: 80.95% (+/- 5.98%)
Fold: 43 of 50 Acc: 82.35% Mean: 80.98% (+/- 5.91%)
Fold: 44 of 50 Acc: 85.29% Mean: 81.08% (+/- 5.88%)
Fold: 45 of 50 Acc: 82.35% Mean: 81.11% (+/- 5.82%)
Fold: 46 of 50 Acc: 79.41% Mean: 81.07% (+/- 5.76%)
Fold: 47 of 50 Acc: 85.29% Mean: 81.16% (+/- 5.73%)
Fold: 48 of 50 Acc: 67.65% Mean: 80.88% (+/- 5.99%)
Fold: 49 of 50 Acc: 85.29% Mean: 80.97% (+/- 5.96%)
Fold: 50 of 50 Acc: 91.18% Mean: 81.18% (+/- 6.07%)
Model Type: ResNet50
Fold: 1 of 50 Acc: 85.71% Mean: 85.71% (+/- 0.00%)
Fold: 2 of 50 Acc: 97.14% Mean: 91.43% (+/- 5.71%)
Fold: 3 of 50 Acc: 91.18% Mean: 91.34% (+/- 4.67%)
Fold: 4 of 50 Acc: 88.24% Mean: 90.57% (+/- 4.26%)
Fold: 5 of 50 Acc: 88.24% Mean: 90.10% (+/- 3.92%)
Fold: 6 of 50 Acc: 88.24% Mean: 89.79% (+/- 3.65%)
Fold: 7 of 50 Acc: 85.29% Mean: 89.15% (+/- 3.73%)
Fold: 8 of 50 Acc: 85.29% Mean: 88.67% (+/- 3.71%)
Fold: 9 of 50 Acc: 88.24% Mean: 88.62% (+/- 3.50%)
Fold: 10 of 50 Acc: 82.35% Mean: 87.99% (+/- 3.82%)
Fold: 11 of 50 Acc: 91.43% Mean: 88.30% (+/- 3.77%)
Fold: 12 of 50 Acc: 91.43% Mean: 88.56% (+/- 3.71%)
Fold: 13 of 50 Acc: 91.18% Mean: 88.77% (+/- 3.63%)
Fold: 14 of 50 Acc: 94.12% Mean: 89.15% (+/- 3.76%)
Fold: 15 of 50 Acc: 85.29% Mean: 88.89% (+/- 3.76%)
Fold: 16 of 50 Acc: 85.29% Mean: 88.67% (+/- 3.74%)
Fold: 17 of 50 Acc: 88.24% Mean: 88.64% (+/- 3.63%)
Fold: 18 of 50 Acc: 88.24% Mean: 88.62% (+/- 3.53%)
Fold: 19 of 50 Acc: 88.24% Mean: 88.60% (+/- 3.44%)
Fold: 20 of 50 Acc: 88.24% Mean: 88.58% (+/- 3.35%)
Fold: 21 of 50 Acc: 82.86% Mean: 88.31% (+/- 3.49%)
Fold: 22 of 50 Acc: 91.43% Mean: 88.45% (+/- 3.47%)
Fold: 23 of 50 Acc: 91.18% Mean: 88.57% (+/- 3.44%)
Fold: 24 of 50 Acc: 94.12% Mean: 88.80% (+/- 3.55%)
Fold: 25 of 50 Acc: 88.24% Mean: 88.78% (+/- 3.48%)
Fold: 26 of 50 Acc: 94.12% Mean: 88.98% (+/- 3.56%)
Fold: 27 of 50 Acc: 85.29% Mean: 88.85% (+/- 3.56%)
Fold: 28 of 50 Acc: 97.06% Mean: 89.14% (+/- 3.82%)
Fold: 29 of 50 Acc: 94.12% Mean: 89.31% (+/- 3.86%)
Fold: 30 of 50 Acc: 85.29% Mean: 89.18% (+/- 3.86%)
Fold: 31 of 50 Acc: 82.86% Mean: 88.97% (+/- 3.96%)
Fold: 32 of 50 Acc: 91.43% Mean: 89.05% (+/- 3.92%)
Fold: 33 of 50 Acc: 82.35% Mean: 88.85% (+/- 4.03%)
Fold: 34 of 50 Acc: 76.47% Mean: 88.48% (+/- 4.49%)
Fold: 35 of 50 Acc: 88.24% Mean: 88.48% (+/- 4.42%)
Fold: 36 of 50 Acc: 91.18% Mean: 88.55% (+/- 4.38%)
Fold: 37 of 50 Acc: 88.24% Mean: 88.54% (+/- 4.32%)
Fold: 38 of 50 Acc: 97.06% Mean: 88.77% (+/- 4.48%)
Fold: 39 of 50 Acc: 97.06% Mean: 88.98% (+/- 4.61%)
Fold: 40 of 50 Acc: 94.12% Mean: 89.11% (+/- 4.62%)
Fold: 41 of 50 Acc: 88.57% Mean: 89.09% (+/- 4.57%)
Fold: 42 of 50 Acc: 88.57% Mean: 89.08% (+/- 4.51%)
Fold: 43 of 50 Acc: 100.00% Mean: 89.34% (+/- 4.75%)
Fold: 44 of 50 Acc: 85.29% Mean: 89.24% (+/- 4.74%)
Fold: 45 of 50 Acc: 91.18% Mean: 89.29% (+/- 4.69%)
Fold: 46 of 50 Acc: 91.18% Mean: 89.33% (+/- 4.65%)
Fold: 47 of 50 Acc: 97.06% Mean: 89.49% (+/- 4.73%)
Fold: 48 of 50 Acc: 76.47% Mean: 89.22% (+/- 5.04%)
Fold: 49 of 50 Acc: 88.24% Mean: 89.20% (+/- 4.99%)
Fold: 50 of 50 Acc: 79.41% Mean: 89.01% (+/- 5.13%)
Model Type: ResNet101
Fold: 1 of 50 Acc: 85.71% Mean: 85.71% (+/- 0.00%)
Fold: 2 of 50 Acc: 97.14% Mean: 91.43% (+/- 5.71%)
Fold: 3 of 50 Acc: 94.12% Mean: 92.32% (+/- 4.83%)
Fold: 4 of 50 Acc: 94.12% Mean: 92.77% (+/- 4.26%)
Fold: 5 of 50 Acc: 85.29% Mean: 91.28% (+/- 4.84%)
Fold: 6 of 50 Acc: 91.18% Mean: 91.26% (+/- 4.42%)
Fold: 7 of 50 Acc: 79.41% Mean: 89.57% (+/- 5.83%)
Fold: 8 of 50 Acc: 88.24% Mean: 89.40% (+/- 5.47%)
Fold: 9 of 50 Acc: 88.24% Mean: 89.27% (+/- 5.17%)
Fold: 10 of 50 Acc: 82.35% Mean: 88.58% (+/- 5.32%)
Fold: 11 of 50 Acc: 82.86% Mean: 88.06% (+/- 5.34%)
Fold: 12 of 50 Acc: 91.43% Mean: 88.34% (+/- 5.19%)
Fold: 13 of 50 Acc: 94.12% Mean: 88.78% (+/- 5.22%)
Fold: 14 of 50 Acc: 100.00% Mean: 89.59% (+/- 5.80%)
Fold: 15 of 50 Acc: 88.24% Mean: 89.50% (+/- 5.62%)
Fold: 16 of 50 Acc: 79.41% Mean: 88.87% (+/- 5.96%)
Fold: 17 of 50 Acc: 91.18% Mean: 89.00% (+/- 5.81%)
Fold: 18 of 50 Acc: 88.24% Mean: 88.96% (+/- 5.65%)
Fold: 19 of 50 Acc: 85.29% Mean: 88.77% (+/- 5.56%)
Fold: 20 of 50 Acc: 94.12% Mean: 89.03% (+/- 5.54%)
Fold: 21 of 50 Acc: 85.71% Mean: 88.88% (+/- 5.45%)
Fold: 22 of 50 Acc: 85.71% Mean: 88.73% (+/- 5.37%)
Fold: 23 of 50 Acc: 91.18% Mean: 88.84% (+/- 5.27%)
Fold: 24 of 50 Acc: 88.24% Mean: 88.81% (+/- 5.16%)
Fold: 25 of 50 Acc: 91.18% Mean: 88.91% (+/- 5.08%)
Fold: 26 of 50 Acc: 94.12% Mean: 89.11% (+/- 5.08%)
Fold: 27 of 50 Acc: 85.29% Mean: 88.97% (+/- 5.04%)
Fold: 28 of 50 Acc: 88.24% Mean: 88.94% (+/- 4.95%)
Fold: 29 of 50 Acc: 94.12% Mean: 89.12% (+/- 4.95%)
Fold: 30 of 50 Acc: 82.35% Mean: 88.89% (+/- 5.02%)
Fold: 31 of 50 Acc: 82.86% Mean: 88.70% (+/- 5.05%)
Fold: 32 of 50 Acc: 94.29% Mean: 88.87% (+/- 5.07%)
Fold: 33 of 50 Acc: 94.12% Mean: 89.03% (+/- 5.07%)
Fold: 34 of 50 Acc: 70.59% Mean: 88.49% (+/- 5.89%)
Fold: 35 of 50 Acc: 85.29% Mean: 88.40% (+/- 5.83%)
Fold: 36 of 50 Acc: 94.12% Mean: 88.56% (+/- 5.82%)
Fold: 37 of 50 Acc: 88.24% Mean: 88.55% (+/- 5.74%)
Fold: 38 of 50 Acc: 94.12% Mean: 88.70% (+/- 5.74%)
Fold: 39 of 50 Acc: 100.00% Mean: 88.99% (+/- 5.94%)
Fold: 40 of 50 Acc: 94.12% Mean: 89.11% (+/- 5.92%)
Fold: 41 of 50 Acc: 82.86% Mean: 88.96% (+/- 5.92%)
Fold: 42 of 50 Acc: 88.57% Mean: 88.95% (+/- 5.85%)
Fold: 43 of 50 Acc: 97.06% Mean: 89.14% (+/- 5.91%)
Fold: 44 of 50 Acc: 85.29% Mean: 89.05% (+/- 5.87%)
Fold: 45 of 50 Acc: 94.12% Mean: 89.17% (+/- 5.86%)
Fold: 46 of 50 Acc: 97.06% Mean: 89.34% (+/- 5.90%)
Fold: 47 of 50 Acc: 94.12% Mean: 89.44% (+/- 5.88%)
Fold: 48 of 50 Acc: 82.35% Mean: 89.29% (+/- 5.91%)
Fold: 49 of 50 Acc: 91.18% Mean: 89.33% (+/- 5.85%)
Fold: 50 of 50 Acc: 82.35% Mean: 89.19% (+/- 5.88%)
Model Type: ResNet152
Fold: 1 of 50 Acc: 91.43% Mean: 91.43% (+/- 0.00%)
Fold: 2 of 50 Acc: 97.14% Mean: 94.29% (+/- 2.86%)
Fold: 3 of 50 Acc: 97.06% Mean: 95.21% (+/- 2.67%)
Fold: 4 of 50 Acc: 88.24% Mean: 93.47% (+/- 3.81%)
Fold: 5 of 50 Acc: 91.18% Mean: 93.01% (+/- 3.53%)
Fold: 6 of 50 Acc: 82.35% Mean: 91.23% (+/- 5.11%)
Fold: 7 of 50 Acc: 82.35% Mean: 89.96% (+/- 5.66%)
Fold: 8 of 50 Acc: 82.35% Mean: 89.01% (+/- 5.86%)
Fold: 9 of 50 Acc: 85.29% Mean: 88.60% (+/- 5.65%)
Fold: 10 of 50 Acc: 85.29% Mean: 88.27% (+/- 5.45%)
Fold: 11 of 50 Acc: 85.71% Mean: 88.04% (+/- 5.25%)
Fold: 12 of 50 Acc: 85.71% Mean: 87.84% (+/- 5.07%)
Fold: 13 of 50 Acc: 91.18% Mean: 88.10% (+/- 4.95%)
Fold: 14 of 50 Acc: 97.06% Mean: 88.74% (+/- 5.30%)
Fold: 15 of 50 Acc: 91.18% Mean: 88.90% (+/- 5.15%)
Fold: 16 of 50 Acc: 79.41% Mean: 88.31% (+/- 5.49%)
Fold: 17 of 50 Acc: 91.18% Mean: 88.48% (+/- 5.37%)
Fold: 18 of 50 Acc: 88.24% Mean: 88.46% (+/- 5.22%)
Fold: 19 of 50 Acc: 91.18% Mean: 88.61% (+/- 5.12%)
Fold: 20 of 50 Acc: 82.35% Mean: 88.29% (+/- 5.17%)
Fold: 21 of 50 Acc: 80.00% Mean: 87.90% (+/- 5.35%)
Fold: 22 of 50 Acc: 91.43% Mean: 88.06% (+/- 5.27%)
Fold: 23 of 50 Acc: 88.24% Mean: 88.07% (+/- 5.16%)
Fold: 24 of 50 Acc: 94.12% Mean: 88.32% (+/- 5.19%)
Fold: 25 of 50 Acc: 85.29% Mean: 88.20% (+/- 5.12%)
Fold: 26 of 50 Acc: 91.18% Mean: 88.31% (+/- 5.06%)
Fold: 27 of 50 Acc: 85.29% Mean: 88.20% (+/- 4.99%)
Fold: 28 of 50 Acc: 88.24% Mean: 88.20% (+/- 4.90%)
Fold: 29 of 50 Acc: 88.24% Mean: 88.20% (+/- 4.82%)
Fold: 30 of 50 Acc: 79.41% Mean: 87.91% (+/- 4.99%)
Fold: 31 of 50 Acc: 80.00% Mean: 87.66% (+/- 5.11%)
Fold: 32 of 50 Acc: 85.71% Mean: 87.59% (+/- 5.04%)
Fold: 33 of 50 Acc: 91.18% Mean: 87.70% (+/- 5.00%)
Fold: 34 of 50 Acc: 76.47% Mean: 87.37% (+/- 5.28%)
Fold: 35 of 50 Acc: 88.24% Mean: 87.40% (+/- 5.20%)
Fold: 36 of 50 Acc: 85.29% Mean: 87.34% (+/- 5.14%)
Fold: 37 of 50 Acc: 85.29% Mean: 87.28% (+/- 5.08%)
Fold: 38 of 50 Acc: 91.18% Mean: 87.39% (+/- 5.05%)
Fold: 39 of 50 Acc: 85.29% Mean: 87.33% (+/- 5.00%)
Fold: 40 of 50 Acc: 88.24% Mean: 87.36% (+/- 4.94%)
Fold: 41 of 50 Acc: 91.43% Mean: 87.45% (+/- 4.92%)
Fold: 42 of 50 Acc: 91.43% Mean: 87.55% (+/- 4.90%)
Fold: 43 of 50 Acc: 85.29% Mean: 87.50% (+/- 4.85%)
Fold: 44 of 50 Acc: 85.29% Mean: 87.45% (+/- 4.81%)
Fold: 45 of 50 Acc: 91.18% Mean: 87.53% (+/- 4.79%)
Fold: 46 of 50 Acc: 94.12% Mean: 87.67% (+/- 4.83%)
Fold: 47 of 50 Acc: 94.12% Mean: 87.81% (+/- 4.87%)
Fold: 48 of 50 Acc: 79.41% Mean: 87.63% (+/- 4.96%)
Fold: 49 of 50 Acc: 82.35% Mean: 87.53% (+/- 4.97%)
Fold: 50 of 50 Acc: 88.24% Mean: 87.54% (+/- 4.92%)
Model Type: ResNet50V2
Fold: 1 of 50 Acc: 82.86% Mean: 82.86% (+/- 0.00%)
Fold: 2 of 50 Acc: 82.86% Mean: 82.86% (+/- 0.00%)
Fold: 3 of 50 Acc: 91.18% Mean: 85.63% (+/- 3.92%)
Fold: 4 of 50 Acc: 94.12% Mean: 87.75% (+/- 5.00%)
Fold: 5 of 50 Acc: 85.29% Mean: 87.26% (+/- 4.58%)
Fold: 6 of 50 Acc: 85.29% Mean: 86.93% (+/- 4.25%)
Fold: 7 of 50 Acc: 85.29% Mean: 86.70% (+/- 3.97%)
Fold: 8 of 50 Acc: 88.24% Mean: 86.89% (+/- 3.75%)
Fold: 9 of 50 Acc: 82.35% Mean: 86.39% (+/- 3.81%)
Fold: 10 of 50 Acc: 79.41% Mean: 85.69% (+/- 4.18%)
Fold: 11 of 50 Acc: 80.00% Mean: 85.17% (+/- 4.31%)
Fold: 12 of 50 Acc: 80.00% Mean: 84.74% (+/- 4.36%)
Fold: 13 of 50 Acc: 85.29% Mean: 84.78% (+/- 4.20%)
Fold: 14 of 50 Acc: 91.18% Mean: 85.24% (+/- 4.37%)
Fold: 15 of 50 Acc: 85.29% Mean: 85.24% (+/- 4.22%)
Fold: 16 of 50 Acc: 82.35% Mean: 85.06% (+/- 4.14%)
Fold: 17 of 50 Acc: 82.35% Mean: 84.90% (+/- 4.07%)
Fold: 18 of 50 Acc: 82.35% Mean: 84.76% (+/- 4.00%)
Fold: 19 of 50 Acc: 88.24% Mean: 84.94% (+/- 3.97%)
Fold: 20 of 50 Acc: 82.35% Mean: 84.82% (+/- 3.91%)
Fold: 21 of 50 Acc: 77.14% Mean: 84.45% (+/- 4.15%)
Fold: 22 of 50 Acc: 82.86% Mean: 84.38% (+/- 4.07%)
Fold: 23 of 50 Acc: 85.29% Mean: 84.42% (+/- 3.98%)
Fold: 24 of 50 Acc: 88.24% Mean: 84.58% (+/- 3.97%)
Fold: 25 of 50 Acc: 82.35% Mean: 84.49% (+/- 3.92%)
Fold: 26 of 50 Acc: 97.06% Mean: 84.97% (+/- 4.54%)
Fold: 27 of 50 Acc: 85.29% Mean: 84.98% (+/- 4.45%)
Fold: 28 of 50 Acc: 91.18% Mean: 85.20% (+/- 4.52%)
Fold: 29 of 50 Acc: 85.29% Mean: 85.21% (+/- 4.44%)
Fold: 30 of 50 Acc: 82.35% Mean: 85.11% (+/- 4.40%)
Fold: 31 of 50 Acc: 82.86% Mean: 85.04% (+/- 4.35%)
Fold: 32 of 50 Acc: 91.43% Mean: 85.24% (+/- 4.42%)
Fold: 33 of 50 Acc: 88.24% Mean: 85.33% (+/- 4.38%)
Fold: 34 of 50 Acc: 76.47% Mean: 85.07% (+/- 4.57%)
Fold: 35 of 50 Acc: 91.18% Mean: 85.24% (+/- 4.62%)
Fold: 36 of 50 Acc: 88.24% Mean: 85.33% (+/- 4.58%)
Fold: 37 of 50 Acc: 85.29% Mean: 85.33% (+/- 4.52%)
Fold: 38 of 50 Acc: 91.18% Mean: 85.48% (+/- 4.55%)
Fold: 39 of 50 Acc: 88.24% Mean: 85.55% (+/- 4.52%)
Fold: 40 of 50 Acc: 88.24% Mean: 85.62% (+/- 4.48%)
Fold: 41 of 50 Acc: 88.57% Mean: 85.69% (+/- 4.45%)
Fold: 42 of 50 Acc: 82.86% Mean: 85.62% (+/- 4.42%)
Fold: 43 of 50 Acc: 88.24% Mean: 85.68% (+/- 4.38%)
Fold: 44 of 50 Acc: 85.29% Mean: 85.67% (+/- 4.33%)
Fold: 45 of 50 Acc: 85.29% Mean: 85.67% (+/- 4.28%)
Fold: 46 of 50 Acc: 85.29% Mean: 85.66% (+/- 4.24%)
Fold: 47 of 50 Acc: 88.24% Mean: 85.71% (+/- 4.21%)
Fold: 48 of 50 Acc: 94.12% Mean: 85.89% (+/- 4.33%)
Fold: 49 of 50 Acc: 88.24% Mean: 85.94% (+/- 4.30%)
Fold: 50 of 50 Acc: 79.41% Mean: 85.81% (+/- 4.36%)
Model Type: ResNet101V2
Fold: 1 of 50 Acc: 91.43% Mean: 91.43% (+/- 0.00%)
Fold: 2 of 50 Acc: 85.71% Mean: 88.57% (+/- 2.86%)
Fold: 3 of 50 Acc: 91.18% Mean: 89.44% (+/- 2.64%)
Fold: 4 of 50 Acc: 97.06% Mean: 91.34% (+/- 4.01%)
Fold: 5 of 50 Acc: 91.18% Mean: 91.31% (+/- 3.59%)
Fold: 6 of 50 Acc: 88.24% Mean: 90.80% (+/- 3.47%)
Fold: 7 of 50 Acc: 82.35% Mean: 89.59% (+/- 4.37%)
Fold: 8 of 50 Acc: 85.29% Mean: 89.05% (+/- 4.32%)
Fold: 9 of 50 Acc: 91.18% Mean: 89.29% (+/- 4.13%)
Fold: 10 of 50 Acc: 82.35% Mean: 88.60% (+/- 4.44%)
Fold: 11 of 50 Acc: 91.43% Mean: 88.85% (+/- 4.31%)
Fold: 12 of 50 Acc: 80.00% Mean: 88.12% (+/- 4.80%)
Fold: 13 of 50 Acc: 85.29% Mean: 87.90% (+/- 4.67%)
Fold: 14 of 50 Acc: 91.18% Mean: 88.13% (+/- 4.58%)
Fold: 15 of 50 Acc: 97.06% Mean: 88.73% (+/- 4.95%)
Fold: 16 of 50 Acc: 76.47% Mean: 87.96% (+/- 5.64%)
Fold: 17 of 50 Acc: 82.35% Mean: 87.63% (+/- 5.63%)
Fold: 18 of 50 Acc: 88.24% Mean: 87.67% (+/- 5.47%)
Fold: 19 of 50 Acc: 88.24% Mean: 87.70% (+/- 5.33%)
Fold: 20 of 50 Acc: 82.35% Mean: 87.43% (+/- 5.32%)
Fold: 21 of 50 Acc: 80.00% Mean: 87.07% (+/- 5.43%)
Fold: 22 of 50 Acc: 91.43% Mean: 87.27% (+/- 5.38%)
Fold: 23 of 50 Acc: 94.12% Mean: 87.57% (+/- 5.44%)
Fold: 24 of 50 Acc: 91.18% Mean: 87.72% (+/- 5.38%)
Fold: 25 of 50 Acc: 88.24% Mean: 87.74% (+/- 5.27%)
Fold: 26 of 50 Acc: 85.29% Mean: 87.65% (+/- 5.19%)
Fold: 27 of 50 Acc: 82.35% Mean: 87.45% (+/- 5.19%)
Fold: 28 of 50 Acc: 91.18% Mean: 87.58% (+/- 5.14%)
Fold: 29 of 50 Acc: 88.24% Mean: 87.61% (+/- 5.05%)
Fold: 30 of 50 Acc: 82.35% Mean: 87.43% (+/- 5.06%)
Fold: 31 of 50 Acc: 77.14% Mean: 87.10% (+/- 5.30%)
Fold: 32 of 50 Acc: 100.00% Mean: 87.50% (+/- 5.68%)
Fold: 33 of 50 Acc: 94.12% Mean: 87.70% (+/- 5.70%)
Fold: 34 of 50 Acc: 76.47% Mean: 87.37% (+/- 5.93%)
Fold: 35 of 50 Acc: 88.24% Mean: 87.40% (+/- 5.85%)
Fold: 36 of 50 Acc: 88.24% Mean: 87.42% (+/- 5.77%)
Fold: 37 of 50 Acc: 82.35% Mean: 87.28% (+/- 5.75%)
Fold: 38 of 50 Acc: 97.06% Mean: 87.54% (+/- 5.88%)
Fold: 39 of 50 Acc: 91.18% Mean: 87.63% (+/- 5.84%)
Fold: 40 of 50 Acc: 85.29% Mean: 87.58% (+/- 5.77%)
Fold: 41 of 50 Acc: 91.43% Mean: 87.67% (+/- 5.73%)
Fold: 42 of 50 Acc: 88.57% Mean: 87.69% (+/- 5.67%)
Fold: 43 of 50 Acc: 88.24% Mean: 87.70% (+/- 5.60%)
Fold: 44 of 50 Acc: 91.18% Mean: 87.78% (+/- 5.56%)
Fold: 45 of 50 Acc: 94.12% Mean: 87.92% (+/- 5.58%)
Fold: 46 of 50 Acc: 91.18% Mean: 87.99% (+/- 5.54%)
Fold: 47 of 50 Acc: 97.06% Mean: 88.19% (+/- 5.63%)
Fold: 48 of 50 Acc: 76.47% Mean: 87.94% (+/- 5.82%)
Fold: 49 of 50 Acc: 85.29% Mean: 87.89% (+/- 5.77%)
Fold: 50 of 50 Acc: 88.24% Mean: 87.90% (+/- 5.71%)
Model Type: ResNet152V2
Fold: 1 of 50 Acc: 94.29% Mean: 94.29% (+/- 0.00%)
Fold: 2 of 50 Acc: 88.57% Mean: 91.43% (+/- 2.86%)
Fold: 3 of 50 Acc: 94.12% Mean: 92.32% (+/- 2.66%)
Fold: 4 of 50 Acc: 97.06% Mean: 93.51% (+/- 3.08%)
Fold: 5 of 50 Acc: 94.12% Mean: 93.63% (+/- 2.77%)
Fold: 6 of 50 Acc: 88.24% Mean: 92.73% (+/- 3.23%)
Fold: 7 of 50 Acc: 91.18% Mean: 92.51% (+/- 3.04%)
Fold: 8 of 50 Acc: 85.29% Mean: 91.61% (+/- 3.71%)
Fold: 9 of 50 Acc: 94.12% Mean: 91.89% (+/- 3.59%)
Fold: 10 of 50 Acc: 85.29% Mean: 91.23% (+/- 3.93%)
Fold: 11 of 50 Acc: 94.29% Mean: 91.50% (+/- 3.85%)
Fold: 12 of 50 Acc: 88.57% Mean: 91.26% (+/- 3.78%)
Fold: 13 of 50 Acc: 91.18% Mean: 91.25% (+/- 3.63%)
Fold: 14 of 50 Acc: 97.06% Mean: 91.67% (+/- 3.80%)
Fold: 15 of 50 Acc: 97.06% Mean: 92.03% (+/- 3.91%)
Fold: 16 of 50 Acc: 82.35% Mean: 91.42% (+/- 4.45%)
Fold: 17 of 50 Acc: 91.18% Mean: 91.41% (+/- 4.32%)
Fold: 18 of 50 Acc: 91.18% Mean: 91.40% (+/- 4.20%)
Fold: 19 of 50 Acc: 94.12% Mean: 91.54% (+/- 4.13%)
Fold: 20 of 50 Acc: 91.18% Mean: 91.52% (+/- 4.03%)
Fold: 21 of 50 Acc: 85.71% Mean: 91.24% (+/- 4.12%)
Fold: 22 of 50 Acc: 94.29% Mean: 91.38% (+/- 4.08%)
Fold: 23 of 50 Acc: 97.06% Mean: 91.63% (+/- 4.15%)
Fold: 24 of 50 Acc: 91.18% Mean: 91.61% (+/- 4.07%)
Fold: 25 of 50 Acc: 85.29% Mean: 91.36% (+/- 4.17%)
Fold: 26 of 50 Acc: 97.06% Mean: 91.58% (+/- 4.23%)
Fold: 27 of 50 Acc: 82.35% Mean: 91.24% (+/- 4.51%)
Fold: 28 of 50 Acc: 94.12% Mean: 91.34% (+/- 4.46%)
Fold: 29 of 50 Acc: 91.18% Mean: 91.33% (+/- 4.38%)
Fold: 30 of 50 Acc: 88.24% Mean: 91.23% (+/- 4.34%)
Fold: 31 of 50 Acc: 82.86% Mean: 90.96% (+/- 4.52%)
Fold: 32 of 50 Acc: 91.43% Mean: 90.97% (+/- 4.45%)
Fold: 33 of 50 Acc: 88.24% Mean: 90.89% (+/- 4.41%)
Fold: 34 of 50 Acc: 76.47% Mean: 90.47% (+/- 4.98%)
Fold: 35 of 50 Acc: 94.12% Mean: 90.57% (+/- 4.94%)
Fold: 36 of 50 Acc: 91.18% Mean: 90.59% (+/- 4.88%)
Fold: 37 of 50 Acc: 88.24% Mean: 90.52% (+/- 4.82%)
Fold: 38 of 50 Acc: 97.06% Mean: 90.70% (+/- 4.87%)
Fold: 39 of 50 Acc: 94.12% Mean: 90.78% (+/- 4.84%)
Fold: 40 of 50 Acc: 97.06% Mean: 90.94% (+/- 4.88%)
Fold: 41 of 50 Acc: 88.57% Mean: 90.88% (+/- 4.83%)
Fold: 42 of 50 Acc: 85.71% Mean: 90.76% (+/- 4.84%)
Fold: 43 of 50 Acc: 91.18% Mean: 90.77% (+/- 4.78%)
Fold: 44 of 50 Acc: 85.29% Mean: 90.65% (+/- 4.80%)
Fold: 45 of 50 Acc: 94.12% Mean: 90.72% (+/- 4.77%)
Fold: 46 of 50 Acc: 91.18% Mean: 90.73% (+/- 4.72%)
Fold: 47 of 50 Acc: 94.12% Mean: 90.80% (+/- 4.70%)
Fold: 48 of 50 Acc: 88.24% Mean: 90.75% (+/- 4.66%)
Fold: 49 of 50 Acc: 94.12% Mean: 90.82% (+/- 4.64%)
Fold: 50 of 50 Acc: 88.24% Mean: 90.77% (+/- 4.61%)
Model Type: InceptionV3
Fold: 1 of 50 Acc: 82.86% Mean: 82.86% (+/- 0.00%)
Fold: 2 of 50 Acc: 85.71% Mean: 84.29% (+/- 1.43%)
Fold: 3 of 50 Acc: 91.18% Mean: 86.58% (+/- 3.45%)
Fold: 4 of 50 Acc: 91.18% Mean: 87.73% (+/- 3.59%)
Fold: 5 of 50 Acc: 88.24% Mean: 87.83% (+/- 3.22%)
Fold: 6 of 50 Acc: 82.35% Mean: 86.92% (+/- 3.58%)
Fold: 7 of 50 Acc: 73.53% Mean: 85.01% (+/- 5.74%)
Fold: 8 of 50 Acc: 76.47% Mean: 83.94% (+/- 6.06%)
Fold: 9 of 50 Acc: 88.24% Mean: 84.42% (+/- 5.87%)
Fold: 10 of 50 Acc: 91.18% Mean: 85.09% (+/- 5.93%)
Fold: 11 of 50 Acc: 88.57% Mean: 85.41% (+/- 5.74%)
Fold: 12 of 50 Acc: 80.00% Mean: 84.96% (+/- 5.70%)
Fold: 13 of 50 Acc: 82.35% Mean: 84.76% (+/- 5.52%)
Fold: 14 of 50 Acc: 91.18% Mean: 85.22% (+/- 5.57%)
Fold: 15 of 50 Acc: 79.41% Mean: 84.83% (+/- 5.57%)
Fold: 16 of 50 Acc: 88.24% Mean: 85.04% (+/- 5.46%)
Fold: 17 of 50 Acc: 85.29% Mean: 85.06% (+/- 5.29%)
Fold: 18 of 50 Acc: 91.18% Mean: 85.40% (+/- 5.33%)
Fold: 19 of 50 Acc: 97.06% Mean: 86.01% (+/- 5.81%)
Fold: 20 of 50 Acc: 82.35% Mean: 85.83% (+/- 5.72%)
Fold: 21 of 50 Acc: 82.86% Mean: 85.69% (+/- 5.61%)
Fold: 22 of 50 Acc: 85.71% Mean: 85.69% (+/- 5.48%)
Fold: 23 of 50 Acc: 88.24% Mean: 85.80% (+/- 5.39%)
Fold: 24 of 50 Acc: 94.12% Mean: 86.14% (+/- 5.53%)
Fold: 25 of 50 Acc: 82.35% Mean: 85.99% (+/- 5.47%)
Fold: 26 of 50 Acc: 100.00% Mean: 86.53% (+/- 6.00%)
Fold: 27 of 50 Acc: 79.41% Mean: 86.27% (+/- 6.04%)
Fold: 28 of 50 Acc: 94.12% Mean: 86.55% (+/- 6.11%)
Fold: 29 of 50 Acc: 82.35% Mean: 86.40% (+/- 6.05%)
Fold: 30 of 50 Acc: 85.29% Mean: 86.37% (+/- 5.95%)
Fold: 31 of 50 Acc: 88.57% Mean: 86.44% (+/- 5.87%)
Fold: 32 of 50 Acc: 88.57% Mean: 86.50% (+/- 5.79%)
Fold: 33 of 50 Acc: 97.06% Mean: 86.82% (+/- 5.98%)
Fold: 34 of 50 Acc: 73.53% Mean: 86.43% (+/- 6.31%)
Fold: 35 of 50 Acc: 85.29% Mean: 86.40% (+/- 6.22%)
Fold: 36 of 50 Acc: 85.29% Mean: 86.37% (+/- 6.13%)
Fold: 37 of 50 Acc: 88.24% Mean: 86.42% (+/- 6.06%)
Fold: 38 of 50 Acc: 94.12% Mean: 86.62% (+/- 6.10%)
Fold: 39 of 50 Acc: 85.29% Mean: 86.59% (+/- 6.03%)
Fold: 40 of 50 Acc: 94.12% Mean: 86.78% (+/- 6.07%)
Fold: 41 of 50 Acc: 77.14% Mean: 86.54% (+/- 6.17%)
Fold: 42 of 50 Acc: 77.14% Mean: 86.32% (+/- 6.27%)
Fold: 43 of 50 Acc: 82.35% Mean: 86.23% (+/- 6.22%)
Fold: 44 of 50 Acc: 88.24% Mean: 86.27% (+/- 6.16%)
Fold: 45 of 50 Acc: 94.12% Mean: 86.45% (+/- 6.20%)
Fold: 46 of 50 Acc: 88.24% Mean: 86.49% (+/- 6.14%)
Fold: 47 of 50 Acc: 85.29% Mean: 86.46% (+/- 6.07%)
Fold: 48 of 50 Acc: 88.24% Mean: 86.50% (+/- 6.01%)
Fold: 49 of 50 Acc: 88.24% Mean: 86.53% (+/- 5.96%)
Fold: 50 of 50 Acc: 88.24% Mean: 86.57% (+/- 5.90%)
Model Type: InceptionResNetV2
Fold: 1 of 50 Acc: 82.86% Mean: 82.86% (+/- 0.00%)
Fold: 2 of 50 Acc: 85.71% Mean: 84.29% (+/- 1.43%)
Fold: 3 of 50 Acc: 82.35% Mean: 83.64% (+/- 1.48%)
Fold: 4 of 50 Acc: 94.12% Mean: 86.26% (+/- 4.71%)
Fold: 5 of 50 Acc: 85.29% Mean: 86.07% (+/- 4.23%)
Fold: 6 of 50 Acc: 88.24% Mean: 86.43% (+/- 3.95%)
Fold: 7 of 50 Acc: 82.35% Mean: 85.85% (+/- 3.92%)
Fold: 8 of 50 Acc: 85.29% Mean: 85.78% (+/- 3.68%)
Fold: 9 of 50 Acc: 91.18% Mean: 86.38% (+/- 3.86%)
Fold: 10 of 50 Acc: 88.24% Mean: 86.56% (+/- 3.70%)
Fold: 11 of 50 Acc: 94.29% Mean: 87.27% (+/- 4.17%)
Fold: 12 of 50 Acc: 82.86% Mean: 86.90% (+/- 4.17%)
Fold: 13 of 50 Acc: 79.41% Mean: 86.32% (+/- 4.48%)
Fold: 14 of 50 Acc: 91.18% Mean: 86.67% (+/- 4.49%)
Fold: 15 of 50 Acc: 82.35% Mean: 86.38% (+/- 4.47%)
Fold: 16 of 50 Acc: 85.29% Mean: 86.31% (+/- 4.34%)
Fold: 17 of 50 Acc: 88.24% Mean: 86.43% (+/- 4.23%)
Fold: 18 of 50 Acc: 97.06% Mean: 87.02% (+/- 4.78%)
Fold: 19 of 50 Acc: 88.24% Mean: 87.08% (+/- 4.66%)
Fold: 20 of 50 Acc: 82.35% Mean: 86.84% (+/- 4.66%)
Fold: 21 of 50 Acc: 85.71% Mean: 86.79% (+/- 4.55%)
Fold: 22 of 50 Acc: 82.86% Mean: 86.61% (+/- 4.52%)
Fold: 23 of 50 Acc: 79.41% Mean: 86.30% (+/- 4.66%)
Fold: 24 of 50 Acc: 94.12% Mean: 86.62% (+/- 4.82%)
Fold: 25 of 50 Acc: 88.24% Mean: 86.69% (+/- 4.74%)
Fold: 26 of 50 Acc: 100.00% Mean: 87.20% (+/- 5.30%)
Fold: 27 of 50 Acc: 76.47% Mean: 86.80% (+/- 5.58%)
Fold: 28 of 50 Acc: 82.35% Mean: 86.64% (+/- 5.55%)
Fold: 29 of 50 Acc: 85.29% Mean: 86.60% (+/- 5.45%)
Fold: 30 of 50 Acc: 73.53% Mean: 86.16% (+/- 5.85%)
Fold: 31 of 50 Acc: 88.57% Mean: 86.24% (+/- 5.77%)
Fold: 32 of 50 Acc: 94.29% Mean: 86.49% (+/- 5.85%)
Fold: 33 of 50 Acc: 91.18% Mean: 86.63% (+/- 5.82%)
Fold: 34 of 50 Acc: 76.47% Mean: 86.33% (+/- 5.98%)
Fold: 35 of 50 Acc: 88.24% Mean: 86.39% (+/- 5.91%)
Fold: 36 of 50 Acc: 76.47% Mean: 86.11% (+/- 6.05%)
Fold: 37 of 50 Acc: 85.29% Mean: 86.09% (+/- 5.97%)
Fold: 38 of 50 Acc: 91.18% Mean: 86.23% (+/- 5.94%)
Fold: 39 of 50 Acc: 88.24% Mean: 86.28% (+/- 5.88%)
Fold: 40 of 50 Acc: 94.12% Mean: 86.47% (+/- 5.93%)
Fold: 41 of 50 Acc: 77.14% Mean: 86.25% (+/- 6.03%)
Fold: 42 of 50 Acc: 74.29% Mean: 85.96% (+/- 6.23%)
Fold: 43 of 50 Acc: 94.12% Mean: 86.15% (+/- 6.28%)
Fold: 44 of 50 Acc: 91.18% Mean: 86.26% (+/- 6.25%)
Fold: 45 of 50 Acc: 91.18% Mean: 86.37% (+/- 6.23%)
Fold: 46 of 50 Acc: 91.18% Mean: 86.48% (+/- 6.20%)
Fold: 47 of 50 Acc: 85.29% Mean: 86.45% (+/- 6.13%)
Fold: 48 of 50 Acc: 82.35% Mean: 86.37% (+/- 6.10%)
Fold: 49 of 50 Acc: 88.24% Mean: 86.41% (+/- 6.04%)
Fold: 50 of 50 Acc: 88.24% Mean: 86.44% (+/- 5.99%)
Model Type: MobileNet
Fold: 1 of 50 Acc: 88.57% Mean: 88.57% (+/- 0.00%)
Fold: 2 of 50 Acc: 88.57% Mean: 88.57% (+/- 0.00%)
Fold: 3 of 50 Acc: 82.35% Mean: 86.50% (+/- 2.93%)
Fold: 4 of 50 Acc: 91.18% Mean: 87.67% (+/- 3.25%)
Fold: 5 of 50 Acc: 91.18% Mean: 88.37% (+/- 3.23%)
Fold: 6 of 50 Acc: 94.12% Mean: 89.33% (+/- 3.64%)
Fold: 7 of 50 Acc: 100.00% Mean: 90.85% (+/- 5.03%)
Fold: 8 of 50 Acc: 85.29% Mean: 90.16% (+/- 5.05%)
Fold: 9 of 50 Acc: 91.18% Mean: 90.27% (+/- 4.77%)
Fold: 10 of 50 Acc: 88.24% Mean: 90.07% (+/- 4.57%)
Fold: 11 of 50 Acc: 94.29% Mean: 90.45% (+/- 4.52%)
Fold: 12 of 50 Acc: 91.43% Mean: 90.53% (+/- 4.34%)
Fold: 13 of 50 Acc: 97.06% Mean: 91.03% (+/- 4.52%)
Fold: 14 of 50 Acc: 100.00% Mean: 91.67% (+/- 4.93%)
Fold: 15 of 50 Acc: 94.12% Mean: 91.84% (+/- 4.80%)
Fold: 16 of 50 Acc: 79.41% Mean: 91.06% (+/- 5.54%)
Fold: 17 of 50 Acc: 88.24% Mean: 90.89% (+/- 5.41%)
Fold: 18 of 50 Acc: 91.18% Mean: 90.91% (+/- 5.26%)
Fold: 19 of 50 Acc: 97.06% Mean: 91.23% (+/- 5.30%)
Fold: 20 of 50 Acc: 91.18% Mean: 91.23% (+/- 5.17%)
Fold: 21 of 50 Acc: 85.71% Mean: 90.97% (+/- 5.18%)
Fold: 22 of 50 Acc: 91.43% Mean: 90.99% (+/- 5.06%)
Fold: 23 of 50 Acc: 94.12% Mean: 91.13% (+/- 4.99%)
Fold: 24 of 50 Acc: 88.24% Mean: 91.00% (+/- 4.92%)
Fold: 25 of 50 Acc: 91.18% Mean: 91.01% (+/- 4.82%)
Fold: 26 of 50 Acc: 94.12% Mean: 91.13% (+/- 4.76%)
Fold: 27 of 50 Acc: 82.35% Mean: 90.81% (+/- 4.96%)
Fold: 28 of 50 Acc: 100.00% Mean: 91.13% (+/- 5.16%)
Fold: 29 of 50 Acc: 88.24% Mean: 91.03% (+/- 5.10%)
Fold: 30 of 50 Acc: 88.24% Mean: 90.94% (+/- 5.04%)
Fold: 31 of 50 Acc: 94.29% Mean: 91.05% (+/- 4.99%)
Fold: 32 of 50 Acc: 94.29% Mean: 91.15% (+/- 4.94%)
Fold: 33 of 50 Acc: 85.29% Mean: 90.97% (+/- 4.97%)
Fold: 34 of 50 Acc: 82.35% Mean: 90.72% (+/- 5.11%)
Fold: 35 of 50 Acc: 100.00% Mean: 90.98% (+/- 5.27%)
Fold: 36 of 50 Acc: 94.12% Mean: 91.07% (+/- 5.22%)
Fold: 37 of 50 Acc: 91.18% Mean: 91.07% (+/- 5.15%)
Fold: 38 of 50 Acc: 97.06% Mean: 91.23% (+/- 5.17%)
Fold: 39 of 50 Acc: 94.12% Mean: 91.31% (+/- 5.12%)
Fold: 40 of 50 Acc: 97.06% Mean: 91.45% (+/- 5.14%)
Fold: 41 of 50 Acc: 94.29% Mean: 91.52% (+/- 5.09%)
Fold: 42 of 50 Acc: 91.43% Mean: 91.52% (+/- 5.03%)
Fold: 43 of 50 Acc: 97.06% Mean: 91.65% (+/- 5.04%)
Fold: 44 of 50 Acc: 91.18% Mean: 91.63% (+/- 4.99%)
Fold: 45 of 50 Acc: 97.06% Mean: 91.76% (+/- 4.99%)
Fold: 46 of 50 Acc: 85.29% Mean: 91.61% (+/- 5.03%)
Fold: 47 of 50 Acc: 97.06% Mean: 91.73% (+/- 5.04%)
Fold: 48 of 50 Acc: 88.24% Mean: 91.66% (+/- 5.01%)
Fold: 49 of 50 Acc: 88.24% Mean: 91.59% (+/- 4.98%)
Fold: 50 of 50 Acc: 88.24% Mean: 91.52% (+/- 4.95%)
Model Type: DenseNet121
Fold: 1 of 50 Acc: 88.57% Mean: 88.57% (+/- 0.00%)
Fold: 2 of 50 Acc: 85.71% Mean: 87.14% (+/- 1.43%)
Fold: 3 of 50 Acc: 91.18% Mean: 88.49% (+/- 2.23%)
Fold: 4 of 50 Acc: 88.24% Mean: 88.42% (+/- 1.93%)
Fold: 5 of 50 Acc: 88.24% Mean: 88.39% (+/- 1.73%)
Fold: 6 of 50 Acc: 85.29% Mean: 87.87% (+/- 1.96%)
Fold: 7 of 50 Acc: 76.47% Mean: 86.24% (+/- 4.38%)
Fold: 8 of 50 Acc: 79.41% Mean: 85.39% (+/- 4.68%)
Fold: 9 of 50 Acc: 91.18% Mean: 86.03% (+/- 4.77%)
Fold: 10 of 50 Acc: 82.35% Mean: 85.66% (+/- 4.66%)
Fold: 11 of 50 Acc: 94.29% Mean: 86.45% (+/- 5.09%)
Fold: 12 of 50 Acc: 85.71% Mean: 86.39% (+/- 4.88%)
Fold: 13 of 50 Acc: 88.24% Mean: 86.53% (+/- 4.71%)
Fold: 14 of 50 Acc: 97.06% Mean: 87.28% (+/- 5.29%)
Fold: 15 of 50 Acc: 91.18% Mean: 87.54% (+/- 5.20%)
Fold: 16 of 50 Acc: 79.41% Mean: 87.03% (+/- 5.41%)
Fold: 17 of 50 Acc: 88.24% Mean: 87.10% (+/- 5.25%)
Fold: 18 of 50 Acc: 82.35% Mean: 86.84% (+/- 5.22%)
Fold: 19 of 50 Acc: 88.24% Mean: 86.91% (+/- 5.09%)
Fold: 20 of 50 Acc: 85.29% Mean: 86.83% (+/- 4.97%)
Fold: 21 of 50 Acc: 85.71% Mean: 86.78% (+/- 4.86%)
Fold: 22 of 50 Acc: 80.00% Mean: 86.47% (+/- 4.95%)
Fold: 23 of 50 Acc: 88.24% Mean: 86.55% (+/- 4.86%)
Fold: 24 of 50 Acc: 91.18% Mean: 86.74% (+/- 4.84%)
Fold: 25 of 50 Acc: 88.24% Mean: 86.80% (+/- 4.75%)
Fold: 26 of 50 Acc: 91.18% Mean: 86.97% (+/- 4.74%)
Fold: 27 of 50 Acc: 82.35% Mean: 86.80% (+/- 4.73%)
Fold: 28 of 50 Acc: 88.24% Mean: 86.85% (+/- 4.65%)
Fold: 29 of 50 Acc: 82.35% Mean: 86.69% (+/- 4.64%)
Fold: 30 of 50 Acc: 85.29% Mean: 86.65% (+/- 4.57%)
Fold: 31 of 50 Acc: 88.57% Mean: 86.71% (+/- 4.51%)
Fold: 32 of 50 Acc: 94.29% Mean: 86.95% (+/- 4.63%)
Fold: 33 of 50 Acc: 82.35% Mean: 86.81% (+/- 4.63%)
Fold: 34 of 50 Acc: 73.53% Mean: 86.42% (+/- 5.08%)
Fold: 35 of 50 Acc: 91.18% Mean: 86.55% (+/- 5.07%)
Fold: 36 of 50 Acc: 82.35% Mean: 86.44% (+/- 5.05%)
Fold: 37 of 50 Acc: 88.24% Mean: 86.48% (+/- 4.99%)
Fold: 38 of 50 Acc: 91.18% Mean: 86.61% (+/- 4.98%)
Fold: 39 of 50 Acc: 88.24% Mean: 86.65% (+/- 4.92%)
Fold: 40 of 50 Acc: 88.24% Mean: 86.69% (+/- 4.87%)
Fold: 41 of 50 Acc: 94.29% Mean: 86.87% (+/- 4.95%)
Fold: 42 of 50 Acc: 91.43% Mean: 86.98% (+/- 4.94%)
Fold: 43 of 50 Acc: 88.24% Mean: 87.01% (+/- 4.88%)
Fold: 44 of 50 Acc: 79.41% Mean: 86.84% (+/- 4.96%)
Fold: 45 of 50 Acc: 91.18% Mean: 86.94% (+/- 4.94%)
Fold: 46 of 50 Acc: 91.18% Mean: 87.03% (+/- 4.93%)
Fold: 47 of 50 Acc: 88.24% Mean: 87.05% (+/- 4.88%)
Fold: 48 of 50 Acc: 76.47% Mean: 86.83% (+/- 5.06%)
Fold: 49 of 50 Acc: 79.41% Mean: 86.68% (+/- 5.12%)
Fold: 50 of 50 Acc: 88.24% Mean: 86.71% (+/- 5.07%)
Model Type: DenseNet169
Fold: 1 of 50 Acc: 88.57% Mean: 88.57% (+/- 0.00%)
Fold: 2 of 50 Acc: 91.43% Mean: 90.00% (+/- 1.43%)
Fold: 3 of 50 Acc: 97.06% Mean: 92.35% (+/- 3.53%)
Fold: 4 of 50 Acc: 88.24% Mean: 91.32% (+/- 3.54%)
Fold: 5 of 50 Acc: 85.29% Mean: 90.12% (+/- 3.98%)
Fold: 6 of 50 Acc: 88.24% Mean: 89.80% (+/- 3.70%)
Fold: 7 of 50 Acc: 94.12% Mean: 90.42% (+/- 3.74%)
Fold: 8 of 50 Acc: 70.59% Mean: 87.94% (+/- 7.43%)
Fold: 9 of 50 Acc: 85.29% Mean: 87.65% (+/- 7.06%)
Fold: 10 of 50 Acc: 88.24% Mean: 87.71% (+/- 6.70%)
Fold: 11 of 50 Acc: 91.43% Mean: 88.04% (+/- 6.48%)
Fold: 12 of 50 Acc: 82.86% Mean: 87.61% (+/- 6.36%)
Fold: 13 of 50 Acc: 88.24% Mean: 87.66% (+/- 6.12%)
Fold: 14 of 50 Acc: 91.18% Mean: 87.91% (+/- 5.96%)
Fold: 15 of 50 Acc: 85.29% Mean: 87.74% (+/- 5.80%)
Fold: 16 of 50 Acc: 82.35% Mean: 87.40% (+/- 5.76%)
Fold: 17 of 50 Acc: 88.24% Mean: 87.45% (+/- 5.59%)
Fold: 18 of 50 Acc: 88.24% Mean: 87.49% (+/- 5.44%)
Fold: 19 of 50 Acc: 88.24% Mean: 87.53% (+/- 5.30%)
Fold: 20 of 50 Acc: 88.24% Mean: 87.57% (+/- 5.17%)
Fold: 21 of 50 Acc: 74.29% Mean: 86.93% (+/- 5.78%)
Fold: 22 of 50 Acc: 91.43% Mean: 87.14% (+/- 5.72%)
Fold: 23 of 50 Acc: 91.18% Mean: 87.31% (+/- 5.66%)
Fold: 24 of 50 Acc: 91.18% Mean: 87.48% (+/- 5.59%)
Fold: 25 of 50 Acc: 85.29% Mean: 87.39% (+/- 5.50%)
Fold: 26 of 50 Acc: 91.18% Mean: 87.53% (+/- 5.44%)
Fold: 27 of 50 Acc: 85.29% Mean: 87.45% (+/- 5.35%)
Fold: 28 of 50 Acc: 94.12% Mean: 87.69% (+/- 5.40%)
Fold: 29 of 50 Acc: 88.24% Mean: 87.71% (+/- 5.31%)
Fold: 30 of 50 Acc: 76.47% Mean: 87.33% (+/- 5.60%)
Fold: 31 of 50 Acc: 91.43% Mean: 87.47% (+/- 5.55%)
Fold: 32 of 50 Acc: 91.43% Mean: 87.59% (+/- 5.51%)
Fold: 33 of 50 Acc: 88.24% Mean: 87.61% (+/- 5.42%)
Fold: 34 of 50 Acc: 73.53% Mean: 87.19% (+/- 5.85%)
Fold: 35 of 50 Acc: 88.24% Mean: 87.22% (+/- 5.77%)
Fold: 36 of 50 Acc: 88.24% Mean: 87.25% (+/- 5.69%)
Fold: 37 of 50 Acc: 85.29% Mean: 87.20% (+/- 5.62%)
Fold: 38 of 50 Acc: 91.18% Mean: 87.30% (+/- 5.58%)
Fold: 39 of 50 Acc: 94.12% Mean: 87.48% (+/- 5.62%)
Fold: 40 of 50 Acc: 91.18% Mean: 87.57% (+/- 5.57%)
Fold: 41 of 50 Acc: 82.86% Mean: 87.46% (+/- 5.55%)
Fold: 42 of 50 Acc: 88.57% Mean: 87.48% (+/- 5.49%)
Fold: 43 of 50 Acc: 91.18% Mean: 87.57% (+/- 5.45%)
Fold: 44 of 50 Acc: 82.35% Mean: 87.45% (+/- 5.45%)
Fold: 45 of 50 Acc: 85.29% Mean: 87.40% (+/- 5.40%)
Fold: 46 of 50 Acc: 91.18% Mean: 87.48% (+/- 5.37%)
Fold: 47 of 50 Acc: 94.12% Mean: 87.63% (+/- 5.39%)
Fold: 48 of 50 Acc: 85.29% Mean: 87.58% (+/- 5.35%)
Fold: 49 of 50 Acc: 91.18% Mean: 87.65% (+/- 5.32%)
Fold: 50 of 50 Acc: 88.24% Mean: 87.66% (+/- 5.26%)
Model Type: DenseNet201
Fold: 1 of 50 Acc: 91.43% Mean: 91.43% (+/- 0.00%)
Fold: 2 of 50 Acc: 91.43% Mean: 91.43% (+/- 0.00%)
Fold: 3 of 50 Acc: 91.18% Mean: 91.34% (+/- 0.12%)
Fold: 4 of 50 Acc: 97.06% Mean: 92.77% (+/- 2.48%)
Fold: 5 of 50 Acc: 85.29% Mean: 91.28% (+/- 3.72%)
Fold: 6 of 50 Acc: 82.35% Mean: 89.79% (+/- 4.75%)
Fold: 7 of 50 Acc: 88.24% Mean: 89.57% (+/- 4.44%)
Fold: 8 of 50 Acc: 91.18% Mean: 89.77% (+/- 4.18%)
Fold: 9 of 50 Acc: 85.29% Mean: 89.27% (+/- 4.19%)
Fold: 10 of 50 Acc: 85.29% Mean: 88.87% (+/- 4.15%)
Fold: 11 of 50 Acc: 97.14% Mean: 89.63% (+/- 4.61%)
Fold: 12 of 50 Acc: 85.71% Mean: 89.30% (+/- 4.55%)
Fold: 13 of 50 Acc: 85.29% Mean: 88.99% (+/- 4.50%)
Fold: 14 of 50 Acc: 100.00% Mean: 89.78% (+/- 5.18%)
Fold: 15 of 50 Acc: 91.18% Mean: 89.87% (+/- 5.02%)
Fold: 16 of 50 Acc: 85.29% Mean: 89.59% (+/- 4.98%)
Fold: 17 of 50 Acc: 91.18% Mean: 89.68% (+/- 4.85%)
Fold: 18 of 50 Acc: 88.24% Mean: 89.60% (+/- 4.72%)
Fold: 19 of 50 Acc: 85.29% Mean: 89.37% (+/- 4.70%)
Fold: 20 of 50 Acc: 85.29% Mean: 89.17% (+/- 4.66%)
Fold: 21 of 50 Acc: 85.71% Mean: 89.00% (+/- 4.61%)
Fold: 22 of 50 Acc: 91.43% Mean: 89.11% (+/- 4.53%)
Fold: 23 of 50 Acc: 94.12% Mean: 89.33% (+/- 4.55%)
Fold: 24 of 50 Acc: 97.06% Mean: 89.65% (+/- 4.71%)
Fold: 25 of 50 Acc: 91.18% Mean: 89.71% (+/- 4.63%)
Fold: 26 of 50 Acc: 91.18% Mean: 89.77% (+/- 4.55%)
Fold: 27 of 50 Acc: 82.35% Mean: 89.50% (+/- 4.68%)
Fold: 28 of 50 Acc: 91.18% Mean: 89.56% (+/- 4.60%)
Fold: 29 of 50 Acc: 85.29% Mean: 89.41% (+/- 4.59%)
Fold: 30 of 50 Acc: 76.47% Mean: 88.98% (+/- 5.07%)
Fold: 31 of 50 Acc: 88.57% Mean: 88.96% (+/- 4.99%)
Fold: 32 of 50 Acc: 94.29% Mean: 89.13% (+/- 5.00%)
Fold: 33 of 50 Acc: 82.35% Mean: 88.93% (+/- 5.06%)
Fold: 34 of 50 Acc: 76.47% Mean: 88.56% (+/- 5.41%)
Fold: 35 of 50 Acc: 85.29% Mean: 88.47% (+/- 5.36%)
Fold: 36 of 50 Acc: 82.35% Mean: 88.30% (+/- 5.38%)
Fold: 37 of 50 Acc: 91.18% Mean: 88.37% (+/- 5.33%)
Fold: 38 of 50 Acc: 91.18% Mean: 88.45% (+/- 5.27%)
Fold: 39 of 50 Acc: 91.18% Mean: 88.52% (+/- 5.22%)
Fold: 40 of 50 Acc: 82.35% Mean: 88.36% (+/- 5.25%)
Fold: 41 of 50 Acc: 91.43% Mean: 88.44% (+/- 5.21%)
Fold: 42 of 50 Acc: 85.71% Mean: 88.37% (+/- 5.16%)
Fold: 43 of 50 Acc: 91.18% Mean: 88.44% (+/- 5.12%)
Fold: 44 of 50 Acc: 76.47% Mean: 88.17% (+/- 5.36%)
Fold: 45 of 50 Acc: 94.12% Mean: 88.30% (+/- 5.38%)
Fold: 46 of 50 Acc: 94.12% Mean: 88.43% (+/- 5.38%)
Fold: 47 of 50 Acc: 97.06% Mean: 88.61% (+/- 5.47%)
Fold: 48 of 50 Acc: 82.35% Mean: 88.48% (+/- 5.49%)
Fold: 49 of 50 Acc: 91.18% Mean: 88.53% (+/- 5.44%)
Fold: 50 of 50 Acc: 85.29% Mean: 88.47% (+/- 5.41%)
Model Type: NASNetMobile
Fold: 1 of 50 Acc: 82.86% Mean: 82.86% (+/- 0.00%)
Fold: 2 of 50 Acc: 82.86% Mean: 82.86% (+/- 0.00%)
Fold: 3 of 50 Acc: 94.12% Mean: 86.61% (+/- 5.31%)
Fold: 4 of 50 Acc: 91.18% Mean: 87.75% (+/- 5.00%)
Fold: 5 of 50 Acc: 85.29% Mean: 87.26% (+/- 4.58%)
Fold: 6 of 50 Acc: 85.29% Mean: 86.93% (+/- 4.25%)
Fold: 7 of 50 Acc: 79.41% Mean: 85.86% (+/- 4.73%)
Fold: 8 of 50 Acc: 79.41% Mean: 85.05% (+/- 4.91%)
Fold: 9 of 50 Acc: 82.35% Mean: 84.75% (+/- 4.71%)
Fold: 10 of 50 Acc: 88.24% Mean: 85.10% (+/- 4.59%)
Fold: 11 of 50 Acc: 82.86% Mean: 84.90% (+/- 4.42%)
Fold: 12 of 50 Acc: 94.29% Mean: 85.68% (+/- 4.97%)
Fold: 13 of 50 Acc: 85.29% Mean: 85.65% (+/- 4.77%)
Fold: 14 of 50 Acc: 88.24% Mean: 85.83% (+/- 4.65%)
Fold: 15 of 50 Acc: 88.24% Mean: 85.99% (+/- 4.53%)
Fold: 16 of 50 Acc: 79.41% Mean: 85.58% (+/- 4.66%)
Fold: 17 of 50 Acc: 88.24% Mean: 85.74% (+/- 4.57%)
Fold: 18 of 50 Acc: 88.24% Mean: 85.88% (+/- 4.48%)
Fold: 19 of 50 Acc: 88.24% Mean: 86.00% (+/- 4.39%)
Fold: 20 of 50 Acc: 79.41% Mean: 85.67% (+/- 4.51%)
Fold: 21 of 50 Acc: 94.29% Mean: 86.08% (+/- 4.77%)
Fold: 22 of 50 Acc: 85.71% Mean: 86.07% (+/- 4.66%)
Fold: 23 of 50 Acc: 82.35% Mean: 85.90% (+/- 4.62%)
Fold: 24 of 50 Acc: 88.24% Mean: 86.00% (+/- 4.55%)
Fold: 25 of 50 Acc: 88.24% Mean: 86.09% (+/- 4.48%)
Fold: 26 of 50 Acc: 82.35% Mean: 85.95% (+/- 4.45%)
Fold: 27 of 50 Acc: 82.35% Mean: 85.81% (+/- 4.42%)
Fold: 28 of 50 Acc: 94.12% Mean: 86.11% (+/- 4.60%)
Fold: 29 of 50 Acc: 82.35% Mean: 85.98% (+/- 4.58%)
Fold: 30 of 50 Acc: 79.41% Mean: 85.76% (+/- 4.65%)
Fold: 31 of 50 Acc: 80.00% Mean: 85.58% (+/- 4.69%)
Fold: 32 of 50 Acc: 97.14% Mean: 85.94% (+/- 5.03%)
Fold: 33 of 50 Acc: 91.18% Mean: 86.10% (+/- 5.04%)
Fold: 34 of 50 Acc: 76.47% Mean: 85.81% (+/- 5.22%)
Fold: 35 of 50 Acc: 82.35% Mean: 85.71% (+/- 5.18%)
Fold: 36 of 50 Acc: 85.29% Mean: 85.70% (+/- 5.11%)
Fold: 37 of 50 Acc: 97.06% Mean: 86.01% (+/- 5.36%)
Fold: 38 of 50 Acc: 85.29% Mean: 85.99% (+/- 5.29%)
Fold: 39 of 50 Acc: 91.18% Mean: 86.12% (+/- 5.29%)
Fold: 40 of 50 Acc: 79.41% Mean: 85.96% (+/- 5.33%)
Fold: 41 of 50 Acc: 85.71% Mean: 85.95% (+/- 5.26%)
Fold: 42 of 50 Acc: 85.71% Mean: 85.94% (+/- 5.20%)
Fold: 43 of 50 Acc: 82.35% Mean: 85.86% (+/- 5.17%)
Fold: 44 of 50 Acc: 85.29% Mean: 85.85% (+/- 5.11%)
Fold: 45 of 50 Acc: 82.35% Mean: 85.77% (+/- 5.08%)
Fold: 46 of 50 Acc: 91.18% Mean: 85.89% (+/- 5.08%)
Fold: 47 of 50 Acc: 85.29% Mean: 85.88% (+/- 5.03%)
Fold: 48 of 50 Acc: 79.41% Mean: 85.74% (+/- 5.06%)
Fold: 49 of 50 Acc: 79.41% Mean: 85.61% (+/- 5.09%)
Fold: 50 of 50 Acc: 94.12% Mean: 85.78% (+/- 5.18%)
Model Type: MobileNetV2
Fold: 1 of 50 Acc: 88.57% Mean: 88.57% (+/- 0.00%)
Fold: 2 of 50 Acc: 91.43% Mean: 90.00% (+/- 1.43%)
Fold: 3 of 50 Acc: 94.12% Mean: 91.37% (+/- 2.26%)
Fold: 4 of 50 Acc: 88.24% Mean: 90.59% (+/- 2.39%)
Fold: 5 of 50 Acc: 91.18% Mean: 90.71% (+/- 2.15%)
Fold: 6 of 50 Acc: 85.29% Mean: 89.80% (+/- 2.81%)
Fold: 7 of 50 Acc: 94.12% Mean: 90.42% (+/- 3.01%)
Fold: 8 of 50 Acc: 79.41% Mean: 89.04% (+/- 4.60%)
Fold: 9 of 50 Acc: 97.06% Mean: 89.93% (+/- 5.02%)
Fold: 10 of 50 Acc: 94.12% Mean: 90.35% (+/- 4.92%)
Fold: 11 of 50 Acc: 94.29% Mean: 90.71% (+/- 4.83%)
Fold: 12 of 50 Acc: 82.86% Mean: 90.06% (+/- 5.11%)
Fold: 13 of 50 Acc: 91.18% Mean: 90.14% (+/- 4.91%)
Fold: 14 of 50 Acc: 91.18% Mean: 90.22% (+/- 4.74%)
Fold: 15 of 50 Acc: 91.18% Mean: 90.28% (+/- 4.59%)
Fold: 16 of 50 Acc: 82.35% Mean: 89.78% (+/- 4.84%)
Fold: 17 of 50 Acc: 88.24% Mean: 89.69% (+/- 4.71%)
Fold: 18 of 50 Acc: 88.24% Mean: 89.61% (+/- 4.59%)
Fold: 19 of 50 Acc: 88.24% Mean: 89.54% (+/- 4.48%)
Fold: 20 of 50 Acc: 85.29% Mean: 89.33% (+/- 4.46%)
Fold: 21 of 50 Acc: 91.43% Mean: 89.43% (+/- 4.38%)
Fold: 22 of 50 Acc: 88.57% Mean: 89.39% (+/- 4.28%)
Fold: 23 of 50 Acc: 88.24% Mean: 89.34% (+/- 4.19%)
Fold: 24 of 50 Acc: 85.29% Mean: 89.17% (+/- 4.18%)
Fold: 25 of 50 Acc: 91.18% Mean: 89.25% (+/- 4.12%)
Fold: 26 of 50 Acc: 88.24% Mean: 89.21% (+/- 4.04%)
Fold: 27 of 50 Acc: 82.35% Mean: 88.96% (+/- 4.17%)
Fold: 28 of 50 Acc: 94.12% Mean: 89.14% (+/- 4.21%)
Fold: 29 of 50 Acc: 82.35% Mean: 88.91% (+/- 4.32%)
Fold: 30 of 50 Acc: 79.41% Mean: 88.59% (+/- 4.57%)
Fold: 31 of 50 Acc: 94.29% Mean: 88.77% (+/- 4.61%)
Fold: 32 of 50 Acc: 88.57% Mean: 88.77% (+/- 4.54%)
Fold: 33 of 50 Acc: 85.29% Mean: 88.66% (+/- 4.51%)
Fold: 34 of 50 Acc: 82.35% Mean: 88.48% (+/- 4.57%)
Fold: 35 of 50 Acc: 88.24% Mean: 88.47% (+/- 4.50%)
Fold: 36 of 50 Acc: 100.00% Mean: 88.79% (+/- 4.83%)
Fold: 37 of 50 Acc: 88.24% Mean: 88.78% (+/- 4.76%)
Fold: 38 of 50 Acc: 88.24% Mean: 88.76% (+/- 4.70%)
Fold: 39 of 50 Acc: 91.18% Mean: 88.82% (+/- 4.65%)
Fold: 40 of 50 Acc: 91.18% Mean: 88.88% (+/- 4.61%)
Fold: 41 of 50 Acc: 91.43% Mean: 88.94% (+/- 4.57%)
Fold: 42 of 50 Acc: 91.43% Mean: 89.00% (+/- 4.53%)
Fold: 43 of 50 Acc: 91.18% Mean: 89.05% (+/- 4.49%)
Fold: 44 of 50 Acc: 88.24% Mean: 89.04% (+/- 4.44%)
Fold: 45 of 50 Acc: 91.18% Mean: 89.08% (+/- 4.40%)
Fold: 46 of 50 Acc: 85.29% Mean: 89.00% (+/- 4.39%)
Fold: 47 of 50 Acc: 94.12% Mean: 89.11% (+/- 4.40%)
Fold: 48 of 50 Acc: 88.24% Mean: 89.09% (+/- 4.36%)
Fold: 49 of 50 Acc: 91.18% Mean: 89.13% (+/- 4.33%)
Fold: 50 of 50 Acc: 88.24% Mean: 89.12% (+/- 4.28%)
Model Type: EfficientNetB0
Fold: 1 of 50 Acc: 82.86% Mean: 82.86% (+/- 0.00%)
Fold: 2 of 50 Acc: 97.14% Mean: 90.00% (+/- 7.14%)
Fold: 3 of 50 Acc: 91.18% Mean: 90.39% (+/- 5.86%)
Fold: 4 of 50 Acc: 94.12% Mean: 91.32% (+/- 5.32%)
Fold: 5 of 50 Acc: 88.24% Mean: 90.71% (+/- 4.92%)
Fold: 6 of 50 Acc: 97.06% Mean: 91.76% (+/- 5.08%)
Fold: 7 of 50 Acc: 88.24% Mean: 91.26% (+/- 4.86%)
Fold: 8 of 50 Acc: 79.41% Mean: 89.78% (+/- 6.00%)
Fold: 9 of 50 Acc: 88.24% Mean: 89.61% (+/- 5.68%)
Fold: 10 of 50 Acc: 85.29% Mean: 89.18% (+/- 5.54%)
Fold: 11 of 50 Acc: 88.57% Mean: 89.12% (+/- 5.29%)
Fold: 12 of 50 Acc: 85.71% Mean: 88.84% (+/- 5.15%)
Fold: 13 of 50 Acc: 91.18% Mean: 89.02% (+/- 4.98%)
Fold: 14 of 50 Acc: 94.12% Mean: 89.38% (+/- 4.98%)
Fold: 15 of 50 Acc: 88.24% Mean: 89.31% (+/- 4.82%)
Fold: 16 of 50 Acc: 94.12% Mean: 89.61% (+/- 4.81%)
Fold: 17 of 50 Acc: 85.29% Mean: 89.35% (+/- 4.78%)
Fold: 18 of 50 Acc: 94.12% Mean: 89.62% (+/- 4.77%)
Fold: 19 of 50 Acc: 88.24% Mean: 89.54% (+/- 4.65%)
Fold: 20 of 50 Acc: 85.29% Mean: 89.33% (+/- 4.63%)
Fold: 21 of 50 Acc: 94.29% Mean: 89.57% (+/- 4.64%)
Fold: 22 of 50 Acc: 85.71% Mean: 89.39% (+/- 4.60%)
Fold: 23 of 50 Acc: 88.24% Mean: 89.34% (+/- 4.51%)
Fold: 24 of 50 Acc: 91.18% Mean: 89.42% (+/- 4.43%)
Fold: 25 of 50 Acc: 91.18% Mean: 89.49% (+/- 4.35%)
Fold: 26 of 50 Acc: 88.24% Mean: 89.44% (+/- 4.27%)
Fold: 27 of 50 Acc: 76.47% Mean: 88.96% (+/- 4.86%)
Fold: 28 of 50 Acc: 85.29% Mean: 88.83% (+/- 4.82%)
Fold: 29 of 50 Acc: 91.18% Mean: 88.91% (+/- 4.75%)
Fold: 30 of 50 Acc: 88.24% Mean: 88.89% (+/- 4.67%)
Fold: 31 of 50 Acc: 85.71% Mean: 88.79% (+/- 4.63%)
Fold: 32 of 50 Acc: 91.43% Mean: 88.87% (+/- 4.58%)
Fold: 33 of 50 Acc: 85.29% Mean: 88.76% (+/- 4.55%)
Fold: 34 of 50 Acc: 73.53% Mean: 88.31% (+/- 5.17%)
Fold: 35 of 50 Acc: 88.24% Mean: 88.31% (+/- 5.10%)
Fold: 36 of 50 Acc: 85.29% Mean: 88.23% (+/- 5.05%)
Fold: 37 of 50 Acc: 88.24% Mean: 88.23% (+/- 4.98%)
Fold: 38 of 50 Acc: 94.12% Mean: 88.38% (+/- 5.01%)
Fold: 39 of 50 Acc: 88.24% Mean: 88.38% (+/- 4.94%)
Fold: 40 of 50 Acc: 97.06% Mean: 88.59% (+/- 5.06%)
Fold: 41 of 50 Acc: 97.14% Mean: 88.80% (+/- 5.17%)
Fold: 42 of 50 Acc: 94.29% Mean: 88.93% (+/- 5.18%)
Fold: 43 of 50 Acc: 94.12% Mean: 89.05% (+/- 5.18%)
Fold: 44 of 50 Acc: 88.24% Mean: 89.04% (+/- 5.12%)
Fold: 45 of 50 Acc: 88.24% Mean: 89.02% (+/- 5.06%)
Fold: 46 of 50 Acc: 91.18% Mean: 89.06% (+/- 5.02%)
Fold: 47 of 50 Acc: 91.18% Mean: 89.11% (+/- 4.97%)
Fold: 48 of 50 Acc: 76.47% Mean: 88.85% (+/- 5.24%)
Fold: 49 of 50 Acc: 88.24% Mean: 88.83% (+/- 5.19%)
Fold: 50 of 50 Acc: 85.29% Mean: 88.76% (+/- 5.16%)
Model Type: EfficientNetB1
Fold: 1 of 50 Acc: 74.29% Mean: 74.29% (+/- 0.00%)
Fold: 2 of 50 Acc: 82.86% Mean: 78.57% (+/- 4.29%)
Fold: 3 of 50 Acc: 88.24% Mean: 81.79% (+/- 5.74%)
Fold: 4 of 50 Acc: 94.12% Mean: 84.87% (+/- 7.30%)
Fold: 5 of 50 Acc: 88.24% Mean: 85.55% (+/- 6.66%)
Fold: 6 of 50 Acc: 91.18% Mean: 86.48% (+/- 6.43%)
Fold: 7 of 50 Acc: 88.24% Mean: 86.73% (+/- 5.99%)
Fold: 8 of 50 Acc: 79.41% Mean: 85.82% (+/- 6.10%)
Fold: 9 of 50 Acc: 88.24% Mean: 86.09% (+/- 5.80%)
Fold: 10 of 50 Acc: 91.18% Mean: 86.60% (+/- 5.71%)
Fold: 11 of 50 Acc: 82.86% Mean: 86.26% (+/- 5.55%)
Fold: 12 of 50 Acc: 85.71% Mean: 86.21% (+/- 5.32%)
Fold: 13 of 50 Acc: 88.24% Mean: 86.37% (+/- 5.14%)
Fold: 14 of 50 Acc: 91.18% Mean: 86.71% (+/- 5.10%)
Fold: 15 of 50 Acc: 85.29% Mean: 86.62% (+/- 4.94%)
Fold: 16 of 50 Acc: 91.18% Mean: 86.90% (+/- 4.91%)
Fold: 17 of 50 Acc: 88.24% Mean: 86.98% (+/- 4.78%)
Fold: 18 of 50 Acc: 94.12% Mean: 87.38% (+/- 4.92%)
Fold: 19 of 50 Acc: 91.18% Mean: 87.58% (+/- 4.86%)
Fold: 20 of 50 Acc: 82.35% Mean: 87.32% (+/- 4.88%)
Fold: 21 of 50 Acc: 91.43% Mean: 87.51% (+/- 4.84%)
Fold: 22 of 50 Acc: 85.71% Mean: 87.43% (+/- 4.74%)
Fold: 23 of 50 Acc: 88.24% Mean: 87.46% (+/- 4.64%)
Fold: 24 of 50 Acc: 88.24% Mean: 87.50% (+/- 4.55%)
Fold: 25 of 50 Acc: 94.12% Mean: 87.76% (+/- 4.64%)
Fold: 26 of 50 Acc: 100.00% Mean: 88.23% (+/- 5.12%)
Fold: 27 of 50 Acc: 79.41% Mean: 87.91% (+/- 5.29%)
Fold: 28 of 50 Acc: 94.12% Mean: 88.13% (+/- 5.33%)
Fold: 29 of 50 Acc: 94.12% Mean: 88.33% (+/- 5.35%)
Fold: 30 of 50 Acc: 82.35% Mean: 88.13% (+/- 5.36%)
Fold: 31 of 50 Acc: 85.71% Mean: 88.06% (+/- 5.29%)
Fold: 32 of 50 Acc: 94.29% Mean: 88.25% (+/- 5.32%)
Fold: 33 of 50 Acc: 94.12% Mean: 88.43% (+/- 5.34%)
Fold: 34 of 50 Acc: 79.41% Mean: 88.16% (+/- 5.47%)
Fold: 35 of 50 Acc: 91.18% Mean: 88.25% (+/- 5.42%)
Fold: 36 of 50 Acc: 85.29% Mean: 88.17% (+/- 5.36%)
Fold: 37 of 50 Acc: 82.35% Mean: 88.01% (+/- 5.38%)
Fold: 38 of 50 Acc: 97.06% Mean: 88.25% (+/- 5.50%)
Fold: 39 of 50 Acc: 91.18% Mean: 88.32% (+/- 5.45%)
Fold: 40 of 50 Acc: 100.00% Mean: 88.62% (+/- 5.68%)
Fold: 41 of 50 Acc: 85.71% Mean: 88.54% (+/- 5.63%)
Fold: 42 of 50 Acc: 91.43% Mean: 88.61% (+/- 5.58%)
Fold: 43 of 50 Acc: 88.24% Mean: 88.60% (+/- 5.51%)
Fold: 44 of 50 Acc: 91.18% Mean: 88.66% (+/- 5.46%)
Fold: 45 of 50 Acc: 88.24% Mean: 88.65% (+/- 5.40%)
Fold: 46 of 50 Acc: 91.18% Mean: 88.71% (+/- 5.36%)
Fold: 47 of 50 Acc: 91.18% Mean: 88.76% (+/- 5.31%)
Fold: 48 of 50 Acc: 82.35% Mean: 88.63% (+/- 5.33%)
Fold: 49 of 50 Acc: 85.29% Mean: 88.56% (+/- 5.30%)
Fold: 50 of 50 Acc: 88.24% Mean: 88.55% (+/- 5.25%)
Model Type: EfficientNetB2
Fold: 1 of 50 Acc: 85.71% Mean: 85.71% (+/- 0.00%)
Fold: 2 of 50 Acc: 97.14% Mean: 91.43% (+/- 5.71%)
Fold: 3 of 50 Acc: 85.29% Mean: 89.38% (+/- 5.49%)
Fold: 4 of 50 Acc: 79.41% Mean: 86.89% (+/- 6.42%)
Fold: 5 of 50 Acc: 82.35% Mean: 85.98% (+/- 6.02%)
Fold: 6 of 50 Acc: 88.24% Mean: 86.36% (+/- 5.56%)
Fold: 7 of 50 Acc: 88.24% Mean: 86.63% (+/- 5.19%)
Fold: 8 of 50 Acc: 85.29% Mean: 86.46% (+/- 4.88%)
Fold: 9 of 50 Acc: 88.24% Mean: 86.66% (+/- 4.63%)
Fold: 10 of 50 Acc: 88.24% Mean: 86.82% (+/- 4.42%)
Fold: 11 of 50 Acc: 88.57% Mean: 86.97% (+/- 4.24%)
Fold: 12 of 50 Acc: 91.43% Mean: 87.35% (+/- 4.25%)
Fold: 13 of 50 Acc: 94.12% Mean: 87.87% (+/- 4.46%)
Fold: 14 of 50 Acc: 94.12% Mean: 88.31% (+/- 4.59%)
Fold: 15 of 50 Acc: 91.18% Mean: 88.50% (+/- 4.49%)
Fold: 16 of 50 Acc: 82.35% Mean: 88.12% (+/- 4.60%)
Fold: 17 of 50 Acc: 88.24% Mean: 88.13% (+/- 4.46%)
Fold: 18 of 50 Acc: 91.18% Mean: 88.30% (+/- 4.39%)
Fold: 19 of 50 Acc: 85.29% Mean: 88.14% (+/- 4.32%)
Fold: 20 of 50 Acc: 76.47% Mean: 87.55% (+/- 4.92%)
Fold: 21 of 50 Acc: 82.86% Mean: 87.33% (+/- 4.91%)
Fold: 22 of 50 Acc: 88.57% Mean: 87.39% (+/- 4.80%)
Fold: 23 of 50 Acc: 85.29% Mean: 87.30% (+/- 4.72%)
Fold: 24 of 50 Acc: 88.24% Mean: 87.34% (+/- 4.62%)
Fold: 25 of 50 Acc: 91.18% Mean: 87.49% (+/- 4.59%)
Fold: 26 of 50 Acc: 91.18% Mean: 87.63% (+/- 4.55%)
Fold: 27 of 50 Acc: 76.47% Mean: 87.22% (+/- 4.94%)
Fold: 28 of 50 Acc: 88.24% Mean: 87.25% (+/- 4.86%)
Fold: 29 of 50 Acc: 82.35% Mean: 87.08% (+/- 4.85%)
Fold: 30 of 50 Acc: 82.35% Mean: 86.93% (+/- 4.85%)
Fold: 31 of 50 Acc: 88.57% Mean: 86.98% (+/- 4.78%)
Fold: 32 of 50 Acc: 88.57% Mean: 87.03% (+/- 4.71%)
Fold: 33 of 50 Acc: 94.12% Mean: 87.24% (+/- 4.80%)
Fold: 34 of 50 Acc: 73.53% Mean: 86.84% (+/- 5.26%)
Fold: 35 of 50 Acc: 85.29% Mean: 86.80% (+/- 5.19%)
Fold: 36 of 50 Acc: 82.35% Mean: 86.67% (+/- 5.17%)
Fold: 37 of 50 Acc: 79.41% Mean: 86.48% (+/- 5.24%)
Fold: 38 of 50 Acc: 97.06% Mean: 86.76% (+/- 5.44%)
Fold: 39 of 50 Acc: 79.41% Mean: 86.57% (+/- 5.49%)
Fold: 40 of 50 Acc: 91.18% Mean: 86.68% (+/- 5.47%)
Fold: 41 of 50 Acc: 88.57% Mean: 86.73% (+/- 5.41%)
Fold: 42 of 50 Acc: 88.57% Mean: 86.77% (+/- 5.35%)
Fold: 43 of 50 Acc: 88.24% Mean: 86.81% (+/- 5.29%)
Fold: 44 of 50 Acc: 76.47% Mean: 86.57% (+/- 5.46%)
Fold: 45 of 50 Acc: 88.24% Mean: 86.61% (+/- 5.40%)
Fold: 46 of 50 Acc: 85.29% Mean: 86.58% (+/- 5.35%)
Fold: 47 of 50 Acc: 91.18% Mean: 86.68% (+/- 5.33%)
Fold: 48 of 50 Acc: 70.59% Mean: 86.34% (+/- 5.75%)
Fold: 49 of 50 Acc: 91.18% Mean: 86.44% (+/- 5.73%)
Fold: 50 of 50 Acc: 94.12% Mean: 86.59% (+/- 5.78%)
Model Type: EfficientNetB3
Fold: 1 of 50 Acc: 85.71% Mean: 85.71% (+/- 0.00%)
Fold: 2 of 50 Acc: 94.29% Mean: 90.00% (+/- 4.29%)
Fold: 3 of 50 Acc: 88.24% Mean: 89.41% (+/- 3.60%)
Fold: 4 of 50 Acc: 94.12% Mean: 90.59% (+/- 3.72%)
Fold: 5 of 50 Acc: 85.29% Mean: 89.53% (+/- 3.95%)
Fold: 6 of 50 Acc: 97.06% Mean: 90.78% (+/- 4.57%)
Fold: 7 of 50 Acc: 85.29% Mean: 90.00% (+/- 4.64%)
Fold: 8 of 50 Acc: 82.35% Mean: 89.04% (+/- 5.03%)
Fold: 9 of 50 Acc: 94.12% Mean: 89.61% (+/- 5.00%)
Fold: 10 of 50 Acc: 82.35% Mean: 88.88% (+/- 5.22%)
Fold: 11 of 50 Acc: 88.57% Mean: 88.85% (+/- 4.98%)
Fold: 12 of 50 Acc: 82.86% Mean: 88.35% (+/- 5.04%)
Fold: 13 of 50 Acc: 91.18% Mean: 88.57% (+/- 4.90%)
Fold: 14 of 50 Acc: 97.06% Mean: 89.18% (+/- 5.21%)
Fold: 15 of 50 Acc: 91.18% Mean: 89.31% (+/- 5.06%)
Fold: 16 of 50 Acc: 85.29% Mean: 89.06% (+/- 4.99%)
Fold: 17 of 50 Acc: 88.24% Mean: 89.01% (+/- 4.85%)
Fold: 18 of 50 Acc: 94.12% Mean: 89.30% (+/- 4.85%)
Fold: 19 of 50 Acc: 94.12% Mean: 89.55% (+/- 4.84%)
Fold: 20 of 50 Acc: 85.29% Mean: 89.34% (+/- 4.81%)
Fold: 21 of 50 Acc: 91.43% Mean: 89.44% (+/- 4.72%)
Fold: 22 of 50 Acc: 88.57% Mean: 89.40% (+/- 4.61%)
Fold: 23 of 50 Acc: 94.12% Mean: 89.60% (+/- 4.61%)
Fold: 24 of 50 Acc: 88.24% Mean: 89.54% (+/- 4.52%)
Fold: 25 of 50 Acc: 94.12% Mean: 89.73% (+/- 4.52%)
Fold: 26 of 50 Acc: 94.12% Mean: 89.90% (+/- 4.51%)
Fold: 27 of 50 Acc: 79.41% Mean: 89.51% (+/- 4.85%)
Fold: 28 of 50 Acc: 94.12% Mean: 89.67% (+/- 4.84%)
Fold: 29 of 50 Acc: 91.18% Mean: 89.72% (+/- 4.76%)
Fold: 30 of 50 Acc: 79.41% Mean: 89.38% (+/- 5.04%)
Fold: 31 of 50 Acc: 88.57% Mean: 89.35% (+/- 4.96%)
Fold: 32 of 50 Acc: 91.43% Mean: 89.42% (+/- 4.89%)
Fold: 33 of 50 Acc: 91.18% Mean: 89.47% (+/- 4.83%)
Fold: 34 of 50 Acc: 82.35% Mean: 89.26% (+/- 4.90%)
Fold: 35 of 50 Acc: 85.29% Mean: 89.15% (+/- 4.88%)
Fold: 36 of 50 Acc: 85.29% Mean: 89.04% (+/- 4.85%)
Fold: 37 of 50 Acc: 85.29% Mean: 88.94% (+/- 4.82%)
Fold: 38 of 50 Acc: 94.12% Mean: 89.08% (+/- 4.83%)
Fold: 39 of 50 Acc: 88.24% Mean: 89.06% (+/- 4.77%)
Fold: 40 of 50 Acc: 94.12% Mean: 89.18% (+/- 4.78%)
Fold: 41 of 50 Acc: 91.43% Mean: 89.24% (+/- 4.73%)
Fold: 42 of 50 Acc: 91.43% Mean: 89.29% (+/- 4.69%)
Fold: 43 of 50 Acc: 82.35% Mean: 89.13% (+/- 4.75%)
Fold: 44 of 50 Acc: 85.29% Mean: 89.04% (+/- 4.73%)
Fold: 45 of 50 Acc: 91.18% Mean: 89.09% (+/- 4.69%)
Fold: 46 of 50 Acc: 91.18% Mean: 89.13% (+/- 4.65%)
Fold: 47 of 50 Acc: 94.12% Mean: 89.24% (+/- 4.65%)
Fold: 48 of 50 Acc: 76.47% Mean: 88.97% (+/- 4.95%)
Fold: 49 of 50 Acc: 85.29% Mean: 88.90% (+/- 4.93%)
Fold: 50 of 50 Acc: 88.24% Mean: 88.89% (+/- 4.88%)
Model Type: EfficientNetB4
Fold: 1 of 50 Acc: 82.86% Mean: 82.86% (+/- 0.00%)
Fold: 2 of 50 Acc: 91.43% Mean: 87.14% (+/- 4.29%)
Fold: 3 of 50 Acc: 85.29% Mean: 86.53% (+/- 3.61%)
Fold: 4 of 50 Acc: 94.12% Mean: 88.42% (+/- 4.53%)
Fold: 5 of 50 Acc: 91.18% Mean: 88.97% (+/- 4.20%)
Fold: 6 of 50 Acc: 88.24% Mean: 88.85% (+/- 3.85%)
Fold: 7 of 50 Acc: 79.41% Mean: 87.50% (+/- 4.86%)
Fold: 8 of 50 Acc: 91.18% Mean: 87.96% (+/- 4.70%)
Fold: 9 of 50 Acc: 91.18% Mean: 88.32% (+/- 4.55%)
Fold: 10 of 50 Acc: 82.35% Mean: 87.72% (+/- 4.67%)
Fold: 11 of 50 Acc: 85.71% Mean: 87.54% (+/- 4.49%)
Fold: 12 of 50 Acc: 82.86% Mean: 87.15% (+/- 4.49%)
Fold: 13 of 50 Acc: 94.12% Mean: 87.69% (+/- 4.70%)
Fold: 14 of 50 Acc: 100.00% Mean: 88.57% (+/- 5.53%)
Fold: 15 of 50 Acc: 88.24% Mean: 88.54% (+/- 5.34%)
Fold: 16 of 50 Acc: 94.12% Mean: 88.89% (+/- 5.34%)
Fold: 17 of 50 Acc: 85.29% Mean: 88.68% (+/- 5.25%)
Fold: 18 of 50 Acc: 91.18% Mean: 88.82% (+/- 5.14%)
Fold: 19 of 50 Acc: 88.24% Mean: 88.79% (+/- 5.00%)
Fold: 20 of 50 Acc: 88.24% Mean: 88.76% (+/- 4.88%)
Fold: 21 of 50 Acc: 82.86% Mean: 88.48% (+/- 4.92%)
Fold: 22 of 50 Acc: 85.71% Mean: 88.35% (+/- 4.84%)
Fold: 23 of 50 Acc: 88.24% Mean: 88.35% (+/- 4.74%)
Fold: 24 of 50 Acc: 91.18% Mean: 88.47% (+/- 4.67%)
Fold: 25 of 50 Acc: 85.29% Mean: 88.34% (+/- 4.62%)
Fold: 26 of 50 Acc: 88.24% Mean: 88.34% (+/- 4.53%)
Fold: 27 of 50 Acc: 76.47% Mean: 87.90% (+/- 4.98%)
Fold: 28 of 50 Acc: 88.24% Mean: 87.91% (+/- 4.89%)
Fold: 29 of 50 Acc: 91.18% Mean: 88.02% (+/- 4.84%)
Fold: 30 of 50 Acc: 88.24% Mean: 88.03% (+/- 4.76%)
Fold: 31 of 50 Acc: 91.43% Mean: 88.14% (+/- 4.72%)
Fold: 32 of 50 Acc: 91.43% Mean: 88.24% (+/- 4.68%)
Fold: 33 of 50 Acc: 91.18% Mean: 88.33% (+/- 4.64%)
Fold: 34 of 50 Acc: 79.41% Mean: 88.07% (+/- 4.81%)
Fold: 35 of 50 Acc: 91.18% Mean: 88.16% (+/- 4.77%)
Fold: 36 of 50 Acc: 88.24% Mean: 88.16% (+/- 4.70%)
Fold: 37 of 50 Acc: 88.24% Mean: 88.16% (+/- 4.64%)
Fold: 38 of 50 Acc: 88.24% Mean: 88.16% (+/- 4.58%)
Fold: 39 of 50 Acc: 85.29% Mean: 88.09% (+/- 4.54%)
Fold: 40 of 50 Acc: 88.24% Mean: 88.09% (+/- 4.48%)
Fold: 41 of 50 Acc: 97.14% Mean: 88.31% (+/- 4.64%)
Fold: 42 of 50 Acc: 91.43% Mean: 88.39% (+/- 4.61%)
Fold: 43 of 50 Acc: 85.29% Mean: 88.32% (+/- 4.58%)
Fold: 44 of 50 Acc: 91.18% Mean: 88.38% (+/- 4.55%)
Fold: 45 of 50 Acc: 88.24% Mean: 88.38% (+/- 4.50%)
Fold: 46 of 50 Acc: 82.35% Mean: 88.25% (+/- 4.54%)
Fold: 47 of 50 Acc: 91.18% Mean: 88.31% (+/- 4.51%)
Fold: 48 of 50 Acc: 76.47% Mean: 88.06% (+/- 4.77%)
Fold: 49 of 50 Acc: 85.29% Mean: 88.01% (+/- 4.74%)
Fold: 50 of 50 Acc: 91.18% Mean: 88.07% (+/- 4.71%)
Model Type: EfficientNetB5
Fold: 1 of 50 Acc: 85.71% Mean: 85.71% (+/- 0.00%)
Fold: 2 of 50 Acc: 97.14% Mean: 91.43% (+/- 5.71%)
Fold: 3 of 50 Acc: 88.24% Mean: 90.36% (+/- 4.90%)
Fold: 4 of 50 Acc: 94.12% Mean: 91.30% (+/- 4.55%)
Fold: 5 of 50 Acc: 85.29% Mean: 90.10% (+/- 4.72%)
Fold: 6 of 50 Acc: 88.24% Mean: 89.79% (+/- 4.37%)
Fold: 7 of 50 Acc: 85.29% Mean: 89.15% (+/- 4.34%)
Fold: 8 of 50 Acc: 88.24% Mean: 89.03% (+/- 4.07%)
Fold: 9 of 50 Acc: 85.29% Mean: 88.62% (+/- 4.01%)
Fold: 10 of 50 Acc: 94.12% Mean: 89.17% (+/- 4.15%)
Fold: 11 of 50 Acc: 94.29% Mean: 89.63% (+/- 4.22%)
Fold: 12 of 50 Acc: 88.57% Mean: 89.54% (+/- 4.05%)
Fold: 13 of 50 Acc: 97.06% Mean: 90.12% (+/- 4.38%)
Fold: 14 of 50 Acc: 94.12% Mean: 90.41% (+/- 4.34%)
Fold: 15 of 50 Acc: 85.29% Mean: 90.07% (+/- 4.38%)
Fold: 16 of 50 Acc: 85.29% Mean: 89.77% (+/- 4.40%)
Fold: 17 of 50 Acc: 91.18% Mean: 89.85% (+/- 4.28%)
Fold: 18 of 50 Acc: 91.18% Mean: 89.93% (+/- 4.17%)
Fold: 19 of 50 Acc: 85.29% Mean: 89.68% (+/- 4.19%)
Fold: 20 of 50 Acc: 85.29% Mean: 89.46% (+/- 4.19%)
Fold: 21 of 50 Acc: 91.43% Mean: 89.56% (+/- 4.11%)
Fold: 22 of 50 Acc: 88.57% Mean: 89.51% (+/- 4.03%)
Fold: 23 of 50 Acc: 91.18% Mean: 89.58% (+/- 3.95%)
Fold: 24 of 50 Acc: 91.18% Mean: 89.65% (+/- 3.88%)
Fold: 25 of 50 Acc: 85.29% Mean: 89.48% (+/- 3.90%)
Fold: 26 of 50 Acc: 100.00% Mean: 89.88% (+/- 4.32%)
Fold: 27 of 50 Acc: 82.35% Mean: 89.60% (+/- 4.48%)
Fold: 28 of 50 Acc: 85.29% Mean: 89.45% (+/- 4.47%)
Fold: 29 of 50 Acc: 91.18% Mean: 89.51% (+/- 4.40%)
Fold: 30 of 50 Acc: 85.29% Mean: 89.37% (+/- 4.39%)
Fold: 31 of 50 Acc: 85.71% Mean: 89.25% (+/- 4.37%)
Fold: 32 of 50 Acc: 91.43% Mean: 89.32% (+/- 4.32%)
Fold: 33 of 50 Acc: 94.12% Mean: 89.46% (+/- 4.33%)
Fold: 34 of 50 Acc: 79.41% Mean: 89.17% (+/- 4.59%)
Fold: 35 of 50 Acc: 88.24% Mean: 89.14% (+/- 4.53%)
Fold: 36 of 50 Acc: 91.18% Mean: 89.20% (+/- 4.48%)
Fold: 37 of 50 Acc: 91.18% Mean: 89.25% (+/- 4.43%)
Fold: 38 of 50 Acc: 91.18% Mean: 89.30% (+/- 4.38%)
Fold: 39 of 50 Acc: 91.18% Mean: 89.35% (+/- 4.33%)
Fold: 40 of 50 Acc: 94.12% Mean: 89.47% (+/- 4.34%)
Fold: 41 of 50 Acc: 88.57% Mean: 89.45% (+/- 4.29%)
Fold: 42 of 50 Acc: 91.43% Mean: 89.49% (+/- 4.25%)
Fold: 43 of 50 Acc: 91.18% Mean: 89.53% (+/- 4.21%)
Fold: 44 of 50 Acc: 88.24% Mean: 89.50% (+/- 4.17%)
Fold: 45 of 50 Acc: 100.00% Mean: 89.74% (+/- 4.40%)
Fold: 46 of 50 Acc: 88.24% Mean: 89.70% (+/- 4.36%)
Fold: 47 of 50 Acc: 94.12% Mean: 89.80% (+/- 4.36%)
Fold: 48 of 50 Acc: 76.47% Mean: 89.52% (+/- 4.71%)
Fold: 49 of 50 Acc: 85.29% Mean: 89.43% (+/- 4.70%)
Fold: 50 of 50 Acc: 91.18% Mean: 89.47% (+/- 4.66%)
Model Type: EfficientNetB6
Fold: 1 of 50 Acc: 88.57% Mean: 88.57% (+/- 0.00%)
Fold: 2 of 50 Acc: 88.57% Mean: 88.57% (+/- 0.00%)
Fold: 3 of 50 Acc: 85.29% Mean: 87.48% (+/- 1.54%)
Fold: 4 of 50 Acc: 91.18% Mean: 88.40% (+/- 2.09%)
Fold: 5 of 50 Acc: 88.24% Mean: 88.37% (+/- 1.87%)
Fold: 6 of 50 Acc: 88.24% Mean: 88.35% (+/- 1.71%)
Fold: 7 of 50 Acc: 82.35% Mean: 87.49% (+/- 2.63%)
Fold: 8 of 50 Acc: 85.29% Mean: 87.22% (+/- 2.56%)
Fold: 9 of 50 Acc: 82.35% Mean: 86.68% (+/- 2.86%)
Fold: 10 of 50 Acc: 91.18% Mean: 87.13% (+/- 3.03%)
Fold: 11 of 50 Acc: 85.71% Mean: 87.00% (+/- 2.92%)
Fold: 12 of 50 Acc: 85.71% Mean: 86.89% (+/- 2.81%)
Fold: 13 of 50 Acc: 82.35% Mean: 86.54% (+/- 2.96%)
Fold: 14 of 50 Acc: 94.12% Mean: 87.08% (+/- 3.46%)
Fold: 15 of 50 Acc: 82.35% Mean: 86.77% (+/- 3.54%)
Fold: 16 of 50 Acc: 94.12% Mean: 87.23% (+/- 3.86%)
Fold: 17 of 50 Acc: 88.24% Mean: 87.29% (+/- 3.76%)
Fold: 18 of 50 Acc: 88.24% Mean: 87.34% (+/- 3.66%)
Fold: 19 of 50 Acc: 82.35% Mean: 87.08% (+/- 3.73%)
Fold: 20 of 50 Acc: 82.35% Mean: 86.84% (+/- 3.78%)
Fold: 21 of 50 Acc: 80.00% Mean: 86.51% (+/- 3.96%)
Fold: 22 of 50 Acc: 85.71% Mean: 86.48% (+/- 3.88%)
Fold: 23 of 50 Acc: 82.35% Mean: 86.30% (+/- 3.88%)
Fold: 24 of 50 Acc: 85.29% Mean: 86.26% (+/- 3.81%)
Fold: 25 of 50 Acc: 85.29% Mean: 86.22% (+/- 3.73%)
Fold: 26 of 50 Acc: 100.00% Mean: 86.75% (+/- 4.52%)
Fold: 27 of 50 Acc: 79.41% Mean: 86.48% (+/- 4.65%)
Fold: 28 of 50 Acc: 91.18% Mean: 86.64% (+/- 4.65%)
Fold: 29 of 50 Acc: 82.35% Mean: 86.50% (+/- 4.63%)
Fold: 30 of 50 Acc: 88.24% Mean: 86.55% (+/- 4.57%)
Fold: 31 of 50 Acc: 82.86% Mean: 86.44% (+/- 4.54%)
Fold: 32 of 50 Acc: 91.43% Mean: 86.59% (+/- 4.55%)
Fold: 33 of 50 Acc: 91.18% Mean: 86.73% (+/- 4.55%)
Fold: 34 of 50 Acc: 85.29% Mean: 86.69% (+/- 4.49%)
Fold: 35 of 50 Acc: 85.29% Mean: 86.65% (+/- 4.43%)
Fold: 36 of 50 Acc: 82.35% Mean: 86.53% (+/- 4.42%)
Fold: 37 of 50 Acc: 82.35% Mean: 86.42% (+/- 4.42%)
Fold: 38 of 50 Acc: 91.18% Mean: 86.54% (+/- 4.42%)
Fold: 39 of 50 Acc: 91.18% Mean: 86.66% (+/- 4.43%)
Fold: 40 of 50 Acc: 97.06% Mean: 86.92% (+/- 4.66%)
Fold: 41 of 50 Acc: 88.57% Mean: 86.96% (+/- 4.61%)
Fold: 42 of 50 Acc: 88.57% Mean: 87.00% (+/- 4.57%)
Fold: 43 of 50 Acc: 88.24% Mean: 87.03% (+/- 4.52%)
Fold: 44 of 50 Acc: 85.29% Mean: 86.99% (+/- 4.47%)
Fold: 45 of 50 Acc: 91.18% Mean: 87.08% (+/- 4.46%)
Fold: 46 of 50 Acc: 91.18% Mean: 87.17% (+/- 4.46%)
Fold: 47 of 50 Acc: 82.35% Mean: 87.07% (+/- 4.46%)
Fold: 48 of 50 Acc: 76.47% Mean: 86.85% (+/- 4.67%)
Fold: 49 of 50 Acc: 88.24% Mean: 86.88% (+/- 4.62%)
Fold: 50 of 50 Acc: 88.24% Mean: 86.90% (+/- 4.58%)
Model Type: EfficientNetB7
TensorFlow crashed. Retrying...
TensorFlow crashed. Retrying...
TensorFlow crashed. Retrying with batch_size=8
Fold: 1 of 50 Acc: 82.86% Mean: 82.86% (+/- 0.00%)
Fold: 2 of 50 Acc: 94.29% Mean: 88.57% (+/- 5.71%)
Fold: 3 of 50 Acc: 79.41% Mean: 85.52% (+/- 6.36%)
Fold: 4 of 50 Acc: 94.12% Mean: 87.67% (+/- 6.65%)
Fold: 5 of 50 Acc: 85.29% Mean: 87.19% (+/- 6.02%)
Fold: 6 of 50 Acc: 88.24% Mean: 87.37% (+/- 5.51%)
Fold: 7 of 50 Acc: 85.29% Mean: 87.07% (+/- 5.15%)
Fold: 8 of 50 Acc: 85.29% Mean: 86.85% (+/- 4.85%)
Fold: 9 of 50 Acc: 88.24% Mean: 87.00% (+/- 4.60%)
Fold: 10 of 50 Acc: 85.29% Mean: 86.83% (+/- 4.39%)
Fold: 11 of 50 Acc: 88.57% Mean: 86.99% (+/- 4.22%)
Fold: 12 of 50 Acc: 91.43% Mean: 87.36% (+/- 4.22%)
Fold: 13 of 50 Acc: 85.29% Mean: 87.20% (+/- 4.09%)
Fold: 14 of 50 Acc: 88.24% Mean: 87.27% (+/- 3.95%)
Fold: 15 of 50 Acc: 91.18% Mean: 87.54% (+/- 3.94%)
Fold: 16 of 50 Acc: 88.24% Mean: 87.58% (+/- 3.82%)
Fold: 17 of 50 Acc: 91.18% Mean: 87.79% (+/- 3.80%)
Fold: 18 of 50 Acc: 82.35% Mean: 87.49% (+/- 3.90%)
Fold: 19 of 50 Acc: 82.35% Mean: 87.22% (+/- 3.96%)
Fold: 20 of 50 Acc: 79.41% Mean: 86.83% (+/- 4.22%)
Fold: 21 of 50 Acc: 85.71% Mean: 86.77% (+/- 4.13%)
Fold: 22 of 50 Acc: 80.00% Mean: 86.47% (+/- 4.27%)
Fold: 23 of 50 Acc: 88.24% Mean: 86.54% (+/- 4.19%)
Fold: 24 of 50 Acc: 91.18% Mean: 86.74% (+/- 4.21%)
Fold: 25 of 50 Acc: 94.12% Mean: 87.03% (+/- 4.37%)
Fold: 26 of 50 Acc: 97.06% Mean: 87.42% (+/- 4.70%)
Fold: 27 of 50 Acc: 76.47% Mean: 87.01% (+/- 5.05%)
Fold: 28 of 50 Acc: 88.24% Mean: 87.06% (+/- 4.97%)
Fold: 29 of 50 Acc: 85.29% Mean: 87.00% (+/- 4.89%)
Fold: 30 of 50 Acc: 85.29% Mean: 86.94% (+/- 4.82%)
Fold: 31 of 50 Acc: 85.71% Mean: 86.90% (+/- 4.74%)
Fold: 32 of 50 Acc: 91.43% Mean: 87.04% (+/- 4.74%)
Fold: 33 of 50 Acc: 85.29% Mean: 86.99% (+/- 4.67%)
Fold: 34 of 50 Acc: 79.41% Mean: 86.76% (+/- 4.78%)
Fold: 35 of 50 Acc: 82.35% Mean: 86.64% (+/- 4.77%)
Fold: 36 of 50 Acc: 85.29% Mean: 86.60% (+/- 4.71%)
Fold: 37 of 50 Acc: 82.35% Mean: 86.49% (+/- 4.69%)
Fold: 38 of 50 Acc: 91.18% Mean: 86.61% (+/- 4.69%)
Fold: 39 of 50 Acc: 88.24% Mean: 86.65% (+/- 4.64%)
Fold: 40 of 50 Acc: 100.00% Mean: 86.99% (+/- 5.03%)
Fold: 41 of 50 Acc: 88.57% Mean: 87.02% (+/- 4.98%)
Fold: 42 of 50 Acc: 88.57% Mean: 87.06% (+/- 4.92%)
Fold: 43 of 50 Acc: 94.12% Mean: 87.22% (+/- 4.98%)
Fold: 44 of 50 Acc: 79.41% Mean: 87.05% (+/- 5.06%)
Fold: 45 of 50 Acc: 97.06% Mean: 87.27% (+/- 5.21%)
Fold: 46 of 50 Acc: 82.35% Mean: 87.16% (+/- 5.21%)
Fold: 47 of 50 Acc: 91.18% Mean: 87.25% (+/- 5.18%)
Fold: 48 of 50 Acc: 70.59% Mean: 86.90% (+/- 5.65%)
Fold: 49 of 50 Acc: 91.18% Mean: 86.99% (+/- 5.63%)
Fold: 50 of 50 Acc: 91.18% Mean: 87.07% (+/- 5.60%)
