Machine: SNOOPY
Date: 11/02/2023 Time: 12:10:45
Config.: B
Alternative Dense Layer: False
Pooling Application Layer: avg
Data Augmentation: False
Data Augmentation Multiplier: 1
Fine Tuning: False
Multi Optimizer: False
Optimizer: Adam
Batch Size: 16
Restore Best Weights: False
Model: MobileNet

Instance: 1 Fold: 1 of 50 Acc: 88.57% Mean: 88.57% (+/- 0.00%)
Instance: 1 Fold: 2 of 50 Acc: 88.57% Mean: 88.57% (+/- 0.00%)
Instance: 1 Fold: 3 of 50 Acc: 82.35% Mean: 86.50% (+/- 2.93%)
Instance: 1 Fold: 4 of 50 Acc: 91.18% Mean: 87.67% (+/- 3.25%)
Instance: 1 Fold: 5 of 50 Acc: 91.18% Mean: 88.37% (+/- 3.23%)
Instance: 1 Fold: 6 of 50 Acc: 94.12% Mean: 89.33% (+/- 3.64%)
Instance: 1 Fold: 7 of 50 Acc: 100.00% Mean: 90.85% (+/- 5.03%)
Instance: 1 Fold: 8 of 50 Acc: 85.29% Mean: 90.16% (+/- 5.05%)
Instance: 1 Fold: 9 of 50 Acc: 91.18% Mean: 90.27% (+/- 4.77%)
Instance: 1 Fold: 10 of 50 Acc: 88.24% Mean: 90.07% (+/- 4.57%)
Instance: 1 Fold: 11 of 50 Acc: 94.29% Mean: 90.45% (+/- 4.52%)
Instance: 1 Fold: 12 of 50 Acc: 91.43% Mean: 90.53% (+/- 4.34%)
Instance: 1 Fold: 13 of 50 Acc: 97.06% Mean: 91.03% (+/- 4.52%)
Instance: 1 Fold: 14 of 50 Acc: 100.00% Mean: 91.67% (+/- 4.93%)
Instance: 1 Fold: 15 of 50 Acc: 94.12% Mean: 91.84% (+/- 4.80%)
Instance: 1 Fold: 16 of 50 Acc: 79.41% Mean: 91.06% (+/- 5.54%)
Instance: 1 Fold: 17 of 50 Acc: 88.24% Mean: 90.89% (+/- 5.41%)
Instance: 1 Fold: 18 of 50 Acc: 91.18% Mean: 90.91% (+/- 5.26%)
Instance: 1 Fold: 19 of 50 Acc: 97.06% Mean: 91.23% (+/- 5.30%)
Instance: 1 Fold: 20 of 50 Acc: 91.18% Mean: 91.23% (+/- 5.17%)
Instance: 1 Fold: 21 of 50 Acc: 85.71% Mean: 90.97% (+/- 5.18%)
Instance: 1 Fold: 22 of 50 Acc: 91.43% Mean: 90.99% (+/- 5.06%)
Instance: 1 Fold: 23 of 50 Acc: 94.12% Mean: 91.13% (+/- 4.99%)
Instance: 1 Fold: 24 of 50 Acc: 88.24% Mean: 91.00% (+/- 4.92%)
Instance: 1 Fold: 25 of 50 Acc: 91.18% Mean: 91.01% (+/- 4.82%)
Instance: 1 Fold: 26 of 50 Acc: 94.12% Mean: 91.13% (+/- 4.76%)
Instance: 1 Fold: 27 of 50 Acc: 82.35% Mean: 90.81% (+/- 4.96%)
Instance: 1 Fold: 28 of 50 Acc: 100.00% Mean: 91.13% (+/- 5.16%)
Instance: 1 Fold: 29 of 50 Acc: 88.24% Mean: 91.03% (+/- 5.10%)
Instance: 1 Fold: 30 of 50 Acc: 88.24% Mean: 90.94% (+/- 5.04%)
Instance: 1 Fold: 31 of 50 Acc: 94.29% Mean: 91.05% (+/- 4.99%)
Instance: 1 Fold: 32 of 50 Acc: 94.29% Mean: 91.15% (+/- 4.94%)
Instance: 1 Fold: 33 of 50 Acc: 85.29% Mean: 90.97% (+/- 4.97%)
Instance: 1 Fold: 34 of 50 Acc: 82.35% Mean: 90.72% (+/- 5.11%)
Instance: 1 Fold: 35 of 50 Acc: 100.00% Mean: 90.98% (+/- 5.27%)
Instance: 1 Fold: 36 of 50 Acc: 94.12% Mean: 91.07% (+/- 5.22%)
Instance: 1 Fold: 37 of 50 Acc: 91.18% Mean: 91.07% (+/- 5.15%)
Instance: 1 Fold: 38 of 50 Acc: 97.06% Mean: 91.23% (+/- 5.17%)
Instance: 1 Fold: 39 of 50 Acc: 94.12% Mean: 91.31% (+/- 5.12%)
Instance: 1 Fold: 40 of 50 Acc: 97.06% Mean: 91.45% (+/- 5.14%)
Instance: 1 Fold: 41 of 50 Acc: 94.29% Mean: 91.52% (+/- 5.09%)
Instance: 1 Fold: 42 of 50 Acc: 91.43% Mean: 91.52% (+/- 5.03%)
Instance: 1 Fold: 43 of 50 Acc: 97.06% Mean: 91.65% (+/- 5.04%)
Instance: 1 Fold: 44 of 50 Acc: 91.18% Mean: 91.63% (+/- 4.99%)
Instance: 1 Fold: 45 of 50 Acc: 97.06% Mean: 91.76% (+/- 4.99%)
Instance: 1 Fold: 46 of 50 Acc: 85.29% Mean: 91.61% (+/- 5.03%)
Instance: 1 Fold: 47 of 50 Acc: 97.06% Mean: 91.73% (+/- 5.04%)
Instance: 1 Fold: 48 of 50 Acc: 88.24% Mean: 91.66% (+/- 5.01%)
Instance: 1 Fold: 49 of 50 Acc: 88.24% Mean: 91.59% (+/- 4.98%)
Instance: 1 Fold: 50 of 50 Acc: 88.24% Mean: 91.52% (+/- 4.95%)
Instance: 2 Fold: 1 of 50 Acc: 94.29% Mean: 91.58% (+/- 4.92%)
Instance: 2 Fold: 2 of 50 Acc: 85.71% Mean: 91.46% (+/- 4.94%)
Instance: 2 Fold: 3 of 50 Acc: 85.29% Mean: 91.35% (+/- 4.96%)
Instance: 2 Fold: 4 of 50 Acc: 88.24% Mean: 91.29% (+/- 4.93%)
Instance: 2 Fold: 5 of 50 Acc: 94.12% Mean: 91.34% (+/- 4.90%)
Instance: 2 Fold: 6 of 50 Acc: 91.18% Mean: 91.34% (+/- 4.86%)
Instance: 2 Fold: 7 of 50 Acc: 97.06% Mean: 91.44% (+/- 4.88%)
Instance: 2 Fold: 8 of 50 Acc: 85.29% Mean: 91.33% (+/- 4.90%)
Instance: 2 Fold: 9 of 50 Acc: 88.24% Mean: 91.28% (+/- 4.87%)
Instance: 2 Fold: 10 of 50 Acc: 88.24% Mean: 91.23% (+/- 4.85%)
Instance: 2 Fold: 11 of 50 Acc: 91.43% Mean: 91.23% (+/- 4.81%)
Instance: 2 Fold: 12 of 50 Acc: 94.29% Mean: 91.28% (+/- 4.79%)
Instance: 2 Fold: 13 of 50 Acc: 91.18% Mean: 91.28% (+/- 4.75%)
Instance: 2 Fold: 14 of 50 Acc: 97.06% Mean: 91.37% (+/- 4.76%)
Instance: 2 Fold: 15 of 50 Acc: 94.12% Mean: 91.41% (+/- 4.74%)
Instance: 2 Fold: 16 of 50 Acc: 79.41% Mean: 91.23% (+/- 4.93%)
Instance: 2 Fold: 17 of 50 Acc: 85.29% Mean: 91.14% (+/- 4.94%)
Instance: 2 Fold: 18 of 50 Acc: 88.24% Mean: 91.10% (+/- 4.92%)
Instance: 2 Fold: 19 of 50 Acc: 94.12% Mean: 91.14% (+/- 4.90%)
Instance: 2 Fold: 20 of 50 Acc: 79.41% Mean: 90.97% (+/- 5.06%)
Instance: 2 Fold: 21 of 50 Acc: 88.57% Mean: 90.94% (+/- 5.03%)
Instance: 2 Fold: 22 of 50 Acc: 85.71% Mean: 90.87% (+/- 5.03%)
Instance: 2 Fold: 23 of 50 Acc: 94.12% Mean: 90.91% (+/- 5.01%)
Instance: 2 Fold: 24 of 50 Acc: 91.18% Mean: 90.92% (+/- 4.98%)
Instance: 2 Fold: 25 of 50 Acc: 97.06% Mean: 91.00% (+/- 4.99%)
Instance: 2 Fold: 26 of 50 Acc: 91.18% Mean: 91.00% (+/- 4.96%)
Instance: 2 Fold: 27 of 50 Acc: 85.29% Mean: 90.93% (+/- 4.97%)
Instance: 2 Fold: 28 of 50 Acc: 100.00% Mean: 91.04% (+/- 5.04%)
Instance: 2 Fold: 29 of 50 Acc: 88.24% Mean: 91.01% (+/- 5.02%)
Instance: 2 Fold: 30 of 50 Acc: 88.24% Mean: 90.97% (+/- 5.00%)
Instance: 2 Fold: 31 of 50 Acc: 91.43% Mean: 90.98% (+/- 4.97%)
Instance: 2 Fold: 32 of 50 Acc: 94.29% Mean: 91.02% (+/- 4.95%)
Instance: 2 Fold: 33 of 50 Acc: 85.29% Mean: 90.95% (+/- 4.96%)
Instance: 2 Fold: 34 of 50 Acc: 70.59% Mean: 90.71% (+/- 5.40%)
Instance: 2 Fold: 35 of 50 Acc: 94.12% Mean: 90.75% (+/- 5.38%)
Instance: 2 Fold: 36 of 50 Acc: 94.12% Mean: 90.79% (+/- 5.36%)
Instance: 2 Fold: 37 of 50 Acc: 91.18% Mean: 90.79% (+/- 5.33%)
Instance: 2 Fold: 38 of 50 Acc: 94.12% Mean: 90.83% (+/- 5.31%)
Instance: 2 Fold: 39 of 50 Acc: 88.24% Mean: 90.80% (+/- 5.29%)
Instance: 2 Fold: 40 of 50 Acc: 97.06% Mean: 90.87% (+/- 5.30%)
Instance: 2 Fold: 41 of 50 Acc: 91.43% Mean: 90.88% (+/- 5.27%)
Instance: 2 Fold: 42 of 50 Acc: 88.57% Mean: 90.85% (+/- 5.25%)
Instance: 2 Fold: 43 of 50 Acc: 97.06% Mean: 90.92% (+/- 5.26%)
Instance: 2 Fold: 44 of 50 Acc: 85.29% Mean: 90.86% (+/- 5.27%)
Instance: 2 Fold: 45 of 50 Acc: 91.18% Mean: 90.86% (+/- 5.24%)
Instance: 2 Fold: 46 of 50 Acc: 85.29% Mean: 90.80% (+/- 5.24%)
Instance: 2 Fold: 47 of 50 Acc: 97.06% Mean: 90.87% (+/- 5.25%)
Instance: 2 Fold: 48 of 50 Acc: 85.29% Mean: 90.81% (+/- 5.25%)
Instance: 2 Fold: 49 of 50 Acc: 88.24% Mean: 90.78% (+/- 5.23%)
Instance: 2 Fold: 50 of 50 Acc: 94.12% Mean: 90.82% (+/- 5.22%)
Instance: 3 Fold: 1 of 50 Acc: 88.57% Mean: 90.80% (+/- 5.20%)
Instance: 3 Fold: 2 of 50 Acc: 88.57% Mean: 90.77% (+/- 5.18%)
Instance: 3 Fold: 3 of 50 Acc: 88.24% Mean: 90.75% (+/- 5.16%)
Instance: 3 Fold: 4 of 50 Acc: 82.35% Mean: 90.67% (+/- 5.20%)
Instance: 3 Fold: 5 of 50 Acc: 91.18% Mean: 90.67% (+/- 5.17%)
Instance: 3 Fold: 6 of 50 Acc: 97.06% Mean: 90.73% (+/- 5.19%)
Instance: 3 Fold: 7 of 50 Acc: 100.00% Mean: 90.82% (+/- 5.24%)
Instance: 3 Fold: 8 of 50 Acc: 91.18% Mean: 90.82% (+/- 5.21%)
Instance: 3 Fold: 9 of 50 Acc: 91.18% Mean: 90.83% (+/- 5.19%)
Instance: 3 Fold: 10 of 50 Acc: 91.18% Mean: 90.83% (+/- 5.17%)
Instance: 3 Fold: 11 of 50 Acc: 91.43% Mean: 90.84% (+/- 5.14%)
Instance: 3 Fold: 12 of 50 Acc: 91.43% Mean: 90.84% (+/- 5.12%)
Instance: 3 Fold: 13 of 50 Acc: 97.06% Mean: 90.90% (+/- 5.13%)
Instance: 3 Fold: 14 of 50 Acc: 94.12% Mean: 90.92% (+/- 5.12%)
Instance: 3 Fold: 15 of 50 Acc: 94.12% Mean: 90.95% (+/- 5.10%)
Instance: 3 Fold: 16 of 50 Acc: 82.35% Mean: 90.88% (+/- 5.14%)
Instance: 3 Fold: 17 of 50 Acc: 85.29% Mean: 90.83% (+/- 5.15%)
Instance: 3 Fold: 18 of 50 Acc: 91.18% Mean: 90.83% (+/- 5.13%)
Instance: 3 Fold: 19 of 50 Acc: 88.24% Mean: 90.81% (+/- 5.11%)
Instance: 3 Fold: 20 of 50 Acc: 85.29% Mean: 90.76% (+/- 5.11%)
Instance: 3 Fold: 21 of 50 Acc: 91.43% Mean: 90.77% (+/- 5.09%)
Instance: 3 Fold: 22 of 50 Acc: 85.71% Mean: 90.73% (+/- 5.09%)
Instance: 3 Fold: 23 of 50 Acc: 91.18% Mean: 90.73% (+/- 5.07%)
Instance: 3 Fold: 24 of 50 Acc: 94.12% Mean: 90.76% (+/- 5.06%)
Instance: 3 Fold: 25 of 50 Acc: 94.12% Mean: 90.79% (+/- 5.05%)
Instance: 3 Fold: 26 of 50 Acc: 94.12% Mean: 90.81% (+/- 5.04%)
Instance: 3 Fold: 27 of 50 Acc: 88.24% Mean: 90.79% (+/- 5.02%)
Instance: 3 Fold: 28 of 50 Acc: 94.12% Mean: 90.82% (+/- 5.01%)
Instance: 3 Fold: 29 of 50 Acc: 82.35% Mean: 90.75% (+/- 5.05%)
Instance: 3 Fold: 30 of 50 Acc: 91.18% Mean: 90.76% (+/- 5.03%)
Instance: 3 Fold: 31 of 50 Acc: 91.43% Mean: 90.76% (+/- 5.01%)
Instance: 3 Fold: 32 of 50 Acc: 91.43% Mean: 90.77% (+/- 4.99%)
Instance: 3 Fold: 33 of 50 Acc: 85.29% Mean: 90.73% (+/- 4.99%)
Instance: 3 Fold: 34 of 50 Acc: 82.35% Mean: 90.66% (+/- 5.03%)
Instance: 3 Fold: 35 of 50 Acc: 97.06% Mean: 90.71% (+/- 5.04%)
Instance: 3 Fold: 36 of 50 Acc: 94.12% Mean: 90.74% (+/- 5.03%)
Instance: 3 Fold: 37 of 50 Acc: 94.12% Mean: 90.76% (+/- 5.02%)
Instance: 3 Fold: 38 of 50 Acc: 91.18% Mean: 90.76% (+/- 5.00%)
Instance: 3 Fold: 39 of 50 Acc: 91.18% Mean: 90.77% (+/- 4.98%)
Instance: 3 Fold: 40 of 50 Acc: 94.12% Mean: 90.79% (+/- 4.97%)
Instance: 3 Fold: 41 of 50 Acc: 91.43% Mean: 90.79% (+/- 4.95%)
Instance: 3 Fold: 42 of 50 Acc: 82.86% Mean: 90.74% (+/- 4.98%)
Instance: 3 Fold: 43 of 50 Acc: 97.06% Mean: 90.78% (+/- 4.99%)
Instance: 3 Fold: 44 of 50 Acc: 85.29% Mean: 90.74% (+/- 4.99%)
Instance: 3 Fold: 45 of 50 Acc: 94.12% Mean: 90.77% (+/- 4.99%)
Instance: 3 Fold: 46 of 50 Acc: 88.24% Mean: 90.75% (+/- 4.97%)
Instance: 3 Fold: 47 of 50 Acc: 91.18% Mean: 90.75% (+/- 4.96%)
Instance: 3 Fold: 48 of 50 Acc: 91.18% Mean: 90.76% (+/- 4.94%)
Instance: 3 Fold: 49 of 50 Acc: 91.18% Mean: 90.76% (+/- 4.92%)
Instance: 3 Fold: 50 of 50 Acc: 94.12% Mean: 90.78% (+/- 4.91%)
Instance: 4 Fold: 1 of 50 Acc: 88.57% Mean: 90.77% (+/- 4.90%)
Instance: 4 Fold: 2 of 50 Acc: 88.57% Mean: 90.75% (+/- 4.89%)
Instance: 4 Fold: 3 of 50 Acc: 85.29% Mean: 90.72% (+/- 4.89%)
Instance: 4 Fold: 4 of 50 Acc: 88.24% Mean: 90.70% (+/- 4.88%)
Instance: 4 Fold: 5 of 50 Acc: 94.12% Mean: 90.72% (+/- 4.87%)
Instance: 4 Fold: 6 of 50 Acc: 94.12% Mean: 90.74% (+/- 4.86%)
Instance: 4 Fold: 7 of 50 Acc: 100.00% Mean: 90.80% (+/- 4.90%)
Instance: 4 Fold: 8 of 50 Acc: 91.18% Mean: 90.81% (+/- 4.89%)
Instance: 4 Fold: 9 of 50 Acc: 88.24% Mean: 90.79% (+/- 4.88%)
Instance: 4 Fold: 10 of 50 Acc: 91.18% Mean: 90.79% (+/- 4.86%)
Instance: 4 Fold: 11 of 50 Acc: 97.14% Mean: 90.83% (+/- 4.87%)
Instance: 4 Fold: 12 of 50 Acc: 91.43% Mean: 90.84% (+/- 4.86%)
Instance: 4 Fold: 13 of 50 Acc: 91.18% Mean: 90.84% (+/- 4.84%)
Instance: 4 Fold: 14 of 50 Acc: 94.12% Mean: 90.86% (+/- 4.83%)
Instance: 4 Fold: 15 of 50 Acc: 97.06% Mean: 90.89% (+/- 4.84%)
Instance: 4 Fold: 16 of 50 Acc: 79.41% Mean: 90.83% (+/- 4.91%)
Instance: 4 Fold: 17 of 50 Acc: 88.24% Mean: 90.81% (+/- 4.90%)
Instance: 4 Fold: 18 of 50 Acc: 91.18% Mean: 90.81% (+/- 4.89%)
Instance: 4 Fold: 19 of 50 Acc: 91.18% Mean: 90.81% (+/- 4.87%)
Instance: 4 Fold: 20 of 50 Acc: 91.18% Mean: 90.82% (+/- 4.86%)
Instance: 4 Fold: 21 of 50 Acc: 82.86% Mean: 90.77% (+/- 4.88%)
Instance: 4 Fold: 22 of 50 Acc: 88.57% Mean: 90.76% (+/- 4.87%)
Instance: 4 Fold: 23 of 50 Acc: 97.06% Mean: 90.79% (+/- 4.88%)
Instance: 4 Fold: 24 of 50 Acc: 91.18% Mean: 90.80% (+/- 4.86%)
Instance: 4 Fold: 25 of 50 Acc: 97.06% Mean: 90.83% (+/- 4.87%)
Instance: 4 Fold: 26 of 50 Acc: 94.12% Mean: 90.85% (+/- 4.87%)
Instance: 4 Fold: 27 of 50 Acc: 85.29% Mean: 90.82% (+/- 4.87%)
Instance: 4 Fold: 28 of 50 Acc: 97.06% Mean: 90.85% (+/- 4.88%)
Instance: 4 Fold: 29 of 50 Acc: 91.18% Mean: 90.86% (+/- 4.87%)
Instance: 4 Fold: 30 of 50 Acc: 88.24% Mean: 90.84% (+/- 4.86%)
Instance: 4 Fold: 31 of 50 Acc: 88.57% Mean: 90.83% (+/- 4.84%)
Instance: 4 Fold: 32 of 50 Acc: 91.43% Mean: 90.83% (+/- 4.83%)
Instance: 4 Fold: 33 of 50 Acc: 85.29% Mean: 90.80% (+/- 4.84%)
Instance: 4 Fold: 34 of 50 Acc: 70.59% Mean: 90.69% (+/- 5.05%)
Instance: 4 Fold: 35 of 50 Acc: 100.00% Mean: 90.74% (+/- 5.08%)
Instance: 4 Fold: 36 of 50 Acc: 88.24% Mean: 90.73% (+/- 5.07%)
Instance: 4 Fold: 37 of 50 Acc: 91.18% Mean: 90.73% (+/- 5.06%)
Instance: 4 Fold: 38 of 50 Acc: 91.18% Mean: 90.73% (+/- 5.04%)
Instance: 4 Fold: 39 of 50 Acc: 88.24% Mean: 90.72% (+/- 5.03%)
Instance: 4 Fold: 40 of 50 Acc: 97.06% Mean: 90.75% (+/- 5.04%)
Instance: 4 Fold: 41 of 50 Acc: 91.43% Mean: 90.76% (+/- 5.03%)
Instance: 4 Fold: 42 of 50 Acc: 88.57% Mean: 90.75% (+/- 5.02%)
Instance: 4 Fold: 43 of 50 Acc: 91.18% Mean: 90.75% (+/- 5.00%)
Instance: 4 Fold: 44 of 50 Acc: 88.24% Mean: 90.74% (+/- 4.99%)
Instance: 4 Fold: 45 of 50 Acc: 91.18% Mean: 90.74% (+/- 4.98%)
Instance: 4 Fold: 46 of 50 Acc: 85.29% Mean: 90.71% (+/- 4.98%)
Instance: 4 Fold: 47 of 50 Acc: 97.06% Mean: 90.74% (+/- 4.99%)
Instance: 4 Fold: 48 of 50 Acc: 91.18% Mean: 90.74% (+/- 4.98%)
Instance: 4 Fold: 49 of 50 Acc: 91.18% Mean: 90.75% (+/- 4.97%)
Instance: 4 Fold: 50 of 50 Acc: 91.18% Mean: 90.75% (+/- 4.95%)
Instance: 5 Fold: 1 of 50 Acc: 94.29% Mean: 90.77% (+/- 4.95%)
Instance: 5 Fold: 2 of 50 Acc: 91.43% Mean: 90.77% (+/- 4.94%)
Instance: 5 Fold: 3 of 50 Acc: 85.29% Mean: 90.74% (+/- 4.94%)
Instance: 5 Fold: 4 of 50 Acc: 79.41% Mean: 90.69% (+/- 4.99%)
Instance: 5 Fold: 5 of 50 Acc: 94.12% Mean: 90.70% (+/- 4.98%)
Instance: 5 Fold: 6 of 50 Acc: 94.12% Mean: 90.72% (+/- 4.98%)
Instance: 5 Fold: 7 of 50 Acc: 100.00% Mean: 90.76% (+/- 5.01%)
Instance: 5 Fold: 8 of 50 Acc: 88.24% Mean: 90.75% (+/- 5.00%)
Instance: 5 Fold: 9 of 50 Acc: 88.24% Mean: 90.74% (+/- 4.99%)
Instance: 5 Fold: 10 of 50 Acc: 88.24% Mean: 90.73% (+/- 4.98%)
Instance: 5 Fold: 11 of 50 Acc: 94.29% Mean: 90.75% (+/- 4.97%)
Instance: 5 Fold: 12 of 50 Acc: 91.43% Mean: 90.75% (+/- 4.96%)
Instance: 5 Fold: 13 of 50 Acc: 94.12% Mean: 90.76% (+/- 4.96%)
Instance: 5 Fold: 14 of 50 Acc: 100.00% Mean: 90.81% (+/- 4.98%)
Instance: 5 Fold: 15 of 50 Acc: 94.12% Mean: 90.82% (+/- 4.98%)
Instance: 5 Fold: 16 of 50 Acc: 73.53% Mean: 90.74% (+/- 5.10%)
Instance: 5 Fold: 17 of 50 Acc: 91.18% Mean: 90.75% (+/- 5.09%)
Instance: 5 Fold: 18 of 50 Acc: 88.24% Mean: 90.73% (+/- 5.08%)
Instance: 5 Fold: 19 of 50 Acc: 88.24% Mean: 90.72% (+/- 5.07%)
Instance: 5 Fold: 20 of 50 Acc: 94.12% Mean: 90.74% (+/- 5.07%)
Instance: 5 Fold: 21 of 50 Acc: 85.71% Mean: 90.71% (+/- 5.07%)
Instance: 5 Fold: 22 of 50 Acc: 85.71% Mean: 90.69% (+/- 5.07%)
Instance: 5 Fold: 23 of 50 Acc: 97.06% Mean: 90.72% (+/- 5.07%)
Instance: 5 Fold: 24 of 50 Acc: 97.06% Mean: 90.75% (+/- 5.08%)
Instance: 5 Fold: 25 of 50 Acc: 94.12% Mean: 90.76% (+/- 5.07%)
Instance: 5 Fold: 26 of 50 Acc: 91.18% Mean: 90.77% (+/- 5.06%)
Instance: 5 Fold: 27 of 50 Acc: 85.29% Mean: 90.74% (+/- 5.06%)
Instance: 5 Fold: 28 of 50 Acc: 97.06% Mean: 90.77% (+/- 5.07%)
Instance: 5 Fold: 29 of 50 Acc: 88.24% Mean: 90.76% (+/- 5.06%)
Instance: 5 Fold: 30 of 50 Acc: 82.35% Mean: 90.72% (+/- 5.08%)
Instance: 5 Fold: 31 of 50 Acc: 91.43% Mean: 90.73% (+/- 5.07%)
Instance: 5 Fold: 32 of 50 Acc: 94.29% Mean: 90.74% (+/- 5.06%)
Instance: 5 Fold: 33 of 50 Acc: 85.29% Mean: 90.72% (+/- 5.07%)
Instance: 5 Fold: 34 of 50 Acc: 79.41% Mean: 90.67% (+/- 5.11%)
Instance: 5 Fold: 35 of 50 Acc: 94.12% Mean: 90.68% (+/- 5.10%)
Instance: 5 Fold: 36 of 50 Acc: 94.12% Mean: 90.70% (+/- 5.10%)
Instance: 5 Fold: 37 of 50 Acc: 91.18% Mean: 90.70% (+/- 5.09%)
Instance: 5 Fold: 38 of 50 Acc: 97.06% Mean: 90.73% (+/- 5.09%)
Instance: 5 Fold: 39 of 50 Acc: 82.35% Mean: 90.69% (+/- 5.11%)
Instance: 5 Fold: 40 of 50 Acc: 97.06% Mean: 90.72% (+/- 5.12%)
Instance: 5 Fold: 41 of 50 Acc: 91.43% Mean: 90.72% (+/- 5.10%)
Instance: 5 Fold: 42 of 50 Acc: 100.00% Mean: 90.76% (+/- 5.13%)
Instance: 5 Fold: 43 of 50 Acc: 94.12% Mean: 90.77% (+/- 5.12%)
Instance: 5 Fold: 44 of 50 Acc: 88.24% Mean: 90.76% (+/- 5.11%)
Instance: 5 Fold: 45 of 50 Acc: 88.24% Mean: 90.75% (+/- 5.11%)
Instance: 5 Fold: 46 of 50 Acc: 82.35% Mean: 90.72% (+/- 5.12%)
Instance: 5 Fold: 47 of 50 Acc: 94.12% Mean: 90.73% (+/- 5.12%)
Instance: 5 Fold: 48 of 50 Acc: 91.18% Mean: 90.73% (+/- 5.11%)
Instance: 5 Fold: 49 of 50 Acc: 85.29% Mean: 90.71% (+/- 5.11%)
Instance: 5 Fold: 50 of 50 Acc: 88.24% Mean: 90.70% (+/- 5.10%)
Instance: 6 Fold: 1 of 50 Acc: 91.43% Mean: 90.71% (+/- 5.09%)
Instance: 6 Fold: 2 of 50 Acc: 82.86% Mean: 90.67% (+/- 5.11%)
Instance: 6 Fold: 3 of 50 Acc: 88.24% Mean: 90.66% (+/- 5.10%)
Instance: 6 Fold: 4 of 50 Acc: 88.24% Mean: 90.65% (+/- 5.09%)
Instance: 6 Fold: 5 of 50 Acc: 91.18% Mean: 90.66% (+/- 5.08%)
Instance: 6 Fold: 6 of 50 Acc: 94.12% Mean: 90.67% (+/- 5.07%)
Instance: 6 Fold: 7 of 50 Acc: 100.00% Mean: 90.71% (+/- 5.10%)
Instance: 6 Fold: 8 of 50 Acc: 91.18% Mean: 90.71% (+/- 5.09%)
Instance: 6 Fold: 9 of 50 Acc: 91.18% Mean: 90.71% (+/- 5.08%)
Instance: 6 Fold: 10 of 50 Acc: 85.29% Mean: 90.69% (+/- 5.08%)
Instance: 6 Fold: 11 of 50 Acc: 94.29% Mean: 90.70% (+/- 5.08%)
Instance: 6 Fold: 12 of 50 Acc: 88.57% Mean: 90.70% (+/- 5.07%)
Instance: 6 Fold: 13 of 50 Acc: 94.12% Mean: 90.71% (+/- 5.06%)
Instance: 6 Fold: 14 of 50 Acc: 97.06% Mean: 90.73% (+/- 5.07%)
Instance: 6 Fold: 15 of 50 Acc: 97.06% Mean: 90.76% (+/- 5.07%)
Instance: 6 Fold: 16 of 50 Acc: 76.47% Mean: 90.70% (+/- 5.14%)
Instance: 6 Fold: 17 of 50 Acc: 88.24% Mean: 90.69% (+/- 5.13%)
Instance: 6 Fold: 18 of 50 Acc: 91.18% Mean: 90.69% (+/- 5.12%)
Instance: 6 Fold: 19 of 50 Acc: 88.24% Mean: 90.69% (+/- 5.11%)
Instance: 6 Fold: 20 of 50 Acc: 91.18% Mean: 90.69% (+/- 5.10%)
Instance: 6 Fold: 21 of 50 Acc: 88.57% Mean: 90.68% (+/- 5.10%)
Instance: 6 Fold: 22 of 50 Acc: 85.71% Mean: 90.66% (+/- 5.10%)
Instance: 6 Fold: 23 of 50 Acc: 82.35% Mean: 90.63% (+/- 5.11%)
Instance: 6 Fold: 24 of 50 Acc: 91.18% Mean: 90.63% (+/- 5.10%)
Instance: 6 Fold: 25 of 50 Acc: 94.12% Mean: 90.65% (+/- 5.10%)
Instance: 6 Fold: 26 of 50 Acc: 94.12% Mean: 90.66% (+/- 5.09%)
Instance: 6 Fold: 27 of 50 Acc: 85.29% Mean: 90.64% (+/- 5.09%)
Instance: 6 Fold: 28 of 50 Acc: 91.18% Mean: 90.64% (+/- 5.08%)
Instance: 6 Fold: 29 of 50 Acc: 88.24% Mean: 90.63% (+/- 5.08%)
Instance: 6 Fold: 30 of 50 Acc: 82.35% Mean: 90.60% (+/- 5.09%)
Instance: 6 Fold: 31 of 50 Acc: 85.71% Mean: 90.59% (+/- 5.09%)
Instance: 6 Fold: 32 of 50 Acc: 91.43% Mean: 90.59% (+/- 5.08%)
Instance: 6 Fold: 33 of 50 Acc: 88.24% Mean: 90.58% (+/- 5.08%)
Instance: 6 Fold: 34 of 50 Acc: 70.59% Mean: 90.51% (+/- 5.20%)
Instance: 6 Fold: 35 of 50 Acc: 94.12% Mean: 90.52% (+/- 5.20%)
Instance: 6 Fold: 36 of 50 Acc: 94.12% Mean: 90.53% (+/- 5.19%)
Instance: 6 Fold: 37 of 50 Acc: 91.18% Mean: 90.54% (+/- 5.18%)
Instance: 6 Fold: 38 of 50 Acc: 91.18% Mean: 90.54% (+/- 5.18%)
Instance: 6 Fold: 39 of 50 Acc: 88.24% Mean: 90.53% (+/- 5.17%)
Instance: 6 Fold: 40 of 50 Acc: 97.06% Mean: 90.55% (+/- 5.17%)
Instance: 6 Fold: 41 of 50 Acc: 91.43% Mean: 90.56% (+/- 5.17%)
Instance: 6 Fold: 42 of 50 Acc: 91.43% Mean: 90.56% (+/- 5.16%)
Instance: 6 Fold: 43 of 50 Acc: 97.06% Mean: 90.58% (+/- 5.16%)
Instance: 6 Fold: 44 of 50 Acc: 88.24% Mean: 90.57% (+/- 5.15%)
Instance: 6 Fold: 45 of 50 Acc: 94.12% Mean: 90.59% (+/- 5.15%)
Instance: 6 Fold: 46 of 50 Acc: 85.29% Mean: 90.57% (+/- 5.15%)
Instance: 6 Fold: 47 of 50 Acc: 97.06% Mean: 90.59% (+/- 5.16%)
Instance: 6 Fold: 48 of 50 Acc: 91.18% Mean: 90.59% (+/- 5.15%)
Instance: 6 Fold: 49 of 50 Acc: 88.24% Mean: 90.58% (+/- 5.14%)
Instance: 6 Fold: 50 of 50 Acc: 88.24% Mean: 90.58% (+/- 5.13%)
Instance: 7 Fold: 1 of 50 Acc: 82.86% Mean: 90.55% (+/- 5.14%)
Instance: 7 Fold: 2 of 50 Acc: 88.57% Mean: 90.54% (+/- 5.14%)
Instance: 7 Fold: 3 of 50 Acc: 85.29% Mean: 90.53% (+/- 5.14%)
Instance: 7 Fold: 4 of 50 Acc: 85.29% Mean: 90.51% (+/- 5.14%)
Instance: 7 Fold: 5 of 50 Acc: 91.18% Mean: 90.51% (+/- 5.13%)
Instance: 7 Fold: 6 of 50 Acc: 94.12% Mean: 90.52% (+/- 5.12%)
Instance: 7 Fold: 7 of 50 Acc: 100.00% Mean: 90.55% (+/- 5.14%)
Instance: 7 Fold: 8 of 50 Acc: 91.18% Mean: 90.56% (+/- 5.14%)
Instance: 7 Fold: 9 of 50 Acc: 85.29% Mean: 90.54% (+/- 5.14%)
Instance: 7 Fold: 10 of 50 Acc: 88.24% Mean: 90.53% (+/- 5.13%)
Instance: 7 Fold: 11 of 50 Acc: 91.43% Mean: 90.53% (+/- 5.12%)
Instance: 7 Fold: 12 of 50 Acc: 94.29% Mean: 90.55% (+/- 5.12%)
Instance: 7 Fold: 13 of 50 Acc: 97.06% Mean: 90.57% (+/- 5.12%)
Instance: 7 Fold: 14 of 50 Acc: 97.06% Mean: 90.59% (+/- 5.13%)
Instance: 7 Fold: 15 of 50 Acc: 94.12% Mean: 90.60% (+/- 5.12%)
Instance: 7 Fold: 16 of 50 Acc: 79.41% Mean: 90.56% (+/- 5.15%)
Instance: 7 Fold: 17 of 50 Acc: 91.18% Mean: 90.57% (+/- 5.15%)
Instance: 7 Fold: 18 of 50 Acc: 91.18% Mean: 90.57% (+/- 5.14%)
Instance: 7 Fold: 19 of 50 Acc: 91.18% Mean: 90.57% (+/- 5.13%)
Instance: 7 Fold: 20 of 50 Acc: 88.24% Mean: 90.56% (+/- 5.12%)
Instance: 7 Fold: 21 of 50 Acc: 85.71% Mean: 90.55% (+/- 5.12%)
Instance: 7 Fold: 22 of 50 Acc: 82.86% Mean: 90.52% (+/- 5.13%)
Instance: 7 Fold: 23 of 50 Acc: 91.18% Mean: 90.53% (+/- 5.13%)
Instance: 7 Fold: 24 of 50 Acc: 97.06% Mean: 90.55% (+/- 5.13%)
Instance: 7 Fold: 25 of 50 Acc: 91.18% Mean: 90.55% (+/- 5.12%)
Instance: 7 Fold: 26 of 50 Acc: 94.12% Mean: 90.56% (+/- 5.12%)
Instance: 7 Fold: 27 of 50 Acc: 88.24% Mean: 90.55% (+/- 5.11%)
Instance: 7 Fold: 28 of 50 Acc: 97.06% Mean: 90.57% (+/- 5.12%)
Instance: 7 Fold: 29 of 50 Acc: 88.24% Mean: 90.56% (+/- 5.11%)
Instance: 7 Fold: 30 of 50 Acc: 88.24% Mean: 90.56% (+/- 5.10%)
Instance: 7 Fold: 31 of 50 Acc: 91.43% Mean: 90.56% (+/- 5.10%)
Instance: 7 Fold: 32 of 50 Acc: 94.29% Mean: 90.57% (+/- 5.09%)
Instance: 7 Fold: 33 of 50 Acc: 88.24% Mean: 90.56% (+/- 5.09%)
Instance: 7 Fold: 34 of 50 Acc: 76.47% Mean: 90.52% (+/- 5.14%)
Instance: 7 Fold: 35 of 50 Acc: 100.00% Mean: 90.55% (+/- 5.16%)
Instance: 7 Fold: 36 of 50 Acc: 94.12% Mean: 90.56% (+/- 5.15%)
Instance: 7 Fold: 37 of 50 Acc: 91.18% Mean: 90.56% (+/- 5.14%)
Instance: 7 Fold: 38 of 50 Acc: 94.12% Mean: 90.57% (+/- 5.14%)
Instance: 7 Fold: 39 of 50 Acc: 91.18% Mean: 90.57% (+/- 5.13%)
Instance: 7 Fold: 40 of 50 Acc: 97.06% Mean: 90.59% (+/- 5.14%)
Instance: 7 Fold: 41 of 50 Acc: 91.43% Mean: 90.60% (+/- 5.13%)
Instance: 7 Fold: 42 of 50 Acc: 82.86% Mean: 90.57% (+/- 5.14%)
Instance: 7 Fold: 43 of 50 Acc: 100.00% Mean: 90.60% (+/- 5.16%)
Instance: 7 Fold: 44 of 50 Acc: 85.29% Mean: 90.59% (+/- 5.16%)
Instance: 7 Fold: 45 of 50 Acc: 94.12% Mean: 90.60% (+/- 5.15%)
Instance: 7 Fold: 46 of 50 Acc: 88.24% Mean: 90.59% (+/- 5.15%)
Instance: 7 Fold: 47 of 50 Acc: 97.06% Mean: 90.61% (+/- 5.15%)
Instance: 7 Fold: 48 of 50 Acc: 88.24% Mean: 90.60% (+/- 5.15%)
Instance: 7 Fold: 49 of 50 Acc: 82.35% Mean: 90.58% (+/- 5.16%)
Instance: 7 Fold: 50 of 50 Acc: 91.18% Mean: 90.58% (+/- 5.15%)
Instance: 8 Fold: 1 of 50 Acc: 88.57% Mean: 90.57% (+/- 5.14%)
Instance: 8 Fold: 2 of 50 Acc: 91.43% Mean: 90.58% (+/- 5.14%)
Instance: 8 Fold: 3 of 50 Acc: 94.12% Mean: 90.59% (+/- 5.13%)
Instance: 8 Fold: 4 of 50 Acc: 85.29% Mean: 90.57% (+/- 5.13%)
Instance: 8 Fold: 5 of 50 Acc: 91.18% Mean: 90.57% (+/- 5.13%)
Instance: 8 Fold: 6 of 50 Acc: 94.12% Mean: 90.58% (+/- 5.12%)
Instance: 8 Fold: 7 of 50 Acc: 100.00% Mean: 90.61% (+/- 5.14%)
Instance: 8 Fold: 8 of 50 Acc: 91.18% Mean: 90.61% (+/- 5.13%)
Instance: 8 Fold: 9 of 50 Acc: 88.24% Mean: 90.60% (+/- 5.13%)
Instance: 8 Fold: 10 of 50 Acc: 88.24% Mean: 90.60% (+/- 5.12%)
Instance: 8 Fold: 11 of 50 Acc: 91.43% Mean: 90.60% (+/- 5.11%)
Instance: 8 Fold: 12 of 50 Acc: 88.57% Mean: 90.59% (+/- 5.11%)
Instance: 8 Fold: 13 of 50 Acc: 97.06% Mean: 90.61% (+/- 5.11%)
Instance: 8 Fold: 14 of 50 Acc: 97.06% Mean: 90.63% (+/- 5.12%)
Instance: 8 Fold: 15 of 50 Acc: 94.12% Mean: 90.64% (+/- 5.11%)
Instance: 8 Fold: 16 of 50 Acc: 76.47% Mean: 90.60% (+/- 5.16%)
Instance: 8 Fold: 17 of 50 Acc: 91.18% Mean: 90.60% (+/- 5.15%)
Instance: 8 Fold: 18 of 50 Acc: 91.18% Mean: 90.60% (+/- 5.15%)
Instance: 8 Fold: 19 of 50 Acc: 91.18% Mean: 90.61% (+/- 5.14%)
Instance: 8 Fold: 20 of 50 Acc: 85.29% Mean: 90.59% (+/- 5.14%)
Instance: 8 Fold: 21 of 50 Acc: 88.57% Mean: 90.59% (+/- 5.13%)
Instance: 8 Fold: 22 of 50 Acc: 85.71% Mean: 90.57% (+/- 5.13%)
Instance: 8 Fold: 23 of 50 Acc: 91.18% Mean: 90.57% (+/- 5.13%)
Instance: 8 Fold: 24 of 50 Acc: 94.12% Mean: 90.58% (+/- 5.12%)
Instance: 8 Fold: 25 of 50 Acc: 94.12% Mean: 90.59% (+/- 5.12%)
Instance: 8 Fold: 26 of 50 Acc: 94.12% Mean: 90.60% (+/- 5.12%)
Instance: 8 Fold: 27 of 50 Acc: 82.35% Mean: 90.58% (+/- 5.13%)
Instance: 8 Fold: 28 of 50 Acc: 94.12% Mean: 90.59% (+/- 5.12%)
Instance: 8 Fold: 29 of 50 Acc: 85.29% Mean: 90.58% (+/- 5.12%)
Instance: 8 Fold: 30 of 50 Acc: 85.29% Mean: 90.56% (+/- 5.12%)
Instance: 8 Fold: 31 of 50 Acc: 94.29% Mean: 90.57% (+/- 5.12%)
Instance: 8 Fold: 32 of 50 Acc: 88.57% Mean: 90.57% (+/- 5.11%)
Instance: 8 Fold: 33 of 50 Acc: 82.35% Mean: 90.54% (+/- 5.13%)
Instance: 8 Fold: 34 of 50 Acc: 76.47% Mean: 90.51% (+/- 5.17%)
Instance: 8 Fold: 35 of 50 Acc: 94.12% Mean: 90.52% (+/- 5.16%)
Instance: 8 Fold: 36 of 50 Acc: 94.12% Mean: 90.53% (+/- 5.16%)
Instance: 8 Fold: 37 of 50 Acc: 91.18% Mean: 90.53% (+/- 5.15%)
Instance: 8 Fold: 38 of 50 Acc: 85.29% Mean: 90.52% (+/- 5.16%)
Instance: 8 Fold: 39 of 50 Acc: 79.41% Mean: 90.49% (+/- 5.18%)
Instance: 8 Fold: 40 of 50 Acc: 97.06% Mean: 90.50% (+/- 5.18%)
Instance: 8 Fold: 41 of 50 Acc: 91.43% Mean: 90.51% (+/- 5.18%)
Instance: 8 Fold: 42 of 50 Acc: 91.43% Mean: 90.51% (+/- 5.17%)
Instance: 8 Fold: 43 of 50 Acc: 97.06% Mean: 90.52% (+/- 5.17%)
Instance: 8 Fold: 44 of 50 Acc: 85.29% Mean: 90.51% (+/- 5.17%)
Instance: 8 Fold: 45 of 50 Acc: 97.06% Mean: 90.53% (+/- 5.18%)
Instance: 8 Fold: 46 of 50 Acc: 85.29% Mean: 90.51% (+/- 5.18%)
Instance: 8 Fold: 47 of 50 Acc: 97.06% Mean: 90.53% (+/- 5.18%)
Instance: 8 Fold: 48 of 50 Acc: 88.24% Mean: 90.53% (+/- 5.18%)
Instance: 8 Fold: 49 of 50 Acc: 88.24% Mean: 90.52% (+/- 5.17%)
Instance: 8 Fold: 50 of 50 Acc: 91.18% Mean: 90.52% (+/- 5.17%)
Instance: 9 Fold: 1 of 50 Acc: 88.57% Mean: 90.52% (+/- 5.16%)
Instance: 9 Fold: 2 of 50 Acc: 91.43% Mean: 90.52% (+/- 5.15%)
Instance: 9 Fold: 3 of 50 Acc: 85.29% Mean: 90.51% (+/- 5.15%)
Instance: 9 Fold: 4 of 50 Acc: 91.18% Mean: 90.51% (+/- 5.15%)
Instance: 9 Fold: 5 of 50 Acc: 94.12% Mean: 90.52% (+/- 5.14%)
Instance: 9 Fold: 6 of 50 Acc: 94.12% Mean: 90.53% (+/- 5.14%)
Instance: 9 Fold: 7 of 50 Acc: 100.00% Mean: 90.55% (+/- 5.16%)
Instance: 9 Fold: 8 of 50 Acc: 85.29% Mean: 90.54% (+/- 5.16%)
Instance: 9 Fold: 9 of 50 Acc: 88.24% Mean: 90.53% (+/- 5.15%)
Instance: 9 Fold: 10 of 50 Acc: 88.24% Mean: 90.52% (+/- 5.15%)
Instance: 9 Fold: 11 of 50 Acc: 94.29% Mean: 90.53% (+/- 5.14%)
Instance: 9 Fold: 12 of 50 Acc: 91.43% Mean: 90.54% (+/- 5.14%)
Instance: 9 Fold: 13 of 50 Acc: 94.12% Mean: 90.54% (+/- 5.13%)
Instance: 9 Fold: 14 of 50 Acc: 94.12% Mean: 90.55% (+/- 5.13%)
Instance: 9 Fold: 15 of 50 Acc: 97.06% Mean: 90.57% (+/- 5.13%)
Instance: 9 Fold: 16 of 50 Acc: 79.41% Mean: 90.54% (+/- 5.16%)
Instance: 9 Fold: 17 of 50 Acc: 91.18% Mean: 90.54% (+/- 5.15%)
Instance: 9 Fold: 18 of 50 Acc: 91.18% Mean: 90.55% (+/- 5.15%)
Instance: 9 Fold: 19 of 50 Acc: 88.24% Mean: 90.54% (+/- 5.14%)
Instance: 9 Fold: 20 of 50 Acc: 94.12% Mean: 90.55% (+/- 5.14%)
Instance: 9 Fold: 21 of 50 Acc: 85.71% Mean: 90.54% (+/- 5.14%)
Instance: 9 Fold: 22 of 50 Acc: 80.00% Mean: 90.51% (+/- 5.16%)
Instance: 9 Fold: 23 of 50 Acc: 97.06% Mean: 90.53% (+/- 5.16%)
Instance: 9 Fold: 24 of 50 Acc: 94.12% Mean: 90.54% (+/- 5.16%)
Instance: 9 Fold: 25 of 50 Acc: 88.24% Mean: 90.53% (+/- 5.15%)
Instance: 9 Fold: 26 of 50 Acc: 97.06% Mean: 90.55% (+/- 5.16%)
Instance: 9 Fold: 27 of 50 Acc: 88.24% Mean: 90.54% (+/- 5.15%)
Instance: 9 Fold: 28 of 50 Acc: 100.00% Mean: 90.56% (+/- 5.16%)
Instance: 9 Fold: 29 of 50 Acc: 88.24% Mean: 90.56% (+/- 5.16%)
Instance: 9 Fold: 30 of 50 Acc: 88.24% Mean: 90.55% (+/- 5.16%)
Instance: 9 Fold: 31 of 50 Acc: 94.29% Mean: 90.56% (+/- 5.15%)
Instance: 9 Fold: 32 of 50 Acc: 94.29% Mean: 90.57% (+/- 5.15%)
Instance: 9 Fold: 33 of 50 Acc: 85.29% Mean: 90.56% (+/- 5.15%)
Instance: 9 Fold: 34 of 50 Acc: 79.41% Mean: 90.53% (+/- 5.17%)
Instance: 9 Fold: 35 of 50 Acc: 94.12% Mean: 90.54% (+/- 5.17%)
Instance: 9 Fold: 36 of 50 Acc: 91.18% Mean: 90.54% (+/- 5.16%)
Instance: 9 Fold: 37 of 50 Acc: 94.12% Mean: 90.55% (+/- 5.16%)
Instance: 9 Fold: 38 of 50 Acc: 94.12% Mean: 90.56% (+/- 5.16%)
Instance: 9 Fold: 39 of 50 Acc: 94.12% Mean: 90.56% (+/- 5.15%)
Instance: 9 Fold: 40 of 50 Acc: 97.06% Mean: 90.58% (+/- 5.16%)
Instance: 9 Fold: 41 of 50 Acc: 91.43% Mean: 90.58% (+/- 5.15%)
Instance: 9 Fold: 42 of 50 Acc: 97.14% Mean: 90.60% (+/- 5.15%)
Instance: 9 Fold: 43 of 50 Acc: 97.06% Mean: 90.61% (+/- 5.16%)
Instance: 9 Fold: 44 of 50 Acc: 85.29% Mean: 90.60% (+/- 5.16%)
Instance: 9 Fold: 45 of 50 Acc: 94.12% Mean: 90.61% (+/- 5.16%)
Instance: 9 Fold: 46 of 50 Acc: 85.29% Mean: 90.60% (+/- 5.16%)
Instance: 9 Fold: 47 of 50 Acc: 97.06% Mean: 90.61% (+/- 5.16%)
Instance: 9 Fold: 48 of 50 Acc: 94.12% Mean: 90.62% (+/- 5.16%)
Instance: 9 Fold: 49 of 50 Acc: 91.18% Mean: 90.62% (+/- 5.15%)
Instance: 9 Fold: 50 of 50 Acc: 94.12% Mean: 90.63% (+/- 5.15%)
Instance: 10 Fold: 1 of 50 Acc: 88.57% Mean: 90.62% (+/- 5.14%)
Instance: 10 Fold: 2 of 50 Acc: 88.57% Mean: 90.62% (+/- 5.14%)
Instance: 10 Fold: 3 of 50 Acc: 88.24% Mean: 90.61% (+/- 5.13%)
Instance: 10 Fold: 4 of 50 Acc: 79.41% Mean: 90.59% (+/- 5.15%)
Instance: 10 Fold: 5 of 50 Acc: 88.24% Mean: 90.58% (+/- 5.15%)
Instance: 10 Fold: 6 of 50 Acc: 97.06% Mean: 90.60% (+/- 5.15%)
Instance: 10 Fold: 7 of 50 Acc: 97.06% Mean: 90.61% (+/- 5.16%)
Instance: 10 Fold: 8 of 50 Acc: 88.24% Mean: 90.61% (+/- 5.15%)
Instance: 10 Fold: 9 of 50 Acc: 85.29% Mean: 90.59% (+/- 5.15%)
Instance: 10 Fold: 10 of 50 Acc: 88.24% Mean: 90.59% (+/- 5.15%)
Instance: 10 Fold: 11 of 50 Acc: 97.14% Mean: 90.60% (+/- 5.15%)
Instance: 10 Fold: 12 of 50 Acc: 85.71% Mean: 90.59% (+/- 5.15%)
Instance: 10 Fold: 13 of 50 Acc: 97.06% Mean: 90.61% (+/- 5.15%)
Instance: 10 Fold: 14 of 50 Acc: 94.12% Mean: 90.61% (+/- 5.15%)
Instance: 10 Fold: 15 of 50 Acc: 97.06% Mean: 90.63% (+/- 5.15%)
Instance: 10 Fold: 16 of 50 Acc: 79.41% Mean: 90.60% (+/- 5.17%)
Instance: 10 Fold: 17 of 50 Acc: 91.18% Mean: 90.60% (+/- 5.17%)
Instance: 10 Fold: 18 of 50 Acc: 91.18% Mean: 90.61% (+/- 5.16%)
Instance: 10 Fold: 19 of 50 Acc: 88.24% Mean: 90.60% (+/- 5.16%)
Instance: 10 Fold: 20 of 50 Acc: 85.29% Mean: 90.59% (+/- 5.16%)
Instance: 10 Fold: 21 of 50 Acc: 88.57% Mean: 90.59% (+/- 5.15%)
Instance: 10 Fold: 22 of 50 Acc: 82.86% Mean: 90.57% (+/- 5.16%)
Instance: 10 Fold: 23 of 50 Acc: 91.18% Mean: 90.57% (+/- 5.16%)
Instance: 10 Fold: 24 of 50 Acc: 91.18% Mean: 90.57% (+/- 5.15%)
Instance: 10 Fold: 25 of 50 Acc: 88.24% Mean: 90.57% (+/- 5.15%)
Instance: 10 Fold: 26 of 50 Acc: 91.18% Mean: 90.57% (+/- 5.14%)
Instance: 10 Fold: 27 of 50 Acc: 91.18% Mean: 90.57% (+/- 5.14%)
Instance: 10 Fold: 28 of 50 Acc: 97.06% Mean: 90.58% (+/- 5.14%)
Instance: 10 Fold: 29 of 50 Acc: 91.18% Mean: 90.58% (+/- 5.13%)
Instance: 10 Fold: 30 of 50 Acc: 91.18% Mean: 90.59% (+/- 5.13%)
Instance: 10 Fold: 31 of 50 Acc: 88.57% Mean: 90.58% (+/- 5.12%)
Instance: 10 Fold: 32 of 50 Acc: 91.43% Mean: 90.58% (+/- 5.12%)
Instance: 10 Fold: 33 of 50 Acc: 88.24% Mean: 90.58% (+/- 5.11%)
Instance: 10 Fold: 34 of 50 Acc: 76.47% Mean: 90.55% (+/- 5.15%)
Instance: 10 Fold: 35 of 50 Acc: 91.18% Mean: 90.55% (+/- 5.14%)
Instance: 10 Fold: 36 of 50 Acc: 94.12% Mean: 90.56% (+/- 5.14%)
Instance: 10 Fold: 37 of 50 Acc: 91.18% Mean: 90.56% (+/- 5.14%)
Instance: 10 Fold: 38 of 50 Acc: 94.12% Mean: 90.57% (+/- 5.13%)
Instance: 10 Fold: 39 of 50 Acc: 91.18% Mean: 90.57% (+/- 5.13%)
Instance: 10 Fold: 40 of 50 Acc: 91.18% Mean: 90.57% (+/- 5.12%)
Instance: 10 Fold: 41 of 50 Acc: 91.43% Mean: 90.57% (+/- 5.12%)
Instance: 10 Fold: 42 of 50 Acc: 85.71% Mean: 90.56% (+/- 5.12%)
Instance: 10 Fold: 43 of 50 Acc: 94.12% Mean: 90.57% (+/- 5.11%)
Instance: 10 Fold: 44 of 50 Acc: 85.29% Mean: 90.56% (+/- 5.11%)
Instance: 10 Fold: 45 of 50 Acc: 94.12% Mean: 90.56% (+/- 5.11%)
Instance: 10 Fold: 46 of 50 Acc: 85.29% Mean: 90.55% (+/- 5.11%)
Instance: 10 Fold: 47 of 50 Acc: 97.06% Mean: 90.57% (+/- 5.12%)
Instance: 10 Fold: 48 of 50 Acc: 91.18% Mean: 90.57% (+/- 5.11%)
Instance: 10 Fold: 49 of 50 Acc: 97.06% Mean: 90.58% (+/- 5.11%)
Instance: 10 Fold: 50 of 50 Acc: 88.24% Mean: 90.58% (+/- 5.11%)
