Machine: DONALD
Date: 20/01/2023 Time: 12:22:29
Config. Number: 11
Alternative Dense Layer: False
Pooling Application Layer: avg
Data Augmentation: False
Data Augmentation Multiplier: 1
Fine Tuning: False
Multi Optimizer: False
Optimizer: Adam
Batch Size: 16
Restore Best Weights: False

Model Type: EfficientNetB7
Fold: 1 of 50 Acc: 80.00% Mean: 80.00% (+/- 0.00%)
Fold: 2 of 50 Acc: 88.57% Mean: 84.29% (+/- 4.29%)
Fold: 3 of 50 Acc: 85.29% Mean: 84.62% (+/- 3.53%)
Fold: 4 of 50 Acc: 94.12% Mean: 87.00% (+/- 5.12%)
Fold: 5 of 50 Acc: 88.24% Mean: 87.24% (+/- 4.61%)
Fold: 6 of 50 Acc: 94.12% Mean: 88.39% (+/- 4.93%)
Fold: 7 of 50 Acc: 88.24% Mean: 88.37% (+/- 4.56%)
Fold: 8 of 50 Acc: 82.35% Mean: 87.62% (+/- 4.71%)
Fold: 9 of 50 Acc: 88.24% Mean: 87.68% (+/- 4.44%)
Fold: 10 of 50 Acc: 85.29% Mean: 87.45% (+/- 4.28%)
Fold: 11 of 50 Acc: 88.57% Mean: 87.55% (+/- 4.09%)
Fold: 12 of 50 Acc: 91.43% Mean: 87.87% (+/- 4.06%)
Fold: 13 of 50 Acc: 88.24% Mean: 87.90% (+/- 3.90%)
Fold: 14 of 50 Acc: 88.24% Mean: 87.92% (+/- 3.76%)
Fold: 15 of 50 Acc: 88.24% Mean: 87.94% (+/- 3.63%)
Fold: 16 of 50 Acc: 85.29% Mean: 87.78% (+/- 3.58%)
Fold: 17 of 50 Acc: 85.29% Mean: 87.63% (+/- 3.52%)
Fold: 18 of 50 Acc: 85.29% Mean: 87.50% (+/- 3.46%)
Fold: 19 of 50 Acc: 85.29% Mean: 87.39% (+/- 3.40%)
Fold: 20 of 50 Acc: 76.47% Mean: 86.84% (+/- 4.08%)
Fold: 21 of 50 Acc: 85.71% Mean: 86.79% (+/- 3.99%)
Fold: 22 of 50 Acc: 85.71% Mean: 86.74% (+/- 3.91%)
Fold: 23 of 50 Acc: 88.24% Mean: 86.80% (+/- 3.83%)
Fold: 24 of 50 Acc: 91.18% Mean: 86.99% (+/- 3.85%)
Fold: 25 of 50 Acc: 94.12% Mean: 87.27% (+/- 4.03%)
Fold: 26 of 50 Acc: 97.06% Mean: 87.65% (+/- 4.37%)
Fold: 27 of 50 Acc: 76.47% Mean: 87.23% (+/- 4.78%)
Fold: 28 of 50 Acc: 85.29% Mean: 87.16% (+/- 4.71%)
Fold: 29 of 50 Acc: 82.35% Mean: 87.00% (+/- 4.71%)
Fold: 30 of 50 Acc: 85.29% Mean: 86.94% (+/- 4.64%)
Fold: 31 of 50 Acc: 85.71% Mean: 86.90% (+/- 4.57%)
Fold: 32 of 50 Acc: 91.43% Mean: 87.04% (+/- 4.57%)
Fold: 33 of 50 Acc: 88.24% Mean: 87.08% (+/- 4.50%)
Fold: 34 of 50 Acc: 73.53% Mean: 86.68% (+/- 4.99%)
Fold: 35 of 50 Acc: 85.29% Mean: 86.64% (+/- 4.93%)
Fold: 36 of 50 Acc: 85.29% Mean: 86.60% (+/- 4.86%)
Fold: 37 of 50 Acc: 79.41% Mean: 86.41% (+/- 4.93%)
Fold: 38 of 50 Acc: 91.18% Mean: 86.53% (+/- 4.93%)
Fold: 39 of 50 Acc: 88.24% Mean: 86.58% (+/- 4.87%)
Fold: 40 of 50 Acc: 100.00% Mean: 86.91% (+/- 5.25%)
Fold: 41 of 50 Acc: 85.71% Mean: 86.88% (+/- 5.19%)
Fold: 42 of 50 Acc: 85.71% Mean: 86.86% (+/- 5.13%)
Fold: 43 of 50 Acc: 94.12% Mean: 87.03% (+/- 5.18%)
Fold: 44 of 50 Acc: 82.35% Mean: 86.92% (+/- 5.17%)
Fold: 45 of 50 Acc: 97.06% Mean: 87.14% (+/- 5.33%)
Fold: 46 of 50 Acc: 85.29% Mean: 87.10% (+/- 5.28%)
Fold: 47 of 50 Acc: 94.12% Mean: 87.25% (+/- 5.32%)
Fold: 48 of 50 Acc: 73.53% Mean: 86.97% (+/- 5.62%)
Fold: 49 of 50 Acc: 91.18% Mean: 87.05% (+/- 5.59%)
Fold: 50 of 50 Acc: 91.18% Mean: 87.14% (+/- 5.56%)
