Machine: SNOOPY
Date: 12/02/2023 Time: 11:25:14
Config. Number: 8
Alternative Dense Layer: False
Pooling Application Layer: avg
Data Augmentation: False
Data Augmentation Multiplier: 1
Fine Tuning: False
Multi Optimizer: False
Optimizer: RMSprop
Batch Size: 16
Restore Best Weights: False

Model Type: Xception
Fold: 1 of 50 Acc: 80.00% Mean: 80.00% (+/- 0.00%)
Fold: 2 of 50 Acc: 85.71% Mean: 82.86% (+/- 2.86%)
Fold: 3 of 50 Acc: 82.35% Mean: 82.69% (+/- 2.34%)
Fold: 4 of 50 Acc: 94.12% Mean: 85.55% (+/- 5.35%)
Fold: 5 of 50 Acc: 85.29% Mean: 85.50% (+/- 4.79%)
Fold: 6 of 50 Acc: 91.18% Mean: 86.44% (+/- 4.85%)
Fold: 7 of 50 Acc: 88.24% Mean: 86.70% (+/- 4.54%)
Fold: 8 of 50 Acc: 79.41% Mean: 85.79% (+/- 4.88%)
Fold: 9 of 50 Acc: 94.12% Mean: 86.71% (+/- 5.29%)
Fold: 10 of 50 Acc: 85.29% Mean: 86.57% (+/- 5.04%)
Fold: 11 of 50 Acc: 91.43% Mean: 87.01% (+/- 5.01%)
Fold: 12 of 50 Acc: 91.43% Mean: 87.38% (+/- 4.94%)
Fold: 13 of 50 Acc: 82.35% Mean: 86.99% (+/- 4.94%)
Fold: 14 of 50 Acc: 94.12% Mean: 87.50% (+/- 5.10%)
Fold: 15 of 50 Acc: 85.29% Mean: 87.36% (+/- 4.96%)
Fold: 16 of 50 Acc: 85.29% Mean: 87.23% (+/- 4.82%)
Fold: 17 of 50 Acc: 91.18% Mean: 87.46% (+/- 4.77%)
Fold: 18 of 50 Acc: 82.35% Mean: 87.18% (+/- 4.78%)
Fold: 19 of 50 Acc: 88.24% Mean: 87.23% (+/- 4.66%)
Fold: 20 of 50 Acc: 85.29% Mean: 87.13% (+/- 4.56%)
Fold: 21 of 50 Acc: 88.57% Mean: 87.20% (+/- 4.46%)
Fold: 22 of 50 Acc: 82.86% Mean: 87.01% (+/- 4.45%)
Fold: 23 of 50 Acc: 88.24% Mean: 87.06% (+/- 4.36%)
Fold: 24 of 50 Acc: 85.29% Mean: 86.99% (+/- 4.29%)
Fold: 25 of 50 Acc: 91.18% Mean: 87.15% (+/- 4.28%)
Fold: 26 of 50 Acc: 91.18% Mean: 87.31% (+/- 4.27%)
Fold: 27 of 50 Acc: 85.29% Mean: 87.23% (+/- 4.20%)
Fold: 28 of 50 Acc: 91.18% Mean: 87.37% (+/- 4.19%)
Fold: 29 of 50 Acc: 82.35% Mean: 87.20% (+/- 4.22%)
Fold: 30 of 50 Acc: 88.24% Mean: 87.24% (+/- 4.15%)
Fold: 31 of 50 Acc: 82.86% Mean: 87.09% (+/- 4.16%)
Fold: 32 of 50 Acc: 91.43% Mean: 87.23% (+/- 4.16%)
Fold: 33 of 50 Acc: 85.29% Mean: 87.17% (+/- 4.11%)
Fold: 34 of 50 Acc: 82.35% Mean: 87.03% (+/- 4.13%)
Fold: 35 of 50 Acc: 85.29% Mean: 86.98% (+/- 4.08%)
Fold: 36 of 50 Acc: 88.24% Mean: 87.01% (+/- 4.03%)
Fold: 37 of 50 Acc: 79.41% Mean: 86.81% (+/- 4.16%)
Fold: 38 of 50 Acc: 94.12% Mean: 87.00% (+/- 4.27%)
Fold: 39 of 50 Acc: 85.29% Mean: 86.96% (+/- 4.22%)
Fold: 40 of 50 Acc: 97.06% Mean: 87.21% (+/- 4.46%)
Fold: 41 of 50 Acc: 80.00% Mean: 87.03% (+/- 4.54%)
Fold: 42 of 50 Acc: 94.29% Mean: 87.21% (+/- 4.62%)
Fold: 43 of 50 Acc: 85.29% Mean: 87.16% (+/- 4.58%)
Fold: 44 of 50 Acc: 88.24% Mean: 87.19% (+/- 4.53%)
Fold: 45 of 50 Acc: 88.24% Mean: 87.21% (+/- 4.48%)
Fold: 46 of 50 Acc: 88.24% Mean: 87.23% (+/- 4.43%)
Fold: 47 of 50 Acc: 91.18% Mean: 87.32% (+/- 4.42%)
Fold: 48 of 50 Acc: 91.18% Mean: 87.40% (+/- 4.41%)
Fold: 49 of 50 Acc: 82.35% Mean: 87.29% (+/- 4.42%)
Fold: 50 of 50 Acc: 97.06% Mean: 87.49% (+/- 4.59%)
Model Type: VGG16
Fold: 1 of 50 Acc: 85.71% Mean: 85.71% (+/- 0.00%)
Fold: 2 of 50 Acc: 82.86% Mean: 84.29% (+/- 1.43%)
Fold: 3 of 50 Acc: 82.35% Mean: 83.64% (+/- 1.48%)
Fold: 4 of 50 Acc: 88.24% Mean: 84.79% (+/- 2.37%)
Fold: 5 of 50 Acc: 79.41% Mean: 83.71% (+/- 3.02%)
Fold: 6 of 50 Acc: 76.47% Mean: 82.51% (+/- 3.86%)
Fold: 7 of 50 Acc: 79.41% Mean: 82.06% (+/- 3.73%)
Fold: 8 of 50 Acc: 79.41% Mean: 81.73% (+/- 3.60%)
Fold: 9 of 50 Acc: 76.47% Mean: 81.15% (+/- 3.77%)
Fold: 10 of 50 Acc: 79.41% Mean: 80.97% (+/- 3.62%)
Fold: 11 of 50 Acc: 80.00% Mean: 80.89% (+/- 3.46%)
Fold: 12 of 50 Acc: 85.71% Mean: 81.29% (+/- 3.57%)
Fold: 13 of 50 Acc: 82.35% Mean: 81.37% (+/- 3.44%)
Fold: 14 of 50 Acc: 94.12% Mean: 82.28% (+/- 4.67%)
Fold: 15 of 50 Acc: 85.29% Mean: 82.48% (+/- 4.57%)
Fold: 16 of 50 Acc: 76.47% Mean: 82.11% (+/- 4.66%)
Fold: 17 of 50 Acc: 82.35% Mean: 82.12% (+/- 4.52%)
Fold: 18 of 50 Acc: 79.41% Mean: 81.97% (+/- 4.44%)
Fold: 19 of 50 Acc: 85.29% Mean: 82.15% (+/- 4.38%)
Fold: 20 of 50 Acc: 88.24% Mean: 82.45% (+/- 4.47%)
Fold: 21 of 50 Acc: 85.71% Mean: 82.61% (+/- 4.42%)
Fold: 22 of 50 Acc: 80.00% Mean: 82.49% (+/- 4.35%)
Fold: 23 of 50 Acc: 76.47% Mean: 82.23% (+/- 4.43%)
Fold: 24 of 50 Acc: 94.12% Mean: 82.72% (+/- 4.95%)
Fold: 25 of 50 Acc: 82.35% Mean: 82.71% (+/- 4.85%)
Fold: 26 of 50 Acc: 82.35% Mean: 82.69% (+/- 4.75%)
Fold: 27 of 50 Acc: 79.41% Mean: 82.57% (+/- 4.70%)
Fold: 28 of 50 Acc: 85.29% Mean: 82.67% (+/- 4.65%)
Fold: 29 of 50 Acc: 79.41% Mean: 82.56% (+/- 4.60%)
Fold: 30 of 50 Acc: 82.35% Mean: 82.55% (+/- 4.53%)
Fold: 31 of 50 Acc: 74.29% Mean: 82.28% (+/- 4.69%)
Fold: 32 of 50 Acc: 91.43% Mean: 82.57% (+/- 4.88%)
Fold: 33 of 50 Acc: 88.24% Mean: 82.74% (+/- 4.90%)
Fold: 34 of 50 Acc: 73.53% Mean: 82.47% (+/- 5.07%)
Fold: 35 of 50 Acc: 82.35% Mean: 82.47% (+/- 5.00%)
Fold: 36 of 50 Acc: 88.24% Mean: 82.63% (+/- 5.02%)
Fold: 37 of 50 Acc: 79.41% Mean: 82.54% (+/- 4.98%)
Fold: 38 of 50 Acc: 91.18% Mean: 82.77% (+/- 5.11%)
Fold: 39 of 50 Acc: 82.35% Mean: 82.76% (+/- 5.04%)
Fold: 40 of 50 Acc: 88.24% Mean: 82.89% (+/- 5.05%)
Fold: 41 of 50 Acc: 85.71% Mean: 82.96% (+/- 5.01%)
Fold: 42 of 50 Acc: 80.00% Mean: 82.89% (+/- 4.97%)
Fold: 43 of 50 Acc: 82.35% Mean: 82.88% (+/- 4.91%)
Fold: 44 of 50 Acc: 82.35% Mean: 82.87% (+/- 4.85%)
Fold: 45 of 50 Acc: 85.29% Mean: 82.92% (+/- 4.81%)
Fold: 46 of 50 Acc: 79.41% Mean: 82.84% (+/- 4.79%)
Fold: 47 of 50 Acc: 88.24% Mean: 82.96% (+/- 4.80%)
Fold: 48 of 50 Acc: 67.65% Mean: 82.64% (+/- 5.23%)
Fold: 49 of 50 Acc: 82.35% Mean: 82.63% (+/- 5.18%)
Fold: 50 of 50 Acc: 82.35% Mean: 82.63% (+/- 5.12%)
Model Type: VGG19
Fold: 1 of 50 Acc: 80.00% Mean: 80.00% (+/- 0.00%)
Fold: 2 of 50 Acc: 88.57% Mean: 84.29% (+/- 4.29%)
Fold: 3 of 50 Acc: 85.29% Mean: 84.62% (+/- 3.53%)
Fold: 4 of 50 Acc: 79.41% Mean: 83.32% (+/- 3.80%)
Fold: 5 of 50 Acc: 82.35% Mean: 83.13% (+/- 3.42%)
Fold: 6 of 50 Acc: 85.29% Mean: 83.49% (+/- 3.23%)
Fold: 7 of 50 Acc: 70.59% Mean: 81.64% (+/- 5.41%)
Fold: 8 of 50 Acc: 70.59% Mean: 80.26% (+/- 6.25%)
Fold: 9 of 50 Acc: 82.35% Mean: 80.49% (+/- 5.92%)
Fold: 10 of 50 Acc: 79.41% Mean: 80.39% (+/- 5.63%)
Fold: 11 of 50 Acc: 85.71% Mean: 80.87% (+/- 5.58%)
Fold: 12 of 50 Acc: 88.57% Mean: 81.51% (+/- 5.75%)
Fold: 13 of 50 Acc: 88.24% Mean: 82.03% (+/- 5.81%)
Fold: 14 of 50 Acc: 97.06% Mean: 83.10% (+/- 6.81%)
Fold: 15 of 50 Acc: 79.41% Mean: 82.86% (+/- 6.64%)
Fold: 16 of 50 Acc: 85.29% Mean: 83.01% (+/- 6.46%)
Fold: 17 of 50 Acc: 79.41% Mean: 82.80% (+/- 6.32%)
Fold: 18 of 50 Acc: 85.29% Mean: 82.94% (+/- 6.17%)
Fold: 19 of 50 Acc: 82.35% Mean: 82.91% (+/- 6.01%)
Fold: 20 of 50 Acc: 79.41% Mean: 82.73% (+/- 5.90%)
Fold: 21 of 50 Acc: 88.57% Mean: 83.01% (+/- 5.89%)
Fold: 22 of 50 Acc: 85.71% Mean: 83.13% (+/- 5.79%)
Fold: 23 of 50 Acc: 76.47% Mean: 82.84% (+/- 5.82%)
Fold: 24 of 50 Acc: 88.24% Mean: 83.07% (+/- 5.80%)
Fold: 25 of 50 Acc: 79.41% Mean: 82.92% (+/- 5.73%)
Fold: 26 of 50 Acc: 88.24% Mean: 83.13% (+/- 5.71%)
Fold: 27 of 50 Acc: 76.47% Mean: 82.88% (+/- 5.74%)
Fold: 28 of 50 Acc: 79.41% Mean: 82.76% (+/- 5.67%)
Fold: 29 of 50 Acc: 82.35% Mean: 82.74% (+/- 5.57%)
Fold: 30 of 50 Acc: 79.41% Mean: 82.63% (+/- 5.51%)
Fold: 31 of 50 Acc: 74.29% Mean: 82.36% (+/- 5.62%)
Fold: 32 of 50 Acc: 82.86% Mean: 82.38% (+/- 5.53%)
Fold: 33 of 50 Acc: 88.24% Mean: 82.55% (+/- 5.54%)
Fold: 34 of 50 Acc: 73.53% Mean: 82.29% (+/- 5.67%)
Fold: 35 of 50 Acc: 82.35% Mean: 82.29% (+/- 5.58%)
Fold: 36 of 50 Acc: 88.24% Mean: 82.46% (+/- 5.59%)
Fold: 37 of 50 Acc: 76.47% Mean: 82.29% (+/- 5.60%)
Fold: 38 of 50 Acc: 91.18% Mean: 82.53% (+/- 5.71%)
Fold: 39 of 50 Acc: 85.29% Mean: 82.60% (+/- 5.65%)
Fold: 40 of 50 Acc: 85.29% Mean: 82.67% (+/- 5.60%)
Fold: 41 of 50 Acc: 80.00% Mean: 82.60% (+/- 5.54%)
Fold: 42 of 50 Acc: 74.29% Mean: 82.40% (+/- 5.62%)
Fold: 43 of 50 Acc: 82.35% Mean: 82.40% (+/- 5.55%)
Fold: 44 of 50 Acc: 88.24% Mean: 82.53% (+/- 5.56%)
Fold: 45 of 50 Acc: 85.29% Mean: 82.60% (+/- 5.51%)
Fold: 46 of 50 Acc: 82.35% Mean: 82.59% (+/- 5.45%)
Fold: 47 of 50 Acc: 85.29% Mean: 82.65% (+/- 5.41%)
Fold: 48 of 50 Acc: 70.59% Mean: 82.40% (+/- 5.62%)
Fold: 49 of 50 Acc: 85.29% Mean: 82.46% (+/- 5.58%)
Fold: 50 of 50 Acc: 91.18% Mean: 82.63% (+/- 5.66%)
Model Type: ResNet50
Fold: 1 of 50 Acc: 85.71% Mean: 85.71% (+/- 0.00%)
Fold: 2 of 50 Acc: 97.14% Mean: 91.43% (+/- 5.71%)
Fold: 3 of 50 Acc: 91.18% Mean: 91.34% (+/- 4.67%)
Fold: 4 of 50 Acc: 85.29% Mean: 89.83% (+/- 4.82%)
Fold: 5 of 50 Acc: 88.24% Mean: 89.51% (+/- 4.36%)
Fold: 6 of 50 Acc: 88.24% Mean: 89.30% (+/- 4.00%)
Fold: 7 of 50 Acc: 85.29% Mean: 88.73% (+/- 3.96%)
Fold: 8 of 50 Acc: 85.29% Mean: 88.30% (+/- 3.88%)
Fold: 9 of 50 Acc: 88.24% Mean: 88.29% (+/- 3.66%)
Fold: 10 of 50 Acc: 82.35% Mean: 87.70% (+/- 3.90%)
Fold: 11 of 50 Acc: 91.43% Mean: 88.04% (+/- 3.87%)
Fold: 12 of 50 Acc: 91.43% Mean: 88.32% (+/- 3.82%)
Fold: 13 of 50 Acc: 94.12% Mean: 88.77% (+/- 3.98%)
Fold: 14 of 50 Acc: 94.12% Mean: 89.15% (+/- 4.08%)
Fold: 15 of 50 Acc: 85.29% Mean: 88.89% (+/- 4.06%)
Fold: 16 of 50 Acc: 91.18% Mean: 89.03% (+/- 3.97%)
Fold: 17 of 50 Acc: 91.18% Mean: 89.16% (+/- 3.88%)
Fold: 18 of 50 Acc: 91.18% Mean: 89.27% (+/- 3.80%)
Fold: 19 of 50 Acc: 85.29% Mean: 89.06% (+/- 3.80%)
Fold: 20 of 50 Acc: 82.35% Mean: 88.73% (+/- 3.98%)
Fold: 21 of 50 Acc: 85.71% Mean: 88.58% (+/- 3.94%)
Fold: 22 of 50 Acc: 91.43% Mean: 88.71% (+/- 3.90%)
Fold: 23 of 50 Acc: 88.24% Mean: 88.69% (+/- 3.81%)
Fold: 24 of 50 Acc: 94.12% Mean: 88.92% (+/- 3.89%)
Fold: 25 of 50 Acc: 94.12% Mean: 89.13% (+/- 3.94%)
Fold: 26 of 50 Acc: 91.18% Mean: 89.20% (+/- 3.88%)
Fold: 27 of 50 Acc: 88.24% Mean: 89.17% (+/- 3.82%)
Fold: 28 of 50 Acc: 94.12% Mean: 89.35% (+/- 3.86%)
Fold: 29 of 50 Acc: 94.12% Mean: 89.51% (+/- 3.89%)
Fold: 30 of 50 Acc: 88.24% Mean: 89.47% (+/- 3.83%)
Fold: 31 of 50 Acc: 88.57% Mean: 89.44% (+/- 3.77%)
Fold: 32 of 50 Acc: 91.43% Mean: 89.50% (+/- 3.73%)
Fold: 33 of 50 Acc: 82.35% Mean: 89.28% (+/- 3.87%)
Fold: 34 of 50 Acc: 76.47% Mean: 88.91% (+/- 4.39%)
Fold: 35 of 50 Acc: 88.24% Mean: 88.89% (+/- 4.32%)
Fold: 36 of 50 Acc: 91.18% Mean: 88.95% (+/- 4.28%)
Fold: 37 of 50 Acc: 88.24% Mean: 88.93% (+/- 4.22%)
Fold: 38 of 50 Acc: 94.12% Mean: 89.07% (+/- 4.25%)
Fold: 39 of 50 Acc: 97.06% Mean: 89.27% (+/- 4.38%)
Fold: 40 of 50 Acc: 94.12% Mean: 89.39% (+/- 4.39%)
Fold: 41 of 50 Acc: 88.57% Mean: 89.37% (+/- 4.34%)
Fold: 42 of 50 Acc: 88.57% Mean: 89.36% (+/- 4.29%)
Fold: 43 of 50 Acc: 97.06% Mean: 89.53% (+/- 4.39%)
Fold: 44 of 50 Acc: 85.29% Mean: 89.44% (+/- 4.39%)
Fold: 45 of 50 Acc: 94.12% Mean: 89.54% (+/- 4.40%)
Fold: 46 of 50 Acc: 94.12% Mean: 89.64% (+/- 4.40%)
Fold: 47 of 50 Acc: 97.06% Mean: 89.80% (+/- 4.48%)
Fold: 48 of 50 Acc: 82.35% Mean: 89.64% (+/- 4.56%)
Fold: 49 of 50 Acc: 91.18% Mean: 89.68% (+/- 4.52%)
Fold: 50 of 50 Acc: 79.41% Mean: 89.47% (+/- 4.70%)
Model Type: ResNet101
Fold: 1 of 50 Acc: 85.71% Mean: 85.71% (+/- 0.00%)
Fold: 2 of 50 Acc: 97.14% Mean: 91.43% (+/- 5.71%)
Fold: 3 of 50 Acc: 94.12% Mean: 92.32% (+/- 4.83%)
Fold: 4 of 50 Acc: 94.12% Mean: 92.77% (+/- 4.26%)
Fold: 5 of 50 Acc: 88.24% Mean: 91.87% (+/- 4.22%)
Fold: 6 of 50 Acc: 88.24% Mean: 91.26% (+/- 4.08%)
Fold: 7 of 50 Acc: 79.41% Mean: 89.57% (+/- 5.61%)
Fold: 8 of 50 Acc: 88.24% Mean: 89.40% (+/- 5.27%)
Fold: 9 of 50 Acc: 85.29% Mean: 88.94% (+/- 5.13%)
Fold: 10 of 50 Acc: 88.24% Mean: 88.87% (+/- 4.87%)
Fold: 11 of 50 Acc: 85.71% Mean: 88.59% (+/- 4.73%)
Fold: 12 of 50 Acc: 91.43% Mean: 88.82% (+/- 4.60%)
Fold: 13 of 50 Acc: 91.18% Mean: 89.00% (+/- 4.46%)
Fold: 14 of 50 Acc: 100.00% Mean: 89.79% (+/- 5.15%)
Fold: 15 of 50 Acc: 85.29% Mean: 89.49% (+/- 5.10%)
Fold: 16 of 50 Acc: 79.41% Mean: 88.86% (+/- 5.51%)
Fold: 17 of 50 Acc: 94.12% Mean: 89.17% (+/- 5.48%)
Fold: 18 of 50 Acc: 88.24% Mean: 89.12% (+/- 5.33%)
Fold: 19 of 50 Acc: 85.29% Mean: 88.92% (+/- 5.26%)
Fold: 20 of 50 Acc: 94.12% Mean: 89.18% (+/- 5.25%)
Fold: 21 of 50 Acc: 85.71% Mean: 89.01% (+/- 5.18%)
Fold: 22 of 50 Acc: 85.71% Mean: 88.86% (+/- 5.11%)
Fold: 23 of 50 Acc: 91.18% Mean: 88.96% (+/- 5.02%)
Fold: 24 of 50 Acc: 88.24% Mean: 88.93% (+/- 4.91%)
Fold: 25 of 50 Acc: 91.18% Mean: 89.02% (+/- 4.83%)
Fold: 26 of 50 Acc: 91.18% Mean: 89.10% (+/- 4.76%)
Fold: 27 of 50 Acc: 82.35% Mean: 88.85% (+/- 4.84%)
Fold: 28 of 50 Acc: 100.00% Mean: 89.25% (+/- 5.18%)
Fold: 29 of 50 Acc: 94.12% Mean: 89.42% (+/- 5.17%)
Fold: 30 of 50 Acc: 79.41% Mean: 89.09% (+/- 5.39%)
Fold: 31 of 50 Acc: 85.71% Mean: 88.98% (+/- 5.34%)
Fold: 32 of 50 Acc: 94.29% Mean: 89.14% (+/- 5.33%)
Fold: 33 of 50 Acc: 94.12% Mean: 89.29% (+/- 5.32%)
Fold: 34 of 50 Acc: 70.59% Mean: 88.74% (+/- 6.12%)
Fold: 35 of 50 Acc: 85.29% Mean: 88.65% (+/- 6.06%)
Fold: 36 of 50 Acc: 94.12% Mean: 88.80% (+/- 6.04%)
Fold: 37 of 50 Acc: 85.29% Mean: 88.70% (+/- 5.99%)
Fold: 38 of 50 Acc: 94.12% Mean: 88.85% (+/- 5.97%)
Fold: 39 of 50 Acc: 97.06% Mean: 89.06% (+/- 6.04%)
Fold: 40 of 50 Acc: 94.12% Mean: 89.18% (+/- 6.01%)
Fold: 41 of 50 Acc: 82.86% Mean: 89.03% (+/- 6.02%)
Fold: 42 of 50 Acc: 88.57% Mean: 89.02% (+/- 5.95%)
Fold: 43 of 50 Acc: 94.12% Mean: 89.14% (+/- 5.93%)
Fold: 44 of 50 Acc: 82.35% Mean: 88.98% (+/- 5.95%)
Fold: 45 of 50 Acc: 97.06% Mean: 89.16% (+/- 6.00%)
Fold: 46 of 50 Acc: 94.12% Mean: 89.27% (+/- 5.98%)
Fold: 47 of 50 Acc: 94.12% Mean: 89.37% (+/- 5.95%)
Fold: 48 of 50 Acc: 82.35% Mean: 89.23% (+/- 5.98%)
Fold: 49 of 50 Acc: 91.18% Mean: 89.27% (+/- 5.92%)
Fold: 50 of 50 Acc: 88.24% Mean: 89.25% (+/- 5.86%)
Model Type: ResNet152
Fold: 1 of 50 Acc: 82.86% Mean: 82.86% (+/- 0.00%)
Fold: 2 of 50 Acc: 97.14% Mean: 90.00% (+/- 7.14%)
Fold: 3 of 50 Acc: 97.06% Mean: 92.35% (+/- 6.71%)
Fold: 4 of 50 Acc: 88.24% Mean: 91.32% (+/- 6.08%)
Fold: 5 of 50 Acc: 91.18% Mean: 91.29% (+/- 5.44%)
Fold: 6 of 50 Acc: 82.35% Mean: 89.80% (+/- 5.98%)
Fold: 7 of 50 Acc: 85.29% Mean: 89.16% (+/- 5.76%)
Fold: 8 of 50 Acc: 82.35% Mean: 88.31% (+/- 5.84%)
Fold: 9 of 50 Acc: 85.29% Mean: 87.97% (+/- 5.58%)
Fold: 10 of 50 Acc: 85.29% Mean: 87.71% (+/- 5.36%)
Fold: 11 of 50 Acc: 85.71% Mean: 87.52% (+/- 5.14%)
Fold: 12 of 50 Acc: 80.00% Mean: 86.90% (+/- 5.34%)
Fold: 13 of 50 Acc: 91.18% Mean: 87.23% (+/- 5.26%)
Fold: 14 of 50 Acc: 97.06% Mean: 87.93% (+/- 5.67%)
Fold: 15 of 50 Acc: 88.24% Mean: 87.95% (+/- 5.47%)
Fold: 16 of 50 Acc: 79.41% Mean: 87.42% (+/- 5.69%)
Fold: 17 of 50 Acc: 85.29% Mean: 87.29% (+/- 5.54%)
Fold: 18 of 50 Acc: 88.24% Mean: 87.34% (+/- 5.39%)
Fold: 19 of 50 Acc: 91.18% Mean: 87.55% (+/- 5.31%)
Fold: 20 of 50 Acc: 82.35% Mean: 87.29% (+/- 5.30%)
Fold: 21 of 50 Acc: 85.71% Mean: 87.21% (+/- 5.19%)
Fold: 22 of 50 Acc: 91.43% Mean: 87.40% (+/- 5.14%)
Fold: 23 of 50 Acc: 88.24% Mean: 87.44% (+/- 5.03%)
Fold: 24 of 50 Acc: 91.18% Mean: 87.59% (+/- 4.98%)
Fold: 25 of 50 Acc: 85.29% Mean: 87.50% (+/- 4.90%)
Fold: 26 of 50 Acc: 94.12% Mean: 87.76% (+/- 4.97%)
Fold: 27 of 50 Acc: 88.24% Mean: 87.77% (+/- 4.88%)
Fold: 28 of 50 Acc: 91.18% Mean: 87.90% (+/- 4.83%)
Fold: 29 of 50 Acc: 94.12% Mean: 88.11% (+/- 4.88%)
Fold: 30 of 50 Acc: 76.47% Mean: 87.72% (+/- 5.24%)
Fold: 31 of 50 Acc: 77.14% Mean: 87.38% (+/- 5.48%)
Fold: 32 of 50 Acc: 88.57% Mean: 87.42% (+/- 5.40%)
Fold: 33 of 50 Acc: 88.24% Mean: 87.44% (+/- 5.32%)
Fold: 34 of 50 Acc: 73.53% Mean: 87.03% (+/- 5.74%)
Fold: 35 of 50 Acc: 88.24% Mean: 87.07% (+/- 5.66%)
Fold: 36 of 50 Acc: 85.29% Mean: 87.02% (+/- 5.59%)
Fold: 37 of 50 Acc: 85.29% Mean: 86.97% (+/- 5.52%)
Fold: 38 of 50 Acc: 94.12% Mean: 87.16% (+/- 5.57%)
Fold: 39 of 50 Acc: 91.18% Mean: 87.26% (+/- 5.53%)
Fold: 40 of 50 Acc: 85.29% Mean: 87.21% (+/- 5.47%)
Fold: 41 of 50 Acc: 88.57% Mean: 87.25% (+/- 5.41%)
Fold: 42 of 50 Acc: 91.43% Mean: 87.35% (+/- 5.38%)
Fold: 43 of 50 Acc: 88.24% Mean: 87.37% (+/- 5.32%)
Fold: 44 of 50 Acc: 85.29% Mean: 87.32% (+/- 5.27%)
Fold: 45 of 50 Acc: 91.18% Mean: 87.41% (+/- 5.24%)
Fold: 46 of 50 Acc: 94.12% Mean: 87.55% (+/- 5.27%)
Fold: 47 of 50 Acc: 94.12% Mean: 87.69% (+/- 5.30%)
Fold: 48 of 50 Acc: 82.35% Mean: 87.58% (+/- 5.30%)
Fold: 49 of 50 Acc: 85.29% Mean: 87.53% (+/- 5.26%)
Fold: 50 of 50 Acc: 88.24% Mean: 87.55% (+/- 5.21%)
Model Type: ResNet50V2
Fold: 1 of 50 Acc: 82.86% Mean: 82.86% (+/- 0.00%)
Fold: 2 of 50 Acc: 82.86% Mean: 82.86% (+/- 0.00%)
Fold: 3 of 50 Acc: 88.24% Mean: 84.65% (+/- 2.54%)
Fold: 4 of 50 Acc: 91.18% Mean: 86.28% (+/- 3.58%)
Fold: 5 of 50 Acc: 88.24% Mean: 86.67% (+/- 3.29%)
Fold: 6 of 50 Acc: 85.29% Mean: 86.44% (+/- 3.05%)
Fold: 7 of 50 Acc: 85.29% Mean: 86.28% (+/- 2.85%)
Fold: 8 of 50 Acc: 88.24% Mean: 86.52% (+/- 2.75%)
Fold: 9 of 50 Acc: 82.35% Mean: 86.06% (+/- 2.90%)
Fold: 10 of 50 Acc: 79.41% Mean: 85.39% (+/- 3.40%)
Fold: 11 of 50 Acc: 85.71% Mean: 85.42% (+/- 3.24%)
Fold: 12 of 50 Acc: 80.00% Mean: 84.97% (+/- 3.45%)
Fold: 13 of 50 Acc: 85.29% Mean: 85.00% (+/- 3.31%)
Fold: 14 of 50 Acc: 94.12% Mean: 85.65% (+/- 3.96%)
Fold: 15 of 50 Acc: 85.29% Mean: 85.62% (+/- 3.83%)
Fold: 16 of 50 Acc: 82.35% Mean: 85.42% (+/- 3.79%)
Fold: 17 of 50 Acc: 82.35% Mean: 85.24% (+/- 3.75%)
Fold: 18 of 50 Acc: 82.35% Mean: 85.08% (+/- 3.70%)
Fold: 19 of 50 Acc: 88.24% Mean: 85.25% (+/- 3.67%)
Fold: 20 of 50 Acc: 88.24% Mean: 85.39% (+/- 3.64%)
Fold: 21 of 50 Acc: 74.29% Mean: 84.87% (+/- 4.27%)
Fold: 22 of 50 Acc: 82.86% Mean: 84.77% (+/- 4.19%)
Fold: 23 of 50 Acc: 88.24% Mean: 84.93% (+/- 4.16%)
Fold: 24 of 50 Acc: 82.35% Mean: 84.82% (+/- 4.10%)
Fold: 25 of 50 Acc: 82.35% Mean: 84.72% (+/- 4.05%)
Fold: 26 of 50 Acc: 94.12% Mean: 85.08% (+/- 4.36%)
Fold: 27 of 50 Acc: 76.47% Mean: 84.76% (+/- 4.58%)
Fold: 28 of 50 Acc: 91.18% Mean: 84.99% (+/- 4.65%)
Fold: 29 of 50 Acc: 88.24% Mean: 85.10% (+/- 4.61%)
Fold: 30 of 50 Acc: 82.35% Mean: 85.01% (+/- 4.56%)
Fold: 31 of 50 Acc: 85.71% Mean: 85.03% (+/- 4.49%)
Fold: 32 of 50 Acc: 91.43% Mean: 85.23% (+/- 4.55%)
Fold: 33 of 50 Acc: 88.24% Mean: 85.32% (+/- 4.51%)
Fold: 34 of 50 Acc: 76.47% Mean: 85.06% (+/- 4.69%)
Fold: 35 of 50 Acc: 91.18% Mean: 85.24% (+/- 4.73%)
Fold: 36 of 50 Acc: 88.24% Mean: 85.32% (+/- 4.69%)
Fold: 37 of 50 Acc: 82.35% Mean: 85.24% (+/- 4.66%)
Fold: 38 of 50 Acc: 91.18% Mean: 85.40% (+/- 4.69%)
Fold: 39 of 50 Acc: 88.24% Mean: 85.47% (+/- 4.65%)
Fold: 40 of 50 Acc: 85.29% Mean: 85.47% (+/- 4.59%)
Fold: 41 of 50 Acc: 82.86% Mean: 85.40% (+/- 4.55%)
Fold: 42 of 50 Acc: 85.71% Mean: 85.41% (+/- 4.50%)
Fold: 43 of 50 Acc: 85.29% Mean: 85.41% (+/- 4.45%)
Fold: 44 of 50 Acc: 85.29% Mean: 85.40% (+/- 4.40%)
Fold: 45 of 50 Acc: 82.35% Mean: 85.34% (+/- 4.37%)
Fold: 46 of 50 Acc: 85.29% Mean: 85.34% (+/- 4.32%)
Fold: 47 of 50 Acc: 85.29% Mean: 85.34% (+/- 4.28%)
Fold: 48 of 50 Acc: 91.18% Mean: 85.46% (+/- 4.31%)
Fold: 49 of 50 Acc: 88.24% Mean: 85.51% (+/- 4.29%)
Fold: 50 of 50 Acc: 79.41% Mean: 85.39% (+/- 4.33%)
Model Type: ResNet101V2
Fold: 1 of 50 Acc: 91.43% Mean: 91.43% (+/- 0.00%)
Fold: 2 of 50 Acc: 85.71% Mean: 88.57% (+/- 2.86%)
Fold: 3 of 50 Acc: 91.18% Mean: 89.44% (+/- 2.64%)
Fold: 4 of 50 Acc: 97.06% Mean: 91.34% (+/- 4.01%)
Fold: 5 of 50 Acc: 88.24% Mean: 90.72% (+/- 3.80%)
Fold: 6 of 50 Acc: 85.29% Mean: 89.82% (+/- 4.01%)
Fold: 7 of 50 Acc: 79.41% Mean: 88.33% (+/- 5.20%)
Fold: 8 of 50 Acc: 88.24% Mean: 88.32% (+/- 4.87%)
Fold: 9 of 50 Acc: 91.18% Mean: 88.64% (+/- 4.68%)
Fold: 10 of 50 Acc: 85.29% Mean: 88.30% (+/- 4.55%)
Fold: 11 of 50 Acc: 91.43% Mean: 88.59% (+/- 4.43%)
Fold: 12 of 50 Acc: 80.00% Mean: 87.87% (+/- 4.86%)
Fold: 13 of 50 Acc: 85.29% Mean: 87.67% (+/- 4.72%)
Fold: 14 of 50 Acc: 94.12% Mean: 88.13% (+/- 4.84%)
Fold: 15 of 50 Acc: 97.06% Mean: 88.73% (+/- 5.18%)
Fold: 16 of 50 Acc: 76.47% Mean: 87.96% (+/- 5.83%)
Fold: 17 of 50 Acc: 82.35% Mean: 87.63% (+/- 5.80%)
Fold: 18 of 50 Acc: 88.24% Mean: 87.67% (+/- 5.64%)
Fold: 19 of 50 Acc: 94.12% Mean: 88.01% (+/- 5.68%)
Fold: 20 of 50 Acc: 82.35% Mean: 87.72% (+/- 5.67%)
Fold: 21 of 50 Acc: 82.86% Mean: 87.49% (+/- 5.63%)
Fold: 22 of 50 Acc: 91.43% Mean: 87.67% (+/- 5.56%)
Fold: 23 of 50 Acc: 94.12% Mean: 87.95% (+/- 5.60%)
Fold: 24 of 50 Acc: 88.24% Mean: 87.96% (+/- 5.48%)
Fold: 25 of 50 Acc: 91.18% Mean: 88.09% (+/- 5.40%)
Fold: 26 of 50 Acc: 85.29% Mean: 87.98% (+/- 5.33%)
Fold: 27 of 50 Acc: 82.35% Mean: 87.77% (+/- 5.33%)
Fold: 28 of 50 Acc: 94.12% Mean: 88.00% (+/- 5.37%)
Fold: 29 of 50 Acc: 88.24% Mean: 88.01% (+/- 5.28%)
Fold: 30 of 50 Acc: 85.29% Mean: 87.92% (+/- 5.21%)
Fold: 31 of 50 Acc: 77.14% Mean: 87.57% (+/- 5.47%)
Fold: 32 of 50 Acc: 100.00% Mean: 87.96% (+/- 5.80%)
Fold: 33 of 50 Acc: 94.12% Mean: 88.15% (+/- 5.81%)
Fold: 34 of 50 Acc: 76.47% Mean: 87.80% (+/- 6.05%)
Fold: 35 of 50 Acc: 85.29% Mean: 87.73% (+/- 5.98%)
Fold: 36 of 50 Acc: 94.12% Mean: 87.91% (+/- 5.99%)
Fold: 37 of 50 Acc: 85.29% Mean: 87.84% (+/- 5.92%)
Fold: 38 of 50 Acc: 97.06% Mean: 88.08% (+/- 6.03%)
Fold: 39 of 50 Acc: 88.24% Mean: 88.08% (+/- 5.95%)
Fold: 40 of 50 Acc: 85.29% Mean: 88.01% (+/- 5.89%)
Fold: 41 of 50 Acc: 88.57% Mean: 88.03% (+/- 5.82%)
Fold: 42 of 50 Acc: 85.71% Mean: 87.97% (+/- 5.76%)
Fold: 43 of 50 Acc: 88.24% Mean: 87.98% (+/- 5.69%)
Fold: 44 of 50 Acc: 91.18% Mean: 88.05% (+/- 5.65%)
Fold: 45 of 50 Acc: 94.12% Mean: 88.19% (+/- 5.66%)
Fold: 46 of 50 Acc: 91.18% Mean: 88.25% (+/- 5.61%)
Fold: 47 of 50 Acc: 94.12% Mean: 88.38% (+/- 5.62%)
Fold: 48 of 50 Acc: 79.41% Mean: 88.19% (+/- 5.70%)
Fold: 49 of 50 Acc: 82.35% Mean: 88.07% (+/- 5.70%)
Fold: 50 of 50 Acc: 88.24% Mean: 88.07% (+/- 5.65%)
Model Type: ResNet152V2
Fold: 1 of 50 Acc: 94.29% Mean: 94.29% (+/- 0.00%)
Fold: 2 of 50 Acc: 94.29% Mean: 94.29% (+/- 0.00%)
Fold: 3 of 50 Acc: 91.18% Mean: 93.25% (+/- 1.47%)
Fold: 4 of 50 Acc: 97.06% Mean: 94.20% (+/- 2.08%)
Fold: 5 of 50 Acc: 91.18% Mean: 93.60% (+/- 2.22%)
Fold: 6 of 50 Acc: 88.24% Mean: 92.70% (+/- 2.85%)
Fold: 7 of 50 Acc: 91.18% Mean: 92.48% (+/- 2.69%)
Fold: 8 of 50 Acc: 85.29% Mean: 91.59% (+/- 3.46%)
Fold: 9 of 50 Acc: 94.12% Mean: 91.87% (+/- 3.36%)
Fold: 10 of 50 Acc: 88.24% Mean: 91.50% (+/- 3.37%)
Fold: 11 of 50 Acc: 91.43% Mean: 91.50% (+/- 3.21%)
Fold: 12 of 50 Acc: 91.43% Mean: 91.49% (+/- 3.07%)
Fold: 13 of 50 Acc: 97.06% Mean: 91.92% (+/- 3.31%)
Fold: 14 of 50 Acc: 97.06% Mean: 92.29% (+/- 3.45%)
Fold: 15 of 50 Acc: 94.12% Mean: 92.41% (+/- 3.36%)
Fold: 16 of 50 Acc: 85.29% Mean: 91.96% (+/- 3.68%)
Fold: 17 of 50 Acc: 91.18% Mean: 91.92% (+/- 3.58%)
Fold: 18 of 50 Acc: 91.18% Mean: 91.88% (+/- 3.48%)
Fold: 19 of 50 Acc: 94.12% Mean: 91.99% (+/- 3.43%)
Fold: 20 of 50 Acc: 97.06% Mean: 92.25% (+/- 3.52%)
Fold: 21 of 50 Acc: 88.57% Mean: 92.07% (+/- 3.52%)
Fold: 22 of 50 Acc: 91.43% Mean: 92.04% (+/- 3.44%)
Fold: 23 of 50 Acc: 97.06% Mean: 92.26% (+/- 3.52%)
Fold: 24 of 50 Acc: 91.18% Mean: 92.22% (+/- 3.45%)
Fold: 25 of 50 Acc: 85.29% Mean: 91.94% (+/- 3.64%)
Fold: 26 of 50 Acc: 91.18% Mean: 91.91% (+/- 3.58%)
Fold: 27 of 50 Acc: 79.41% Mean: 91.45% (+/- 4.23%)
Fold: 28 of 50 Acc: 94.12% Mean: 91.54% (+/- 4.18%)
Fold: 29 of 50 Acc: 97.06% Mean: 91.73% (+/- 4.23%)
Fold: 30 of 50 Acc: 88.24% Mean: 91.62% (+/- 4.21%)
Fold: 31 of 50 Acc: 82.86% Mean: 91.33% (+/- 4.42%)
Fold: 32 of 50 Acc: 94.29% Mean: 91.43% (+/- 4.38%)
Fold: 33 of 50 Acc: 88.24% Mean: 91.33% (+/- 4.35%)
Fold: 34 of 50 Acc: 73.53% Mean: 90.81% (+/- 5.23%)
Fold: 35 of 50 Acc: 91.18% Mean: 90.82% (+/- 5.16%)
Fold: 36 of 50 Acc: 91.18% Mean: 90.83% (+/- 5.09%)
Fold: 37 of 50 Acc: 88.24% Mean: 90.76% (+/- 5.03%)
Fold: 38 of 50 Acc: 97.06% Mean: 90.92% (+/- 5.07%)
Fold: 39 of 50 Acc: 94.12% Mean: 91.00% (+/- 5.03%)
Fold: 40 of 50 Acc: 94.12% Mean: 91.08% (+/- 4.99%)
Fold: 41 of 50 Acc: 88.57% Mean: 91.02% (+/- 4.94%)
Fold: 42 of 50 Acc: 85.71% Mean: 90.89% (+/- 4.95%)
Fold: 43 of 50 Acc: 94.12% Mean: 90.97% (+/- 4.92%)
Fold: 44 of 50 Acc: 85.29% Mean: 90.84% (+/- 4.93%)
Fold: 45 of 50 Acc: 94.12% Mean: 90.91% (+/- 4.90%)
Fold: 46 of 50 Acc: 91.18% Mean: 90.92% (+/- 4.85%)
Fold: 47 of 50 Acc: 94.12% Mean: 90.99% (+/- 4.82%)
Fold: 48 of 50 Acc: 91.18% Mean: 90.99% (+/- 4.77%)
Fold: 49 of 50 Acc: 94.12% Mean: 91.05% (+/- 4.74%)
Fold: 50 of 50 Acc: 91.18% Mean: 91.06% (+/- 4.69%)
Model Type: InceptionV3
Fold: 1 of 50 Acc: 82.86% Mean: 82.86% (+/- 0.00%)
Fold: 2 of 50 Acc: 85.71% Mean: 84.29% (+/- 1.43%)
Fold: 3 of 50 Acc: 91.18% Mean: 86.58% (+/- 3.45%)
Fold: 4 of 50 Acc: 97.06% Mean: 89.20% (+/- 5.43%)
Fold: 5 of 50 Acc: 91.18% Mean: 89.60% (+/- 4.92%)
Fold: 6 of 50 Acc: 85.29% Mean: 88.88% (+/- 4.77%)
Fold: 7 of 50 Acc: 73.53% Mean: 86.69% (+/- 6.95%)
Fold: 8 of 50 Acc: 76.47% Mean: 85.41% (+/- 7.33%)
Fold: 9 of 50 Acc: 88.24% Mean: 85.72% (+/- 6.97%)
Fold: 10 of 50 Acc: 85.29% Mean: 85.68% (+/- 6.61%)
Fold: 11 of 50 Acc: 88.57% Mean: 85.94% (+/- 6.36%)
Fold: 12 of 50 Acc: 82.86% Mean: 85.69% (+/- 6.15%)
Fold: 13 of 50 Acc: 82.35% Mean: 85.43% (+/- 5.97%)
Fold: 14 of 50 Acc: 91.18% Mean: 85.84% (+/- 5.94%)
Fold: 15 of 50 Acc: 82.35% Mean: 85.61% (+/- 5.81%)
Fold: 16 of 50 Acc: 85.29% Mean: 85.59% (+/- 5.62%)
Fold: 17 of 50 Acc: 85.29% Mean: 85.57% (+/- 5.46%)
Fold: 18 of 50 Acc: 88.24% Mean: 85.72% (+/- 5.34%)
Fold: 19 of 50 Acc: 97.06% Mean: 86.32% (+/- 5.78%)
Fold: 20 of 50 Acc: 82.35% Mean: 86.12% (+/- 5.70%)
Fold: 21 of 50 Acc: 85.71% Mean: 86.10% (+/- 5.56%)
Fold: 22 of 50 Acc: 85.71% Mean: 86.08% (+/- 5.43%)
Fold: 23 of 50 Acc: 91.18% Mean: 86.30% (+/- 5.42%)
Fold: 24 of 50 Acc: 94.12% Mean: 86.63% (+/- 5.53%)
Fold: 25 of 50 Acc: 82.35% Mean: 86.46% (+/- 5.48%)
Fold: 26 of 50 Acc: 100.00% Mean: 86.98% (+/- 5.97%)
Fold: 27 of 50 Acc: 79.41% Mean: 86.70% (+/- 6.03%)
Fold: 28 of 50 Acc: 94.12% Mean: 86.96% (+/- 6.08%)
Fold: 29 of 50 Acc: 85.29% Mean: 86.91% (+/- 5.98%)
Fold: 30 of 50 Acc: 85.29% Mean: 86.85% (+/- 5.89%)
Fold: 31 of 50 Acc: 85.71% Mean: 86.81% (+/- 5.80%)
Fold: 32 of 50 Acc: 88.57% Mean: 86.87% (+/- 5.71%)
Fold: 33 of 50 Acc: 94.12% Mean: 87.09% (+/- 5.76%)
Fold: 34 of 50 Acc: 76.47% Mean: 86.78% (+/- 5.95%)
Fold: 35 of 50 Acc: 88.24% Mean: 86.82% (+/- 5.87%)
Fold: 36 of 50 Acc: 82.35% Mean: 86.69% (+/- 5.84%)
Fold: 37 of 50 Acc: 88.24% Mean: 86.74% (+/- 5.76%)
Fold: 38 of 50 Acc: 94.12% Mean: 86.93% (+/- 5.81%)
Fold: 39 of 50 Acc: 88.24% Mean: 86.96% (+/- 5.74%)
Fold: 40 of 50 Acc: 94.12% Mean: 87.14% (+/- 5.77%)
Fold: 41 of 50 Acc: 82.86% Mean: 87.04% (+/- 5.74%)
Fold: 42 of 50 Acc: 77.14% Mean: 86.80% (+/- 5.87%)
Fold: 43 of 50 Acc: 82.35% Mean: 86.70% (+/- 5.84%)
Fold: 44 of 50 Acc: 85.29% Mean: 86.67% (+/- 5.78%)
Fold: 45 of 50 Acc: 91.18% Mean: 86.77% (+/- 5.75%)
Fold: 46 of 50 Acc: 91.18% Mean: 86.86% (+/- 5.72%)
Fold: 47 of 50 Acc: 88.24% Mean: 86.89% (+/- 5.67%)
Fold: 48 of 50 Acc: 85.29% Mean: 86.86% (+/- 5.61%)
Fold: 49 of 50 Acc: 88.24% Mean: 86.89% (+/- 5.56%)
Fold: 50 of 50 Acc: 88.24% Mean: 86.91% (+/- 5.50%)
Model Type: InceptionResNetV2
Fold: 1 of 50 Acc: 82.86% Mean: 82.86% (+/- 0.00%)
Fold: 2 of 50 Acc: 82.86% Mean: 82.86% (+/- 0.00%)
Fold: 3 of 50 Acc: 85.29% Mean: 83.67% (+/- 1.15%)
Fold: 4 of 50 Acc: 91.18% Mean: 85.55% (+/- 3.40%)
Fold: 5 of 50 Acc: 85.29% Mean: 85.50% (+/- 3.04%)
Fold: 6 of 50 Acc: 88.24% Mean: 85.95% (+/- 2.96%)
Fold: 7 of 50 Acc: 82.35% Mean: 85.44% (+/- 3.02%)
Fold: 8 of 50 Acc: 85.29% Mean: 85.42% (+/- 2.82%)
Fold: 9 of 50 Acc: 91.18% Mean: 86.06% (+/- 3.22%)
Fold: 10 of 50 Acc: 88.24% Mean: 86.28% (+/- 3.12%)
Fold: 11 of 50 Acc: 94.29% Mean: 87.01% (+/- 3.76%)
Fold: 12 of 50 Acc: 82.86% Mean: 86.66% (+/- 3.78%)
Fold: 13 of 50 Acc: 79.41% Mean: 86.10% (+/- 4.11%)
Fold: 14 of 50 Acc: 91.18% Mean: 86.46% (+/- 4.17%)
Fold: 15 of 50 Acc: 85.29% Mean: 86.39% (+/- 4.04%)
Fold: 16 of 50 Acc: 91.18% Mean: 86.69% (+/- 4.08%)
Fold: 17 of 50 Acc: 85.29% Mean: 86.60% (+/- 3.97%)
Fold: 18 of 50 Acc: 94.12% Mean: 87.02% (+/- 4.23%)
Fold: 19 of 50 Acc: 88.24% Mean: 87.09% (+/- 4.12%)
Fold: 20 of 50 Acc: 82.35% Mean: 86.85% (+/- 4.15%)
Fold: 21 of 50 Acc: 85.71% Mean: 86.79% (+/- 4.06%)
Fold: 22 of 50 Acc: 82.86% Mean: 86.62% (+/- 4.05%)
Fold: 23 of 50 Acc: 82.35% Mean: 86.43% (+/- 4.05%)
Fold: 24 of 50 Acc: 94.12% Mean: 86.75% (+/- 4.25%)
Fold: 25 of 50 Acc: 91.18% Mean: 86.93% (+/- 4.26%)
Fold: 26 of 50 Acc: 97.06% Mean: 87.32% (+/- 4.61%)
Fold: 27 of 50 Acc: 76.47% Mean: 86.92% (+/- 4.96%)
Fold: 28 of 50 Acc: 82.35% Mean: 86.75% (+/- 4.95%)
Fold: 29 of 50 Acc: 85.29% Mean: 86.70% (+/- 4.87%)
Fold: 30 of 50 Acc: 73.53% Mean: 86.26% (+/- 5.34%)
Fold: 31 of 50 Acc: 85.71% Mean: 86.25% (+/- 5.25%)
Fold: 32 of 50 Acc: 94.29% Mean: 86.50% (+/- 5.36%)
Fold: 33 of 50 Acc: 88.24% Mean: 86.55% (+/- 5.28%)
Fold: 34 of 50 Acc: 82.35% Mean: 86.43% (+/- 5.25%)
Fold: 35 of 50 Acc: 85.29% Mean: 86.39% (+/- 5.18%)
Fold: 36 of 50 Acc: 79.41% Mean: 86.20% (+/- 5.24%)
Fold: 37 of 50 Acc: 85.29% Mean: 86.18% (+/- 5.17%)
Fold: 38 of 50 Acc: 91.18% Mean: 86.31% (+/- 5.16%)
Fold: 39 of 50 Acc: 91.18% Mean: 86.43% (+/- 5.15%)
Fold: 40 of 50 Acc: 85.29% Mean: 86.40% (+/- 5.09%)
Fold: 41 of 50 Acc: 77.14% Mean: 86.18% (+/- 5.23%)
Fold: 42 of 50 Acc: 77.14% Mean: 85.96% (+/- 5.34%)
Fold: 43 of 50 Acc: 91.18% Mean: 86.08% (+/- 5.34%)
Fold: 44 of 50 Acc: 94.12% Mean: 86.27% (+/- 5.41%)
Fold: 45 of 50 Acc: 94.12% Mean: 86.44% (+/- 5.48%)
Fold: 46 of 50 Acc: 91.18% Mean: 86.54% (+/- 5.46%)
Fold: 47 of 50 Acc: 85.29% Mean: 86.52% (+/- 5.40%)
Fold: 48 of 50 Acc: 85.29% Mean: 86.49% (+/- 5.35%)
Fold: 49 of 50 Acc: 88.24% Mean: 86.53% (+/- 5.30%)
Fold: 50 of 50 Acc: 85.29% Mean: 86.50% (+/- 5.25%)
Model Type: MobileNet
Fold: 1 of 50 Acc: 88.57% Mean: 88.57% (+/- 0.00%)
Fold: 2 of 50 Acc: 88.57% Mean: 88.57% (+/- 0.00%)
Fold: 3 of 50 Acc: 82.35% Mean: 86.50% (+/- 2.93%)
Fold: 4 of 50 Acc: 91.18% Mean: 87.67% (+/- 3.25%)
Fold: 5 of 50 Acc: 91.18% Mean: 88.37% (+/- 3.23%)
Fold: 6 of 50 Acc: 94.12% Mean: 89.33% (+/- 3.64%)
Fold: 7 of 50 Acc: 100.00% Mean: 90.85% (+/- 5.03%)
Fold: 8 of 50 Acc: 85.29% Mean: 90.16% (+/- 5.05%)
Fold: 9 of 50 Acc: 88.24% Mean: 89.94% (+/- 4.80%)
Fold: 10 of 50 Acc: 88.24% Mean: 89.77% (+/- 4.58%)
Fold: 11 of 50 Acc: 97.14% Mean: 90.44% (+/- 4.86%)
Fold: 12 of 50 Acc: 91.43% Mean: 90.53% (+/- 4.66%)
Fold: 13 of 50 Acc: 97.06% Mean: 91.03% (+/- 4.80%)
Fold: 14 of 50 Acc: 100.00% Mean: 91.67% (+/- 5.17%)
Fold: 15 of 50 Acc: 94.12% Mean: 91.83% (+/- 5.03%)
Fold: 16 of 50 Acc: 76.47% Mean: 90.87% (+/- 6.13%)
Fold: 17 of 50 Acc: 91.18% Mean: 90.89% (+/- 5.95%)
Fold: 18 of 50 Acc: 88.24% Mean: 90.74% (+/- 5.81%)
Fold: 19 of 50 Acc: 97.06% Mean: 91.07% (+/- 5.83%)
Fold: 20 of 50 Acc: 82.35% Mean: 90.64% (+/- 5.99%)
Fold: 21 of 50 Acc: 85.71% Mean: 90.40% (+/- 5.94%)
Fold: 22 of 50 Acc: 88.57% Mean: 90.32% (+/- 5.82%)
Fold: 23 of 50 Acc: 97.06% Mean: 90.61% (+/- 5.85%)
Fold: 24 of 50 Acc: 91.18% Mean: 90.64% (+/- 5.73%)
Fold: 25 of 50 Acc: 94.12% Mean: 90.78% (+/- 5.66%)
Fold: 26 of 50 Acc: 94.12% Mean: 90.90% (+/- 5.58%)
Fold: 27 of 50 Acc: 82.35% Mean: 90.59% (+/- 5.71%)
Fold: 28 of 50 Acc: 100.00% Mean: 90.92% (+/- 5.87%)
Fold: 29 of 50 Acc: 91.18% Mean: 90.93% (+/- 5.77%)
Fold: 30 of 50 Acc: 91.18% Mean: 90.94% (+/- 5.68%)
Fold: 31 of 50 Acc: 97.14% Mean: 91.14% (+/- 5.69%)
Fold: 32 of 50 Acc: 94.29% Mean: 91.24% (+/- 5.63%)
Fold: 33 of 50 Acc: 85.29% Mean: 91.06% (+/- 5.63%)
Fold: 34 of 50 Acc: 82.35% Mean: 90.80% (+/- 5.74%)
Fold: 35 of 50 Acc: 100.00% Mean: 91.07% (+/- 5.86%)
Fold: 36 of 50 Acc: 97.06% Mean: 91.23% (+/- 5.86%)
Fold: 37 of 50 Acc: 91.18% Mean: 91.23% (+/- 5.79%)
Fold: 38 of 50 Acc: 97.06% Mean: 91.38% (+/- 5.78%)
Fold: 39 of 50 Acc: 97.06% Mean: 91.53% (+/- 5.78%)
Fold: 40 of 50 Acc: 94.12% Mean: 91.59% (+/- 5.72%)
Fold: 41 of 50 Acc: 91.43% Mean: 91.59% (+/- 5.65%)
Fold: 42 of 50 Acc: 91.43% Mean: 91.59% (+/- 5.58%)
Fold: 43 of 50 Acc: 97.06% Mean: 91.71% (+/- 5.58%)
Fold: 44 of 50 Acc: 91.18% Mean: 91.70% (+/- 5.52%)
Fold: 45 of 50 Acc: 97.06% Mean: 91.82% (+/- 5.51%)
Fold: 46 of 50 Acc: 88.24% Mean: 91.74% (+/- 5.48%)
Fold: 47 of 50 Acc: 97.06% Mean: 91.86% (+/- 5.47%)
Fold: 48 of 50 Acc: 88.24% Mean: 91.78% (+/- 5.44%)
Fold: 49 of 50 Acc: 85.29% Mean: 91.65% (+/- 5.46%)
Fold: 50 of 50 Acc: 88.24% Mean: 91.58% (+/- 5.43%)
Model Type: DenseNet121
Fold: 1 of 50 Acc: 91.43% Mean: 91.43% (+/- 0.00%)
Fold: 2 of 50 Acc: 85.71% Mean: 88.57% (+/- 2.86%)
Fold: 3 of 50 Acc: 91.18% Mean: 89.44% (+/- 2.64%)
Fold: 4 of 50 Acc: 88.24% Mean: 89.14% (+/- 2.34%)
Fold: 5 of 50 Acc: 88.24% Mean: 88.96% (+/- 2.13%)
Fold: 6 of 50 Acc: 82.35% Mean: 87.86% (+/- 3.13%)
Fold: 7 of 50 Acc: 76.47% Mean: 86.23% (+/- 4.93%)
Fold: 8 of 50 Acc: 82.35% Mean: 85.75% (+/- 4.79%)
Fold: 9 of 50 Acc: 91.18% Mean: 86.35% (+/- 4.82%)
Fold: 10 of 50 Acc: 85.29% Mean: 86.24% (+/- 4.59%)
Fold: 11 of 50 Acc: 91.43% Mean: 86.72% (+/- 4.62%)
Fold: 12 of 50 Acc: 85.71% Mean: 86.63% (+/- 4.43%)
Fold: 13 of 50 Acc: 88.24% Mean: 86.76% (+/- 4.28%)
Fold: 14 of 50 Acc: 100.00% Mean: 87.70% (+/- 5.35%)
Fold: 15 of 50 Acc: 91.18% Mean: 87.93% (+/- 5.24%)
Fold: 16 of 50 Acc: 85.29% Mean: 87.77% (+/- 5.12%)
Fold: 17 of 50 Acc: 88.24% Mean: 87.80% (+/- 4.97%)
Fold: 18 of 50 Acc: 85.29% Mean: 87.66% (+/- 4.86%)
Fold: 19 of 50 Acc: 88.24% Mean: 87.69% (+/- 4.73%)
Fold: 20 of 50 Acc: 85.29% Mean: 87.57% (+/- 4.64%)
Fold: 21 of 50 Acc: 85.71% Mean: 87.48% (+/- 4.55%)
Fold: 22 of 50 Acc: 80.00% Mean: 87.14% (+/- 4.71%)
Fold: 23 of 50 Acc: 88.24% Mean: 87.19% (+/- 4.61%)
Fold: 24 of 50 Acc: 91.18% Mean: 87.35% (+/- 4.58%)
Fold: 25 of 50 Acc: 88.24% Mean: 87.39% (+/- 4.49%)
Fold: 26 of 50 Acc: 94.12% Mean: 87.65% (+/- 4.59%)
Fold: 27 of 50 Acc: 85.29% Mean: 87.56% (+/- 4.53%)
Fold: 28 of 50 Acc: 88.24% Mean: 87.58% (+/- 4.45%)
Fold: 29 of 50 Acc: 82.35% Mean: 87.40% (+/- 4.47%)
Fold: 30 of 50 Acc: 88.24% Mean: 87.43% (+/- 4.40%)
Fold: 31 of 50 Acc: 85.71% Mean: 87.38% (+/- 4.34%)
Fold: 32 of 50 Acc: 94.29% Mean: 87.59% (+/- 4.44%)
Fold: 33 of 50 Acc: 85.29% Mean: 87.52% (+/- 4.39%)
Fold: 34 of 50 Acc: 70.59% Mean: 87.02% (+/- 5.18%)
Fold: 35 of 50 Acc: 91.18% Mean: 87.14% (+/- 5.16%)
Fold: 36 of 50 Acc: 82.35% Mean: 87.01% (+/- 5.14%)
Fold: 37 of 50 Acc: 88.24% Mean: 87.04% (+/- 5.08%)
Fold: 38 of 50 Acc: 91.18% Mean: 87.15% (+/- 5.05%)
Fold: 39 of 50 Acc: 88.24% Mean: 87.18% (+/- 4.99%)
Fold: 40 of 50 Acc: 88.24% Mean: 87.21% (+/- 4.93%)
Fold: 41 of 50 Acc: 97.14% Mean: 87.45% (+/- 5.11%)
Fold: 42 of 50 Acc: 88.57% Mean: 87.47% (+/- 5.05%)
Fold: 43 of 50 Acc: 85.29% Mean: 87.42% (+/- 5.00%)
Fold: 44 of 50 Acc: 79.41% Mean: 87.24% (+/- 5.09%)
Fold: 45 of 50 Acc: 91.18% Mean: 87.33% (+/- 5.06%)
Fold: 46 of 50 Acc: 91.18% Mean: 87.41% (+/- 5.04%)
Fold: 47 of 50 Acc: 91.18% Mean: 87.49% (+/- 5.01%)
Fold: 48 of 50 Acc: 82.35% Mean: 87.39% (+/- 5.01%)
Fold: 49 of 50 Acc: 82.35% Mean: 87.28% (+/- 5.01%)
Fold: 50 of 50 Acc: 88.24% Mean: 87.30% (+/- 4.97%)
Model Type: DenseNet169
Fold: 1 of 50 Acc: 88.57% Mean: 88.57% (+/- 0.00%)
Fold: 2 of 50 Acc: 94.29% Mean: 91.43% (+/- 2.86%)
Fold: 3 of 50 Acc: 97.06% Mean: 93.31% (+/- 3.53%)
Fold: 4 of 50 Acc: 88.24% Mean: 92.04% (+/- 3.77%)
Fold: 5 of 50 Acc: 85.29% Mean: 90.69% (+/- 4.32%)
Fold: 6 of 50 Acc: 88.24% Mean: 90.28% (+/- 4.04%)
Fold: 7 of 50 Acc: 88.24% Mean: 89.99% (+/- 3.81%)
Fold: 8 of 50 Acc: 73.53% Mean: 87.93% (+/- 6.51%)
Fold: 9 of 50 Acc: 91.18% Mean: 88.29% (+/- 6.22%)
Fold: 10 of 50 Acc: 85.29% Mean: 87.99% (+/- 5.97%)
Fold: 11 of 50 Acc: 91.43% Mean: 88.30% (+/- 5.78%)
Fold: 12 of 50 Acc: 85.71% Mean: 88.09% (+/- 5.58%)
Fold: 13 of 50 Acc: 88.24% Mean: 88.10% (+/- 5.36%)
Fold: 14 of 50 Acc: 91.18% Mean: 88.32% (+/- 5.22%)
Fold: 15 of 50 Acc: 88.24% Mean: 88.31% (+/- 5.05%)
Fold: 16 of 50 Acc: 82.35% Mean: 87.94% (+/- 5.09%)
Fold: 17 of 50 Acc: 88.24% Mean: 87.96% (+/- 4.94%)
Fold: 18 of 50 Acc: 85.29% Mean: 87.81% (+/- 4.84%)
Fold: 19 of 50 Acc: 88.24% Mean: 87.83% (+/- 4.71%)
Fold: 20 of 50 Acc: 88.24% Mean: 87.85% (+/- 4.60%)
Fold: 21 of 50 Acc: 74.29% Mean: 87.21% (+/- 5.33%)
Fold: 22 of 50 Acc: 94.29% Mean: 87.53% (+/- 5.42%)
Fold: 23 of 50 Acc: 91.18% Mean: 87.69% (+/- 5.35%)
Fold: 24 of 50 Acc: 91.18% Mean: 87.83% (+/- 5.28%)
Fold: 25 of 50 Acc: 85.29% Mean: 87.73% (+/- 5.20%)
Fold: 26 of 50 Acc: 91.18% Mean: 87.86% (+/- 5.14%)
Fold: 27 of 50 Acc: 85.29% Mean: 87.77% (+/- 5.07%)
Fold: 28 of 50 Acc: 94.12% Mean: 88.00% (+/- 5.12%)
Fold: 29 of 50 Acc: 91.18% Mean: 88.10% (+/- 5.06%)
Fold: 30 of 50 Acc: 76.47% Mean: 87.72% (+/- 5.40%)
Fold: 31 of 50 Acc: 91.43% Mean: 87.84% (+/- 5.35%)
Fold: 32 of 50 Acc: 91.43% Mean: 87.95% (+/- 5.30%)
Fold: 33 of 50 Acc: 91.18% Mean: 88.05% (+/- 5.25%)
Fold: 34 of 50 Acc: 73.53% Mean: 87.62% (+/- 5.72%)
Fold: 35 of 50 Acc: 88.24% Mean: 87.64% (+/- 5.64%)
Fold: 36 of 50 Acc: 88.24% Mean: 87.65% (+/- 5.56%)
Fold: 37 of 50 Acc: 85.29% Mean: 87.59% (+/- 5.50%)
Fold: 38 of 50 Acc: 91.18% Mean: 87.68% (+/- 5.46%)
Fold: 39 of 50 Acc: 94.12% Mean: 87.85% (+/- 5.48%)
Fold: 40 of 50 Acc: 88.24% Mean: 87.86% (+/- 5.42%)
Fold: 41 of 50 Acc: 85.71% Mean: 87.81% (+/- 5.36%)
Fold: 42 of 50 Acc: 91.43% Mean: 87.89% (+/- 5.32%)
Fold: 43 of 50 Acc: 88.24% Mean: 87.90% (+/- 5.26%)
Fold: 44 of 50 Acc: 82.35% Mean: 87.78% (+/- 5.27%)
Fold: 45 of 50 Acc: 85.29% Mean: 87.72% (+/- 5.22%)
Fold: 46 of 50 Acc: 91.18% Mean: 87.80% (+/- 5.19%)
Fold: 47 of 50 Acc: 94.12% Mean: 87.93% (+/- 5.21%)
Fold: 48 of 50 Acc: 82.35% Mean: 87.81% (+/- 5.22%)
Fold: 49 of 50 Acc: 91.18% Mean: 87.88% (+/- 5.19%)
Fold: 50 of 50 Acc: 88.24% Mean: 87.89% (+/- 5.14%)
Model Type: DenseNet201
Fold: 1 of 50 Acc: 91.43% Mean: 91.43% (+/- 0.00%)
Fold: 2 of 50 Acc: 94.29% Mean: 92.86% (+/- 1.43%)
Fold: 3 of 50 Acc: 94.12% Mean: 93.28% (+/- 1.31%)
Fold: 4 of 50 Acc: 94.12% Mean: 93.49% (+/- 1.19%)
Fold: 5 of 50 Acc: 76.47% Mean: 90.08% (+/- 6.89%)
Fold: 6 of 50 Acc: 82.35% Mean: 88.80% (+/- 6.92%)
Fold: 7 of 50 Acc: 85.29% Mean: 88.30% (+/- 6.52%)
Fold: 8 of 50 Acc: 91.18% Mean: 88.66% (+/- 6.17%)
Fold: 9 of 50 Acc: 85.29% Mean: 88.28% (+/- 5.92%)
Fold: 10 of 50 Acc: 85.29% Mean: 87.98% (+/- 5.68%)
Fold: 11 of 50 Acc: 97.14% Mean: 88.82% (+/- 6.02%)
Fold: 12 of 50 Acc: 85.71% Mean: 88.56% (+/- 5.83%)
Fold: 13 of 50 Acc: 85.29% Mean: 88.31% (+/- 5.67%)
Fold: 14 of 50 Acc: 97.06% Mean: 88.93% (+/- 5.91%)
Fold: 15 of 50 Acc: 94.12% Mean: 89.28% (+/- 5.85%)
Fold: 16 of 50 Acc: 85.29% Mean: 89.03% (+/- 5.75%)
Fold: 17 of 50 Acc: 94.12% Mean: 89.33% (+/- 5.71%)
Fold: 18 of 50 Acc: 88.24% Mean: 89.27% (+/- 5.55%)
Fold: 19 of 50 Acc: 85.29% Mean: 89.06% (+/- 5.47%)
Fold: 20 of 50 Acc: 88.24% Mean: 89.02% (+/- 5.34%)
Fold: 21 of 50 Acc: 91.43% Mean: 89.13% (+/- 5.24%)
Fold: 22 of 50 Acc: 88.57% Mean: 89.11% (+/- 5.12%)
Fold: 23 of 50 Acc: 88.24% Mean: 89.07% (+/- 5.01%)
Fold: 24 of 50 Acc: 97.06% Mean: 89.40% (+/- 5.16%)
Fold: 25 of 50 Acc: 91.18% Mean: 89.47% (+/- 5.06%)
Fold: 26 of 50 Acc: 88.24% Mean: 89.42% (+/- 4.97%)
Fold: 27 of 50 Acc: 85.29% Mean: 89.27% (+/- 4.94%)
Fold: 28 of 50 Acc: 91.18% Mean: 89.34% (+/- 4.86%)
Fold: 29 of 50 Acc: 91.18% Mean: 89.40% (+/- 4.79%)
Fold: 30 of 50 Acc: 76.47% Mean: 88.97% (+/- 5.25%)
Fold: 31 of 50 Acc: 88.57% Mean: 88.96% (+/- 5.17%)
Fold: 32 of 50 Acc: 97.14% Mean: 89.21% (+/- 5.28%)
Fold: 33 of 50 Acc: 82.35% Mean: 89.01% (+/- 5.33%)
Fold: 34 of 50 Acc: 76.47% Mean: 88.64% (+/- 5.66%)
Fold: 35 of 50 Acc: 88.24% Mean: 88.63% (+/- 5.58%)
Fold: 36 of 50 Acc: 79.41% Mean: 88.37% (+/- 5.71%)
Fold: 37 of 50 Acc: 91.18% Mean: 88.45% (+/- 5.65%)
Fold: 38 of 50 Acc: 85.29% Mean: 88.36% (+/- 5.60%)
Fold: 39 of 50 Acc: 85.29% Mean: 88.28% (+/- 5.55%)
Fold: 40 of 50 Acc: 82.35% Mean: 88.14% (+/- 5.55%)
Fold: 41 of 50 Acc: 91.43% Mean: 88.22% (+/- 5.51%)
Fold: 42 of 50 Acc: 85.71% Mean: 88.16% (+/- 5.46%)
Fold: 43 of 50 Acc: 85.29% Mean: 88.09% (+/- 5.41%)
Fold: 44 of 50 Acc: 79.41% Mean: 87.89% (+/- 5.50%)
Fold: 45 of 50 Acc: 94.12% Mean: 88.03% (+/- 5.52%)
Fold: 46 of 50 Acc: 97.06% Mean: 88.23% (+/- 5.61%)
Fold: 47 of 50 Acc: 100.00% Mean: 88.48% (+/- 5.81%)
Fold: 48 of 50 Acc: 82.35% Mean: 88.35% (+/- 5.81%)
Fold: 49 of 50 Acc: 91.18% Mean: 88.41% (+/- 5.77%)
Fold: 50 of 50 Acc: 88.24% Mean: 88.41% (+/- 5.71%)
Model Type: NASNetMobile
Fold: 1 of 50 Acc: 82.86% Mean: 82.86% (+/- 0.00%)
Fold: 2 of 50 Acc: 82.86% Mean: 82.86% (+/- 0.00%)
Fold: 3 of 50 Acc: 91.18% Mean: 85.63% (+/- 3.92%)
Fold: 4 of 50 Acc: 91.18% Mean: 87.02% (+/- 4.16%)
Fold: 5 of 50 Acc: 85.29% Mean: 86.67% (+/- 3.78%)
Fold: 6 of 50 Acc: 85.29% Mean: 86.44% (+/- 3.49%)
Fold: 7 of 50 Acc: 79.41% Mean: 85.44% (+/- 4.06%)
Fold: 8 of 50 Acc: 82.35% Mean: 85.05% (+/- 3.93%)
Fold: 9 of 50 Acc: 82.35% Mean: 84.75% (+/- 3.81%)
Fold: 10 of 50 Acc: 88.24% Mean: 85.10% (+/- 3.76%)
Fold: 11 of 50 Acc: 82.86% Mean: 84.90% (+/- 3.64%)
Fold: 12 of 50 Acc: 94.29% Mean: 85.68% (+/- 4.35%)
Fold: 13 of 50 Acc: 82.35% Mean: 85.42% (+/- 4.27%)
Fold: 14 of 50 Acc: 88.24% Mean: 85.62% (+/- 4.18%)
Fold: 15 of 50 Acc: 88.24% Mean: 85.80% (+/- 4.09%)
Fold: 16 of 50 Acc: 82.35% Mean: 85.58% (+/- 4.04%)
Fold: 17 of 50 Acc: 88.24% Mean: 85.74% (+/- 3.97%)
Fold: 18 of 50 Acc: 88.24% Mean: 85.88% (+/- 3.90%)
Fold: 19 of 50 Acc: 85.29% Mean: 85.85% (+/- 3.80%)
Fold: 20 of 50 Acc: 79.41% Mean: 85.53% (+/- 3.96%)
Fold: 21 of 50 Acc: 94.29% Mean: 85.94% (+/- 4.29%)
Fold: 22 of 50 Acc: 80.00% Mean: 85.67% (+/- 4.37%)
Fold: 23 of 50 Acc: 82.35% Mean: 85.53% (+/- 4.33%)
Fold: 24 of 50 Acc: 85.29% Mean: 85.52% (+/- 4.24%)
Fold: 25 of 50 Acc: 88.24% Mean: 85.63% (+/- 4.19%)
Fold: 26 of 50 Acc: 82.35% Mean: 85.50% (+/- 4.15%)
Fold: 27 of 50 Acc: 82.35% Mean: 85.38% (+/- 4.12%)
Fold: 28 of 50 Acc: 94.12% Mean: 85.70% (+/- 4.36%)
Fold: 29 of 50 Acc: 82.35% Mean: 85.58% (+/- 4.33%)
Fold: 30 of 50 Acc: 79.41% Mean: 85.38% (+/- 4.39%)
Fold: 31 of 50 Acc: 85.71% Mean: 85.39% (+/- 4.32%)
Fold: 32 of 50 Acc: 97.14% Mean: 85.75% (+/- 4.72%)
Fold: 33 of 50 Acc: 88.24% Mean: 85.83% (+/- 4.67%)
Fold: 34 of 50 Acc: 76.47% Mean: 85.55% (+/- 4.86%)
Fold: 35 of 50 Acc: 79.41% Mean: 85.38% (+/- 4.90%)
Fold: 36 of 50 Acc: 85.29% Mean: 85.38% (+/- 4.83%)
Fold: 37 of 50 Acc: 97.06% Mean: 85.69% (+/- 5.13%)
Fold: 38 of 50 Acc: 79.41% Mean: 85.53% (+/- 5.16%)
Fold: 39 of 50 Acc: 88.24% Mean: 85.60% (+/- 5.11%)
Fold: 40 of 50 Acc: 79.41% Mean: 85.44% (+/- 5.14%)
Fold: 41 of 50 Acc: 85.71% Mean: 85.45% (+/- 5.08%)
Fold: 42 of 50 Acc: 88.57% Mean: 85.52% (+/- 5.04%)
Fold: 43 of 50 Acc: 82.35% Mean: 85.45% (+/- 5.00%)
Fold: 44 of 50 Acc: 88.24% Mean: 85.51% (+/- 4.96%)
Fold: 45 of 50 Acc: 82.35% Mean: 85.44% (+/- 4.93%)
Fold: 46 of 50 Acc: 97.06% Mean: 85.69% (+/- 5.16%)
Fold: 47 of 50 Acc: 85.29% Mean: 85.69% (+/- 5.11%)
Fold: 48 of 50 Acc: 79.41% Mean: 85.55% (+/- 5.13%)
Fold: 49 of 50 Acc: 79.41% Mean: 85.43% (+/- 5.15%)
Fold: 50 of 50 Acc: 94.12% Mean: 85.60% (+/- 5.24%)
Model Type: MobileNetV2
Fold: 1 of 50 Acc: 85.71% Mean: 85.71% (+/- 0.00%)
Fold: 2 of 50 Acc: 91.43% Mean: 88.57% (+/- 2.86%)
Fold: 3 of 50 Acc: 94.12% Mean: 90.42% (+/- 3.50%)
Fold: 4 of 50 Acc: 88.24% Mean: 89.87% (+/- 3.18%)
Fold: 5 of 50 Acc: 94.12% Mean: 90.72% (+/- 3.31%)
Fold: 6 of 50 Acc: 88.24% Mean: 90.31% (+/- 3.16%)
Fold: 7 of 50 Acc: 94.12% Mean: 90.85% (+/- 3.22%)
Fold: 8 of 50 Acc: 79.41% Mean: 89.42% (+/- 4.83%)
Fold: 9 of 50 Acc: 97.06% Mean: 90.27% (+/- 5.15%)
Fold: 10 of 50 Acc: 94.12% Mean: 90.66% (+/- 5.02%)
Fold: 11 of 50 Acc: 94.29% Mean: 90.99% (+/- 4.90%)
Fold: 12 of 50 Acc: 82.86% Mean: 90.31% (+/- 5.20%)
Fold: 13 of 50 Acc: 94.12% Mean: 90.60% (+/- 5.10%)
Fold: 14 of 50 Acc: 91.18% Mean: 90.64% (+/- 4.92%)
Fold: 15 of 50 Acc: 91.18% Mean: 90.68% (+/- 4.75%)
Fold: 16 of 50 Acc: 85.29% Mean: 90.34% (+/- 4.78%)
Fold: 17 of 50 Acc: 91.18% Mean: 90.39% (+/- 4.64%)
Fold: 18 of 50 Acc: 88.24% Mean: 90.27% (+/- 4.54%)
Fold: 19 of 50 Acc: 88.24% Mean: 90.16% (+/- 4.44%)
Fold: 20 of 50 Acc: 88.24% Mean: 90.07% (+/- 4.35%)
Fold: 21 of 50 Acc: 88.57% Mean: 90.00% (+/- 4.26%)
Fold: 22 of 50 Acc: 91.43% Mean: 90.06% (+/- 4.17%)
Fold: 23 of 50 Acc: 85.29% Mean: 89.85% (+/- 4.19%)
Fold: 24 of 50 Acc: 82.35% Mean: 89.54% (+/- 4.37%)
Fold: 25 of 50 Acc: 91.18% Mean: 89.61% (+/- 4.29%)
Fold: 26 of 50 Acc: 88.24% Mean: 89.55% (+/- 4.22%)
Fold: 27 of 50 Acc: 82.35% Mean: 89.29% (+/- 4.36%)
Fold: 28 of 50 Acc: 97.06% Mean: 89.56% (+/- 4.51%)
Fold: 29 of 50 Acc: 85.29% Mean: 89.42% (+/- 4.50%)
Fold: 30 of 50 Acc: 79.41% Mean: 89.08% (+/- 4.78%)
Fold: 31 of 50 Acc: 88.57% Mean: 89.07% (+/- 4.70%)
Fold: 32 of 50 Acc: 91.43% Mean: 89.14% (+/- 4.65%)
Fold: 33 of 50 Acc: 85.29% Mean: 89.02% (+/- 4.62%)
Fold: 34 of 50 Acc: 82.35% Mean: 88.83% (+/- 4.69%)
Fold: 35 of 50 Acc: 91.18% Mean: 88.90% (+/- 4.64%)
Fold: 36 of 50 Acc: 100.00% Mean: 89.20% (+/- 4.93%)
Fold: 37 of 50 Acc: 88.24% Mean: 89.18% (+/- 4.86%)
Fold: 38 of 50 Acc: 85.29% Mean: 89.08% (+/- 4.84%)
Fold: 39 of 50 Acc: 91.18% Mean: 89.13% (+/- 4.79%)
Fold: 40 of 50 Acc: 88.24% Mean: 89.11% (+/- 4.73%)
Fold: 41 of 50 Acc: 91.43% Mean: 89.16% (+/- 4.68%)
Fold: 42 of 50 Acc: 94.29% Mean: 89.29% (+/- 4.69%)
Fold: 43 of 50 Acc: 91.18% Mean: 89.33% (+/- 4.65%)
Fold: 44 of 50 Acc: 88.24% Mean: 89.30% (+/- 4.60%)
Fold: 45 of 50 Acc: 91.18% Mean: 89.35% (+/- 4.55%)
Fold: 46 of 50 Acc: 85.29% Mean: 89.26% (+/- 4.54%)
Fold: 47 of 50 Acc: 94.12% Mean: 89.36% (+/- 4.55%)
Fold: 48 of 50 Acc: 85.29% Mean: 89.28% (+/- 4.54%)
Fold: 49 of 50 Acc: 88.24% Mean: 89.26% (+/- 4.49%)
Fold: 50 of 50 Acc: 88.24% Mean: 89.24% (+/- 4.45%)
Model Type: EfficientNetB0
Fold: 1 of 50 Acc: 80.00% Mean: 80.00% (+/- 0.00%)
Fold: 2 of 50 Acc: 100.00% Mean: 90.00% (+/- 10.00%)
Fold: 3 of 50 Acc: 91.18% Mean: 90.39% (+/- 8.18%)
Fold: 4 of 50 Acc: 94.12% Mean: 91.32% (+/- 7.27%)
Fold: 5 of 50 Acc: 88.24% Mean: 90.71% (+/- 6.62%)
Fold: 6 of 50 Acc: 97.06% Mean: 91.76% (+/- 6.49%)
Fold: 7 of 50 Acc: 88.24% Mean: 91.26% (+/- 6.13%)
Fold: 8 of 50 Acc: 79.41% Mean: 89.78% (+/- 6.95%)
Fold: 9 of 50 Acc: 88.24% Mean: 89.61% (+/- 6.57%)
Fold: 10 of 50 Acc: 88.24% Mean: 89.47% (+/- 6.24%)
Fold: 11 of 50 Acc: 88.57% Mean: 89.39% (+/- 5.96%)
Fold: 12 of 50 Acc: 82.86% Mean: 88.84% (+/- 5.98%)
Fold: 13 of 50 Acc: 91.18% Mean: 89.02% (+/- 5.78%)
Fold: 14 of 50 Acc: 94.12% Mean: 89.39% (+/- 5.73%)
Fold: 15 of 50 Acc: 88.24% Mean: 89.31% (+/- 5.54%)
Fold: 16 of 50 Acc: 94.12% Mean: 89.61% (+/- 5.49%)
Fold: 17 of 50 Acc: 85.29% Mean: 89.36% (+/- 5.42%)
Fold: 18 of 50 Acc: 94.12% Mean: 89.62% (+/- 5.38%)
Fold: 19 of 50 Acc: 88.24% Mean: 89.55% (+/- 5.24%)
Fold: 20 of 50 Acc: 82.35% Mean: 89.19% (+/- 5.35%)
Fold: 21 of 50 Acc: 94.29% Mean: 89.43% (+/- 5.33%)
Fold: 22 of 50 Acc: 88.57% Mean: 89.39% (+/- 5.21%)
Fold: 23 of 50 Acc: 88.24% Mean: 89.34% (+/- 5.10%)
Fold: 24 of 50 Acc: 91.18% Mean: 89.42% (+/- 5.01%)
Fold: 25 of 50 Acc: 91.18% Mean: 89.49% (+/- 4.92%)
Fold: 26 of 50 Acc: 88.24% Mean: 89.44% (+/- 4.83%)
Fold: 27 of 50 Acc: 76.47% Mean: 88.96% (+/- 5.33%)
Fold: 28 of 50 Acc: 88.24% Mean: 88.93% (+/- 5.24%)
Fold: 29 of 50 Acc: 91.18% Mean: 89.01% (+/- 5.16%)
Fold: 30 of 50 Acc: 85.29% Mean: 88.89% (+/- 5.12%)
Fold: 31 of 50 Acc: 85.71% Mean: 88.79% (+/- 5.07%)
Fold: 32 of 50 Acc: 91.43% Mean: 88.87% (+/- 5.01%)
Fold: 33 of 50 Acc: 82.35% Mean: 88.67% (+/- 5.06%)
Fold: 34 of 50 Acc: 73.53% Mean: 88.23% (+/- 5.60%)
Fold: 35 of 50 Acc: 88.24% Mean: 88.23% (+/- 5.52%)
Fold: 36 of 50 Acc: 88.24% Mean: 88.23% (+/- 5.44%)
Fold: 37 of 50 Acc: 88.24% Mean: 88.23% (+/- 5.37%)
Fold: 38 of 50 Acc: 91.18% Mean: 88.30% (+/- 5.32%)
Fold: 39 of 50 Acc: 88.24% Mean: 88.30% (+/- 5.25%)
Fold: 40 of 50 Acc: 97.06% Mean: 88.52% (+/- 5.36%)
Fold: 41 of 50 Acc: 97.14% Mean: 88.73% (+/- 5.46%)
Fold: 42 of 50 Acc: 91.43% Mean: 88.80% (+/- 5.41%)
Fold: 43 of 50 Acc: 94.12% Mean: 88.92% (+/- 5.41%)
Fold: 44 of 50 Acc: 88.24% Mean: 88.90% (+/- 5.35%)
Fold: 45 of 50 Acc: 85.29% Mean: 88.82% (+/- 5.31%)
Fold: 46 of 50 Acc: 94.12% Mean: 88.94% (+/- 5.31%)
Fold: 47 of 50 Acc: 94.12% Mean: 89.05% (+/- 5.31%)
Fold: 48 of 50 Acc: 79.41% Mean: 88.85% (+/- 5.43%)
Fold: 49 of 50 Acc: 88.24% Mean: 88.84% (+/- 5.38%)
Fold: 50 of 50 Acc: 85.29% Mean: 88.76% (+/- 5.34%)
Model Type: EfficientNetB1
Fold: 1 of 50 Acc: 80.00% Mean: 80.00% (+/- 0.00%)
Fold: 2 of 50 Acc: 88.57% Mean: 84.29% (+/- 4.29%)
Fold: 3 of 50 Acc: 88.24% Mean: 85.60% (+/- 3.96%)
Fold: 4 of 50 Acc: 94.12% Mean: 87.73% (+/- 5.04%)
Fold: 5 of 50 Acc: 91.18% Mean: 88.42% (+/- 4.71%)
Fold: 6 of 50 Acc: 91.18% Mean: 88.88% (+/- 4.42%)
Fold: 7 of 50 Acc: 88.24% Mean: 88.79% (+/- 4.10%)
Fold: 8 of 50 Acc: 79.41% Mean: 87.62% (+/- 4.93%)
Fold: 9 of 50 Acc: 94.12% Mean: 88.34% (+/- 5.08%)
Fold: 10 of 50 Acc: 94.12% Mean: 88.92% (+/- 5.12%)
Fold: 11 of 50 Acc: 80.00% Mean: 88.11% (+/- 5.51%)
Fold: 12 of 50 Acc: 85.71% Mean: 87.91% (+/- 5.32%)
Fold: 13 of 50 Acc: 88.24% Mean: 87.93% (+/- 5.11%)
Fold: 14 of 50 Acc: 91.18% Mean: 88.16% (+/- 5.00%)
Fold: 15 of 50 Acc: 88.24% Mean: 88.17% (+/- 4.83%)
Fold: 16 of 50 Acc: 91.18% Mean: 88.36% (+/- 4.73%)
Fold: 17 of 50 Acc: 91.18% Mean: 88.52% (+/- 4.64%)
Fold: 18 of 50 Acc: 94.12% Mean: 88.83% (+/- 4.69%)
Fold: 19 of 50 Acc: 88.24% Mean: 88.80% (+/- 4.56%)
Fold: 20 of 50 Acc: 82.35% Mean: 88.48% (+/- 4.66%)
Fold: 21 of 50 Acc: 91.43% Mean: 88.62% (+/- 4.59%)
Fold: 22 of 50 Acc: 88.57% Mean: 88.62% (+/- 4.49%)
Fold: 23 of 50 Acc: 85.29% Mean: 88.47% (+/- 4.44%)
Fold: 24 of 50 Acc: 91.18% Mean: 88.59% (+/- 4.38%)
Fold: 25 of 50 Acc: 94.12% Mean: 88.81% (+/- 4.43%)
Fold: 26 of 50 Acc: 100.00% Mean: 89.24% (+/- 4.85%)
Fold: 27 of 50 Acc: 79.41% Mean: 88.87% (+/- 5.11%)
Fold: 28 of 50 Acc: 91.18% Mean: 88.96% (+/- 5.03%)
Fold: 29 of 50 Acc: 94.12% Mean: 89.13% (+/- 5.03%)
Fold: 30 of 50 Acc: 85.29% Mean: 89.01% (+/- 5.00%)
Fold: 31 of 50 Acc: 85.71% Mean: 88.90% (+/- 4.95%)
Fold: 32 of 50 Acc: 94.29% Mean: 89.07% (+/- 4.96%)
Fold: 33 of 50 Acc: 94.12% Mean: 89.22% (+/- 4.96%)
Fold: 34 of 50 Acc: 82.35% Mean: 89.02% (+/- 5.02%)
Fold: 35 of 50 Acc: 91.18% Mean: 89.08% (+/- 4.96%)
Fold: 36 of 50 Acc: 85.29% Mean: 88.98% (+/- 4.93%)
Fold: 37 of 50 Acc: 82.35% Mean: 88.80% (+/- 4.98%)
Fold: 38 of 50 Acc: 94.12% Mean: 88.94% (+/- 4.99%)
Fold: 39 of 50 Acc: 94.12% Mean: 89.07% (+/- 4.99%)
Fold: 40 of 50 Acc: 97.06% Mean: 89.27% (+/- 5.09%)
Fold: 41 of 50 Acc: 88.57% Mean: 89.25% (+/- 5.03%)
Fold: 42 of 50 Acc: 91.43% Mean: 89.30% (+/- 4.98%)
Fold: 43 of 50 Acc: 88.24% Mean: 89.28% (+/- 4.92%)
Fold: 44 of 50 Acc: 91.18% Mean: 89.32% (+/- 4.87%)
Fold: 45 of 50 Acc: 88.24% Mean: 89.30% (+/- 4.82%)
Fold: 46 of 50 Acc: 91.18% Mean: 89.34% (+/- 4.78%)
Fold: 47 of 50 Acc: 88.24% Mean: 89.32% (+/- 4.73%)
Fold: 48 of 50 Acc: 82.35% Mean: 89.17% (+/- 4.78%)
Fold: 49 of 50 Acc: 85.29% Mean: 89.09% (+/- 4.77%)
Fold: 50 of 50 Acc: 88.24% Mean: 89.07% (+/- 4.72%)
Model Type: EfficientNetB2
Fold: 1 of 50 Acc: 85.71% Mean: 85.71% (+/- 0.00%)
Fold: 2 of 50 Acc: 91.43% Mean: 88.57% (+/- 2.86%)
Fold: 3 of 50 Acc: 85.29% Mean: 87.48% (+/- 2.80%)
Fold: 4 of 50 Acc: 85.29% Mean: 86.93% (+/- 2.60%)
Fold: 5 of 50 Acc: 82.35% Mean: 86.02% (+/- 2.96%)
Fold: 6 of 50 Acc: 88.24% Mean: 86.39% (+/- 2.83%)
Fold: 7 of 50 Acc: 88.24% Mean: 86.65% (+/- 2.70%)
Fold: 8 of 50 Acc: 88.24% Mean: 86.85% (+/- 2.58%)
Fold: 9 of 50 Acc: 88.24% Mean: 87.00% (+/- 2.47%)
Fold: 10 of 50 Acc: 88.24% Mean: 87.13% (+/- 2.37%)
Fold: 11 of 50 Acc: 82.86% Mean: 86.74% (+/- 2.57%)
Fold: 12 of 50 Acc: 91.43% Mean: 87.13% (+/- 2.78%)
Fold: 13 of 50 Acc: 94.12% Mean: 87.67% (+/- 3.26%)
Fold: 14 of 50 Acc: 94.12% Mean: 88.13% (+/- 3.55%)
Fold: 15 of 50 Acc: 91.18% Mean: 88.33% (+/- 3.51%)
Fold: 16 of 50 Acc: 85.29% Mean: 88.14% (+/- 3.48%)
Fold: 17 of 50 Acc: 88.24% Mean: 88.15% (+/- 3.38%)
Fold: 18 of 50 Acc: 97.06% Mean: 88.64% (+/- 3.87%)
Fold: 19 of 50 Acc: 85.29% Mean: 88.47% (+/- 3.84%)
Fold: 20 of 50 Acc: 76.47% Mean: 87.87% (+/- 4.56%)
Fold: 21 of 50 Acc: 85.71% Mean: 87.76% (+/- 4.48%)
Fold: 22 of 50 Acc: 82.86% Mean: 87.54% (+/- 4.49%)
Fold: 23 of 50 Acc: 85.29% Mean: 87.44% (+/- 4.42%)
Fold: 24 of 50 Acc: 88.24% Mean: 87.48% (+/- 4.33%)
Fold: 25 of 50 Acc: 91.18% Mean: 87.62% (+/- 4.30%)
Fold: 26 of 50 Acc: 88.24% Mean: 87.65% (+/- 4.22%)
Fold: 27 of 50 Acc: 76.47% Mean: 87.23% (+/- 4.65%)
Fold: 28 of 50 Acc: 88.24% Mean: 87.27% (+/- 4.57%)
Fold: 29 of 50 Acc: 85.29% Mean: 87.20% (+/- 4.50%)
Fold: 30 of 50 Acc: 85.29% Mean: 87.14% (+/- 4.44%)
Fold: 31 of 50 Acc: 88.57% Mean: 87.18% (+/- 4.37%)
Fold: 32 of 50 Acc: 88.57% Mean: 87.23% (+/- 4.31%)
Fold: 33 of 50 Acc: 94.12% Mean: 87.44% (+/- 4.41%)
Fold: 34 of 50 Acc: 79.41% Mean: 87.20% (+/- 4.55%)
Fold: 35 of 50 Acc: 85.29% Mean: 87.15% (+/- 4.49%)
Fold: 36 of 50 Acc: 82.35% Mean: 87.01% (+/- 4.50%)
Fold: 37 of 50 Acc: 79.41% Mean: 86.81% (+/- 4.61%)
Fold: 38 of 50 Acc: 97.06% Mean: 87.08% (+/- 4.83%)
Fold: 39 of 50 Acc: 82.35% Mean: 86.96% (+/- 4.83%)
Fold: 40 of 50 Acc: 91.18% Mean: 87.06% (+/- 4.81%)
Fold: 41 of 50 Acc: 88.57% Mean: 87.10% (+/- 4.76%)
Fold: 42 of 50 Acc: 91.43% Mean: 87.20% (+/- 4.75%)
Fold: 43 of 50 Acc: 91.18% Mean: 87.29% (+/- 4.73%)
Fold: 44 of 50 Acc: 79.41% Mean: 87.11% (+/- 4.82%)
Fold: 45 of 50 Acc: 94.12% Mean: 87.27% (+/- 4.88%)
Fold: 46 of 50 Acc: 88.24% Mean: 87.29% (+/- 4.83%)
Fold: 47 of 50 Acc: 91.18% Mean: 87.37% (+/- 4.81%)
Fold: 48 of 50 Acc: 73.53% Mean: 87.09% (+/- 5.15%)
Fold: 49 of 50 Acc: 91.18% Mean: 87.17% (+/- 5.13%)
Fold: 50 of 50 Acc: 91.18% Mean: 87.25% (+/- 5.11%)
Model Type: EfficientNetB3
Fold: 1 of 50 Acc: 82.86% Mean: 82.86% (+/- 0.00%)
Fold: 2 of 50 Acc: 94.29% Mean: 88.57% (+/- 5.71%)
Fold: 3 of 50 Acc: 88.24% Mean: 88.46% (+/- 4.67%)
Fold: 4 of 50 Acc: 97.06% Mean: 90.61% (+/- 5.50%)
Fold: 5 of 50 Acc: 88.24% Mean: 90.13% (+/- 5.01%)
Fold: 6 of 50 Acc: 94.12% Mean: 90.80% (+/- 4.81%)
Fold: 7 of 50 Acc: 85.29% Mean: 90.01% (+/- 4.85%)
Fold: 8 of 50 Acc: 82.35% Mean: 89.05% (+/- 5.19%)
Fold: 9 of 50 Acc: 94.12% Mean: 89.62% (+/- 5.15%)
Fold: 10 of 50 Acc: 85.29% Mean: 89.18% (+/- 5.05%)
Fold: 11 of 50 Acc: 88.57% Mean: 89.13% (+/- 4.82%)
Fold: 12 of 50 Acc: 82.86% Mean: 88.61% (+/- 4.93%)
Fold: 13 of 50 Acc: 91.18% Mean: 88.80% (+/- 4.79%)
Fold: 14 of 50 Acc: 97.06% Mean: 89.39% (+/- 5.08%)
Fold: 15 of 50 Acc: 91.18% Mean: 89.51% (+/- 4.93%)
Fold: 16 of 50 Acc: 85.29% Mean: 89.25% (+/- 4.88%)
Fold: 17 of 50 Acc: 85.29% Mean: 89.02% (+/- 4.82%)
Fold: 18 of 50 Acc: 94.12% Mean: 89.30% (+/- 4.83%)
Fold: 19 of 50 Acc: 94.12% Mean: 89.55% (+/- 4.82%)
Fold: 20 of 50 Acc: 85.29% Mean: 89.34% (+/- 4.79%)
Fold: 21 of 50 Acc: 91.43% Mean: 89.44% (+/- 4.70%)
Fold: 22 of 50 Acc: 85.71% Mean: 89.27% (+/- 4.66%)
Fold: 23 of 50 Acc: 97.06% Mean: 89.61% (+/- 4.82%)
Fold: 24 of 50 Acc: 88.24% Mean: 89.55% (+/- 4.73%)
Fold: 25 of 50 Acc: 94.12% Mean: 89.73% (+/- 4.72%)
Fold: 26 of 50 Acc: 91.18% Mean: 89.79% (+/- 4.64%)
Fold: 27 of 50 Acc: 79.41% Mean: 89.41% (+/- 4.95%)
Fold: 28 of 50 Acc: 91.18% Mean: 89.47% (+/- 4.87%)
Fold: 29 of 50 Acc: 88.24% Mean: 89.43% (+/- 4.80%)
Fold: 30 of 50 Acc: 79.41% Mean: 89.09% (+/- 5.05%)
Fold: 31 of 50 Acc: 88.57% Mean: 89.08% (+/- 4.96%)
Fold: 32 of 50 Acc: 94.29% Mean: 89.24% (+/- 4.97%)
Fold: 33 of 50 Acc: 91.18% Mean: 89.30% (+/- 4.91%)
Fold: 34 of 50 Acc: 82.35% Mean: 89.09% (+/- 4.97%)
Fold: 35 of 50 Acc: 88.24% Mean: 89.07% (+/- 4.90%)
Fold: 36 of 50 Acc: 88.24% Mean: 89.05% (+/- 4.84%)
Fold: 37 of 50 Acc: 85.29% Mean: 88.94% (+/- 4.81%)
Fold: 38 of 50 Acc: 91.18% Mean: 89.00% (+/- 4.76%)
Fold: 39 of 50 Acc: 88.24% Mean: 88.98% (+/- 4.70%)
Fold: 40 of 50 Acc: 94.12% Mean: 89.11% (+/- 4.71%)
Fold: 41 of 50 Acc: 91.43% Mean: 89.17% (+/- 4.67%)
Fold: 42 of 50 Acc: 91.43% Mean: 89.22% (+/- 4.62%)
Fold: 43 of 50 Acc: 79.41% Mean: 88.99% (+/- 4.80%)
Fold: 44 of 50 Acc: 85.29% Mean: 88.91% (+/- 4.78%)
Fold: 45 of 50 Acc: 91.18% Mean: 88.96% (+/- 4.74%)
Fold: 46 of 50 Acc: 91.18% Mean: 89.01% (+/- 4.70%)
Fold: 47 of 50 Acc: 94.12% Mean: 89.12% (+/- 4.70%)
Fold: 48 of 50 Acc: 79.41% Mean: 88.91% (+/- 4.86%)
Fold: 49 of 50 Acc: 91.18% Mean: 88.96% (+/- 4.82%)
Fold: 50 of 50 Acc: 91.18% Mean: 89.01% (+/- 4.78%)
Model Type: EfficientNetB4
Fold: 1 of 50 Acc: 82.86% Mean: 82.86% (+/- 0.00%)
Fold: 2 of 50 Acc: 91.43% Mean: 87.14% (+/- 4.29%)
Fold: 3 of 50 Acc: 82.35% Mean: 85.55% (+/- 4.16%)
Fold: 4 of 50 Acc: 94.12% Mean: 87.69% (+/- 5.18%)
Fold: 5 of 50 Acc: 91.18% Mean: 88.39% (+/- 4.83%)
Fold: 6 of 50 Acc: 85.29% Mean: 87.87% (+/- 4.56%)
Fold: 7 of 50 Acc: 85.29% Mean: 87.50% (+/- 4.32%)
Fold: 8 of 50 Acc: 91.18% Mean: 87.96% (+/- 4.22%)
Fold: 9 of 50 Acc: 94.12% Mean: 88.65% (+/- 4.42%)
Fold: 10 of 50 Acc: 82.35% Mean: 88.02% (+/- 4.60%)
Fold: 11 of 50 Acc: 88.57% Mean: 88.07% (+/- 4.39%)
Fold: 12 of 50 Acc: 80.00% Mean: 87.39% (+/- 4.76%)
Fold: 13 of 50 Acc: 94.12% Mean: 87.91% (+/- 4.91%)
Fold: 14 of 50 Acc: 100.00% Mean: 88.78% (+/- 5.66%)
Fold: 15 of 50 Acc: 91.18% Mean: 88.94% (+/- 5.50%)
Fold: 16 of 50 Acc: 94.12% Mean: 89.26% (+/- 5.47%)
Fold: 17 of 50 Acc: 82.35% Mean: 88.85% (+/- 5.55%)
Fold: 18 of 50 Acc: 91.18% Mean: 88.98% (+/- 5.42%)
Fold: 19 of 50 Acc: 85.29% Mean: 88.79% (+/- 5.34%)
Fold: 20 of 50 Acc: 88.24% Mean: 88.76% (+/- 5.21%)
Fold: 21 of 50 Acc: 85.71% Mean: 88.62% (+/- 5.12%)
Fold: 22 of 50 Acc: 88.57% Mean: 88.61% (+/- 5.01%)
Fold: 23 of 50 Acc: 82.35% Mean: 88.34% (+/- 5.06%)
Fold: 24 of 50 Acc: 88.24% Mean: 88.34% (+/- 4.95%)
Fold: 25 of 50 Acc: 91.18% Mean: 88.45% (+/- 4.89%)
Fold: 26 of 50 Acc: 88.24% Mean: 88.44% (+/- 4.79%)
Fold: 27 of 50 Acc: 76.47% Mean: 88.00% (+/- 5.22%)
Fold: 28 of 50 Acc: 88.24% Mean: 88.01% (+/- 5.12%)
Fold: 29 of 50 Acc: 91.18% Mean: 88.12% (+/- 5.07%)
Fold: 30 of 50 Acc: 88.24% Mean: 88.12% (+/- 4.98%)
Fold: 31 of 50 Acc: 88.57% Mean: 88.13% (+/- 4.90%)
Fold: 32 of 50 Acc: 94.29% Mean: 88.33% (+/- 4.94%)
Fold: 33 of 50 Acc: 91.18% Mean: 88.41% (+/- 4.89%)
Fold: 34 of 50 Acc: 79.41% Mean: 88.15% (+/- 5.05%)
Fold: 35 of 50 Acc: 88.24% Mean: 88.15% (+/- 4.98%)
Fold: 36 of 50 Acc: 88.24% Mean: 88.15% (+/- 4.91%)
Fold: 37 of 50 Acc: 88.24% Mean: 88.16% (+/- 4.84%)
Fold: 38 of 50 Acc: 91.18% Mean: 88.24% (+/- 4.80%)
Fold: 39 of 50 Acc: 85.29% Mean: 88.16% (+/- 4.76%)
Fold: 40 of 50 Acc: 88.24% Mean: 88.16% (+/- 4.70%)
Fold: 41 of 50 Acc: 97.14% Mean: 88.38% (+/- 4.85%)
Fold: 42 of 50 Acc: 91.43% Mean: 88.45% (+/- 4.81%)
Fold: 43 of 50 Acc: 85.29% Mean: 88.38% (+/- 4.78%)
Fold: 44 of 50 Acc: 88.24% Mean: 88.38% (+/- 4.73%)
Fold: 45 of 50 Acc: 91.18% Mean: 88.44% (+/- 4.69%)
Fold: 46 of 50 Acc: 85.29% Mean: 88.37% (+/- 4.66%)
Fold: 47 of 50 Acc: 91.18% Mean: 88.43% (+/- 4.63%)
Fold: 48 of 50 Acc: 79.41% Mean: 88.24% (+/- 4.76%)
Fold: 49 of 50 Acc: 82.35% Mean: 88.12% (+/- 4.78%)
Fold: 50 of 50 Acc: 88.24% Mean: 88.12% (+/- 4.74%)
Model Type: EfficientNetB5
Fold: 1 of 50 Acc: 82.86% Mean: 82.86% (+/- 0.00%)
Fold: 2 of 50 Acc: 97.14% Mean: 90.00% (+/- 7.14%)
Fold: 3 of 50 Acc: 88.24% Mean: 89.41% (+/- 5.89%)
Fold: 4 of 50 Acc: 94.12% Mean: 90.59% (+/- 5.49%)
Fold: 5 of 50 Acc: 85.29% Mean: 89.53% (+/- 5.35%)
Fold: 6 of 50 Acc: 85.29% Mean: 88.82% (+/- 5.13%)
Fold: 7 of 50 Acc: 85.29% Mean: 88.32% (+/- 4.91%)
Fold: 8 of 50 Acc: 88.24% Mean: 88.31% (+/- 4.59%)
Fold: 9 of 50 Acc: 85.29% Mean: 87.97% (+/- 4.43%)
Fold: 10 of 50 Acc: 91.18% Mean: 88.29% (+/- 4.31%)
Fold: 11 of 50 Acc: 97.14% Mean: 89.10% (+/- 4.84%)
Fold: 12 of 50 Acc: 82.86% Mean: 88.58% (+/- 4.94%)
Fold: 13 of 50 Acc: 94.12% Mean: 89.00% (+/- 4.97%)
Fold: 14 of 50 Acc: 94.12% Mean: 89.37% (+/- 4.97%)
Fold: 15 of 50 Acc: 85.29% Mean: 89.10% (+/- 4.91%)
Fold: 16 of 50 Acc: 91.18% Mean: 89.23% (+/- 4.78%)
Fold: 17 of 50 Acc: 88.24% Mean: 89.17% (+/- 4.64%)
Fold: 18 of 50 Acc: 91.18% Mean: 89.28% (+/- 4.53%)
Fold: 19 of 50 Acc: 88.24% Mean: 89.23% (+/- 4.42%)
Fold: 20 of 50 Acc: 88.24% Mean: 89.18% (+/- 4.31%)
Fold: 21 of 50 Acc: 91.43% Mean: 89.28% (+/- 4.24%)
Fold: 22 of 50 Acc: 91.43% Mean: 89.38% (+/- 4.16%)
Fold: 23 of 50 Acc: 94.12% Mean: 89.59% (+/- 4.18%)
Fold: 24 of 50 Acc: 91.18% Mean: 89.65% (+/- 4.11%)
Fold: 25 of 50 Acc: 88.24% Mean: 89.60% (+/- 4.03%)
Fold: 26 of 50 Acc: 91.18% Mean: 89.66% (+/- 3.97%)
Fold: 27 of 50 Acc: 82.35% Mean: 89.39% (+/- 4.13%)
Fold: 28 of 50 Acc: 91.18% Mean: 89.45% (+/- 4.07%)
Fold: 29 of 50 Acc: 91.18% Mean: 89.51% (+/- 4.01%)
Fold: 30 of 50 Acc: 88.24% Mean: 89.47% (+/- 3.95%)
Fold: 31 of 50 Acc: 85.71% Mean: 89.35% (+/- 3.94%)
Fold: 32 of 50 Acc: 91.43% Mean: 89.41% (+/- 3.90%)
Fold: 33 of 50 Acc: 91.18% Mean: 89.47% (+/- 3.85%)
Fold: 34 of 50 Acc: 82.35% Mean: 89.26% (+/- 3.98%)
Fold: 35 of 50 Acc: 88.24% Mean: 89.23% (+/- 3.92%)
Fold: 36 of 50 Acc: 88.24% Mean: 89.20% (+/- 3.87%)
Fold: 37 of 50 Acc: 88.24% Mean: 89.17% (+/- 3.82%)
Fold: 38 of 50 Acc: 91.18% Mean: 89.23% (+/- 3.79%)
Fold: 39 of 50 Acc: 91.18% Mean: 89.28% (+/- 3.75%)
Fold: 40 of 50 Acc: 94.12% Mean: 89.40% (+/- 3.78%)
Fold: 41 of 50 Acc: 91.43% Mean: 89.45% (+/- 3.75%)
Fold: 42 of 50 Acc: 91.43% Mean: 89.49% (+/- 3.71%)
Fold: 43 of 50 Acc: 91.18% Mean: 89.53% (+/- 3.68%)
Fold: 44 of 50 Acc: 88.24% Mean: 89.50% (+/- 3.64%)
Fold: 45 of 50 Acc: 97.06% Mean: 89.67% (+/- 3.77%)
Fold: 46 of 50 Acc: 88.24% Mean: 89.64% (+/- 3.73%)
Fold: 47 of 50 Acc: 97.06% Mean: 89.80% (+/- 3.85%)
Fold: 48 of 50 Acc: 79.41% Mean: 89.58% (+/- 4.09%)
Fold: 49 of 50 Acc: 88.24% Mean: 89.55% (+/- 4.05%)
Fold: 50 of 50 Acc: 88.24% Mean: 89.53% (+/- 4.01%)
Machine: SNOOPY
Date: 14/02/2023 Time: 15:39:11
Config. Number: 8
Alternative Dense Layer: False
Pooling Application Layer: avg
Data Augmentation: False
Data Augmentation Multiplier: 1
Fine Tuning: False
Multi Optimizer: False
Optimizer: RMSprop
Batch Size: 16
Restore Best Weights: False

Model Type: EfficientNetB6
Fold: 1 of 50 Acc: 88.57% Mean: 88.57% (+/- 0.00%)
Fold: 2 of 50 Acc: 88.57% Mean: 88.57% (+/- 0.00%)
Fold: 3 of 50 Acc: 79.41% Mean: 85.52% (+/- 4.32%)
Fold: 4 of 50 Acc: 91.18% Mean: 86.93% (+/- 4.47%)
Fold: 5 of 50 Acc: 88.24% Mean: 87.19% (+/- 4.03%)
Fold: 6 of 50 Acc: 85.29% Mean: 86.88% (+/- 3.75%)
Fold: 7 of 50 Acc: 82.35% Mean: 86.23% (+/- 3.81%)
Fold: 8 of 50 Acc: 88.24% Mean: 86.48% (+/- 3.63%)
Fold: 9 of 50 Acc: 85.29% Mean: 86.35% (+/- 3.44%)
Fold: 10 of 50 Acc: 88.24% Mean: 86.54% (+/- 3.31%)
Fold: 11 of 50 Acc: 85.71% Mean: 86.46% (+/- 3.17%)
Fold: 12 of 50 Acc: 82.86% Mean: 86.16% (+/- 3.19%)
Fold: 13 of 50 Acc: 82.35% Mean: 85.87% (+/- 3.23%)
Fold: 14 of 50 Acc: 94.12% Mean: 86.46% (+/- 3.77%)
Fold: 15 of 50 Acc: 82.35% Mean: 86.18% (+/- 3.78%)
Fold: 16 of 50 Acc: 94.12% Mean: 86.68% (+/- 4.14%)
Fold: 17 of 50 Acc: 85.29% Mean: 86.60% (+/- 4.03%)
Fold: 18 of 50 Acc: 85.29% Mean: 86.53% (+/- 3.92%)
Fold: 19 of 50 Acc: 85.29% Mean: 86.46% (+/- 3.83%)
Fold: 20 of 50 Acc: 79.41% Mean: 86.11% (+/- 4.04%)
Fold: 21 of 50 Acc: 80.00% Mean: 85.82% (+/- 4.15%)
Fold: 22 of 50 Acc: 85.71% Mean: 85.81% (+/- 4.05%)
Fold: 23 of 50 Acc: 82.35% Mean: 85.66% (+/- 4.03%)
Fold: 24 of 50 Acc: 88.24% Mean: 85.77% (+/- 3.97%)
Fold: 25 of 50 Acc: 85.29% Mean: 85.75% (+/- 3.90%)
Fold: 26 of 50 Acc: 100.00% Mean: 86.30% (+/- 4.70%)
Fold: 27 of 50 Acc: 79.41% Mean: 86.04% (+/- 4.79%)
Fold: 28 of 50 Acc: 91.18% Mean: 86.23% (+/- 4.80%)
Fold: 29 of 50 Acc: 79.41% Mean: 85.99% (+/- 4.88%)
Fold: 30 of 50 Acc: 88.24% Mean: 86.07% (+/- 4.81%)
Fold: 31 of 50 Acc: 88.57% Mean: 86.15% (+/- 4.76%)
Fold: 32 of 50 Acc: 94.29% Mean: 86.40% (+/- 4.89%)
Fold: 33 of 50 Acc: 97.06% Mean: 86.73% (+/- 5.15%)
Fold: 34 of 50 Acc: 82.35% Mean: 86.60% (+/- 5.13%)
Fold: 35 of 50 Acc: 88.24% Mean: 86.64% (+/- 5.06%)
Fold: 36 of 50 Acc: 82.35% Mean: 86.52% (+/- 5.04%)
Fold: 37 of 50 Acc: 82.35% Mean: 86.41% (+/- 5.02%)
Fold: 38 of 50 Acc: 94.12% Mean: 86.61% (+/- 5.10%)
Fold: 39 of 50 Acc: 94.12% Mean: 86.81% (+/- 5.17%)
Fold: 40 of 50 Acc: 94.12% Mean: 86.99% (+/- 5.24%)
Fold: 41 of 50 Acc: 88.57% Mean: 87.03% (+/- 5.18%)
Fold: 42 of 50 Acc: 91.43% Mean: 87.13% (+/- 5.16%)
Fold: 43 of 50 Acc: 85.29% Mean: 87.09% (+/- 5.11%)
Fold: 44 of 50 Acc: 88.24% Mean: 87.12% (+/- 5.05%)
Fold: 45 of 50 Acc: 91.18% Mean: 87.21% (+/- 5.03%)
Machine: SNOOPY
Date: 15/02/2023 Time: 11:42:03
Config. Number: 8
Alternative Dense Layer: False
Pooling Application Layer: avg
Data Augmentation: False
Data Augmentation Multiplier: 1
Fine Tuning: False
Multi Optimizer: False
Optimizer: RMSprop
Batch Size: 16
Restore Best Weights: False

Model Type: EfficientNetB6
Fold: 1 of 50 Acc: 88.57% Mean: 88.57% (+/- 0.00%)
Fold: 2 of 50 Acc: 88.57% Mean: 88.57% (+/- 0.00%)
Fold: 3 of 50 Acc: 79.41% Mean: 85.52% (+/- 4.32%)
Fold: 4 of 50 Acc: 91.18% Mean: 86.93% (+/- 4.47%)
Fold: 5 of 50 Acc: 88.24% Mean: 87.19% (+/- 4.03%)
Fold: 6 of 50 Acc: 85.29% Mean: 86.88% (+/- 3.75%)
Fold: 7 of 50 Acc: 82.35% Mean: 86.23% (+/- 3.81%)
Fold: 8 of 50 Acc: 88.24% Mean: 86.48% (+/- 3.63%)
Fold: 9 of 50 Acc: 85.29% Mean: 86.35% (+/- 3.44%)
Fold: 10 of 50 Acc: 88.24% Mean: 86.54% (+/- 3.31%)
Fold: 11 of 50 Acc: 85.71% Mean: 86.46% (+/- 3.17%)
Fold: 12 of 50 Acc: 82.86% Mean: 86.16% (+/- 3.19%)
Fold: 13 of 50 Acc: 82.35% Mean: 85.87% (+/- 3.23%)
Fold: 14 of 50 Acc: 94.12% Mean: 86.46% (+/- 3.77%)
Fold: 15 of 50 Acc: 82.35% Mean: 86.18% (+/- 3.78%)
Fold: 16 of 50 Acc: 94.12% Mean: 86.68% (+/- 4.14%)
Fold: 17 of 50 Acc: 85.29% Mean: 86.60% (+/- 4.03%)
Fold: 18 of 50 Acc: 85.29% Mean: 86.53% (+/- 3.92%)
Fold: 19 of 50 Acc: 85.29% Mean: 86.46% (+/- 3.83%)
Fold: 20 of 50 Acc: 79.41% Mean: 86.11% (+/- 4.04%)
Fold: 21 of 50 Acc: 80.00% Mean: 85.82% (+/- 4.15%)
Fold: 22 of 50 Acc: 85.71% Mean: 85.81% (+/- 4.05%)
Fold: 23 of 50 Acc: 82.35% Mean: 85.66% (+/- 4.03%)
Fold: 24 of 50 Acc: 88.24% Mean: 85.77% (+/- 3.97%)
Fold: 25 of 50 Acc: 85.29% Mean: 85.75% (+/- 3.90%)
Fold: 26 of 50 Acc: 100.00% Mean: 86.30% (+/- 4.70%)
Fold: 27 of 50 Acc: 79.41% Mean: 86.04% (+/- 4.79%)
Fold: 28 of 50 Acc: 91.18% Mean: 86.23% (+/- 4.80%)
Fold: 29 of 50 Acc: 79.41% Mean: 85.99% (+/- 4.88%)
Fold: 30 of 50 Acc: 88.24% Mean: 86.07% (+/- 4.81%)
Fold: 31 of 50 Acc: 88.57% Mean: 86.15% (+/- 4.76%)
Fold: 32 of 50 Acc: 94.29% Mean: 86.40% (+/- 4.89%)
Fold: 33 of 50 Acc: 97.06% Mean: 86.73% (+/- 5.15%)
Fold: 34 of 50 Acc: 82.35% Mean: 86.60% (+/- 5.13%)
Fold: 35 of 50 Acc: 88.24% Mean: 86.64% (+/- 5.06%)
Fold: 36 of 50 Acc: 82.35% Mean: 86.52% (+/- 5.04%)
Fold: 37 of 50 Acc: 82.35% Mean: 86.41% (+/- 5.02%)
Fold: 38 of 50 Acc: 94.12% Mean: 86.61% (+/- 5.10%)
Fold: 39 of 50 Acc: 94.12% Mean: 86.81% (+/- 5.17%)
Fold: 40 of 50 Acc: 94.12% Mean: 86.99% (+/- 5.24%)
Fold: 41 of 50 Acc: 88.57% Mean: 87.03% (+/- 5.18%)
Fold: 42 of 50 Acc: 91.43% Mean: 87.13% (+/- 5.16%)
Fold: 43 of 50 Acc: 85.29% Mean: 87.09% (+/- 5.11%)
Fold: 44 of 50 Acc: 88.24% Mean: 87.12% (+/- 5.05%)
Fold: 45 of 50 Acc: 91.18% Mean: 87.21% (+/- 5.03%)
Fold: 46 of 50 Acc: 91.18% Mean: 87.29% (+/- 5.01%)
Fold: 47 of 50 Acc: 85.29% Mean: 87.25% (+/- 4.96%)
Fold: 48 of 50 Acc: 76.47% Mean: 87.03% (+/- 5.15%)
Fold: 49 of 50 Acc: 88.24% Mean: 87.05% (+/- 5.10%)
Fold: 50 of 50 Acc: 94.12% Mean: 87.19% (+/- 5.14%)
