Machine: PRECISION
Date: 15/02/2023 Time: 11:46:08
Config.: D
Alternative Dense Layer: False
Pooling Application Layer: avg
Data Augmentation: False
Data Augmentation Multiplier: 1
Fine Tuning: True
Multi Optimizer: False
Optimizer: Adam
Batch Size: 16
Restore Best Weights: False
Model: EfficientNetB4

TensorFlow crashed. Retrying...
TensorFlow crashed. Retrying...
TensorFlow crashed. Retrying with batch_size=8.
Instance: 1 Fold: 1 of 50 Acc: 91.43% Mean: 91.43% (+/- 0.00%)
Instance: 1 Fold: 2 of 50 Acc: 97.14% Mean: 94.29% (+/- 2.86%)
Instance: 1 Fold: 3 of 50 Acc: 91.18% Mean: 93.25% (+/- 2.76%)
Instance: 1 Fold: 4 of 50 Acc: 94.12% Mean: 93.47% (+/- 2.42%)
Instance: 1 Fold: 5 of 50 Acc: 94.12% Mean: 93.60% (+/- 2.18%)
Instance: 1 Fold: 6 of 50 Acc: 94.12% Mean: 93.68% (+/- 2.00%)
Instance: 1 Fold: 7 of 50 Acc: 91.18% Mean: 93.33% (+/- 2.05%)
Instance: 1 Fold: 8 of 50 Acc: 88.24% Mean: 92.69% (+/- 2.55%)
Instance: 1 Fold: 9 of 50 Acc: 94.12% Mean: 92.85% (+/- 2.44%)
Instance: 1 Fold: 10 of 50 Acc: 91.18% Mean: 92.68% (+/- 2.37%)
Instance: 1 Fold: 11 of 50 Acc: 97.14% Mean: 93.09% (+/- 2.60%)
Instance: 1 Fold: 12 of 50 Acc: 88.57% Mean: 92.71% (+/- 2.78%)
Instance: 1 Fold: 13 of 50 Acc: 100.00% Mean: 93.27% (+/- 3.31%)
Instance: 1 Fold: 14 of 50 Acc: 100.00% Mean: 93.75% (+/- 3.63%)
Instance: 1 Fold: 15 of 50 Acc: 94.12% Mean: 93.78% (+/- 3.51%)
Instance: 1 Fold: 16 of 50 Acc: 88.24% Mean: 93.43% (+/- 3.65%)
Instance: 1 Fold: 17 of 50 Acc: 100.00% Mean: 93.82% (+/- 3.86%)
Instance: 1 Fold: 18 of 50 Acc: 100.00% Mean: 94.16% (+/- 4.01%)
Instance: 1 Fold: 19 of 50 Acc: 97.06% Mean: 94.31% (+/- 3.96%)
Instance: 1 Fold: 20 of 50 Acc: 100.00% Mean: 94.60% (+/- 4.05%)
Instance: 1 Fold: 21 of 50 Acc: 94.29% Mean: 94.58% (+/- 3.96%)
Instance: 1 Fold: 22 of 50 Acc: 91.43% Mean: 94.44% (+/- 3.92%)
Instance: 1 Fold: 23 of 50 Acc: 94.12% Mean: 94.42% (+/- 3.83%)
Instance: 1 Fold: 24 of 50 Acc: 100.00% Mean: 94.66% (+/- 3.92%)
Instance: 1 Fold: 25 of 50 Acc: 100.00% Mean: 94.87% (+/- 3.98%)
Instance: 1 Fold: 26 of 50 Acc: 94.12% Mean: 94.84% (+/- 3.90%)
Instance: 1 Fold: 27 of 50 Acc: 91.18% Mean: 94.71% (+/- 3.89%)
Instance: 1 Fold: 28 of 50 Acc: 97.06% Mean: 94.79% (+/- 3.85%)
Instance: 1 Fold: 29 of 50 Acc: 94.12% Mean: 94.77% (+/- 3.78%)
Instance: 1 Fold: 30 of 50 Acc: 91.18% Mean: 94.65% (+/- 3.77%)
Instance: 1 Fold: 31 of 50 Acc: 94.29% Mean: 94.64% (+/- 3.71%)
Instance: 1 Fold: 32 of 50 Acc: 97.14% Mean: 94.71% (+/- 3.68%)
Instance: 1 Fold: 33 of 50 Acc: 94.12% Mean: 94.70% (+/- 3.63%)
Instance: 1 Fold: 34 of 50 Acc: 88.24% Mean: 94.51% (+/- 3.73%)
Instance: 1 Fold: 35 of 50 Acc: 97.06% Mean: 94.58% (+/- 3.71%)
Instance: 1 Fold: 36 of 50 Acc: 91.18% Mean: 94.48% (+/- 3.70%)
Instance: 1 Fold: 37 of 50 Acc: 94.12% Mean: 94.47% (+/- 3.65%)
Instance: 1 Fold: 38 of 50 Acc: 100.00% Mean: 94.62% (+/- 3.71%)
Instance: 1 Fold: 39 of 50 Acc: 91.18% Mean: 94.53% (+/- 3.70%)
Instance: 1 Fold: 40 of 50 Acc: 100.00% Mean: 94.67% (+/- 3.75%)
Instance: 1 Fold: 41 of 50 Acc: 91.43% Mean: 94.59% (+/- 3.74%)
Instance: 1 Fold: 42 of 50 Acc: 100.00% Mean: 94.72% (+/- 3.78%)
Instance: 1 Fold: 43 of 50 Acc: 91.18% Mean: 94.64% (+/- 3.78%)
Instance: 1 Fold: 44 of 50 Acc: 91.18% Mean: 94.56% (+/- 3.77%)
Instance: 1 Fold: 45 of 50 Acc: 97.06% Mean: 94.61% (+/- 3.75%)
Instance: 1 Fold: 46 of 50 Acc: 100.00% Mean: 94.73% (+/- 3.79%)
Instance: 1 Fold: 47 of 50 Acc: 94.12% Mean: 94.72% (+/- 3.75%)
Instance: 1 Fold: 48 of 50 Acc: 94.12% Mean: 94.70% (+/- 3.71%)
Instance: 1 Fold: 49 of 50 Acc: 94.12% Mean: 94.69% (+/- 3.67%)
Instance: 1 Fold: 50 of 50 Acc: 88.24% Mean: 94.56% (+/- 3.75%)
Instance: 2 Fold: 1 of 50 Acc: 94.29% Mean: 94.56% (+/- 3.71%)
Instance: 2 Fold: 2 of 50 Acc: 97.14% Mean: 94.61% (+/- 3.69%)
Instance: 2 Fold: 3 of 50 Acc: 94.12% Mean: 94.60% (+/- 3.66%)
Instance: 2 Fold: 4 of 50 Acc: 85.29% Mean: 94.43% (+/- 3.83%)
Instance: 2 Fold: 5 of 50 Acc: 97.06% Mean: 94.47% (+/- 3.81%)
Instance: 2 Fold: 6 of 50 Acc: 94.12% Mean: 94.47% (+/- 3.78%)
Instance: 2 Fold: 7 of 50 Acc: 94.12% Mean: 94.46% (+/- 3.75%)
Instance: 2 Fold: 8 of 50 Acc: 91.18% Mean: 94.40% (+/- 3.74%)
Instance: 2 Fold: 9 of 50 Acc: 94.12% Mean: 94.40% (+/- 3.71%)
Instance: 2 Fold: 10 of 50 Acc: 94.12% Mean: 94.39% (+/- 3.68%)
Instance: 2 Fold: 11 of 50 Acc: 97.14% Mean: 94.44% (+/- 3.66%)
Instance: 2 Fold: 12 of 50 Acc: 91.43% Mean: 94.39% (+/- 3.65%)
Instance: 2 Fold: 13 of 50 Acc: 94.12% Mean: 94.39% (+/- 3.62%)
Instance: 2 Fold: 14 of 50 Acc: 97.06% Mean: 94.43% (+/- 3.61%)
Instance: 2 Fold: 15 of 50 Acc: 100.00% Mean: 94.51% (+/- 3.65%)
Instance: 2 Fold: 16 of 50 Acc: 91.18% Mean: 94.46% (+/- 3.64%)
Instance: 2 Fold: 17 of 50 Acc: 91.18% Mean: 94.41% (+/- 3.64%)
Instance: 2 Fold: 18 of 50 Acc: 94.12% Mean: 94.41% (+/- 3.61%)
Instance: 2 Fold: 19 of 50 Acc: 97.06% Mean: 94.45% (+/- 3.60%)
Instance: 2 Fold: 20 of 50 Acc: 91.18% Mean: 94.40% (+/- 3.59%)
Instance: 2 Fold: 21 of 50 Acc: 97.14% Mean: 94.44% (+/- 3.58%)
Instance: 2 Fold: 22 of 50 Acc: 88.57% Mean: 94.36% (+/- 3.62%)
Instance: 2 Fold: 23 of 50 Acc: 91.18% Mean: 94.32% (+/- 3.62%)
Instance: 2 Fold: 24 of 50 Acc: 94.12% Mean: 94.31% (+/- 3.59%)
Instance: 2 Fold: 25 of 50 Acc: 100.00% Mean: 94.39% (+/- 3.63%)
Instance: 2 Fold: 26 of 50 Acc: 94.12% Mean: 94.39% (+/- 3.61%)
Instance: 2 Fold: 27 of 50 Acc: 88.24% Mean: 94.31% (+/- 3.65%)
Instance: 2 Fold: 28 of 50 Acc: 94.12% Mean: 94.30% (+/- 3.63%)
Instance: 2 Fold: 29 of 50 Acc: 94.12% Mean: 94.30% (+/- 3.60%)
Instance: 2 Fold: 30 of 50 Acc: 85.29% Mean: 94.19% (+/- 3.72%)
Instance: 2 Fold: 31 of 50 Acc: 94.29% Mean: 94.19% (+/- 3.69%)
Instance: 2 Fold: 32 of 50 Acc: 97.14% Mean: 94.23% (+/- 3.69%)
Instance: 2 Fold: 33 of 50 Acc: 91.18% Mean: 94.19% (+/- 3.68%)
Instance: 2 Fold: 34 of 50 Acc: 91.18% Mean: 94.15% (+/- 3.67%)
Instance: 2 Fold: 35 of 50 Acc: 94.12% Mean: 94.15% (+/- 3.65%)
Instance: 2 Fold: 36 of 50 Acc: 91.18% Mean: 94.12% (+/- 3.64%)
Instance: 2 Fold: 37 of 50 Acc: 91.18% Mean: 94.08% (+/- 3.63%)
Instance: 2 Fold: 38 of 50 Acc: 94.12% Mean: 94.08% (+/- 3.61%)
Instance: 2 Fold: 39 of 50 Acc: 94.12% Mean: 94.08% (+/- 3.59%)
Instance: 2 Fold: 40 of 50 Acc: 94.12% Mean: 94.08% (+/- 3.57%)
Instance: 2 Fold: 41 of 50 Acc: 97.14% Mean: 94.12% (+/- 3.57%)
Instance: 2 Fold: 42 of 50 Acc: 97.14% Mean: 94.15% (+/- 3.56%)
Instance: 2 Fold: 43 of 50 Acc: 94.12% Mean: 94.15% (+/- 3.54%)
Instance: 2 Fold: 44 of 50 Acc: 88.24% Mean: 94.09% (+/- 3.58%)
Instance: 2 Fold: 45 of 50 Acc: 94.12% Mean: 94.09% (+/- 3.56%)
Instance: 2 Fold: 46 of 50 Acc: 100.00% Mean: 94.15% (+/- 3.59%)
Instance: 2 Fold: 47 of 50 Acc: 91.18% Mean: 94.12% (+/- 3.58%)
Instance: 2 Fold: 48 of 50 Acc: 88.24% Mean: 94.06% (+/- 3.61%)
Instance: 2 Fold: 49 of 50 Acc: 91.18% Mean: 94.03% (+/- 3.61%)
Instance: 2 Fold: 50 of 50 Acc: 97.06% Mean: 94.06% (+/- 3.60%)
Instance: 3 Fold: 1 of 50 Acc: 91.43% Mean: 94.03% (+/- 3.59%)
Instance: 3 Fold: 2 of 50 Acc: 100.00% Mean: 94.09% (+/- 3.62%)
Instance: 3 Fold: 3 of 50 Acc: 91.18% Mean: 94.06% (+/- 3.62%)
Instance: 3 Fold: 4 of 50 Acc: 88.24% Mean: 94.01% (+/- 3.64%)
Instance: 3 Fold: 5 of 50 Acc: 100.00% Mean: 94.07% (+/- 3.67%)
Instance: 3 Fold: 6 of 50 Acc: 94.12% Mean: 94.07% (+/- 3.66%)
Instance: 3 Fold: 7 of 50 Acc: 94.12% Mean: 94.07% (+/- 3.64%)
Instance: 3 Fold: 8 of 50 Acc: 100.00% Mean: 94.12% (+/- 3.67%)
Instance: 3 Fold: 9 of 50 Acc: 94.12% Mean: 94.12% (+/- 3.65%)
Instance: 3 Fold: 10 of 50 Acc: 97.06% Mean: 94.15% (+/- 3.64%)
Instance: 3 Fold: 11 of 50 Acc: 91.43% Mean: 94.12% (+/- 3.64%)
Instance: 3 Fold: 12 of 50 Acc: 91.43% Mean: 94.10% (+/- 3.63%)
Instance: 3 Fold: 13 of 50 Acc: 97.06% Mean: 94.13% (+/- 3.62%)
Instance: 3 Fold: 14 of 50 Acc: 100.00% Mean: 94.18% (+/- 3.65%)
Instance: 3 Fold: 15 of 50 Acc: 100.00% Mean: 94.23% (+/- 3.67%)
Instance: 3 Fold: 16 of 50 Acc: 91.18% Mean: 94.20% (+/- 3.67%)
Instance: 3 Fold: 17 of 50 Acc: 94.12% Mean: 94.20% (+/- 3.65%)
Instance: 3 Fold: 18 of 50 Acc: 97.06% Mean: 94.23% (+/- 3.65%)
Instance: 3 Fold: 19 of 50 Acc: 94.12% Mean: 94.22% (+/- 3.63%)
Instance: 3 Fold: 20 of 50 Acc: 94.12% Mean: 94.22% (+/- 3.62%)
Instance: 3 Fold: 21 of 50 Acc: 94.29% Mean: 94.22% (+/- 3.60%)
Instance: 3 Fold: 22 of 50 Acc: 91.43% Mean: 94.20% (+/- 3.59%)
Instance: 3 Fold: 23 of 50 Acc: 94.12% Mean: 94.20% (+/- 3.58%)
Instance: 3 Fold: 24 of 50 Acc: 97.06% Mean: 94.22% (+/- 3.57%)
Instance: 3 Fold: 25 of 50 Acc: 100.00% Mean: 94.27% (+/- 3.60%)
Instance: 3 Fold: 26 of 50 Acc: 97.06% Mean: 94.29% (+/- 3.59%)
Instance: 3 Fold: 27 of 50 Acc: 91.18% Mean: 94.27% (+/- 3.59%)
Instance: 3 Fold: 28 of 50 Acc: 97.06% Mean: 94.29% (+/- 3.58%)
Instance: 3 Fold: 29 of 50 Acc: 97.06% Mean: 94.31% (+/- 3.58%)
Instance: 3 Fold: 30 of 50 Acc: 88.24% Mean: 94.26% (+/- 3.60%)
Instance: 3 Fold: 31 of 50 Acc: 91.43% Mean: 94.24% (+/- 3.60%)
Instance: 3 Fold: 32 of 50 Acc: 100.00% Mean: 94.29% (+/- 3.62%)
Instance: 3 Fold: 33 of 50 Acc: 91.18% Mean: 94.26% (+/- 3.61%)
Instance: 3 Fold: 34 of 50 Acc: 94.12% Mean: 94.26% (+/- 3.60%)
Instance: 3 Fold: 35 of 50 Acc: 94.12% Mean: 94.26% (+/- 3.59%)
Instance: 3 Fold: 36 of 50 Acc: 91.18% Mean: 94.24% (+/- 3.58%)
Instance: 3 Fold: 37 of 50 Acc: 94.12% Mean: 94.24% (+/- 3.57%)
Instance: 3 Fold: 38 of 50 Acc: 94.12% Mean: 94.24% (+/- 3.56%)
Instance: 3 Fold: 39 of 50 Acc: 88.24% Mean: 94.19% (+/- 3.58%)
Instance: 3 Fold: 40 of 50 Acc: 100.00% Mean: 94.23% (+/- 3.60%)
Instance: 3 Fold: 41 of 50 Acc: 94.29% Mean: 94.23% (+/- 3.59%)
Instance: 3 Fold: 42 of 50 Acc: 94.29% Mean: 94.23% (+/- 3.58%)
Instance: 3 Fold: 43 of 50 Acc: 88.24% Mean: 94.19% (+/- 3.60%)
Instance: 3 Fold: 44 of 50 Acc: 82.35% Mean: 94.11% (+/- 3.72%)
Instance: 3 Fold: 45 of 50 Acc: 94.12% Mean: 94.11% (+/- 3.71%)
Instance: 3 Fold: 46 of 50 Acc: 100.00% Mean: 94.15% (+/- 3.72%)
Instance: 3 Fold: 47 of 50 Acc: 97.06% Mean: 94.17% (+/- 3.72%)
Instance: 3 Fold: 48 of 50 Acc: 88.24% Mean: 94.13% (+/- 3.74%)
Instance: 3 Fold: 49 of 50 Acc: 94.12% Mean: 94.13% (+/- 3.73%)
Instance: 3 Fold: 50 of 50 Acc: 97.06% Mean: 94.15% (+/- 3.72%)
Instance: 4 Fold: 1 of 50 Acc: 97.14% Mean: 94.17% (+/- 3.72%)
Instance: 4 Fold: 2 of 50 Acc: 97.14% Mean: 94.19% (+/- 3.71%)
Instance: 4 Fold: 3 of 50 Acc: 91.18% Mean: 94.17% (+/- 3.71%)
Instance: 4 Fold: 4 of 50 Acc: 97.06% Mean: 94.19% (+/- 3.70%)
Instance: 4 Fold: 5 of 50 Acc: 100.00% Mean: 94.23% (+/- 3.72%)
Instance: 4 Fold: 6 of 50 Acc: 91.18% Mean: 94.21% (+/- 3.72%)
Instance: 4 Fold: 7 of 50 Acc: 91.18% Mean: 94.19% (+/- 3.71%)
Instance: 4 Fold: 8 of 50 Acc: 97.06% Mean: 94.21% (+/- 3.71%)
Instance: 4 Fold: 9 of 50 Acc: 97.06% Mean: 94.22% (+/- 3.70%)
Instance: 4 Fold: 10 of 50 Acc: 97.06% Mean: 94.24% (+/- 3.70%)
Instance: 4 Fold: 11 of 50 Acc: 91.43% Mean: 94.22% (+/- 3.69%)
Instance: 4 Fold: 12 of 50 Acc: 85.71% Mean: 94.17% (+/- 3.74%)
Instance: 4 Fold: 13 of 50 Acc: 97.06% Mean: 94.19% (+/- 3.74%)
Instance: 4 Fold: 14 of 50 Acc: 100.00% Mean: 94.22% (+/- 3.75%)
Instance: 4 Fold: 15 of 50 Acc: 97.06% Mean: 94.24% (+/- 3.75%)
Instance: 4 Fold: 16 of 50 Acc: 85.29% Mean: 94.19% (+/- 3.80%)
Instance: 4 Fold: 17 of 50 Acc: 94.12% Mean: 94.19% (+/- 3.79%)
Instance: 4 Fold: 18 of 50 Acc: 97.06% Mean: 94.20% (+/- 3.78%)
Instance: 4 Fold: 19 of 50 Acc: 97.06% Mean: 94.22% (+/- 3.78%)
Instance: 4 Fold: 20 of 50 Acc: 94.12% Mean: 94.22% (+/- 3.77%)
Instance: 4 Fold: 21 of 50 Acc: 97.14% Mean: 94.24% (+/- 3.76%)
Instance: 4 Fold: 22 of 50 Acc: 91.43% Mean: 94.22% (+/- 3.76%)
Instance: 4 Fold: 23 of 50 Acc: 91.18% Mean: 94.20% (+/- 3.76%)
Instance: 4 Fold: 24 of 50 Acc: 100.00% Mean: 94.24% (+/- 3.77%)
Instance: 4 Fold: 25 of 50 Acc: 100.00% Mean: 94.27% (+/- 3.78%)
Instance: 4 Fold: 26 of 50 Acc: 97.06% Mean: 94.29% (+/- 3.78%)
Instance: 4 Fold: 27 of 50 Acc: 88.24% Mean: 94.25% (+/- 3.80%)
Instance: 4 Fold: 28 of 50 Acc: 97.06% Mean: 94.27% (+/- 3.79%)
Instance: 4 Fold: 29 of 50 Acc: 97.06% Mean: 94.28% (+/- 3.79%)
Instance: 4 Fold: 30 of 50 Acc: 88.24% Mean: 94.25% (+/- 3.80%)
Instance: 4 Fold: 31 of 50 Acc: 91.43% Mean: 94.23% (+/- 3.80%)
Instance: 4 Fold: 32 of 50 Acc: 97.14% Mean: 94.25% (+/- 3.79%)
Instance: 4 Fold: 33 of 50 Acc: 97.06% Mean: 94.27% (+/- 3.79%)
Instance: 4 Fold: 34 of 50 Acc: 97.06% Mean: 94.28% (+/- 3.78%)
Instance: 4 Fold: 35 of 50 Acc: 97.06% Mean: 94.30% (+/- 3.78%)
Instance: 4 Fold: 36 of 50 Acc: 88.24% Mean: 94.26% (+/- 3.79%)
Instance: 4 Fold: 37 of 50 Acc: 97.06% Mean: 94.28% (+/- 3.79%)
Instance: 4 Fold: 38 of 50 Acc: 88.24% Mean: 94.25% (+/- 3.81%)
Instance: 4 Fold: 39 of 50 Acc: 97.06% Mean: 94.26% (+/- 3.80%)
Instance: 4 Fold: 40 of 50 Acc: 94.12% Mean: 94.26% (+/- 3.79%)
Instance: 4 Fold: 41 of 50 Acc: 97.14% Mean: 94.27% (+/- 3.79%)
Instance: 4 Fold: 42 of 50 Acc: 100.00% Mean: 94.30% (+/- 3.80%)
Instance: 4 Fold: 43 of 50 Acc: 91.18% Mean: 94.29% (+/- 3.80%)
Instance: 4 Fold: 44 of 50 Acc: 85.29% Mean: 94.24% (+/- 3.84%)
Instance: 4 Fold: 45 of 50 Acc: 97.06% Mean: 94.26% (+/- 3.84%)
Instance: 4 Fold: 46 of 50 Acc: 100.00% Mean: 94.29% (+/- 3.85%)
Instance: 4 Fold: 47 of 50 Acc: 94.12% Mean: 94.28% (+/- 3.84%)
Instance: 4 Fold: 48 of 50 Acc: 94.12% Mean: 94.28% (+/- 3.83%)
Instance: 4 Fold: 49 of 50 Acc: 91.18% Mean: 94.27% (+/- 3.83%)
Instance: 4 Fold: 50 of 50 Acc: 97.06% Mean: 94.28% (+/- 3.82%)
Instance: 5 Fold: 1 of 50 Acc: 94.29% Mean: 94.28% (+/- 3.81%)
Instance: 5 Fold: 2 of 50 Acc: 100.00% Mean: 94.31% (+/- 3.82%)
Instance: 5 Fold: 3 of 50 Acc: 88.24% Mean: 94.28% (+/- 3.84%)
Instance: 5 Fold: 4 of 50 Acc: 97.06% Mean: 94.29% (+/- 3.83%)
Instance: 5 Fold: 5 of 50 Acc: 97.06% Mean: 94.31% (+/- 3.83%)
Instance: 5 Fold: 6 of 50 Acc: 88.24% Mean: 94.28% (+/- 3.84%)
Instance: 5 Fold: 7 of 50 Acc: 94.12% Mean: 94.28% (+/- 3.83%)
Instance: 5 Fold: 8 of 50 Acc: 91.18% Mean: 94.26% (+/- 3.83%)
Instance: 5 Fold: 9 of 50 Acc: 97.06% Mean: 94.28% (+/- 3.83%)
Instance: 5 Fold: 10 of 50 Acc: 94.12% Mean: 94.28% (+/- 3.82%)
Instance: 5 Fold: 11 of 50 Acc: 88.57% Mean: 94.25% (+/- 3.83%)
Instance: 5 Fold: 12 of 50 Acc: 91.43% Mean: 94.23% (+/- 3.82%)
Instance: 5 Fold: 13 of 50 Acc: 91.18% Mean: 94.22% (+/- 3.82%)
Instance: 5 Fold: 14 of 50 Acc: 100.00% Mean: 94.25% (+/- 3.83%)
Instance: 5 Fold: 15 of 50 Acc: 91.18% Mean: 94.23% (+/- 3.83%)
Instance: 5 Fold: 16 of 50 Acc: 91.18% Mean: 94.22% (+/- 3.82%)
Instance: 5 Fold: 17 of 50 Acc: 91.18% Mean: 94.21% (+/- 3.82%)
Instance: 5 Fold: 18 of 50 Acc: 100.00% Mean: 94.23% (+/- 3.83%)
Instance: 5 Fold: 19 of 50 Acc: 94.12% Mean: 94.23% (+/- 3.82%)
Instance: 5 Fold: 20 of 50 Acc: 94.12% Mean: 94.23% (+/- 3.82%)
Instance: 5 Fold: 21 of 50 Acc: 100.00% Mean: 94.26% (+/- 3.83%)
Instance: 5 Fold: 22 of 50 Acc: 94.29% Mean: 94.26% (+/- 3.82%)
Instance: 5 Fold: 23 of 50 Acc: 97.06% Mean: 94.27% (+/- 3.81%)
Instance: 5 Fold: 24 of 50 Acc: 97.06% Mean: 94.28% (+/- 3.81%)
Instance: 5 Fold: 25 of 50 Acc: 94.12% Mean: 94.28% (+/- 3.80%)
Instance: 5 Fold: 26 of 50 Acc: 97.06% Mean: 94.29% (+/- 3.80%)
Instance: 5 Fold: 27 of 50 Acc: 88.24% Mean: 94.27% (+/- 3.81%)
Instance: 5 Fold: 28 of 50 Acc: 100.00% Mean: 94.29% (+/- 3.82%)
Instance: 5 Fold: 29 of 50 Acc: 100.00% Mean: 94.32% (+/- 3.83%)
Instance: 5 Fold: 30 of 50 Acc: 88.24% Mean: 94.29% (+/- 3.84%)
Instance: 5 Fold: 31 of 50 Acc: 91.43% Mean: 94.28% (+/- 3.84%)
Instance: 5 Fold: 32 of 50 Acc: 97.14% Mean: 94.29% (+/- 3.84%)
Instance: 5 Fold: 33 of 50 Acc: 94.12% Mean: 94.29% (+/- 3.83%)
Instance: 5 Fold: 34 of 50 Acc: 91.18% Mean: 94.28% (+/- 3.82%)
Instance: 5 Fold: 35 of 50 Acc: 91.18% Mean: 94.26% (+/- 3.82%)
Instance: 5 Fold: 36 of 50 Acc: 91.18% Mean: 94.25% (+/- 3.82%)
Instance: 5 Fold: 37 of 50 Acc: 91.18% Mean: 94.24% (+/- 3.82%)
Instance: 5 Fold: 38 of 50 Acc: 94.12% Mean: 94.24% (+/- 3.81%)
Instance: 5 Fold: 39 of 50 Acc: 91.18% Mean: 94.22% (+/- 3.81%)
Instance: 5 Fold: 40 of 50 Acc: 100.00% Mean: 94.25% (+/- 3.82%)
Instance: 5 Fold: 41 of 50 Acc: 94.29% Mean: 94.25% (+/- 3.81%)
Instance: 5 Fold: 42 of 50 Acc: 100.00% Mean: 94.27% (+/- 3.82%)
Instance: 5 Fold: 43 of 50 Acc: 94.12% Mean: 94.27% (+/- 3.81%)
Instance: 5 Fold: 44 of 50 Acc: 91.18% Mean: 94.26% (+/- 3.81%)
Instance: 5 Fold: 45 of 50 Acc: 100.00% Mean: 94.28% (+/- 3.82%)
Instance: 5 Fold: 46 of 50 Acc: 97.06% Mean: 94.29% (+/- 3.81%)
Instance: 5 Fold: 47 of 50 Acc: 94.12% Mean: 94.29% (+/- 3.81%)
Instance: 5 Fold: 48 of 50 Acc: 94.12% Mean: 94.29% (+/- 3.80%)
Instance: 5 Fold: 49 of 50 Acc: 91.18% Mean: 94.28% (+/- 3.80%)
Instance: 5 Fold: 50 of 50 Acc: 97.06% Mean: 94.29% (+/- 3.79%)
Instance: 6 Fold: 1 of 50 Acc: 88.57% Mean: 94.27% (+/- 3.80%)
Instance: 6 Fold: 2 of 50 Acc: 97.14% Mean: 94.28% (+/- 3.80%)
Instance: 6 Fold: 3 of 50 Acc: 91.18% Mean: 94.27% (+/- 3.80%)
Instance: 6 Fold: 4 of 50 Acc: 88.24% Mean: 94.24% (+/- 3.81%)
Instance: 6 Fold: 5 of 50 Acc: 100.00% Mean: 94.27% (+/- 3.82%)
Instance: 6 Fold: 6 of 50 Acc: 91.18% Mean: 94.25% (+/- 3.81%)
Instance: 6 Fold: 7 of 50 Acc: 97.06% Mean: 94.26% (+/- 3.81%)
Instance: 6 Fold: 8 of 50 Acc: 88.24% Mean: 94.24% (+/- 3.82%)
Instance: 6 Fold: 9 of 50 Acc: 91.18% Mean: 94.23% (+/- 3.82%)
Instance: 6 Fold: 10 of 50 Acc: 97.06% Mean: 94.24% (+/- 3.82%)
Instance: 6 Fold: 11 of 50 Acc: 97.14% Mean: 94.25% (+/- 3.81%)
Instance: 6 Fold: 12 of 50 Acc: 91.43% Mean: 94.24% (+/- 3.81%)
Instance: 6 Fold: 13 of 50 Acc: 100.00% Mean: 94.26% (+/- 3.82%)
Instance: 6 Fold: 14 of 50 Acc: 94.12% Mean: 94.26% (+/- 3.81%)
Instance: 6 Fold: 15 of 50 Acc: 100.00% Mean: 94.28% (+/- 3.82%)
Instance: 6 Fold: 16 of 50 Acc: 94.12% Mean: 94.28% (+/- 3.81%)
Instance: 6 Fold: 17 of 50 Acc: 97.06% Mean: 94.29% (+/- 3.81%)
Instance: 6 Fold: 18 of 50 Acc: 94.12% Mean: 94.29% (+/- 3.80%)
Instance: 6 Fold: 19 of 50 Acc: 94.12% Mean: 94.29% (+/- 3.80%)
Instance: 6 Fold: 20 of 50 Acc: 97.06% Mean: 94.30% (+/- 3.79%)
Instance: 6 Fold: 21 of 50 Acc: 97.14% Mean: 94.31% (+/- 3.79%)
Instance: 6 Fold: 22 of 50 Acc: 88.57% Mean: 94.29% (+/- 3.80%)
Instance: 6 Fold: 23 of 50 Acc: 94.12% Mean: 94.29% (+/- 3.79%)
Instance: 6 Fold: 24 of 50 Acc: 97.06% Mean: 94.30% (+/- 3.79%)
Instance: 6 Fold: 25 of 50 Acc: 97.06% Mean: 94.31% (+/- 3.78%)
Instance: 6 Fold: 26 of 50 Acc: 94.12% Mean: 94.31% (+/- 3.78%)
Instance: 6 Fold: 27 of 50 Acc: 88.24% Mean: 94.29% (+/- 3.79%)
Instance: 6 Fold: 28 of 50 Acc: 100.00% Mean: 94.31% (+/- 3.80%)
Instance: 6 Fold: 29 of 50 Acc: 100.00% Mean: 94.33% (+/- 3.81%)
Instance: 6 Fold: 30 of 50 Acc: 88.24% Mean: 94.31% (+/- 3.82%)
Instance: 6 Fold: 31 of 50 Acc: 94.29% Mean: 94.31% (+/- 3.81%)
Instance: 6 Fold: 32 of 50 Acc: 97.14% Mean: 94.32% (+/- 3.81%)
Instance: 6 Fold: 33 of 50 Acc: 88.24% Mean: 94.30% (+/- 3.82%)
Instance: 6 Fold: 34 of 50 Acc: 94.12% Mean: 94.30% (+/- 3.81%)
Instance: 6 Fold: 35 of 50 Acc: 94.12% Mean: 94.29% (+/- 3.80%)
Instance: 6 Fold: 36 of 50 Acc: 85.29% Mean: 94.26% (+/- 3.83%)
Instance: 6 Fold: 37 of 50 Acc: 91.18% Mean: 94.25% (+/- 3.83%)
Instance: 6 Fold: 38 of 50 Acc: 97.06% Mean: 94.26% (+/- 3.83%)
Instance: 6 Fold: 39 of 50 Acc: 97.06% Mean: 94.27% (+/- 3.83%)
Instance: 6 Fold: 40 of 50 Acc: 97.06% Mean: 94.28% (+/- 3.82%)
Instance: 6 Fold: 41 of 50 Acc: 100.00% Mean: 94.30% (+/- 3.83%)
Instance: 6 Fold: 42 of 50 Acc: 100.00% Mean: 94.32% (+/- 3.84%)
Instance: 6 Fold: 43 of 50 Acc: 100.00% Mean: 94.34% (+/- 3.85%)
Instance: 6 Fold: 44 of 50 Acc: 94.12% Mean: 94.34% (+/- 3.84%)
Instance: 6 Fold: 45 of 50 Acc: 94.12% Mean: 94.34% (+/- 3.83%)
Instance: 6 Fold: 46 of 50 Acc: 97.06% Mean: 94.35% (+/- 3.83%)
Instance: 6 Fold: 47 of 50 Acc: 100.00% Mean: 94.37% (+/- 3.84%)
Instance: 6 Fold: 48 of 50 Acc: 94.12% Mean: 94.37% (+/- 3.83%)
Instance: 6 Fold: 49 of 50 Acc: 91.18% Mean: 94.36% (+/- 3.83%)
Instance: 6 Fold: 50 of 50 Acc: 91.18% Mean: 94.34% (+/- 3.83%)
Instance: 7 Fold: 1 of 50 Acc: 91.43% Mean: 94.34% (+/- 3.82%)
Instance: 7 Fold: 2 of 50 Acc: 94.29% Mean: 94.33% (+/- 3.82%)
Instance: 7 Fold: 3 of 50 Acc: 91.18% Mean: 94.32% (+/- 3.82%)
Instance: 7 Fold: 4 of 50 Acc: 85.29% Mean: 94.29% (+/- 3.84%)
Instance: 7 Fold: 5 of 50 Acc: 100.00% Mean: 94.31% (+/- 3.85%)
Instance: 7 Fold: 6 of 50 Acc: 88.24% Mean: 94.29% (+/- 3.86%)
Instance: 7 Fold: 7 of 50 Acc: 91.18% Mean: 94.28% (+/- 3.86%)
Instance: 7 Fold: 8 of 50 Acc: 97.06% Mean: 94.29% (+/- 3.86%)
Instance: 7 Fold: 9 of 50 Acc: 88.24% Mean: 94.27% (+/- 3.86%)
Instance: 7 Fold: 10 of 50 Acc: 91.18% Mean: 94.26% (+/- 3.86%)
Instance: 7 Fold: 11 of 50 Acc: 94.29% Mean: 94.26% (+/- 3.86%)
Instance: 7 Fold: 12 of 50 Acc: 88.57% Mean: 94.24% (+/- 3.86%)
Instance: 7 Fold: 13 of 50 Acc: 94.12% Mean: 94.24% (+/- 3.86%)
Instance: 7 Fold: 14 of 50 Acc: 100.00% Mean: 94.26% (+/- 3.87%)
Instance: 7 Fold: 15 of 50 Acc: 97.06% Mean: 94.27% (+/- 3.86%)
Instance: 7 Fold: 16 of 50 Acc: 88.24% Mean: 94.25% (+/- 3.87%)
Instance: 7 Fold: 17 of 50 Acc: 97.06% Mean: 94.26% (+/- 3.87%)
Instance: 7 Fold: 18 of 50 Acc: 91.18% Mean: 94.25% (+/- 3.87%)
Instance: 7 Fold: 19 of 50 Acc: 97.06% Mean: 94.26% (+/- 3.86%)
Instance: 7 Fold: 20 of 50 Acc: 88.24% Mean: 94.24% (+/- 3.87%)
Instance: 7 Fold: 21 of 50 Acc: 94.29% Mean: 94.24% (+/- 3.87%)
Instance: 7 Fold: 22 of 50 Acc: 91.43% Mean: 94.23% (+/- 3.86%)
Instance: 7 Fold: 23 of 50 Acc: 94.12% Mean: 94.23% (+/- 3.86%)
Instance: 7 Fold: 24 of 50 Acc: 97.06% Mean: 94.24% (+/- 3.85%)
Instance: 7 Fold: 25 of 50 Acc: 94.12% Mean: 94.24% (+/- 3.85%)
Instance: 7 Fold: 26 of 50 Acc: 97.06% Mean: 94.25% (+/- 3.85%)
Instance: 7 Fold: 27 of 50 Acc: 91.18% Mean: 94.24% (+/- 3.84%)
Instance: 7 Fold: 28 of 50 Acc: 97.06% Mean: 94.25% (+/- 3.84%)
Instance: 7 Fold: 29 of 50 Acc: 100.00% Mean: 94.27% (+/- 3.85%)
Instance: 7 Fold: 30 of 50 Acc: 91.18% Mean: 94.26% (+/- 3.85%)
Instance: 7 Fold: 31 of 50 Acc: 91.43% Mean: 94.25% (+/- 3.84%)
Instance: 7 Fold: 32 of 50 Acc: 97.14% Mean: 94.26% (+/- 3.84%)
Instance: 7 Fold: 33 of 50 Acc: 88.24% Mean: 94.24% (+/- 3.85%)
Instance: 7 Fold: 34 of 50 Acc: 94.12% Mean: 94.24% (+/- 3.84%)
Instance: 7 Fold: 35 of 50 Acc: 97.06% Mean: 94.25% (+/- 3.84%)
Instance: 7 Fold: 36 of 50 Acc: 91.18% Mean: 94.24% (+/- 3.84%)
Instance: 7 Fold: 37 of 50 Acc: 88.24% Mean: 94.22% (+/- 3.85%)
Instance: 7 Fold: 38 of 50 Acc: 97.06% Mean: 94.23% (+/- 3.84%)
Instance: 7 Fold: 39 of 50 Acc: 88.24% Mean: 94.21% (+/- 3.85%)
Instance: 7 Fold: 40 of 50 Acc: 100.00% Mean: 94.23% (+/- 3.86%)
Instance: 7 Fold: 41 of 50 Acc: 97.14% Mean: 94.24% (+/- 3.86%)
Instance: 7 Fold: 42 of 50 Acc: 100.00% Mean: 94.25% (+/- 3.86%)
Instance: 7 Fold: 43 of 50 Acc: 91.18% Mean: 94.24% (+/- 3.86%)
Instance: 7 Fold: 44 of 50 Acc: 91.18% Mean: 94.24% (+/- 3.86%)
Instance: 7 Fold: 45 of 50 Acc: 94.12% Mean: 94.24% (+/- 3.85%)
Instance: 7 Fold: 46 of 50 Acc: 100.00% Mean: 94.25% (+/- 3.86%)
Instance: 7 Fold: 47 of 50 Acc: 91.18% Mean: 94.24% (+/- 3.86%)
Instance: 7 Fold: 48 of 50 Acc: 94.12% Mean: 94.24% (+/- 3.85%)
Instance: 7 Fold: 49 of 50 Acc: 94.12% Mean: 94.24% (+/- 3.85%)
Instance: 7 Fold: 50 of 50 Acc: 91.18% Mean: 94.23% (+/- 3.85%)
Instance: 8 Fold: 1 of 50 Acc: 91.43% Mean: 94.23% (+/- 3.84%)
Instance: 8 Fold: 2 of 50 Acc: 100.00% Mean: 94.24% (+/- 3.85%)
Instance: 8 Fold: 3 of 50 Acc: 97.06% Mean: 94.25% (+/- 3.85%)
Instance: 8 Fold: 4 of 50 Acc: 88.24% Mean: 94.23% (+/- 3.85%)
Instance: 8 Fold: 5 of 50 Acc: 94.12% Mean: 94.23% (+/- 3.85%)
Instance: 8 Fold: 6 of 50 Acc: 91.18% Mean: 94.22% (+/- 3.85%)
Instance: 8 Fold: 7 of 50 Acc: 91.18% Mean: 94.22% (+/- 3.85%)
Instance: 8 Fold: 8 of 50 Acc: 88.24% Mean: 94.20% (+/- 3.85%)
Instance: 8 Fold: 9 of 50 Acc: 94.12% Mean: 94.20% (+/- 3.85%)
Instance: 8 Fold: 10 of 50 Acc: 94.12% Mean: 94.20% (+/- 3.84%)
Instance: 8 Fold: 11 of 50 Acc: 94.29% Mean: 94.20% (+/- 3.84%)
Instance: 8 Fold: 12 of 50 Acc: 88.57% Mean: 94.18% (+/- 3.84%)
Instance: 8 Fold: 13 of 50 Acc: 97.06% Mean: 94.19% (+/- 3.84%)
Instance: 8 Fold: 14 of 50 Acc: 97.06% Mean: 94.20% (+/- 3.84%)
Instance: 8 Fold: 15 of 50 Acc: 97.06% Mean: 94.21% (+/- 3.84%)
Instance: 8 Fold: 16 of 50 Acc: 85.29% Mean: 94.18% (+/- 3.86%)
Instance: 8 Fold: 17 of 50 Acc: 100.00% Mean: 94.20% (+/- 3.87%)
Instance: 8 Fold: 18 of 50 Acc: 97.06% Mean: 94.21% (+/- 3.86%)
Instance: 8 Fold: 19 of 50 Acc: 88.24% Mean: 94.19% (+/- 3.87%)
Instance: 8 Fold: 20 of 50 Acc: 97.06% Mean: 94.20% (+/- 3.87%)
Instance: 8 Fold: 21 of 50 Acc: 100.00% Mean: 94.21% (+/- 3.87%)
Instance: 8 Fold: 22 of 50 Acc: 94.29% Mean: 94.21% (+/- 3.87%)
Instance: 8 Fold: 23 of 50 Acc: 94.12% Mean: 94.21% (+/- 3.86%)
Instance: 8 Fold: 24 of 50 Acc: 97.06% Mean: 94.22% (+/- 3.86%)
Instance: 8 Fold: 25 of 50 Acc: 94.12% Mean: 94.22% (+/- 3.86%)
Instance: 8 Fold: 26 of 50 Acc: 97.06% Mean: 94.23% (+/- 3.85%)
Instance: 8 Fold: 27 of 50 Acc: 85.29% Mean: 94.20% (+/- 3.88%)
Instance: 8 Fold: 28 of 50 Acc: 91.18% Mean: 94.20% (+/- 3.87%)
Instance: 8 Fold: 29 of 50 Acc: 97.06% Mean: 94.20% (+/- 3.87%)
Instance: 8 Fold: 30 of 50 Acc: 91.18% Mean: 94.20% (+/- 3.87%)
Instance: 8 Fold: 31 of 50 Acc: 88.57% Mean: 94.18% (+/- 3.88%)
Instance: 8 Fold: 32 of 50 Acc: 100.00% Mean: 94.20% (+/- 3.88%)
Instance: 8 Fold: 33 of 50 Acc: 94.12% Mean: 94.20% (+/- 3.88%)
Instance: 8 Fold: 34 of 50 Acc: 94.12% Mean: 94.20% (+/- 3.87%)
Instance: 8 Fold: 35 of 50 Acc: 94.12% Mean: 94.20% (+/- 3.87%)
Instance: 8 Fold: 36 of 50 Acc: 88.24% Mean: 94.18% (+/- 3.87%)
Instance: 8 Fold: 37 of 50 Acc: 100.00% Mean: 94.20% (+/- 3.88%)
Instance: 8 Fold: 38 of 50 Acc: 97.06% Mean: 94.20% (+/- 3.88%)
Instance: 8 Fold: 39 of 50 Acc: 91.18% Mean: 94.19% (+/- 3.88%)
Instance: 8 Fold: 40 of 50 Acc: 97.06% Mean: 94.20% (+/- 3.87%)
Instance: 8 Fold: 41 of 50 Acc: 97.14% Mean: 94.21% (+/- 3.87%)
Instance: 8 Fold: 42 of 50 Acc: 91.43% Mean: 94.20% (+/- 3.87%)
Instance: 8 Fold: 43 of 50 Acc: 97.06% Mean: 94.21% (+/- 3.87%)
Instance: 8 Fold: 44 of 50 Acc: 82.35% Mean: 94.18% (+/- 3.91%)
Instance: 8 Fold: 45 of 50 Acc: 88.24% Mean: 94.16% (+/- 3.91%)
Instance: 8 Fold: 46 of 50 Acc: 100.00% Mean: 94.18% (+/- 3.92%)
Instance: 8 Fold: 47 of 50 Acc: 94.12% Mean: 94.18% (+/- 3.92%)
Instance: 8 Fold: 48 of 50 Acc: 94.12% Mean: 94.18% (+/- 3.91%)
Instance: 8 Fold: 49 of 50 Acc: 94.12% Mean: 94.18% (+/- 3.91%)
Instance: 8 Fold: 50 of 50 Acc: 97.06% Mean: 94.19% (+/- 3.90%)
Instance: 9 Fold: 1 of 50 Acc: 97.14% Mean: 94.19% (+/- 3.90%)
Instance: 9 Fold: 2 of 50 Acc: 100.00% Mean: 94.21% (+/- 3.91%)
Instance: 9 Fold: 3 of 50 Acc: 91.18% Mean: 94.20% (+/- 3.90%)
Instance: 9 Fold: 4 of 50 Acc: 94.12% Mean: 94.20% (+/- 3.90%)
Instance: 9 Fold: 5 of 50 Acc: 94.12% Mean: 94.20% (+/- 3.90%)
Instance: 9 Fold: 6 of 50 Acc: 82.35% Mean: 94.17% (+/- 3.93%)
Instance: 9 Fold: 7 of 50 Acc: 97.06% Mean: 94.18% (+/- 3.93%)
Instance: 9 Fold: 8 of 50 Acc: 91.18% Mean: 94.17% (+/- 3.93%)
Instance: 9 Fold: 9 of 50 Acc: 91.18% Mean: 94.16% (+/- 3.93%)
Instance: 9 Fold: 10 of 50 Acc: 94.12% Mean: 94.16% (+/- 3.92%)
Instance: 9 Fold: 11 of 50 Acc: 94.29% Mean: 94.16% (+/- 3.92%)
Instance: 9 Fold: 12 of 50 Acc: 94.29% Mean: 94.16% (+/- 3.91%)
Instance: 9 Fold: 13 of 50 Acc: 91.18% Mean: 94.16% (+/- 3.91%)
Instance: 9 Fold: 14 of 50 Acc: 91.18% Mean: 94.15% (+/- 3.91%)
Instance: 9 Fold: 15 of 50 Acc: 100.00% Mean: 94.16% (+/- 3.92%)
Instance: 9 Fold: 16 of 50 Acc: 94.12% Mean: 94.16% (+/- 3.91%)
Instance: 9 Fold: 17 of 50 Acc: 100.00% Mean: 94.18% (+/- 3.92%)
Instance: 9 Fold: 18 of 50 Acc: 97.06% Mean: 94.18% (+/- 3.91%)
Instance: 9 Fold: 19 of 50 Acc: 97.06% Mean: 94.19% (+/- 3.91%)
Instance: 9 Fold: 20 of 50 Acc: 94.12% Mean: 94.19% (+/- 3.91%)
Instance: 9 Fold: 21 of 50 Acc: 97.14% Mean: 94.20% (+/- 3.91%)
Instance: 9 Fold: 22 of 50 Acc: 88.57% Mean: 94.18% (+/- 3.91%)
Instance: 9 Fold: 23 of 50 Acc: 94.12% Mean: 94.18% (+/- 3.91%)
Instance: 9 Fold: 24 of 50 Acc: 100.00% Mean: 94.20% (+/- 3.91%)
Instance: 9 Fold: 25 of 50 Acc: 94.12% Mean: 94.20% (+/- 3.91%)
Instance: 9 Fold: 26 of 50 Acc: 100.00% Mean: 94.21% (+/- 3.91%)
Instance: 9 Fold: 27 of 50 Acc: 85.29% Mean: 94.19% (+/- 3.93%)
Instance: 9 Fold: 28 of 50 Acc: 100.00% Mean: 94.20% (+/- 3.94%)
Instance: 9 Fold: 29 of 50 Acc: 97.06% Mean: 94.21% (+/- 3.94%)
Instance: 9 Fold: 30 of 50 Acc: 91.18% Mean: 94.20% (+/- 3.93%)
Instance: 9 Fold: 31 of 50 Acc: 94.29% Mean: 94.20% (+/- 3.93%)
Instance: 9 Fold: 32 of 50 Acc: 100.00% Mean: 94.22% (+/- 3.93%)
Instance: 9 Fold: 33 of 50 Acc: 94.12% Mean: 94.22% (+/- 3.93%)
Instance: 9 Fold: 34 of 50 Acc: 91.18% Mean: 94.21% (+/- 3.93%)
Instance: 9 Fold: 35 of 50 Acc: 94.12% Mean: 94.21% (+/- 3.92%)
Instance: 9 Fold: 36 of 50 Acc: 97.06% Mean: 94.22% (+/- 3.92%)
Instance: 9 Fold: 37 of 50 Acc: 97.06% Mean: 94.22% (+/- 3.92%)
Instance: 9 Fold: 38 of 50 Acc: 100.00% Mean: 94.24% (+/- 3.92%)
Instance: 9 Fold: 39 of 50 Acc: 94.12% Mean: 94.24% (+/- 3.92%)
Instance: 9 Fold: 40 of 50 Acc: 97.06% Mean: 94.24% (+/- 3.92%)
Instance: 9 Fold: 41 of 50 Acc: 97.14% Mean: 94.25% (+/- 3.92%)
Instance: 9 Fold: 42 of 50 Acc: 94.29% Mean: 94.25% (+/- 3.91%)
Instance: 9 Fold: 43 of 50 Acc: 88.24% Mean: 94.24% (+/- 3.92%)
Instance: 9 Fold: 44 of 50 Acc: 91.18% Mean: 94.23% (+/- 3.92%)
Instance: 9 Fold: 45 of 50 Acc: 91.18% Mean: 94.22% (+/- 3.91%)
Instance: 9 Fold: 46 of 50 Acc: 97.06% Mean: 94.23% (+/- 3.91%)
Instance: 9 Fold: 47 of 50 Acc: 94.12% Mean: 94.23% (+/- 3.91%)
Instance: 9 Fold: 48 of 50 Acc: 94.12% Mean: 94.23% (+/- 3.90%)
Instance: 9 Fold: 49 of 50 Acc: 91.18% Mean: 94.22% (+/- 3.90%)
Instance: 9 Fold: 50 of 50 Acc: 91.18% Mean: 94.21% (+/- 3.90%)
Instance: 10 Fold: 1 of 50 Acc: 94.29% Mean: 94.21% (+/- 3.89%)
Instance: 10 Fold: 2 of 50 Acc: 100.00% Mean: 94.23% (+/- 3.90%)
Instance: 10 Fold: 3 of 50 Acc: 91.18% Mean: 94.22% (+/- 3.90%)
Instance: 10 Fold: 4 of 50 Acc: 88.24% Mean: 94.21% (+/- 3.90%)
Instance: 10 Fold: 5 of 50 Acc: 100.00% Mean: 94.22% (+/- 3.91%)
Instance: 10 Fold: 6 of 50 Acc: 94.12% Mean: 94.22% (+/- 3.91%)
Instance: 10 Fold: 7 of 50 Acc: 88.24% Mean: 94.21% (+/- 3.91%)
Instance: 10 Fold: 8 of 50 Acc: 91.18% Mean: 94.20% (+/- 3.91%)
Instance: 10 Fold: 9 of 50 Acc: 97.06% Mean: 94.21% (+/- 3.91%)
Instance: 10 Fold: 10 of 50 Acc: 88.24% Mean: 94.19% (+/- 3.91%)
Instance: 10 Fold: 11 of 50 Acc: 97.14% Mean: 94.20% (+/- 3.91%)
Instance: 10 Fold: 12 of 50 Acc: 91.43% Mean: 94.19% (+/- 3.91%)
Instance: 10 Fold: 13 of 50 Acc: 97.06% Mean: 94.20% (+/- 3.91%)
Instance: 10 Fold: 14 of 50 Acc: 97.06% Mean: 94.21% (+/- 3.90%)
Instance: 10 Fold: 15 of 50 Acc: 94.12% Mean: 94.21% (+/- 3.90%)
Instance: 10 Fold: 16 of 50 Acc: 88.24% Mean: 94.19% (+/- 3.91%)
Instance: 10 Fold: 17 of 50 Acc: 94.12% Mean: 94.19% (+/- 3.90%)
Instance: 10 Fold: 18 of 50 Acc: 100.00% Mean: 94.21% (+/- 3.91%)
Instance: 10 Fold: 19 of 50 Acc: 94.12% Mean: 94.20% (+/- 3.90%)
Instance: 10 Fold: 20 of 50 Acc: 94.12% Mean: 94.20% (+/- 3.90%)
Instance: 10 Fold: 21 of 50 Acc: 91.43% Mean: 94.20% (+/- 3.90%)
Instance: 10 Fold: 22 of 50 Acc: 94.29% Mean: 94.20% (+/- 3.89%)
Instance: 10 Fold: 23 of 50 Acc: 91.18% Mean: 94.19% (+/- 3.89%)
Instance: 10 Fold: 24 of 50 Acc: 97.06% Mean: 94.20% (+/- 3.89%)
Instance: 10 Fold: 25 of 50 Acc: 100.00% Mean: 94.21% (+/- 3.89%)
Instance: 10 Fold: 26 of 50 Acc: 100.00% Mean: 94.22% (+/- 3.90%)
Instance: 10 Fold: 27 of 50 Acc: 85.29% Mean: 94.20% (+/- 3.92%)
Instance: 10 Fold: 28 of 50 Acc: 97.06% Mean: 94.21% (+/- 3.91%)
Instance: 10 Fold: 29 of 50 Acc: 100.00% Mean: 94.22% (+/- 3.92%)
Instance: 10 Fold: 30 of 50 Acc: 91.18% Mean: 94.22% (+/- 3.92%)
Instance: 10 Fold: 31 of 50 Acc: 94.29% Mean: 94.22% (+/- 3.91%)
Instance: 10 Fold: 32 of 50 Acc: 100.00% Mean: 94.23% (+/- 3.92%)
Instance: 10 Fold: 33 of 50 Acc: 91.18% Mean: 94.22% (+/- 3.92%)
Instance: 10 Fold: 34 of 50 Acc: 91.18% Mean: 94.22% (+/- 3.92%)
Instance: 10 Fold: 35 of 50 Acc: 97.06% Mean: 94.22% (+/- 3.91%)
Instance: 10 Fold: 36 of 50 Acc: 94.12% Mean: 94.22% (+/- 3.91%)
Instance: 10 Fold: 37 of 50 Acc: 85.29% Mean: 94.20% (+/- 3.93%)
Instance: 10 Fold: 38 of 50 Acc: 94.12% Mean: 94.20% (+/- 3.92%)
Instance: 10 Fold: 39 of 50 Acc: 94.12% Mean: 94.20% (+/- 3.92%)
Instance: 10 Fold: 40 of 50 Acc: 100.00% Mean: 94.21% (+/- 3.92%)
Instance: 10 Fold: 41 of 50 Acc: 94.29% Mean: 94.21% (+/- 3.92%)
Instance: 10 Fold: 42 of 50 Acc: 97.14% Mean: 94.22% (+/- 3.92%)
Instance: 10 Fold: 43 of 50 Acc: 91.18% Mean: 94.21% (+/- 3.92%)
Instance: 10 Fold: 44 of 50 Acc: 94.12% Mean: 94.21% (+/- 3.91%)
Instance: 10 Fold: 45 of 50 Acc: 94.12% Mean: 94.21% (+/- 3.91%)
Instance: 10 Fold: 46 of 50 Acc: 100.00% Mean: 94.23% (+/- 3.91%)
Instance: 10 Fold: 47 of 50 Acc: 97.06% Mean: 94.23% (+/- 3.91%)
Instance: 10 Fold: 48 of 50 Acc: 91.18% Mean: 94.23% (+/- 3.91%)
Instance: 10 Fold: 49 of 50 Acc: 88.24% Mean: 94.21% (+/- 3.91%)
Instance: 10 Fold: 50 of 50 Acc: 97.06% Mean: 94.22% (+/- 3.91%)
