Machine: PRECISION
Date: 18/02/2023 Time: 14:29:40
Config.: E
Alternative Dense Layer: False
Pooling Application Layer: avg
Data Augmentation: False
Data Augmentation Multiplier: 1
Fine Tuning: True
Multi Optimizer: True
Optimizer: RMSprop
Batch Size: 16
Restore Best Weights: False
Model: InceptionV3

Instance: 1 Fold: 1 of 50 Acc: 77.14% Mean: 77.14% (+/- 0.00%)
Instance: 1 Fold: 2 of 50 Acc: 100.00% Mean: 88.57% (+/- 11.43%)
Instance: 1 Fold: 3 of 50 Acc: 91.18% Mean: 89.44% (+/- 9.41%)
Instance: 1 Fold: 4 of 50 Acc: 88.24% Mean: 89.14% (+/- 8.17%)
Instance: 1 Fold: 5 of 50 Acc: 85.29% Mean: 88.37% (+/- 7.47%)
Instance: 1 Fold: 6 of 50 Acc: 94.12% Mean: 89.33% (+/- 7.14%)
Instance: 1 Fold: 7 of 50 Acc: 85.29% Mean: 88.75% (+/- 6.76%)
Instance: 1 Fold: 8 of 50 Acc: 88.24% Mean: 88.69% (+/- 6.33%)
Instance: 1 Fold: 9 of 50 Acc: 82.35% Mean: 87.98% (+/- 6.29%)
Instance: 1 Fold: 10 of 50 Acc: 88.24% Mean: 88.01% (+/- 5.97%)
Instance: 1 Fold: 11 of 50 Acc: 91.43% Mean: 88.32% (+/- 5.77%)
Instance: 1 Fold: 12 of 50 Acc: 85.71% Mean: 88.10% (+/- 5.57%)
Instance: 1 Fold: 13 of 50 Acc: 91.18% Mean: 88.34% (+/- 5.42%)
Instance: 1 Fold: 14 of 50 Acc: 94.12% Mean: 88.75% (+/- 5.43%)
Instance: 1 Fold: 15 of 50 Acc: 88.24% Mean: 88.72% (+/- 5.25%)
Instance: 1 Fold: 16 of 50 Acc: 85.29% Mean: 88.50% (+/- 5.15%)
Instance: 1 Fold: 17 of 50 Acc: 91.18% Mean: 88.66% (+/- 5.03%)
Instance: 1 Fold: 18 of 50 Acc: 94.12% Mean: 88.96% (+/- 5.05%)
Instance: 1 Fold: 19 of 50 Acc: 88.24% Mean: 88.93% (+/- 4.92%)
Instance: 1 Fold: 20 of 50 Acc: 85.29% Mean: 88.74% (+/- 4.86%)
Instance: 1 Fold: 21 of 50 Acc: 85.71% Mean: 88.60% (+/- 4.78%)
Instance: 1 Fold: 22 of 50 Acc: 85.71% Mean: 88.47% (+/- 4.71%)
Instance: 1 Fold: 23 of 50 Acc: 91.18% Mean: 88.59% (+/- 4.64%)
Instance: 1 Fold: 24 of 50 Acc: 94.12% Mean: 88.82% (+/- 4.68%)
Instance: 1 Fold: 25 of 50 Acc: 85.29% Mean: 88.68% (+/- 4.63%)
Instance: 1 Fold: 26 of 50 Acc: 91.18% Mean: 88.77% (+/- 4.57%)
Instance: 1 Fold: 27 of 50 Acc: 91.18% Mean: 88.86% (+/- 4.51%)
Instance: 1 Fold: 28 of 50 Acc: 94.12% Mean: 89.05% (+/- 4.53%)
Instance: 1 Fold: 29 of 50 Acc: 82.35% Mean: 88.82% (+/- 4.62%)
Instance: 1 Fold: 30 of 50 Acc: 94.12% Mean: 88.99% (+/- 4.64%)
Instance: 1 Fold: 31 of 50 Acc: 88.57% Mean: 88.98% (+/- 4.56%)
Instance: 1 Fold: 32 of 50 Acc: 94.29% Mean: 89.15% (+/- 4.59%)
Instance: 1 Fold: 33 of 50 Acc: 82.35% Mean: 88.94% (+/- 4.66%)
Instance: 1 Fold: 34 of 50 Acc: 88.24% Mean: 88.92% (+/- 4.60%)
Instance: 1 Fold: 35 of 50 Acc: 91.18% Mean: 88.98% (+/- 4.55%)
Instance: 1 Fold: 36 of 50 Acc: 94.12% Mean: 89.13% (+/- 4.56%)
Instance: 1 Fold: 37 of 50 Acc: 88.24% Mean: 89.10% (+/- 4.50%)
Instance: 1 Fold: 38 of 50 Acc: 100.00% Mean: 89.39% (+/- 4.77%)
Instance: 1 Fold: 39 of 50 Acc: 85.29% Mean: 89.28% (+/- 4.75%)
Instance: 1 Fold: 40 of 50 Acc: 82.35% Mean: 89.11% (+/- 4.82%)
Instance: 1 Fold: 41 of 50 Acc: 88.57% Mean: 89.10% (+/- 4.76%)
Instance: 1 Fold: 42 of 50 Acc: 94.29% Mean: 89.22% (+/- 4.77%)
Instance: 1 Fold: 43 of 50 Acc: 97.06% Mean: 89.40% (+/- 4.86%)
Instance: 1 Fold: 44 of 50 Acc: 82.35% Mean: 89.24% (+/- 4.92%)
Instance: 1 Fold: 45 of 50 Acc: 82.35% Mean: 89.09% (+/- 4.97%)
Instance: 1 Fold: 46 of 50 Acc: 97.06% Mean: 89.26% (+/- 5.05%)
Instance: 1 Fold: 47 of 50 Acc: 97.06% Mean: 89.43% (+/- 5.12%)
Instance: 1 Fold: 48 of 50 Acc: 88.24% Mean: 89.40% (+/- 5.07%)
Instance: 1 Fold: 49 of 50 Acc: 91.18% Mean: 89.44% (+/- 5.02%)
Instance: 1 Fold: 50 of 50 Acc: 85.29% Mean: 89.36% (+/- 5.01%)
Instance: 2 Fold: 1 of 50 Acc: 82.86% Mean: 89.23% (+/- 5.04%)
Instance: 2 Fold: 2 of 50 Acc: 68.57% Mean: 88.83% (+/- 5.74%)
Instance: 2 Fold: 3 of 50 Acc: 94.12% Mean: 88.93% (+/- 5.73%)
Instance: 2 Fold: 4 of 50 Acc: 85.29% Mean: 88.87% (+/- 5.70%)
Instance: 2 Fold: 5 of 50 Acc: 94.12% Mean: 88.96% (+/- 5.69%)
Instance: 2 Fold: 6 of 50 Acc: 94.12% Mean: 89.05% (+/- 5.68%)
Instance: 2 Fold: 7 of 50 Acc: 79.41% Mean: 88.88% (+/- 5.77%)
Instance: 2 Fold: 8 of 50 Acc: 85.29% Mean: 88.82% (+/- 5.74%)
Instance: 2 Fold: 9 of 50 Acc: 97.06% Mean: 88.96% (+/- 5.79%)
Instance: 2 Fold: 10 of 50 Acc: 85.29% Mean: 88.90% (+/- 5.76%)
Instance: 2 Fold: 11 of 50 Acc: 91.43% Mean: 88.94% (+/- 5.72%)
Instance: 2 Fold: 12 of 50 Acc: 88.57% Mean: 88.94% (+/- 5.67%)
Instance: 2 Fold: 13 of 50 Acc: 91.18% Mean: 88.97% (+/- 5.64%)
Instance: 2 Fold: 14 of 50 Acc: 91.18% Mean: 89.01% (+/- 5.60%)
Instance: 2 Fold: 15 of 50 Acc: 88.24% Mean: 88.99% (+/- 5.56%)
Instance: 2 Fold: 16 of 50 Acc: 82.35% Mean: 88.89% (+/- 5.57%)
Instance: 2 Fold: 17 of 50 Acc: 88.24% Mean: 88.88% (+/- 5.53%)
Instance: 2 Fold: 18 of 50 Acc: 97.06% Mean: 89.00% (+/- 5.58%)
Instance: 2 Fold: 19 of 50 Acc: 88.24% Mean: 88.99% (+/- 5.54%)
Instance: 2 Fold: 20 of 50 Acc: 82.35% Mean: 88.90% (+/- 5.56%)
Instance: 2 Fold: 21 of 50 Acc: 88.57% Mean: 88.89% (+/- 5.52%)
Instance: 2 Fold: 22 of 50 Acc: 85.71% Mean: 88.85% (+/- 5.49%)
Instance: 2 Fold: 23 of 50 Acc: 97.06% Mean: 88.96% (+/- 5.54%)
Instance: 2 Fold: 24 of 50 Acc: 94.12% Mean: 89.03% (+/- 5.53%)
Instance: 2 Fold: 25 of 50 Acc: 88.24% Mean: 89.02% (+/- 5.49%)
Instance: 2 Fold: 26 of 50 Acc: 94.12% Mean: 89.09% (+/- 5.49%)
Instance: 2 Fold: 27 of 50 Acc: 100.00% Mean: 89.23% (+/- 5.59%)
Instance: 2 Fold: 28 of 50 Acc: 88.24% Mean: 89.22% (+/- 5.56%)
Instance: 2 Fold: 29 of 50 Acc: 88.24% Mean: 89.20% (+/- 5.52%)
Instance: 2 Fold: 30 of 50 Acc: 85.29% Mean: 89.16% (+/- 5.50%)
Instance: 2 Fold: 31 of 50 Acc: 88.57% Mean: 89.15% (+/- 5.47%)
Instance: 2 Fold: 32 of 50 Acc: 91.43% Mean: 89.18% (+/- 5.44%)
Instance: 2 Fold: 33 of 50 Acc: 85.29% Mean: 89.13% (+/- 5.43%)
Instance: 2 Fold: 34 of 50 Acc: 79.41% Mean: 89.01% (+/- 5.50%)
Instance: 2 Fold: 35 of 50 Acc: 91.18% Mean: 89.04% (+/- 5.47%)
Instance: 2 Fold: 36 of 50 Acc: 91.18% Mean: 89.06% (+/- 5.44%)
Instance: 2 Fold: 37 of 50 Acc: 91.18% Mean: 89.09% (+/- 5.42%)
Instance: 2 Fold: 38 of 50 Acc: 94.12% Mean: 89.15% (+/- 5.41%)
Instance: 2 Fold: 39 of 50 Acc: 85.29% Mean: 89.10% (+/- 5.40%)
Instance: 2 Fold: 40 of 50 Acc: 85.29% Mean: 89.06% (+/- 5.38%)
Instance: 2 Fold: 41 of 50 Acc: 91.43% Mean: 89.09% (+/- 5.36%)
Instance: 2 Fold: 42 of 50 Acc: 82.86% Mean: 89.02% (+/- 5.37%)
Instance: 2 Fold: 43 of 50 Acc: 91.18% Mean: 89.04% (+/- 5.34%)
Instance: 2 Fold: 44 of 50 Acc: 88.24% Mean: 89.03% (+/- 5.31%)
Instance: 2 Fold: 45 of 50 Acc: 88.24% Mean: 89.02% (+/- 5.29%)
Instance: 2 Fold: 46 of 50 Acc: 91.18% Mean: 89.05% (+/- 5.26%)
Instance: 2 Fold: 47 of 50 Acc: 94.12% Mean: 89.10% (+/- 5.26%)
Instance: 2 Fold: 48 of 50 Acc: 88.24% Mean: 89.09% (+/- 5.24%)
Instance: 2 Fold: 49 of 50 Acc: 94.12% Mean: 89.14% (+/- 5.23%)
Instance: 2 Fold: 50 of 50 Acc: 88.24% Mean: 89.13% (+/- 5.21%)
Instance: 3 Fold: 1 of 50 Acc: 85.71% Mean: 89.10% (+/- 5.19%)
Instance: 3 Fold: 2 of 50 Acc: 91.43% Mean: 89.12% (+/- 5.17%)
Instance: 3 Fold: 3 of 50 Acc: 94.12% Mean: 89.17% (+/- 5.17%)
Instance: 3 Fold: 4 of 50 Acc: 88.24% Mean: 89.16% (+/- 5.15%)
Instance: 3 Fold: 5 of 50 Acc: 91.18% Mean: 89.18% (+/- 5.13%)
Instance: 3 Fold: 6 of 50 Acc: 94.12% Mean: 89.23% (+/- 5.12%)
Instance: 3 Fold: 7 of 50 Acc: 91.18% Mean: 89.24% (+/- 5.10%)
Instance: 3 Fold: 8 of 50 Acc: 97.06% Mean: 89.32% (+/- 5.13%)
Instance: 3 Fold: 9 of 50 Acc: 94.12% Mean: 89.36% (+/- 5.13%)
Instance: 3 Fold: 10 of 50 Acc: 91.18% Mean: 89.38% (+/- 5.11%)
Instance: 3 Fold: 11 of 50 Acc: 88.57% Mean: 89.37% (+/- 5.09%)
Instance: 3 Fold: 12 of 50 Acc: 88.57% Mean: 89.36% (+/- 5.07%)
Instance: 3 Fold: 13 of 50 Acc: 100.00% Mean: 89.46% (+/- 5.14%)
Instance: 3 Fold: 14 of 50 Acc: 94.12% Mean: 89.50% (+/- 5.14%)
Instance: 3 Fold: 15 of 50 Acc: 85.29% Mean: 89.46% (+/- 5.13%)
Instance: 3 Fold: 16 of 50 Acc: 79.41% Mean: 89.37% (+/- 5.19%)
Instance: 3 Fold: 17 of 50 Acc: 91.18% Mean: 89.39% (+/- 5.17%)
Instance: 3 Fold: 18 of 50 Acc: 91.18% Mean: 89.41% (+/- 5.15%)
Instance: 3 Fold: 19 of 50 Acc: 88.24% Mean: 89.40% (+/- 5.13%)
Instance: 3 Fold: 20 of 50 Acc: 91.18% Mean: 89.41% (+/- 5.11%)
Instance: 3 Fold: 21 of 50 Acc: 88.57% Mean: 89.40% (+/- 5.09%)
Instance: 3 Fold: 22 of 50 Acc: 88.57% Mean: 89.40% (+/- 5.07%)
Instance: 3 Fold: 23 of 50 Acc: 94.12% Mean: 89.43% (+/- 5.07%)
Instance: 3 Fold: 24 of 50 Acc: 94.12% Mean: 89.47% (+/- 5.07%)
Instance: 3 Fold: 25 of 50 Acc: 88.24% Mean: 89.46% (+/- 5.05%)
Instance: 3 Fold: 26 of 50 Acc: 94.12% Mean: 89.50% (+/- 5.04%)
Instance: 3 Fold: 27 of 50 Acc: 97.06% Mean: 89.56% (+/- 5.07%)
Instance: 3 Fold: 28 of 50 Acc: 91.18% Mean: 89.57% (+/- 5.05%)
Instance: 3 Fold: 29 of 50 Acc: 91.18% Mean: 89.58% (+/- 5.03%)
Instance: 3 Fold: 30 of 50 Acc: 85.29% Mean: 89.55% (+/- 5.03%)
Instance: 3 Fold: 31 of 50 Acc: 88.57% Mean: 89.54% (+/- 5.01%)
Instance: 3 Fold: 32 of 50 Acc: 85.71% Mean: 89.51% (+/- 5.00%)
Instance: 3 Fold: 33 of 50 Acc: 88.24% Mean: 89.51% (+/- 4.98%)
Instance: 3 Fold: 34 of 50 Acc: 91.18% Mean: 89.52% (+/- 4.97%)
Instance: 3 Fold: 35 of 50 Acc: 88.24% Mean: 89.51% (+/- 4.95%)
Instance: 3 Fold: 36 of 50 Acc: 82.35% Mean: 89.46% (+/- 4.97%)
Instance: 3 Fold: 37 of 50 Acc: 79.41% Mean: 89.38% (+/- 5.02%)
Instance: 3 Fold: 38 of 50 Acc: 85.29% Mean: 89.35% (+/- 5.02%)
Instance: 3 Fold: 39 of 50 Acc: 85.29% Mean: 89.32% (+/- 5.01%)
Instance: 3 Fold: 40 of 50 Acc: 88.24% Mean: 89.32% (+/- 4.99%)
Instance: 3 Fold: 41 of 50 Acc: 88.57% Mean: 89.31% (+/- 4.98%)
Instance: 3 Fold: 42 of 50 Acc: 91.43% Mean: 89.33% (+/- 4.96%)
Instance: 3 Fold: 43 of 50 Acc: 94.12% Mean: 89.36% (+/- 4.96%)
Instance: 3 Fold: 44 of 50 Acc: 94.12% Mean: 89.39% (+/- 4.96%)
Instance: 3 Fold: 45 of 50 Acc: 91.18% Mean: 89.40% (+/- 4.94%)
Instance: 3 Fold: 46 of 50 Acc: 100.00% Mean: 89.48% (+/- 5.00%)
Instance: 3 Fold: 47 of 50 Acc: 91.18% Mean: 89.49% (+/- 4.99%)
Instance: 3 Fold: 48 of 50 Acc: 79.41% Mean: 89.42% (+/- 5.04%)
Instance: 3 Fold: 49 of 50 Acc: 91.18% Mean: 89.43% (+/- 5.03%)
Instance: 3 Fold: 50 of 50 Acc: 97.06% Mean: 89.48% (+/- 5.05%)
Instance: 4 Fold: 1 of 50 Acc: 82.86% Mean: 89.44% (+/- 5.06%)
Instance: 4 Fold: 2 of 50 Acc: 97.14% Mean: 89.49% (+/- 5.08%)
Instance: 4 Fold: 3 of 50 Acc: 91.18% Mean: 89.50% (+/- 5.07%)
Instance: 4 Fold: 4 of 50 Acc: 85.29% Mean: 89.47% (+/- 5.06%)
Instance: 4 Fold: 5 of 50 Acc: 85.29% Mean: 89.45% (+/- 5.06%)
Instance: 4 Fold: 6 of 50 Acc: 91.18% Mean: 89.46% (+/- 5.04%)
Instance: 4 Fold: 7 of 50 Acc: 85.29% Mean: 89.43% (+/- 5.04%)
Instance: 4 Fold: 8 of 50 Acc: 91.18% Mean: 89.44% (+/- 5.02%)
Instance: 4 Fold: 9 of 50 Acc: 100.00% Mean: 89.51% (+/- 5.08%)
Instance: 4 Fold: 10 of 50 Acc: 88.24% Mean: 89.50% (+/- 5.06%)
Instance: 4 Fold: 11 of 50 Acc: 88.57% Mean: 89.49% (+/- 5.05%)
Instance: 4 Fold: 12 of 50 Acc: 88.57% Mean: 89.49% (+/- 5.03%)
Instance: 4 Fold: 13 of 50 Acc: 94.12% Mean: 89.52% (+/- 5.03%)
Instance: 4 Fold: 14 of 50 Acc: 94.12% Mean: 89.55% (+/- 5.02%)
Instance: 4 Fold: 15 of 50 Acc: 91.18% Mean: 89.56% (+/- 5.01%)
Instance: 4 Fold: 16 of 50 Acc: 82.35% Mean: 89.51% (+/- 5.03%)
Instance: 4 Fold: 17 of 50 Acc: 91.18% Mean: 89.52% (+/- 5.01%)
Instance: 4 Fold: 18 of 50 Acc: 82.35% Mean: 89.48% (+/- 5.03%)
Instance: 4 Fold: 19 of 50 Acc: 85.29% Mean: 89.45% (+/- 5.02%)
Instance: 4 Fold: 20 of 50 Acc: 88.24% Mean: 89.45% (+/- 5.01%)
Instance: 4 Fold: 21 of 50 Acc: 80.00% Mean: 89.39% (+/- 5.05%)
Instance: 4 Fold: 22 of 50 Acc: 91.43% Mean: 89.40% (+/- 5.04%)
Instance: 4 Fold: 23 of 50 Acc: 94.12% Mean: 89.43% (+/- 5.03%)
Instance: 4 Fold: 24 of 50 Acc: 100.00% Mean: 89.49% (+/- 5.08%)
Instance: 4 Fold: 25 of 50 Acc: 91.18% Mean: 89.50% (+/- 5.07%)
Instance: 4 Fold: 26 of 50 Acc: 97.06% Mean: 89.54% (+/- 5.09%)
Instance: 4 Fold: 27 of 50 Acc: 91.18% Mean: 89.55% (+/- 5.07%)
Instance: 4 Fold: 28 of 50 Acc: 91.18% Mean: 89.56% (+/- 5.06%)
Instance: 4 Fold: 29 of 50 Acc: 88.24% Mean: 89.56% (+/- 5.05%)
Instance: 4 Fold: 30 of 50 Acc: 91.18% Mean: 89.56% (+/- 5.03%)
Instance: 4 Fold: 31 of 50 Acc: 80.00% Mean: 89.51% (+/- 5.07%)
Instance: 4 Fold: 32 of 50 Acc: 94.29% Mean: 89.54% (+/- 5.07%)
Instance: 4 Fold: 33 of 50 Acc: 85.29% Mean: 89.51% (+/- 5.06%)
Instance: 4 Fold: 34 of 50 Acc: 82.35% Mean: 89.48% (+/- 5.08%)
Instance: 4 Fold: 35 of 50 Acc: 88.24% Mean: 89.47% (+/- 5.07%)
Instance: 4 Fold: 36 of 50 Acc: 88.24% Mean: 89.46% (+/- 5.05%)
Instance: 4 Fold: 37 of 50 Acc: 88.24% Mean: 89.46% (+/- 5.04%)
Instance: 4 Fold: 38 of 50 Acc: 91.18% Mean: 89.46% (+/- 5.03%)
Instance: 4 Fold: 39 of 50 Acc: 85.29% Mean: 89.44% (+/- 5.02%)
Instance: 4 Fold: 40 of 50 Acc: 94.12% Mean: 89.47% (+/- 5.02%)
Instance: 4 Fold: 41 of 50 Acc: 85.71% Mean: 89.45% (+/- 5.02%)
Instance: 4 Fold: 42 of 50 Acc: 88.57% Mean: 89.44% (+/- 5.00%)
Instance: 4 Fold: 43 of 50 Acc: 94.12% Mean: 89.47% (+/- 5.00%)
Instance: 4 Fold: 44 of 50 Acc: 94.12% Mean: 89.49% (+/- 5.00%)
Instance: 4 Fold: 45 of 50 Acc: 88.24% Mean: 89.49% (+/- 4.99%)
Instance: 4 Fold: 46 of 50 Acc: 94.12% Mean: 89.51% (+/- 4.99%)
Instance: 4 Fold: 47 of 50 Acc: 79.41% Mean: 89.46% (+/- 5.03%)
Instance: 4 Fold: 48 of 50 Acc: 82.35% Mean: 89.42% (+/- 5.04%)
Instance: 4 Fold: 49 of 50 Acc: 85.29% Mean: 89.40% (+/- 5.03%)
Instance: 4 Fold: 50 of 50 Acc: 94.12% Mean: 89.42% (+/- 5.03%)
Instance: 5 Fold: 1 of 50 Acc: 80.00% Mean: 89.38% (+/- 5.06%)
Instance: 5 Fold: 2 of 50 Acc: 88.57% Mean: 89.37% (+/- 5.05%)
Instance: 5 Fold: 3 of 50 Acc: 91.18% Mean: 89.38% (+/- 5.04%)
Instance: 5 Fold: 4 of 50 Acc: 88.24% Mean: 89.38% (+/- 5.03%)
Instance: 5 Fold: 5 of 50 Acc: 94.12% Mean: 89.40% (+/- 5.03%)
Instance: 5 Fold: 6 of 50 Acc: 88.24% Mean: 89.39% (+/- 5.02%)
Instance: 5 Fold: 7 of 50 Acc: 88.24% Mean: 89.39% (+/- 5.00%)
Instance: 5 Fold: 8 of 50 Acc: 91.18% Mean: 89.40% (+/- 4.99%)
Instance: 5 Fold: 9 of 50 Acc: 97.06% Mean: 89.43% (+/- 5.01%)
Instance: 5 Fold: 10 of 50 Acc: 91.18% Mean: 89.44% (+/- 5.00%)
Instance: 5 Fold: 11 of 50 Acc: 94.29% Mean: 89.47% (+/- 5.00%)
Instance: 5 Fold: 12 of 50 Acc: 94.29% Mean: 89.49% (+/- 5.00%)
Instance: 5 Fold: 13 of 50 Acc: 91.18% Mean: 89.50% (+/- 4.99%)
Instance: 5 Fold: 14 of 50 Acc: 94.12% Mean: 89.52% (+/- 4.98%)
Instance: 5 Fold: 15 of 50 Acc: 91.18% Mean: 89.53% (+/- 4.97%)
Instance: 5 Fold: 16 of 50 Acc: 79.41% Mean: 89.48% (+/- 5.01%)
Instance: 5 Fold: 17 of 50 Acc: 94.12% Mean: 89.50% (+/- 5.01%)
Instance: 5 Fold: 18 of 50 Acc: 88.24% Mean: 89.49% (+/- 5.00%)
Instance: 5 Fold: 19 of 50 Acc: 85.29% Mean: 89.47% (+/- 4.99%)
Instance: 5 Fold: 20 of 50 Acc: 91.18% Mean: 89.48% (+/- 4.98%)
Instance: 5 Fold: 21 of 50 Acc: 85.71% Mean: 89.47% (+/- 4.98%)
Instance: 5 Fold: 22 of 50 Acc: 91.43% Mean: 89.47% (+/- 4.97%)
Instance: 5 Fold: 23 of 50 Acc: 91.18% Mean: 89.48% (+/- 4.96%)
Instance: 5 Fold: 24 of 50 Acc: 94.12% Mean: 89.50% (+/- 4.96%)
Instance: 5 Fold: 25 of 50 Acc: 76.47% Mean: 89.44% (+/- 5.02%)
Instance: 5 Fold: 26 of 50 Acc: 97.06% Mean: 89.48% (+/- 5.04%)
Instance: 5 Fold: 27 of 50 Acc: 82.35% Mean: 89.45% (+/- 5.05%)
Instance: 5 Fold: 28 of 50 Acc: 88.24% Mean: 89.44% (+/- 5.04%)
Instance: 5 Fold: 29 of 50 Acc: 85.29% Mean: 89.42% (+/- 5.03%)
Instance: 5 Fold: 30 of 50 Acc: 88.24% Mean: 89.42% (+/- 5.02%)
Instance: 5 Fold: 31 of 50 Acc: 80.00% Mean: 89.38% (+/- 5.05%)
Instance: 5 Fold: 32 of 50 Acc: 94.29% Mean: 89.40% (+/- 5.05%)
Instance: 5 Fold: 33 of 50 Acc: 94.12% Mean: 89.42% (+/- 5.05%)
Instance: 5 Fold: 34 of 50 Acc: 91.18% Mean: 89.43% (+/- 5.04%)
Instance: 5 Fold: 35 of 50 Acc: 85.29% Mean: 89.41% (+/- 5.04%)
Instance: 5 Fold: 36 of 50 Acc: 88.24% Mean: 89.40% (+/- 5.03%)
Instance: 5 Fold: 37 of 50 Acc: 88.24% Mean: 89.40% (+/- 5.02%)
Instance: 5 Fold: 38 of 50 Acc: 97.06% Mean: 89.43% (+/- 5.03%)
Instance: 5 Fold: 39 of 50 Acc: 88.24% Mean: 89.43% (+/- 5.02%)
Instance: 5 Fold: 40 of 50 Acc: 85.29% Mean: 89.41% (+/- 5.02%)
Instance: 5 Fold: 41 of 50 Acc: 82.86% Mean: 89.38% (+/- 5.02%)
Instance: 5 Fold: 42 of 50 Acc: 77.14% Mean: 89.33% (+/- 5.07%)
Instance: 5 Fold: 43 of 50 Acc: 97.06% Mean: 89.36% (+/- 5.09%)
Instance: 5 Fold: 44 of 50 Acc: 82.35% Mean: 89.33% (+/- 5.10%)
Instance: 5 Fold: 45 of 50 Acc: 85.29% Mean: 89.32% (+/- 5.09%)
Instance: 5 Fold: 46 of 50 Acc: 91.18% Mean: 89.33% (+/- 5.08%)
Instance: 5 Fold: 47 of 50 Acc: 76.47% Mean: 89.27% (+/- 5.14%)
Instance: 5 Fold: 48 of 50 Acc: 79.41% Mean: 89.23% (+/- 5.17%)
Instance: 5 Fold: 49 of 50 Acc: 85.29% Mean: 89.22% (+/- 5.16%)
Instance: 5 Fold: 50 of 50 Acc: 97.06% Mean: 89.25% (+/- 5.18%)
Instance: 6 Fold: 1 of 50 Acc: 77.14% Mean: 89.20% (+/- 5.22%)
Instance: 6 Fold: 2 of 50 Acc: 77.14% Mean: 89.15% (+/- 5.27%)
Instance: 6 Fold: 3 of 50 Acc: 91.18% Mean: 89.16% (+/- 5.26%)
Instance: 6 Fold: 4 of 50 Acc: 85.29% Mean: 89.15% (+/- 5.25%)
Instance: 6 Fold: 5 of 50 Acc: 91.18% Mean: 89.15% (+/- 5.24%)
Instance: 6 Fold: 6 of 50 Acc: 73.53% Mean: 89.09% (+/- 5.32%)
Instance: 6 Fold: 7 of 50 Acc: 85.29% Mean: 89.08% (+/- 5.32%)
Instance: 6 Fold: 8 of 50 Acc: 97.06% Mean: 89.11% (+/- 5.33%)
Instance: 6 Fold: 9 of 50 Acc: 94.12% Mean: 89.13% (+/- 5.33%)
Instance: 6 Fold: 10 of 50 Acc: 94.12% Mean: 89.15% (+/- 5.33%)
Instance: 6 Fold: 11 of 50 Acc: 85.71% Mean: 89.13% (+/- 5.32%)
Instance: 6 Fold: 12 of 50 Acc: 91.43% Mean: 89.14% (+/- 5.31%)
Instance: 6 Fold: 13 of 50 Acc: 88.24% Mean: 89.14% (+/- 5.30%)
Instance: 6 Fold: 14 of 50 Acc: 94.12% Mean: 89.16% (+/- 5.30%)
Instance: 6 Fold: 15 of 50 Acc: 85.29% Mean: 89.14% (+/- 5.30%)
Instance: 6 Fold: 16 of 50 Acc: 88.24% Mean: 89.14% (+/- 5.29%)
Instance: 6 Fold: 17 of 50 Acc: 91.18% Mean: 89.15% (+/- 5.28%)
Instance: 6 Fold: 18 of 50 Acc: 88.24% Mean: 89.14% (+/- 5.27%)
Instance: 6 Fold: 19 of 50 Acc: 91.18% Mean: 89.15% (+/- 5.26%)
Instance: 6 Fold: 20 of 50 Acc: 88.24% Mean: 89.15% (+/- 5.25%)
Instance: 6 Fold: 21 of 50 Acc: 88.57% Mean: 89.15% (+/- 5.24%)
Instance: 6 Fold: 22 of 50 Acc: 88.57% Mean: 89.14% (+/- 5.23%)
Instance: 6 Fold: 23 of 50 Acc: 91.18% Mean: 89.15% (+/- 5.23%)
Instance: 6 Fold: 24 of 50 Acc: 91.18% Mean: 89.16% (+/- 5.22%)
Instance: 6 Fold: 25 of 50 Acc: 85.29% Mean: 89.15% (+/- 5.21%)
Instance: 6 Fold: 26 of 50 Acc: 97.06% Mean: 89.17% (+/- 5.23%)
Instance: 6 Fold: 27 of 50 Acc: 91.18% Mean: 89.18% (+/- 5.22%)
Instance: 6 Fold: 28 of 50 Acc: 94.12% Mean: 89.20% (+/- 5.22%)
Instance: 6 Fold: 29 of 50 Acc: 88.24% Mean: 89.20% (+/- 5.21%)
Instance: 6 Fold: 30 of 50 Acc: 88.24% Mean: 89.19% (+/- 5.20%)
Instance: 6 Fold: 31 of 50 Acc: 91.43% Mean: 89.20% (+/- 5.19%)
Instance: 6 Fold: 32 of 50 Acc: 85.71% Mean: 89.19% (+/- 5.19%)
Instance: 6 Fold: 33 of 50 Acc: 82.35% Mean: 89.16% (+/- 5.19%)
Instance: 6 Fold: 34 of 50 Acc: 76.47% Mean: 89.12% (+/- 5.24%)
Instance: 6 Fold: 35 of 50 Acc: 94.12% Mean: 89.14% (+/- 5.24%)
Instance: 6 Fold: 36 of 50 Acc: 94.12% Mean: 89.15% (+/- 5.24%)
Instance: 6 Fold: 37 of 50 Acc: 88.24% Mean: 89.15% (+/- 5.23%)
Instance: 6 Fold: 38 of 50 Acc: 94.12% Mean: 89.17% (+/- 5.23%)
Instance: 6 Fold: 39 of 50 Acc: 88.24% Mean: 89.16% (+/- 5.22%)
Instance: 6 Fold: 40 of 50 Acc: 85.29% Mean: 89.15% (+/- 5.21%)
Instance: 6 Fold: 41 of 50 Acc: 85.71% Mean: 89.14% (+/- 5.21%)
Instance: 6 Fold: 42 of 50 Acc: 85.71% Mean: 89.13% (+/- 5.20%)
Instance: 6 Fold: 43 of 50 Acc: 91.18% Mean: 89.13% (+/- 5.20%)
Instance: 6 Fold: 44 of 50 Acc: 82.35% Mean: 89.11% (+/- 5.20%)
Instance: 6 Fold: 45 of 50 Acc: 88.24% Mean: 89.11% (+/- 5.19%)
Instance: 6 Fold: 46 of 50 Acc: 97.06% Mean: 89.14% (+/- 5.20%)
Instance: 6 Fold: 47 of 50 Acc: 91.18% Mean: 89.14% (+/- 5.20%)
Instance: 6 Fold: 48 of 50 Acc: 88.24% Mean: 89.14% (+/- 5.19%)
Instance: 6 Fold: 49 of 50 Acc: 82.35% Mean: 89.12% (+/- 5.20%)
Instance: 6 Fold: 50 of 50 Acc: 82.35% Mean: 89.09% (+/- 5.20%)
Instance: 7 Fold: 1 of 50 Acc: 85.71% Mean: 89.08% (+/- 5.20%)
Instance: 7 Fold: 2 of 50 Acc: 91.43% Mean: 89.09% (+/- 5.19%)
Instance: 7 Fold: 3 of 50 Acc: 94.12% Mean: 89.11% (+/- 5.19%)
Instance: 7 Fold: 4 of 50 Acc: 88.24% Mean: 89.10% (+/- 5.18%)
Instance: 7 Fold: 5 of 50 Acc: 82.35% Mean: 89.08% (+/- 5.19%)
Instance: 7 Fold: 6 of 50 Acc: 82.35% Mean: 89.06% (+/- 5.19%)
Instance: 7 Fold: 7 of 50 Acc: 85.29% Mean: 89.05% (+/- 5.19%)
Instance: 7 Fold: 8 of 50 Acc: 88.24% Mean: 89.05% (+/- 5.18%)
Instance: 7 Fold: 9 of 50 Acc: 88.24% Mean: 89.04% (+/- 5.17%)
Instance: 7 Fold: 10 of 50 Acc: 88.24% Mean: 89.04% (+/- 5.16%)
Instance: 7 Fold: 11 of 50 Acc: 88.57% Mean: 89.04% (+/- 5.16%)
Instance: 7 Fold: 12 of 50 Acc: 91.43% Mean: 89.05% (+/- 5.15%)
Instance: 7 Fold: 13 of 50 Acc: 91.18% Mean: 89.05% (+/- 5.14%)
Instance: 7 Fold: 14 of 50 Acc: 88.24% Mean: 89.05% (+/- 5.13%)
Instance: 7 Fold: 15 of 50 Acc: 88.24% Mean: 89.05% (+/- 5.13%)
Instance: 7 Fold: 16 of 50 Acc: 82.35% Mean: 89.03% (+/- 5.13%)
Instance: 7 Fold: 17 of 50 Acc: 91.18% Mean: 89.03% (+/- 5.12%)
Instance: 7 Fold: 18 of 50 Acc: 88.24% Mean: 89.03% (+/- 5.12%)
Instance: 7 Fold: 19 of 50 Acc: 88.24% Mean: 89.03% (+/- 5.11%)
Instance: 7 Fold: 20 of 50 Acc: 91.18% Mean: 89.04% (+/- 5.10%)
Instance: 7 Fold: 21 of 50 Acc: 85.71% Mean: 89.02% (+/- 5.10%)
Instance: 7 Fold: 22 of 50 Acc: 88.57% Mean: 89.02% (+/- 5.09%)
Instance: 7 Fold: 23 of 50 Acc: 88.24% Mean: 89.02% (+/- 5.08%)
Instance: 7 Fold: 24 of 50 Acc: 91.18% Mean: 89.03% (+/- 5.08%)
Instance: 7 Fold: 25 of 50 Acc: 91.18% Mean: 89.03% (+/- 5.07%)
Instance: 7 Fold: 26 of 50 Acc: 97.06% Mean: 89.06% (+/- 5.08%)
Instance: 7 Fold: 27 of 50 Acc: 82.35% Mean: 89.04% (+/- 5.09%)
Instance: 7 Fold: 28 of 50 Acc: 88.24% Mean: 89.04% (+/- 5.08%)
Instance: 7 Fold: 29 of 50 Acc: 94.12% Mean: 89.05% (+/- 5.08%)
Instance: 7 Fold: 30 of 50 Acc: 85.29% Mean: 89.04% (+/- 5.08%)
Instance: 7 Fold: 31 of 50 Acc: 82.86% Mean: 89.02% (+/- 5.08%)
Instance: 7 Fold: 32 of 50 Acc: 94.29% Mean: 89.04% (+/- 5.08%)
Instance: 7 Fold: 33 of 50 Acc: 88.24% Mean: 89.03% (+/- 5.07%)
Instance: 7 Fold: 34 of 50 Acc: 85.29% Mean: 89.02% (+/- 5.07%)
Instance: 7 Fold: 35 of 50 Acc: 97.06% Mean: 89.05% (+/- 5.08%)
Instance: 7 Fold: 36 of 50 Acc: 88.24% Mean: 89.05% (+/- 5.07%)
Instance: 7 Fold: 37 of 50 Acc: 91.18% Mean: 89.05% (+/- 5.07%)
Instance: 7 Fold: 38 of 50 Acc: 91.18% Mean: 89.06% (+/- 5.06%)
Instance: 7 Fold: 39 of 50 Acc: 91.18% Mean: 89.06% (+/- 5.05%)
Instance: 7 Fold: 40 of 50 Acc: 85.29% Mean: 89.05% (+/- 5.05%)
Instance: 7 Fold: 41 of 50 Acc: 85.71% Mean: 89.04% (+/- 5.05%)
Instance: 7 Fold: 42 of 50 Acc: 88.57% Mean: 89.04% (+/- 5.04%)
Instance: 7 Fold: 43 of 50 Acc: 85.29% Mean: 89.03% (+/- 5.04%)
Instance: 7 Fold: 44 of 50 Acc: 76.47% Mean: 88.99% (+/- 5.07%)
Instance: 7 Fold: 45 of 50 Acc: 88.24% Mean: 88.99% (+/- 5.07%)
Instance: 7 Fold: 46 of 50 Acc: 91.18% Mean: 89.00% (+/- 5.06%)
Instance: 7 Fold: 47 of 50 Acc: 91.18% Mean: 89.00% (+/- 5.06%)
Instance: 7 Fold: 48 of 50 Acc: 85.29% Mean: 88.99% (+/- 5.05%)
Instance: 7 Fold: 49 of 50 Acc: 85.29% Mean: 88.98% (+/- 5.05%)
Instance: 7 Fold: 50 of 50 Acc: 91.18% Mean: 88.99% (+/- 5.04%)
Instance: 8 Fold: 1 of 50 Acc: 77.14% Mean: 88.96% (+/- 5.07%)
Instance: 8 Fold: 2 of 50 Acc: 94.29% Mean: 88.97% (+/- 5.08%)
Instance: 8 Fold: 3 of 50 Acc: 97.06% Mean: 88.99% (+/- 5.09%)
Instance: 8 Fold: 4 of 50 Acc: 82.35% Mean: 88.98% (+/- 5.09%)
Instance: 8 Fold: 5 of 50 Acc: 91.18% Mean: 88.98% (+/- 5.09%)
Instance: 8 Fold: 6 of 50 Acc: 91.18% Mean: 88.99% (+/- 5.08%)
Instance: 8 Fold: 7 of 50 Acc: 76.47% Mean: 88.95% (+/- 5.12%)
Instance: 8 Fold: 8 of 50 Acc: 91.18% Mean: 88.96% (+/- 5.11%)
Instance: 8 Fold: 9 of 50 Acc: 94.12% Mean: 88.97% (+/- 5.11%)
Instance: 8 Fold: 10 of 50 Acc: 85.29% Mean: 88.96% (+/- 5.11%)
Instance: 8 Fold: 11 of 50 Acc: 82.86% Mean: 88.95% (+/- 5.11%)
Instance: 8 Fold: 12 of 50 Acc: 91.43% Mean: 88.95% (+/- 5.10%)
Instance: 8 Fold: 13 of 50 Acc: 97.06% Mean: 88.98% (+/- 5.12%)
Instance: 8 Fold: 14 of 50 Acc: 94.12% Mean: 88.99% (+/- 5.12%)
Instance: 8 Fold: 15 of 50 Acc: 82.35% Mean: 88.97% (+/- 5.12%)
Instance: 8 Fold: 16 of 50 Acc: 88.24% Mean: 88.97% (+/- 5.11%)
Instance: 8 Fold: 17 of 50 Acc: 91.18% Mean: 88.98% (+/- 5.11%)
Instance: 8 Fold: 18 of 50 Acc: 94.12% Mean: 88.99% (+/- 5.11%)
Instance: 8 Fold: 19 of 50 Acc: 91.18% Mean: 89.00% (+/- 5.10%)
Instance: 8 Fold: 20 of 50 Acc: 91.18% Mean: 89.00% (+/- 5.10%)
Instance: 8 Fold: 21 of 50 Acc: 77.14% Mean: 88.97% (+/- 5.13%)
Instance: 8 Fold: 22 of 50 Acc: 97.14% Mean: 88.99% (+/- 5.14%)
Instance: 8 Fold: 23 of 50 Acc: 97.06% Mean: 89.01% (+/- 5.15%)
Instance: 8 Fold: 24 of 50 Acc: 88.24% Mean: 89.01% (+/- 5.14%)
Instance: 8 Fold: 25 of 50 Acc: 82.35% Mean: 88.99% (+/- 5.14%)
Instance: 8 Fold: 26 of 50 Acc: 97.06% Mean: 89.01% (+/- 5.15%)
Instance: 8 Fold: 27 of 50 Acc: 97.06% Mean: 89.04% (+/- 5.16%)
Instance: 8 Fold: 28 of 50 Acc: 94.12% Mean: 89.05% (+/- 5.16%)
Instance: 8 Fold: 29 of 50 Acc: 94.12% Mean: 89.06% (+/- 5.16%)
Instance: 8 Fold: 30 of 50 Acc: 85.29% Mean: 89.05% (+/- 5.16%)
Instance: 8 Fold: 31 of 50 Acc: 88.57% Mean: 89.05% (+/- 5.15%)
Instance: 8 Fold: 32 of 50 Acc: 94.29% Mean: 89.06% (+/- 5.15%)
Instance: 8 Fold: 33 of 50 Acc: 94.12% Mean: 89.08% (+/- 5.15%)
Instance: 8 Fold: 34 of 50 Acc: 88.24% Mean: 89.08% (+/- 5.15%)
Instance: 8 Fold: 35 of 50 Acc: 79.41% Mean: 89.05% (+/- 5.16%)
Instance: 8 Fold: 36 of 50 Acc: 91.18% Mean: 89.06% (+/- 5.16%)
Instance: 8 Fold: 37 of 50 Acc: 88.24% Mean: 89.05% (+/- 5.15%)
Instance: 8 Fold: 38 of 50 Acc: 85.29% Mean: 89.04% (+/- 5.15%)
Instance: 8 Fold: 39 of 50 Acc: 85.29% Mean: 89.03% (+/- 5.15%)
Instance: 8 Fold: 40 of 50 Acc: 88.24% Mean: 89.03% (+/- 5.14%)
Instance: 8 Fold: 41 of 50 Acc: 85.71% Mean: 89.02% (+/- 5.14%)
Instance: 8 Fold: 42 of 50 Acc: 88.57% Mean: 89.02% (+/- 5.13%)
Instance: 8 Fold: 43 of 50 Acc: 97.06% Mean: 89.04% (+/- 5.14%)
Instance: 8 Fold: 44 of 50 Acc: 97.06% Mean: 89.06% (+/- 5.15%)
Instance: 8 Fold: 45 of 50 Acc: 82.35% Mean: 89.05% (+/- 5.15%)
Instance: 8 Fold: 46 of 50 Acc: 94.12% Mean: 89.06% (+/- 5.15%)
Instance: 8 Fold: 47 of 50 Acc: 88.24% Mean: 89.06% (+/- 5.15%)
Instance: 8 Fold: 48 of 50 Acc: 85.29% Mean: 89.05% (+/- 5.14%)
Instance: 8 Fold: 49 of 50 Acc: 82.35% Mean: 89.03% (+/- 5.15%)
Instance: 8 Fold: 50 of 50 Acc: 82.35% Mean: 89.01% (+/- 5.15%)
Instance: 9 Fold: 1 of 50 Acc: 77.14% Mean: 88.99% (+/- 5.18%)
Instance: 9 Fold: 2 of 50 Acc: 68.57% Mean: 88.93% (+/- 5.27%)
Instance: 9 Fold: 3 of 50 Acc: 97.06% Mean: 88.95% (+/- 5.28%)
Instance: 9 Fold: 4 of 50 Acc: 91.18% Mean: 88.96% (+/- 5.28%)
Instance: 9 Fold: 5 of 50 Acc: 94.12% Mean: 88.97% (+/- 5.27%)
Instance: 9 Fold: 6 of 50 Acc: 79.41% Mean: 88.95% (+/- 5.29%)
Instance: 9 Fold: 7 of 50 Acc: 82.35% Mean: 88.93% (+/- 5.29%)
Instance: 9 Fold: 8 of 50 Acc: 85.29% Mean: 88.92% (+/- 5.29%)
Instance: 9 Fold: 9 of 50 Acc: 88.24% Mean: 88.92% (+/- 5.28%)
Instance: 9 Fold: 10 of 50 Acc: 85.29% Mean: 88.91% (+/- 5.28%)
Instance: 9 Fold: 11 of 50 Acc: 91.43% Mean: 88.92% (+/- 5.28%)
Instance: 9 Fold: 12 of 50 Acc: 85.71% Mean: 88.91% (+/- 5.27%)
Instance: 9 Fold: 13 of 50 Acc: 94.12% Mean: 88.92% (+/- 5.27%)
Instance: 9 Fold: 14 of 50 Acc: 97.06% Mean: 88.94% (+/- 5.28%)
Instance: 9 Fold: 15 of 50 Acc: 82.35% Mean: 88.93% (+/- 5.28%)
Instance: 9 Fold: 16 of 50 Acc: 82.35% Mean: 88.91% (+/- 5.29%)
Instance: 9 Fold: 17 of 50 Acc: 79.41% Mean: 88.89% (+/- 5.30%)
Instance: 9 Fold: 18 of 50 Acc: 91.18% Mean: 88.90% (+/- 5.30%)
Instance: 9 Fold: 19 of 50 Acc: 94.12% Mean: 88.91% (+/- 5.30%)
Instance: 9 Fold: 20 of 50 Acc: 85.29% Mean: 88.90% (+/- 5.29%)
Instance: 9 Fold: 21 of 50 Acc: 85.71% Mean: 88.89% (+/- 5.29%)
Instance: 9 Fold: 22 of 50 Acc: 91.43% Mean: 88.90% (+/- 5.28%)
Instance: 9 Fold: 23 of 50 Acc: 94.12% Mean: 88.91% (+/- 5.28%)
Instance: 9 Fold: 24 of 50 Acc: 91.18% Mean: 88.92% (+/- 5.28%)
Instance: 9 Fold: 25 of 50 Acc: 88.24% Mean: 88.91% (+/- 5.27%)
Instance: 9 Fold: 26 of 50 Acc: 88.24% Mean: 88.91% (+/- 5.27%)
Instance: 9 Fold: 27 of 50 Acc: 85.29% Mean: 88.90% (+/- 5.26%)
Instance: 9 Fold: 28 of 50 Acc: 94.12% Mean: 88.92% (+/- 5.26%)
Instance: 9 Fold: 29 of 50 Acc: 85.29% Mean: 88.91% (+/- 5.26%)
Instance: 9 Fold: 30 of 50 Acc: 91.18% Mean: 88.91% (+/- 5.25%)
Instance: 9 Fold: 31 of 50 Acc: 74.29% Mean: 88.88% (+/- 5.29%)
Instance: 9 Fold: 32 of 50 Acc: 94.29% Mean: 88.89% (+/- 5.30%)
Instance: 9 Fold: 33 of 50 Acc: 88.24% Mean: 88.89% (+/- 5.29%)
Instance: 9 Fold: 34 of 50 Acc: 88.24% Mean: 88.89% (+/- 5.28%)
Instance: 9 Fold: 35 of 50 Acc: 73.53% Mean: 88.85% (+/- 5.33%)
Instance: 9 Fold: 36 of 50 Acc: 76.47% Mean: 88.82% (+/- 5.35%)
Instance: 9 Fold: 37 of 50 Acc: 70.59% Mean: 88.78% (+/- 5.42%)
Instance: 9 Fold: 38 of 50 Acc: 91.18% Mean: 88.79% (+/- 5.41%)
Instance: 9 Fold: 39 of 50 Acc: 76.47% Mean: 88.76% (+/- 5.44%)
Instance: 9 Fold: 40 of 50 Acc: 88.24% Mean: 88.76% (+/- 5.43%)
Instance: 9 Fold: 41 of 50 Acc: 85.71% Mean: 88.75% (+/- 5.43%)
Instance: 9 Fold: 42 of 50 Acc: 80.00% Mean: 88.73% (+/- 5.44%)
Instance: 9 Fold: 43 of 50 Acc: 91.18% Mean: 88.74% (+/- 5.43%)
Instance: 9 Fold: 44 of 50 Acc: 91.18% Mean: 88.74% (+/- 5.43%)
Instance: 9 Fold: 45 of 50 Acc: 85.29% Mean: 88.74% (+/- 5.43%)
Instance: 9 Fold: 46 of 50 Acc: 91.18% Mean: 88.74% (+/- 5.42%)
Instance: 9 Fold: 47 of 50 Acc: 67.65% Mean: 88.69% (+/- 5.51%)
Instance: 9 Fold: 48 of 50 Acc: 79.41% Mean: 88.67% (+/- 5.52%)
Instance: 9 Fold: 49 of 50 Acc: 88.24% Mean: 88.67% (+/- 5.51%)
Instance: 9 Fold: 50 of 50 Acc: 97.06% Mean: 88.69% (+/- 5.52%)
Instance: 10 Fold: 1 of 50 Acc: 80.00% Mean: 88.67% (+/- 5.53%)
Instance: 10 Fold: 2 of 50 Acc: 71.43% Mean: 88.63% (+/- 5.58%)
Instance: 10 Fold: 3 of 50 Acc: 91.18% Mean: 88.64% (+/- 5.58%)
Instance: 10 Fold: 4 of 50 Acc: 85.29% Mean: 88.63% (+/- 5.57%)
Instance: 10 Fold: 5 of 50 Acc: 97.06% Mean: 88.65% (+/- 5.58%)
Instance: 10 Fold: 6 of 50 Acc: 88.24% Mean: 88.65% (+/- 5.57%)
Instance: 10 Fold: 7 of 50 Acc: 88.24% Mean: 88.65% (+/- 5.57%)
Instance: 10 Fold: 8 of 50 Acc: 85.29% Mean: 88.64% (+/- 5.56%)
Instance: 10 Fold: 9 of 50 Acc: 97.06% Mean: 88.66% (+/- 5.57%)
Instance: 10 Fold: 10 of 50 Acc: 91.18% Mean: 88.66% (+/- 5.57%)
Instance: 10 Fold: 11 of 50 Acc: 88.57% Mean: 88.66% (+/- 5.56%)
Instance: 10 Fold: 12 of 50 Acc: 80.00% Mean: 88.65% (+/- 5.57%)
Instance: 10 Fold: 13 of 50 Acc: 97.06% Mean: 88.66% (+/- 5.58%)
Instance: 10 Fold: 14 of 50 Acc: 97.06% Mean: 88.68% (+/- 5.58%)
Instance: 10 Fold: 15 of 50 Acc: 91.18% Mean: 88.69% (+/- 5.58%)
Instance: 10 Fold: 16 of 50 Acc: 82.35% Mean: 88.67% (+/- 5.58%)
Instance: 10 Fold: 17 of 50 Acc: 94.12% Mean: 88.69% (+/- 5.58%)
Instance: 10 Fold: 18 of 50 Acc: 88.24% Mean: 88.68% (+/- 5.58%)
Instance: 10 Fold: 19 of 50 Acc: 82.35% Mean: 88.67% (+/- 5.58%)
Instance: 10 Fold: 20 of 50 Acc: 91.18% Mean: 88.68% (+/- 5.57%)
Instance: 10 Fold: 21 of 50 Acc: 82.86% Mean: 88.66% (+/- 5.57%)
Instance: 10 Fold: 22 of 50 Acc: 85.71% Mean: 88.66% (+/- 5.57%)
Instance: 10 Fold: 23 of 50 Acc: 91.18% Mean: 88.66% (+/- 5.56%)
Instance: 10 Fold: 24 of 50 Acc: 94.12% Mean: 88.67% (+/- 5.56%)
Instance: 10 Fold: 25 of 50 Acc: 91.18% Mean: 88.68% (+/- 5.56%)
Instance: 10 Fold: 26 of 50 Acc: 97.06% Mean: 88.70% (+/- 5.57%)
Instance: 10 Fold: 27 of 50 Acc: 88.24% Mean: 88.70% (+/- 5.56%)
Instance: 10 Fold: 28 of 50 Acc: 91.18% Mean: 88.70% (+/- 5.56%)
Instance: 10 Fold: 29 of 50 Acc: 91.18% Mean: 88.71% (+/- 5.55%)
Instance: 10 Fold: 30 of 50 Acc: 88.24% Mean: 88.71% (+/- 5.55%)
Instance: 10 Fold: 31 of 50 Acc: 77.14% Mean: 88.68% (+/- 5.56%)
Instance: 10 Fold: 32 of 50 Acc: 88.57% Mean: 88.68% (+/- 5.56%)
Instance: 10 Fold: 33 of 50 Acc: 82.35% Mean: 88.67% (+/- 5.56%)
Instance: 10 Fold: 34 of 50 Acc: 88.24% Mean: 88.67% (+/- 5.56%)
Instance: 10 Fold: 35 of 50 Acc: 91.18% Mean: 88.67% (+/- 5.55%)
Instance: 10 Fold: 36 of 50 Acc: 91.18% Mean: 88.68% (+/- 5.55%)
Instance: 10 Fold: 37 of 50 Acc: 85.29% Mean: 88.67% (+/- 5.54%)
Instance: 10 Fold: 38 of 50 Acc: 94.12% Mean: 88.68% (+/- 5.54%)
Instance: 10 Fold: 39 of 50 Acc: 91.18% Mean: 88.69% (+/- 5.54%)
Instance: 10 Fold: 40 of 50 Acc: 91.18% Mean: 88.69% (+/- 5.53%)
Instance: 10 Fold: 41 of 50 Acc: 82.86% Mean: 88.68% (+/- 5.53%)
Instance: 10 Fold: 42 of 50 Acc: 80.00% Mean: 88.66% (+/- 5.54%)
Instance: 10 Fold: 43 of 50 Acc: 94.12% Mean: 88.67% (+/- 5.54%)
Instance: 10 Fold: 44 of 50 Acc: 97.06% Mean: 88.69% (+/- 5.55%)
Instance: 10 Fold: 45 of 50 Acc: 88.24% Mean: 88.69% (+/- 5.54%)
Instance: 10 Fold: 46 of 50 Acc: 91.18% Mean: 88.69% (+/- 5.54%)
Instance: 10 Fold: 47 of 50 Acc: 97.06% Mean: 88.71% (+/- 5.55%)
Instance: 10 Fold: 48 of 50 Acc: 79.41% Mean: 88.69% (+/- 5.56%)
Instance: 10 Fold: 49 of 50 Acc: 88.24% Mean: 88.69% (+/- 5.55%)
Instance: 10 Fold: 50 of 50 Acc: 91.18% Mean: 88.70% (+/- 5.55%)
