Machine: SNOOPY
Date: 01/01/2023 Time: 11:17:04
Alternative Dense Layer: False
Pooling Application Layer: avg
Data Augmentation: False
Data Augmentation Multiplier: 1
Fine Tuning: True
Multi Optimizer: False
Optimizer: RMSprop
Batch Size: 16

Model Type: Xception
Machine: SNOOPY
Date: 01/01/2023 Time: 11:18:29
Alternative Dense Layer: False
Pooling Application Layer: avg
Data Augmentation: False
Data Augmentation Multiplier: 1
Fine Tuning: False
Multi Optimizer: False
Optimizer: Adam
Batch Size: 16

Model Type: Xception
Fold: 1 of 50 Acc: 80.00% Mean: 80.00% (+/- 0.00%)
Fold: 2 of 50 Acc: 91.43% Mean: 85.71% (+/- 5.71%)
Fold: 3 of 50 Acc: 82.35% Mean: 84.59% (+/- 4.93%)
Fold: 4 of 50 Acc: 94.12% Mean: 86.97% (+/- 5.93%)
Fold: 5 of 50 Acc: 88.24% Mean: 87.23% (+/- 5.33%)
Fold: 6 of 50 Acc: 91.18% Mean: 87.89% (+/- 5.08%)
Fold: 7 of 50 Acc: 85.29% Mean: 87.52% (+/- 4.79%)
Fold: 8 of 50 Acc: 79.41% Mean: 86.50% (+/- 5.22%)
Fold: 9 of 50 Acc: 88.24% Mean: 86.69% (+/- 4.96%)
Fold: 10 of 50 Acc: 85.29% Mean: 86.55% (+/- 4.72%)
Fold: 11 of 50 Acc: 91.43% Mean: 87.00% (+/- 4.71%)
Fold: 12 of 50 Acc: 94.29% Mean: 87.61% (+/- 4.94%)
Fold: 13 of 50 Acc: 82.35% Mean: 87.20% (+/- 4.95%)
Fold: 14 of 50 Acc: 97.06% Mean: 87.91% (+/- 5.40%)
Fold: 15 of 50 Acc: 85.29% Mean: 87.73% (+/- 5.26%)
Fold: 16 of 50 Acc: 88.24% Mean: 87.76% (+/- 5.10%)
Fold: 17 of 50 Acc: 85.29% Mean: 87.62% (+/- 4.98%)
Fold: 18 of 50 Acc: 82.35% Mean: 87.32% (+/- 4.98%)
Fold: 19 of 50 Acc: 85.29% Mean: 87.22% (+/- 4.87%)
Fold: 20 of 50 Acc: 88.24% Mean: 87.27% (+/- 4.75%)
Fold: 21 of 50 Acc: 88.57% Mean: 87.33% (+/- 4.65%)
Fold: 22 of 50 Acc: 82.86% Mean: 87.13% (+/- 4.64%)
Fold: 23 of 50 Acc: 91.18% Mean: 87.30% (+/- 4.61%)
Fold: 24 of 50 Acc: 82.35% Mean: 87.10% (+/- 4.62%)
Fold: 25 of 50 Acc: 88.24% Mean: 87.14% (+/- 4.53%)
Fold: 26 of 50 Acc: 91.18% Mean: 87.30% (+/- 4.51%)
Fold: 27 of 50 Acc: 79.41% Mean: 87.01% (+/- 4.67%)
Fold: 28 of 50 Acc: 94.12% Mean: 87.26% (+/- 4.77%)
Fold: 29 of 50 Acc: 85.29% Mean: 87.19% (+/- 4.70%)
Fold: 30 of 50 Acc: 85.29% Mean: 87.13% (+/- 4.64%)
Fold: 31 of 50 Acc: 80.00% Mean: 86.90% (+/- 4.73%)
Fold: 32 of 50 Acc: 88.57% Mean: 86.95% (+/- 4.67%)
Fold: 33 of 50 Acc: 85.29% Mean: 86.90% (+/- 4.60%)
Fold: 34 of 50 Acc: 79.41% Mean: 86.68% (+/- 4.71%)
Fold: 35 of 50 Acc: 88.24% Mean: 86.73% (+/- 4.65%)
Fold: 36 of 50 Acc: 88.24% Mean: 86.77% (+/- 4.59%)
Fold: 37 of 50 Acc: 82.35% Mean: 86.65% (+/- 4.58%)
Fold: 38 of 50 Acc: 94.12% Mean: 86.84% (+/- 4.68%)
Fold: 39 of 50 Acc: 85.29% Mean: 86.80% (+/- 4.62%)
Fold: 40 of 50 Acc: 94.12% Mean: 86.99% (+/- 4.71%)
Fold: 41 of 50 Acc: 77.14% Mean: 86.75% (+/- 4.89%)
Fold: 42 of 50 Acc: 91.43% Mean: 86.86% (+/- 4.88%)
Fold: 43 of 50 Acc: 85.29% Mean: 86.82% (+/- 4.83%)
Fold: 44 of 50 Acc: 88.24% Mean: 86.85% (+/- 4.78%)
Fold: 45 of 50 Acc: 88.24% Mean: 86.89% (+/- 4.73%)
Fold: 46 of 50 Acc: 88.24% Mean: 86.91% (+/- 4.69%)
Fold: 47 of 50 Acc: 91.18% Mean: 87.01% (+/- 4.68%)
Fold: 48 of 50 Acc: 88.24% Mean: 87.03% (+/- 4.63%)
Fold: 49 of 50 Acc: 82.35% Mean: 86.94% (+/- 4.63%)
Fold: 50 of 50 Acc: 97.06% Mean: 87.14% (+/- 4.80%)
Model Type: VGG16
Fold: 1 of 50 Acc: 80.00% Mean: 80.00% (+/- 0.00%)
Fold: 2 of 50 Acc: 91.43% Mean: 85.71% (+/- 5.71%)
Fold: 3 of 50 Acc: 85.29% Mean: 85.57% (+/- 4.67%)
Fold: 4 of 50 Acc: 85.29% Mean: 85.50% (+/- 4.05%)
Fold: 5 of 50 Acc: 82.35% Mean: 84.87% (+/- 3.83%)
Fold: 6 of 50 Acc: 85.29% Mean: 84.94% (+/- 3.50%)
Fold: 7 of 50 Acc: 82.35% Mean: 84.57% (+/- 3.37%)
Fold: 8 of 50 Acc: 70.59% Mean: 82.83% (+/- 5.60%)
Fold: 9 of 50 Acc: 79.41% Mean: 82.45% (+/- 5.38%)
Fold: 10 of 50 Acc: 79.41% Mean: 82.14% (+/- 5.19%)
Fold: 11 of 50 Acc: 77.14% Mean: 81.69% (+/- 5.15%)
Fold: 12 of 50 Acc: 80.00% Mean: 81.55% (+/- 4.95%)
Fold: 13 of 50 Acc: 91.18% Mean: 82.29% (+/- 5.41%)
Fold: 14 of 50 Acc: 97.06% Mean: 83.34% (+/- 6.45%)
Fold: 15 of 50 Acc: 82.35% Mean: 83.28% (+/- 6.24%)
Fold: 16 of 50 Acc: 85.29% Mean: 83.40% (+/- 6.06%)
Fold: 17 of 50 Acc: 73.53% Mean: 82.82% (+/- 6.32%)
Fold: 18 of 50 Acc: 82.35% Mean: 82.80% (+/- 6.14%)
Fold: 19 of 50 Acc: 88.24% Mean: 83.08% (+/- 6.10%)
Fold: 20 of 50 Acc: 73.53% Mean: 82.61% (+/- 6.30%)
Fold: 21 of 50 Acc: 82.86% Mean: 82.62% (+/- 6.15%)
Fold: 22 of 50 Acc: 80.00% Mean: 82.50% (+/- 6.03%)
Fold: 23 of 50 Acc: 82.35% Mean: 82.49% (+/- 5.90%)
Fold: 24 of 50 Acc: 94.12% Mean: 82.98% (+/- 6.23%)
Fold: 25 of 50 Acc: 79.41% Mean: 82.83% (+/- 6.14%)
Fold: 26 of 50 Acc: 76.47% Mean: 82.59% (+/- 6.14%)
Fold: 27 of 50 Acc: 73.53% Mean: 82.25% (+/- 6.27%)
Fold: 28 of 50 Acc: 82.35% Mean: 82.26% (+/- 6.15%)
Fold: 29 of 50 Acc: 79.41% Mean: 82.16% (+/- 6.07%)
Fold: 30 of 50 Acc: 76.47% Mean: 81.97% (+/- 6.05%)
Fold: 31 of 50 Acc: 77.14% Mean: 81.81% (+/- 6.02%)
Fold: 32 of 50 Acc: 88.57% Mean: 82.02% (+/- 6.04%)
Fold: 33 of 50 Acc: 85.29% Mean: 82.12% (+/- 5.97%)
Fold: 34 of 50 Acc: 67.65% Mean: 81.70% (+/- 6.37%)
Fold: 35 of 50 Acc: 88.24% Mean: 81.88% (+/- 6.37%)
Fold: 36 of 50 Acc: 82.35% Mean: 81.90% (+/- 6.28%)
Fold: 37 of 50 Acc: 85.29% Mean: 81.99% (+/- 6.22%)
Fold: 38 of 50 Acc: 91.18% Mean: 82.23% (+/- 6.31%)
Fold: 39 of 50 Acc: 85.29% Mean: 82.31% (+/- 6.25%)
Fold: 40 of 50 Acc: 82.35% Mean: 82.31% (+/- 6.17%)
Fold: 41 of 50 Acc: 82.86% Mean: 82.32% (+/- 6.10%)
Fold: 42 of 50 Acc: 82.86% Mean: 82.34% (+/- 6.03%)
Fold: 43 of 50 Acc: 91.18% Mean: 82.54% (+/- 6.10%)
Fold: 44 of 50 Acc: 85.29% Mean: 82.61% (+/- 6.05%)
Fold: 45 of 50 Acc: 85.29% Mean: 82.66% (+/- 5.99%)
Fold: 46 of 50 Acc: 82.35% Mean: 82.66% (+/- 5.93%)
Fold: 47 of 50 Acc: 88.24% Mean: 82.78% (+/- 5.92%)
Fold: 48 of 50 Acc: 73.53% Mean: 82.58% (+/- 6.00%)
Fold: 49 of 50 Acc: 79.41% Mean: 82.52% (+/- 5.96%)
Fold: 50 of 50 Acc: 88.24% Mean: 82.63% (+/- 5.95%)
Model Type: VGG19
Fold: 1 of 50 Acc: 80.00% Mean: 80.00% (+/- 0.00%)
Fold: 2 of 50 Acc: 88.57% Mean: 84.29% (+/- 4.29%)
Fold: 3 of 50 Acc: 88.24% Mean: 85.60% (+/- 3.96%)
Fold: 4 of 50 Acc: 79.41% Mean: 84.05% (+/- 4.36%)
Fold: 5 of 50 Acc: 85.29% Mean: 84.30% (+/- 3.93%)
Fold: 6 of 50 Acc: 79.41% Mean: 83.49% (+/- 4.02%)
Fold: 7 of 50 Acc: 73.53% Mean: 82.06% (+/- 5.10%)
Fold: 8 of 50 Acc: 76.47% Mean: 81.37% (+/- 5.12%)
Fold: 9 of 50 Acc: 85.29% Mean: 81.80% (+/- 4.98%)
Fold: 10 of 50 Acc: 73.53% Mean: 80.97% (+/- 5.34%)
Fold: 11 of 50 Acc: 85.71% Mean: 81.41% (+/- 5.27%)
Fold: 12 of 50 Acc: 82.86% Mean: 81.53% (+/- 5.06%)
Fold: 13 of 50 Acc: 88.24% Mean: 82.04% (+/- 5.18%)
Fold: 14 of 50 Acc: 100.00% Mean: 83.33% (+/- 6.80%)
Fold: 15 of 50 Acc: 73.53% Mean: 82.67% (+/- 7.01%)
Fold: 16 of 50 Acc: 79.41% Mean: 82.47% (+/- 6.84%)
Fold: 17 of 50 Acc: 79.41% Mean: 82.29% (+/- 6.67%)
Fold: 18 of 50 Acc: 82.35% Mean: 82.29% (+/- 6.48%)
Fold: 19 of 50 Acc: 82.35% Mean: 82.30% (+/- 6.31%)
Fold: 20 of 50 Acc: 82.35% Mean: 82.30% (+/- 6.15%)
Fold: 21 of 50 Acc: 85.71% Mean: 82.46% (+/- 6.05%)
Fold: 22 of 50 Acc: 74.29% Mean: 82.09% (+/- 6.15%)
Fold: 23 of 50 Acc: 76.47% Mean: 81.85% (+/- 6.12%)
Fold: 24 of 50 Acc: 76.47% Mean: 81.62% (+/- 6.09%)
Fold: 25 of 50 Acc: 82.35% Mean: 81.65% (+/- 5.97%)
Fold: 26 of 50 Acc: 85.29% Mean: 81.79% (+/- 5.89%)
Fold: 27 of 50 Acc: 85.29% Mean: 81.92% (+/- 5.82%)
Fold: 28 of 50 Acc: 88.24% Mean: 82.15% (+/- 5.83%)
Fold: 29 of 50 Acc: 82.35% Mean: 82.15% (+/- 5.73%)
Fold: 30 of 50 Acc: 76.47% Mean: 81.96% (+/- 5.73%)
Fold: 31 of 50 Acc: 68.57% Mean: 81.53% (+/- 6.11%)
Fold: 32 of 50 Acc: 80.00% Mean: 81.48% (+/- 6.02%)
Fold: 33 of 50 Acc: 85.29% Mean: 81.60% (+/- 5.96%)
Fold: 34 of 50 Acc: 73.53% Mean: 81.36% (+/- 6.03%)
Fold: 35 of 50 Acc: 88.24% Mean: 81.56% (+/- 6.05%)
Fold: 36 of 50 Acc: 85.29% Mean: 81.66% (+/- 6.00%)
Fold: 37 of 50 Acc: 82.35% Mean: 81.68% (+/- 5.92%)
Fold: 38 of 50 Acc: 88.24% Mean: 81.85% (+/- 5.94%)
Fold: 39 of 50 Acc: 82.35% Mean: 81.87% (+/- 5.86%)
Fold: 40 of 50 Acc: 76.47% Mean: 81.73% (+/- 5.85%)
Fold: 41 of 50 Acc: 85.71% Mean: 81.83% (+/- 5.81%)
Fold: 42 of 50 Acc: 80.00% Mean: 81.78% (+/- 5.75%)
Fold: 43 of 50 Acc: 73.53% Mean: 81.59% (+/- 5.81%)
Fold: 44 of 50 Acc: 76.47% Mean: 81.48% (+/- 5.80%)
Fold: 45 of 50 Acc: 82.35% Mean: 81.50% (+/- 5.73%)
Fold: 46 of 50 Acc: 82.35% Mean: 81.51% (+/- 5.67%)
Fold: 47 of 50 Acc: 85.29% Mean: 81.59% (+/- 5.64%)
Fold: 48 of 50 Acc: 67.65% Mean: 81.30% (+/- 5.92%)
Fold: 49 of 50 Acc: 82.35% Mean: 81.33% (+/- 5.86%)
Fold: 50 of 50 Acc: 85.29% Mean: 81.41% (+/- 5.83%)
Model Type: ResNet50
Fold: 1 of 50 Acc: 80.00% Mean: 80.00% (+/- 0.00%)
Fold: 2 of 50 Acc: 91.43% Mean: 85.71% (+/- 5.71%)
Fold: 3 of 50 Acc: 97.06% Mean: 89.50% (+/- 7.10%)
Fold: 4 of 50 Acc: 91.18% Mean: 89.92% (+/- 6.19%)
Fold: 5 of 50 Acc: 88.24% Mean: 89.58% (+/- 5.58%)
Fold: 6 of 50 Acc: 88.24% Mean: 89.36% (+/- 5.12%)
Fold: 7 of 50 Acc: 88.24% Mean: 89.20% (+/- 4.75%)
Fold: 8 of 50 Acc: 82.35% Mean: 88.34% (+/- 4.99%)
Fold: 9 of 50 Acc: 88.24% Mean: 88.33% (+/- 4.70%)
Fold: 10 of 50 Acc: 82.35% Mean: 87.73% (+/- 4.81%)
Fold: 11 of 50 Acc: 91.43% Mean: 88.07% (+/- 4.71%)
Fold: 12 of 50 Acc: 91.43% Mean: 88.35% (+/- 4.60%)
Fold: 13 of 50 Acc: 82.35% Mean: 87.89% (+/- 4.70%)
Fold: 14 of 50 Acc: 94.12% Mean: 88.33% (+/- 4.80%)
Fold: 15 of 50 Acc: 85.29% Mean: 88.13% (+/- 4.70%)
Fold: 16 of 50 Acc: 91.18% Mean: 88.32% (+/- 4.61%)
Fold: 17 of 50 Acc: 79.41% Mean: 87.80% (+/- 4.94%)
Fold: 18 of 50 Acc: 85.29% Mean: 87.66% (+/- 4.84%)
Fold: 19 of 50 Acc: 88.24% Mean: 87.69% (+/- 4.71%)
Fold: 20 of 50 Acc: 85.29% Mean: 87.57% (+/- 4.62%)
Fold: 21 of 50 Acc: 80.00% Mean: 87.21% (+/- 4.79%)
Fold: 22 of 50 Acc: 82.86% Mean: 87.01% (+/- 4.76%)
Fold: 23 of 50 Acc: 85.29% Mean: 86.93% (+/- 4.67%)
Fold: 24 of 50 Acc: 94.12% Mean: 87.23% (+/- 4.79%)
Fold: 25 of 50 Acc: 82.35% Mean: 87.04% (+/- 4.79%)
Fold: 26 of 50 Acc: 91.18% Mean: 87.20% (+/- 4.77%)
Fold: 27 of 50 Acc: 85.29% Mean: 87.13% (+/- 4.69%)
Fold: 28 of 50 Acc: 97.06% Mean: 87.48% (+/- 4.96%)
Fold: 29 of 50 Acc: 85.29% Mean: 87.41% (+/- 4.89%)
Fold: 30 of 50 Acc: 82.35% Mean: 87.24% (+/- 4.90%)
Fold: 31 of 50 Acc: 82.86% Mean: 87.10% (+/- 4.88%)
Fold: 32 of 50 Acc: 91.43% Mean: 87.23% (+/- 4.86%)
Fold: 33 of 50 Acc: 85.29% Mean: 87.17% (+/- 4.80%)
Fold: 34 of 50 Acc: 67.65% Mean: 86.60% (+/- 5.76%)
Fold: 35 of 50 Acc: 82.35% Mean: 86.48% (+/- 5.72%)
Fold: 36 of 50 Acc: 94.12% Mean: 86.69% (+/- 5.78%)
Fold: 37 of 50 Acc: 88.24% Mean: 86.73% (+/- 5.71%)
Fold: 38 of 50 Acc: 94.12% Mean: 86.93% (+/- 5.76%)
Fold: 39 of 50 Acc: 94.12% Mean: 87.11% (+/- 5.79%)
Fold: 40 of 50 Acc: 94.12% Mean: 87.29% (+/- 5.83%)
Fold: 41 of 50 Acc: 88.57% Mean: 87.32% (+/- 5.76%)
Fold: 42 of 50 Acc: 88.57% Mean: 87.35% (+/- 5.69%)
Fold: 43 of 50 Acc: 88.24% Mean: 87.37% (+/- 5.63%)
Fold: 44 of 50 Acc: 85.29% Mean: 87.32% (+/- 5.57%)
Fold: 45 of 50 Acc: 91.18% Mean: 87.41% (+/- 5.54%)
Fold: 46 of 50 Acc: 94.12% Mean: 87.55% (+/- 5.56%)
Fold: 47 of 50 Acc: 97.06% Mean: 87.75% (+/- 5.67%)
Fold: 48 of 50 Acc: 79.41% Mean: 87.58% (+/- 5.74%)
Fold: 49 of 50 Acc: 82.35% Mean: 87.47% (+/- 5.73%)
Fold: 50 of 50 Acc: 82.35% Mean: 87.37% (+/- 5.72%)
Model Type: ResNet101
Fold: 1 of 50 Acc: 82.86% Mean: 82.86% (+/- 0.00%)
Fold: 2 of 50 Acc: 97.14% Mean: 90.00% (+/- 7.14%)
Fold: 3 of 50 Acc: 97.06% Mean: 92.35% (+/- 6.71%)
Fold: 4 of 50 Acc: 94.12% Mean: 92.79% (+/- 5.87%)
Fold: 5 of 50 Acc: 85.29% Mean: 91.29% (+/- 6.04%)
Fold: 6 of 50 Acc: 88.24% Mean: 90.78% (+/- 5.63%)
Fold: 7 of 50 Acc: 82.35% Mean: 89.58% (+/- 5.99%)
Fold: 8 of 50 Acc: 88.24% Mean: 89.41% (+/- 5.62%)
Fold: 9 of 50 Acc: 88.24% Mean: 89.28% (+/- 5.31%)
Fold: 10 of 50 Acc: 91.18% Mean: 89.47% (+/- 5.07%)
Fold: 11 of 50 Acc: 85.71% Mean: 89.13% (+/- 4.96%)
Fold: 12 of 50 Acc: 88.57% Mean: 89.08% (+/- 4.75%)
Fold: 13 of 50 Acc: 94.12% Mean: 89.47% (+/- 4.75%)
Fold: 14 of 50 Acc: 100.00% Mean: 90.22% (+/- 5.32%)
Fold: 15 of 50 Acc: 85.29% Mean: 89.89% (+/- 5.29%)
Fold: 16 of 50 Acc: 79.41% Mean: 89.24% (+/- 5.71%)
Fold: 17 of 50 Acc: 91.18% Mean: 89.35% (+/- 5.56%)
Fold: 18 of 50 Acc: 85.29% Mean: 89.13% (+/- 5.49%)
Fold: 19 of 50 Acc: 91.18% Mean: 89.23% (+/- 5.36%)
Fold: 20 of 50 Acc: 94.12% Mean: 89.48% (+/- 5.33%)
Fold: 21 of 50 Acc: 85.71% Mean: 89.30% (+/- 5.26%)
Fold: 22 of 50 Acc: 88.57% Mean: 89.27% (+/- 5.14%)
Fold: 23 of 50 Acc: 91.18% Mean: 89.35% (+/- 5.05%)
Fold: 24 of 50 Acc: 85.29% Mean: 89.18% (+/- 5.01%)
Fold: 25 of 50 Acc: 88.24% Mean: 89.14% (+/- 4.91%)
Fold: 26 of 50 Acc: 97.06% Mean: 89.45% (+/- 5.05%)
Fold: 27 of 50 Acc: 79.41% Mean: 89.08% (+/- 5.30%)
Fold: 28 of 50 Acc: 94.12% Mean: 89.26% (+/- 5.29%)
Fold: 29 of 50 Acc: 88.24% Mean: 89.22% (+/- 5.20%)
Fold: 30 of 50 Acc: 82.35% Mean: 88.99% (+/- 5.26%)
Fold: 31 of 50 Acc: 82.86% Mean: 88.79% (+/- 5.29%)
Fold: 32 of 50 Acc: 94.29% Mean: 88.97% (+/- 5.29%)
Fold: 33 of 50 Acc: 91.18% Mean: 89.03% (+/- 5.23%)
Fold: 34 of 50 Acc: 67.65% Mean: 88.40% (+/- 6.29%)
Fold: 35 of 50 Acc: 91.18% Mean: 88.48% (+/- 6.22%)
Fold: 36 of 50 Acc: 91.18% Mean: 88.56% (+/- 6.15%)
Fold: 37 of 50 Acc: 88.24% Mean: 88.55% (+/- 6.06%)
Fold: 38 of 50 Acc: 94.12% Mean: 88.70% (+/- 6.05%)
Fold: 39 of 50 Acc: 94.12% Mean: 88.83% (+/- 6.03%)
Fold: 40 of 50 Acc: 94.12% Mean: 88.97% (+/- 6.01%)
Fold: 41 of 50 Acc: 85.71% Mean: 88.89% (+/- 5.96%)
Fold: 42 of 50 Acc: 88.57% Mean: 88.88% (+/- 5.89%)
Fold: 43 of 50 Acc: 97.06% Mean: 89.07% (+/- 5.95%)
Fold: 44 of 50 Acc: 76.47% Mean: 88.78% (+/- 6.17%)
Fold: 45 of 50 Acc: 97.06% Mean: 88.97% (+/- 6.22%)
Fold: 46 of 50 Acc: 97.06% Mean: 89.14% (+/- 6.27%)
Fold: 47 of 50 Acc: 91.18% Mean: 89.19% (+/- 6.21%)
Fold: 48 of 50 Acc: 76.47% Mean: 88.92% (+/- 6.41%)
Fold: 49 of 50 Acc: 94.12% Mean: 89.03% (+/- 6.38%)
Fold: 50 of 50 Acc: 88.24% Mean: 89.01% (+/- 6.32%)
Model Type: ResNet152
Fold: 1 of 50 Acc: 82.86% Mean: 82.86% (+/- 0.00%)
Fold: 2 of 50 Acc: 94.29% Mean: 88.57% (+/- 5.71%)
Fold: 3 of 50 Acc: 97.06% Mean: 91.40% (+/- 6.15%)
Fold: 4 of 50 Acc: 91.18% Mean: 91.34% (+/- 5.32%)
Fold: 5 of 50 Acc: 82.35% Mean: 89.55% (+/- 5.97%)
Fold: 6 of 50 Acc: 85.29% Mean: 88.84% (+/- 5.67%)
Fold: 7 of 50 Acc: 91.18% Mean: 89.17% (+/- 5.32%)
Fold: 8 of 50 Acc: 82.35% Mean: 88.32% (+/- 5.46%)
Fold: 9 of 50 Acc: 85.29% Mean: 87.98% (+/- 5.23%)
Fold: 10 of 50 Acc: 85.29% Mean: 87.71% (+/- 5.03%)
Fold: 11 of 50 Acc: 85.71% Mean: 87.53% (+/- 4.83%)
Fold: 12 of 50 Acc: 91.43% Mean: 87.86% (+/- 4.75%)
Fold: 13 of 50 Acc: 91.18% Mean: 88.11% (+/- 4.65%)
Fold: 14 of 50 Acc: 97.06% Mean: 88.75% (+/- 5.04%)
Fold: 15 of 50 Acc: 85.29% Mean: 88.52% (+/- 4.94%)
Fold: 16 of 50 Acc: 73.53% Mean: 87.58% (+/- 6.01%)
Fold: 17 of 50 Acc: 85.29% Mean: 87.45% (+/- 5.85%)
Fold: 18 of 50 Acc: 91.18% Mean: 87.66% (+/- 5.75%)
Fold: 19 of 50 Acc: 88.24% Mean: 87.69% (+/- 5.60%)
Fold: 20 of 50 Acc: 85.29% Mean: 87.57% (+/- 5.48%)
Fold: 21 of 50 Acc: 77.14% Mean: 87.07% (+/- 5.79%)
Fold: 22 of 50 Acc: 82.86% Mean: 86.88% (+/- 5.73%)
Fold: 23 of 50 Acc: 88.24% Mean: 86.94% (+/- 5.61%)
Fold: 24 of 50 Acc: 91.18% Mean: 87.11% (+/- 5.55%)
Fold: 25 of 50 Acc: 91.18% Mean: 87.28% (+/- 5.50%)
Fold: 26 of 50 Acc: 97.06% Mean: 87.65% (+/- 5.71%)
Fold: 27 of 50 Acc: 85.29% Mean: 87.57% (+/- 5.62%)
Fold: 28 of 50 Acc: 88.24% Mean: 87.59% (+/- 5.52%)
Fold: 29 of 50 Acc: 85.29% Mean: 87.51% (+/- 5.44%)
Fold: 30 of 50 Acc: 79.41% Mean: 87.24% (+/- 5.54%)
Fold: 31 of 50 Acc: 80.00% Mean: 87.01% (+/- 5.60%)
Fold: 32 of 50 Acc: 91.43% Mean: 87.15% (+/- 5.57%)
Fold: 33 of 50 Acc: 85.29% Mean: 87.09% (+/- 5.49%)
Fold: 34 of 50 Acc: 70.59% Mean: 86.60% (+/- 6.09%)
Fold: 35 of 50 Acc: 85.29% Mean: 86.57% (+/- 6.00%)
Fold: 36 of 50 Acc: 82.35% Mean: 86.45% (+/- 5.96%)
Fold: 37 of 50 Acc: 88.24% Mean: 86.50% (+/- 5.89%)
Fold: 38 of 50 Acc: 94.12% Mean: 86.70% (+/- 5.93%)
Fold: 39 of 50 Acc: 82.35% Mean: 86.59% (+/- 5.90%)
Fold: 40 of 50 Acc: 91.18% Mean: 86.70% (+/- 5.87%)
Fold: 41 of 50 Acc: 91.43% Mean: 86.82% (+/- 5.84%)
Fold: 42 of 50 Acc: 91.43% Mean: 86.93% (+/- 5.81%)
Fold: 43 of 50 Acc: 85.29% Mean: 86.89% (+/- 5.75%)
Fold: 44 of 50 Acc: 85.29% Mean: 86.85% (+/- 5.69%)
Fold: 45 of 50 Acc: 88.24% Mean: 86.88% (+/- 5.63%)
Fold: 46 of 50 Acc: 91.18% Mean: 86.98% (+/- 5.60%)
Fold: 47 of 50 Acc: 94.12% Mean: 87.13% (+/- 5.64%)
Fold: 48 of 50 Acc: 85.29% Mean: 87.09% (+/- 5.59%)
Fold: 49 of 50 Acc: 79.41% Mean: 86.93% (+/- 5.63%)
Fold: 50 of 50 Acc: 85.29% Mean: 86.90% (+/- 5.58%)
Model Type: ResNet50V2
Fold: 1 of 50 Acc: 80.00% Mean: 80.00% (+/- 0.00%)
Fold: 2 of 50 Acc: 85.71% Mean: 82.86% (+/- 2.86%)
Fold: 3 of 50 Acc: 88.24% Mean: 84.65% (+/- 3.45%)
Fold: 4 of 50 Acc: 91.18% Mean: 86.28% (+/- 4.11%)
Fold: 5 of 50 Acc: 79.41% Mean: 84.91% (+/- 4.59%)
Fold: 6 of 50 Acc: 82.35% Mean: 84.48% (+/- 4.30%)
Fold: 7 of 50 Acc: 82.35% Mean: 84.18% (+/- 4.05%)
Fold: 8 of 50 Acc: 85.29% Mean: 84.32% (+/- 3.80%)
Fold: 9 of 50 Acc: 82.35% Mean: 84.10% (+/- 3.64%)
Fold: 10 of 50 Acc: 79.41% Mean: 83.63% (+/- 3.73%)
Fold: 11 of 50 Acc: 85.71% Mean: 83.82% (+/- 3.60%)
Fold: 12 of 50 Acc: 85.71% Mean: 83.98% (+/- 3.49%)
Fold: 13 of 50 Acc: 88.24% Mean: 84.31% (+/- 3.54%)
Fold: 14 of 50 Acc: 94.12% Mean: 85.01% (+/- 4.25%)
Fold: 15 of 50 Acc: 85.29% Mean: 85.03% (+/- 4.10%)
Fold: 16 of 50 Acc: 82.35% Mean: 84.86% (+/- 4.02%)
Fold: 17 of 50 Acc: 85.29% Mean: 84.88% (+/- 3.91%)
Fold: 18 of 50 Acc: 82.35% Mean: 84.74% (+/- 3.84%)
Fold: 19 of 50 Acc: 88.24% Mean: 84.93% (+/- 3.82%)
Fold: 20 of 50 Acc: 85.29% Mean: 84.95% (+/- 3.72%)
Fold: 21 of 50 Acc: 74.29% Mean: 84.44% (+/- 4.28%)
Fold: 22 of 50 Acc: 85.71% Mean: 84.50% (+/- 4.19%)
Fold: 23 of 50 Acc: 85.29% Mean: 84.53% (+/- 4.10%)
Fold: 24 of 50 Acc: 82.35% Mean: 84.44% (+/- 4.04%)
Fold: 25 of 50 Acc: 79.41% Mean: 84.24% (+/- 4.08%)
Fold: 26 of 50 Acc: 97.06% Mean: 84.73% (+/- 4.70%)
Fold: 27 of 50 Acc: 79.41% Mean: 84.53% (+/- 4.72%)
Fold: 28 of 50 Acc: 94.12% Mean: 84.88% (+/- 4.96%)
Fold: 29 of 50 Acc: 82.35% Mean: 84.79% (+/- 4.90%)
Fold: 30 of 50 Acc: 76.47% Mean: 84.51% (+/- 5.04%)
Fold: 31 of 50 Acc: 77.14% Mean: 84.27% (+/- 5.13%)
Fold: 32 of 50 Acc: 94.29% Mean: 84.59% (+/- 5.34%)
Fold: 33 of 50 Acc: 88.24% Mean: 84.70% (+/- 5.30%)
Fold: 34 of 50 Acc: 73.53% Mean: 84.37% (+/- 5.55%)
Fold: 35 of 50 Acc: 85.29% Mean: 84.40% (+/- 5.47%)
Fold: 36 of 50 Acc: 85.29% Mean: 84.42% (+/- 5.40%)
Fold: 37 of 50 Acc: 79.41% Mean: 84.29% (+/- 5.38%)
Fold: 38 of 50 Acc: 76.47% Mean: 84.08% (+/- 5.46%)
Fold: 39 of 50 Acc: 88.24% Mean: 84.19% (+/- 5.43%)
Fold: 40 of 50 Acc: 85.29% Mean: 84.21% (+/- 5.36%)
Fold: 41 of 50 Acc: 85.71% Mean: 84.25% (+/- 5.30%)
Fold: 42 of 50 Acc: 85.71% Mean: 84.29% (+/- 5.24%)
Fold: 43 of 50 Acc: 91.18% Mean: 84.45% (+/- 5.28%)
Fold: 44 of 50 Acc: 82.35% Mean: 84.40% (+/- 5.23%)
Fold: 45 of 50 Acc: 85.29% Mean: 84.42% (+/- 5.18%)
Fold: 46 of 50 Acc: 85.29% Mean: 84.44% (+/- 5.12%)
Fold: 47 of 50 Acc: 88.24% Mean: 84.52% (+/- 5.10%)
Fold: 48 of 50 Acc: 85.29% Mean: 84.53% (+/- 5.04%)
Fold: 49 of 50 Acc: 88.24% Mean: 84.61% (+/- 5.02%)
Fold: 50 of 50 Acc: 85.29% Mean: 84.62% (+/- 4.97%)
Model Type: ResNet101V2
Fold: 1 of 50 Acc: 88.57% Mean: 88.57% (+/- 0.00%)
Fold: 2 of 50 Acc: 80.00% Mean: 84.29% (+/- 4.29%)
Fold: 3 of 50 Acc: 91.18% Mean: 86.58% (+/- 4.77%)
Fold: 4 of 50 Acc: 97.06% Mean: 89.20% (+/- 6.14%)
Fold: 5 of 50 Acc: 88.24% Mean: 89.01% (+/- 5.50%)
Fold: 6 of 50 Acc: 88.24% Mean: 88.88% (+/- 5.03%)
Fold: 7 of 50 Acc: 85.29% Mean: 88.37% (+/- 4.83%)
Fold: 8 of 50 Acc: 91.18% Mean: 88.72% (+/- 4.61%)
Fold: 9 of 50 Acc: 91.18% Mean: 88.99% (+/- 4.41%)
Fold: 10 of 50 Acc: 79.41% Mean: 88.03% (+/- 5.08%)
Fold: 11 of 50 Acc: 91.43% Mean: 88.34% (+/- 4.94%)
Fold: 12 of 50 Acc: 85.71% Mean: 88.12% (+/- 4.78%)
Fold: 13 of 50 Acc: 85.29% Mean: 87.91% (+/- 4.66%)
Fold: 14 of 50 Acc: 94.12% Mean: 88.35% (+/- 4.76%)
Fold: 15 of 50 Acc: 97.06% Mean: 88.93% (+/- 5.09%)
Fold: 16 of 50 Acc: 79.41% Mean: 88.34% (+/- 5.44%)
Fold: 17 of 50 Acc: 88.24% Mean: 88.33% (+/- 5.28%)
Fold: 18 of 50 Acc: 94.12% Mean: 88.65% (+/- 5.30%)
Fold: 19 of 50 Acc: 85.29% Mean: 88.47% (+/- 5.21%)
Fold: 20 of 50 Acc: 82.35% Mean: 88.17% (+/- 5.25%)
Fold: 21 of 50 Acc: 80.00% Mean: 87.78% (+/- 5.41%)
Fold: 22 of 50 Acc: 88.57% Mean: 87.82% (+/- 5.29%)
Fold: 23 of 50 Acc: 94.12% Mean: 88.09% (+/- 5.33%)
Fold: 24 of 50 Acc: 94.12% Mean: 88.34% (+/- 5.36%)
Fold: 25 of 50 Acc: 88.24% Mean: 88.34% (+/- 5.25%)
Fold: 26 of 50 Acc: 88.24% Mean: 88.33% (+/- 5.15%)
Fold: 27 of 50 Acc: 85.29% Mean: 88.22% (+/- 5.08%)
Fold: 28 of 50 Acc: 88.24% Mean: 88.22% (+/- 4.99%)
Fold: 29 of 50 Acc: 88.24% Mean: 88.22% (+/- 4.90%)
Fold: 30 of 50 Acc: 85.29% Mean: 88.12% (+/- 4.85%)
Fold: 31 of 50 Acc: 82.86% Mean: 87.95% (+/- 4.86%)
Fold: 32 of 50 Acc: 97.14% Mean: 88.24% (+/- 5.04%)
Fold: 33 of 50 Acc: 97.06% Mean: 88.51% (+/- 5.19%)
Fold: 34 of 50 Acc: 79.41% Mean: 88.24% (+/- 5.34%)
Fold: 35 of 50 Acc: 94.12% Mean: 88.41% (+/- 5.35%)
Fold: 36 of 50 Acc: 85.29% Mean: 88.32% (+/- 5.30%)
Fold: 37 of 50 Acc: 85.29% Mean: 88.24% (+/- 5.26%)
Fold: 38 of 50 Acc: 85.29% Mean: 88.16% (+/- 5.21%)
Fold: 39 of 50 Acc: 85.29% Mean: 88.09% (+/- 5.16%)
Fold: 40 of 50 Acc: 85.29% Mean: 88.02% (+/- 5.11%)
Fold: 41 of 50 Acc: 94.29% Mean: 88.17% (+/- 5.14%)
Fold: 42 of 50 Acc: 88.57% Mean: 88.18% (+/- 5.08%)
Fold: 43 of 50 Acc: 88.24% Mean: 88.18% (+/- 5.02%)
Fold: 44 of 50 Acc: 82.35% Mean: 88.05% (+/- 5.04%)
Fold: 45 of 50 Acc: 88.24% Mean: 88.05% (+/- 4.98%)
Fold: 46 of 50 Acc: 88.24% Mean: 88.06% (+/- 4.93%)
Fold: 47 of 50 Acc: 97.06% Mean: 88.25% (+/- 5.05%)
Fold: 48 of 50 Acc: 73.53% Mean: 87.94% (+/- 5.42%)
Fold: 49 of 50 Acc: 85.29% Mean: 87.89% (+/- 5.38%)
Fold: 50 of 50 Acc: 88.24% Mean: 87.90% (+/- 5.32%)
Model Type: ResNet152V2
Fold: 1 of 50 Acc: 94.29% Mean: 94.29% (+/- 0.00%)
Fold: 2 of 50 Acc: 88.57% Mean: 91.43% (+/- 2.86%)
Fold: 3 of 50 Acc: 91.18% Mean: 91.34% (+/- 2.34%)
Fold: 4 of 50 Acc: 94.12% Mean: 92.04% (+/- 2.35%)
Fold: 5 of 50 Acc: 88.24% Mean: 91.28% (+/- 2.60%)
Fold: 6 of 50 Acc: 82.35% Mean: 89.79% (+/- 4.08%)
Fold: 7 of 50 Acc: 85.29% Mean: 89.15% (+/- 4.10%)
Fold: 8 of 50 Acc: 82.35% Mean: 88.30% (+/- 4.44%)
Fold: 9 of 50 Acc: 91.18% Mean: 88.62% (+/- 4.28%)
Fold: 10 of 50 Acc: 88.24% Mean: 88.58% (+/- 4.07%)
Fold: 11 of 50 Acc: 94.29% Mean: 89.10% (+/- 4.21%)
Fold: 12 of 50 Acc: 88.57% Mean: 89.05% (+/- 4.03%)
Fold: 13 of 50 Acc: 94.12% Mean: 89.44% (+/- 4.10%)
Fold: 14 of 50 Acc: 97.06% Mean: 89.99% (+/- 4.41%)
Fold: 15 of 50 Acc: 91.18% Mean: 90.07% (+/- 4.27%)
Fold: 16 of 50 Acc: 79.41% Mean: 89.40% (+/- 4.88%)
Fold: 17 of 50 Acc: 85.29% Mean: 89.16% (+/- 4.83%)
Fold: 18 of 50 Acc: 88.24% Mean: 89.11% (+/- 4.70%)
Fold: 19 of 50 Acc: 91.18% Mean: 89.22% (+/- 4.59%)
Fold: 20 of 50 Acc: 91.18% Mean: 89.32% (+/- 4.50%)
Fold: 21 of 50 Acc: 77.14% Mean: 88.74% (+/- 5.10%)
Fold: 22 of 50 Acc: 88.57% Mean: 88.73% (+/- 4.98%)
Fold: 23 of 50 Acc: 97.06% Mean: 89.09% (+/- 5.16%)
Fold: 24 of 50 Acc: 88.24% Mean: 89.05% (+/- 5.05%)
Fold: 25 of 50 Acc: 82.35% Mean: 88.79% (+/- 5.12%)
Fold: 26 of 50 Acc: 88.24% Mean: 88.77% (+/- 5.02%)
Fold: 27 of 50 Acc: 79.41% Mean: 88.42% (+/- 5.24%)
Fold: 28 of 50 Acc: 94.12% Mean: 88.62% (+/- 5.25%)
Fold: 29 of 50 Acc: 94.12% Mean: 88.81% (+/- 5.26%)
Fold: 30 of 50 Acc: 88.24% Mean: 88.79% (+/- 5.17%)
Fold: 31 of 50 Acc: 82.86% Mean: 88.60% (+/- 5.19%)
Fold: 32 of 50 Acc: 94.29% Mean: 88.78% (+/- 5.20%)
Fold: 33 of 50 Acc: 91.18% Mean: 88.85% (+/- 5.14%)
Fold: 34 of 50 Acc: 82.35% Mean: 88.66% (+/- 5.18%)
Fold: 35 of 50 Acc: 91.18% Mean: 88.73% (+/- 5.13%)
Fold: 36 of 50 Acc: 94.12% Mean: 88.88% (+/- 5.13%)
Fold: 37 of 50 Acc: 88.24% Mean: 88.86% (+/- 5.06%)
Fold: 38 of 50 Acc: 94.12% Mean: 89.00% (+/- 5.07%)
Fold: 39 of 50 Acc: 91.18% Mean: 89.06% (+/- 5.01%)
Fold: 40 of 50 Acc: 94.12% Mean: 89.18% (+/- 5.01%)
Fold: 41 of 50 Acc: 82.86% Mean: 89.03% (+/- 5.05%)
Fold: 42 of 50 Acc: 85.71% Mean: 88.95% (+/- 5.01%)
Fold: 43 of 50 Acc: 91.18% Mean: 89.00% (+/- 4.96%)
Fold: 44 of 50 Acc: 85.29% Mean: 88.92% (+/- 4.94%)
Fold: 45 of 50 Acc: 88.24% Mean: 88.90% (+/- 4.88%)
Fold: 46 of 50 Acc: 91.18% Mean: 88.95% (+/- 4.84%)
Fold: 47 of 50 Acc: 88.24% Mean: 88.94% (+/- 4.79%)
Fold: 48 of 50 Acc: 91.18% Mean: 88.98% (+/- 4.75%)
Fold: 49 of 50 Acc: 94.12% Mean: 89.09% (+/- 4.76%)
Fold: 50 of 50 Acc: 88.24% Mean: 89.07% (+/- 4.71%)
Model Type: InceptionV3
Fold: 1 of 50 Acc: 80.00% Mean: 80.00% (+/- 0.00%)
Fold: 2 of 50 Acc: 88.57% Mean: 84.29% (+/- 4.29%)
Fold: 3 of 50 Acc: 91.18% Mean: 86.58% (+/- 4.77%)
Fold: 4 of 50 Acc: 94.12% Mean: 88.47% (+/- 5.27%)
Fold: 5 of 50 Acc: 88.24% Mean: 88.42% (+/- 4.71%)
Fold: 6 of 50 Acc: 76.47% Mean: 86.43% (+/- 6.19%)
Fold: 7 of 50 Acc: 76.47% Mean: 85.01% (+/- 6.71%)
Fold: 8 of 50 Acc: 76.47% Mean: 83.94% (+/- 6.88%)
Fold: 9 of 50 Acc: 94.12% Mean: 85.07% (+/- 7.23%)
Fold: 10 of 50 Acc: 85.29% Mean: 85.09% (+/- 6.86%)
Fold: 11 of 50 Acc: 88.57% Mean: 85.41% (+/- 6.62%)
Fold: 12 of 50 Acc: 85.71% Mean: 85.43% (+/- 6.34%)
Fold: 13 of 50 Acc: 82.35% Mean: 85.20% (+/- 6.14%)
Fold: 14 of 50 Acc: 91.18% Mean: 85.62% (+/- 6.12%)
Fold: 15 of 50 Acc: 88.24% Mean: 85.80% (+/- 5.95%)
Fold: 16 of 50 Acc: 85.29% Mean: 85.77% (+/- 5.76%)
Fold: 17 of 50 Acc: 82.35% Mean: 85.57% (+/- 5.64%)
Fold: 18 of 50 Acc: 94.12% Mean: 86.04% (+/- 5.82%)
Fold: 19 of 50 Acc: 97.06% Mean: 86.62% (+/- 6.18%)
Fold: 20 of 50 Acc: 82.35% Mean: 86.41% (+/- 6.09%)
Fold: 21 of 50 Acc: 88.57% Mean: 86.51% (+/- 5.97%)
Fold: 22 of 50 Acc: 88.57% Mean: 86.60% (+/- 5.84%)
Fold: 23 of 50 Acc: 94.12% Mean: 86.93% (+/- 5.92%)
Fold: 24 of 50 Acc: 97.06% Mean: 87.35% (+/- 6.14%)
Fold: 25 of 50 Acc: 82.35% Mean: 87.15% (+/- 6.09%)
Fold: 26 of 50 Acc: 100.00% Mean: 87.65% (+/- 6.46%)
Fold: 27 of 50 Acc: 79.41% Mean: 87.34% (+/- 6.53%)
Fold: 28 of 50 Acc: 94.12% Mean: 87.58% (+/- 6.54%)
Fold: 29 of 50 Acc: 79.41% Mean: 87.30% (+/- 6.59%)
Fold: 30 of 50 Acc: 79.41% Mean: 87.04% (+/- 6.63%)
Fold: 31 of 50 Acc: 82.86% Mean: 86.90% (+/- 6.57%)
Fold: 32 of 50 Acc: 82.86% Mean: 86.78% (+/- 6.50%)
Fold: 33 of 50 Acc: 88.24% Mean: 86.82% (+/- 6.41%)
Fold: 34 of 50 Acc: 70.59% Mean: 86.34% (+/- 6.88%)
Fold: 35 of 50 Acc: 85.29% Mean: 86.31% (+/- 6.79%)
Fold: 36 of 50 Acc: 94.12% Mean: 86.53% (+/- 6.81%)
Fold: 37 of 50 Acc: 88.24% Mean: 86.58% (+/- 6.73%)
Fold: 38 of 50 Acc: 88.24% Mean: 86.62% (+/- 6.64%)
Fold: 39 of 50 Acc: 85.29% Mean: 86.59% (+/- 6.56%)
Fold: 40 of 50 Acc: 88.24% Mean: 86.63% (+/- 6.48%)
Fold: 41 of 50 Acc: 80.00% Mean: 86.47% (+/- 6.49%)
Fold: 42 of 50 Acc: 77.14% Mean: 86.24% (+/- 6.56%)
Fold: 43 of 50 Acc: 85.29% Mean: 86.22% (+/- 6.49%)
Fold: 44 of 50 Acc: 91.18% Mean: 86.33% (+/- 6.46%)
Fold: 45 of 50 Acc: 91.18% Mean: 86.44% (+/- 6.42%)
Fold: 46 of 50 Acc: 94.12% Mean: 86.61% (+/- 6.45%)
Fold: 47 of 50 Acc: 88.24% Mean: 86.64% (+/- 6.39%)
Fold: 48 of 50 Acc: 79.41% Mean: 86.49% (+/- 6.40%)
Fold: 49 of 50 Acc: 94.12% Mean: 86.65% (+/- 6.43%)
Fold: 50 of 50 Acc: 88.24% Mean: 86.68% (+/- 6.37%)
Model Type: InceptionResNetV2
Fold: 1 of 50 Acc: 82.86% Mean: 82.86% (+/- 0.00%)
Fold: 2 of 50 Acc: 85.71% Mean: 84.29% (+/- 1.43%)
Fold: 3 of 50 Acc: 82.35% Mean: 83.64% (+/- 1.48%)
Fold: 4 of 50 Acc: 91.18% Mean: 85.53% (+/- 3.51%)
Fold: 5 of 50 Acc: 85.29% Mean: 85.48% (+/- 3.14%)
Fold: 6 of 50 Acc: 88.24% Mean: 85.94% (+/- 3.04%)
Fold: 7 of 50 Acc: 79.41% Mean: 85.01% (+/- 3.63%)
Fold: 8 of 50 Acc: 82.35% Mean: 84.67% (+/- 3.50%)
Fold: 9 of 50 Acc: 91.18% Mean: 85.40% (+/- 3.88%)
Fold: 10 of 50 Acc: 88.24% Mean: 85.68% (+/- 3.78%)
Fold: 11 of 50 Acc: 94.29% Mean: 86.46% (+/- 4.37%)
Fold: 12 of 50 Acc: 85.71% Mean: 86.40% (+/- 4.19%)
Fold: 13 of 50 Acc: 76.47% Mean: 85.64% (+/- 4.82%)
Fold: 14 of 50 Acc: 91.18% Mean: 86.03% (+/- 4.86%)
Fold: 15 of 50 Acc: 88.24% Mean: 86.18% (+/- 4.73%)
Fold: 16 of 50 Acc: 85.29% Mean: 86.12% (+/- 4.58%)
Fold: 17 of 50 Acc: 88.24% Mean: 86.25% (+/- 4.47%)
Fold: 18 of 50 Acc: 91.18% Mean: 86.52% (+/- 4.49%)
Fold: 19 of 50 Acc: 88.24% Mean: 86.61% (+/- 4.39%)
Fold: 20 of 50 Acc: 85.29% Mean: 86.55% (+/- 4.28%)
Fold: 21 of 50 Acc: 85.71% Mean: 86.51% (+/- 4.19%)
Fold: 22 of 50 Acc: 82.86% Mean: 86.34% (+/- 4.16%)
Fold: 23 of 50 Acc: 85.29% Mean: 86.30% (+/- 4.07%)
Fold: 24 of 50 Acc: 94.12% Mean: 86.62% (+/- 4.28%)
Fold: 25 of 50 Acc: 88.24% Mean: 86.69% (+/- 4.21%)
Fold: 26 of 50 Acc: 97.06% Mean: 87.08% (+/- 4.58%)
Fold: 27 of 50 Acc: 76.47% Mean: 86.69% (+/- 4.92%)
Fold: 28 of 50 Acc: 79.41% Mean: 86.43% (+/- 5.02%)
Fold: 29 of 50 Acc: 85.29% Mean: 86.39% (+/- 4.94%)
Fold: 30 of 50 Acc: 61.76% Mean: 85.57% (+/- 6.57%)
Fold: 31 of 50 Acc: 88.57% Mean: 85.67% (+/- 6.48%)
Fold: 32 of 50 Acc: 94.29% Mean: 85.94% (+/- 6.55%)
Fold: 33 of 50 Acc: 85.29% Mean: 85.92% (+/- 6.45%)
Fold: 34 of 50 Acc: 76.47% Mean: 85.64% (+/- 6.56%)
Fold: 35 of 50 Acc: 91.18% Mean: 85.80% (+/- 6.53%)
Fold: 36 of 50 Acc: 82.35% Mean: 85.70% (+/- 6.46%)
Fold: 37 of 50 Acc: 82.35% Mean: 85.61% (+/- 6.40%)
Fold: 38 of 50 Acc: 85.29% Mean: 85.60% (+/- 6.31%)
Fold: 39 of 50 Acc: 91.18% Mean: 85.75% (+/- 6.29%)
Fold: 40 of 50 Acc: 88.24% Mean: 85.81% (+/- 6.22%)
Fold: 41 of 50 Acc: 74.29% Mean: 85.53% (+/- 6.40%)
Fold: 42 of 50 Acc: 77.14% Mean: 85.33% (+/- 6.45%)
Fold: 43 of 50 Acc: 94.12% Mean: 85.53% (+/- 6.51%)
Fold: 44 of 50 Acc: 88.24% Mean: 85.59% (+/- 6.45%)
Fold: 45 of 50 Acc: 91.18% Mean: 85.72% (+/- 6.43%)
Fold: 46 of 50 Acc: 91.18% Mean: 85.84% (+/- 6.41%)
Fold: 47 of 50 Acc: 88.24% Mean: 85.89% (+/- 6.35%)
Fold: 48 of 50 Acc: 88.24% Mean: 85.94% (+/- 6.29%)
Fold: 49 of 50 Acc: 88.24% Mean: 85.98% (+/- 6.24%)
Fold: 50 of 50 Acc: 85.29% Mean: 85.97% (+/- 6.18%)
Model Type: MobileNet
Fold: 1 of 50 Acc: 91.43% Mean: 91.43% (+/- 0.00%)
Fold: 2 of 50 Acc: 88.57% Mean: 90.00% (+/- 1.43%)
Fold: 3 of 50 Acc: 94.12% Mean: 91.37% (+/- 2.26%)
Fold: 4 of 50 Acc: 91.18% Mean: 91.32% (+/- 1.96%)
Fold: 5 of 50 Acc: 91.18% Mean: 91.29% (+/- 1.76%)
Fold: 6 of 50 Acc: 94.12% Mean: 91.76% (+/- 1.92%)
Fold: 7 of 50 Acc: 100.00% Mean: 92.94% (+/- 3.38%)
Fold: 8 of 50 Acc: 94.12% Mean: 93.09% (+/- 3.19%)
Fold: 9 of 50 Acc: 88.24% Mean: 92.55% (+/- 3.37%)
Fold: 10 of 50 Acc: 85.29% Mean: 91.82% (+/- 3.87%)
Fold: 11 of 50 Acc: 91.43% Mean: 91.79% (+/- 3.69%)
Fold: 12 of 50 Acc: 88.57% Mean: 91.52% (+/- 3.64%)
Fold: 13 of 50 Acc: 94.12% Mean: 91.72% (+/- 3.57%)
Fold: 14 of 50 Acc: 97.06% Mean: 92.10% (+/- 3.70%)
Fold: 15 of 50 Acc: 91.18% Mean: 92.04% (+/- 3.59%)
Fold: 16 of 50 Acc: 82.35% Mean: 91.43% (+/- 4.19%)
Fold: 17 of 50 Acc: 94.12% Mean: 91.59% (+/- 4.11%)
Fold: 18 of 50 Acc: 88.24% Mean: 91.41% (+/- 4.07%)
Fold: 19 of 50 Acc: 94.12% Mean: 91.55% (+/- 4.01%)
Fold: 20 of 50 Acc: 88.24% Mean: 91.38% (+/- 3.97%)
Fold: 21 of 50 Acc: 88.57% Mean: 91.25% (+/- 3.92%)
Fold: 22 of 50 Acc: 85.71% Mean: 91.00% (+/- 4.00%)
Fold: 23 of 50 Acc: 94.12% Mean: 91.13% (+/- 3.97%)
Fold: 24 of 50 Acc: 91.18% Mean: 91.13% (+/- 3.88%)
Fold: 25 of 50 Acc: 91.18% Mean: 91.14% (+/- 3.80%)
Fold: 26 of 50 Acc: 91.18% Mean: 91.14% (+/- 3.73%)
Fold: 27 of 50 Acc: 82.35% Mean: 90.81% (+/- 4.02%)
Fold: 28 of 50 Acc: 97.06% Mean: 91.04% (+/- 4.11%)
Fold: 29 of 50 Acc: 85.29% Mean: 90.84% (+/- 4.17%)
Fold: 30 of 50 Acc: 88.24% Mean: 90.75% (+/- 4.13%)
Fold: 31 of 50 Acc: 94.29% Mean: 90.86% (+/- 4.11%)
Fold: 32 of 50 Acc: 91.43% Mean: 90.88% (+/- 4.05%)
Fold: 33 of 50 Acc: 85.29% Mean: 90.71% (+/- 4.10%)
Fold: 34 of 50 Acc: 70.59% Mean: 90.12% (+/- 5.28%)
Fold: 35 of 50 Acc: 97.06% Mean: 90.32% (+/- 5.33%)
Fold: 36 of 50 Acc: 94.12% Mean: 90.42% (+/- 5.29%)
Fold: 37 of 50 Acc: 94.12% Mean: 90.52% (+/- 5.26%)
Fold: 38 of 50 Acc: 94.12% Mean: 90.62% (+/- 5.22%)
Fold: 39 of 50 Acc: 91.18% Mean: 90.63% (+/- 5.15%)
Fold: 40 of 50 Acc: 91.18% Mean: 90.65% (+/- 5.09%)
Fold: 41 of 50 Acc: 88.57% Mean: 90.60% (+/- 5.03%)
Fold: 42 of 50 Acc: 94.29% Mean: 90.68% (+/- 5.01%)
Fold: 43 of 50 Acc: 97.06% Mean: 90.83% (+/- 5.04%)
Fold: 44 of 50 Acc: 82.35% Mean: 90.64% (+/- 5.14%)
Fold: 45 of 50 Acc: 97.06% Mean: 90.78% (+/- 5.17%)
Fold: 46 of 50 Acc: 82.35% Mean: 90.60% (+/- 5.26%)
Fold: 47 of 50 Acc: 97.06% Mean: 90.74% (+/- 5.29%)
Fold: 48 of 50 Acc: 88.24% Mean: 90.68% (+/- 5.24%)
Fold: 49 of 50 Acc: 82.35% Mean: 90.51% (+/- 5.32%)
Fold: 50 of 50 Acc: 97.06% Mean: 90.65% (+/- 5.35%)
Model Type: DenseNet121
Fold: 1 of 50 Acc: 91.43% Mean: 91.43% (+/- 0.00%)
Fold: 2 of 50 Acc: 88.57% Mean: 90.00% (+/- 1.43%)
Fold: 3 of 50 Acc: 88.24% Mean: 89.41% (+/- 1.43%)
Fold: 4 of 50 Acc: 88.24% Mean: 89.12% (+/- 1.34%)
Fold: 5 of 50 Acc: 88.24% Mean: 88.94% (+/- 1.25%)
Fold: 6 of 50 Acc: 88.24% Mean: 88.82% (+/- 1.17%)
Fold: 7 of 50 Acc: 76.47% Mean: 87.06% (+/- 4.46%)
Fold: 8 of 50 Acc: 79.41% Mean: 86.10% (+/- 4.88%)
Fold: 9 of 50 Acc: 91.18% Mean: 86.67% (+/- 4.87%)
Fold: 10 of 50 Acc: 85.29% Mean: 86.53% (+/- 4.63%)
Fold: 11 of 50 Acc: 91.43% Mean: 86.97% (+/- 4.64%)
Fold: 12 of 50 Acc: 88.57% Mean: 87.11% (+/- 4.46%)
Fold: 13 of 50 Acc: 88.24% Mean: 87.19% (+/- 4.30%)
Fold: 14 of 50 Acc: 100.00% Mean: 88.11% (+/- 5.29%)
Fold: 15 of 50 Acc: 91.18% Mean: 88.31% (+/- 5.17%)
Fold: 16 of 50 Acc: 76.47% Mean: 87.57% (+/- 5.77%)
Fold: 17 of 50 Acc: 88.24% Mean: 87.61% (+/- 5.60%)
Fold: 18 of 50 Acc: 88.24% Mean: 87.65% (+/- 5.44%)
Fold: 19 of 50 Acc: 88.24% Mean: 87.68% (+/- 5.30%)
Fold: 20 of 50 Acc: 85.29% Mean: 87.56% (+/- 5.19%)
Fold: 21 of 50 Acc: 85.71% Mean: 87.47% (+/- 5.08%)
Fold: 22 of 50 Acc: 80.00% Mean: 87.13% (+/- 5.20%)
Fold: 23 of 50 Acc: 85.29% Mean: 87.05% (+/- 5.10%)
Fold: 24 of 50 Acc: 88.24% Mean: 87.10% (+/- 5.00%)
Fold: 25 of 50 Acc: 85.29% Mean: 87.03% (+/- 4.91%)
Fold: 26 of 50 Acc: 97.06% Mean: 87.41% (+/- 5.19%)
Fold: 27 of 50 Acc: 82.35% Mean: 87.23% (+/- 5.18%)
Fold: 28 of 50 Acc: 91.18% Mean: 87.37% (+/- 5.14%)
Fold: 29 of 50 Acc: 76.47% Mean: 86.99% (+/- 5.43%)
Fold: 30 of 50 Acc: 88.24% Mean: 87.03% (+/- 5.34%)
Fold: 31 of 50 Acc: 82.86% Mean: 86.90% (+/- 5.31%)
Fold: 32 of 50 Acc: 88.57% Mean: 86.95% (+/- 5.23%)
Fold: 33 of 50 Acc: 85.29% Mean: 86.90% (+/- 5.16%)
Fold: 34 of 50 Acc: 67.65% Mean: 86.33% (+/- 6.03%)
Fold: 35 of 50 Acc: 91.18% Mean: 86.47% (+/- 6.00%)
Fold: 36 of 50 Acc: 85.29% Mean: 86.44% (+/- 5.92%)
Fold: 37 of 50 Acc: 91.18% Mean: 86.57% (+/- 5.89%)
Fold: 38 of 50 Acc: 91.18% Mean: 86.69% (+/- 5.86%)
Fold: 39 of 50 Acc: 88.24% Mean: 86.73% (+/- 5.79%)
Fold: 40 of 50 Acc: 85.29% Mean: 86.69% (+/- 5.72%)
Fold: 41 of 50 Acc: 94.29% Mean: 86.88% (+/- 5.77%)
Fold: 42 of 50 Acc: 91.43% Mean: 86.99% (+/- 5.74%)
Fold: 43 of 50 Acc: 91.18% Mean: 87.08% (+/- 5.71%)
Fold: 44 of 50 Acc: 76.47% Mean: 86.84% (+/- 5.86%)
Fold: 45 of 50 Acc: 88.24% Mean: 86.87% (+/- 5.80%)
Fold: 46 of 50 Acc: 88.24% Mean: 86.90% (+/- 5.74%)
Fold: 47 of 50 Acc: 88.24% Mean: 86.93% (+/- 5.68%)
Fold: 48 of 50 Acc: 73.53% Mean: 86.65% (+/- 5.94%)
Fold: 49 of 50 Acc: 76.47% Mean: 86.44% (+/- 6.05%)
Fold: 50 of 50 Acc: 88.24% Mean: 86.48% (+/- 6.00%)
Model Type: DenseNet169
Fold: 1 of 50 Acc: 91.43% Mean: 91.43% (+/- 0.00%)
Fold: 2 of 50 Acc: 88.57% Mean: 90.00% (+/- 1.43%)
Fold: 3 of 50 Acc: 97.06% Mean: 92.35% (+/- 3.53%)
Fold: 4 of 50 Acc: 91.18% Mean: 92.06% (+/- 3.10%)
Fold: 5 of 50 Acc: 85.29% Mean: 90.71% (+/- 3.87%)
Fold: 6 of 50 Acc: 88.24% Mean: 90.29% (+/- 3.65%)
Fold: 7 of 50 Acc: 94.12% Mean: 90.84% (+/- 3.64%)
Fold: 8 of 50 Acc: 76.47% Mean: 89.04% (+/- 5.84%)
Fold: 9 of 50 Acc: 88.24% Mean: 88.95% (+/- 5.52%)
Fold: 10 of 50 Acc: 85.29% Mean: 88.59% (+/- 5.35%)
Fold: 11 of 50 Acc: 88.57% Mean: 88.59% (+/- 5.10%)
Fold: 12 of 50 Acc: 82.86% Mean: 88.11% (+/- 5.13%)
Fold: 13 of 50 Acc: 94.12% Mean: 88.57% (+/- 5.18%)
Fold: 14 of 50 Acc: 91.18% Mean: 88.76% (+/- 5.04%)
Fold: 15 of 50 Acc: 82.35% Mean: 88.33% (+/- 5.12%)
Fold: 16 of 50 Acc: 85.29% Mean: 88.14% (+/- 5.02%)
Fold: 17 of 50 Acc: 88.24% Mean: 88.15% (+/- 4.87%)
Fold: 18 of 50 Acc: 91.18% Mean: 88.31% (+/- 4.78%)
Fold: 19 of 50 Acc: 88.24% Mean: 88.31% (+/- 4.65%)
Fold: 20 of 50 Acc: 88.24% Mean: 88.31% (+/- 4.53%)
Fold: 21 of 50 Acc: 77.14% Mean: 87.78% (+/- 5.02%)
Fold: 22 of 50 Acc: 91.43% Mean: 87.94% (+/- 4.97%)
Fold: 23 of 50 Acc: 91.18% Mean: 88.08% (+/- 4.90%)
Fold: 24 of 50 Acc: 91.18% Mean: 88.21% (+/- 4.84%)
Fold: 25 of 50 Acc: 82.35% Mean: 87.98% (+/- 4.88%)
Fold: 26 of 50 Acc: 91.18% Mean: 88.10% (+/- 4.82%)
Fold: 27 of 50 Acc: 85.29% Mean: 88.00% (+/- 4.76%)
Fold: 28 of 50 Acc: 94.12% Mean: 88.21% (+/- 4.81%)
Fold: 29 of 50 Acc: 85.29% Mean: 88.11% (+/- 4.76%)
Fold: 30 of 50 Acc: 76.47% Mean: 87.73% (+/- 5.12%)
Fold: 31 of 50 Acc: 88.57% Mean: 87.75% (+/- 5.04%)
Fold: 32 of 50 Acc: 91.43% Mean: 87.87% (+/- 5.00%)
Fold: 33 of 50 Acc: 91.18% Mean: 87.97% (+/- 4.96%)
Fold: 34 of 50 Acc: 76.47% Mean: 87.63% (+/- 5.26%)
Fold: 35 of 50 Acc: 85.29% Mean: 87.56% (+/- 5.20%)
Fold: 36 of 50 Acc: 88.24% Mean: 87.58% (+/- 5.13%)
Fold: 37 of 50 Acc: 82.35% Mean: 87.44% (+/- 5.13%)
Fold: 38 of 50 Acc: 91.18% Mean: 87.54% (+/- 5.09%)
Fold: 39 of 50 Acc: 94.12% Mean: 87.71% (+/- 5.14%)
Fold: 40 of 50 Acc: 91.18% Mean: 87.79% (+/- 5.10%)
Fold: 41 of 50 Acc: 80.00% Mean: 87.60% (+/- 5.18%)
Fold: 42 of 50 Acc: 91.43% Mean: 87.70% (+/- 5.15%)
Fold: 43 of 50 Acc: 91.18% Mean: 87.78% (+/- 5.12%)
Fold: 44 of 50 Acc: 79.41% Mean: 87.59% (+/- 5.21%)
Fold: 45 of 50 Acc: 88.24% Mean: 87.60% (+/- 5.15%)
Fold: 46 of 50 Acc: 94.12% Mean: 87.74% (+/- 5.18%)
Fold: 47 of 50 Acc: 91.18% Mean: 87.82% (+/- 5.15%)
Fold: 48 of 50 Acc: 85.29% Mean: 87.76% (+/- 5.11%)
Fold: 49 of 50 Acc: 91.18% Mean: 87.83% (+/- 5.08%)
Fold: 50 of 50 Acc: 88.24% Mean: 87.84% (+/- 5.03%)
Model Type: DenseNet201
Fold: 1 of 50 Acc: 94.29% Mean: 94.29% (+/- 0.00%)
Fold: 2 of 50 Acc: 91.43% Mean: 92.86% (+/- 1.43%)
Fold: 3 of 50 Acc: 94.12% Mean: 93.28% (+/- 1.31%)
Fold: 4 of 50 Acc: 94.12% Mean: 93.49% (+/- 1.19%)
Fold: 5 of 50 Acc: 88.24% Mean: 92.44% (+/- 2.36%)
Fold: 6 of 50 Acc: 88.24% Mean: 91.74% (+/- 2.66%)
Fold: 7 of 50 Acc: 85.29% Mean: 90.82% (+/- 3.34%)
Fold: 8 of 50 Acc: 82.35% Mean: 89.76% (+/- 4.19%)
Fold: 9 of 50 Acc: 82.35% Mean: 88.94% (+/- 4.59%)
Fold: 10 of 50 Acc: 85.29% Mean: 88.57% (+/- 4.49%)
Fold: 11 of 50 Acc: 91.43% Mean: 88.83% (+/- 4.36%)
Fold: 12 of 50 Acc: 85.71% Mean: 88.57% (+/- 4.26%)
Fold: 13 of 50 Acc: 79.41% Mean: 87.87% (+/- 4.76%)
Fold: 14 of 50 Acc: 97.06% Mean: 88.52% (+/- 5.17%)
Fold: 15 of 50 Acc: 91.18% Mean: 88.70% (+/- 5.03%)
Fold: 16 of 50 Acc: 82.35% Mean: 88.30% (+/- 5.11%)
Fold: 17 of 50 Acc: 88.24% Mean: 88.30% (+/- 4.96%)
Fold: 18 of 50 Acc: 82.35% Mean: 87.97% (+/- 5.01%)
Fold: 19 of 50 Acc: 85.29% Mean: 87.83% (+/- 4.91%)
Fold: 20 of 50 Acc: 88.24% Mean: 87.85% (+/- 4.79%)
Fold: 21 of 50 Acc: 88.57% Mean: 87.88% (+/- 4.67%)
Fold: 22 of 50 Acc: 82.86% Mean: 87.65% (+/- 4.69%)
Fold: 23 of 50 Acc: 82.35% Mean: 87.42% (+/- 4.71%)
Fold: 24 of 50 Acc: 97.06% Mean: 87.83% (+/- 4.99%)
Fold: 25 of 50 Acc: 85.29% Mean: 87.72% (+/- 4.92%)
Fold: 26 of 50 Acc: 91.18% Mean: 87.86% (+/- 4.87%)
Fold: 27 of 50 Acc: 88.24% Mean: 87.87% (+/- 4.78%)
Fold: 28 of 50 Acc: 97.06% Mean: 88.20% (+/- 4.99%)
Fold: 29 of 50 Acc: 88.24% Mean: 88.20% (+/- 4.91%)
Fold: 30 of 50 Acc: 79.41% Mean: 87.91% (+/- 5.07%)
Fold: 31 of 50 Acc: 88.57% Mean: 87.93% (+/- 4.99%)
Fold: 32 of 50 Acc: 97.14% Mean: 88.22% (+/- 5.17%)
Fold: 33 of 50 Acc: 82.35% Mean: 88.04% (+/- 5.19%)
Fold: 34 of 50 Acc: 76.47% Mean: 87.70% (+/- 5.47%)
Fold: 35 of 50 Acc: 88.24% Mean: 87.71% (+/- 5.40%)
Fold: 36 of 50 Acc: 88.24% Mean: 87.73% (+/- 5.32%)
Fold: 37 of 50 Acc: 88.24% Mean: 87.74% (+/- 5.25%)
Fold: 38 of 50 Acc: 91.18% Mean: 87.83% (+/- 5.21%)
Fold: 39 of 50 Acc: 88.24% Mean: 87.84% (+/- 5.14%)
Fold: 40 of 50 Acc: 85.29% Mean: 87.78% (+/- 5.09%)
Fold: 41 of 50 Acc: 91.43% Mean: 87.87% (+/- 5.06%)
Fold: 42 of 50 Acc: 88.57% Mean: 87.89% (+/- 5.00%)
Fold: 43 of 50 Acc: 82.35% Mean: 87.76% (+/- 5.01%)
Fold: 44 of 50 Acc: 79.41% Mean: 87.57% (+/- 5.11%)
Fold: 45 of 50 Acc: 88.24% Mean: 87.58% (+/- 5.05%)
Fold: 46 of 50 Acc: 97.06% Mean: 87.79% (+/- 5.19%)
Fold: 47 of 50 Acc: 97.06% Mean: 87.98% (+/- 5.30%)
Fold: 48 of 50 Acc: 85.29% Mean: 87.93% (+/- 5.26%)
Fold: 49 of 50 Acc: 79.41% Mean: 87.76% (+/- 5.34%)
Fold: 50 of 50 Acc: 85.29% Mean: 87.71% (+/- 5.30%)
Model Type: NASNetMobile
Fold: 1 of 50 Acc: 77.14% Mean: 77.14% (+/- 0.00%)
Fold: 2 of 50 Acc: 82.86% Mean: 80.00% (+/- 2.86%)
Fold: 3 of 50 Acc: 82.35% Mean: 80.78% (+/- 2.58%)
Fold: 4 of 50 Acc: 88.24% Mean: 82.65% (+/- 3.93%)
Fold: 5 of 50 Acc: 82.35% Mean: 82.59% (+/- 3.51%)
Fold: 6 of 50 Acc: 76.47% Mean: 81.57% (+/- 3.94%)
Fold: 7 of 50 Acc: 76.47% Mean: 80.84% (+/- 4.06%)
Fold: 8 of 50 Acc: 79.41% Mean: 80.66% (+/- 3.82%)
Fold: 9 of 50 Acc: 85.29% Mean: 81.18% (+/- 3.89%)
Fold: 10 of 50 Acc: 91.18% Mean: 82.18% (+/- 4.75%)
Fold: 11 of 50 Acc: 82.86% Mean: 82.24% (+/- 4.54%)
Fold: 12 of 50 Acc: 91.43% Mean: 83.00% (+/- 5.03%)
Fold: 13 of 50 Acc: 88.24% Mean: 83.41% (+/- 5.03%)
Fold: 14 of 50 Acc: 88.24% Mean: 83.75% (+/- 5.01%)
Fold: 15 of 50 Acc: 85.29% Mean: 83.85% (+/- 4.85%)
Fold: 16 of 50 Acc: 85.29% Mean: 83.94% (+/- 4.71%)
Fold: 17 of 50 Acc: 85.29% Mean: 84.02% (+/- 4.58%)
Fold: 18 of 50 Acc: 88.24% Mean: 84.26% (+/- 4.55%)
Fold: 19 of 50 Acc: 88.24% Mean: 84.47% (+/- 4.52%)
Fold: 20 of 50 Acc: 82.35% Mean: 84.36% (+/- 4.43%)
Fold: 21 of 50 Acc: 94.29% Mean: 84.83% (+/- 4.81%)
Fold: 22 of 50 Acc: 85.71% Mean: 84.87% (+/- 4.71%)
Fold: 23 of 50 Acc: 79.41% Mean: 84.64% (+/- 4.74%)
Fold: 24 of 50 Acc: 88.24% Mean: 84.79% (+/- 4.69%)
Fold: 25 of 50 Acc: 85.29% Mean: 84.81% (+/- 4.60%)
Fold: 26 of 50 Acc: 76.47% Mean: 84.49% (+/- 4.78%)
Fold: 27 of 50 Acc: 82.35% Mean: 84.41% (+/- 4.71%)
Fold: 28 of 50 Acc: 94.12% Mean: 84.75% (+/- 4.97%)
Fold: 29 of 50 Acc: 88.24% Mean: 84.87% (+/- 4.92%)
Fold: 30 of 50 Acc: 82.35% Mean: 84.79% (+/- 4.86%)
Fold: 31 of 50 Acc: 82.86% Mean: 84.73% (+/- 4.79%)
Fold: 32 of 50 Acc: 94.29% Mean: 85.03% (+/- 5.00%)
Fold: 33 of 50 Acc: 91.18% Mean: 85.21% (+/- 5.04%)
Fold: 34 of 50 Acc: 76.47% Mean: 84.96% (+/- 5.18%)
Fold: 35 of 50 Acc: 79.41% Mean: 84.80% (+/- 5.19%)
Fold: 36 of 50 Acc: 82.35% Mean: 84.73% (+/- 5.13%)
Fold: 37 of 50 Acc: 79.41% Mean: 84.59% (+/- 5.13%)
Fold: 38 of 50 Acc: 88.24% Mean: 84.68% (+/- 5.10%)
Fold: 39 of 50 Acc: 85.29% Mean: 84.70% (+/- 5.03%)
Fold: 40 of 50 Acc: 79.41% Mean: 84.57% (+/- 5.04%)
Fold: 41 of 50 Acc: 80.00% Mean: 84.45% (+/- 5.03%)
Fold: 42 of 50 Acc: 85.71% Mean: 84.48% (+/- 4.97%)
Fold: 43 of 50 Acc: 85.29% Mean: 84.50% (+/- 4.91%)
Fold: 44 of 50 Acc: 82.35% Mean: 84.45% (+/- 4.87%)
Fold: 45 of 50 Acc: 85.29% Mean: 84.47% (+/- 4.81%)
Fold: 46 of 50 Acc: 85.29% Mean: 84.49% (+/- 4.76%)
Fold: 47 of 50 Acc: 85.29% Mean: 84.51% (+/- 4.71%)
Fold: 48 of 50 Acc: 79.41% Mean: 84.40% (+/- 4.72%)
Fold: 49 of 50 Acc: 76.47% Mean: 84.24% (+/- 4.80%)
Fold: 50 of 50 Acc: 97.06% Mean: 84.50% (+/- 5.08%)
Model Type: MobileNetV2
Fold: 1 of 50 Acc: 88.57% Mean: 88.57% (+/- 0.00%)
Fold: 2 of 50 Acc: 94.29% Mean: 91.43% (+/- 2.86%)
Fold: 3 of 50 Acc: 97.06% Mean: 93.31% (+/- 3.53%)
Fold: 4 of 50 Acc: 88.24% Mean: 92.04% (+/- 3.77%)
Fold: 5 of 50 Acc: 91.18% Mean: 91.87% (+/- 3.39%)
Fold: 6 of 50 Acc: 88.24% Mean: 91.26% (+/- 3.37%)
Fold: 7 of 50 Acc: 97.06% Mean: 92.09% (+/- 3.73%)
Fold: 8 of 50 Acc: 82.35% Mean: 90.87% (+/- 4.74%)
Fold: 9 of 50 Acc: 97.06% Mean: 91.56% (+/- 4.88%)
Fold: 10 of 50 Acc: 94.12% Mean: 91.82% (+/- 4.69%)
Fold: 11 of 50 Acc: 88.57% Mean: 91.52% (+/- 4.57%)
Fold: 12 of 50 Acc: 85.71% Mean: 91.04% (+/- 4.66%)
Fold: 13 of 50 Acc: 94.12% Mean: 91.27% (+/- 4.55%)
Fold: 14 of 50 Acc: 94.12% Mean: 91.48% (+/- 4.45%)
Fold: 15 of 50 Acc: 88.24% Mean: 91.26% (+/- 4.37%)
Fold: 16 of 50 Acc: 82.35% Mean: 90.70% (+/- 4.75%)
Fold: 17 of 50 Acc: 88.24% Mean: 90.56% (+/- 4.64%)
Fold: 18 of 50 Acc: 88.24% Mean: 90.43% (+/- 4.54%)
Fold: 19 of 50 Acc: 88.24% Mean: 90.31% (+/- 4.45%)
Fold: 20 of 50 Acc: 88.24% Mean: 90.21% (+/- 4.36%)
Fold: 21 of 50 Acc: 88.57% Mean: 90.13% (+/- 4.27%)
Fold: 22 of 50 Acc: 88.57% Mean: 90.06% (+/- 4.18%)
Fold: 23 of 50 Acc: 91.18% Mean: 90.11% (+/- 4.10%)
Fold: 24 of 50 Acc: 85.29% Mean: 89.91% (+/- 4.13%)
Fold: 25 of 50 Acc: 91.18% Mean: 89.96% (+/- 4.05%)
Fold: 26 of 50 Acc: 85.29% Mean: 89.78% (+/- 4.07%)
Fold: 27 of 50 Acc: 79.41% Mean: 89.40% (+/- 4.45%)
Fold: 28 of 50 Acc: 97.06% Mean: 89.67% (+/- 4.60%)
Fold: 29 of 50 Acc: 82.35% Mean: 89.42% (+/- 4.71%)
Fold: 30 of 50 Acc: 82.35% Mean: 89.18% (+/- 4.80%)
Fold: 31 of 50 Acc: 91.43% Mean: 89.25% (+/- 4.74%)
Fold: 32 of 50 Acc: 91.43% Mean: 89.32% (+/- 4.68%)
Fold: 33 of 50 Acc: 85.29% Mean: 89.20% (+/- 4.66%)
Fold: 34 of 50 Acc: 79.41% Mean: 88.91% (+/- 4.88%)
Fold: 35 of 50 Acc: 91.18% Mean: 88.98% (+/- 4.82%)
Fold: 36 of 50 Acc: 100.00% Mean: 89.28% (+/- 5.09%)
Fold: 37 of 50 Acc: 88.24% Mean: 89.26% (+/- 5.02%)
Fold: 38 of 50 Acc: 85.29% Mean: 89.15% (+/- 5.00%)
Fold: 39 of 50 Acc: 88.24% Mean: 89.13% (+/- 4.93%)
Fold: 40 of 50 Acc: 91.18% Mean: 89.18% (+/- 4.88%)
Fold: 41 of 50 Acc: 94.29% Mean: 89.30% (+/- 4.89%)
Fold: 42 of 50 Acc: 94.29% Mean: 89.42% (+/- 4.89%)
Fold: 43 of 50 Acc: 88.24% Mean: 89.39% (+/- 4.83%)
Fold: 44 of 50 Acc: 88.24% Mean: 89.37% (+/- 4.78%)
Fold: 45 of 50 Acc: 94.12% Mean: 89.47% (+/- 4.78%)
Fold: 46 of 50 Acc: 88.24% Mean: 89.45% (+/- 4.73%)
Fold: 47 of 50 Acc: 88.24% Mean: 89.42% (+/- 4.68%)
Fold: 48 of 50 Acc: 85.29% Mean: 89.33% (+/- 4.67%)
Fold: 49 of 50 Acc: 82.35% Mean: 89.19% (+/- 4.73%)
Fold: 50 of 50 Acc: 88.24% Mean: 89.17% (+/- 4.68%)
Model Type: EfficientNetB0
Fold: 1 of 50 Acc: 77.14% Mean: 77.14% (+/- 0.00%)
Fold: 2 of 50 Acc: 97.14% Mean: 87.14% (+/- 10.00%)
Fold: 3 of 50 Acc: 91.18% Mean: 88.49% (+/- 8.38%)
Fold: 4 of 50 Acc: 91.18% Mean: 89.16% (+/- 7.35%)
Fold: 5 of 50 Acc: 88.24% Mean: 88.97% (+/- 6.59%)
Fold: 6 of 50 Acc: 97.06% Mean: 90.32% (+/- 6.73%)
Fold: 7 of 50 Acc: 88.24% Mean: 90.02% (+/- 6.27%)
Fold: 8 of 50 Acc: 79.41% Mean: 88.70% (+/- 6.83%)
Fold: 9 of 50 Acc: 88.24% Mean: 88.65% (+/- 6.45%)
Fold: 10 of 50 Acc: 88.24% Mean: 88.61% (+/- 6.12%)
Fold: 11 of 50 Acc: 88.57% Mean: 88.60% (+/- 5.83%)
Fold: 12 of 50 Acc: 85.71% Mean: 88.36% (+/- 5.64%)
Fold: 13 of 50 Acc: 91.18% Mean: 88.58% (+/- 5.47%)
Fold: 14 of 50 Acc: 94.12% Mean: 88.97% (+/- 5.46%)
Fold: 15 of 50 Acc: 88.24% Mean: 88.92% (+/- 5.28%)
Fold: 16 of 50 Acc: 91.18% Mean: 89.07% (+/- 5.14%)
Fold: 17 of 50 Acc: 88.24% Mean: 89.02% (+/- 4.99%)
Fold: 18 of 50 Acc: 91.18% Mean: 89.14% (+/- 4.88%)
Fold: 19 of 50 Acc: 91.18% Mean: 89.24% (+/- 4.77%)
Fold: 20 of 50 Acc: 85.29% Mean: 89.05% (+/- 4.73%)
Fold: 21 of 50 Acc: 91.43% Mean: 89.16% (+/- 4.64%)
Fold: 22 of 50 Acc: 88.57% Mean: 89.13% (+/- 4.53%)
Fold: 23 of 50 Acc: 91.18% Mean: 89.22% (+/- 4.45%)
Fold: 24 of 50 Acc: 91.18% Mean: 89.30% (+/- 4.38%)
Fold: 25 of 50 Acc: 88.24% Mean: 89.26% (+/- 4.29%)
Fold: 26 of 50 Acc: 91.18% Mean: 89.33% (+/- 4.23%)
Fold: 27 of 50 Acc: 70.59% Mean: 88.64% (+/- 5.45%)
Fold: 28 of 50 Acc: 88.24% Mean: 88.63% (+/- 5.36%)
Fold: 29 of 50 Acc: 94.12% Mean: 88.81% (+/- 5.36%)
Fold: 30 of 50 Acc: 82.35% Mean: 88.60% (+/- 5.39%)
Fold: 31 of 50 Acc: 85.71% Mean: 88.51% (+/- 5.33%)
Fold: 32 of 50 Acc: 91.43% Mean: 88.60% (+/- 5.27%)
Fold: 33 of 50 Acc: 82.35% Mean: 88.41% (+/- 5.30%)
Fold: 34 of 50 Acc: 70.59% Mean: 87.88% (+/- 6.03%)
Fold: 35 of 50 Acc: 91.18% Mean: 87.98% (+/- 5.97%)
Fold: 36 of 50 Acc: 88.24% Mean: 87.99% (+/- 5.88%)
Fold: 37 of 50 Acc: 88.24% Mean: 87.99% (+/- 5.80%)
Fold: 38 of 50 Acc: 94.12% Mean: 88.15% (+/- 5.81%)
Fold: 39 of 50 Acc: 88.24% Mean: 88.16% (+/- 5.73%)
Fold: 40 of 50 Acc: 91.18% Mean: 88.23% (+/- 5.68%)
Fold: 41 of 50 Acc: 97.14% Mean: 88.45% (+/- 5.78%)
Fold: 42 of 50 Acc: 82.86% Mean: 88.32% (+/- 5.77%)
Fold: 43 of 50 Acc: 91.18% Mean: 88.38% (+/- 5.72%)
Fold: 44 of 50 Acc: 88.24% Mean: 88.38% (+/- 5.66%)
Fold: 45 of 50 Acc: 85.29% Mean: 88.31% (+/- 5.61%)
Fold: 46 of 50 Acc: 94.12% Mean: 88.44% (+/- 5.61%)
Fold: 47 of 50 Acc: 94.12% Mean: 88.56% (+/- 5.61%)
Fold: 48 of 50 Acc: 70.59% Mean: 88.18% (+/- 6.12%)
Fold: 49 of 50 Acc: 82.35% Mean: 88.06% (+/- 6.11%)
Fold: 50 of 50 Acc: 85.29% Mean: 88.01% (+/- 6.06%)
Model Type: EfficientNetB1
Fold: 1 of 50 Acc: 77.14% Mean: 77.14% (+/- 0.00%)
Fold: 2 of 50 Acc: 85.71% Mean: 81.43% (+/- 4.29%)
Fold: 3 of 50 Acc: 85.29% Mean: 82.72% (+/- 3.95%)
Fold: 4 of 50 Acc: 88.24% Mean: 84.10% (+/- 4.17%)
Fold: 5 of 50 Acc: 91.18% Mean: 85.51% (+/- 4.68%)
Fold: 6 of 50 Acc: 91.18% Mean: 86.46% (+/- 4.77%)
Fold: 7 of 50 Acc: 85.29% Mean: 86.29% (+/- 4.43%)
Fold: 8 of 50 Acc: 79.41% Mean: 85.43% (+/- 4.73%)
Fold: 9 of 50 Acc: 91.18% Mean: 86.07% (+/- 4.81%)
Fold: 10 of 50 Acc: 94.12% Mean: 86.87% (+/- 5.16%)
Fold: 11 of 50 Acc: 80.00% Mean: 86.25% (+/- 5.30%)
Fold: 12 of 50 Acc: 82.86% Mean: 85.97% (+/- 5.16%)
Fold: 13 of 50 Acc: 88.24% Mean: 86.14% (+/- 5.00%)
Fold: 14 of 50 Acc: 91.18% Mean: 86.50% (+/- 4.99%)
Fold: 15 of 50 Acc: 85.29% Mean: 86.42% (+/- 4.83%)
Fold: 16 of 50 Acc: 88.24% Mean: 86.53% (+/- 4.70%)
Fold: 17 of 50 Acc: 88.24% Mean: 86.63% (+/- 4.57%)
Fold: 18 of 50 Acc: 94.12% Mean: 87.05% (+/- 4.76%)
Fold: 19 of 50 Acc: 88.24% Mean: 87.11% (+/- 4.64%)
Fold: 20 of 50 Acc: 85.29% Mean: 87.02% (+/- 4.54%)
Fold: 21 of 50 Acc: 88.57% Mean: 87.09% (+/- 4.45%)
Fold: 22 of 50 Acc: 85.71% Mean: 87.03% (+/- 4.35%)
Fold: 23 of 50 Acc: 85.29% Mean: 86.96% (+/- 4.27%)
Fold: 24 of 50 Acc: 91.18% Mean: 87.13% (+/- 4.27%)
Fold: 25 of 50 Acc: 88.24% Mean: 87.18% (+/- 4.19%)
Fold: 26 of 50 Acc: 100.00% Mean: 87.67% (+/- 4.79%)
Fold: 27 of 50 Acc: 76.47% Mean: 87.25% (+/- 5.15%)
Fold: 28 of 50 Acc: 88.24% Mean: 87.29% (+/- 5.06%)
Fold: 29 of 50 Acc: 91.18% Mean: 87.42% (+/- 5.03%)
Fold: 30 of 50 Acc: 88.24% Mean: 87.45% (+/- 4.94%)
Fold: 31 of 50 Acc: 85.71% Mean: 87.39% (+/- 4.87%)
Fold: 32 of 50 Acc: 91.43% Mean: 87.52% (+/- 4.85%)
Fold: 33 of 50 Acc: 94.12% Mean: 87.72% (+/- 4.91%)
Fold: 34 of 50 Acc: 79.41% Mean: 87.48% (+/- 5.03%)
Fold: 35 of 50 Acc: 88.24% Mean: 87.50% (+/- 4.96%)
Fold: 36 of 50 Acc: 88.24% Mean: 87.52% (+/- 4.89%)
Fold: 37 of 50 Acc: 82.35% Mean: 87.38% (+/- 4.90%)
Fold: 38 of 50 Acc: 91.18% Mean: 87.48% (+/- 4.87%)
Fold: 39 of 50 Acc: 88.24% Mean: 87.50% (+/- 4.81%)
Fold: 40 of 50 Acc: 100.00% Mean: 87.81% (+/- 5.14%)
Fold: 41 of 50 Acc: 88.57% Mean: 87.83% (+/- 5.07%)
Fold: 42 of 50 Acc: 94.29% Mean: 87.98% (+/- 5.11%)
Fold: 43 of 50 Acc: 82.35% Mean: 87.85% (+/- 5.12%)
Fold: 44 of 50 Acc: 91.18% Mean: 87.93% (+/- 5.09%)
Fold: 45 of 50 Acc: 88.24% Mean: 87.93% (+/- 5.03%)
Fold: 46 of 50 Acc: 94.12% Mean: 88.07% (+/- 5.06%)
Fold: 47 of 50 Acc: 94.12% Mean: 88.20% (+/- 5.08%)
Fold: 48 of 50 Acc: 76.47% Mean: 87.95% (+/- 5.30%)
Fold: 49 of 50 Acc: 88.24% Mean: 87.96% (+/- 5.24%)
Fold: 50 of 50 Acc: 91.18% Mean: 88.02% (+/- 5.21%)
Model Type: EfficientNetB2
Fold: 1 of 50 Acc: 85.71% Mean: 85.71% (+/- 0.00%)
Fold: 2 of 50 Acc: 91.43% Mean: 88.57% (+/- 2.86%)
Fold: 3 of 50 Acc: 82.35% Mean: 86.50% (+/- 3.75%)
Fold: 4 of 50 Acc: 73.53% Mean: 83.26% (+/- 6.49%)
Fold: 5 of 50 Acc: 79.41% Mean: 82.49% (+/- 6.00%)
Fold: 6 of 50 Acc: 88.24% Mean: 83.45% (+/- 5.88%)
Fold: 7 of 50 Acc: 91.18% Mean: 84.55% (+/- 6.08%)
Fold: 8 of 50 Acc: 85.29% Mean: 84.64% (+/- 5.69%)
Fold: 9 of 50 Acc: 91.18% Mean: 85.37% (+/- 5.75%)
Fold: 10 of 50 Acc: 91.18% Mean: 85.95% (+/- 5.72%)
Fold: 11 of 50 Acc: 85.71% Mean: 85.93% (+/- 5.46%)
Fold: 12 of 50 Acc: 85.71% Mean: 85.91% (+/- 5.23%)
Fold: 13 of 50 Acc: 94.12% Mean: 86.54% (+/- 5.48%)
Fold: 14 of 50 Acc: 97.06% Mean: 87.29% (+/- 5.93%)
Fold: 15 of 50 Acc: 88.24% Mean: 87.36% (+/- 5.74%)
Fold: 16 of 50 Acc: 79.41% Mean: 86.86% (+/- 5.88%)
Fold: 17 of 50 Acc: 88.24% Mean: 86.94% (+/- 5.71%)
Fold: 18 of 50 Acc: 94.12% Mean: 87.34% (+/- 5.79%)
Fold: 19 of 50 Acc: 85.29% Mean: 87.23% (+/- 5.65%)
Fold: 20 of 50 Acc: 70.59% Mean: 86.40% (+/- 6.60%)
Fold: 21 of 50 Acc: 82.86% Mean: 86.23% (+/- 6.48%)
Fold: 22 of 50 Acc: 82.86% Mean: 86.08% (+/- 6.37%)
Fold: 23 of 50 Acc: 85.29% Mean: 86.04% (+/- 6.23%)
Fold: 24 of 50 Acc: 91.18% Mean: 86.26% (+/- 6.19%)
Fold: 25 of 50 Acc: 85.29% Mean: 86.22% (+/- 6.07%)
Fold: 26 of 50 Acc: 88.24% Mean: 86.30% (+/- 5.96%)
Fold: 27 of 50 Acc: 76.47% Mean: 85.93% (+/- 6.14%)
Fold: 28 of 50 Acc: 91.18% Mean: 86.12% (+/- 6.10%)
Fold: 29 of 50 Acc: 82.35% Mean: 85.99% (+/- 6.04%)
Fold: 30 of 50 Acc: 79.41% Mean: 85.77% (+/- 6.05%)
Fold: 31 of 50 Acc: 85.71% Mean: 85.77% (+/- 5.95%)
Fold: 32 of 50 Acc: 91.43% Mean: 85.95% (+/- 5.94%)
Fold: 33 of 50 Acc: 94.12% Mean: 86.19% (+/- 6.02%)
Fold: 34 of 50 Acc: 70.59% Mean: 85.73% (+/- 6.49%)
Fold: 35 of 50 Acc: 85.29% Mean: 85.72% (+/- 6.39%)
Fold: 36 of 50 Acc: 88.24% Mean: 85.79% (+/- 6.32%)
Fold: 37 of 50 Acc: 79.41% Mean: 85.62% (+/- 6.32%)
Fold: 38 of 50 Acc: 94.12% Mean: 85.84% (+/- 6.38%)
Fold: 39 of 50 Acc: 76.47% Mean: 85.60% (+/- 6.47%)
Fold: 40 of 50 Acc: 88.24% Mean: 85.67% (+/- 6.40%)
Fold: 41 of 50 Acc: 88.57% Mean: 85.74% (+/- 6.34%)
Fold: 42 of 50 Acc: 91.43% Mean: 85.87% (+/- 6.32%)
Fold: 43 of 50 Acc: 88.24% Mean: 85.93% (+/- 6.26%)
Fold: 44 of 50 Acc: 82.35% Mean: 85.85% (+/- 6.21%)
Fold: 45 of 50 Acc: 85.29% Mean: 85.84% (+/- 6.14%)
Fold: 46 of 50 Acc: 82.35% Mean: 85.76% (+/- 6.10%)
Fold: 47 of 50 Acc: 88.24% Mean: 85.81% (+/- 6.04%)
Fold: 48 of 50 Acc: 73.53% Mean: 85.56% (+/- 6.23%)
Fold: 49 of 50 Acc: 73.53% Mean: 85.31% (+/- 6.40%)
Fold: 50 of 50 Acc: 91.18% Mean: 85.43% (+/- 6.39%)
Model Type: EfficientNetB3
Fold: 1 of 50 Acc: 82.86% Mean: 82.86% (+/- 0.00%)
Fold: 2 of 50 Acc: 94.29% Mean: 88.57% (+/- 5.71%)
Fold: 3 of 50 Acc: 88.24% Mean: 88.46% (+/- 4.67%)
Fold: 4 of 50 Acc: 88.24% Mean: 88.40% (+/- 4.04%)
Fold: 5 of 50 Acc: 85.29% Mean: 87.78% (+/- 3.82%)
Fold: 6 of 50 Acc: 97.06% Mean: 89.33% (+/- 4.91%)
Fold: 7 of 50 Acc: 85.29% Mean: 88.75% (+/- 4.76%)
Fold: 8 of 50 Acc: 85.29% Mean: 88.32% (+/- 4.60%)
Fold: 9 of 50 Acc: 94.12% Mean: 88.96% (+/- 4.70%)
Fold: 10 of 50 Acc: 82.35% Mean: 88.30% (+/- 4.88%)
Fold: 11 of 50 Acc: 85.71% Mean: 88.07% (+/- 4.72%)
Fold: 12 of 50 Acc: 82.86% Mean: 87.63% (+/- 4.74%)
Fold: 13 of 50 Acc: 91.18% Mean: 87.91% (+/- 4.65%)
Fold: 14 of 50 Acc: 97.06% Mean: 88.56% (+/- 5.06%)
Fold: 15 of 50 Acc: 94.12% Mean: 88.93% (+/- 5.08%)
Fold: 16 of 50 Acc: 85.29% Mean: 88.70% (+/- 5.00%)
Fold: 17 of 50 Acc: 85.29% Mean: 88.50% (+/- 4.92%)
Fold: 18 of 50 Acc: 94.12% Mean: 88.81% (+/- 4.95%)
Fold: 19 of 50 Acc: 94.12% Mean: 89.09% (+/- 4.96%)
Fold: 20 of 50 Acc: 85.29% Mean: 88.90% (+/- 4.90%)
Fold: 21 of 50 Acc: 88.57% Mean: 88.89% (+/- 4.79%)
Fold: 22 of 50 Acc: 85.71% Mean: 88.74% (+/- 4.72%)
Fold: 23 of 50 Acc: 94.12% Mean: 88.98% (+/- 4.75%)
Fold: 24 of 50 Acc: 85.29% Mean: 88.82% (+/- 4.71%)
Fold: 25 of 50 Acc: 91.18% Mean: 88.92% (+/- 4.63%)
Fold: 26 of 50 Acc: 94.12% Mean: 89.12% (+/- 4.65%)
Fold: 27 of 50 Acc: 79.41% Mean: 88.76% (+/- 4.92%)
Fold: 28 of 50 Acc: 91.18% Mean: 88.84% (+/- 4.85%)
Fold: 29 of 50 Acc: 88.24% Mean: 88.82% (+/- 4.77%)
Fold: 30 of 50 Acc: 79.41% Mean: 88.51% (+/- 4.98%)
Fold: 31 of 50 Acc: 88.57% Mean: 88.51% (+/- 4.90%)
Fold: 32 of 50 Acc: 88.57% Mean: 88.51% (+/- 4.83%)
Fold: 33 of 50 Acc: 91.18% Mean: 88.59% (+/- 4.77%)
Fold: 34 of 50 Acc: 82.35% Mean: 88.41% (+/- 4.82%)
Fold: 35 of 50 Acc: 91.18% Mean: 88.49% (+/- 4.77%)
Fold: 36 of 50 Acc: 85.29% Mean: 88.40% (+/- 4.74%)
Fold: 37 of 50 Acc: 88.24% Mean: 88.40% (+/- 4.67%)
Fold: 38 of 50 Acc: 91.18% Mean: 88.47% (+/- 4.63%)
Fold: 39 of 50 Acc: 88.24% Mean: 88.46% (+/- 4.57%)
Fold: 40 of 50 Acc: 97.06% Mean: 88.68% (+/- 4.71%)
Fold: 41 of 50 Acc: 91.43% Mean: 88.75% (+/- 4.67%)
Fold: 42 of 50 Acc: 91.43% Mean: 88.81% (+/- 4.63%)
Fold: 43 of 50 Acc: 79.41% Mean: 88.59% (+/- 4.79%)
Fold: 44 of 50 Acc: 85.29% Mean: 88.52% (+/- 4.76%)
Fold: 45 of 50 Acc: 97.06% Mean: 88.71% (+/- 4.88%)
Fold: 46 of 50 Acc: 91.18% Mean: 88.76% (+/- 4.84%)
Fold: 47 of 50 Acc: 88.24% Mean: 88.75% (+/- 4.78%)
Fold: 48 of 50 Acc: 76.47% Mean: 88.49% (+/- 5.05%)
Fold: 49 of 50 Acc: 85.29% Mean: 88.43% (+/- 5.02%)
Fold: 50 of 50 Acc: 88.24% Mean: 88.42% (+/- 4.97%)
Model Type: EfficientNetB4
Fold: 1 of 50 Acc: 82.86% Mean: 82.86% (+/- 0.00%)
Fold: 2 of 50 Acc: 94.29% Mean: 88.57% (+/- 5.71%)
Fold: 3 of 50 Acc: 82.35% Mean: 86.50% (+/- 5.51%)
Fold: 4 of 50 Acc: 94.12% Mean: 88.40% (+/- 5.80%)
Fold: 5 of 50 Acc: 82.35% Mean: 87.19% (+/- 5.73%)
Fold: 6 of 50 Acc: 88.24% Mean: 87.37% (+/- 5.24%)
Fold: 7 of 50 Acc: 82.35% Mean: 86.65% (+/- 5.16%)
Fold: 8 of 50 Acc: 85.29% Mean: 86.48% (+/- 4.85%)
Fold: 9 of 50 Acc: 94.12% Mean: 87.33% (+/- 5.16%)
Fold: 10 of 50 Acc: 76.47% Mean: 86.24% (+/- 5.88%)
Fold: 11 of 50 Acc: 85.71% Mean: 86.20% (+/- 5.61%)
Fold: 12 of 50 Acc: 77.14% Mean: 85.44% (+/- 5.93%)
Fold: 13 of 50 Acc: 91.18% Mean: 85.88% (+/- 5.89%)
Fold: 14 of 50 Acc: 100.00% Mean: 86.89% (+/- 6.74%)
Fold: 15 of 50 Acc: 85.29% Mean: 86.78% (+/- 6.53%)
Fold: 16 of 50 Acc: 82.35% Mean: 86.51% (+/- 6.41%)
Fold: 17 of 50 Acc: 88.24% Mean: 86.61% (+/- 6.23%)
Fold: 18 of 50 Acc: 91.18% Mean: 86.86% (+/- 6.15%)
Fold: 19 of 50 Acc: 88.24% Mean: 86.93% (+/- 5.99%)
Fold: 20 of 50 Acc: 91.18% Mean: 87.15% (+/- 5.91%)
Fold: 21 of 50 Acc: 82.86% Mean: 86.94% (+/- 5.84%)
Fold: 22 of 50 Acc: 85.71% Mean: 86.89% (+/- 5.71%)
Fold: 23 of 50 Acc: 82.35% Mean: 86.69% (+/- 5.66%)
Fold: 24 of 50 Acc: 88.24% Mean: 86.75% (+/- 5.55%)
Fold: 25 of 50 Acc: 82.35% Mean: 86.58% (+/- 5.51%)
Fold: 26 of 50 Acc: 88.24% Mean: 86.64% (+/- 5.41%)
Fold: 27 of 50 Acc: 76.47% Mean: 86.27% (+/- 5.65%)
Fold: 28 of 50 Acc: 85.29% Mean: 86.23% (+/- 5.55%)
Fold: 29 of 50 Acc: 91.18% Mean: 86.40% (+/- 5.52%)
Fold: 30 of 50 Acc: 79.41% Mean: 86.17% (+/- 5.58%)
Fold: 31 of 50 Acc: 91.43% Mean: 86.34% (+/- 5.56%)
Fold: 32 of 50 Acc: 97.14% Mean: 86.68% (+/- 5.79%)
Fold: 33 of 50 Acc: 88.24% Mean: 86.72% (+/- 5.71%)
Fold: 34 of 50 Acc: 85.29% Mean: 86.68% (+/- 5.63%)
Fold: 35 of 50 Acc: 82.35% Mean: 86.56% (+/- 5.59%)
Fold: 36 of 50 Acc: 82.35% Mean: 86.44% (+/- 5.56%)
Fold: 37 of 50 Acc: 85.29% Mean: 86.41% (+/- 5.49%)
Fold: 38 of 50 Acc: 85.29% Mean: 86.38% (+/- 5.42%)
Fold: 39 of 50 Acc: 82.35% Mean: 86.28% (+/- 5.38%)
Fold: 40 of 50 Acc: 88.24% Mean: 86.33% (+/- 5.32%)
Fold: 41 of 50 Acc: 94.29% Mean: 86.52% (+/- 5.40%)
Fold: 42 of 50 Acc: 85.71% Mean: 86.50% (+/- 5.34%)
Fold: 43 of 50 Acc: 85.29% Mean: 86.47% (+/- 5.28%)
Fold: 44 of 50 Acc: 88.24% Mean: 86.51% (+/- 5.22%)
Fold: 45 of 50 Acc: 94.12% Mean: 86.68% (+/- 5.29%)
Fold: 46 of 50 Acc: 82.35% Mean: 86.59% (+/- 5.27%)
Fold: 47 of 50 Acc: 88.24% Mean: 86.62% (+/- 5.22%)
Fold: 48 of 50 Acc: 82.35% Mean: 86.53% (+/- 5.20%)
Fold: 49 of 50 Acc: 79.41% Mean: 86.39% (+/- 5.24%)
Fold: 50 of 50 Acc: 88.24% Mean: 86.43% (+/- 5.20%)
Model Type: EfficientNetB5
Fold: 1 of 50 Acc: 85.71% Mean: 85.71% (+/- 0.00%)
Fold: 2 of 50 Acc: 97.14% Mean: 91.43% (+/- 5.71%)
Fold: 3 of 50 Acc: 88.24% Mean: 90.36% (+/- 4.90%)
Fold: 4 of 50 Acc: 94.12% Mean: 91.30% (+/- 4.55%)
Fold: 5 of 50 Acc: 85.29% Mean: 90.10% (+/- 4.72%)
Fold: 6 of 50 Acc: 85.29% Mean: 89.30% (+/- 4.67%)
Fold: 7 of 50 Acc: 85.29% Mean: 88.73% (+/- 4.54%)
Fold: 8 of 50 Acc: 85.29% Mean: 88.30% (+/- 4.40%)
Fold: 9 of 50 Acc: 85.29% Mean: 87.96% (+/- 4.25%)
Fold: 10 of 50 Acc: 91.18% Mean: 88.29% (+/- 4.15%)
Fold: 11 of 50 Acc: 94.29% Mean: 88.83% (+/- 4.32%)
Fold: 12 of 50 Acc: 85.71% Mean: 88.57% (+/- 4.22%)
Fold: 13 of 50 Acc: 97.06% Mean: 89.22% (+/- 4.64%)
Fold: 14 of 50 Acc: 94.12% Mean: 89.57% (+/- 4.65%)
Fold: 15 of 50 Acc: 85.29% Mean: 89.29% (+/- 4.62%)
Fold: 16 of 50 Acc: 88.24% Mean: 89.22% (+/- 4.48%)
Fold: 17 of 50 Acc: 88.24% Mean: 89.16% (+/- 4.35%)
Fold: 18 of 50 Acc: 91.18% Mean: 89.28% (+/- 4.25%)
Fold: 19 of 50 Acc: 82.35% Mean: 88.91% (+/- 4.42%)
Fold: 20 of 50 Acc: 88.24% Mean: 88.88% (+/- 4.31%)
Fold: 21 of 50 Acc: 82.86% Mean: 88.59% (+/- 4.40%)
Fold: 22 of 50 Acc: 88.57% Mean: 88.59% (+/- 4.29%)
Fold: 23 of 50 Acc: 94.12% Mean: 88.83% (+/- 4.35%)
Fold: 24 of 50 Acc: 91.18% Mean: 88.93% (+/- 4.28%)
Fold: 25 of 50 Acc: 88.24% Mean: 88.90% (+/- 4.20%)
Fold: 26 of 50 Acc: 97.06% Mean: 89.21% (+/- 4.41%)
Fold: 27 of 50 Acc: 82.35% Mean: 88.96% (+/- 4.51%)
Fold: 28 of 50 Acc: 88.24% Mean: 88.93% (+/- 4.43%)
Fold: 29 of 50 Acc: 88.24% Mean: 88.91% (+/- 4.36%)
Fold: 30 of 50 Acc: 91.18% Mean: 88.99% (+/- 4.31%)
Fold: 31 of 50 Acc: 85.71% Mean: 88.88% (+/- 4.27%)
Fold: 32 of 50 Acc: 91.43% Mean: 88.96% (+/- 4.23%)
Fold: 33 of 50 Acc: 91.18% Mean: 89.03% (+/- 4.18%)
Fold: 34 of 50 Acc: 85.29% Mean: 88.92% (+/- 4.17%)
Fold: 35 of 50 Acc: 88.24% Mean: 88.90% (+/- 4.11%)
Fold: 36 of 50 Acc: 88.24% Mean: 88.88% (+/- 4.05%)
Fold: 37 of 50 Acc: 94.12% Mean: 89.02% (+/- 4.09%)
Fold: 38 of 50 Acc: 91.18% Mean: 89.08% (+/- 4.05%)
Fold: 39 of 50 Acc: 88.24% Mean: 89.06% (+/- 4.00%)
Fold: 40 of 50 Acc: 100.00% Mean: 89.33% (+/- 4.30%)
Fold: 41 of 50 Acc: 88.57% Mean: 89.31% (+/- 4.25%)
Fold: 42 of 50 Acc: 91.43% Mean: 89.36% (+/- 4.21%)
Fold: 43 of 50 Acc: 85.29% Mean: 89.27% (+/- 4.21%)
Fold: 44 of 50 Acc: 88.24% Mean: 89.24% (+/- 4.16%)
Fold: 45 of 50 Acc: 100.00% Mean: 89.48% (+/- 4.41%)
Fold: 46 of 50 Acc: 88.24% Mean: 89.46% (+/- 4.37%)
Fold: 47 of 50 Acc: 97.06% Mean: 89.62% (+/- 4.46%)
Fold: 48 of 50 Acc: 79.41% Mean: 89.40% (+/- 4.65%)
Fold: 49 of 50 Acc: 91.18% Mean: 89.44% (+/- 4.60%)
Fold: 50 of 50 Acc: 88.24% Mean: 89.42% (+/- 4.56%)
Model Type: EfficientNetB6
Fold: 1 of 50 Acc: 82.86% Mean: 82.86% (+/- 0.00%)
Fold: 2 of 50 Acc: 91.43% Mean: 87.14% (+/- 4.29%)
Fold: 3 of 50 Acc: 82.35% Mean: 85.55% (+/- 4.16%)
Fold: 4 of 50 Acc: 91.18% Mean: 86.95% (+/- 4.35%)
Fold: 5 of 50 Acc: 88.24% Mean: 87.21% (+/- 3.93%)
Fold: 6 of 50 Acc: 88.24% Mean: 87.38% (+/- 3.61%)
Fold: 7 of 50 Acc: 79.41% Mean: 86.24% (+/- 4.35%)
Fold: 8 of 50 Acc: 85.29% Mean: 86.12% (+/- 4.08%)
Fold: 9 of 50 Acc: 88.24% Mean: 86.36% (+/- 3.90%)
Fold: 10 of 50 Acc: 94.12% Mean: 87.13% (+/- 4.37%)
Fold: 11 of 50 Acc: 82.86% Mean: 86.75% (+/- 4.35%)
Fold: 12 of 50 Acc: 85.71% Mean: 86.66% (+/- 4.17%)
Fold: 13 of 50 Acc: 85.29% Mean: 86.55% (+/- 4.03%)
Fold: 14 of 50 Acc: 94.12% Mean: 87.09% (+/- 4.34%)
Fold: 15 of 50 Acc: 82.35% Mean: 86.78% (+/- 4.36%)
Fold: 16 of 50 Acc: 91.18% Mean: 87.05% (+/- 4.35%)
Fold: 17 of 50 Acc: 88.24% Mean: 87.12% (+/- 4.23%)
Fold: 18 of 50 Acc: 85.29% Mean: 87.02% (+/- 4.13%)
Fold: 19 of 50 Acc: 79.41% Mean: 86.62% (+/- 4.37%)
Fold: 20 of 50 Acc: 82.35% Mean: 86.41% (+/- 4.36%)
Fold: 21 of 50 Acc: 82.86% Mean: 86.24% (+/- 4.32%)
Fold: 22 of 50 Acc: 85.71% Mean: 86.21% (+/- 4.22%)
Fold: 23 of 50 Acc: 82.35% Mean: 86.05% (+/- 4.20%)
Fold: 24 of 50 Acc: 85.29% Mean: 86.02% (+/- 4.12%)
Fold: 25 of 50 Acc: 82.35% Mean: 85.87% (+/- 4.10%)
Fold: 26 of 50 Acc: 97.06% Mean: 86.30% (+/- 4.56%)
Fold: 27 of 50 Acc: 82.35% Mean: 86.15% (+/- 4.53%)
Fold: 28 of 50 Acc: 85.29% Mean: 86.12% (+/- 4.45%)
Fold: 29 of 50 Acc: 82.35% Mean: 85.99% (+/- 4.43%)
Fold: 30 of 50 Acc: 85.29% Mean: 85.97% (+/- 4.36%)
Fold: 31 of 50 Acc: 85.71% Mean: 85.96% (+/- 4.29%)
Fold: 32 of 50 Acc: 91.43% Mean: 86.13% (+/- 4.33%)
Fold: 33 of 50 Acc: 97.06% Mean: 86.46% (+/- 4.65%)
Fold: 34 of 50 Acc: 85.29% Mean: 86.43% (+/- 4.59%)
Fold: 35 of 50 Acc: 85.29% Mean: 86.40% (+/- 4.53%)
Fold: 36 of 50 Acc: 79.41% Mean: 86.20% (+/- 4.61%)
Fold: 37 of 50 Acc: 82.35% Mean: 86.10% (+/- 4.59%)
Fold: 38 of 50 Acc: 97.06% Mean: 86.39% (+/- 4.86%)
Fold: 39 of 50 Acc: 88.24% Mean: 86.43% (+/- 4.80%)
Fold: 40 of 50 Acc: 94.12% Mean: 86.63% (+/- 4.89%)
Fold: 41 of 50 Acc: 88.57% Mean: 86.67% (+/- 4.84%)
Fold: 42 of 50 Acc: 88.57% Mean: 86.72% (+/- 4.79%)
Fold: 43 of 50 Acc: 79.41% Mean: 86.55% (+/- 4.86%)
Fold: 44 of 50 Acc: 94.12% Mean: 86.72% (+/- 4.94%)
Fold: 45 of 50 Acc: 85.29% Mean: 86.69% (+/- 4.89%)
Fold: 46 of 50 Acc: 91.18% Mean: 86.79% (+/- 4.88%)
Fold: 47 of 50 Acc: 88.24% Mean: 86.82% (+/- 4.83%)
Fold: 48 of 50 Acc: 82.35% Mean: 86.72% (+/- 4.82%)
Fold: 49 of 50 Acc: 88.24% Mean: 86.76% (+/- 4.78%)
Fold: 50 of 50 Acc: 88.24% Mean: 86.78% (+/- 4.73%)
Model Type: EfficientNetB7
