Machine: PRECISION
Date: 29/01/2023 Time: 16:26:26
Config. Number: 12
Alternative Dense Layer: False
Pooling Application Layer: avg
Data Augmentation: False
Data Augmentation Multiplier: 1
Fine Tuning: True
Multi Optimizer: True
Optimizer: RMSprop
Batch Size: 16
Restore Best Weights: False

Model Type: Xception
Fold: 1 of 50 Acc: 91.43% Mean: 91.43% (+/- 0.00%)
Fold: 2 of 50 Acc: 88.57% Mean: 90.00% (+/- 1.43%)
Fold: 3 of 50 Acc: 97.06% Mean: 92.35% (+/- 3.53%)
Fold: 4 of 50 Acc: 82.35% Mean: 89.85% (+/- 5.30%)
Fold: 5 of 50 Acc: 91.18% Mean: 90.12% (+/- 4.77%)
Fold: 6 of 50 Acc: 85.29% Mean: 89.31% (+/- 4.71%)
Fold: 7 of 50 Acc: 91.18% Mean: 89.58% (+/- 4.41%)
Fold: 8 of 50 Acc: 85.29% Mean: 89.04% (+/- 4.36%)
Fold: 9 of 50 Acc: 82.35% Mean: 88.30% (+/- 4.62%)
Fold: 10 of 50 Acc: 88.24% Mean: 88.29% (+/- 4.38%)
Fold: 11 of 50 Acc: 94.29% Mean: 88.84% (+/- 4.52%)
Fold: 12 of 50 Acc: 91.43% Mean: 89.05% (+/- 4.38%)
Fold: 13 of 50 Acc: 97.06% Mean: 89.67% (+/- 4.72%)
Fold: 14 of 50 Acc: 91.18% Mean: 89.78% (+/- 4.57%)
Fold: 15 of 50 Acc: 85.29% Mean: 89.48% (+/- 4.55%)
Fold: 16 of 50 Acc: 91.18% Mean: 89.59% (+/- 4.43%)
Fold: 17 of 50 Acc: 88.24% Mean: 89.51% (+/- 4.31%)
Fold: 18 of 50 Acc: 91.18% Mean: 89.60% (+/- 4.20%)
Fold: 19 of 50 Acc: 88.24% Mean: 89.53% (+/- 4.10%)
Fold: 20 of 50 Acc: 88.24% Mean: 89.46% (+/- 4.01%)
Fold: 21 of 50 Acc: 91.43% Mean: 89.56% (+/- 3.93%)
Fold: 22 of 50 Acc: 88.57% Mean: 89.51% (+/- 3.85%)
Fold: 23 of 50 Acc: 85.29% Mean: 89.33% (+/- 3.86%)
Fold: 24 of 50 Acc: 94.12% Mean: 89.53% (+/- 3.90%)
Fold: 25 of 50 Acc: 91.18% Mean: 89.59% (+/- 3.83%)
Fold: 26 of 50 Acc: 85.29% Mean: 89.43% (+/- 3.85%)
Fold: 27 of 50 Acc: 88.24% Mean: 89.38% (+/- 3.78%)
Fold: 28 of 50 Acc: 88.24% Mean: 89.34% (+/- 3.72%)
Fold: 29 of 50 Acc: 91.18% Mean: 89.41% (+/- 3.67%)
Fold: 30 of 50 Acc: 91.18% Mean: 89.46% (+/- 3.62%)
Fold: 31 of 50 Acc: 91.43% Mean: 89.53% (+/- 3.58%)
Fold: 32 of 50 Acc: 94.29% Mean: 89.68% (+/- 3.62%)
Fold: 33 of 50 Acc: 88.24% Mean: 89.63% (+/- 3.57%)
Fold: 34 of 50 Acc: 85.29% Mean: 89.51% (+/- 3.60%)
Fold: 35 of 50 Acc: 85.29% Mean: 89.39% (+/- 3.61%)
Fold: 36 of 50 Acc: 88.24% Mean: 89.35% (+/- 3.57%)
Fold: 37 of 50 Acc: 82.35% Mean: 89.16% (+/- 3.70%)
Fold: 38 of 50 Acc: 85.29% Mean: 89.06% (+/- 3.70%)
Fold: 39 of 50 Acc: 82.35% Mean: 88.89% (+/- 3.80%)
Fold: 40 of 50 Acc: 94.12% Mean: 89.02% (+/- 3.84%)
Fold: 41 of 50 Acc: 97.14% Mean: 89.22% (+/- 4.00%)
Fold: 42 of 50 Acc: 100.00% Mean: 89.48% (+/- 4.28%)
Fold: 43 of 50 Acc: 94.12% Mean: 89.58% (+/- 4.29%)
Fold: 44 of 50 Acc: 88.24% Mean: 89.55% (+/- 4.24%)
Fold: 45 of 50 Acc: 88.24% Mean: 89.52% (+/- 4.20%)
Fold: 46 of 50 Acc: 91.18% Mean: 89.56% (+/- 4.16%)
Fold: 47 of 50 Acc: 91.18% Mean: 89.59% (+/- 4.12%)
Fold: 48 of 50 Acc: 82.35% Mean: 89.44% (+/- 4.21%)
Fold: 49 of 50 Acc: 91.18% Mean: 89.48% (+/- 4.17%)
Fold: 50 of 50 Acc: 82.35% Mean: 89.34% (+/- 4.25%)
Model Type: VGG16
Fold: 1 of 50 Acc: 85.71% Mean: 85.71% (+/- 0.00%)
Fold: 2 of 50 Acc: 91.43% Mean: 88.57% (+/- 2.86%)
Fold: 3 of 50 Acc: 82.35% Mean: 86.50% (+/- 3.75%)
Fold: 4 of 50 Acc: 85.29% Mean: 86.20% (+/- 3.29%)
Fold: 5 of 50 Acc: 97.06% Mean: 88.37% (+/- 5.25%)
Fold: 6 of 50 Acc: 91.18% Mean: 88.84% (+/- 4.90%)
Fold: 7 of 50 Acc: 88.24% Mean: 88.75% (+/- 4.54%)
Fold: 8 of 50 Acc: 94.12% Mean: 89.42% (+/- 4.60%)
Fold: 9 of 50 Acc: 85.29% Mean: 88.96% (+/- 4.53%)
Fold: 10 of 50 Acc: 85.29% Mean: 88.60% (+/- 4.44%)
Fold: 11 of 50 Acc: 85.71% Mean: 88.33% (+/- 4.31%)
Fold: 12 of 50 Acc: 88.57% Mean: 88.35% (+/- 4.13%)
Fold: 13 of 50 Acc: 85.29% Mean: 88.12% (+/- 4.05%)
Fold: 14 of 50 Acc: 94.12% Mean: 88.55% (+/- 4.20%)
Fold: 15 of 50 Acc: 88.24% Mean: 88.53% (+/- 4.06%)
Fold: 16 of 50 Acc: 79.41% Mean: 87.96% (+/- 4.50%)
Fold: 17 of 50 Acc: 82.35% Mean: 87.63% (+/- 4.56%)
Fold: 18 of 50 Acc: 85.29% Mean: 87.50% (+/- 4.47%)
Fold: 19 of 50 Acc: 88.24% Mean: 87.54% (+/- 4.35%)
Fold: 20 of 50 Acc: 82.35% Mean: 87.28% (+/- 4.39%)
Fold: 21 of 50 Acc: 94.29% Mean: 87.61% (+/- 4.54%)
Fold: 22 of 50 Acc: 85.71% Mean: 87.52% (+/- 4.45%)
Fold: 23 of 50 Acc: 85.29% Mean: 87.43% (+/- 4.38%)
Fold: 24 of 50 Acc: 94.12% Mean: 87.71% (+/- 4.49%)
Fold: 25 of 50 Acc: 88.24% Mean: 87.73% (+/- 4.40%)
Fold: 26 of 50 Acc: 94.12% Mean: 87.97% (+/- 4.48%)
Fold: 27 of 50 Acc: 85.29% Mean: 87.87% (+/- 4.43%)
Fold: 28 of 50 Acc: 88.24% Mean: 87.89% (+/- 4.35%)
Fold: 29 of 50 Acc: 82.35% Mean: 87.70% (+/- 4.39%)
Fold: 30 of 50 Acc: 85.29% Mean: 87.62% (+/- 4.34%)
Fold: 31 of 50 Acc: 82.86% Mean: 87.46% (+/- 4.35%)
Fold: 32 of 50 Acc: 94.29% Mean: 87.68% (+/- 4.44%)
Fold: 33 of 50 Acc: 82.35% Mean: 87.51% (+/- 4.47%)
Fold: 34 of 50 Acc: 82.35% Mean: 87.36% (+/- 4.49%)
Fold: 35 of 50 Acc: 85.29% Mean: 87.30% (+/- 4.44%)
Fold: 36 of 50 Acc: 94.12% Mean: 87.49% (+/- 4.52%)
Fold: 37 of 50 Acc: 85.29% Mean: 87.43% (+/- 4.47%)
Fold: 38 of 50 Acc: 91.18% Mean: 87.53% (+/- 4.45%)
Fold: 39 of 50 Acc: 79.41% Mean: 87.32% (+/- 4.58%)
Fold: 40 of 50 Acc: 94.12% Mean: 87.49% (+/- 4.64%)
Fold: 41 of 50 Acc: 88.57% Mean: 87.52% (+/- 4.59%)
Fold: 42 of 50 Acc: 91.43% Mean: 87.61% (+/- 4.57%)
Fold: 43 of 50 Acc: 94.12% Mean: 87.76% (+/- 4.62%)
Fold: 44 of 50 Acc: 91.18% Mean: 87.84% (+/- 4.60%)
Fold: 45 of 50 Acc: 94.12% Mean: 87.98% (+/- 4.64%)
Fold: 46 of 50 Acc: 82.35% Mean: 87.86% (+/- 4.66%)
Fold: 47 of 50 Acc: 88.24% Mean: 87.87% (+/- 4.61%)
Fold: 48 of 50 Acc: 76.47% Mean: 87.63% (+/- 4.85%)
Fold: 49 of 50 Acc: 85.29% Mean: 87.58% (+/- 4.81%)
Fold: 50 of 50 Acc: 88.24% Mean: 87.59% (+/- 4.76%)
Model Type: VGG19
Fold: 1 of 50 Acc: 88.57% Mean: 88.57% (+/- 0.00%)
Fold: 2 of 50 Acc: 91.43% Mean: 90.00% (+/- 1.43%)
Fold: 3 of 50 Acc: 91.18% Mean: 90.39% (+/- 1.29%)
Fold: 4 of 50 Acc: 88.24% Mean: 89.85% (+/- 1.46%)
Fold: 5 of 50 Acc: 94.12% Mean: 90.71% (+/- 2.15%)
Fold: 6 of 50 Acc: 91.18% Mean: 90.78% (+/- 1.97%)
Fold: 7 of 50 Acc: 79.41% Mean: 89.16% (+/- 4.38%)
Fold: 8 of 50 Acc: 88.24% Mean: 89.04% (+/- 4.11%)
Fold: 9 of 50 Acc: 91.18% Mean: 89.28% (+/- 3.93%)
Fold: 10 of 50 Acc: 85.29% Mean: 88.88% (+/- 3.91%)
Fold: 11 of 50 Acc: 82.86% Mean: 88.33% (+/- 4.11%)
Fold: 12 of 50 Acc: 54.29% Mean: 85.50% (+/- 10.20%)
Fold: 13 of 50 Acc: 97.06% Mean: 86.39% (+/- 10.27%)
Fold: 14 of 50 Acc: 97.06% Mean: 87.15% (+/- 10.27%)
Fold: 15 of 50 Acc: 88.24% Mean: 87.22% (+/- 9.93%)
Fold: 16 of 50 Acc: 82.35% Mean: 86.92% (+/- 9.69%)
Fold: 17 of 50 Acc: 85.29% Mean: 86.82% (+/- 9.41%)
Fold: 18 of 50 Acc: 91.18% Mean: 87.06% (+/- 9.19%)
Fold: 19 of 50 Acc: 88.24% Mean: 87.13% (+/- 8.95%)
Fold: 20 of 50 Acc: 82.35% Mean: 86.89% (+/- 8.79%)
Fold: 21 of 50 Acc: 88.57% Mean: 86.97% (+/- 8.58%)
Fold: 22 of 50 Acc: 82.86% Mean: 86.78% (+/- 8.43%)
Fold: 23 of 50 Acc: 85.29% Mean: 86.72% (+/- 8.25%)
Fold: 24 of 50 Acc: 91.18% Mean: 86.90% (+/- 8.13%)
Fold: 25 of 50 Acc: 91.18% Mean: 87.07% (+/- 8.01%)
Fold: 26 of 50 Acc: 94.12% Mean: 87.34% (+/- 7.97%)
Fold: 27 of 50 Acc: 91.18% Mean: 87.49% (+/- 7.85%)
Fold: 28 of 50 Acc: 91.18% Mean: 87.62% (+/- 7.74%)
Fold: 29 of 50 Acc: 88.24% Mean: 87.64% (+/- 7.61%)
Fold: 30 of 50 Acc: 76.47% Mean: 87.27% (+/- 7.74%)
Fold: 31 of 50 Acc: 74.29% Mean: 86.85% (+/- 7.95%)
Fold: 32 of 50 Acc: 91.43% Mean: 86.99% (+/- 7.87%)
Fold: 33 of 50 Acc: 94.12% Mean: 87.21% (+/- 7.84%)
Fold: 34 of 50 Acc: 79.41% Mean: 86.98% (+/- 7.84%)
Fold: 35 of 50 Acc: 100.00% Mean: 87.35% (+/- 8.03%)
Fold: 36 of 50 Acc: 91.18% Mean: 87.46% (+/- 7.94%)
Fold: 37 of 50 Acc: 82.35% Mean: 87.32% (+/- 7.87%)
Fold: 38 of 50 Acc: 100.00% Mean: 87.65% (+/- 8.03%)
Fold: 39 of 50 Acc: 97.06% Mean: 87.89% (+/- 8.07%)
Fold: 40 of 50 Acc: 88.24% Mean: 87.90% (+/- 7.96%)
Fold: 41 of 50 Acc: 85.71% Mean: 87.85% (+/- 7.87%)
Fold: 42 of 50 Acc: 77.14% Mean: 87.59% (+/- 7.95%)
Fold: 43 of 50 Acc: 91.18% Mean: 87.68% (+/- 7.87%)
Fold: 44 of 50 Acc: 85.29% Mean: 87.62% (+/- 7.79%)
Fold: 45 of 50 Acc: 79.41% Mean: 87.44% (+/- 7.80%)
Fold: 46 of 50 Acc: 97.06% Mean: 87.65% (+/- 7.84%)
Fold: 47 of 50 Acc: 85.29% Mean: 87.60% (+/- 7.76%)
Fold: 48 of 50 Acc: 79.41% Mean: 87.43% (+/- 7.77%)
Fold: 49 of 50 Acc: 82.35% Mean: 87.32% (+/- 7.73%)
Fold: 50 of 50 Acc: 94.12% Mean: 87.46% (+/- 7.71%)
Model Type: ResNet50
Fold: 1 of 50 Acc: 82.86% Mean: 82.86% (+/- 0.00%)
Fold: 2 of 50 Acc: 91.43% Mean: 87.14% (+/- 4.29%)
Fold: 3 of 50 Acc: 91.18% Mean: 88.49% (+/- 3.98%)
Fold: 4 of 50 Acc: 85.29% Mean: 87.69% (+/- 3.72%)
Fold: 5 of 50 Acc: 94.12% Mean: 88.97% (+/- 4.20%)
Fold: 6 of 50 Acc: 88.24% Mean: 88.85% (+/- 3.85%)
Fold: 7 of 50 Acc: 85.29% Mean: 88.34% (+/- 3.77%)
Fold: 8 of 50 Acc: 82.35% Mean: 87.59% (+/- 4.05%)
Fold: 9 of 50 Acc: 88.24% Mean: 87.67% (+/- 3.82%)
Fold: 10 of 50 Acc: 88.24% Mean: 87.72% (+/- 3.63%)
Fold: 11 of 50 Acc: 91.43% Mean: 88.06% (+/- 3.62%)
Fold: 12 of 50 Acc: 94.29% Mean: 88.58% (+/- 3.87%)
Fold: 13 of 50 Acc: 82.35% Mean: 88.10% (+/- 4.07%)
Fold: 14 of 50 Acc: 88.24% Mean: 88.11% (+/- 3.92%)
Fold: 15 of 50 Acc: 91.18% Mean: 88.31% (+/- 3.87%)
Fold: 16 of 50 Acc: 88.24% Mean: 88.31% (+/- 3.74%)
Fold: 17 of 50 Acc: 94.12% Mean: 88.65% (+/- 3.88%)
Fold: 18 of 50 Acc: 91.18% Mean: 88.79% (+/- 3.82%)
Fold: 19 of 50 Acc: 91.18% Mean: 88.92% (+/- 3.75%)
Fold: 20 of 50 Acc: 85.29% Mean: 88.74% (+/- 3.74%)
Fold: 21 of 50 Acc: 85.71% Mean: 88.59% (+/- 3.71%)
Fold: 22 of 50 Acc: 85.71% Mean: 88.46% (+/- 3.67%)
Fold: 23 of 50 Acc: 85.29% Mean: 88.32% (+/- 3.65%)
Fold: 24 of 50 Acc: 88.24% Mean: 88.32% (+/- 3.57%)
Fold: 25 of 50 Acc: 85.29% Mean: 88.20% (+/- 3.55%)
Fold: 26 of 50 Acc: 97.06% Mean: 88.54% (+/- 3.87%)
Fold: 27 of 50 Acc: 85.29% Mean: 88.42% (+/- 3.85%)
Fold: 28 of 50 Acc: 97.06% Mean: 88.73% (+/- 4.11%)
Fold: 29 of 50 Acc: 88.24% Mean: 88.71% (+/- 4.04%)
Fold: 30 of 50 Acc: 76.47% Mean: 88.30% (+/- 4.54%)
Fold: 31 of 50 Acc: 77.14% Mean: 87.94% (+/- 4.88%)
Fold: 32 of 50 Acc: 97.14% Mean: 88.23% (+/- 5.06%)
Fold: 33 of 50 Acc: 88.24% Mean: 88.23% (+/- 4.98%)
Fold: 34 of 50 Acc: 88.24% Mean: 88.23% (+/- 4.91%)
Fold: 35 of 50 Acc: 82.35% Mean: 88.06% (+/- 4.94%)
Fold: 36 of 50 Acc: 85.29% Mean: 87.99% (+/- 4.89%)
Fold: 37 of 50 Acc: 76.47% Mean: 87.67% (+/- 5.17%)
Fold: 38 of 50 Acc: 94.12% Mean: 87.84% (+/- 5.21%)
Fold: 39 of 50 Acc: 85.29% Mean: 87.78% (+/- 5.16%)
Fold: 40 of 50 Acc: 91.18% Mean: 87.86% (+/- 5.12%)
Fold: 41 of 50 Acc: 91.43% Mean: 87.95% (+/- 5.09%)
Fold: 42 of 50 Acc: 88.57% Mean: 87.97% (+/- 5.03%)
Fold: 43 of 50 Acc: 82.35% Mean: 87.83% (+/- 5.04%)
Fold: 44 of 50 Acc: 85.29% Mean: 87.78% (+/- 5.00%)
Fold: 45 of 50 Acc: 88.24% Mean: 87.79% (+/- 4.94%)
Fold: 46 of 50 Acc: 91.18% Mean: 87.86% (+/- 4.91%)
Fold: 47 of 50 Acc: 94.12% Mean: 87.99% (+/- 4.94%)
Fold: 48 of 50 Acc: 85.29% Mean: 87.94% (+/- 4.90%)
Fold: 49 of 50 Acc: 91.18% Mean: 88.00% (+/- 4.88%)
Fold: 50 of 50 Acc: 88.24% Mean: 88.01% (+/- 4.83%)
Model Type: ResNet101
Fold: 1 of 50 Acc: 82.86% Mean: 82.86% (+/- 0.00%)
Fold: 2 of 50 Acc: 94.29% Mean: 88.57% (+/- 5.71%)
Fold: 3 of 50 Acc: 85.29% Mean: 87.48% (+/- 4.91%)
Fold: 4 of 50 Acc: 85.29% Mean: 86.93% (+/- 4.36%)
Fold: 5 of 50 Acc: 88.24% Mean: 87.19% (+/- 3.93%)
Fold: 6 of 50 Acc: 82.35% Mean: 86.39% (+/- 4.02%)
Fold: 7 of 50 Acc: 82.35% Mean: 85.81% (+/- 3.98%)
Fold: 8 of 50 Acc: 88.24% Mean: 86.11% (+/- 3.81%)
Fold: 9 of 50 Acc: 85.29% Mean: 86.02% (+/- 3.60%)
Fold: 10 of 50 Acc: 85.29% Mean: 85.95% (+/- 3.42%)
Fold: 11 of 50 Acc: 88.57% Mean: 86.19% (+/- 3.35%)
Fold: 12 of 50 Acc: 82.86% Mean: 85.91% (+/- 3.34%)
Fold: 13 of 50 Acc: 94.12% Mean: 86.54% (+/- 3.88%)
Fold: 14 of 50 Acc: 91.18% Mean: 86.87% (+/- 3.92%)
Fold: 15 of 50 Acc: 88.24% Mean: 86.96% (+/- 3.81%)
Fold: 16 of 50 Acc: 88.24% Mean: 87.04% (+/- 3.70%)
Fold: 17 of 50 Acc: 91.18% Mean: 87.29% (+/- 3.72%)
Fold: 18 of 50 Acc: 94.12% Mean: 87.67% (+/- 3.94%)
Fold: 19 of 50 Acc: 91.18% Mean: 87.85% (+/- 3.91%)
Fold: 20 of 50 Acc: 79.41% Mean: 87.43% (+/- 4.23%)
Fold: 21 of 50 Acc: 88.57% Mean: 87.48% (+/- 4.14%)
Fold: 22 of 50 Acc: 82.86% Mean: 87.27% (+/- 4.16%)
Fold: 23 of 50 Acc: 91.18% Mean: 87.44% (+/- 4.14%)
Fold: 24 of 50 Acc: 88.24% Mean: 87.48% (+/- 4.06%)
Fold: 25 of 50 Acc: 88.24% Mean: 87.51% (+/- 3.98%)
Fold: 26 of 50 Acc: 94.12% Mean: 87.76% (+/- 4.10%)
Fold: 27 of 50 Acc: 88.24% Mean: 87.78% (+/- 4.03%)
Fold: 28 of 50 Acc: 88.24% Mean: 87.79% (+/- 3.96%)
Fold: 29 of 50 Acc: 85.29% Mean: 87.71% (+/- 3.91%)
Fold: 30 of 50 Acc: 79.41% Mean: 87.43% (+/- 4.13%)
Fold: 31 of 50 Acc: 88.57% Mean: 87.47% (+/- 4.06%)
Fold: 32 of 50 Acc: 88.57% Mean: 87.50% (+/- 4.00%)
Fold: 33 of 50 Acc: 85.29% Mean: 87.44% (+/- 3.96%)
Fold: 34 of 50 Acc: 76.47% Mean: 87.11% (+/- 4.32%)
Fold: 35 of 50 Acc: 88.24% Mean: 87.15% (+/- 4.26%)
Fold: 36 of 50 Acc: 91.18% Mean: 87.26% (+/- 4.25%)
Fold: 37 of 50 Acc: 82.35% Mean: 87.12% (+/- 4.27%)
Fold: 38 of 50 Acc: 91.18% Mean: 87.23% (+/- 4.26%)
Fold: 39 of 50 Acc: 82.35% Mean: 87.11% (+/- 4.28%)
Fold: 40 of 50 Acc: 97.06% Mean: 87.36% (+/- 4.50%)
Fold: 41 of 50 Acc: 85.71% Mean: 87.32% (+/- 4.45%)
Fold: 42 of 50 Acc: 97.14% Mean: 87.55% (+/- 4.65%)
Fold: 43 of 50 Acc: 82.35% Mean: 87.43% (+/- 4.66%)
Fold: 44 of 50 Acc: 88.24% Mean: 87.45% (+/- 4.61%)
Fold: 45 of 50 Acc: 91.18% Mean: 87.53% (+/- 4.59%)
Fold: 46 of 50 Acc: 94.12% Mean: 87.67% (+/- 4.64%)
Fold: 47 of 50 Acc: 94.12% Mean: 87.81% (+/- 4.68%)
Fold: 48 of 50 Acc: 79.41% Mean: 87.63% (+/- 4.79%)
Fold: 49 of 50 Acc: 82.35% Mean: 87.53% (+/- 4.80%)
Fold: 50 of 50 Acc: 76.47% Mean: 87.31% (+/- 5.00%)
Model Type: ResNet152
Fold: 1 of 50 Acc: 80.00% Mean: 80.00% (+/- 0.00%)
Fold: 2 of 50 Acc: 97.14% Mean: 88.57% (+/- 8.57%)
Fold: 3 of 50 Acc: 94.12% Mean: 90.42% (+/- 7.47%)
Fold: 4 of 50 Acc: 94.12% Mean: 91.34% (+/- 6.67%)
Fold: 5 of 50 Acc: 91.18% Mean: 91.31% (+/- 5.96%)
Fold: 6 of 50 Acc: 85.29% Mean: 90.31% (+/- 5.89%)
Fold: 7 of 50 Acc: 94.12% Mean: 90.85% (+/- 5.61%)
Fold: 8 of 50 Acc: 88.24% Mean: 90.53% (+/- 5.32%)
Fold: 9 of 50 Acc: 91.18% Mean: 90.60% (+/- 5.02%)
Fold: 10 of 50 Acc: 82.35% Mean: 89.77% (+/- 5.37%)
Fold: 11 of 50 Acc: 88.57% Mean: 89.66% (+/- 5.13%)
Fold: 12 of 50 Acc: 77.14% Mean: 88.62% (+/- 6.01%)
Fold: 13 of 50 Acc: 91.18% Mean: 88.82% (+/- 5.81%)
Fold: 14 of 50 Acc: 97.06% Mean: 89.41% (+/- 5.99%)
Fold: 15 of 50 Acc: 91.18% Mean: 89.52% (+/- 5.80%)
Fold: 16 of 50 Acc: 88.24% Mean: 89.44% (+/- 5.63%)
Fold: 17 of 50 Acc: 91.18% Mean: 89.55% (+/- 5.47%)
Fold: 18 of 50 Acc: 94.12% Mean: 89.80% (+/- 5.42%)
Fold: 19 of 50 Acc: 88.24% Mean: 89.72% (+/- 5.29%)
Fold: 20 of 50 Acc: 82.35% Mean: 89.35% (+/- 5.40%)
Fold: 21 of 50 Acc: 88.57% Mean: 89.31% (+/- 5.27%)
Fold: 22 of 50 Acc: 85.71% Mean: 89.15% (+/- 5.20%)
Fold: 23 of 50 Acc: 91.18% Mean: 89.24% (+/- 5.11%)
Fold: 24 of 50 Acc: 91.18% Mean: 89.32% (+/- 5.01%)
Fold: 25 of 50 Acc: 82.35% Mean: 89.04% (+/- 5.10%)
Fold: 26 of 50 Acc: 94.12% Mean: 89.23% (+/- 5.09%)
Fold: 27 of 50 Acc: 79.41% Mean: 88.87% (+/- 5.33%)
Fold: 28 of 50 Acc: 82.35% Mean: 88.64% (+/- 5.37%)
Fold: 29 of 50 Acc: 91.18% Mean: 88.73% (+/- 5.30%)
Fold: 30 of 50 Acc: 79.41% Mean: 88.41% (+/- 5.47%)
Fold: 31 of 50 Acc: 85.71% Mean: 88.33% (+/- 5.41%)
Fold: 32 of 50 Acc: 97.14% Mean: 88.60% (+/- 5.54%)
Fold: 33 of 50 Acc: 85.29% Mean: 88.50% (+/- 5.48%)
Fold: 34 of 50 Acc: 79.41% Mean: 88.24% (+/- 5.61%)
Fold: 35 of 50 Acc: 100.00% Mean: 88.57% (+/- 5.87%)
Fold: 36 of 50 Acc: 79.41% Mean: 88.32% (+/- 5.98%)
Fold: 37 of 50 Acc: 85.29% Mean: 88.24% (+/- 5.92%)
Fold: 38 of 50 Acc: 79.41% Mean: 88.00% (+/- 6.01%)
Fold: 39 of 50 Acc: 94.12% Mean: 88.16% (+/- 6.01%)
Fold: 40 of 50 Acc: 88.24% Mean: 88.16% (+/- 5.94%)
Fold: 41 of 50 Acc: 100.00% Mean: 88.45% (+/- 6.14%)
Fold: 42 of 50 Acc: 82.86% Mean: 88.32% (+/- 6.13%)
Fold: 43 of 50 Acc: 94.12% Mean: 88.45% (+/- 6.12%)
Fold: 44 of 50 Acc: 94.12% Mean: 88.58% (+/- 6.11%)
Fold: 45 of 50 Acc: 88.24% Mean: 88.57% (+/- 6.04%)
Fold: 46 of 50 Acc: 91.18% Mean: 88.63% (+/- 5.98%)
Fold: 47 of 50 Acc: 94.12% Mean: 88.75% (+/- 5.97%)
Fold: 48 of 50 Acc: 67.65% Mean: 88.31% (+/- 6.63%)
Fold: 49 of 50 Acc: 88.24% Mean: 88.31% (+/- 6.57%)
Fold: 50 of 50 Acc: 82.35% Mean: 88.19% (+/- 6.55%)
Model Type: ResNet50V2
Fold: 1 of 50 Acc: 74.29% Mean: 74.29% (+/- 0.00%)
Fold: 2 of 50 Acc: 91.43% Mean: 82.86% (+/- 8.57%)
Fold: 3 of 50 Acc: 82.35% Mean: 82.69% (+/- 7.00%)
Fold: 4 of 50 Acc: 79.41% Mean: 81.87% (+/- 6.23%)
Fold: 5 of 50 Acc: 88.24% Mean: 83.14% (+/- 6.13%)
Fold: 6 of 50 Acc: 91.18% Mean: 84.48% (+/- 6.34%)
Fold: 7 of 50 Acc: 88.24% Mean: 85.02% (+/- 6.02%)
Fold: 8 of 50 Acc: 91.18% Mean: 85.79% (+/- 5.99%)
Fold: 9 of 50 Acc: 88.24% Mean: 86.06% (+/- 5.70%)
Fold: 10 of 50 Acc: 85.29% Mean: 85.98% (+/- 5.41%)
Fold: 11 of 50 Acc: 88.57% Mean: 86.22% (+/- 5.21%)
Fold: 12 of 50 Acc: 82.86% Mean: 85.94% (+/- 5.07%)
Fold: 13 of 50 Acc: 85.29% Mean: 85.89% (+/- 4.88%)
Fold: 14 of 50 Acc: 94.12% Mean: 86.48% (+/- 5.16%)
Fold: 15 of 50 Acc: 94.12% Mean: 86.99% (+/- 5.33%)
Fold: 16 of 50 Acc: 82.35% Mean: 86.70% (+/- 5.28%)
Fold: 17 of 50 Acc: 76.47% Mean: 86.09% (+/- 5.66%)
Fold: 18 of 50 Acc: 82.35% Mean: 85.89% (+/- 5.57%)
Fold: 19 of 50 Acc: 88.24% Mean: 86.01% (+/- 5.45%)
Fold: 20 of 50 Acc: 73.53% Mean: 85.39% (+/- 5.97%)
Fold: 21 of 50 Acc: 71.43% Mean: 84.72% (+/- 6.54%)
Fold: 22 of 50 Acc: 82.86% Mean: 84.64% (+/- 6.40%)
Fold: 23 of 50 Acc: 79.41% Mean: 84.41% (+/- 6.35%)
Fold: 24 of 50 Acc: 91.18% Mean: 84.69% (+/- 6.36%)
Fold: 25 of 50 Acc: 88.24% Mean: 84.83% (+/- 6.27%)
Fold: 26 of 50 Acc: 91.18% Mean: 85.08% (+/- 6.27%)
Fold: 27 of 50 Acc: 82.35% Mean: 84.98% (+/- 6.17%)
Fold: 28 of 50 Acc: 88.24% Mean: 85.09% (+/- 6.09%)
Fold: 29 of 50 Acc: 88.24% Mean: 85.20% (+/- 6.01%)
Fold: 30 of 50 Acc: 88.24% Mean: 85.30% (+/- 5.94%)
Fold: 31 of 50 Acc: 82.86% Mean: 85.22% (+/- 5.86%)
Fold: 32 of 50 Acc: 85.71% Mean: 85.24% (+/- 5.76%)
Fold: 33 of 50 Acc: 82.35% Mean: 85.15% (+/- 5.70%)
Fold: 34 of 50 Acc: 79.41% Mean: 84.98% (+/- 5.70%)
Fold: 35 of 50 Acc: 88.24% Mean: 85.08% (+/- 5.64%)
Fold: 36 of 50 Acc: 88.24% Mean: 85.16% (+/- 5.59%)
Fold: 37 of 50 Acc: 76.47% Mean: 84.93% (+/- 5.69%)
Fold: 38 of 50 Acc: 88.24% Mean: 85.02% (+/- 5.64%)
Fold: 39 of 50 Acc: 79.41% Mean: 84.87% (+/- 5.63%)
Fold: 40 of 50 Acc: 88.24% Mean: 84.96% (+/- 5.59%)
Fold: 41 of 50 Acc: 88.57% Mean: 85.04% (+/- 5.55%)
Fold: 42 of 50 Acc: 82.86% Mean: 84.99% (+/- 5.49%)
Fold: 43 of 50 Acc: 94.12% Mean: 85.20% (+/- 5.60%)
Fold: 44 of 50 Acc: 85.29% Mean: 85.21% (+/- 5.53%)
Fold: 45 of 50 Acc: 82.35% Mean: 85.14% (+/- 5.49%)
Fold: 46 of 50 Acc: 88.24% Mean: 85.21% (+/- 5.45%)
Fold: 47 of 50 Acc: 94.12% Mean: 85.40% (+/- 5.54%)
Fold: 48 of 50 Acc: 76.47% Mean: 85.21% (+/- 5.63%)
Fold: 49 of 50 Acc: 82.35% Mean: 85.16% (+/- 5.59%)
Fold: 50 of 50 Acc: 85.29% Mean: 85.16% (+/- 5.53%)
Model Type: ResNet101V2
Fold: 1 of 50 Acc: 88.57% Mean: 88.57% (+/- 0.00%)
Fold: 2 of 50 Acc: 91.43% Mean: 90.00% (+/- 1.43%)
Fold: 3 of 50 Acc: 91.18% Mean: 90.39% (+/- 1.29%)
Fold: 4 of 50 Acc: 79.41% Mean: 87.65% (+/- 4.88%)
Fold: 5 of 50 Acc: 97.06% Mean: 89.53% (+/- 5.77%)
Fold: 6 of 50 Acc: 79.41% Mean: 87.84% (+/- 6.48%)
Fold: 7 of 50 Acc: 79.41% Mean: 86.64% (+/- 6.68%)
Fold: 8 of 50 Acc: 85.29% Mean: 86.47% (+/- 6.27%)
Fold: 9 of 50 Acc: 97.06% Mean: 87.65% (+/- 6.78%)
Fold: 10 of 50 Acc: 82.35% Mean: 87.12% (+/- 6.63%)
Fold: 11 of 50 Acc: 88.57% Mean: 87.25% (+/- 6.33%)
Fold: 12 of 50 Acc: 85.71% Mean: 87.12% (+/- 6.08%)
Fold: 13 of 50 Acc: 94.12% Mean: 87.66% (+/- 6.13%)
Fold: 14 of 50 Acc: 88.24% Mean: 87.70% (+/- 5.91%)
Fold: 15 of 50 Acc: 91.18% Mean: 87.93% (+/- 5.77%)
Fold: 16 of 50 Acc: 82.35% Mean: 87.58% (+/- 5.75%)
Fold: 17 of 50 Acc: 85.29% Mean: 87.45% (+/- 5.60%)
Fold: 18 of 50 Acc: 79.41% Mean: 87.00% (+/- 5.75%)
Fold: 19 of 50 Acc: 91.18% Mean: 87.22% (+/- 5.67%)
Fold: 20 of 50 Acc: 76.47% Mean: 86.68% (+/- 6.01%)
Fold: 21 of 50 Acc: 74.29% Mean: 86.09% (+/- 6.43%)
Fold: 22 of 50 Acc: 88.57% Mean: 86.21% (+/- 6.30%)
Fold: 23 of 50 Acc: 85.29% Mean: 86.17% (+/- 6.17%)
Fold: 24 of 50 Acc: 91.18% Mean: 86.38% (+/- 6.12%)
Fold: 25 of 50 Acc: 91.18% Mean: 86.57% (+/- 6.07%)
Fold: 26 of 50 Acc: 94.12% Mean: 86.86% (+/- 6.12%)
Fold: 27 of 50 Acc: 88.24% Mean: 86.91% (+/- 6.02%)
Fold: 28 of 50 Acc: 94.12% Mean: 87.17% (+/- 6.06%)
Fold: 29 of 50 Acc: 88.24% Mean: 87.20% (+/- 5.95%)
Fold: 30 of 50 Acc: 88.24% Mean: 87.24% (+/- 5.86%)
Fold: 31 of 50 Acc: 85.71% Mean: 87.19% (+/- 5.77%)
Fold: 32 of 50 Acc: 97.14% Mean: 87.50% (+/- 5.94%)
Fold: 33 of 50 Acc: 91.18% Mean: 87.61% (+/- 5.88%)
Fold: 34 of 50 Acc: 82.35% Mean: 87.46% (+/- 5.86%)
Fold: 35 of 50 Acc: 97.06% Mean: 87.73% (+/- 5.99%)
Fold: 36 of 50 Acc: 85.29% Mean: 87.66% (+/- 5.92%)
Fold: 37 of 50 Acc: 85.29% Mean: 87.60% (+/- 5.85%)
Fold: 38 of 50 Acc: 94.12% Mean: 87.77% (+/- 5.87%)
Fold: 39 of 50 Acc: 91.18% Mean: 87.86% (+/- 5.82%)
Fold: 40 of 50 Acc: 82.35% Mean: 87.72% (+/- 5.81%)
Fold: 41 of 50 Acc: 91.43% Mean: 87.81% (+/- 5.77%)
Fold: 42 of 50 Acc: 88.57% Mean: 87.83% (+/- 5.70%)
Fold: 43 of 50 Acc: 91.18% Mean: 87.91% (+/- 5.66%)
Fold: 44 of 50 Acc: 91.18% Mean: 87.98% (+/- 5.61%)
Fold: 45 of 50 Acc: 88.24% Mean: 87.99% (+/- 5.55%)
Fold: 46 of 50 Acc: 91.18% Mean: 88.06% (+/- 5.51%)
Fold: 47 of 50 Acc: 91.18% Mean: 88.12% (+/- 5.47%)
Fold: 48 of 50 Acc: 73.53% Mean: 87.82% (+/- 5.80%)
Fold: 49 of 50 Acc: 82.35% Mean: 87.71% (+/- 5.79%)
Fold: 50 of 50 Acc: 91.18% Mean: 87.78% (+/- 5.75%)
Model Type: ResNet152V2
Fold: 1 of 50 Acc: 82.86% Mean: 82.86% (+/- 0.00%)
Fold: 2 of 50 Acc: 97.14% Mean: 90.00% (+/- 7.14%)
Fold: 3 of 50 Acc: 91.18% Mean: 90.39% (+/- 5.86%)
Fold: 4 of 50 Acc: 88.24% Mean: 89.85% (+/- 5.16%)
Fold: 5 of 50 Acc: 94.12% Mean: 90.71% (+/- 4.92%)
Fold: 6 of 50 Acc: 88.24% Mean: 90.29% (+/- 4.58%)
Fold: 7 of 50 Acc: 82.35% Mean: 89.16% (+/- 5.07%)
Fold: 8 of 50 Acc: 82.35% Mean: 88.31% (+/- 5.25%)
Fold: 9 of 50 Acc: 79.41% Mean: 87.32% (+/- 5.69%)
Fold: 10 of 50 Acc: 73.53% Mean: 85.94% (+/- 6.80%)
Fold: 11 of 50 Acc: 97.14% Mean: 86.96% (+/- 7.24%)
Fold: 12 of 50 Acc: 88.57% Mean: 87.09% (+/- 6.94%)
Fold: 13 of 50 Acc: 94.12% Mean: 87.63% (+/- 6.93%)
Fold: 14 of 50 Acc: 88.24% Mean: 87.68% (+/- 6.68%)
Fold: 15 of 50 Acc: 88.24% Mean: 87.71% (+/- 6.45%)
Fold: 16 of 50 Acc: 91.18% Mean: 87.93% (+/- 6.31%)
Fold: 17 of 50 Acc: 88.24% Mean: 87.95% (+/- 6.12%)
Fold: 18 of 50 Acc: 88.24% Mean: 87.96% (+/- 5.95%)
Fold: 19 of 50 Acc: 94.12% Mean: 88.29% (+/- 5.95%)
Fold: 20 of 50 Acc: 94.12% Mean: 88.58% (+/- 5.93%)
Fold: 21 of 50 Acc: 80.00% Mean: 88.17% (+/- 6.07%)
Fold: 22 of 50 Acc: 91.43% Mean: 88.32% (+/- 5.97%)
Fold: 23 of 50 Acc: 97.06% Mean: 88.70% (+/- 6.11%)
Fold: 24 of 50 Acc: 94.12% Mean: 88.93% (+/- 6.08%)
Fold: 25 of 50 Acc: 97.06% Mean: 89.25% (+/- 6.16%)
Fold: 26 of 50 Acc: 88.24% Mean: 89.21% (+/- 6.05%)
Fold: 27 of 50 Acc: 91.18% Mean: 89.28% (+/- 5.94%)
Fold: 28 of 50 Acc: 94.12% Mean: 89.46% (+/- 5.91%)
Fold: 29 of 50 Acc: 82.35% Mean: 89.21% (+/- 5.95%)
Fold: 30 of 50 Acc: 85.29% Mean: 89.08% (+/- 5.89%)
Fold: 31 of 50 Acc: 88.57% Mean: 89.06% (+/- 5.79%)
Fold: 32 of 50 Acc: 82.86% Mean: 88.87% (+/- 5.80%)
Fold: 33 of 50 Acc: 85.29% Mean: 88.76% (+/- 5.75%)
Fold: 34 of 50 Acc: 76.47% Mean: 88.40% (+/- 6.03%)
Fold: 35 of 50 Acc: 97.06% Mean: 88.65% (+/- 6.12%)
Fold: 36 of 50 Acc: 82.35% Mean: 88.47% (+/- 6.12%)
Fold: 37 of 50 Acc: 85.29% Mean: 88.39% (+/- 6.06%)
Fold: 38 of 50 Acc: 88.24% Mean: 88.38% (+/- 5.98%)
Fold: 39 of 50 Acc: 97.06% Mean: 88.61% (+/- 6.06%)
Fold: 40 of 50 Acc: 97.06% Mean: 88.82% (+/- 6.13%)
Fold: 41 of 50 Acc: 88.57% Mean: 88.81% (+/- 6.05%)
Fold: 42 of 50 Acc: 77.14% Mean: 88.53% (+/- 6.24%)
Fold: 43 of 50 Acc: 94.12% Mean: 88.66% (+/- 6.22%)
Fold: 44 of 50 Acc: 85.29% Mean: 88.59% (+/- 6.17%)
Fold: 45 of 50 Acc: 97.06% Mean: 88.77% (+/- 6.23%)
Fold: 46 of 50 Acc: 88.24% Mean: 88.76% (+/- 6.16%)
Fold: 47 of 50 Acc: 94.12% Mean: 88.88% (+/- 6.14%)
Fold: 48 of 50 Acc: 73.53% Mean: 88.56% (+/- 6.46%)
Fold: 49 of 50 Acc: 97.06% Mean: 88.73% (+/- 6.51%)
Fold: 50 of 50 Acc: 97.06% Mean: 88.90% (+/- 6.55%)
Model Type: InceptionV3
Fold: 1 of 50 Acc: 77.14% Mean: 77.14% (+/- 0.00%)
Fold: 2 of 50 Acc: 100.00% Mean: 88.57% (+/- 11.43%)
Fold: 3 of 50 Acc: 91.18% Mean: 89.44% (+/- 9.41%)
Fold: 4 of 50 Acc: 88.24% Mean: 89.14% (+/- 8.17%)
Fold: 5 of 50 Acc: 85.29% Mean: 88.37% (+/- 7.47%)
Fold: 6 of 50 Acc: 94.12% Mean: 89.33% (+/- 7.14%)
Fold: 7 of 50 Acc: 85.29% Mean: 88.75% (+/- 6.76%)
Fold: 8 of 50 Acc: 88.24% Mean: 88.69% (+/- 6.33%)
Fold: 9 of 50 Acc: 82.35% Mean: 87.98% (+/- 6.29%)
Fold: 10 of 50 Acc: 88.24% Mean: 88.01% (+/- 5.97%)
Fold: 11 of 50 Acc: 91.43% Mean: 88.32% (+/- 5.77%)
Fold: 12 of 50 Acc: 85.71% Mean: 88.10% (+/- 5.57%)
Fold: 13 of 50 Acc: 91.18% Mean: 88.34% (+/- 5.42%)
Fold: 14 of 50 Acc: 94.12% Mean: 88.75% (+/- 5.43%)
Fold: 15 of 50 Acc: 88.24% Mean: 88.72% (+/- 5.25%)
Fold: 16 of 50 Acc: 85.29% Mean: 88.50% (+/- 5.15%)
Fold: 17 of 50 Acc: 91.18% Mean: 88.66% (+/- 5.03%)
Fold: 18 of 50 Acc: 94.12% Mean: 88.96% (+/- 5.05%)
Fold: 19 of 50 Acc: 88.24% Mean: 88.93% (+/- 4.92%)
Fold: 20 of 50 Acc: 85.29% Mean: 88.74% (+/- 4.86%)
Fold: 21 of 50 Acc: 85.71% Mean: 88.60% (+/- 4.78%)
Fold: 22 of 50 Acc: 85.71% Mean: 88.47% (+/- 4.71%)
Fold: 23 of 50 Acc: 91.18% Mean: 88.59% (+/- 4.64%)
Fold: 24 of 50 Acc: 94.12% Mean: 88.82% (+/- 4.68%)
Fold: 25 of 50 Acc: 85.29% Mean: 88.68% (+/- 4.63%)
Fold: 26 of 50 Acc: 91.18% Mean: 88.77% (+/- 4.57%)
Fold: 27 of 50 Acc: 91.18% Mean: 88.86% (+/- 4.51%)
Fold: 28 of 50 Acc: 94.12% Mean: 89.05% (+/- 4.53%)
Fold: 29 of 50 Acc: 82.35% Mean: 88.82% (+/- 4.62%)
Fold: 30 of 50 Acc: 94.12% Mean: 88.99% (+/- 4.64%)
Fold: 31 of 50 Acc: 88.57% Mean: 88.98% (+/- 4.56%)
Fold: 32 of 50 Acc: 94.29% Mean: 89.15% (+/- 4.59%)
Fold: 33 of 50 Acc: 82.35% Mean: 88.94% (+/- 4.66%)
Fold: 34 of 50 Acc: 88.24% Mean: 88.92% (+/- 4.60%)
Fold: 35 of 50 Acc: 91.18% Mean: 88.98% (+/- 4.55%)
Fold: 36 of 50 Acc: 94.12% Mean: 89.13% (+/- 4.56%)
Fold: 37 of 50 Acc: 88.24% Mean: 89.10% (+/- 4.50%)
Fold: 38 of 50 Acc: 100.00% Mean: 89.39% (+/- 4.77%)
Fold: 39 of 50 Acc: 85.29% Mean: 89.28% (+/- 4.75%)
Fold: 40 of 50 Acc: 82.35% Mean: 89.11% (+/- 4.82%)
Fold: 41 of 50 Acc: 88.57% Mean: 89.10% (+/- 4.76%)
Fold: 42 of 50 Acc: 94.29% Mean: 89.22% (+/- 4.77%)
Fold: 43 of 50 Acc: 97.06% Mean: 89.40% (+/- 4.86%)
Fold: 44 of 50 Acc: 82.35% Mean: 89.24% (+/- 4.92%)
Fold: 45 of 50 Acc: 82.35% Mean: 89.09% (+/- 4.97%)
Fold: 46 of 50 Acc: 97.06% Mean: 89.26% (+/- 5.05%)
Fold: 47 of 50 Acc: 97.06% Mean: 89.43% (+/- 5.12%)
Fold: 48 of 50 Acc: 88.24% Mean: 89.40% (+/- 5.07%)
Fold: 49 of 50 Acc: 91.18% Mean: 89.44% (+/- 5.02%)
Fold: 50 of 50 Acc: 85.29% Mean: 89.36% (+/- 5.01%)
Model Type: InceptionResNetV2
Fold: 1 of 50 Acc: 82.86% Mean: 82.86% (+/- 0.00%)
Fold: 2 of 50 Acc: 91.43% Mean: 87.14% (+/- 4.29%)
Fold: 3 of 50 Acc: 91.18% Mean: 88.49% (+/- 3.98%)
Fold: 4 of 50 Acc: 94.12% Mean: 89.89% (+/- 4.22%)
Fold: 5 of 50 Acc: 94.12% Mean: 90.74% (+/- 4.14%)
Fold: 6 of 50 Acc: 88.24% Mean: 90.32% (+/- 3.89%)
Fold: 7 of 50 Acc: 82.35% Mean: 89.18% (+/- 4.56%)
Fold: 8 of 50 Acc: 76.47% Mean: 87.59% (+/- 5.99%)
Fold: 9 of 50 Acc: 85.29% Mean: 87.34% (+/- 5.69%)
Fold: 10 of 50 Acc: 85.29% Mean: 87.13% (+/- 5.43%)
Fold: 11 of 50 Acc: 100.00% Mean: 88.30% (+/- 6.36%)
Fold: 12 of 50 Acc: 74.29% Mean: 87.14% (+/- 7.22%)
Fold: 13 of 50 Acc: 73.53% Mean: 86.09% (+/- 7.83%)
Fold: 14 of 50 Acc: 88.24% Mean: 86.24% (+/- 7.56%)
Fold: 15 of 50 Acc: 85.29% Mean: 86.18% (+/- 7.31%)
Fold: 16 of 50 Acc: 88.24% Mean: 86.31% (+/- 7.10%)
Fold: 17 of 50 Acc: 94.12% Mean: 86.77% (+/- 7.13%)
Fold: 18 of 50 Acc: 85.29% Mean: 86.69% (+/- 6.93%)
Fold: 19 of 50 Acc: 82.35% Mean: 86.46% (+/- 6.82%)
Fold: 20 of 50 Acc: 82.35% Mean: 86.25% (+/- 6.70%)
Fold: 21 of 50 Acc: 91.43% Mean: 86.50% (+/- 6.64%)
Fold: 22 of 50 Acc: 85.71% Mean: 86.46% (+/- 6.48%)
Fold: 23 of 50 Acc: 88.24% Mean: 86.54% (+/- 6.35%)
Fold: 24 of 50 Acc: 97.06% Mean: 86.98% (+/- 6.56%)
Fold: 25 of 50 Acc: 85.29% Mean: 86.91% (+/- 6.44%)
Fold: 26 of 50 Acc: 88.24% Mean: 86.96% (+/- 6.32%)
Fold: 27 of 50 Acc: 85.29% Mean: 86.90% (+/- 6.21%)
Fold: 28 of 50 Acc: 82.35% Mean: 86.74% (+/- 6.16%)
Fold: 29 of 50 Acc: 82.35% Mean: 86.59% (+/- 6.10%)
Fold: 30 of 50 Acc: 88.24% Mean: 86.64% (+/- 6.01%)
Fold: 31 of 50 Acc: 88.57% Mean: 86.70% (+/- 5.92%)
Fold: 32 of 50 Acc: 91.43% Mean: 86.85% (+/- 5.88%)
Fold: 33 of 50 Acc: 88.24% Mean: 86.89% (+/- 5.80%)
Fold: 34 of 50 Acc: 79.41% Mean: 86.67% (+/- 5.85%)
Fold: 35 of 50 Acc: 97.06% Mean: 86.97% (+/- 6.02%)
Fold: 36 of 50 Acc: 73.53% Mean: 86.60% (+/- 6.33%)
Fold: 37 of 50 Acc: 91.18% Mean: 86.72% (+/- 6.29%)
Fold: 38 of 50 Acc: 88.24% Mean: 86.76% (+/- 6.21%)
Fold: 39 of 50 Acc: 85.29% Mean: 86.72% (+/- 6.14%)
Fold: 40 of 50 Acc: 85.29% Mean: 86.69% (+/- 6.06%)
Fold: 41 of 50 Acc: 74.29% Mean: 86.38% (+/- 6.29%)
Fold: 42 of 50 Acc: 80.00% Mean: 86.23% (+/- 6.29%)
Fold: 43 of 50 Acc: 85.29% Mean: 86.21% (+/- 6.22%)
Fold: 44 of 50 Acc: 88.24% Mean: 86.26% (+/- 6.15%)
Fold: 45 of 50 Acc: 88.24% Mean: 86.30% (+/- 6.09%)
Fold: 46 of 50 Acc: 94.12% Mean: 86.47% (+/- 6.13%)
Fold: 47 of 50 Acc: 91.18% Mean: 86.57% (+/- 6.10%)
Fold: 48 of 50 Acc: 67.65% Mean: 86.18% (+/- 6.62%)
Fold: 49 of 50 Acc: 91.18% Mean: 86.28% (+/- 6.59%)
Fold: 50 of 50 Acc: 88.24% Mean: 86.32% (+/- 6.53%)
Model Type: MobileNet
Fold: 1 of 50 Acc: 88.57% Mean: 88.57% (+/- 0.00%)
Fold: 2 of 50 Acc: 91.43% Mean: 90.00% (+/- 1.43%)
Fold: 3 of 50 Acc: 91.18% Mean: 90.39% (+/- 1.29%)
Fold: 4 of 50 Acc: 94.12% Mean: 91.32% (+/- 1.96%)
Fold: 5 of 50 Acc: 91.18% Mean: 91.29% (+/- 1.76%)
Fold: 6 of 50 Acc: 91.18% Mean: 91.27% (+/- 1.60%)
Fold: 7 of 50 Acc: 91.18% Mean: 91.26% (+/- 1.49%)
Fold: 8 of 50 Acc: 85.29% Mean: 90.51% (+/- 2.41%)
Fold: 9 of 50 Acc: 91.18% Mean: 90.59% (+/- 2.28%)
Fold: 10 of 50 Acc: 79.41% Mean: 89.47% (+/- 3.99%)
Fold: 11 of 50 Acc: 88.57% Mean: 89.39% (+/- 3.82%)
Fold: 12 of 50 Acc: 91.43% Mean: 89.56% (+/- 3.70%)
Fold: 13 of 50 Acc: 91.18% Mean: 89.68% (+/- 3.58%)
Fold: 14 of 50 Acc: 85.29% Mean: 89.37% (+/- 3.63%)
Fold: 15 of 50 Acc: 88.24% Mean: 89.29% (+/- 3.52%)
Fold: 16 of 50 Acc: 79.41% Mean: 88.68% (+/- 4.16%)
Fold: 17 of 50 Acc: 85.29% Mean: 88.48% (+/- 4.11%)
Fold: 18 of 50 Acc: 97.06% Mean: 88.95% (+/- 4.46%)
Fold: 19 of 50 Acc: 94.12% Mean: 89.23% (+/- 4.49%)
Fold: 20 of 50 Acc: 82.35% Mean: 88.88% (+/- 4.62%)
Fold: 21 of 50 Acc: 85.71% Mean: 88.73% (+/- 4.56%)
Fold: 22 of 50 Acc: 88.57% Mean: 88.72% (+/- 4.46%)
Fold: 23 of 50 Acc: 88.24% Mean: 88.70% (+/- 4.36%)
Fold: 24 of 50 Acc: 70.59% Mean: 87.95% (+/- 5.60%)
Fold: 25 of 50 Acc: 100.00% Mean: 88.43% (+/- 5.97%)
Fold: 26 of 50 Acc: 97.06% Mean: 88.76% (+/- 6.09%)
Fold: 27 of 50 Acc: 76.47% Mean: 88.31% (+/- 6.41%)
Fold: 28 of 50 Acc: 55.88% Mean: 87.15% (+/- 8.71%)
Fold: 29 of 50 Acc: 94.12% Mean: 87.39% (+/- 8.65%)
Fold: 30 of 50 Acc: 85.29% Mean: 87.32% (+/- 8.51%)
Fold: 31 of 50 Acc: 91.43% Mean: 87.45% (+/- 8.40%)
Fold: 32 of 50 Acc: 97.14% Mean: 87.75% (+/- 8.44%)
Fold: 33 of 50 Acc: 88.24% Mean: 87.77% (+/- 8.31%)
Fold: 34 of 50 Acc: 85.29% Mean: 87.70% (+/- 8.20%)
Fold: 35 of 50 Acc: 88.24% Mean: 87.71% (+/- 8.08%)
Fold: 36 of 50 Acc: 88.24% Mean: 87.73% (+/- 7.97%)
Fold: 37 of 50 Acc: 58.82% Mean: 86.95% (+/- 9.15%)
Fold: 38 of 50 Acc: 94.12% Mean: 87.13% (+/- 9.10%)
Fold: 39 of 50 Acc: 82.35% Mean: 87.01% (+/- 9.02%)
Fold: 40 of 50 Acc: 94.12% Mean: 87.19% (+/- 8.97%)
Fold: 41 of 50 Acc: 91.43% Mean: 87.29% (+/- 8.89%)
Fold: 42 of 50 Acc: 88.57% Mean: 87.32% (+/- 8.78%)
Fold: 43 of 50 Acc: 70.59% Mean: 86.93% (+/- 9.04%)
Fold: 44 of 50 Acc: 94.12% Mean: 87.10% (+/- 9.00%)
Fold: 45 of 50 Acc: 100.00% Mean: 87.38% (+/- 9.10%)
Fold: 46 of 50 Acc: 82.35% Mean: 87.27% (+/- 9.03%)
Fold: 47 of 50 Acc: 76.47% Mean: 87.04% (+/- 9.07%)
Fold: 48 of 50 Acc: 85.29% Mean: 87.01% (+/- 8.98%)
Fold: 49 of 50 Acc: 94.12% Mean: 87.15% (+/- 8.94%)
Fold: 50 of 50 Acc: 94.12% Mean: 87.29% (+/- 8.91%)
Model Type: DenseNet121
Fold: 1 of 50 Acc: 68.57% Mean: 68.57% (+/- 0.00%)
Fold: 2 of 50 Acc: 74.29% Mean: 71.43% (+/- 2.86%)
Fold: 3 of 50 Acc: 82.35% Mean: 75.07% (+/- 5.65%)
Fold: 4 of 50 Acc: 94.12% Mean: 79.83% (+/- 9.59%)
Fold: 5 of 50 Acc: 91.18% Mean: 82.10% (+/- 9.71%)
Fold: 6 of 50 Acc: 85.29% Mean: 82.63% (+/- 8.94%)
Fold: 7 of 50 Acc: 88.24% Mean: 83.43% (+/- 8.51%)
Fold: 8 of 50 Acc: 79.41% Mean: 82.93% (+/- 8.07%)
Fold: 9 of 50 Acc: 85.29% Mean: 83.19% (+/- 7.64%)
Fold: 10 of 50 Acc: 88.24% Mean: 83.70% (+/- 7.41%)
Fold: 11 of 50 Acc: 82.86% Mean: 83.62% (+/- 7.06%)
Fold: 12 of 50 Acc: 82.86% Mean: 83.56% (+/- 6.77%)
Fold: 13 of 50 Acc: 91.18% Mean: 84.14% (+/- 6.81%)
Fold: 14 of 50 Acc: 94.12% Mean: 84.86% (+/- 7.05%)
Fold: 15 of 50 Acc: 91.18% Mean: 85.28% (+/- 6.99%)
Fold: 16 of 50 Acc: 94.12% Mean: 85.83% (+/- 7.10%)
Fold: 17 of 50 Acc: 88.24% Mean: 85.97% (+/- 6.91%)
Fold: 18 of 50 Acc: 94.12% Mean: 86.42% (+/- 6.97%)
Fold: 19 of 50 Acc: 82.35% Mean: 86.21% (+/- 6.84%)
Fold: 20 of 50 Acc: 73.53% Mean: 85.58% (+/- 7.22%)
Fold: 21 of 50 Acc: 85.71% Mean: 85.58% (+/- 7.05%)
Fold: 22 of 50 Acc: 88.57% Mean: 85.72% (+/- 6.91%)
Fold: 23 of 50 Acc: 88.24% Mean: 85.83% (+/- 6.78%)
Fold: 24 of 50 Acc: 91.18% Mean: 86.05% (+/- 6.72%)
Fold: 25 of 50 Acc: 91.18% Mean: 86.26% (+/- 6.66%)
Fold: 26 of 50 Acc: 94.12% Mean: 86.56% (+/- 6.71%)
Fold: 27 of 50 Acc: 88.24% Mean: 86.62% (+/- 6.59%)
Fold: 28 of 50 Acc: 88.24% Mean: 86.68% (+/- 6.48%)
Fold: 29 of 50 Acc: 85.29% Mean: 86.63% (+/- 6.37%)
Fold: 30 of 50 Acc: 85.29% Mean: 86.59% (+/- 6.27%)
Fold: 31 of 50 Acc: 94.29% Mean: 86.83% (+/- 6.31%)
Fold: 32 of 50 Acc: 91.43% Mean: 86.98% (+/- 6.26%)
Fold: 33 of 50 Acc: 79.41% Mean: 86.75% (+/- 6.30%)
Fold: 34 of 50 Acc: 73.53% Mean: 86.36% (+/- 6.60%)
Fold: 35 of 50 Acc: 94.12% Mean: 86.58% (+/- 6.63%)
Fold: 36 of 50 Acc: 82.35% Mean: 86.46% (+/- 6.58%)
Fold: 37 of 50 Acc: 82.35% Mean: 86.35% (+/- 6.52%)
Fold: 38 of 50 Acc: 91.18% Mean: 86.48% (+/- 6.48%)
Fold: 39 of 50 Acc: 94.12% Mean: 86.68% (+/- 6.51%)
Fold: 40 of 50 Acc: 91.18% Mean: 86.79% (+/- 6.47%)
Fold: 41 of 50 Acc: 88.57% Mean: 86.83% (+/- 6.39%)
Fold: 42 of 50 Acc: 82.86% Mean: 86.74% (+/- 6.35%)
Fold: 43 of 50 Acc: 91.18% Mean: 86.84% (+/- 6.31%)
Fold: 44 of 50 Acc: 91.18% Mean: 86.94% (+/- 6.27%)
Fold: 45 of 50 Acc: 91.18% Mean: 87.03% (+/- 6.23%)
Fold: 46 of 50 Acc: 94.12% Mean: 87.19% (+/- 6.25%)
Fold: 47 of 50 Acc: 85.29% Mean: 87.15% (+/- 6.19%)
Fold: 48 of 50 Acc: 82.35% Mean: 87.05% (+/- 6.16%)
Fold: 49 of 50 Acc: 94.12% Mean: 87.19% (+/- 6.18%)
Fold: 50 of 50 Acc: 85.29% Mean: 87.15% (+/- 6.12%)
Model Type: DenseNet169
Fold: 1 of 50 Acc: 82.86% Mean: 82.86% (+/- 0.00%)
Fold: 2 of 50 Acc: 85.71% Mean: 84.29% (+/- 1.43%)
Fold: 3 of 50 Acc: 91.18% Mean: 86.58% (+/- 3.45%)
Fold: 4 of 50 Acc: 88.24% Mean: 87.00% (+/- 3.07%)
Fold: 5 of 50 Acc: 88.24% Mean: 87.24% (+/- 2.79%)
Fold: 6 of 50 Acc: 82.35% Mean: 86.43% (+/- 3.13%)
Fold: 7 of 50 Acc: 76.47% Mean: 85.01% (+/- 4.53%)
Fold: 8 of 50 Acc: 85.29% Mean: 85.04% (+/- 4.24%)
Fold: 9 of 50 Acc: 88.24% Mean: 85.40% (+/- 4.12%)
Fold: 10 of 50 Acc: 82.35% Mean: 85.09% (+/- 4.02%)
Fold: 11 of 50 Acc: 88.57% Mean: 85.41% (+/- 3.96%)
Fold: 12 of 50 Acc: 82.86% Mean: 85.20% (+/- 3.86%)
Fold: 13 of 50 Acc: 79.41% Mean: 84.75% (+/- 4.01%)
Fold: 14 of 50 Acc: 97.06% Mean: 85.63% (+/- 5.00%)
Fold: 15 of 50 Acc: 94.12% Mean: 86.20% (+/- 5.27%)
Fold: 16 of 50 Acc: 76.47% Mean: 85.59% (+/- 5.62%)
Fold: 17 of 50 Acc: 88.24% Mean: 85.74% (+/- 5.49%)
Fold: 18 of 50 Acc: 82.35% Mean: 85.56% (+/- 5.39%)
Fold: 19 of 50 Acc: 88.24% Mean: 85.70% (+/- 5.28%)
Fold: 20 of 50 Acc: 85.29% Mean: 85.68% (+/- 5.15%)
Fold: 21 of 50 Acc: 85.71% Mean: 85.68% (+/- 5.02%)
Fold: 22 of 50 Acc: 91.43% Mean: 85.94% (+/- 5.05%)
Fold: 23 of 50 Acc: 88.24% Mean: 86.04% (+/- 4.96%)
Fold: 24 of 50 Acc: 85.29% Mean: 86.01% (+/- 4.86%)
Fold: 25 of 50 Acc: 88.24% Mean: 86.10% (+/- 4.78%)
Fold: 26 of 50 Acc: 91.18% Mean: 86.29% (+/- 4.79%)
Fold: 27 of 50 Acc: 79.41% Mean: 86.04% (+/- 4.88%)
Fold: 28 of 50 Acc: 82.35% Mean: 85.91% (+/- 4.84%)
Fold: 29 of 50 Acc: 85.29% Mean: 85.89% (+/- 4.76%)
Fold: 30 of 50 Acc: 85.29% Mean: 85.87% (+/- 4.68%)
Fold: 31 of 50 Acc: 82.86% Mean: 85.77% (+/- 4.63%)
Fold: 32 of 50 Acc: 97.14% Mean: 86.12% (+/- 4.97%)
Fold: 33 of 50 Acc: 91.18% Mean: 86.28% (+/- 4.97%)
Fold: 34 of 50 Acc: 79.41% Mean: 86.08% (+/- 5.03%)
Fold: 35 of 50 Acc: 88.24% Mean: 86.14% (+/- 4.97%)
Fold: 36 of 50 Acc: 85.29% Mean: 86.11% (+/- 4.91%)
Fold: 37 of 50 Acc: 85.29% Mean: 86.09% (+/- 4.84%)
Fold: 38 of 50 Acc: 97.06% Mean: 86.38% (+/- 5.09%)
Fold: 39 of 50 Acc: 94.12% Mean: 86.58% (+/- 5.17%)
Fold: 40 of 50 Acc: 91.18% Mean: 86.69% (+/- 5.15%)
Fold: 41 of 50 Acc: 77.14% Mean: 86.46% (+/- 5.30%)
Fold: 42 of 50 Acc: 88.57% Mean: 86.51% (+/- 5.25%)
Fold: 43 of 50 Acc: 88.24% Mean: 86.55% (+/- 5.19%)
Fold: 44 of 50 Acc: 91.18% Mean: 86.66% (+/- 5.18%)
Fold: 45 of 50 Acc: 79.41% Mean: 86.49% (+/- 5.23%)
Fold: 46 of 50 Acc: 94.12% Mean: 86.66% (+/- 5.29%)
Fold: 47 of 50 Acc: 97.06% Mean: 86.88% (+/- 5.45%)
Fold: 48 of 50 Acc: 76.47% Mean: 86.66% (+/- 5.59%)
Fold: 49 of 50 Acc: 88.24% Mean: 86.70% (+/- 5.54%)
Fold: 50 of 50 Acc: 91.18% Mean: 86.79% (+/- 5.52%)
Model Type: DenseNet201
Fold: 1 of 50 Acc: 77.14% Mean: 77.14% (+/- 0.00%)
Fold: 2 of 50 Acc: 88.57% Mean: 82.86% (+/- 5.71%)
Fold: 3 of 50 Acc: 94.12% Mean: 86.61% (+/- 7.07%)
Fold: 4 of 50 Acc: 91.18% Mean: 87.75% (+/- 6.43%)
Fold: 5 of 50 Acc: 94.12% Mean: 89.03% (+/- 6.29%)
Fold: 6 of 50 Acc: 85.29% Mean: 88.40% (+/- 5.91%)
Fold: 7 of 50 Acc: 88.24% Mean: 88.38% (+/- 5.47%)
Fold: 8 of 50 Acc: 82.35% Mean: 87.63% (+/- 5.49%)
Fold: 9 of 50 Acc: 94.12% Mean: 88.35% (+/- 5.57%)
Fold: 10 of 50 Acc: 79.41% Mean: 87.45% (+/- 5.92%)
Fold: 11 of 50 Acc: 94.29% Mean: 88.07% (+/- 5.98%)
Fold: 12 of 50 Acc: 74.29% Mean: 86.93% (+/- 6.88%)
Fold: 13 of 50 Acc: 79.41% Mean: 86.35% (+/- 6.90%)
Fold: 14 of 50 Acc: 100.00% Mean: 87.32% (+/- 7.52%)
Fold: 15 of 50 Acc: 91.18% Mean: 87.58% (+/- 7.33%)
Fold: 16 of 50 Acc: 85.29% Mean: 87.44% (+/- 7.12%)
Fold: 17 of 50 Acc: 88.24% Mean: 87.48% (+/- 6.91%)
Fold: 18 of 50 Acc: 91.18% Mean: 87.69% (+/- 6.77%)
Fold: 19 of 50 Acc: 91.18% Mean: 87.87% (+/- 6.63%)
Fold: 20 of 50 Acc: 91.18% Mean: 88.04% (+/- 6.51%)
Fold: 21 of 50 Acc: 88.57% Mean: 88.06% (+/- 6.35%)
Fold: 22 of 50 Acc: 85.71% Mean: 87.96% (+/- 6.22%)
Fold: 23 of 50 Acc: 82.35% Mean: 87.71% (+/- 6.19%)
Fold: 24 of 50 Acc: 94.12% Mean: 87.98% (+/- 6.20%)
Fold: 25 of 50 Acc: 88.24% Mean: 87.99% (+/- 6.07%)
Fold: 26 of 50 Acc: 91.18% Mean: 88.11% (+/- 5.99%)
Fold: 27 of 50 Acc: 91.18% Mean: 88.23% (+/- 5.90%)
Fold: 28 of 50 Acc: 79.41% Mean: 87.91% (+/- 6.02%)
Fold: 29 of 50 Acc: 76.47% Mean: 87.52% (+/- 6.27%)
Fold: 30 of 50 Acc: 47.06% Mean: 86.17% (+/- 9.53%)
Fold: 31 of 50 Acc: 80.00% Mean: 85.97% (+/- 9.44%)
Fold: 32 of 50 Acc: 100.00% Mean: 86.41% (+/- 9.60%)
Fold: 33 of 50 Acc: 88.24% Mean: 86.46% (+/- 9.46%)
Fold: 34 of 50 Acc: 76.47% Mean: 86.17% (+/- 9.47%)
Fold: 35 of 50 Acc: 94.12% Mean: 86.40% (+/- 9.43%)
Fold: 36 of 50 Acc: 88.24% Mean: 86.45% (+/- 9.30%)
Fold: 37 of 50 Acc: 79.41% Mean: 86.26% (+/- 9.25%)
Fold: 38 of 50 Acc: 88.24% Mean: 86.31% (+/- 9.13%)
Fold: 39 of 50 Acc: 88.24% Mean: 86.36% (+/- 9.02%)
Fold: 40 of 50 Acc: 85.29% Mean: 86.33% (+/- 8.91%)
Fold: 41 of 50 Acc: 88.57% Mean: 86.39% (+/- 8.80%)
Fold: 42 of 50 Acc: 100.00% Mean: 86.71% (+/- 8.94%)
Fold: 43 of 50 Acc: 94.12% Mean: 86.88% (+/- 8.91%)
Fold: 44 of 50 Acc: 88.24% Mean: 86.91% (+/- 8.81%)
Fold: 45 of 50 Acc: 82.35% Mean: 86.81% (+/- 8.74%)
Fold: 46 of 50 Acc: 94.12% Mean: 86.97% (+/- 8.71%)
Fold: 47 of 50 Acc: 88.24% Mean: 87.00% (+/- 8.62%)
Fold: 48 of 50 Acc: 70.59% Mean: 86.66% (+/- 8.84%)
Fold: 49 of 50 Acc: 91.18% Mean: 86.75% (+/- 8.77%)
Fold: 50 of 50 Acc: 97.06% Mean: 86.95% (+/- 8.80%)
Model Type: NASNetMobile
Fold: 1 of 50 Acc: 65.71% Mean: 65.71% (+/- 0.00%)
Fold: 2 of 50 Acc: 77.14% Mean: 71.43% (+/- 5.71%)
Fold: 3 of 50 Acc: 85.29% Mean: 76.05% (+/- 8.03%)
Fold: 4 of 50 Acc: 73.53% Mean: 75.42% (+/- 7.04%)
Fold: 5 of 50 Acc: 55.88% Mean: 71.51% (+/- 10.04%)
Fold: 6 of 50 Acc: 70.59% Mean: 71.36% (+/- 9.17%)
Fold: 7 of 50 Acc: 70.59% Mean: 71.25% (+/- 8.49%)
Fold: 8 of 50 Acc: 64.71% Mean: 70.43% (+/- 8.23%)
Fold: 9 of 50 Acc: 41.18% Mean: 67.18% (+/- 12.03%)
Fold: 10 of 50 Acc: 73.53% Mean: 67.82% (+/- 11.57%)
Fold: 11 of 50 Acc: 77.14% Mean: 68.66% (+/- 11.36%)
Fold: 12 of 50 Acc: 68.57% Mean: 68.66% (+/- 10.87%)
Fold: 13 of 50 Acc: 58.82% Mean: 67.90% (+/- 10.77%)
Fold: 14 of 50 Acc: 70.59% Mean: 68.09% (+/- 10.40%)
Fold: 15 of 50 Acc: 67.65% Mean: 68.06% (+/- 10.05%)
Fold: 16 of 50 Acc: 82.35% Mean: 68.95% (+/- 10.33%)
Fold: 17 of 50 Acc: 73.53% Mean: 69.22% (+/- 10.08%)
Fold: 18 of 50 Acc: 67.65% Mean: 69.14% (+/- 9.80%)
Fold: 19 of 50 Acc: 58.82% Mean: 68.59% (+/- 9.81%)
Fold: 20 of 50 Acc: 67.65% Mean: 68.55% (+/- 9.56%)
Fold: 21 of 50 Acc: 62.86% Mean: 68.28% (+/- 9.41%)
Fold: 22 of 50 Acc: 82.86% Mean: 68.94% (+/- 9.68%)
Fold: 23 of 50 Acc: 76.47% Mean: 69.27% (+/- 9.60%)
Fold: 24 of 50 Acc: 76.47% Mean: 69.57% (+/- 9.50%)
Fold: 25 of 50 Acc: 64.71% Mean: 69.37% (+/- 9.36%)
Fold: 26 of 50 Acc: 55.88% Mean: 68.85% (+/- 9.54%)
Fold: 27 of 50 Acc: 67.65% Mean: 68.81% (+/- 9.36%)
Fold: 28 of 50 Acc: 82.35% Mean: 69.29% (+/- 9.53%)
Fold: 29 of 50 Acc: 61.76% Mean: 69.03% (+/- 9.47%)
Fold: 30 of 50 Acc: 73.53% Mean: 69.18% (+/- 9.34%)
Fold: 31 of 50 Acc: 74.29% Mean: 69.35% (+/- 9.23%)
Fold: 32 of 50 Acc: 82.86% Mean: 69.77% (+/- 9.39%)
Fold: 33 of 50 Acc: 79.41% Mean: 70.06% (+/- 9.39%)
Fold: 34 of 50 Acc: 70.59% Mean: 70.08% (+/- 9.25%)
Fold: 35 of 50 Acc: 73.53% Mean: 70.18% (+/- 9.14%)
Fold: 36 of 50 Acc: 58.82% Mean: 69.86% (+/- 9.20%)
Fold: 37 of 50 Acc: 85.29% Mean: 70.28% (+/- 9.41%)
Fold: 38 of 50 Acc: 73.53% Mean: 70.36% (+/- 9.30%)
Fold: 39 of 50 Acc: 85.29% Mean: 70.75% (+/- 9.48%)
Fold: 40 of 50 Acc: 73.53% Mean: 70.82% (+/- 9.37%)
Fold: 41 of 50 Acc: 68.57% Mean: 70.76% (+/- 9.26%)
Fold: 42 of 50 Acc: 82.86% Mean: 71.05% (+/- 9.34%)
Fold: 43 of 50 Acc: 73.53% Mean: 71.11% (+/- 9.24%)
Fold: 44 of 50 Acc: 79.41% Mean: 71.29% (+/- 9.21%)
Fold: 45 of 50 Acc: 70.59% Mean: 71.28% (+/- 9.11%)
Fold: 46 of 50 Acc: 67.65% Mean: 71.20% (+/- 9.03%)
Fold: 47 of 50 Acc: 79.41% Mean: 71.37% (+/- 9.01%)
Fold: 48 of 50 Acc: 50.00% Mean: 70.93% (+/- 9.42%)
Fold: 49 of 50 Acc: 55.88% Mean: 70.62% (+/- 9.57%)
Fold: 50 of 50 Acc: 85.29% Mean: 70.92% (+/- 9.69%)
Model Type: MobileNetV2
Fold: 1 of 50 Acc: 68.57% Mean: 68.57% (+/- 0.00%)
Fold: 2 of 50 Acc: 85.71% Mean: 77.14% (+/- 8.57%)
Fold: 3 of 50 Acc: 79.41% Mean: 77.90% (+/- 7.08%)
Fold: 4 of 50 Acc: 88.24% Mean: 80.48% (+/- 7.59%)
Fold: 5 of 50 Acc: 82.35% Mean: 80.86% (+/- 6.83%)
Fold: 6 of 50 Acc: 79.41% Mean: 80.62% (+/- 6.26%)
Fold: 7 of 50 Acc: 91.18% Mean: 82.12% (+/- 6.87%)
Fold: 8 of 50 Acc: 70.59% Mean: 80.68% (+/- 7.48%)
Fold: 9 of 50 Acc: 91.18% Mean: 81.85% (+/- 7.78%)
Fold: 10 of 50 Acc: 64.71% Mean: 80.13% (+/- 9.00%)
Fold: 11 of 50 Acc: 85.71% Mean: 80.64% (+/- 8.73%)
Fold: 12 of 50 Acc: 82.86% Mean: 80.83% (+/- 8.38%)
Fold: 13 of 50 Acc: 88.24% Mean: 81.40% (+/- 8.29%)
Fold: 14 of 50 Acc: 91.18% Mean: 82.09% (+/- 8.37%)
Fold: 15 of 50 Acc: 94.12% Mean: 82.90% (+/- 8.63%)
Fold: 16 of 50 Acc: 70.59% Mean: 82.13% (+/- 8.87%)
Fold: 17 of 50 Acc: 76.47% Mean: 81.79% (+/- 8.71%)
Fold: 18 of 50 Acc: 91.18% Mean: 82.32% (+/- 8.73%)
Fold: 19 of 50 Acc: 88.24% Mean: 82.63% (+/- 8.60%)
Fold: 20 of 50 Acc: 70.59% Mean: 82.03% (+/- 8.78%)
Fold: 21 of 50 Acc: 77.14% Mean: 81.79% (+/- 8.63%)
Fold: 22 of 50 Acc: 85.71% Mean: 81.97% (+/- 8.48%)
Fold: 23 of 50 Acc: 73.53% Mean: 81.60% (+/- 8.47%)
Fold: 24 of 50 Acc: 70.59% Mean: 81.14% (+/- 8.57%)
Fold: 25 of 50 Acc: 85.29% Mean: 81.31% (+/- 8.44%)
Fold: 26 of 50 Acc: 91.18% Mean: 81.69% (+/- 8.49%)
Fold: 27 of 50 Acc: 82.35% Mean: 81.71% (+/- 8.33%)
Fold: 28 of 50 Acc: 70.59% Mean: 81.32% (+/- 8.44%)
Fold: 29 of 50 Acc: 85.29% Mean: 81.45% (+/- 8.32%)
Fold: 30 of 50 Acc: 73.53% Mean: 81.19% (+/- 8.31%)
Fold: 31 of 50 Acc: 85.71% Mean: 81.34% (+/- 8.21%)
Fold: 32 of 50 Acc: 88.57% Mean: 81.56% (+/- 8.18%)
Fold: 33 of 50 Acc: 61.76% Mean: 80.96% (+/- 8.74%)
Fold: 34 of 50 Acc: 79.41% Mean: 80.92% (+/- 8.62%)
Fold: 35 of 50 Acc: 82.35% Mean: 80.96% (+/- 8.49%)
Fold: 36 of 50 Acc: 88.24% Mean: 81.16% (+/- 8.46%)
Fold: 37 of 50 Acc: 64.71% Mean: 80.72% (+/- 8.76%)
Fold: 38 of 50 Acc: 88.24% Mean: 80.91% (+/- 8.73%)
Fold: 39 of 50 Acc: 88.24% Mean: 81.10% (+/- 8.69%)
Fold: 40 of 50 Acc: 88.24% Mean: 81.28% (+/- 8.66%)
Fold: 41 of 50 Acc: 74.29% Mean: 81.11% (+/- 8.62%)
Fold: 42 of 50 Acc: 91.43% Mean: 81.35% (+/- 8.66%)
Fold: 43 of 50 Acc: 85.29% Mean: 81.45% (+/- 8.58%)
Fold: 44 of 50 Acc: 85.29% Mean: 81.53% (+/- 8.50%)
Fold: 45 of 50 Acc: 73.53% Mean: 81.36% (+/- 8.49%)
Fold: 46 of 50 Acc: 73.53% Mean: 81.19% (+/- 8.47%)
Fold: 47 of 50 Acc: 82.35% Mean: 81.21% (+/- 8.38%)
Fold: 48 of 50 Acc: 79.41% Mean: 81.17% (+/- 8.30%)
Fold: 49 of 50 Acc: 85.29% Mean: 81.26% (+/- 8.23%)
Fold: 50 of 50 Acc: 76.47% Mean: 81.16% (+/- 8.18%)
Model Type: EfficientNetB0
Fold: 1 of 50 Acc: 88.57% Mean: 88.57% (+/- 0.00%)
Fold: 2 of 50 Acc: 94.29% Mean: 91.43% (+/- 2.86%)
Fold: 3 of 50 Acc: 91.18% Mean: 91.34% (+/- 2.34%)
Fold: 4 of 50 Acc: 85.29% Mean: 89.83% (+/- 3.31%)
Fold: 5 of 50 Acc: 76.47% Mean: 87.16% (+/- 6.11%)
Fold: 6 of 50 Acc: 97.06% Mean: 88.81% (+/- 6.69%)
Fold: 7 of 50 Acc: 82.35% Mean: 87.89% (+/- 6.59%)
Fold: 8 of 50 Acc: 79.41% Mean: 86.83% (+/- 6.77%)
Fold: 9 of 50 Acc: 82.35% Mean: 86.33% (+/- 6.54%)
Fold: 10 of 50 Acc: 82.35% Mean: 85.93% (+/- 6.32%)
Fold: 11 of 50 Acc: 88.57% Mean: 86.17% (+/- 6.07%)
Fold: 12 of 50 Acc: 88.57% Mean: 86.37% (+/- 5.85%)
Fold: 13 of 50 Acc: 91.18% Mean: 86.74% (+/- 5.76%)
Fold: 14 of 50 Acc: 94.12% Mean: 87.27% (+/- 5.87%)
Fold: 15 of 50 Acc: 91.18% Mean: 87.53% (+/- 5.75%)
Fold: 16 of 50 Acc: 88.24% Mean: 87.57% (+/- 5.57%)
Fold: 17 of 50 Acc: 82.35% Mean: 87.27% (+/- 5.55%)
Fold: 18 of 50 Acc: 94.12% Mean: 87.65% (+/- 5.61%)
Fold: 19 of 50 Acc: 79.41% Mean: 87.21% (+/- 5.76%)
Fold: 20 of 50 Acc: 82.35% Mean: 86.97% (+/- 5.72%)
Fold: 21 of 50 Acc: 85.71% Mean: 86.91% (+/- 5.59%)
Fold: 22 of 50 Acc: 77.14% Mean: 86.47% (+/- 5.82%)
Fold: 23 of 50 Acc: 82.35% Mean: 86.29% (+/- 5.76%)
Fold: 24 of 50 Acc: 91.18% Mean: 86.49% (+/- 5.72%)
Fold: 25 of 50 Acc: 79.41% Mean: 86.21% (+/- 5.77%)
Fold: 26 of 50 Acc: 91.18% Mean: 86.40% (+/- 5.74%)
Fold: 27 of 50 Acc: 73.53% Mean: 85.92% (+/- 6.14%)
Fold: 28 of 50 Acc: 82.35% Mean: 85.80% (+/- 6.06%)
Fold: 29 of 50 Acc: 94.12% Mean: 86.08% (+/- 6.15%)
Fold: 30 of 50 Acc: 85.29% Mean: 86.06% (+/- 6.05%)
Fold: 31 of 50 Acc: 85.71% Mean: 86.04% (+/- 5.95%)
Fold: 32 of 50 Acc: 94.29% Mean: 86.30% (+/- 6.03%)
Fold: 33 of 50 Acc: 82.35% Mean: 86.18% (+/- 5.97%)
Fold: 34 of 50 Acc: 85.29% Mean: 86.16% (+/- 5.89%)
Fold: 35 of 50 Acc: 91.18% Mean: 86.30% (+/- 5.86%)
Fold: 36 of 50 Acc: 85.29% Mean: 86.27% (+/- 5.78%)
Fold: 37 of 50 Acc: 88.24% Mean: 86.33% (+/- 5.71%)
Fold: 38 of 50 Acc: 85.29% Mean: 86.30% (+/- 5.64%)
Fold: 39 of 50 Acc: 85.29% Mean: 86.27% (+/- 5.57%)
Fold: 40 of 50 Acc: 97.06% Mean: 86.54% (+/- 5.75%)
Fold: 41 of 50 Acc: 97.14% Mean: 86.80% (+/- 5.91%)
Fold: 42 of 50 Acc: 88.57% Mean: 86.84% (+/- 5.85%)
Fold: 43 of 50 Acc: 94.12% Mean: 87.01% (+/- 5.88%)
Fold: 44 of 50 Acc: 88.24% Mean: 87.04% (+/- 5.82%)
Fold: 45 of 50 Acc: 94.12% Mean: 87.20% (+/- 5.85%)
Fold: 46 of 50 Acc: 97.06% Mean: 87.41% (+/- 5.96%)
Fold: 47 of 50 Acc: 88.24% Mean: 87.43% (+/- 5.90%)
Fold: 48 of 50 Acc: 73.53% Mean: 87.14% (+/- 6.16%)
Fold: 49 of 50 Acc: 91.18% Mean: 87.22% (+/- 6.13%)
Fold: 50 of 50 Acc: 88.24% Mean: 87.24% (+/- 6.07%)
Model Type: EfficientNetB1
Fold: 1 of 50 Acc: 65.71% Mean: 65.71% (+/- 0.00%)
Fold: 2 of 50 Acc: 97.14% Mean: 81.43% (+/- 15.71%)
Fold: 3 of 50 Acc: 85.29% Mean: 82.72% (+/- 12.96%)
Fold: 4 of 50 Acc: 85.29% Mean: 83.36% (+/- 11.28%)
Fold: 5 of 50 Acc: 91.18% Mean: 84.92% (+/- 10.56%)
Fold: 6 of 50 Acc: 88.24% Mean: 85.48% (+/- 9.72%)
Fold: 7 of 50 Acc: 85.29% Mean: 85.45% (+/- 9.00%)
Fold: 8 of 50 Acc: 79.41% Mean: 84.70% (+/- 8.65%)
Fold: 9 of 50 Acc: 85.29% Mean: 84.76% (+/- 8.16%)
Fold: 10 of 50 Acc: 94.12% Mean: 85.70% (+/- 8.23%)
Fold: 11 of 50 Acc: 82.86% Mean: 85.44% (+/- 7.89%)
Fold: 12 of 50 Acc: 85.71% Mean: 85.46% (+/- 7.56%)
Fold: 13 of 50 Acc: 94.12% Mean: 86.13% (+/- 7.62%)
Fold: 14 of 50 Acc: 88.24% Mean: 86.28% (+/- 7.36%)
Fold: 15 of 50 Acc: 85.29% Mean: 86.21% (+/- 7.12%)
Fold: 16 of 50 Acc: 97.06% Mean: 86.89% (+/- 7.37%)
Fold: 17 of 50 Acc: 85.29% Mean: 86.80% (+/- 7.16%)
Fold: 18 of 50 Acc: 91.18% Mean: 87.04% (+/- 7.03%)
Fold: 19 of 50 Acc: 82.35% Mean: 86.79% (+/- 6.92%)
Fold: 20 of 50 Acc: 79.41% Mean: 86.42% (+/- 6.94%)
Fold: 21 of 50 Acc: 77.14% Mean: 85.98% (+/- 7.05%)
Fold: 22 of 50 Acc: 74.29% Mean: 85.45% (+/- 7.31%)
Fold: 23 of 50 Acc: 88.24% Mean: 85.57% (+/- 7.17%)
Fold: 24 of 50 Acc: 88.24% Mean: 85.68% (+/- 7.04%)
Fold: 25 of 50 Acc: 82.35% Mean: 85.55% (+/- 6.93%)
Fold: 26 of 50 Acc: 88.24% Mean: 85.65% (+/- 6.81%)
Fold: 27 of 50 Acc: 73.53% Mean: 85.20% (+/- 7.07%)
Fold: 28 of 50 Acc: 82.35% Mean: 85.10% (+/- 6.96%)
Fold: 29 of 50 Acc: 88.24% Mean: 85.21% (+/- 6.86%)
Fold: 30 of 50 Acc: 76.47% Mean: 84.92% (+/- 6.93%)
Fold: 31 of 50 Acc: 80.00% Mean: 84.76% (+/- 6.87%)
Fold: 32 of 50 Acc: 91.43% Mean: 84.97% (+/- 6.86%)
Fold: 33 of 50 Acc: 82.35% Mean: 84.89% (+/- 6.77%)
Fold: 34 of 50 Acc: 79.41% Mean: 84.73% (+/- 6.73%)
Fold: 35 of 50 Acc: 88.24% Mean: 84.83% (+/- 6.66%)
Fold: 36 of 50 Acc: 76.47% Mean: 84.60% (+/- 6.71%)
Fold: 37 of 50 Acc: 79.41% Mean: 84.46% (+/- 6.67%)
Fold: 38 of 50 Acc: 91.18% Mean: 84.63% (+/- 6.67%)
Fold: 39 of 50 Acc: 76.47% Mean: 84.42% (+/- 6.71%)
Fold: 40 of 50 Acc: 97.06% Mean: 84.74% (+/- 6.92%)
Fold: 41 of 50 Acc: 85.71% Mean: 84.76% (+/- 6.83%)
Fold: 42 of 50 Acc: 74.29% Mean: 84.51% (+/- 6.94%)
Fold: 43 of 50 Acc: 91.18% Mean: 84.67% (+/- 6.93%)
Fold: 44 of 50 Acc: 85.29% Mean: 84.68% (+/- 6.85%)
Fold: 45 of 50 Acc: 97.06% Mean: 84.96% (+/- 7.01%)
Fold: 46 of 50 Acc: 88.24% Mean: 85.03% (+/- 6.95%)
Fold: 47 of 50 Acc: 88.24% Mean: 85.10% (+/- 6.90%)
Fold: 48 of 50 Acc: 76.47% Mean: 84.92% (+/- 6.93%)
Fold: 49 of 50 Acc: 85.29% Mean: 84.93% (+/- 6.86%)
Fold: 50 of 50 Acc: 79.41% Mean: 84.82% (+/- 6.84%)
Model Type: EfficientNetB2
Fold: 1 of 50 Acc: 77.14% Mean: 77.14% (+/- 0.00%)
Fold: 2 of 50 Acc: 88.57% Mean: 82.86% (+/- 5.71%)
Fold: 3 of 50 Acc: 85.29% Mean: 83.67% (+/- 4.81%)
Fold: 4 of 50 Acc: 91.18% Mean: 85.55% (+/- 5.28%)
Fold: 5 of 50 Acc: 88.24% Mean: 86.08% (+/- 4.84%)
Fold: 6 of 50 Acc: 88.24% Mean: 86.44% (+/- 4.49%)
Fold: 7 of 50 Acc: 91.18% Mean: 87.12% (+/- 4.48%)
Fold: 8 of 50 Acc: 73.53% Mean: 85.42% (+/- 6.14%)
Fold: 9 of 50 Acc: 85.29% Mean: 85.41% (+/- 5.79%)
Fold: 10 of 50 Acc: 88.24% Mean: 85.69% (+/- 5.56%)
Fold: 11 of 50 Acc: 91.43% Mean: 86.21% (+/- 5.55%)
Fold: 12 of 50 Acc: 94.29% Mean: 86.88% (+/- 5.77%)
Fold: 13 of 50 Acc: 85.29% Mean: 86.76% (+/- 5.56%)
Fold: 14 of 50 Acc: 88.24% Mean: 86.87% (+/- 5.37%)
Fold: 15 of 50 Acc: 85.29% Mean: 86.76% (+/- 5.20%)
Fold: 16 of 50 Acc: 88.24% Mean: 86.85% (+/- 5.05%)
Fold: 17 of 50 Acc: 85.29% Mean: 86.76% (+/- 4.91%)
Fold: 18 of 50 Acc: 94.12% Mean: 87.17% (+/- 5.06%)
Fold: 19 of 50 Acc: 82.35% Mean: 86.92% (+/- 5.04%)
Fold: 20 of 50 Acc: 85.29% Mean: 86.84% (+/- 4.93%)
Fold: 21 of 50 Acc: 85.71% Mean: 86.78% (+/- 4.81%)
Fold: 22 of 50 Acc: 80.00% Mean: 86.47% (+/- 4.91%)
Fold: 23 of 50 Acc: 88.24% Mean: 86.55% (+/- 4.82%)
Fold: 24 of 50 Acc: 91.18% Mean: 86.74% (+/- 4.80%)
Fold: 25 of 50 Acc: 94.12% Mean: 87.04% (+/- 4.92%)
Fold: 26 of 50 Acc: 91.18% Mean: 87.20% (+/- 4.89%)
Fold: 27 of 50 Acc: 76.47% Mean: 86.80% (+/- 5.21%)
Fold: 28 of 50 Acc: 79.41% Mean: 86.54% (+/- 5.30%)
Fold: 29 of 50 Acc: 85.29% Mean: 86.49% (+/- 5.21%)
Fold: 30 of 50 Acc: 76.47% Mean: 86.16% (+/- 5.43%)
Fold: 31 of 50 Acc: 91.43% Mean: 86.33% (+/- 5.42%)
Fold: 32 of 50 Acc: 91.43% Mean: 86.49% (+/- 5.41%)
Fold: 33 of 50 Acc: 85.29% Mean: 86.45% (+/- 5.33%)
Fold: 34 of 50 Acc: 88.24% Mean: 86.51% (+/- 5.26%)
Fold: 35 of 50 Acc: 88.24% Mean: 86.55% (+/- 5.19%)
Fold: 36 of 50 Acc: 88.24% Mean: 86.60% (+/- 5.13%)
Fold: 37 of 50 Acc: 70.59% Mean: 86.17% (+/- 5.69%)
Fold: 38 of 50 Acc: 91.18% Mean: 86.30% (+/- 5.67%)
Fold: 39 of 50 Acc: 94.12% Mean: 86.50% (+/- 5.73%)
Fold: 40 of 50 Acc: 94.12% Mean: 86.69% (+/- 5.78%)
Fold: 41 of 50 Acc: 88.57% Mean: 86.74% (+/- 5.72%)
Fold: 42 of 50 Acc: 88.57% Mean: 86.78% (+/- 5.66%)
Fold: 43 of 50 Acc: 97.06% Mean: 87.02% (+/- 5.80%)
Fold: 44 of 50 Acc: 88.24% Mean: 87.05% (+/- 5.74%)
Fold: 45 of 50 Acc: 94.12% Mean: 87.20% (+/- 5.77%)
Fold: 46 of 50 Acc: 85.29% Mean: 87.16% (+/- 5.71%)
Fold: 47 of 50 Acc: 97.06% Mean: 87.37% (+/- 5.83%)
Fold: 48 of 50 Acc: 67.65% Mean: 86.96% (+/- 6.42%)
Fold: 49 of 50 Acc: 82.35% Mean: 86.87% (+/- 6.39%)
Fold: 50 of 50 Acc: 79.41% Mean: 86.72% (+/- 6.41%)
Model Type: EfficientNetB3
Fold: 1 of 50 Acc: 71.43% Mean: 71.43% (+/- 0.00%)
Fold: 2 of 50 Acc: 91.43% Mean: 81.43% (+/- 10.00%)
Fold: 3 of 50 Acc: 88.24% Mean: 83.70% (+/- 8.77%)
Fold: 4 of 50 Acc: 91.18% Mean: 85.57% (+/- 8.26%)
Fold: 5 of 50 Acc: 88.24% Mean: 86.10% (+/- 7.46%)
Fold: 6 of 50 Acc: 88.24% Mean: 86.46% (+/- 6.86%)
Fold: 7 of 50 Acc: 85.29% Mean: 86.29% (+/- 6.36%)
Fold: 8 of 50 Acc: 82.35% Mean: 85.80% (+/- 6.09%)
Fold: 9 of 50 Acc: 85.29% Mean: 85.74% (+/- 5.75%)
Fold: 10 of 50 Acc: 91.18% Mean: 86.29% (+/- 5.69%)
TensorFlow crashed. Retrying...
Fold: 11 of 50 Acc: 91.43% Mean: 86.75% (+/- 5.62%)
Fold: 12 of 50 Acc: 82.86% Mean: 86.43% (+/- 5.49%)
Fold: 13 of 50 Acc: 91.18% Mean: 86.79% (+/- 5.43%)
Fold: 14 of 50 Acc: 88.24% Mean: 86.90% (+/- 5.24%)
Fold: 15 of 50 Acc: 91.18% Mean: 87.18% (+/- 5.17%)
Fold: 16 of 50 Acc: 79.41% Mean: 86.70% (+/- 5.35%)
Fold: 17 of 50 Acc: 91.18% Mean: 86.96% (+/- 5.30%)
Fold: 18 of 50 Acc: 91.18% Mean: 87.19% (+/- 5.24%)
Fold: 19 of 50 Acc: 91.18% Mean: 87.40% (+/- 5.18%)
Fold: 20 of 50 Acc: 88.24% Mean: 87.45% (+/- 5.05%)
Fold: 21 of 50 Acc: 88.57% Mean: 87.50% (+/- 4.93%)
Fold: 22 of 50 Acc: 85.71% Mean: 87.42% (+/- 4.83%)
Fold: 23 of 50 Acc: 91.18% Mean: 87.58% (+/- 4.79%)
Fold: 24 of 50 Acc: 91.18% Mean: 87.73% (+/- 4.74%)
TensorFlow crashed. Retrying...
Fold: 25 of 50 Acc: 85.29% Mean: 87.63% (+/- 4.67%)
Fold: 26 of 50 Acc: 91.18% Mean: 87.77% (+/- 4.63%)
Fold: 27 of 50 Acc: 73.53% Mean: 87.24% (+/- 5.28%)
TensorFlow crashed. Retrying...
Fold: 28 of 50 Acc: 91.18% Mean: 87.38% (+/- 5.24%)
Fold: 29 of 50 Acc: 85.29% Mean: 87.31% (+/- 5.16%)
Fold: 30 of 50 Acc: 76.47% Mean: 86.95% (+/- 5.43%)
TensorFlow crashed. Retrying...
Fold: 31 of 50 Acc: 85.71% Mean: 86.91% (+/- 5.35%)
Fold: 32 of 50 Acc: 91.43% Mean: 87.05% (+/- 5.32%)
Fold: 33 of 50 Acc: 94.12% Mean: 87.27% (+/- 5.38%)
Fold: 34 of 50 Acc: 82.35% Mean: 87.12% (+/- 5.37%)
Fold: 35 of 50 Acc: 94.12% Mean: 87.32% (+/- 5.41%)
Fold: 36 of 50 Acc: 82.35% Mean: 87.18% (+/- 5.40%)
Fold: 37 of 50 Acc: 88.24% Mean: 87.21% (+/- 5.33%)
Fold: 38 of 50 Acc: 91.18% Mean: 87.32% (+/- 5.30%)
Fold: 39 of 50 Acc: 88.24% Mean: 87.34% (+/- 5.23%)
Fold: 40 of 50 Acc: 94.12% Mean: 87.51% (+/- 5.27%)
TensorFlow crashed. Retrying...
TensorFlow crashed. Retrying...
TensorFlow crashed. Retrying with batch_size=8.
Fold: 41 of 50 Acc: 82.86% Mean: 87.39% (+/- 5.26%)
Fold: 42 of 50 Acc: 80.00% Mean: 87.22% (+/- 5.32%)
Fold: 43 of 50 Acc: 82.35% Mean: 87.11% (+/- 5.30%)
Fold: 44 of 50 Acc: 88.24% Mean: 87.13% (+/- 5.25%)
Fold: 45 of 50 Acc: 88.24% Mean: 87.16% (+/- 5.19%)
Fold: 46 of 50 Acc: 88.24% Mean: 87.18% (+/- 5.14%)
Fold: 47 of 50 Acc: 88.24% Mean: 87.20% (+/- 5.08%)
Fold: 48 of 50 Acc: 85.29% Mean: 87.16% (+/- 5.04%)
Fold: 49 of 50 Acc: 91.18% Mean: 87.24% (+/- 5.02%)
Fold: 50 of 50 Acc: 88.24% Mean: 87.26% (+/- 4.97%)
Model Type: EfficientNetB4
TensorFlow crashed. Retrying...
TensorFlow crashed. Retrying...
TensorFlow crashed. Retrying with batch_size=8.
TensorFlow crashed. Retrying...
TensorFlow crashed. Retrying...
TensorFlow crashed. Retrying with batch_size=4.
Fold: 1 of 50 Acc: 80.00% Mean: 80.00% (+/- 0.00%)
Fold: 2 of 50 Acc: 88.57% Mean: 84.29% (+/- 4.29%)
Fold: 3 of 50 Acc: 88.24% Mean: 85.60% (+/- 3.96%)
Fold: 4 of 50 Acc: 82.35% Mean: 84.79% (+/- 3.71%)
Fold: 5 of 50 Acc: 73.53% Mean: 82.54% (+/- 5.59%)
Fold: 6 of 50 Acc: 85.29% Mean: 83.00% (+/- 5.21%)
Fold: 7 of 50 Acc: 88.24% Mean: 83.75% (+/- 5.16%)
Fold: 8 of 50 Acc: 76.47% Mean: 82.84% (+/- 5.39%)
Fold: 9 of 50 Acc: 82.35% Mean: 82.78% (+/- 5.09%)
Fold: 10 of 50 Acc: 94.12% Mean: 83.92% (+/- 5.90%)
Fold: 11 of 50 Acc: 85.71% Mean: 84.08% (+/- 5.65%)
Fold: 12 of 50 Acc: 77.14% Mean: 83.50% (+/- 5.74%)
Fold: 13 of 50 Acc: 70.59% Mean: 82.51% (+/- 6.50%)
Fold: 14 of 50 Acc: 94.12% Mean: 83.34% (+/- 6.94%)
Fold: 15 of 50 Acc: 85.29% Mean: 83.47% (+/- 6.72%)
Fold: 16 of 50 Acc: 82.35% Mean: 83.40% (+/- 6.52%)
Fold: 17 of 50 Acc: 82.35% Mean: 83.34% (+/- 6.33%)
Fold: 18 of 50 Acc: 91.18% Mean: 83.77% (+/- 6.41%)
Fold: 19 of 50 Acc: 91.18% Mean: 84.16% (+/- 6.45%)
Fold: 20 of 50 Acc: 76.47% Mean: 83.78% (+/- 6.51%)
Fold: 21 of 50 Acc: 88.57% Mean: 84.01% (+/- 6.43%)
Fold: 22 of 50 Acc: 82.86% Mean: 83.95% (+/- 6.29%)
Fold: 23 of 50 Acc: 82.35% Mean: 83.88% (+/- 6.16%)
Fold: 24 of 50 Acc: 79.41% Mean: 83.70% (+/- 6.09%)
Fold: 25 of 50 Acc: 88.24% Mean: 83.88% (+/- 6.04%)
Fold: 26 of 50 Acc: 88.24% Mean: 84.05% (+/- 5.98%)
Fold: 27 of 50 Acc: 70.59% Mean: 83.55% (+/- 6.39%)
Fold: 28 of 50 Acc: 97.06% Mean: 84.03% (+/- 6.76%)
Fold: 29 of 50 Acc: 85.29% Mean: 84.07% (+/- 6.65%)
Fold: 30 of 50 Acc: 82.35% Mean: 84.02% (+/- 6.54%)
Fold: 31 of 50 Acc: 88.57% Mean: 84.16% (+/- 6.49%)
Fold: 32 of 50 Acc: 94.29% Mean: 84.48% (+/- 6.62%)
Fold: 33 of 50 Acc: 76.47% Mean: 84.24% (+/- 6.66%)
Fold: 34 of 50 Acc: 79.41% Mean: 84.10% (+/- 6.62%)
Fold: 35 of 50 Acc: 82.35% Mean: 84.05% (+/- 6.53%)
Fold: 36 of 50 Acc: 85.29% Mean: 84.08% (+/- 6.44%)
Fold: 37 of 50 Acc: 70.59% Mean: 83.72% (+/- 6.72%)
Fold: 38 of 50 Acc: 88.24% Mean: 83.83% (+/- 6.67%)
Fold: 39 of 50 Acc: 88.24% Mean: 83.95% (+/- 6.62%)
Fold: 40 of 50 Acc: 85.29% Mean: 83.98% (+/- 6.54%)
Fold: 41 of 50 Acc: 91.43% Mean: 84.16% (+/- 6.56%)
Fold: 42 of 50 Acc: 77.14% Mean: 84.00% (+/- 6.57%)
Fold: 43 of 50 Acc: 85.29% Mean: 84.03% (+/- 6.50%)
Fold: 44 of 50 Acc: 82.35% Mean: 83.99% (+/- 6.43%)
Fold: 45 of 50 Acc: 85.29% Mean: 84.02% (+/- 6.36%)
Fold: 46 of 50 Acc: 91.18% Mean: 84.17% (+/- 6.37%)
Fold: 47 of 50 Acc: 82.35% Mean: 84.13% (+/- 6.31%)
Fold: 48 of 50 Acc: 85.29% Mean: 84.16% (+/- 6.25%)
Fold: 49 of 50 Acc: 85.29% Mean: 84.18% (+/- 6.19%)
Fold: 50 of 50 Acc: 82.35% Mean: 84.14% (+/- 6.13%)
Model Type: EfficientNetB5
TensorFlow crashed. Retrying...
TensorFlow crashed. Retrying...
TensorFlow crashed. Retrying with batch_size=8.
TensorFlow crashed. Retrying...
TensorFlow crashed. Retrying...
TensorFlow crashed. Retrying with batch_size=4.
TensorFlow crashed. Retrying...
TensorFlow crashed. Retrying...
TensorFlow crashed. Retrying with batch_size=2.
Fold: 1 of 50 Acc: 60.00% Mean: 60.00% (+/- 0.00%)
Fold: 2 of 50 Acc: 60.00% Mean: 60.00% (+/- 0.00%)
Fold: 3 of 50 Acc: 61.76% Mean: 60.59% (+/- 0.83%)
Fold: 4 of 50 Acc: 70.59% Mean: 63.09% (+/- 4.39%)
Fold: 5 of 50 Acc: 64.71% Mean: 63.41% (+/- 3.98%)
Fold: 6 of 50 Acc: 73.53% Mean: 65.10% (+/- 5.24%)
Fold: 7 of 50 Acc: 64.71% Mean: 65.04% (+/- 4.85%)
Fold: 8 of 50 Acc: 55.88% Mean: 63.90% (+/- 5.45%)
Fold: 9 of 50 Acc: 82.35% Mean: 65.95% (+/- 7.75%)
Fold: 10 of 50 Acc: 58.82% Mean: 65.24% (+/- 7.66%)
Fold: 11 of 50 Acc: 65.71% Mean: 65.28% (+/- 7.30%)
Fold: 12 of 50 Acc: 62.86% Mean: 65.08% (+/- 7.02%)
Fold: 13 of 50 Acc: 55.88% Mean: 64.37% (+/- 7.18%)
Fold: 14 of 50 Acc: 70.59% Mean: 64.81% (+/- 7.10%)
Fold: 15 of 50 Acc: 76.47% Mean: 65.59% (+/- 7.45%)
Fold: 16 of 50 Acc: 47.06% Mean: 64.43% (+/- 8.50%)
Fold: 17 of 50 Acc: 61.76% Mean: 64.28% (+/- 8.27%)
Fold: 18 of 50 Acc: 67.65% Mean: 64.46% (+/- 8.07%)
Fold: 19 of 50 Acc: 61.76% Mean: 64.32% (+/- 7.88%)
Fold: 20 of 50 Acc: 55.88% Mean: 63.90% (+/- 7.90%)
Fold: 21 of 50 Acc: 65.71% Mean: 63.99% (+/- 7.71%)
Fold: 22 of 50 Acc: 65.71% Mean: 64.06% (+/- 7.55%)
Fold: 23 of 50 Acc: 61.76% Mean: 63.96% (+/- 7.40%)
Fold: 24 of 50 Acc: 64.71% Mean: 64.00% (+/- 7.24%)
Fold: 25 of 50 Acc: 67.65% Mean: 64.14% (+/- 7.13%)
Fold: 26 of 50 Acc: 67.65% Mean: 64.28% (+/- 7.02%)
Fold: 27 of 50 Acc: 73.53% Mean: 64.62% (+/- 7.11%)
Fold: 28 of 50 Acc: 73.53% Mean: 64.94% (+/- 7.18%)
Fold: 29 of 50 Acc: 70.59% Mean: 65.13% (+/- 7.13%)
Fold: 30 of 50 Acc: 61.76% Mean: 65.02% (+/- 7.03%)
Fold: 31 of 50 Acc: 65.71% Mean: 65.04% (+/- 6.92%)
Fold: 32 of 50 Acc: 51.43% Mean: 64.62% (+/- 7.21%)
Fold: 33 of 50 Acc: 55.88% Mean: 64.35% (+/- 7.26%)
Fold: 34 of 50 Acc: 55.88% Mean: 64.10% (+/- 7.29%)
Fold: 35 of 50 Acc: 64.71% Mean: 64.12% (+/- 7.19%)
Fold: 36 of 50 Acc: 58.82% Mean: 63.97% (+/- 7.14%)
Fold: 37 of 50 Acc: 58.82% Mean: 63.83% (+/- 7.09%)
Fold: 38 of 50 Acc: 55.88% Mean: 63.62% (+/- 7.11%)
Fold: 39 of 50 Acc: 88.24% Mean: 64.26% (+/- 8.03%)
Fold: 40 of 50 Acc: 67.65% Mean: 64.34% (+/- 7.94%)
Fold: 41 of 50 Acc: 74.29% Mean: 64.58% (+/- 7.99%)
Fold: 42 of 50 Acc: 62.86% Mean: 64.54% (+/- 7.90%)
Fold: 43 of 50 Acc: 58.82% Mean: 64.41% (+/- 7.86%)
Fold: 44 of 50 Acc: 61.76% Mean: 64.35% (+/- 7.78%)
Fold: 45 of 50 Acc: 58.82% Mean: 64.23% (+/- 7.73%)
Fold: 46 of 50 Acc: 55.88% Mean: 64.04% (+/- 7.75%)
Fold: 47 of 50 Acc: 58.82% Mean: 63.93% (+/- 7.70%)
Fold: 48 of 50 Acc: 64.71% Mean: 63.95% (+/- 7.62%)
Fold: 49 of 50 Acc: 70.59% Mean: 64.09% (+/- 7.60%)
Fold: 50 of 50 Acc: 58.82% Mean: 63.98% (+/- 7.56%)
Model Type: EfficientNetB6
TensorFlow crashed. Retrying...
TensorFlow crashed. Retrying...
TensorFlow crashed. Retrying with batch_size=8.
TensorFlow crashed. Retrying...
TensorFlow crashed. Retrying...
TensorFlow crashed. Retrying with batch_size=4.
TensorFlow crashed. Retrying...
TensorFlow crashed. Retrying...
TensorFlow crashed. Retrying with batch_size=2.
Fold: 1 of 50 Acc: 74.29% Mean: 74.29% (+/- 0.00%)
Fold: 2 of 50 Acc: 74.29% Mean: 74.29% (+/- 0.00%)
Fold: 3 of 50 Acc: 70.59% Mean: 73.05% (+/- 1.74%)
Fold: 4 of 50 Acc: 79.41% Mean: 74.64% (+/- 3.14%)
Fold: 5 of 50 Acc: 88.24% Mean: 77.36% (+/- 6.12%)
Fold: 6 of 50 Acc: 79.41% Mean: 77.70% (+/- 5.64%)
Fold: 7 of 50 Acc: 67.65% Mean: 76.27% (+/- 6.30%)
Fold: 8 of 50 Acc: 64.71% Mean: 74.82% (+/- 7.02%)
Fold: 9 of 50 Acc: 82.35% Mean: 75.66% (+/- 7.03%)
Fold: 10 of 50 Acc: 70.59% Mean: 75.15% (+/- 6.84%)
Fold: 11 of 50 Acc: 77.14% Mean: 75.33% (+/- 6.55%)
Fold: 12 of 50 Acc: 65.71% Mean: 74.53% (+/- 6.81%)
Fold: 13 of 50 Acc: 82.35% Mean: 75.13% (+/- 6.87%)
Fold: 14 of 50 Acc: 82.35% Mean: 75.65% (+/- 6.87%)
Fold: 15 of 50 Acc: 94.12% Mean: 76.88% (+/- 8.08%)
Fold: 16 of 50 Acc: 67.65% Mean: 76.30% (+/- 8.14%)
Fold: 17 of 50 Acc: 76.47% Mean: 76.31% (+/- 7.89%)
Fold: 18 of 50 Acc: 79.41% Mean: 76.48% (+/- 7.70%)
Fold: 19 of 50 Acc: 76.47% Mean: 76.48% (+/- 7.50%)
Fold: 20 of 50 Acc: 67.65% Mean: 76.04% (+/- 7.56%)
Fold: 21 of 50 Acc: 74.29% Mean: 75.96% (+/- 7.39%)
Fold: 22 of 50 Acc: 62.86% Mean: 75.36% (+/- 7.72%)
Fold: 23 of 50 Acc: 88.24% Mean: 75.92% (+/- 7.99%)
Fold: 24 of 50 Acc: 73.53% Mean: 75.82% (+/- 7.84%)
Fold: 25 of 50 Acc: 76.47% Mean: 75.85% (+/- 7.68%)
Fold: 26 of 50 Acc: 79.41% Mean: 75.99% (+/- 7.56%)
Fold: 27 of 50 Acc: 70.59% Mean: 75.79% (+/- 7.49%)
Fold: 28 of 50 Acc: 70.59% Mean: 75.60% (+/- 7.42%)
Fold: 29 of 50 Acc: 70.59% Mean: 75.43% (+/- 7.34%)
Fold: 30 of 50 Acc: 52.94% Mean: 74.68% (+/- 8.27%)
Fold: 31 of 50 Acc: 77.14% Mean: 74.76% (+/- 8.15%)
Fold: 32 of 50 Acc: 68.57% Mean: 74.56% (+/- 8.09%)
Fold: 33 of 50 Acc: 70.59% Mean: 74.44% (+/- 8.00%)
Fold: 34 of 50 Acc: 79.41% Mean: 74.59% (+/- 7.93%)
Fold: 35 of 50 Acc: 67.65% Mean: 74.39% (+/- 7.90%)
Fold: 36 of 50 Acc: 64.71% Mean: 74.12% (+/- 7.95%)
Fold: 37 of 50 Acc: 64.71% Mean: 73.87% (+/- 7.99%)
Fold: 38 of 50 Acc: 70.59% Mean: 73.78% (+/- 7.90%)
Fold: 39 of 50 Acc: 82.35% Mean: 74.00% (+/- 7.91%)
Fold: 40 of 50 Acc: 91.18% Mean: 74.43% (+/- 8.26%)
Fold: 41 of 50 Acc: 57.14% Mean: 74.01% (+/- 8.58%)
Fold: 42 of 50 Acc: 62.86% Mean: 73.74% (+/- 8.65%)
Fold: 43 of 50 Acc: 73.53% Mean: 73.74% (+/- 8.55%)
Fold: 44 of 50 Acc: 73.53% Mean: 73.73% (+/- 8.45%)
Fold: 45 of 50 Acc: 73.53% Mean: 73.73% (+/- 8.36%)
Fold: 46 of 50 Acc: 76.47% Mean: 73.79% (+/- 8.28%)
Fold: 47 of 50 Acc: 67.65% Mean: 73.66% (+/- 8.23%)
Fold: 48 of 50 Acc: 67.65% Mean: 73.53% (+/- 8.19%)
Fold: 49 of 50 Acc: 76.47% Mean: 73.59% (+/- 8.12%)
Fold: 50 of 50 Acc: 85.29% Mean: 73.83% (+/- 8.20%)
Model Type: EfficientNetB7
TensorFlow crashed. Retrying...
TensorFlow crashed. Retrying...
TensorFlow crashed. Retrying with batch_size=8.
TensorFlow crashed. Retrying...
TensorFlow crashed. Retrying...
TensorFlow crashed. Retrying with batch_size=4.
TensorFlow crashed. Retrying...
TensorFlow crashed. Retrying...
TensorFlow crashed. Retrying with batch_size=2.
TensorFlow crashed. Retrying...
TensorFlow crashed. Retrying...
TensorFlow crashed. Retrying with batch_size=1.
Fold: 1 of 50 Acc: 51.43% Mean: 51.43% (+/- 0.00%)
Fold: 2 of 50 Acc: 45.71% Mean: 48.57% (+/- 2.86%)
Fold: 3 of 50 Acc: 35.29% Mean: 44.15% (+/- 6.68%)
Fold: 4 of 50 Acc: 38.24% Mean: 42.67% (+/- 6.33%)
Fold: 5 of 50 Acc: 52.94% Mean: 44.72% (+/- 6.99%)
Fold: 6 of 50 Acc: 52.94% Mean: 46.09% (+/- 7.08%)
Fold: 7 of 50 Acc: 47.06% Mean: 46.23% (+/- 6.56%)
Fold: 8 of 50 Acc: 38.24% Mean: 45.23% (+/- 6.68%)
Fold: 9 of 50 Acc: 70.59% Mean: 48.05% (+/- 10.16%)
Fold: 10 of 50 Acc: 47.06% Mean: 47.95% (+/- 9.64%)
Fold: 11 of 50 Acc: 42.86% Mean: 47.49% (+/- 9.31%)
Fold: 12 of 50 Acc: 42.86% Mean: 47.10% (+/- 9.01%)
Fold: 13 of 50 Acc: 47.06% Mean: 47.10% (+/- 8.65%)
Fold: 14 of 50 Acc: 61.76% Mean: 48.15% (+/- 9.15%)
Fold: 15 of 50 Acc: 61.76% Mean: 49.05% (+/- 9.47%)
Fold: 16 of 50 Acc: 35.29% Mean: 48.19% (+/- 9.76%)
Fold: 17 of 50 Acc: 55.88% Mean: 48.65% (+/- 9.64%)
Fold: 18 of 50 Acc: 58.82% Mean: 49.21% (+/- 9.65%)
Fold: 19 of 50 Acc: 52.94% Mean: 49.41% (+/- 9.43%)
Fold: 20 of 50 Acc: 52.94% Mean: 49.58% (+/- 9.23%)
Fold: 21 of 50 Acc: 62.86% Mean: 50.22% (+/- 9.44%)
Fold: 22 of 50 Acc: 54.29% Mean: 50.40% (+/- 9.26%)
Fold: 23 of 50 Acc: 55.88% Mean: 50.64% (+/- 9.12%)
Fold: 24 of 50 Acc: 55.88% Mean: 50.86% (+/- 8.99%)
Fold: 25 of 50 Acc: 50.00% Mean: 50.82% (+/- 8.81%)
Fold: 26 of 50 Acc: 55.88% Mean: 51.02% (+/- 8.70%)
Fold: 27 of 50 Acc: 55.88% Mean: 51.20% (+/- 8.58%)
Fold: 28 of 50 Acc: 35.29% Mean: 50.63% (+/- 8.93%)
Fold: 29 of 50 Acc: 58.82% Mean: 50.91% (+/- 8.90%)
Fold: 30 of 50 Acc: 35.29% Mean: 50.39% (+/- 9.19%)
Fold: 31 of 50 Acc: 51.43% Mean: 50.43% (+/- 9.04%)
Fold: 32 of 50 Acc: 45.71% Mean: 50.28% (+/- 8.94%)
Fold: 33 of 50 Acc: 61.76% Mean: 50.63% (+/- 9.02%)
Fold: 34 of 50 Acc: 52.94% Mean: 50.69% (+/- 8.89%)
Fold: 35 of 50 Acc: 55.88% Mean: 50.84% (+/- 8.81%)
Fold: 36 of 50 Acc: 58.82% Mean: 51.06% (+/- 8.78%)
Fold: 37 of 50 Acc: 47.06% Mean: 50.96% (+/- 8.69%)
Fold: 38 of 50 Acc: 44.12% Mean: 50.78% (+/- 8.64%)
Fold: 39 of 50 Acc: 73.53% Mean: 51.36% (+/- 9.26%)
Fold: 40 of 50 Acc: 64.71% Mean: 51.69% (+/- 9.38%)
Fold: 41 of 50 Acc: 51.43% Mean: 51.69% (+/- 9.26%)
Fold: 42 of 50 Acc: 42.86% Mean: 51.48% (+/- 9.25%)
Fold: 43 of 50 Acc: 44.12% Mean: 51.31% (+/- 9.21%)
Fold: 44 of 50 Acc: 55.88% Mean: 51.41% (+/- 9.13%)
Fold: 45 of 50 Acc: 52.94% Mean: 51.44% (+/- 9.03%)
Fold: 46 of 50 Acc: 70.59% Mean: 51.86% (+/- 9.36%)
Fold: 47 of 50 Acc: 58.82% Mean: 52.01% (+/- 9.31%)
Fold: 48 of 50 Acc: 58.82% Mean: 52.15% (+/- 9.26%)
Fold: 49 of 50 Acc: 61.76% Mean: 52.35% (+/- 9.27%)
Fold: 50 of 50 Acc: 55.88% Mean: 52.42% (+/- 9.19%)
