Machine: PRECISION
Date: 04/02/2023 Time: 01:15:39
Config. Number: 13
Alternative Dense Layer: False
Pooling Application Layer: avg
Data Augmentation: False
Data Augmentation Multiplier: 1
Fine Tuning: True
Multi Optimizer: True
Optimizer: Adam
Batch Size: 16
Restore Best Weights: False

Model Type: Xception
Fold: 1 of 50 Acc: 97.14% Mean: 97.14% (+/- 0.00%)
Fold: 2 of 50 Acc: 91.43% Mean: 94.29% (+/- 2.86%)
Fold: 3 of 50 Acc: 97.06% Mean: 95.21% (+/- 2.67%)
Fold: 4 of 50 Acc: 88.24% Mean: 93.47% (+/- 3.81%)
Fold: 5 of 50 Acc: 88.24% Mean: 92.42% (+/- 4.00%)
Fold: 6 of 50 Acc: 91.18% Mean: 92.21% (+/- 3.68%)
Fold: 7 of 50 Acc: 91.18% Mean: 92.06% (+/- 3.42%)
Fold: 8 of 50 Acc: 85.29% Mean: 91.22% (+/- 3.91%)
Fold: 9 of 50 Acc: 88.24% Mean: 90.89% (+/- 3.80%)
Fold: 10 of 50 Acc: 85.29% Mean: 90.33% (+/- 3.98%)
Fold: 11 of 50 Acc: 97.14% Mean: 90.95% (+/- 4.27%)
Fold: 12 of 50 Acc: 91.43% Mean: 90.99% (+/- 4.09%)
Fold: 13 of 50 Acc: 94.12% Mean: 91.23% (+/- 4.02%)
Fold: 14 of 50 Acc: 94.12% Mean: 91.43% (+/- 3.94%)
Fold: 15 of 50 Acc: 91.18% Mean: 91.42% (+/- 3.81%)
Fold: 16 of 50 Acc: 79.41% Mean: 90.67% (+/- 4.69%)
Fold: 17 of 50 Acc: 88.24% Mean: 90.52% (+/- 4.59%)
Fold: 18 of 50 Acc: 88.24% Mean: 90.40% (+/- 4.49%)
Fold: 19 of 50 Acc: 88.24% Mean: 90.28% (+/- 4.40%)
Fold: 20 of 50 Acc: 88.24% Mean: 90.18% (+/- 4.31%)
Fold: 21 of 50 Acc: 85.71% Mean: 89.97% (+/- 4.31%)
Fold: 22 of 50 Acc: 82.86% Mean: 89.64% (+/- 4.47%)
Fold: 23 of 50 Acc: 79.41% Mean: 89.20% (+/- 4.84%)
Fold: 24 of 50 Acc: 97.06% Mean: 89.53% (+/- 4.99%)
Fold: 25 of 50 Acc: 88.24% Mean: 89.48% (+/- 4.90%)
Fold: 26 of 50 Acc: 88.24% Mean: 89.43% (+/- 4.81%)
Fold: 27 of 50 Acc: 91.18% Mean: 89.49% (+/- 4.73%)
Fold: 28 of 50 Acc: 85.29% Mean: 89.34% (+/- 4.71%)
Fold: 29 of 50 Acc: 85.29% Mean: 89.20% (+/- 4.69%)
Fold: 30 of 50 Acc: 97.06% Mean: 89.46% (+/- 4.82%)
Fold: 31 of 50 Acc: 88.57% Mean: 89.44% (+/- 4.74%)
Fold: 32 of 50 Acc: 94.29% Mean: 89.59% (+/- 4.74%)
Fold: 33 of 50 Acc: 88.24% Mean: 89.55% (+/- 4.68%)
Fold: 34 of 50 Acc: 88.24% Mean: 89.51% (+/- 4.61%)
Fold: 35 of 50 Acc: 100.00% Mean: 89.81% (+/- 4.87%)
Fold: 36 of 50 Acc: 91.18% Mean: 89.85% (+/- 4.81%)
Fold: 37 of 50 Acc: 88.24% Mean: 89.80% (+/- 4.75%)
Fold: 38 of 50 Acc: 94.12% Mean: 89.92% (+/- 4.74%)
Fold: 39 of 50 Acc: 85.29% Mean: 89.80% (+/- 4.73%)
Fold: 40 of 50 Acc: 97.06% Mean: 89.98% (+/- 4.81%)
Fold: 41 of 50 Acc: 91.43% Mean: 90.01% (+/- 4.76%)
Fold: 42 of 50 Acc: 94.29% Mean: 90.12% (+/- 4.74%)
Fold: 43 of 50 Acc: 94.12% Mean: 90.21% (+/- 4.73%)
Fold: 44 of 50 Acc: 91.18% Mean: 90.23% (+/- 4.68%)
Fold: 45 of 50 Acc: 91.18% Mean: 90.25% (+/- 4.63%)
Fold: 46 of 50 Acc: 91.18% Mean: 90.27% (+/- 4.58%)
Fold: 47 of 50 Acc: 97.06% Mean: 90.42% (+/- 4.63%)
Fold: 48 of 50 Acc: 85.29% Mean: 90.31% (+/- 4.64%)
Fold: 49 of 50 Acc: 91.18% Mean: 90.33% (+/- 4.60%)
Fold: 50 of 50 Acc: 88.24% Mean: 90.29% (+/- 4.56%)
Model Type: VGG16
Fold: 1 of 50 Acc: 85.71% Mean: 85.71% (+/- 0.00%)
Fold: 2 of 50 Acc: 91.43% Mean: 88.57% (+/- 2.86%)
Fold: 3 of 50 Acc: 82.35% Mean: 86.50% (+/- 3.75%)
Fold: 4 of 50 Acc: 82.35% Mean: 85.46% (+/- 3.71%)
Fold: 5 of 50 Acc: 88.24% Mean: 86.02% (+/- 3.50%)
Fold: 6 of 50 Acc: 88.24% Mean: 86.39% (+/- 3.30%)
Fold: 7 of 50 Acc: 82.35% Mean: 85.81% (+/- 3.36%)
Fold: 8 of 50 Acc: 88.24% Mean: 86.11% (+/- 3.25%)
Fold: 9 of 50 Acc: 82.35% Mean: 85.70% (+/- 3.28%)
Fold: 10 of 50 Acc: 76.47% Mean: 84.77% (+/- 4.17%)
Fold: 11 of 50 Acc: 91.43% Mean: 85.38% (+/- 4.41%)
Fold: 12 of 50 Acc: 82.86% Mean: 85.17% (+/- 4.28%)
Fold: 13 of 50 Acc: 79.41% Mean: 84.73% (+/- 4.39%)
Fold: 14 of 50 Acc: 97.06% Mean: 85.61% (+/- 5.29%)
Fold: 15 of 50 Acc: 82.35% Mean: 85.39% (+/- 5.17%)
Fold: 16 of 50 Acc: 88.24% Mean: 85.57% (+/- 5.06%)
Fold: 17 of 50 Acc: 85.29% Mean: 85.55% (+/- 4.90%)
Fold: 18 of 50 Acc: 85.29% Mean: 85.54% (+/- 4.77%)
Fold: 19 of 50 Acc: 88.24% Mean: 85.68% (+/- 4.68%)
Fold: 20 of 50 Acc: 88.24% Mean: 85.81% (+/- 4.59%)
Fold: 21 of 50 Acc: 94.29% Mean: 86.21% (+/- 4.83%)
Fold: 22 of 50 Acc: 80.00% Mean: 85.93% (+/- 4.90%)
Fold: 23 of 50 Acc: 82.35% Mean: 85.77% (+/- 4.84%)
Fold: 24 of 50 Acc: 91.18% Mean: 86.00% (+/- 4.86%)
Fold: 25 of 50 Acc: 85.29% Mean: 85.97% (+/- 4.77%)
Fold: 26 of 50 Acc: 94.12% Mean: 86.28% (+/- 4.93%)
Fold: 27 of 50 Acc: 79.41% Mean: 86.03% (+/- 5.01%)
Fold: 28 of 50 Acc: 91.18% Mean: 86.21% (+/- 5.01%)
Fold: 29 of 50 Acc: 73.53% Mean: 85.78% (+/- 5.44%)
Fold: 30 of 50 Acc: 79.41% Mean: 85.56% (+/- 5.47%)
Fold: 31 of 50 Acc: 80.00% Mean: 85.38% (+/- 5.47%)
Fold: 32 of 50 Acc: 88.57% Mean: 85.48% (+/- 5.41%)
Fold: 33 of 50 Acc: 85.29% Mean: 85.48% (+/- 5.33%)
Fold: 34 of 50 Acc: 64.71% Mean: 84.87% (+/- 6.32%)
Fold: 35 of 50 Acc: 85.29% Mean: 84.88% (+/- 6.22%)
Fold: 36 of 50 Acc: 94.12% Mean: 85.14% (+/- 6.32%)
Fold: 37 of 50 Acc: 82.35% Mean: 85.06% (+/- 6.25%)
Fold: 38 of 50 Acc: 91.18% Mean: 85.22% (+/- 6.25%)
Fold: 39 of 50 Acc: 82.35% Mean: 85.15% (+/- 6.18%)
Fold: 40 of 50 Acc: 94.12% Mean: 85.37% (+/- 6.26%)
Fold: 41 of 50 Acc: 85.71% Mean: 85.38% (+/- 6.19%)
Fold: 42 of 50 Acc: 88.57% Mean: 85.46% (+/- 6.13%)
Fold: 43 of 50 Acc: 94.12% Mean: 85.66% (+/- 6.20%)
Fold: 44 of 50 Acc: 88.24% Mean: 85.72% (+/- 6.14%)
Fold: 45 of 50 Acc: 94.12% Mean: 85.90% (+/- 6.20%)
Fold: 46 of 50 Acc: 79.41% Mean: 85.76% (+/- 6.20%)
Fold: 47 of 50 Acc: 91.18% Mean: 85.88% (+/- 6.19%)
Fold: 48 of 50 Acc: 73.53% Mean: 85.62% (+/- 6.37%)
Fold: 49 of 50 Acc: 79.41% Mean: 85.49% (+/- 6.37%)
Fold: 50 of 50 Acc: 82.35% Mean: 85.43% (+/- 6.32%)
Model Type: VGG19
Fold: 1 of 50 Acc: 77.14% Mean: 77.14% (+/- 0.00%)
Fold: 2 of 50 Acc: 88.57% Mean: 82.86% (+/- 5.71%)
Fold: 3 of 50 Acc: 94.12% Mean: 86.61% (+/- 7.07%)
Fold: 4 of 50 Acc: 88.24% Mean: 87.02% (+/- 6.16%)
Fold: 5 of 50 Acc: 91.18% Mean: 87.85% (+/- 5.76%)
Fold: 6 of 50 Acc: 91.18% Mean: 88.40% (+/- 5.40%)
Fold: 7 of 50 Acc: 79.41% Mean: 87.12% (+/- 5.91%)
Fold: 8 of 50 Acc: 85.29% Mean: 86.89% (+/- 5.56%)
Fold: 9 of 50 Acc: 85.29% Mean: 86.71% (+/- 5.26%)
Fold: 10 of 50 Acc: 79.41% Mean: 85.98% (+/- 5.45%)
Fold: 11 of 50 Acc: 91.43% Mean: 86.48% (+/- 5.43%)
Fold: 12 of 50 Acc: 85.71% Mean: 86.41% (+/- 5.20%)
Fold: 13 of 50 Acc: 94.12% Mean: 87.01% (+/- 5.40%)
Fold: 14 of 50 Acc: 97.06% Mean: 87.73% (+/- 5.82%)
Fold: 15 of 50 Acc: 85.29% Mean: 87.56% (+/- 5.65%)
Fold: 16 of 50 Acc: 79.41% Mean: 87.05% (+/- 5.82%)
Fold: 17 of 50 Acc: 85.29% Mean: 86.95% (+/- 5.66%)
Fold: 18 of 50 Acc: 91.18% Mean: 87.18% (+/- 5.58%)
Fold: 19 of 50 Acc: 85.29% Mean: 87.09% (+/- 5.45%)
Fold: 20 of 50 Acc: 85.29% Mean: 87.00% (+/- 5.33%)
Fold: 21 of 50 Acc: 88.57% Mean: 87.07% (+/- 5.21%)
Fold: 22 of 50 Acc: 82.86% Mean: 86.88% (+/- 5.16%)
Fold: 23 of 50 Acc: 88.24% Mean: 86.94% (+/- 5.06%)
Fold: 24 of 50 Acc: 94.12% Mean: 87.24% (+/- 5.16%)
Fold: 25 of 50 Acc: 85.29% Mean: 87.16% (+/- 5.07%)
Fold: 26 of 50 Acc: 91.18% Mean: 87.31% (+/- 5.03%)
Fold: 27 of 50 Acc: 82.35% Mean: 87.13% (+/- 5.02%)
Fold: 28 of 50 Acc: 82.35% Mean: 86.96% (+/- 5.01%)
Fold: 29 of 50 Acc: 82.35% Mean: 86.80% (+/- 4.99%)
Fold: 30 of 50 Acc: 79.41% Mean: 86.55% (+/- 5.09%)
Fold: 31 of 50 Acc: 74.29% Mean: 86.16% (+/- 5.45%)
Fold: 32 of 50 Acc: 91.43% Mean: 86.32% (+/- 5.44%)
Fold: 33 of 50 Acc: 88.24% Mean: 86.38% (+/- 5.37%)
Fold: 34 of 50 Acc: 82.35% Mean: 86.26% (+/- 5.34%)
Fold: 35 of 50 Acc: 94.12% Mean: 86.49% (+/- 5.42%)
Fold: 36 of 50 Acc: 91.18% Mean: 86.62% (+/- 5.40%)
Fold: 37 of 50 Acc: 82.35% Mean: 86.50% (+/- 5.37%)
Fold: 38 of 50 Acc: 97.06% Mean: 86.78% (+/- 5.56%)
Fold: 39 of 50 Acc: 94.12% Mean: 86.97% (+/- 5.61%)
Fold: 40 of 50 Acc: 88.24% Mean: 87.00% (+/- 5.54%)
Fold: 41 of 50 Acc: 80.00% Mean: 86.83% (+/- 5.58%)
Fold: 42 of 50 Acc: 82.86% Mean: 86.73% (+/- 5.55%)
Fold: 43 of 50 Acc: 88.24% Mean: 86.77% (+/- 5.49%)
Fold: 44 of 50 Acc: 94.12% Mean: 86.94% (+/- 5.53%)
Fold: 45 of 50 Acc: 82.35% Mean: 86.83% (+/- 5.51%)
Fold: 46 of 50 Acc: 88.24% Mean: 86.87% (+/- 5.46%)
Fold: 47 of 50 Acc: 85.29% Mean: 86.83% (+/- 5.40%)
Fold: 48 of 50 Acc: 82.35% Mean: 86.74% (+/- 5.39%)
Fold: 49 of 50 Acc: 82.35% Mean: 86.65% (+/- 5.37%)
Fold: 50 of 50 Acc: 94.12% Mean: 86.80% (+/- 5.41%)
Model Type: ResNet50
Fold: 1 of 50 Acc: 85.71% Mean: 85.71% (+/- 0.00%)
Fold: 2 of 50 Acc: 94.29% Mean: 90.00% (+/- 4.29%)
Fold: 3 of 50 Acc: 91.18% Mean: 90.39% (+/- 3.54%)
Fold: 4 of 50 Acc: 79.41% Mean: 87.65% (+/- 5.66%)
Fold: 5 of 50 Acc: 91.18% Mean: 88.35% (+/- 5.25%)
Fold: 6 of 50 Acc: 82.35% Mean: 87.35% (+/- 5.29%)
Fold: 7 of 50 Acc: 91.18% Mean: 87.90% (+/- 5.08%)
Fold: 8 of 50 Acc: 82.35% Mean: 87.21% (+/- 5.09%)
Fold: 9 of 50 Acc: 79.41% Mean: 86.34% (+/- 5.39%)
Fold: 10 of 50 Acc: 88.24% Mean: 86.53% (+/- 5.15%)
Fold: 11 of 50 Acc: 97.14% Mean: 87.49% (+/- 5.78%)
Fold: 12 of 50 Acc: 82.86% Mean: 87.11% (+/- 5.68%)
Fold: 13 of 50 Acc: 85.29% Mean: 86.97% (+/- 5.48%)
Fold: 14 of 50 Acc: 94.12% Mean: 87.48% (+/- 5.59%)
Fold: 15 of 50 Acc: 94.12% Mean: 87.92% (+/- 5.65%)
Fold: 16 of 50 Acc: 88.24% Mean: 87.94% (+/- 5.47%)
Fold: 17 of 50 Acc: 94.12% Mean: 88.30% (+/- 5.50%)
Fold: 18 of 50 Acc: 91.18% Mean: 88.46% (+/- 5.39%)
Fold: 19 of 50 Acc: 88.24% Mean: 88.45% (+/- 5.24%)
Fold: 20 of 50 Acc: 82.35% Mean: 88.15% (+/- 5.28%)
Fold: 21 of 50 Acc: 77.14% Mean: 87.62% (+/- 5.66%)
Fold: 22 of 50 Acc: 82.86% Mean: 87.41% (+/- 5.62%)
Fold: 23 of 50 Acc: 85.29% Mean: 87.31% (+/- 5.51%)
Fold: 24 of 50 Acc: 94.12% Mean: 87.60% (+/- 5.57%)
Fold: 25 of 50 Acc: 82.35% Mean: 87.39% (+/- 5.55%)
Fold: 26 of 50 Acc: 97.06% Mean: 87.76% (+/- 5.75%)
Fold: 27 of 50 Acc: 91.18% Mean: 87.89% (+/- 5.68%)
Fold: 28 of 50 Acc: 85.29% Mean: 87.79% (+/- 5.60%)
Fold: 29 of 50 Acc: 91.18% Mean: 87.91% (+/- 5.53%)
Fold: 30 of 50 Acc: 79.41% Mean: 87.63% (+/- 5.65%)
Fold: 31 of 50 Acc: 85.71% Mean: 87.57% (+/- 5.57%)
Fold: 32 of 50 Acc: 97.14% Mean: 87.87% (+/- 5.73%)
Fold: 33 of 50 Acc: 82.35% Mean: 87.70% (+/- 5.72%)
Fold: 34 of 50 Acc: 76.47% Mean: 87.37% (+/- 5.95%)
Fold: 35 of 50 Acc: 82.35% Mean: 87.22% (+/- 5.92%)
Fold: 36 of 50 Acc: 94.12% Mean: 87.42% (+/- 5.95%)
Fold: 37 of 50 Acc: 79.41% Mean: 87.20% (+/- 6.01%)
Fold: 38 of 50 Acc: 94.12% Mean: 87.38% (+/- 6.03%)
Fold: 39 of 50 Acc: 88.24% Mean: 87.40% (+/- 5.95%)
Fold: 40 of 50 Acc: 94.12% Mean: 87.57% (+/- 5.97%)
Fold: 41 of 50 Acc: 88.57% Mean: 87.60% (+/- 5.90%)
Fold: 42 of 50 Acc: 71.43% Mean: 87.21% (+/- 6.33%)
Fold: 43 of 50 Acc: 94.12% Mean: 87.37% (+/- 6.34%)
Fold: 44 of 50 Acc: 94.12% Mean: 87.52% (+/- 6.35%)
Fold: 45 of 50 Acc: 88.24% Mean: 87.54% (+/- 6.28%)
Fold: 46 of 50 Acc: 82.35% Mean: 87.43% (+/- 6.26%)
Fold: 47 of 50 Acc: 97.06% Mean: 87.63% (+/- 6.34%)
Fold: 48 of 50 Acc: 85.29% Mean: 87.58% (+/- 6.29%)
Fold: 49 of 50 Acc: 91.18% Mean: 87.66% (+/- 6.24%)
Fold: 50 of 50 Acc: 85.29% Mean: 87.61% (+/- 6.19%)
Model Type: ResNet101
Fold: 1 of 50 Acc: 74.29% Mean: 74.29% (+/- 0.00%)
Fold: 2 of 50 Acc: 91.43% Mean: 82.86% (+/- 8.57%)
Fold: 3 of 50 Acc: 88.24% Mean: 84.65% (+/- 7.44%)
Fold: 4 of 50 Acc: 94.12% Mean: 87.02% (+/- 7.64%)
Fold: 5 of 50 Acc: 91.18% Mean: 87.85% (+/- 7.03%)
Fold: 6 of 50 Acc: 79.41% Mean: 86.44% (+/- 7.15%)
Fold: 7 of 50 Acc: 73.53% Mean: 84.60% (+/- 8.01%)
Fold: 8 of 50 Acc: 88.24% Mean: 85.05% (+/- 7.59%)
Fold: 9 of 50 Acc: 82.35% Mean: 84.75% (+/- 7.21%)
Fold: 10 of 50 Acc: 85.29% Mean: 84.81% (+/- 6.84%)
Fold: 11 of 50 Acc: 91.43% Mean: 85.41% (+/- 6.79%)
Fold: 12 of 50 Acc: 80.00% Mean: 84.96% (+/- 6.67%)
Fold: 13 of 50 Acc: 91.18% Mean: 85.44% (+/- 6.62%)
Fold: 14 of 50 Acc: 85.29% Mean: 85.43% (+/- 6.38%)
Fold: 15 of 50 Acc: 94.12% Mean: 86.01% (+/- 6.54%)
Fold: 16 of 50 Acc: 82.35% Mean: 85.78% (+/- 6.39%)
Fold: 17 of 50 Acc: 91.18% Mean: 86.09% (+/- 6.33%)
Fold: 18 of 50 Acc: 91.18% Mean: 86.38% (+/- 6.26%)
Fold: 19 of 50 Acc: 88.24% Mean: 86.48% (+/- 6.11%)
Fold: 20 of 50 Acc: 91.18% Mean: 86.71% (+/- 6.04%)
Fold: 21 of 50 Acc: 80.00% Mean: 86.39% (+/- 6.06%)
Fold: 22 of 50 Acc: 77.14% Mean: 85.97% (+/- 6.23%)
Fold: 23 of 50 Acc: 82.35% Mean: 85.81% (+/- 6.14%)
Fold: 24 of 50 Acc: 85.29% Mean: 85.79% (+/- 6.01%)
Fold: 25 of 50 Acc: 82.35% Mean: 85.65% (+/- 5.93%)
Fold: 26 of 50 Acc: 94.12% Mean: 85.98% (+/- 6.03%)
Fold: 27 of 50 Acc: 82.35% Mean: 85.85% (+/- 5.96%)
Fold: 28 of 50 Acc: 79.41% Mean: 85.62% (+/- 5.97%)
Fold: 29 of 50 Acc: 91.18% Mean: 85.81% (+/- 5.96%)
Fold: 30 of 50 Acc: 82.35% Mean: 85.69% (+/- 5.89%)
Fold: 31 of 50 Acc: 88.57% Mean: 85.78% (+/- 5.82%)
Fold: 32 of 50 Acc: 91.43% Mean: 85.96% (+/- 5.81%)
Fold: 33 of 50 Acc: 88.24% Mean: 86.03% (+/- 5.73%)
Fold: 34 of 50 Acc: 79.41% Mean: 85.84% (+/- 5.76%)
Fold: 35 of 50 Acc: 88.24% Mean: 85.90% (+/- 5.69%)
Fold: 36 of 50 Acc: 88.24% Mean: 85.97% (+/- 5.62%)
Fold: 37 of 50 Acc: 85.29% Mean: 85.95% (+/- 5.55%)
Fold: 38 of 50 Acc: 91.18% Mean: 86.09% (+/- 5.54%)
Fold: 39 of 50 Acc: 82.35% Mean: 85.99% (+/- 5.50%)
Fold: 40 of 50 Acc: 97.06% Mean: 86.27% (+/- 5.70%)
Fold: 41 of 50 Acc: 88.57% Mean: 86.33% (+/- 5.64%)
Fold: 42 of 50 Acc: 88.57% Mean: 86.38% (+/- 5.58%)
Fold: 43 of 50 Acc: 97.06% Mean: 86.63% (+/- 5.75%)
Fold: 44 of 50 Acc: 88.24% Mean: 86.66% (+/- 5.69%)
Fold: 45 of 50 Acc: 94.12% Mean: 86.83% (+/- 5.73%)
Fold: 46 of 50 Acc: 82.35% Mean: 86.73% (+/- 5.70%)
Fold: 47 of 50 Acc: 88.24% Mean: 86.76% (+/- 5.65%)
Fold: 48 of 50 Acc: 79.41% Mean: 86.61% (+/- 5.68%)
Fold: 49 of 50 Acc: 79.41% Mean: 86.46% (+/- 5.72%)
Fold: 50 of 50 Acc: 76.47% Mean: 86.26% (+/- 5.83%)
Model Type: ResNet152
Fold: 1 of 50 Acc: 77.14% Mean: 77.14% (+/- 0.00%)
Fold: 2 of 50 Acc: 91.43% Mean: 84.29% (+/- 7.14%)
Fold: 3 of 50 Acc: 79.41% Mean: 82.66% (+/- 6.27%)
Fold: 4 of 50 Acc: 94.12% Mean: 85.53% (+/- 7.35%)
Fold: 5 of 50 Acc: 88.24% Mean: 86.07% (+/- 6.67%)
Fold: 6 of 50 Acc: 85.29% Mean: 85.94% (+/- 6.09%)
Fold: 7 of 50 Acc: 85.29% Mean: 85.85% (+/- 5.64%)
Fold: 8 of 50 Acc: 85.29% Mean: 85.78% (+/- 5.28%)
Fold: 9 of 50 Acc: 91.18% Mean: 86.38% (+/- 5.26%)
Fold: 10 of 50 Acc: 88.24% Mean: 86.56% (+/- 5.02%)
Fold: 11 of 50 Acc: 91.43% Mean: 87.01% (+/- 4.99%)
Fold: 12 of 50 Acc: 80.00% Mean: 86.42% (+/- 5.15%)
Fold: 13 of 50 Acc: 91.18% Mean: 86.79% (+/- 5.11%)
Fold: 14 of 50 Acc: 91.18% Mean: 87.10% (+/- 5.05%)
Fold: 15 of 50 Acc: 85.29% Mean: 86.98% (+/- 4.90%)
Fold: 16 of 50 Acc: 82.35% Mean: 86.69% (+/- 4.88%)
Fold: 17 of 50 Acc: 85.29% Mean: 86.61% (+/- 4.74%)
Fold: 18 of 50 Acc: 91.18% Mean: 86.86% (+/- 4.73%)
Fold: 19 of 50 Acc: 88.24% Mean: 86.93% (+/- 4.61%)
Fold: 20 of 50 Acc: 76.47% Mean: 86.41% (+/- 5.04%)
Fold: 21 of 50 Acc: 80.00% Mean: 86.11% (+/- 5.10%)
Fold: 22 of 50 Acc: 88.57% Mean: 86.22% (+/- 5.01%)
Fold: 23 of 50 Acc: 70.59% Mean: 85.54% (+/- 5.85%)
Fold: 24 of 50 Acc: 91.18% Mean: 85.77% (+/- 5.84%)
Fold: 25 of 50 Acc: 70.59% Mean: 85.17% (+/- 6.45%)
Fold: 26 of 50 Acc: 91.18% Mean: 85.40% (+/- 6.42%)
Fold: 27 of 50 Acc: 82.35% Mean: 85.28% (+/- 6.33%)
Fold: 28 of 50 Acc: 97.06% Mean: 85.71% (+/- 6.59%)
Fold: 29 of 50 Acc: 94.12% Mean: 86.00% (+/- 6.65%)
Fold: 30 of 50 Acc: 88.24% Mean: 86.07% (+/- 6.56%)
Fold: 31 of 50 Acc: 85.71% Mean: 86.06% (+/- 6.45%)
Fold: 32 of 50 Acc: 91.43% Mean: 86.23% (+/- 6.42%)
Fold: 33 of 50 Acc: 88.24% Mean: 86.29% (+/- 6.33%)
Fold: 34 of 50 Acc: 76.47% Mean: 86.00% (+/- 6.45%)
Fold: 35 of 50 Acc: 94.12% Mean: 86.23% (+/- 6.50%)
Fold: 36 of 50 Acc: 85.29% Mean: 86.20% (+/- 6.41%)
Fold: 37 of 50 Acc: 79.41% Mean: 86.02% (+/- 6.42%)
Fold: 38 of 50 Acc: 91.18% Mean: 86.16% (+/- 6.39%)
Fold: 39 of 50 Acc: 94.12% Mean: 86.36% (+/- 6.43%)
Fold: 40 of 50 Acc: 85.29% Mean: 86.33% (+/- 6.35%)
Fold: 41 of 50 Acc: 91.43% Mean: 86.46% (+/- 6.32%)
Fold: 42 of 50 Acc: 82.86% Mean: 86.37% (+/- 6.27%)
Fold: 43 of 50 Acc: 88.24% Mean: 86.42% (+/- 6.20%)
Fold: 44 of 50 Acc: 79.41% Mean: 86.26% (+/- 6.22%)
Fold: 45 of 50 Acc: 91.18% Mean: 86.37% (+/- 6.19%)
Fold: 46 of 50 Acc: 85.29% Mean: 86.34% (+/- 6.13%)
Fold: 47 of 50 Acc: 97.06% Mean: 86.57% (+/- 6.26%)
Fold: 48 of 50 Acc: 82.35% Mean: 86.48% (+/- 6.22%)
Fold: 49 of 50 Acc: 88.24% Mean: 86.52% (+/- 6.16%)
Fold: 50 of 50 Acc: 79.41% Mean: 86.38% (+/- 6.18%)
Model Type: ResNet50V2
Fold: 1 of 50 Acc: 71.43% Mean: 71.43% (+/- 0.00%)
Fold: 2 of 50 Acc: 85.71% Mean: 78.57% (+/- 7.14%)
Fold: 3 of 50 Acc: 88.24% Mean: 81.79% (+/- 7.40%)
Fold: 4 of 50 Acc: 82.35% Mean: 81.93% (+/- 6.41%)
Fold: 5 of 50 Acc: 94.12% Mean: 84.37% (+/- 7.53%)
Fold: 6 of 50 Acc: 88.24% Mean: 85.01% (+/- 7.02%)
Fold: 7 of 50 Acc: 88.24% Mean: 85.47% (+/- 6.60%)
Fold: 8 of 50 Acc: 85.29% Mean: 85.45% (+/- 6.17%)
Fold: 9 of 50 Acc: 85.29% Mean: 85.43% (+/- 5.82%)
Fold: 10 of 50 Acc: 91.18% Mean: 86.01% (+/- 5.78%)
Fold: 11 of 50 Acc: 82.86% Mean: 85.72% (+/- 5.59%)
Fold: 12 of 50 Acc: 82.86% Mean: 85.48% (+/- 5.41%)
Fold: 13 of 50 Acc: 88.24% Mean: 85.69% (+/- 5.25%)
Fold: 14 of 50 Acc: 94.12% Mean: 86.30% (+/- 5.50%)
Fold: 15 of 50 Acc: 91.18% Mean: 86.62% (+/- 5.45%)
Fold: 16 of 50 Acc: 82.35% Mean: 86.36% (+/- 5.38%)
Fold: 17 of 50 Acc: 88.24% Mean: 86.47% (+/- 5.24%)
Fold: 18 of 50 Acc: 88.24% Mean: 86.56% (+/- 5.11%)
Fold: 19 of 50 Acc: 91.18% Mean: 86.81% (+/- 5.08%)
Fold: 20 of 50 Acc: 85.29% Mean: 86.73% (+/- 4.96%)
Fold: 21 of 50 Acc: 74.29% Mean: 86.14% (+/- 5.52%)
Fold: 22 of 50 Acc: 82.86% Mean: 85.99% (+/- 5.43%)
Fold: 23 of 50 Acc: 88.24% Mean: 86.09% (+/- 5.33%)
Fold: 24 of 50 Acc: 82.35% Mean: 85.93% (+/- 5.27%)
Fold: 25 of 50 Acc: 82.35% Mean: 85.79% (+/- 5.22%)
Fold: 26 of 50 Acc: 91.18% Mean: 86.00% (+/- 5.22%)
Fold: 27 of 50 Acc: 82.35% Mean: 85.86% (+/- 5.17%)
Fold: 28 of 50 Acc: 88.24% Mean: 85.95% (+/- 5.09%)
Fold: 29 of 50 Acc: 88.24% Mean: 86.02% (+/- 5.02%)
Fold: 30 of 50 Acc: 76.47% Mean: 85.71% (+/- 5.23%)
Fold: 31 of 50 Acc: 80.00% Mean: 85.52% (+/- 5.24%)
Fold: 32 of 50 Acc: 85.71% Mean: 85.53% (+/- 5.16%)
Fold: 33 of 50 Acc: 85.29% Mean: 85.52% (+/- 5.08%)
Fold: 34 of 50 Acc: 79.41% Mean: 85.34% (+/- 5.11%)
Fold: 35 of 50 Acc: 91.18% Mean: 85.51% (+/- 5.13%)
Fold: 36 of 50 Acc: 85.29% Mean: 85.50% (+/- 5.06%)
Fold: 37 of 50 Acc: 79.41% Mean: 85.34% (+/- 5.08%)
Fold: 38 of 50 Acc: 94.12% Mean: 85.57% (+/- 5.21%)
Fold: 39 of 50 Acc: 88.24% Mean: 85.64% (+/- 5.16%)
Fold: 40 of 50 Acc: 88.24% Mean: 85.70% (+/- 5.11%)
Fold: 41 of 50 Acc: 88.57% Mean: 85.77% (+/- 5.07%)
Fold: 42 of 50 Acc: 80.00% Mean: 85.63% (+/- 5.08%)
Fold: 43 of 50 Acc: 94.12% Mean: 85.83% (+/- 5.18%)
Fold: 44 of 50 Acc: 91.18% Mean: 85.95% (+/- 5.19%)
Fold: 45 of 50 Acc: 85.29% Mean: 85.94% (+/- 5.13%)
Fold: 46 of 50 Acc: 91.18% Mean: 86.05% (+/- 5.13%)
Fold: 47 of 50 Acc: 91.18% Mean: 86.16% (+/- 5.13%)
Fold: 48 of 50 Acc: 73.53% Mean: 85.90% (+/- 5.39%)
Fold: 49 of 50 Acc: 85.29% Mean: 85.89% (+/- 5.33%)
Fold: 50 of 50 Acc: 85.29% Mean: 85.87% (+/- 5.28%)
Model Type: ResNet101V2
Fold: 1 of 50 Acc: 85.71% Mean: 85.71% (+/- 0.00%)
Fold: 2 of 50 Acc: 77.14% Mean: 81.43% (+/- 4.29%)
Fold: 3 of 50 Acc: 91.18% Mean: 84.68% (+/- 5.78%)
Fold: 4 of 50 Acc: 88.24% Mean: 85.57% (+/- 5.23%)
Fold: 5 of 50 Acc: 94.12% Mean: 87.28% (+/- 5.80%)
Fold: 6 of 50 Acc: 85.29% Mean: 86.95% (+/- 5.34%)
Fold: 7 of 50 Acc: 79.41% Mean: 85.87% (+/- 5.61%)
Fold: 8 of 50 Acc: 88.24% Mean: 86.17% (+/- 5.30%)
Fold: 9 of 50 Acc: 94.12% Mean: 87.05% (+/- 5.59%)
Fold: 10 of 50 Acc: 85.29% Mean: 86.87% (+/- 5.33%)
Fold: 11 of 50 Acc: 88.57% Mean: 87.03% (+/- 5.10%)
Fold: 12 of 50 Acc: 85.71% Mean: 86.92% (+/- 4.90%)
Fold: 13 of 50 Acc: 94.12% Mean: 87.47% (+/- 5.08%)
Fold: 14 of 50 Acc: 91.18% Mean: 87.74% (+/- 4.99%)
Fold: 15 of 50 Acc: 94.12% Mean: 88.16% (+/- 5.08%)
Fold: 16 of 50 Acc: 91.18% Mean: 88.35% (+/- 4.97%)
Fold: 17 of 50 Acc: 82.35% Mean: 88.00% (+/- 5.02%)
Fold: 18 of 50 Acc: 79.41% Mean: 87.52% (+/- 5.26%)
Fold: 19 of 50 Acc: 94.12% Mean: 87.87% (+/- 5.33%)
Fold: 20 of 50 Acc: 79.41% Mean: 87.45% (+/- 5.51%)
Fold: 21 of 50 Acc: 77.14% Mean: 86.95% (+/- 5.81%)
Fold: 22 of 50 Acc: 88.57% Mean: 87.03% (+/- 5.69%)
Fold: 23 of 50 Acc: 85.29% Mean: 86.95% (+/- 5.57%)
Fold: 24 of 50 Acc: 91.18% Mean: 87.13% (+/- 5.52%)
Fold: 25 of 50 Acc: 91.18% Mean: 87.29% (+/- 5.47%)
Fold: 26 of 50 Acc: 91.18% Mean: 87.44% (+/- 5.41%)
Fold: 27 of 50 Acc: 85.29% Mean: 87.36% (+/- 5.33%)
Fold: 28 of 50 Acc: 88.24% Mean: 87.39% (+/- 5.23%)
Fold: 29 of 50 Acc: 82.35% Mean: 87.22% (+/- 5.22%)
Fold: 30 of 50 Acc: 85.29% Mean: 87.15% (+/- 5.15%)
Fold: 31 of 50 Acc: 88.57% Mean: 87.20% (+/- 5.07%)
Fold: 32 of 50 Acc: 94.29% Mean: 87.42% (+/- 5.14%)
Fold: 33 of 50 Acc: 91.18% Mean: 87.54% (+/- 5.10%)
Fold: 34 of 50 Acc: 85.29% Mean: 87.47% (+/- 5.04%)
Fold: 35 of 50 Acc: 94.12% Mean: 87.66% (+/- 5.09%)
Fold: 36 of 50 Acc: 82.35% Mean: 87.51% (+/- 5.09%)
Fold: 37 of 50 Acc: 85.29% Mean: 87.45% (+/- 5.04%)
Fold: 38 of 50 Acc: 91.18% Mean: 87.55% (+/- 5.01%)
Fold: 39 of 50 Acc: 94.12% Mean: 87.72% (+/- 5.05%)
Fold: 40 of 50 Acc: 88.24% Mean: 87.73% (+/- 4.99%)
Fold: 41 of 50 Acc: 91.43% Mean: 87.82% (+/- 4.96%)
Fold: 42 of 50 Acc: 88.57% Mean: 87.84% (+/- 4.90%)
Fold: 43 of 50 Acc: 91.18% Mean: 87.92% (+/- 4.87%)
Fold: 44 of 50 Acc: 85.29% Mean: 87.86% (+/- 4.83%)
Fold: 45 of 50 Acc: 94.12% Mean: 88.00% (+/- 4.86%)
Fold: 46 of 50 Acc: 91.18% Mean: 88.07% (+/- 4.83%)
Fold: 47 of 50 Acc: 88.24% Mean: 88.07% (+/- 4.78%)
Fold: 48 of 50 Acc: 73.53% Mean: 87.77% (+/- 5.17%)
Fold: 49 of 50 Acc: 91.18% Mean: 87.84% (+/- 5.14%)
Fold: 50 of 50 Acc: 85.29% Mean: 87.78% (+/- 5.10%)
Model Type: ResNet152V2
Fold: 1 of 50 Acc: 77.14% Mean: 77.14% (+/- 0.00%)
Fold: 2 of 50 Acc: 94.29% Mean: 85.71% (+/- 8.57%)
Fold: 3 of 50 Acc: 88.24% Mean: 86.55% (+/- 7.10%)
Fold: 4 of 50 Acc: 91.18% Mean: 87.71% (+/- 6.47%)
Fold: 5 of 50 Acc: 94.12% Mean: 88.99% (+/- 6.33%)
Fold: 6 of 50 Acc: 91.18% Mean: 89.36% (+/- 5.83%)
Fold: 7 of 50 Acc: 82.35% Mean: 88.36% (+/- 5.93%)
Fold: 8 of 50 Acc: 88.24% Mean: 88.34% (+/- 5.55%)
Fold: 9 of 50 Acc: 94.12% Mean: 88.98% (+/- 5.54%)
Fold: 10 of 50 Acc: 94.12% Mean: 89.50% (+/- 5.47%)
Fold: 11 of 50 Acc: 85.71% Mean: 89.15% (+/- 5.33%)
Fold: 12 of 50 Acc: 82.86% Mean: 88.63% (+/- 5.39%)
Fold: 13 of 50 Acc: 85.29% Mean: 88.37% (+/- 5.26%)
Fold: 14 of 50 Acc: 91.18% Mean: 88.57% (+/- 5.12%)
Fold: 15 of 50 Acc: 91.18% Mean: 88.75% (+/- 4.98%)
Fold: 16 of 50 Acc: 88.24% Mean: 88.71% (+/- 4.83%)
Fold: 17 of 50 Acc: 82.35% Mean: 88.34% (+/- 4.92%)
Fold: 18 of 50 Acc: 85.29% Mean: 88.17% (+/- 4.83%)
Fold: 19 of 50 Acc: 91.18% Mean: 88.33% (+/- 4.75%)
Fold: 20 of 50 Acc: 94.12% Mean: 88.62% (+/- 4.80%)
Fold: 21 of 50 Acc: 77.14% Mean: 88.07% (+/- 5.28%)
Fold: 22 of 50 Acc: 88.57% Mean: 88.09% (+/- 5.16%)
Fold: 23 of 50 Acc: 94.12% Mean: 88.36% (+/- 5.19%)
Fold: 24 of 50 Acc: 88.24% Mean: 88.35% (+/- 5.08%)
Fold: 25 of 50 Acc: 91.18% Mean: 88.46% (+/- 5.01%)
Fold: 26 of 50 Acc: 94.12% Mean: 88.68% (+/- 5.03%)
Fold: 27 of 50 Acc: 94.12% Mean: 88.88% (+/- 5.05%)
Fold: 28 of 50 Acc: 94.12% Mean: 89.07% (+/- 5.05%)
Fold: 29 of 50 Acc: 85.29% Mean: 88.94% (+/- 5.01%)
Fold: 30 of 50 Acc: 91.18% Mean: 89.01% (+/- 4.94%)
Fold: 31 of 50 Acc: 88.57% Mean: 89.00% (+/- 4.86%)
Fold: 32 of 50 Acc: 88.57% Mean: 88.99% (+/- 4.79%)
Fold: 33 of 50 Acc: 82.35% Mean: 88.79% (+/- 4.85%)
Fold: 34 of 50 Acc: 82.35% Mean: 88.60% (+/- 4.90%)
Fold: 35 of 50 Acc: 100.00% Mean: 88.92% (+/- 5.19%)
Fold: 36 of 50 Acc: 91.18% Mean: 88.98% (+/- 5.13%)
Fold: 37 of 50 Acc: 79.41% Mean: 88.73% (+/- 5.29%)
Fold: 38 of 50 Acc: 91.18% Mean: 88.79% (+/- 5.24%)
Fold: 39 of 50 Acc: 85.29% Mean: 88.70% (+/- 5.20%)
Fold: 40 of 50 Acc: 94.12% Mean: 88.84% (+/- 5.20%)
Fold: 41 of 50 Acc: 88.57% Mean: 88.83% (+/- 5.14%)
Fold: 42 of 50 Acc: 77.14% Mean: 88.55% (+/- 5.38%)
Fold: 43 of 50 Acc: 97.06% Mean: 88.75% (+/- 5.47%)
Fold: 44 of 50 Acc: 85.29% Mean: 88.67% (+/- 5.43%)
Fold: 45 of 50 Acc: 97.06% Mean: 88.86% (+/- 5.51%)
Fold: 46 of 50 Acc: 91.18% Mean: 88.91% (+/- 5.46%)
Fold: 47 of 50 Acc: 97.06% Mean: 89.08% (+/- 5.53%)
Fold: 48 of 50 Acc: 76.47% Mean: 88.82% (+/- 5.76%)
Fold: 49 of 50 Acc: 94.12% Mean: 88.93% (+/- 5.75%)
Fold: 50 of 50 Acc: 85.29% Mean: 88.85% (+/- 5.72%)
Model Type: InceptionV3
Fold: 1 of 50 Acc: 80.00% Mean: 80.00% (+/- 0.00%)
Fold: 2 of 50 Acc: 91.43% Mean: 85.71% (+/- 5.71%)
Fold: 3 of 50 Acc: 94.12% Mean: 88.52% (+/- 6.12%)
Fold: 4 of 50 Acc: 76.47% Mean: 85.50% (+/- 7.44%)
Fold: 5 of 50 Acc: 82.35% Mean: 84.87% (+/- 6.77%)
Fold: 6 of 50 Acc: 85.29% Mean: 84.94% (+/- 6.18%)
Fold: 7 of 50 Acc: 88.24% Mean: 85.41% (+/- 5.84%)
Fold: 8 of 50 Acc: 85.29% Mean: 85.40% (+/- 5.46%)
Fold: 9 of 50 Acc: 91.18% Mean: 86.04% (+/- 5.46%)
Fold: 10 of 50 Acc: 85.29% Mean: 85.97% (+/- 5.18%)
Fold: 11 of 50 Acc: 88.57% Mean: 86.20% (+/- 5.00%)
Fold: 12 of 50 Acc: 88.57% Mean: 86.40% (+/- 4.83%)
Fold: 13 of 50 Acc: 91.18% Mean: 86.77% (+/- 4.81%)
Fold: 14 of 50 Acc: 100.00% Mean: 87.71% (+/- 5.76%)
Fold: 15 of 50 Acc: 91.18% Mean: 87.94% (+/- 5.63%)
Fold: 16 of 50 Acc: 88.24% Mean: 87.96% (+/- 5.45%)
Fold: 17 of 50 Acc: 88.24% Mean: 87.98% (+/- 5.29%)
Fold: 18 of 50 Acc: 82.35% Mean: 87.67% (+/- 5.30%)
Fold: 19 of 50 Acc: 85.29% Mean: 87.54% (+/- 5.18%)
Fold: 20 of 50 Acc: 79.41% Mean: 87.13% (+/- 5.35%)
Fold: 21 of 50 Acc: 88.57% Mean: 87.20% (+/- 5.23%)
Fold: 22 of 50 Acc: 91.43% Mean: 87.39% (+/- 5.19%)
Fold: 23 of 50 Acc: 88.24% Mean: 87.43% (+/- 5.08%)
Fold: 24 of 50 Acc: 76.47% Mean: 86.97% (+/- 5.43%)
Fold: 25 of 50 Acc: 85.29% Mean: 86.91% (+/- 5.33%)
Fold: 26 of 50 Acc: 94.12% Mean: 87.18% (+/- 5.41%)
Fold: 27 of 50 Acc: 91.18% Mean: 87.33% (+/- 5.36%)
Fold: 28 of 50 Acc: 94.12% Mean: 87.58% (+/- 5.41%)
Fold: 29 of 50 Acc: 85.29% Mean: 87.50% (+/- 5.33%)
Fold: 30 of 50 Acc: 91.18% Mean: 87.62% (+/- 5.29%)
Fold: 31 of 50 Acc: 77.14% Mean: 87.28% (+/- 5.52%)
Fold: 32 of 50 Acc: 100.00% Mean: 87.68% (+/- 5.87%)
Fold: 33 of 50 Acc: 61.76% Mean: 86.89% (+/- 7.29%)
Fold: 34 of 50 Acc: 91.18% Mean: 87.02% (+/- 7.22%)
Fold: 35 of 50 Acc: 94.12% Mean: 87.22% (+/- 7.21%)
Fold: 36 of 50 Acc: 97.06% Mean: 87.50% (+/- 7.29%)
Fold: 37 of 50 Acc: 94.12% Mean: 87.67% (+/- 7.27%)
Fold: 38 of 50 Acc: 94.12% Mean: 87.84% (+/- 7.25%)
Fold: 39 of 50 Acc: 91.18% Mean: 87.93% (+/- 7.17%)
Fold: 40 of 50 Acc: 85.29% Mean: 87.86% (+/- 7.10%)
Fold: 41 of 50 Acc: 85.71% Mean: 87.81% (+/- 7.02%)
Fold: 42 of 50 Acc: 94.29% Mean: 87.97% (+/- 7.00%)
Fold: 43 of 50 Acc: 91.18% Mean: 88.04% (+/- 6.94%)
Fold: 44 of 50 Acc: 82.35% Mean: 87.91% (+/- 6.91%)
Fold: 45 of 50 Acc: 85.29% Mean: 87.85% (+/- 6.84%)
Fold: 46 of 50 Acc: 94.12% Mean: 87.99% (+/- 6.83%)
Fold: 47 of 50 Acc: 88.24% Mean: 87.99% (+/- 6.76%)
Fold: 48 of 50 Acc: 85.29% Mean: 87.94% (+/- 6.70%)
Fold: 49 of 50 Acc: 91.18% Mean: 88.00% (+/- 6.65%)
Fold: 50 of 50 Acc: 91.18% Mean: 88.07% (+/- 6.59%)
Model Type: InceptionResNetV2
Fold: 1 of 50 Acc: 80.00% Mean: 80.00% (+/- 0.00%)
Fold: 2 of 50 Acc: 85.71% Mean: 82.86% (+/- 2.86%)
Fold: 3 of 50 Acc: 88.24% Mean: 84.65% (+/- 3.45%)
Fold: 4 of 50 Acc: 85.29% Mean: 84.81% (+/- 3.00%)
Fold: 5 of 50 Acc: 97.06% Mean: 87.26% (+/- 5.58%)
Fold: 6 of 50 Acc: 88.24% Mean: 87.42% (+/- 5.11%)
Fold: 7 of 50 Acc: 85.29% Mean: 87.12% (+/- 4.79%)
Fold: 8 of 50 Acc: 76.47% Mean: 85.79% (+/- 5.70%)
Fold: 9 of 50 Acc: 94.12% Mean: 86.71% (+/- 5.98%)
Fold: 10 of 50 Acc: 85.29% Mean: 86.57% (+/- 5.69%)
Fold: 11 of 50 Acc: 85.71% Mean: 86.49% (+/- 5.43%)
Fold: 12 of 50 Acc: 80.00% Mean: 85.95% (+/- 5.50%)
Fold: 13 of 50 Acc: 91.18% Mean: 86.35% (+/- 5.46%)
Fold: 14 of 50 Acc: 85.29% Mean: 86.28% (+/- 5.27%)
Fold: 15 of 50 Acc: 88.24% Mean: 86.41% (+/- 5.11%)
Fold: 16 of 50 Acc: 91.18% Mean: 86.71% (+/- 5.09%)
Fold: 17 of 50 Acc: 97.06% Mean: 87.32% (+/- 5.50%)
Fold: 18 of 50 Acc: 85.29% Mean: 87.20% (+/- 5.37%)
Fold: 19 of 50 Acc: 82.35% Mean: 86.95% (+/- 5.33%)
Fold: 20 of 50 Acc: 82.35% Mean: 86.72% (+/- 5.30%)
Fold: 21 of 50 Acc: 85.71% Mean: 86.67% (+/- 5.17%)
Fold: 22 of 50 Acc: 88.57% Mean: 86.76% (+/- 5.07%)
Fold: 23 of 50 Acc: 76.47% Mean: 86.31% (+/- 5.38%)
Fold: 24 of 50 Acc: 79.41% Mean: 86.02% (+/- 5.45%)
Fold: 25 of 50 Acc: 76.47% Mean: 85.64% (+/- 5.66%)
Fold: 26 of 50 Acc: 94.12% Mean: 85.97% (+/- 5.78%)
Fold: 27 of 50 Acc: 88.24% Mean: 86.05% (+/- 5.69%)
Fold: 28 of 50 Acc: 88.24% Mean: 86.13% (+/- 5.60%)
Fold: 29 of 50 Acc: 82.35% Mean: 86.00% (+/- 5.55%)
Fold: 30 of 50 Acc: 91.18% Mean: 86.17% (+/- 5.53%)
Fold: 31 of 50 Acc: 77.14% Mean: 85.88% (+/- 5.67%)
Fold: 32 of 50 Acc: 88.57% Mean: 85.96% (+/- 5.60%)
Fold: 33 of 50 Acc: 88.24% Mean: 86.03% (+/- 5.53%)
Fold: 34 of 50 Acc: 82.35% Mean: 85.92% (+/- 5.48%)
Fold: 35 of 50 Acc: 97.06% Mean: 86.24% (+/- 5.71%)
Fold: 36 of 50 Acc: 82.35% Mean: 86.13% (+/- 5.67%)
Fold: 37 of 50 Acc: 88.24% Mean: 86.19% (+/- 5.60%)
Fold: 38 of 50 Acc: 88.24% Mean: 86.25% (+/- 5.54%)
Fold: 39 of 50 Acc: 94.12% Mean: 86.45% (+/- 5.61%)
Fold: 40 of 50 Acc: 79.41% Mean: 86.27% (+/- 5.64%)
Fold: 41 of 50 Acc: 91.43% Mean: 86.40% (+/- 5.63%)
Fold: 42 of 50 Acc: 82.86% Mean: 86.31% (+/- 5.59%)
Fold: 43 of 50 Acc: 85.29% Mean: 86.29% (+/- 5.53%)
Fold: 44 of 50 Acc: 94.12% Mean: 86.47% (+/- 5.59%)
Fold: 45 of 50 Acc: 88.24% Mean: 86.51% (+/- 5.53%)
Fold: 46 of 50 Acc: 94.12% Mean: 86.67% (+/- 5.58%)
Fold: 47 of 50 Acc: 91.18% Mean: 86.77% (+/- 5.56%)
Fold: 48 of 50 Acc: 64.71% Mean: 86.31% (+/- 6.34%)
Fold: 49 of 50 Acc: 94.12% Mean: 86.47% (+/- 6.37%)
Fold: 50 of 50 Acc: 97.06% Mean: 86.68% (+/- 6.48%)
Model Type: MobileNet
Fold: 1 of 50 Acc: 85.71% Mean: 85.71% (+/- 0.00%)
Fold: 2 of 50 Acc: 88.57% Mean: 87.14% (+/- 1.43%)
Fold: 3 of 50 Acc: 88.24% Mean: 87.51% (+/- 1.28%)
Fold: 4 of 50 Acc: 94.12% Mean: 89.16% (+/- 3.07%)
Fold: 5 of 50 Acc: 94.12% Mean: 90.15% (+/- 3.39%)
Fold: 6 of 50 Acc: 91.18% Mean: 90.32% (+/- 3.11%)
Fold: 7 of 50 Acc: 94.12% Mean: 90.86% (+/- 3.17%)
Fold: 8 of 50 Acc: 85.29% Mean: 90.17% (+/- 3.49%)
Fold: 9 of 50 Acc: 91.18% Mean: 90.28% (+/- 3.31%)
Fold: 10 of 50 Acc: 82.35% Mean: 89.49% (+/- 3.94%)
Fold: 11 of 50 Acc: 88.57% Mean: 89.40% (+/- 3.76%)
Fold: 12 of 50 Acc: 91.43% Mean: 89.57% (+/- 3.65%)
Fold: 13 of 50 Acc: 91.18% Mean: 89.70% (+/- 3.53%)
Fold: 14 of 50 Acc: 97.06% Mean: 90.22% (+/- 3.89%)
Fold: 15 of 50 Acc: 94.12% Mean: 90.48% (+/- 3.89%)
Fold: 16 of 50 Acc: 82.35% Mean: 89.97% (+/- 4.25%)
Fold: 17 of 50 Acc: 97.06% Mean: 90.39% (+/- 4.44%)
Fold: 18 of 50 Acc: 94.12% Mean: 90.60% (+/- 4.40%)
Fold: 19 of 50 Acc: 94.12% Mean: 90.78% (+/- 4.36%)
Fold: 20 of 50 Acc: 79.41% Mean: 90.21% (+/- 4.92%)
Fold: 21 of 50 Acc: 85.71% Mean: 90.00% (+/- 4.89%)
Fold: 22 of 50 Acc: 94.29% Mean: 90.19% (+/- 4.86%)
Fold: 23 of 50 Acc: 88.24% Mean: 90.11% (+/- 4.77%)
Fold: 24 of 50 Acc: 85.29% Mean: 89.91% (+/- 4.77%)
Fold: 25 of 50 Acc: 94.12% Mean: 90.08% (+/- 4.75%)
Fold: 26 of 50 Acc: 97.06% Mean: 90.35% (+/- 4.84%)
Fold: 27 of 50 Acc: 85.29% Mean: 90.16% (+/- 4.85%)
Fold: 28 of 50 Acc: 97.06% Mean: 90.41% (+/- 4.93%)
Fold: 29 of 50 Acc: 94.12% Mean: 90.53% (+/- 4.89%)
Fold: 30 of 50 Acc: 85.29% Mean: 90.36% (+/- 4.90%)
Fold: 31 of 50 Acc: 94.29% Mean: 90.49% (+/- 4.87%)
Fold: 32 of 50 Acc: 97.14% Mean: 90.69% (+/- 4.93%)
Fold: 33 of 50 Acc: 88.24% Mean: 90.62% (+/- 4.87%)
Fold: 34 of 50 Acc: 91.18% Mean: 90.64% (+/- 4.80%)
Fold: 35 of 50 Acc: 85.29% Mean: 90.48% (+/- 4.82%)
Fold: 36 of 50 Acc: 88.24% Mean: 90.42% (+/- 4.76%)
Fold: 37 of 50 Acc: 94.12% Mean: 90.52% (+/- 4.74%)
Fold: 38 of 50 Acc: 94.12% Mean: 90.61% (+/- 4.71%)
Fold: 39 of 50 Acc: 88.24% Mean: 90.55% (+/- 4.66%)
Fold: 40 of 50 Acc: 94.12% Mean: 90.64% (+/- 4.64%)
Fold: 41 of 50 Acc: 91.43% Mean: 90.66% (+/- 4.58%)
Fold: 42 of 50 Acc: 91.43% Mean: 90.68% (+/- 4.53%)
Fold: 43 of 50 Acc: 85.29% Mean: 90.56% (+/- 4.55%)
Fold: 44 of 50 Acc: 91.18% Mean: 90.57% (+/- 4.50%)
Fold: 45 of 50 Acc: 97.06% Mean: 90.71% (+/- 4.55%)
Fold: 46 of 50 Acc: 97.06% Mean: 90.85% (+/- 4.60%)
Fold: 47 of 50 Acc: 97.06% Mean: 90.98% (+/- 4.63%)
Fold: 48 of 50 Acc: 88.24% Mean: 90.93% (+/- 4.60%)
Fold: 49 of 50 Acc: 94.12% Mean: 90.99% (+/- 4.58%)
Fold: 50 of 50 Acc: 94.12% Mean: 91.05% (+/- 4.55%)
Model Type: DenseNet121
Fold: 1 of 50 Acc: 60.00% Mean: 60.00% (+/- 0.00%)
Fold: 2 of 50 Acc: 77.14% Mean: 68.57% (+/- 8.57%)
Fold: 3 of 50 Acc: 82.35% Mean: 73.17% (+/- 9.55%)
Fold: 4 of 50 Acc: 91.18% Mean: 77.67% (+/- 11.37%)
Fold: 5 of 50 Acc: 85.29% Mean: 79.19% (+/- 10.61%)
Fold: 6 of 50 Acc: 94.12% Mean: 81.68% (+/- 11.17%)
Fold: 7 of 50 Acc: 88.24% Mean: 82.62% (+/- 10.60%)
Fold: 8 of 50 Acc: 91.18% Mean: 83.69% (+/- 10.31%)
Fold: 9 of 50 Acc: 85.29% Mean: 83.87% (+/- 9.73%)
Fold: 10 of 50 Acc: 91.18% Mean: 84.60% (+/- 9.49%)
Fold: 11 of 50 Acc: 94.29% Mean: 85.48% (+/- 9.47%)
Fold: 12 of 50 Acc: 88.57% Mean: 85.74% (+/- 9.10%)
Fold: 13 of 50 Acc: 91.18% Mean: 86.15% (+/- 8.87%)
Fold: 14 of 50 Acc: 97.06% Mean: 86.93% (+/- 8.99%)
Fold: 15 of 50 Acc: 91.18% Mean: 87.22% (+/- 8.75%)
Fold: 16 of 50 Acc: 91.18% Mean: 87.46% (+/- 8.53%)
Fold: 17 of 50 Acc: 91.18% Mean: 87.68% (+/- 8.32%)
Fold: 18 of 50 Acc: 94.12% Mean: 88.04% (+/- 8.22%)
Fold: 19 of 50 Acc: 85.29% Mean: 87.89% (+/- 8.02%)
Fold: 20 of 50 Acc: 79.41% Mean: 87.47% (+/- 8.04%)
Fold: 21 of 50 Acc: 91.43% Mean: 87.66% (+/- 7.89%)
Fold: 22 of 50 Acc: 88.57% Mean: 87.70% (+/- 7.71%)
Fold: 23 of 50 Acc: 91.18% Mean: 87.85% (+/- 7.57%)
Fold: 24 of 50 Acc: 85.29% Mean: 87.75% (+/- 7.43%)
Fold: 25 of 50 Acc: 85.29% Mean: 87.65% (+/- 7.30%)
Fold: 26 of 50 Acc: 91.18% Mean: 87.78% (+/- 7.19%)
Fold: 27 of 50 Acc: 82.35% Mean: 87.58% (+/- 7.13%)
Fold: 28 of 50 Acc: 79.41% Mean: 87.29% (+/- 7.16%)
Fold: 29 of 50 Acc: 82.35% Mean: 87.12% (+/- 7.09%)
Fold: 30 of 50 Acc: 85.29% Mean: 87.06% (+/- 6.98%)
Fold: 31 of 50 Acc: 91.43% Mean: 87.20% (+/- 6.91%)
Fold: 32 of 50 Acc: 82.86% Mean: 87.06% (+/- 6.84%)
Fold: 33 of 50 Acc: 79.41% Mean: 86.83% (+/- 6.87%)
Fold: 34 of 50 Acc: 73.53% Mean: 86.44% (+/- 7.13%)
Fold: 35 of 50 Acc: 91.18% Mean: 86.58% (+/- 7.07%)
Fold: 36 of 50 Acc: 82.35% Mean: 86.46% (+/- 7.01%)
Fold: 37 of 50 Acc: 82.35% Mean: 86.35% (+/- 6.94%)
Fold: 38 of 50 Acc: 91.18% Mean: 86.48% (+/- 6.89%)
Fold: 39 of 50 Acc: 85.29% Mean: 86.44% (+/- 6.81%)
Fold: 40 of 50 Acc: 88.24% Mean: 86.49% (+/- 6.73%)
Fold: 41 of 50 Acc: 85.71% Mean: 86.47% (+/- 6.65%)
Fold: 42 of 50 Acc: 82.86% Mean: 86.38% (+/- 6.59%)
Fold: 43 of 50 Acc: 91.18% Mean: 86.50% (+/- 6.55%)
Fold: 44 of 50 Acc: 91.18% Mean: 86.60% (+/- 6.51%)
Fold: 45 of 50 Acc: 88.24% Mean: 86.64% (+/- 6.45%)
Fold: 46 of 50 Acc: 91.18% Mean: 86.74% (+/- 6.41%)
Fold: 47 of 50 Acc: 85.29% Mean: 86.71% (+/- 6.34%)
Fold: 48 of 50 Acc: 85.29% Mean: 86.68% (+/- 6.28%)
Fold: 49 of 50 Acc: 91.18% Mean: 86.77% (+/- 6.25%)
Fold: 50 of 50 Acc: 88.24% Mean: 86.80% (+/- 6.19%)
Model Type: DenseNet169
Fold: 1 of 50 Acc: 85.71% Mean: 85.71% (+/- 0.00%)
Fold: 2 of 50 Acc: 85.71% Mean: 85.71% (+/- 0.00%)
Fold: 3 of 50 Acc: 94.12% Mean: 88.52% (+/- 3.96%)
Fold: 4 of 50 Acc: 91.18% Mean: 89.18% (+/- 3.62%)
Fold: 5 of 50 Acc: 94.12% Mean: 90.17% (+/- 3.79%)
Fold: 6 of 50 Acc: 79.41% Mean: 88.38% (+/- 5.30%)
Fold: 7 of 50 Acc: 88.24% Mean: 88.36% (+/- 4.90%)
Fold: 8 of 50 Acc: 85.29% Mean: 87.97% (+/- 4.70%)
Fold: 9 of 50 Acc: 88.24% Mean: 88.00% (+/- 4.43%)
Fold: 10 of 50 Acc: 85.29% Mean: 87.73% (+/- 4.28%)
Fold: 11 of 50 Acc: 91.43% Mean: 88.07% (+/- 4.22%)
Fold: 12 of 50 Acc: 82.86% Mean: 87.63% (+/- 4.29%)
Fold: 13 of 50 Acc: 85.29% Mean: 87.45% (+/- 4.17%)
Fold: 14 of 50 Acc: 91.18% Mean: 87.72% (+/- 4.13%)
Fold: 15 of 50 Acc: 97.06% Mean: 88.34% (+/- 4.62%)
Fold: 16 of 50 Acc: 82.35% Mean: 87.97% (+/- 4.70%)
Fold: 17 of 50 Acc: 94.12% Mean: 88.33% (+/- 4.78%)
Fold: 18 of 50 Acc: 85.29% Mean: 88.16% (+/- 4.70%)
Fold: 19 of 50 Acc: 88.24% Mean: 88.16% (+/- 4.58%)
Fold: 20 of 50 Acc: 76.47% Mean: 87.58% (+/- 5.14%)
Fold: 21 of 50 Acc: 91.43% Mean: 87.76% (+/- 5.08%)
Fold: 22 of 50 Acc: 91.43% Mean: 87.93% (+/- 5.02%)
Fold: 23 of 50 Acc: 88.24% Mean: 87.94% (+/- 4.91%)
Fold: 24 of 50 Acc: 85.29% Mean: 87.83% (+/- 4.84%)
Fold: 25 of 50 Acc: 76.47% Mean: 87.38% (+/- 5.24%)
Fold: 26 of 50 Acc: 100.00% Mean: 87.86% (+/- 5.68%)
Fold: 27 of 50 Acc: 94.12% Mean: 88.10% (+/- 5.70%)
Fold: 28 of 50 Acc: 73.53% Mean: 87.58% (+/- 6.21%)
Fold: 29 of 50 Acc: 82.35% Mean: 87.39% (+/- 6.18%)
Fold: 30 of 50 Acc: 79.41% Mean: 87.13% (+/- 6.24%)
Fold: 31 of 50 Acc: 82.86% Mean: 86.99% (+/- 6.19%)
Fold: 32 of 50 Acc: 91.43% Mean: 87.13% (+/- 6.14%)
Fold: 33 of 50 Acc: 94.12% Mean: 87.34% (+/- 6.16%)
Fold: 34 of 50 Acc: 79.41% Mean: 87.11% (+/- 6.22%)
Fold: 35 of 50 Acc: 82.35% Mean: 86.97% (+/- 6.18%)
Fold: 36 of 50 Acc: 82.35% Mean: 86.84% (+/- 6.14%)
Fold: 37 of 50 Acc: 85.29% Mean: 86.80% (+/- 6.06%)
Fold: 38 of 50 Acc: 88.24% Mean: 86.84% (+/- 5.98%)
Fold: 39 of 50 Acc: 94.12% Mean: 87.03% (+/- 6.02%)
Fold: 40 of 50 Acc: 88.24% Mean: 87.06% (+/- 5.95%)
Fold: 41 of 50 Acc: 85.71% Mean: 87.02% (+/- 5.88%)
Fold: 42 of 50 Acc: 91.43% Mean: 87.13% (+/- 5.84%)
Fold: 43 of 50 Acc: 88.24% Mean: 87.15% (+/- 5.78%)
Fold: 44 of 50 Acc: 91.18% Mean: 87.25% (+/- 5.74%)
Fold: 45 of 50 Acc: 79.41% Mean: 87.07% (+/- 5.80%)
Fold: 46 of 50 Acc: 94.12% Mean: 87.23% (+/- 5.82%)
Fold: 47 of 50 Acc: 97.06% Mean: 87.43% (+/- 5.93%)
Fold: 48 of 50 Acc: 76.47% Mean: 87.21% (+/- 6.08%)
Fold: 49 of 50 Acc: 91.18% Mean: 87.29% (+/- 6.04%)
Fold: 50 of 50 Acc: 79.41% Mean: 87.13% (+/- 6.08%)
Model Type: DenseNet201
Fold: 1 of 50 Acc: 77.14% Mean: 77.14% (+/- 0.00%)
Fold: 2 of 50 Acc: 94.29% Mean: 85.71% (+/- 8.57%)
Fold: 3 of 50 Acc: 97.06% Mean: 89.50% (+/- 8.81%)
Fold: 4 of 50 Acc: 94.12% Mean: 90.65% (+/- 7.89%)
Fold: 5 of 50 Acc: 97.06% Mean: 91.93% (+/- 7.50%)
Fold: 6 of 50 Acc: 88.24% Mean: 91.32% (+/- 6.99%)
Fold: 7 of 50 Acc: 85.29% Mean: 90.46% (+/- 6.80%)
Fold: 8 of 50 Acc: 82.35% Mean: 89.44% (+/- 6.91%)
Fold: 9 of 50 Acc: 88.24% Mean: 89.31% (+/- 6.52%)
Fold: 10 of 50 Acc: 85.29% Mean: 88.91% (+/- 6.30%)
Fold: 11 of 50 Acc: 80.00% Mean: 88.10% (+/- 6.53%)
Fold: 12 of 50 Acc: 80.00% Mean: 87.42% (+/- 6.64%)
Fold: 13 of 50 Acc: 88.24% Mean: 87.49% (+/- 6.39%)
Fold: 14 of 50 Acc: 94.12% Mean: 87.96% (+/- 6.39%)
Fold: 15 of 50 Acc: 91.18% Mean: 88.17% (+/- 6.22%)
Fold: 16 of 50 Acc: 85.29% Mean: 87.99% (+/- 6.06%)
Fold: 17 of 50 Acc: 88.24% Mean: 88.01% (+/- 5.88%)
Fold: 18 of 50 Acc: 91.18% Mean: 88.18% (+/- 5.76%)
Fold: 19 of 50 Acc: 91.18% Mean: 88.34% (+/- 5.65%)
Fold: 20 of 50 Acc: 91.18% Mean: 88.48% (+/- 5.54%)
Fold: 21 of 50 Acc: 94.29% Mean: 88.76% (+/- 5.55%)
Fold: 22 of 50 Acc: 88.57% Mean: 88.75% (+/- 5.42%)
Fold: 23 of 50 Acc: 94.12% Mean: 88.98% (+/- 5.41%)
Fold: 24 of 50 Acc: 94.12% Mean: 89.20% (+/- 5.40%)
Fold: 25 of 50 Acc: 91.18% Mean: 89.28% (+/- 5.30%)
Fold: 26 of 50 Acc: 91.18% Mean: 89.35% (+/- 5.21%)
Fold: 27 of 50 Acc: 82.35% Mean: 89.09% (+/- 5.28%)
Fold: 28 of 50 Acc: 100.00% Mean: 89.48% (+/- 5.57%)
Fold: 29 of 50 Acc: 82.35% Mean: 89.24% (+/- 5.62%)
Fold: 30 of 50 Acc: 85.29% Mean: 89.10% (+/- 5.57%)
Fold: 31 of 50 Acc: 82.86% Mean: 88.90% (+/- 5.59%)
Fold: 32 of 50 Acc: 91.43% Mean: 88.98% (+/- 5.52%)
Fold: 33 of 50 Acc: 82.35% Mean: 88.78% (+/- 5.56%)
Fold: 34 of 50 Acc: 70.59% Mean: 88.25% (+/- 6.28%)
Fold: 35 of 50 Acc: 94.12% Mean: 88.41% (+/- 6.26%)
Fold: 36 of 50 Acc: 94.12% Mean: 88.57% (+/- 6.25%)
Fold: 37 of 50 Acc: 79.41% Mean: 88.32% (+/- 6.34%)
Fold: 38 of 50 Acc: 91.18% Mean: 88.40% (+/- 6.27%)
Fold: 39 of 50 Acc: 85.29% Mean: 88.32% (+/- 6.21%)
Fold: 40 of 50 Acc: 88.24% Mean: 88.32% (+/- 6.13%)
Fold: 41 of 50 Acc: 65.71% Mean: 87.77% (+/- 6.99%)
Fold: 42 of 50 Acc: 100.00% Mean: 88.06% (+/- 7.15%)
Fold: 43 of 50 Acc: 97.06% Mean: 88.27% (+/- 7.20%)
Fold: 44 of 50 Acc: 85.29% Mean: 88.20% (+/- 7.13%)
Fold: 45 of 50 Acc: 82.35% Mean: 88.07% (+/- 7.10%)
Fold: 46 of 50 Acc: 88.24% Mean: 88.07% (+/- 7.02%)
Fold: 47 of 50 Acc: 91.18% Mean: 88.14% (+/- 6.96%)
Fold: 48 of 50 Acc: 82.35% Mean: 88.02% (+/- 6.94%)
Fold: 49 of 50 Acc: 91.18% Mean: 88.08% (+/- 6.88%)
Fold: 50 of 50 Acc: 88.24% Mean: 88.09% (+/- 6.81%)
Model Type: NASNetMobile
Fold: 1 of 50 Acc: 65.71% Mean: 65.71% (+/- 0.00%)
Fold: 2 of 50 Acc: 71.43% Mean: 68.57% (+/- 2.86%)
Fold: 3 of 50 Acc: 82.35% Mean: 73.17% (+/- 6.90%)
Fold: 4 of 50 Acc: 61.76% Mean: 70.32% (+/- 7.75%)
Fold: 5 of 50 Acc: 58.82% Mean: 68.02% (+/- 8.32%)
Fold: 6 of 50 Acc: 73.53% Mean: 68.94% (+/- 7.87%)
Fold: 7 of 50 Acc: 73.53% Mean: 69.59% (+/- 7.46%)
Fold: 8 of 50 Acc: 76.47% Mean: 70.45% (+/- 7.34%)
Fold: 9 of 50 Acc: 58.82% Mean: 69.16% (+/- 7.83%)
Fold: 10 of 50 Acc: 73.53% Mean: 69.60% (+/- 7.54%)
Fold: 11 of 50 Acc: 80.00% Mean: 70.54% (+/- 7.78%)
Fold: 12 of 50 Acc: 68.57% Mean: 70.38% (+/- 7.47%)
Fold: 13 of 50 Acc: 73.53% Mean: 70.62% (+/- 7.23%)
Fold: 14 of 50 Acc: 67.65% Mean: 70.41% (+/- 7.01%)
Fold: 15 of 50 Acc: 70.59% Mean: 70.42% (+/- 6.77%)
Fold: 16 of 50 Acc: 79.41% Mean: 70.98% (+/- 6.91%)
Fold: 17 of 50 Acc: 64.71% Mean: 70.61% (+/- 6.86%)
Fold: 18 of 50 Acc: 70.59% Mean: 70.61% (+/- 6.67%)
Fold: 19 of 50 Acc: 67.65% Mean: 70.46% (+/- 6.52%)
Fold: 20 of 50 Acc: 70.59% Mean: 70.46% (+/- 6.36%)
Fold: 21 of 50 Acc: 77.14% Mean: 70.78% (+/- 6.37%)
Fold: 22 of 50 Acc: 82.86% Mean: 71.33% (+/- 6.71%)
Fold: 23 of 50 Acc: 64.71% Mean: 71.04% (+/- 6.70%)
Fold: 24 of 50 Acc: 76.47% Mean: 71.27% (+/- 6.65%)
Fold: 25 of 50 Acc: 61.76% Mean: 70.89% (+/- 6.77%)
Fold: 26 of 50 Acc: 64.71% Mean: 70.65% (+/- 6.75%)
Fold: 27 of 50 Acc: 61.76% Mean: 70.32% (+/- 6.83%)
Fold: 28 of 50 Acc: 79.41% Mean: 70.65% (+/- 6.92%)
Fold: 29 of 50 Acc: 58.82% Mean: 70.24% (+/- 7.13%)
Fold: 30 of 50 Acc: 73.53% Mean: 70.35% (+/- 7.04%)
Fold: 31 of 50 Acc: 71.43% Mean: 70.38% (+/- 6.92%)
Fold: 32 of 50 Acc: 77.14% Mean: 70.59% (+/- 6.92%)
Fold: 33 of 50 Acc: 79.41% Mean: 70.86% (+/- 6.98%)
Fold: 34 of 50 Acc: 61.76% Mean: 70.59% (+/- 7.04%)
Fold: 35 of 50 Acc: 76.47% Mean: 70.76% (+/- 7.01%)
Fold: 36 of 50 Acc: 67.65% Mean: 70.67% (+/- 6.93%)
Fold: 37 of 50 Acc: 88.24% Mean: 71.15% (+/- 7.41%)
Fold: 38 of 50 Acc: 67.65% Mean: 71.06% (+/- 7.33%)
Fold: 39 of 50 Acc: 52.94% Mean: 70.59% (+/- 7.78%)
Fold: 40 of 50 Acc: 73.53% Mean: 70.67% (+/- 7.70%)
Fold: 41 of 50 Acc: 68.57% Mean: 70.61% (+/- 7.61%)
Fold: 42 of 50 Acc: 82.86% Mean: 70.91% (+/- 7.75%)
Fold: 43 of 50 Acc: 79.41% Mean: 71.10% (+/- 7.76%)
Fold: 44 of 50 Acc: 64.71% Mean: 70.96% (+/- 7.73%)
Fold: 45 of 50 Acc: 52.94% Mean: 70.56% (+/- 8.09%)
Fold: 46 of 50 Acc: 67.65% Mean: 70.50% (+/- 8.02%)
Fold: 47 of 50 Acc: 91.18% Mean: 70.94% (+/- 8.47%)
Fold: 48 of 50 Acc: 50.00% Mean: 70.50% (+/- 8.90%)
Fold: 49 of 50 Acc: 64.71% Mean: 70.38% (+/- 8.85%)
Fold: 50 of 50 Acc: 76.47% Mean: 70.50% (+/- 8.80%)
Model Type: MobileNetV2
Fold: 1 of 50 Acc: 68.57% Mean: 68.57% (+/- 0.00%)
Fold: 2 of 50 Acc: 77.14% Mean: 72.86% (+/- 4.29%)
Fold: 3 of 50 Acc: 70.59% Mean: 72.10% (+/- 3.66%)
Fold: 4 of 50 Acc: 88.24% Mean: 76.13% (+/- 7.67%)
Fold: 5 of 50 Acc: 85.29% Mean: 77.97% (+/- 7.78%)
Fold: 6 of 50 Acc: 82.35% Mean: 78.70% (+/- 7.29%)
Fold: 7 of 50 Acc: 91.18% Mean: 80.48% (+/- 8.04%)
Fold: 8 of 50 Acc: 88.24% Mean: 81.45% (+/- 7.94%)
Fold: 9 of 50 Acc: 76.47% Mean: 80.90% (+/- 7.65%)
Fold: 10 of 50 Acc: 67.65% Mean: 79.57% (+/- 8.27%)
Fold: 11 of 50 Acc: 85.71% Mean: 80.13% (+/- 8.08%)
Fold: 12 of 50 Acc: 74.29% Mean: 79.64% (+/- 7.91%)
Fold: 13 of 50 Acc: 97.06% Mean: 80.98% (+/- 8.90%)
Fold: 14 of 50 Acc: 88.24% Mean: 81.50% (+/- 8.78%)
Fold: 15 of 50 Acc: 94.12% Mean: 82.34% (+/- 9.05%)
Fold: 16 of 50 Acc: 88.24% Mean: 82.71% (+/- 8.88%)
Fold: 17 of 50 Acc: 70.59% Mean: 82.00% (+/- 9.07%)
Fold: 18 of 50 Acc: 82.35% Mean: 82.02% (+/- 8.82%)
Fold: 19 of 50 Acc: 82.35% Mean: 82.03% (+/- 8.58%)
Fold: 20 of 50 Acc: 61.76% Mean: 81.02% (+/- 9.46%)
Fold: 21 of 50 Acc: 77.14% Mean: 80.84% (+/- 9.27%)
Fold: 22 of 50 Acc: 82.86% Mean: 80.93% (+/- 9.06%)
Fold: 23 of 50 Acc: 76.47% Mean: 80.73% (+/- 8.91%)
Fold: 24 of 50 Acc: 79.41% Mean: 80.68% (+/- 8.73%)
Fold: 25 of 50 Acc: 94.12% Mean: 81.22% (+/- 8.95%)
Fold: 26 of 50 Acc: 94.12% Mean: 81.71% (+/- 9.12%)
Fold: 27 of 50 Acc: 70.59% Mean: 81.30% (+/- 9.19%)
Fold: 28 of 50 Acc: 67.65% Mean: 80.81% (+/- 9.37%)
Fold: 29 of 50 Acc: 85.29% Mean: 80.97% (+/- 9.25%)
Fold: 30 of 50 Acc: 73.53% Mean: 80.72% (+/- 9.19%)
Fold: 31 of 50 Acc: 85.71% Mean: 80.88% (+/- 9.08%)
Fold: 32 of 50 Acc: 82.86% Mean: 80.94% (+/- 8.95%)
Fold: 33 of 50 Acc: 76.47% Mean: 80.81% (+/- 8.84%)
Fold: 34 of 50 Acc: 79.41% Mean: 80.77% (+/- 8.72%)
Fold: 35 of 50 Acc: 82.35% Mean: 80.81% (+/- 8.59%)
Fold: 36 of 50 Acc: 82.35% Mean: 80.85% (+/- 8.48%)
Fold: 37 of 50 Acc: 70.59% Mean: 80.58% (+/- 8.53%)
Fold: 38 of 50 Acc: 64.71% Mean: 80.16% (+/- 8.79%)
Fold: 39 of 50 Acc: 88.24% Mean: 80.37% (+/- 8.77%)
Fold: 40 of 50 Acc: 88.24% Mean: 80.56% (+/- 8.74%)
Fold: 41 of 50 Acc: 74.29% Mean: 80.41% (+/- 8.69%)
Fold: 42 of 50 Acc: 82.86% Mean: 80.47% (+/- 8.60%)
Fold: 43 of 50 Acc: 67.65% Mean: 80.17% (+/- 8.71%)
Fold: 44 of 50 Acc: 82.35% Mean: 80.22% (+/- 8.62%)
Fold: 45 of 50 Acc: 76.47% Mean: 80.14% (+/- 8.54%)
Fold: 46 of 50 Acc: 82.35% Mean: 80.18% (+/- 8.45%)
Fold: 47 of 50 Acc: 82.35% Mean: 80.23% (+/- 8.37%)
Fold: 48 of 50 Acc: 85.29% Mean: 80.34% (+/- 8.31%)
Fold: 49 of 50 Acc: 79.41% Mean: 80.32% (+/- 8.23%)
Fold: 50 of 50 Acc: 85.29% Mean: 80.42% (+/- 8.18%)
Model Type: EfficientNetB0
Fold: 1 of 50 Acc: 88.57% Mean: 88.57% (+/- 0.00%)
Fold: 2 of 50 Acc: 91.43% Mean: 90.00% (+/- 1.43%)
Fold: 3 of 50 Acc: 82.35% Mean: 87.45% (+/- 3.79%)
Fold: 4 of 50 Acc: 88.24% Mean: 87.65% (+/- 3.30%)
Fold: 5 of 50 Acc: 85.29% Mean: 87.18% (+/- 3.10%)
Fold: 6 of 50 Acc: 91.18% Mean: 87.84% (+/- 3.20%)
Fold: 7 of 50 Acc: 82.35% Mean: 87.06% (+/- 3.53%)
Fold: 8 of 50 Acc: 91.18% Mean: 87.57% (+/- 3.57%)
Fold: 9 of 50 Acc: 91.18% Mean: 87.97% (+/- 3.55%)
Fold: 10 of 50 Acc: 82.35% Mean: 87.41% (+/- 3.77%)
Fold: 11 of 50 Acc: 91.43% Mean: 87.78% (+/- 3.77%)
Fold: 12 of 50 Acc: 85.71% Mean: 87.61% (+/- 3.66%)
Fold: 13 of 50 Acc: 91.18% Mean: 87.88% (+/- 3.64%)
Fold: 14 of 50 Acc: 94.12% Mean: 88.33% (+/- 3.86%)
Fold: 15 of 50 Acc: 85.29% Mean: 88.12% (+/- 3.80%)
Fold: 16 of 50 Acc: 94.12% Mean: 88.50% (+/- 3.96%)
Fold: 17 of 50 Acc: 82.35% Mean: 88.14% (+/- 4.10%)
Fold: 18 of 50 Acc: 94.12% Mean: 88.47% (+/- 4.22%)
Fold: 19 of 50 Acc: 82.35% Mean: 88.15% (+/- 4.33%)
Fold: 20 of 50 Acc: 88.24% Mean: 88.15% (+/- 4.22%)
Fold: 21 of 50 Acc: 85.71% Mean: 88.04% (+/- 4.15%)
Fold: 22 of 50 Acc: 85.71% Mean: 87.93% (+/- 4.08%)
Fold: 23 of 50 Acc: 88.24% Mean: 87.94% (+/- 3.99%)
Fold: 24 of 50 Acc: 91.18% Mean: 88.08% (+/- 3.96%)
Fold: 25 of 50 Acc: 82.35% Mean: 87.85% (+/- 4.04%)
Fold: 26 of 50 Acc: 91.18% Mean: 87.98% (+/- 4.01%)
Fold: 27 of 50 Acc: 79.41% Mean: 87.66% (+/- 4.26%)
Fold: 28 of 50 Acc: 94.12% Mean: 87.89% (+/- 4.35%)
Fold: 29 of 50 Acc: 97.06% Mean: 88.21% (+/- 4.59%)
Fold: 30 of 50 Acc: 88.24% Mean: 88.21% (+/- 4.51%)
Fold: 31 of 50 Acc: 88.57% Mean: 88.22% (+/- 4.44%)
Fold: 32 of 50 Acc: 94.29% Mean: 88.41% (+/- 4.49%)
Fold: 33 of 50 Acc: 82.35% Mean: 88.23% (+/- 4.55%)
Fold: 34 of 50 Acc: 85.29% Mean: 88.14% (+/- 4.51%)
Fold: 35 of 50 Acc: 88.24% Mean: 88.14% (+/- 4.44%)
Fold: 36 of 50 Acc: 82.35% Mean: 87.98% (+/- 4.48%)
Fold: 37 of 50 Acc: 85.29% Mean: 87.91% (+/- 4.44%)
Fold: 38 of 50 Acc: 91.18% Mean: 87.99% (+/- 4.41%)
Fold: 39 of 50 Acc: 79.41% Mean: 87.77% (+/- 4.56%)
Fold: 40 of 50 Acc: 100.00% Mean: 88.08% (+/- 4.89%)
Fold: 41 of 50 Acc: 91.43% Mean: 88.16% (+/- 4.86%)
Fold: 42 of 50 Acc: 82.86% Mean: 88.04% (+/- 4.87%)
Fold: 43 of 50 Acc: 91.18% Mean: 88.11% (+/- 4.84%)
Fold: 44 of 50 Acc: 91.18% Mean: 88.18% (+/- 4.80%)
Fold: 45 of 50 Acc: 91.18% Mean: 88.24% (+/- 4.77%)
Fold: 46 of 50 Acc: 97.06% Mean: 88.44% (+/- 4.89%)
Fold: 47 of 50 Acc: 88.24% Mean: 88.43% (+/- 4.84%)
Fold: 48 of 50 Acc: 70.59% Mean: 88.06% (+/- 5.42%)
Fold: 49 of 50 Acc: 91.18% Mean: 88.12% (+/- 5.39%)
Fold: 50 of 50 Acc: 91.18% Mean: 88.18% (+/- 5.35%)
Model Type: EfficientNetB1
Fold: 1 of 50 Acc: 65.71% Mean: 65.71% (+/- 0.00%)
Fold: 2 of 50 Acc: 91.43% Mean: 78.57% (+/- 12.86%)
Fold: 3 of 50 Acc: 82.35% Mean: 79.83% (+/- 10.65%)
Fold: 4 of 50 Acc: 82.35% Mean: 80.46% (+/- 9.29%)
Fold: 5 of 50 Acc: 88.24% Mean: 82.02% (+/- 8.87%)
Fold: 6 of 50 Acc: 88.24% Mean: 83.05% (+/- 8.42%)
Fold: 7 of 50 Acc: 88.24% Mean: 83.79% (+/- 8.00%)
Fold: 8 of 50 Acc: 85.29% Mean: 83.98% (+/- 7.50%)
Fold: 9 of 50 Acc: 88.24% Mean: 84.45% (+/- 7.20%)
Fold: 10 of 50 Acc: 91.18% Mean: 85.13% (+/- 7.12%)
Fold: 11 of 50 Acc: 80.00% Mean: 84.66% (+/- 6.95%)
Fold: 12 of 50 Acc: 85.71% Mean: 84.75% (+/- 6.66%)
Fold: 13 of 50 Acc: 88.24% Mean: 85.02% (+/- 6.47%)
Fold: 14 of 50 Acc: 88.24% Mean: 85.25% (+/- 6.28%)
Fold: 15 of 50 Acc: 79.41% Mean: 84.86% (+/- 6.24%)
Fold: 16 of 50 Acc: 88.24% Mean: 85.07% (+/- 6.10%)
Fold: 17 of 50 Acc: 76.47% Mean: 84.56% (+/- 6.25%)
Fold: 18 of 50 Acc: 91.18% Mean: 84.93% (+/- 6.26%)
Fold: 19 of 50 Acc: 76.47% Mean: 84.48% (+/- 6.38%)
Fold: 20 of 50 Acc: 91.18% Mean: 84.82% (+/- 6.39%)
Fold: 21 of 50 Acc: 80.00% Mean: 84.59% (+/- 6.32%)
Fold: 22 of 50 Acc: 77.14% Mean: 84.25% (+/- 6.37%)
Fold: 23 of 50 Acc: 88.24% Mean: 84.42% (+/- 6.28%)
Fold: 24 of 50 Acc: 82.35% Mean: 84.34% (+/- 6.16%)
Fold: 25 of 50 Acc: 85.29% Mean: 84.38% (+/- 6.04%)
Fold: 26 of 50 Acc: 88.24% Mean: 84.52% (+/- 5.97%)
Fold: 27 of 50 Acc: 76.47% Mean: 84.23% (+/- 6.05%)
Fold: 28 of 50 Acc: 91.18% Mean: 84.47% (+/- 6.08%)
Fold: 29 of 50 Acc: 88.24% Mean: 84.60% (+/- 6.01%)
Fold: 30 of 50 Acc: 82.35% Mean: 84.53% (+/- 5.93%)
Fold: 31 of 50 Acc: 88.57% Mean: 84.66% (+/- 5.87%)
Fold: 32 of 50 Acc: 88.57% Mean: 84.78% (+/- 5.82%)
Fold: 33 of 50 Acc: 79.41% Mean: 84.62% (+/- 5.81%)
Fold: 34 of 50 Acc: 85.29% Mean: 84.64% (+/- 5.72%)
Fold: 35 of 50 Acc: 88.24% Mean: 84.74% (+/- 5.67%)
Fold: 36 of 50 Acc: 76.47% Mean: 84.51% (+/- 5.75%)
Fold: 37 of 50 Acc: 79.41% Mean: 84.37% (+/- 5.74%)
Fold: 38 of 50 Acc: 94.12% Mean: 84.63% (+/- 5.87%)
Fold: 39 of 50 Acc: 73.53% Mean: 84.35% (+/- 6.05%)
Fold: 40 of 50 Acc: 100.00% Mean: 84.74% (+/- 6.46%)
Fold: 41 of 50 Acc: 91.43% Mean: 84.90% (+/- 6.46%)
Fold: 42 of 50 Acc: 74.29% Mean: 84.65% (+/- 6.59%)
Fold: 43 of 50 Acc: 85.29% Mean: 84.66% (+/- 6.51%)
Fold: 44 of 50 Acc: 85.29% Mean: 84.68% (+/- 6.44%)
Fold: 45 of 50 Acc: 91.18% Mean: 84.82% (+/- 6.44%)
Fold: 46 of 50 Acc: 88.24% Mean: 84.90% (+/- 6.39%)
Fold: 47 of 50 Acc: 88.24% Mean: 84.97% (+/- 6.34%)
Fold: 48 of 50 Acc: 76.47% Mean: 84.79% (+/- 6.39%)
Fold: 49 of 50 Acc: 85.29% Mean: 84.80% (+/- 6.32%)
Fold: 50 of 50 Acc: 76.47% Mean: 84.63% (+/- 6.37%)
Model Type: EfficientNetB2
Fold: 1 of 50 Acc: 65.71% Mean: 65.71% (+/- 0.00%)
Fold: 2 of 50 Acc: 82.86% Mean: 74.29% (+/- 8.57%)
Fold: 3 of 50 Acc: 82.35% Mean: 76.97% (+/- 7.97%)
Fold: 4 of 50 Acc: 88.24% Mean: 79.79% (+/- 8.45%)
Fold: 5 of 50 Acc: 88.24% Mean: 81.48% (+/- 8.28%)
Fold: 6 of 50 Acc: 88.24% Mean: 82.61% (+/- 7.96%)
Fold: 7 of 50 Acc: 91.18% Mean: 83.83% (+/- 7.96%)
Fold: 8 of 50 Acc: 73.53% Mean: 82.54% (+/- 8.19%)
Fold: 9 of 50 Acc: 85.29% Mean: 82.85% (+/- 7.77%)
Fold: 10 of 50 Acc: 88.24% Mean: 83.39% (+/- 7.54%)
Fold: 11 of 50 Acc: 94.29% Mean: 84.38% (+/- 7.85%)
Fold: 12 of 50 Acc: 91.43% Mean: 84.96% (+/- 7.76%)
Fold: 13 of 50 Acc: 85.29% Mean: 84.99% (+/- 7.46%)
Fold: 14 of 50 Acc: 88.24% Mean: 85.22% (+/- 7.23%)
Fold: 15 of 50 Acc: 88.24% Mean: 85.42% (+/- 7.03%)
Fold: 16 of 50 Acc: 88.24% Mean: 85.60% (+/- 6.84%)
Fold: 17 of 50 Acc: 88.24% Mean: 85.75% (+/- 6.66%)
Fold: 18 of 50 Acc: 97.06% Mean: 86.38% (+/- 6.98%)
Fold: 19 of 50 Acc: 88.24% Mean: 86.48% (+/- 6.80%)
Fold: 20 of 50 Acc: 85.29% Mean: 86.42% (+/- 6.63%)
Fold: 21 of 50 Acc: 91.43% Mean: 86.66% (+/- 6.56%)
Fold: 22 of 50 Acc: 82.86% Mean: 86.49% (+/- 6.46%)
Fold: 23 of 50 Acc: 88.24% Mean: 86.56% (+/- 6.33%)
Fold: 24 of 50 Acc: 94.12% Mean: 86.88% (+/- 6.38%)
Fold: 25 of 50 Acc: 91.18% Mean: 87.05% (+/- 6.30%)
Fold: 26 of 50 Acc: 91.18% Mean: 87.21% (+/- 6.23%)
Fold: 27 of 50 Acc: 76.47% Mean: 86.81% (+/- 6.44%)
Fold: 28 of 50 Acc: 82.35% Mean: 86.65% (+/- 6.38%)
Fold: 29 of 50 Acc: 82.35% Mean: 86.50% (+/- 6.32%)
Fold: 30 of 50 Acc: 79.41% Mean: 86.27% (+/- 6.34%)
Fold: 31 of 50 Acc: 80.00% Mean: 86.06% (+/- 6.34%)
Fold: 32 of 50 Acc: 94.29% Mean: 86.32% (+/- 6.40%)
Fold: 33 of 50 Acc: 85.29% Mean: 86.29% (+/- 6.30%)
Fold: 34 of 50 Acc: 82.35% Mean: 86.17% (+/- 6.24%)
Fold: 35 of 50 Acc: 91.18% Mean: 86.32% (+/- 6.21%)
Fold: 36 of 50 Acc: 88.24% Mean: 86.37% (+/- 6.13%)
Fold: 37 of 50 Acc: 82.35% Mean: 86.26% (+/- 6.08%)
Fold: 38 of 50 Acc: 91.18% Mean: 86.39% (+/- 6.05%)
Fold: 39 of 50 Acc: 94.12% Mean: 86.59% (+/- 6.10%)
Fold: 40 of 50 Acc: 94.12% Mean: 86.78% (+/- 6.14%)
Fold: 41 of 50 Acc: 85.71% Mean: 86.75% (+/- 6.06%)
Fold: 42 of 50 Acc: 82.86% Mean: 86.66% (+/- 6.02%)
Fold: 43 of 50 Acc: 97.06% Mean: 86.90% (+/- 6.15%)
Fold: 44 of 50 Acc: 88.24% Mean: 86.93% (+/- 6.09%)
Fold: 45 of 50 Acc: 94.12% Mean: 87.09% (+/- 6.11%)
Fold: 46 of 50 Acc: 85.29% Mean: 87.05% (+/- 6.05%)
Fold: 47 of 50 Acc: 97.06% Mean: 87.26% (+/- 6.16%)
Fold: 48 of 50 Acc: 73.53% Mean: 86.98% (+/- 6.40%)
Fold: 49 of 50 Acc: 82.35% Mean: 86.88% (+/- 6.37%)
Fold: 50 of 50 Acc: 82.35% Mean: 86.79% (+/- 6.34%)
Model Type: EfficientNetB3
Fold: 1 of 50 Acc: 74.29% Mean: 74.29% (+/- 0.00%)
Fold: 2 of 50 Acc: 91.43% Mean: 82.86% (+/- 8.57%)
Fold: 3 of 50 Acc: 91.18% Mean: 85.63% (+/- 8.02%)
Fold: 4 of 50 Acc: 91.18% Mean: 87.02% (+/- 7.35%)
Fold: 5 of 50 Acc: 88.24% Mean: 87.26% (+/- 6.59%)
Fold: 6 of 50 Acc: 85.29% Mean: 86.93% (+/- 6.06%)
Fold: 7 of 50 Acc: 88.24% Mean: 87.12% (+/- 5.63%)
Fold: 8 of 50 Acc: 82.35% Mean: 86.52% (+/- 5.50%)
Fold: 9 of 50 Acc: 88.24% Mean: 86.71% (+/- 5.21%)
Fold: 10 of 50 Acc: 91.18% Mean: 87.16% (+/- 5.12%)
Fold: 11 of 50 Acc: 88.57% Mean: 87.29% (+/- 4.90%)
Fold: 12 of 50 Acc: 88.57% Mean: 87.39% (+/- 4.71%)
Fold: 13 of 50 Acc: 82.35% Mean: 87.01% (+/- 4.72%)
Fold: 14 of 50 Acc: 91.18% Mean: 87.30% (+/- 4.67%)
Fold: 15 of 50 Acc: 85.29% Mean: 87.17% (+/- 4.54%)
Fold: 16 of 50 Acc: 76.47% Mean: 86.50% (+/- 5.10%)
Fold: 17 of 50 Acc: 91.18% Mean: 86.78% (+/- 5.07%)
Fold: 18 of 50 Acc: 94.12% Mean: 87.18% (+/- 5.21%)
Fold: 19 of 50 Acc: 91.18% Mean: 87.39% (+/- 5.15%)
Fold: 20 of 50 Acc: 91.18% Mean: 87.58% (+/- 5.08%)
Fold: 21 of 50 Acc: 88.57% Mean: 87.63% (+/- 4.96%)
Fold: 22 of 50 Acc: 88.57% Mean: 87.67% (+/- 4.85%)
Fold: 23 of 50 Acc: 94.12% Mean: 87.95% (+/- 4.93%)
Fold: 24 of 50 Acc: 88.24% Mean: 87.97% (+/- 4.82%)
Fold: 25 of 50 Acc: 85.29% Mean: 87.86% (+/- 4.75%)
Fold: 26 of 50 Acc: 91.18% Mean: 87.99% (+/- 4.71%)
Fold: 27 of 50 Acc: 79.41% Mean: 87.67% (+/- 4.89%)
Fold: 28 of 50 Acc: 94.12% Mean: 87.90% (+/- 4.95%)
Fold: 29 of 50 Acc: 85.29% Mean: 87.81% (+/- 4.89%)
Fold: 30 of 50 Acc: 79.41% Mean: 87.53% (+/- 5.04%)
Fold: 31 of 50 Acc: 85.71% Mean: 87.47% (+/- 4.97%)
Fold: 32 of 50 Acc: 80.00% Mean: 87.24% (+/- 5.06%)
Fold: 33 of 50 Acc: 91.18% Mean: 87.36% (+/- 5.03%)
Fold: 34 of 50 Acc: 82.35% Mean: 87.21% (+/- 5.02%)
Fold: 35 of 50 Acc: 91.18% Mean: 87.32% (+/- 4.99%)
Fold: 36 of 50 Acc: 79.41% Mean: 87.10% (+/- 5.09%)
Fold: 37 of 50 Acc: 85.29% Mean: 87.05% (+/- 5.03%)
Fold: 38 of 50 Acc: 91.18% Mean: 87.16% (+/- 5.01%)
Fold: 39 of 50 Acc: 88.24% Mean: 87.19% (+/- 4.95%)
Fold: 40 of 50 Acc: 97.06% Mean: 87.44% (+/- 5.12%)
Fold: 41 of 50 Acc: 88.57% Mean: 87.46% (+/- 5.06%)
Fold: 42 of 50 Acc: 82.86% Mean: 87.35% (+/- 5.05%)
Fold: 43 of 50 Acc: 79.41% Mean: 87.17% (+/- 5.13%)
Fold: 44 of 50 Acc: 88.24% Mean: 87.19% (+/- 5.08%)
Fold: 45 of 50 Acc: 91.18% Mean: 87.28% (+/- 5.06%)
Fold: 46 of 50 Acc: 97.06% Mean: 87.50% (+/- 5.20%)
Fold: 47 of 50 Acc: 91.18% Mean: 87.57% (+/- 5.17%)
Fold: 48 of 50 Acc: 79.41% Mean: 87.40% (+/- 5.25%)
Fold: 49 of 50 Acc: 94.12% Mean: 87.54% (+/- 5.28%)
Fold: 50 of 50 Acc: 91.18% Mean: 87.61% (+/- 5.25%)
Model Type: EfficientNetB4
TensorFlow crashed. Retrying...
TensorFlow crashed. Retrying...
TensorFlow crashed. Retrying with batch_size=8.
Fold: 1 of 50 Acc: 74.29% Mean: 74.29% (+/- 0.00%)
Fold: 2 of 50 Acc: 94.29% Mean: 84.29% (+/- 10.00%)
Fold: 3 of 50 Acc: 91.18% Mean: 86.58% (+/- 8.79%)
Fold: 4 of 50 Acc: 82.35% Mean: 85.53% (+/- 7.83%)
Fold: 5 of 50 Acc: 91.18% Mean: 86.66% (+/- 7.36%)
Fold: 6 of 50 Acc: 85.29% Mean: 86.43% (+/- 6.74%)
Fold: 7 of 50 Acc: 88.24% Mean: 86.69% (+/- 6.27%)
Fold: 8 of 50 Acc: 85.29% Mean: 86.51% (+/- 5.88%)
Fold: 9 of 50 Acc: 82.35% Mean: 86.05% (+/- 5.70%)
Fold: 10 of 50 Acc: 100.00% Mean: 87.45% (+/- 6.84%)
Fold: 11 of 50 Acc: 88.57% Mean: 87.55% (+/- 6.52%)
Fold: 12 of 50 Acc: 80.00% Mean: 86.92% (+/- 6.59%)
Fold: 13 of 50 Acc: 82.35% Mean: 86.57% (+/- 6.44%)
Fold: 14 of 50 Acc: 97.06% Mean: 87.32% (+/- 6.77%)
Fold: 15 of 50 Acc: 85.29% Mean: 87.18% (+/- 6.56%)
Fold: 16 of 50 Acc: 88.24% Mean: 87.25% (+/- 6.36%)
Fold: 17 of 50 Acc: 85.29% Mean: 87.13% (+/- 6.19%)
Fold: 18 of 50 Acc: 88.24% Mean: 87.19% (+/- 6.02%)
Fold: 19 of 50 Acc: 88.24% Mean: 87.25% (+/- 5.86%)
Fold: 20 of 50 Acc: 82.35% Mean: 87.00% (+/- 5.81%)
Fold: 21 of 50 Acc: 85.71% Mean: 86.94% (+/- 5.68%)
Fold: 22 of 50 Acc: 85.71% Mean: 86.89% (+/- 5.55%)
Fold: 23 of 50 Acc: 94.12% Mean: 87.20% (+/- 5.63%)
Fold: 24 of 50 Acc: 82.35% Mean: 87.00% (+/- 5.59%)
Fold: 25 of 50 Acc: 97.06% Mean: 87.40% (+/- 5.82%)
Fold: 26 of 50 Acc: 91.18% Mean: 87.55% (+/- 5.76%)
Fold: 27 of 50 Acc: 82.35% Mean: 87.35% (+/- 5.73%)
Fold: 28 of 50 Acc: 85.29% Mean: 87.28% (+/- 5.64%)
Fold: 29 of 50 Acc: 88.24% Mean: 87.31% (+/- 5.55%)
Fold: 30 of 50 Acc: 73.53% Mean: 86.85% (+/- 5.99%)
Fold: 31 of 50 Acc: 80.00% Mean: 86.63% (+/- 6.02%)
Fold: 32 of 50 Acc: 94.29% Mean: 86.87% (+/- 6.07%)
Fold: 33 of 50 Acc: 82.35% Mean: 86.74% (+/- 6.03%)
Fold: 34 of 50 Acc: 82.35% Mean: 86.61% (+/- 5.98%)
Fold: 35 of 50 Acc: 79.41% Mean: 86.40% (+/- 6.02%)
Fold: 36 of 50 Acc: 85.29% Mean: 86.37% (+/- 5.94%)
Fold: 37 of 50 Acc: 73.53% Mean: 86.02% (+/- 6.21%)
Fold: 38 of 50 Acc: 79.41% Mean: 85.85% (+/- 6.22%)
Fold: 39 of 50 Acc: 94.12% Mean: 86.06% (+/- 6.28%)
Fold: 40 of 50 Acc: 97.06% Mean: 86.34% (+/- 6.43%)
Fold: 41 of 50 Acc: 91.43% Mean: 86.46% (+/- 6.40%)
Fold: 42 of 50 Acc: 85.71% Mean: 86.44% (+/- 6.33%)
Fold: 43 of 50 Acc: 88.24% Mean: 86.48% (+/- 6.26%)
Fold: 44 of 50 Acc: 88.24% Mean: 86.52% (+/- 6.19%)
Fold: 45 of 50 Acc: 88.24% Mean: 86.56% (+/- 6.13%)
Fold: 46 of 50 Acc: 91.18% Mean: 86.66% (+/- 6.10%)
Fold: 47 of 50 Acc: 82.35% Mean: 86.57% (+/- 6.07%)
Fold: 48 of 50 Acc: 82.35% Mean: 86.48% (+/- 6.03%)
Fold: 49 of 50 Acc: 79.41% Mean: 86.34% (+/- 6.05%)
Fold: 50 of 50 Acc: 85.29% Mean: 86.32% (+/- 6.00%)
Model Type: EfficientNetB5
TensorFlow crashed. Retrying...
TensorFlow crashed. Retrying...
TensorFlow crashed. Retrying with batch_size=8.
TensorFlow crashed. Retrying...
TensorFlow crashed. Retrying...
TensorFlow crashed. Retrying with batch_size=4.
Fold: 1 of 50 Acc: 74.29% Mean: 74.29% (+/- 0.00%)
Fold: 2 of 50 Acc: 94.29% Mean: 84.29% (+/- 10.00%)
Fold: 3 of 50 Acc: 88.24% Mean: 85.60% (+/- 8.37%)
Fold: 4 of 50 Acc: 88.24% Mean: 86.26% (+/- 7.34%)
Fold: 5 of 50 Acc: 79.41% Mean: 84.89% (+/- 7.12%)
Fold: 6 of 50 Acc: 82.35% Mean: 84.47% (+/- 6.56%)
Fold: 7 of 50 Acc: 64.71% Mean: 81.64% (+/- 9.21%)
Fold: 8 of 50 Acc: 79.41% Mean: 81.37% (+/- 8.64%)
Fold: 9 of 50 Acc: 88.24% Mean: 82.13% (+/- 8.43%)
Fold: 10 of 50 Acc: 85.29% Mean: 82.45% (+/- 8.05%)
Fold: 11 of 50 Acc: 82.86% Mean: 82.48% (+/- 7.68%)
Fold: 12 of 50 Acc: 91.43% Mean: 83.23% (+/- 7.76%)
Fold: 13 of 50 Acc: 73.53% Mean: 82.48% (+/- 7.89%)
Fold: 14 of 50 Acc: 82.35% Mean: 82.47% (+/- 7.60%)
Fold: 15 of 50 Acc: 91.18% Mean: 83.05% (+/- 7.66%)
Fold: 16 of 50 Acc: 79.41% Mean: 82.83% (+/- 7.47%)
Fold: 17 of 50 Acc: 85.29% Mean: 82.97% (+/- 7.27%)
Fold: 18 of 50 Acc: 88.24% Mean: 83.26% (+/- 7.16%)
Fold: 19 of 50 Acc: 94.12% Mean: 83.83% (+/- 7.38%)
Fold: 20 of 50 Acc: 73.53% Mean: 83.32% (+/- 7.54%)
Fold: 21 of 50 Acc: 71.43% Mean: 82.75% (+/- 7.78%)
Fold: 22 of 50 Acc: 88.57% Mean: 83.02% (+/- 7.70%)
Fold: 23 of 50 Acc: 73.53% Mean: 82.61% (+/- 7.77%)
Fold: 24 of 50 Acc: 82.35% Mean: 82.59% (+/- 7.61%)
Fold: 25 of 50 Acc: 91.18% Mean: 82.94% (+/- 7.64%)
Fold: 26 of 50 Acc: 82.35% Mean: 82.92% (+/- 7.50%)
Fold: 27 of 50 Acc: 79.41% Mean: 82.79% (+/- 7.38%)
Fold: 28 of 50 Acc: 88.24% Mean: 82.98% (+/- 7.32%)
Fold: 29 of 50 Acc: 85.29% Mean: 83.06% (+/- 7.21%)
Fold: 30 of 50 Acc: 88.24% Mean: 83.23% (+/- 7.15%)
Fold: 31 of 50 Acc: 82.86% Mean: 83.22% (+/- 7.03%)
Fold: 32 of 50 Acc: 85.71% Mean: 83.30% (+/- 6.93%)
Fold: 33 of 50 Acc: 79.41% Mean: 83.18% (+/- 6.86%)
Fold: 34 of 50 Acc: 82.35% Mean: 83.16% (+/- 6.76%)
Fold: 35 of 50 Acc: 85.29% Mean: 83.22% (+/- 6.67%)
Fold: 36 of 50 Acc: 76.47% Mean: 83.03% (+/- 6.67%)
Fold: 37 of 50 Acc: 67.65% Mean: 82.61% (+/- 7.04%)
Fold: 38 of 50 Acc: 88.24% Mean: 82.76% (+/- 7.00%)
Fold: 39 of 50 Acc: 91.18% Mean: 82.98% (+/- 7.04%)
Fold: 40 of 50 Acc: 85.29% Mean: 83.04% (+/- 6.96%)
Fold: 41 of 50 Acc: 97.14% Mean: 83.38% (+/- 7.21%)
Fold: 42 of 50 Acc: 80.00% Mean: 83.30% (+/- 7.14%)
Fold: 43 of 50 Acc: 88.24% Mean: 83.41% (+/- 7.10%)
Fold: 44 of 50 Acc: 85.29% Mean: 83.46% (+/- 7.02%)
Fold: 45 of 50 Acc: 76.47% Mean: 83.30% (+/- 7.02%)
Fold: 46 of 50 Acc: 91.18% Mean: 83.47% (+/- 7.04%)
Fold: 47 of 50 Acc: 73.53% Mean: 83.26% (+/- 7.11%)
Fold: 48 of 50 Acc: 76.47% Mean: 83.12% (+/- 7.10%)
Fold: 49 of 50 Acc: 88.24% Mean: 83.22% (+/- 7.07%)
Fold: 50 of 50 Acc: 85.29% Mean: 83.27% (+/- 7.00%)
Model Type: EfficientNetB6
TensorFlow crashed. Retrying...
TensorFlow crashed. Retrying...
TensorFlow crashed. Retrying with batch_size=8.
TensorFlow crashed. Retrying...
TensorFlow crashed. Retrying...
TensorFlow crashed. Retrying with batch_size=4.
TensorFlow crashed. Retrying...
TensorFlow crashed. Retrying...
TensorFlow crashed. Retrying with batch_size=2.
Fold: 1 of 50 Acc: 71.43% Mean: 71.43% (+/- 0.00%)
Fold: 2 of 50 Acc: 88.57% Mean: 80.00% (+/- 8.57%)
Fold: 3 of 50 Acc: 61.76% Mean: 73.92% (+/- 11.08%)
Fold: 4 of 50 Acc: 67.65% Mean: 72.35% (+/- 9.98%)
Fold: 5 of 50 Acc: 79.41% Mean: 73.76% (+/- 9.36%)
Fold: 6 of 50 Acc: 73.53% Mean: 73.73% (+/- 8.54%)
Fold: 7 of 50 Acc: 64.71% Mean: 72.44% (+/- 8.52%)
Fold: 8 of 50 Acc: 70.59% Mean: 72.21% (+/- 7.99%)
Fold: 9 of 50 Acc: 79.41% Mean: 73.01% (+/- 7.87%)
Fold: 10 of 50 Acc: 79.41% Mean: 73.65% (+/- 7.71%)
Fold: 11 of 50 Acc: 88.57% Mean: 75.00% (+/- 8.51%)
Fold: 12 of 50 Acc: 62.86% Mean: 73.99% (+/- 8.81%)
Fold: 13 of 50 Acc: 70.59% Mean: 73.73% (+/- 8.51%)
Fold: 14 of 50 Acc: 85.29% Mean: 74.56% (+/- 8.73%)
Fold: 15 of 50 Acc: 97.06% Mean: 76.06% (+/- 10.13%)
Fold: 16 of 50 Acc: 73.53% Mean: 75.90% (+/- 9.83%)
Fold: 17 of 50 Acc: 76.47% Mean: 75.93% (+/- 9.53%)
Fold: 18 of 50 Acc: 79.41% Mean: 76.13% (+/- 9.30%)
Fold: 19 of 50 Acc: 82.35% Mean: 76.45% (+/- 9.16%)
Fold: 20 of 50 Acc: 76.47% Mean: 76.45% (+/- 8.93%)
Fold: 21 of 50 Acc: 82.86% Mean: 76.76% (+/- 8.82%)
Fold: 22 of 50 Acc: 65.71% Mean: 76.26% (+/- 8.92%)
Fold: 23 of 50 Acc: 85.29% Mean: 76.65% (+/- 8.91%)
Fold: 24 of 50 Acc: 73.53% Mean: 76.52% (+/- 8.75%)
Fold: 25 of 50 Acc: 79.41% Mean: 76.64% (+/- 8.59%)
Fold: 26 of 50 Acc: 76.47% Mean: 76.63% (+/- 8.42%)
Fold: 27 of 50 Acc: 73.53% Mean: 76.51% (+/- 8.29%)
Fold: 28 of 50 Acc: 76.47% Mean: 76.51% (+/- 8.14%)
Fold: 29 of 50 Acc: 79.41% Mean: 76.61% (+/- 8.01%)
Fold: 30 of 50 Acc: 61.76% Mean: 76.12% (+/- 8.32%)
Fold: 31 of 50 Acc: 80.00% Mean: 76.24% (+/- 8.21%)
Fold: 32 of 50 Acc: 62.86% Mean: 75.82% (+/- 8.41%)
Fold: 33 of 50 Acc: 70.59% Mean: 75.67% (+/- 8.33%)
Fold: 34 of 50 Acc: 67.65% Mean: 75.43% (+/- 8.32%)
Fold: 35 of 50 Acc: 67.65% Mean: 75.21% (+/- 8.30%)
Fold: 36 of 50 Acc: 61.76% Mean: 74.83% (+/- 8.48%)
Fold: 37 of 50 Acc: 58.82% Mean: 74.40% (+/- 8.76%)
Fold: 38 of 50 Acc: 88.24% Mean: 74.77% (+/- 8.92%)
Fold: 39 of 50 Acc: 85.29% Mean: 75.04% (+/- 8.96%)
Fold: 40 of 50 Acc: 97.06% Mean: 75.59% (+/- 9.49%)
Fold: 41 of 50 Acc: 60.00% Mean: 75.21% (+/- 9.68%)
Fold: 42 of 50 Acc: 71.43% Mean: 75.12% (+/- 9.58%)
Fold: 43 of 50 Acc: 82.35% Mean: 75.28% (+/- 9.53%)
Fold: 44 of 50 Acc: 73.53% Mean: 75.24% (+/- 9.42%)
Fold: 45 of 50 Acc: 67.65% Mean: 75.08% (+/- 9.39%)
Fold: 46 of 50 Acc: 79.41% Mean: 75.17% (+/- 9.31%)
Fold: 47 of 50 Acc: 70.59% Mean: 75.07% (+/- 9.23%)
Fold: 48 of 50 Acc: 70.59% Mean: 74.98% (+/- 9.16%)
Fold: 49 of 50 Acc: 79.41% Mean: 75.07% (+/- 9.08%)
Fold: 50 of 50 Acc: 79.41% Mean: 75.16% (+/- 9.01%)
Model Type: EfficientNetB7
TensorFlow crashed. Retrying...
TensorFlow crashed. Retrying...
TensorFlow crashed. Retrying with batch_size=8.
TensorFlow crashed. Retrying...
TensorFlow crashed. Retrying...
TensorFlow crashed. Retrying with batch_size=4.
TensorFlow crashed. Retrying...
TensorFlow crashed. Retrying...
TensorFlow crashed. Retrying with batch_size=2.
TensorFlow crashed. Retrying...
TensorFlow crashed. Retrying...
TensorFlow crashed. Retrying with batch_size=1.
Fold: 1 of 50 Acc: 51.43% Mean: 51.43% (+/- 0.00%)
Fold: 2 of 50 Acc: 45.71% Mean: 48.57% (+/- 2.86%)
Fold: 3 of 50 Acc: 64.71% Mean: 53.95% (+/- 7.96%)
Fold: 4 of 50 Acc: 58.82% Mean: 55.17% (+/- 7.21%)
Fold: 5 of 50 Acc: 52.94% Mean: 54.72% (+/- 6.51%)
Fold: 6 of 50 Acc: 52.94% Mean: 54.43% (+/- 5.98%)
Fold: 7 of 50 Acc: 47.06% Mean: 53.37% (+/- 6.10%)
Fold: 8 of 50 Acc: 44.12% Mean: 52.22% (+/- 6.48%)
Fold: 9 of 50 Acc: 70.59% Mean: 54.26% (+/- 8.41%)
Fold: 10 of 50 Acc: 44.12% Mean: 53.24% (+/- 8.53%)
Fold: 11 of 50 Acc: 42.86% Mean: 52.30% (+/- 8.67%)
Fold: 12 of 50 Acc: 45.71% Mean: 51.75% (+/- 8.50%)
Fold: 13 of 50 Acc: 47.06% Mean: 51.39% (+/- 8.26%)
Fold: 14 of 50 Acc: 61.76% Mean: 52.13% (+/- 8.39%)
Fold: 15 of 50 Acc: 61.76% Mean: 52.77% (+/- 8.46%)
Fold: 16 of 50 Acc: 38.24% Mean: 51.86% (+/- 8.91%)
Fold: 17 of 50 Acc: 44.12% Mean: 51.41% (+/- 8.84%)
Fold: 18 of 50 Acc: 58.82% Mean: 51.82% (+/- 8.75%)
Fold: 19 of 50 Acc: 52.94% Mean: 51.88% (+/- 8.52%)
Fold: 20 of 50 Acc: 52.94% Mean: 51.93% (+/- 8.31%)
Fold: 21 of 50 Acc: 62.86% Mean: 52.45% (+/- 8.44%)
Fold: 22 of 50 Acc: 48.57% Mean: 52.28% (+/- 8.28%)
Fold: 23 of 50 Acc: 52.94% Mean: 52.31% (+/- 8.10%)
Fold: 24 of 50 Acc: 47.06% Mean: 52.09% (+/- 8.00%)
Fold: 25 of 50 Acc: 50.00% Mean: 52.00% (+/- 7.85%)
Fold: 26 of 50 Acc: 55.88% Mean: 52.15% (+/- 7.73%)
Fold: 27 of 50 Acc: 55.88% Mean: 52.29% (+/- 7.62%)
Fold: 28 of 50 Acc: 38.24% Mean: 51.79% (+/- 7.93%)
Fold: 29 of 50 Acc: 61.76% Mean: 52.13% (+/- 8.00%)
Fold: 30 of 50 Acc: 32.35% Mean: 51.47% (+/- 8.63%)
Fold: 31 of 50 Acc: 51.43% Mean: 51.47% (+/- 8.49%)
Fold: 32 of 50 Acc: 45.71% Mean: 51.29% (+/- 8.41%)
Fold: 33 of 50 Acc: 38.24% Mean: 50.90% (+/- 8.58%)
Fold: 34 of 50 Acc: 70.59% Mean: 51.48% (+/- 9.09%)
Fold: 35 of 50 Acc: 44.12% Mean: 51.27% (+/- 9.04%)
Fold: 36 of 50 Acc: 61.76% Mean: 51.56% (+/- 9.08%)
Fold: 37 of 50 Acc: 47.06% Mean: 51.44% (+/- 8.98%)
Fold: 38 of 50 Acc: 47.06% Mean: 51.32% (+/- 8.89%)
Fold: 39 of 50 Acc: 73.53% Mean: 51.89% (+/- 9.45%)
Fold: 40 of 50 Acc: 67.65% Mean: 52.28% (+/- 9.65%)
Fold: 41 of 50 Acc: 51.43% Mean: 52.26% (+/- 9.54%)
Fold: 42 of 50 Acc: 42.86% Mean: 52.04% (+/- 9.53%)
Fold: 43 of 50 Acc: 44.12% Mean: 51.85% (+/- 9.49%)
Fold: 44 of 50 Acc: 55.88% Mean: 51.95% (+/- 9.41%)
Fold: 45 of 50 Acc: 52.94% Mean: 51.97% (+/- 9.30%)
Fold: 46 of 50 Acc: 47.06% Mean: 51.86% (+/- 9.23%)
Fold: 47 of 50 Acc: 55.88% Mean: 51.95% (+/- 9.15%)
Fold: 48 of 50 Acc: 55.88% Mean: 52.03% (+/- 9.07%)
Fold: 49 of 50 Acc: 61.76% Mean: 52.23% (+/- 9.08%)
Fold: 50 of 50 Acc: 55.88% Mean: 52.30% (+/- 9.00%)
