Machine: DONALD
Date: 04/01/2023 Time: 22:03:37
Config. Number: 7
Alternative Dense Layer: False
Pooling Application Layer: avg
Data Augmentation: False
Data Augmentation Multiplier: 1
Fine Tuning: False
Multi Optimizer: False
Optimizer: RMSprop
Batch Size: 4

Model Type: Xception
Fold: 1 of 50 Acc: 85.71% Mean: 85.71% (+/- 0.00%)
Fold: 2 of 50 Acc: 85.71% Mean: 85.71% (+/- 0.00%)
Fold: 3 of 50 Acc: 82.35% Mean: 84.59% (+/- 1.58%)
Fold: 4 of 50 Acc: 91.18% Mean: 86.24% (+/- 3.16%)
Fold: 5 of 50 Acc: 82.35% Mean: 85.46% (+/- 3.23%)
Fold: 6 of 50 Acc: 91.18% Mean: 86.41% (+/- 3.64%)
Fold: 7 of 50 Acc: 91.18% Mean: 87.09% (+/- 3.76%)
Fold: 8 of 50 Acc: 82.35% Mean: 86.50% (+/- 3.85%)
Fold: 9 of 50 Acc: 88.24% Mean: 86.69% (+/- 3.67%)
Fold: 10 of 50 Acc: 85.29% Mean: 86.55% (+/- 3.51%)
Fold: 11 of 50 Acc: 85.71% Mean: 86.48% (+/- 3.35%)
Fold: 12 of 50 Acc: 94.29% Mean: 87.13% (+/- 3.87%)
Fold: 13 of 50 Acc: 85.29% Mean: 86.99% (+/- 3.75%)
Fold: 14 of 50 Acc: 97.06% Mean: 87.71% (+/- 4.45%)
Fold: 15 of 50 Acc: 91.18% Mean: 87.94% (+/- 4.38%)
Fold: 16 of 50 Acc: 88.24% Mean: 87.96% (+/- 4.24%)
Fold: 17 of 50 Acc: 82.35% Mean: 87.63% (+/- 4.32%)
Fold: 18 of 50 Acc: 85.29% Mean: 87.50% (+/- 4.23%)
Fold: 19 of 50 Acc: 91.18% Mean: 87.69% (+/- 4.20%)
Fold: 20 of 50 Acc: 91.18% Mean: 87.87% (+/- 4.17%)
Fold: 21 of 50 Acc: 82.86% Mean: 87.63% (+/- 4.20%)
Fold: 22 of 50 Acc: 80.00% Mean: 87.28% (+/- 4.40%)
Fold: 23 of 50 Acc: 85.29% Mean: 87.19% (+/- 4.33%)
Fold: 24 of 50 Acc: 91.18% Mean: 87.36% (+/- 4.31%)
Fold: 25 of 50 Acc: 88.24% Mean: 87.39% (+/- 4.22%)
Fold: 26 of 50 Acc: 91.18% Mean: 87.54% (+/- 4.21%)
Fold: 27 of 50 Acc: 85.29% Mean: 87.46% (+/- 4.15%)
Fold: 28 of 50 Acc: 94.12% Mean: 87.70% (+/- 4.26%)
Fold: 29 of 50 Acc: 76.47% Mean: 87.31% (+/- 4.66%)
Fold: 30 of 50 Acc: 85.29% Mean: 87.24% (+/- 4.59%)
Fold: 31 of 50 Acc: 82.86% Mean: 87.10% (+/- 4.59%)
Fold: 32 of 50 Acc: 94.29% Mean: 87.32% (+/- 4.68%)
Fold: 33 of 50 Acc: 91.18% Mean: 87.44% (+/- 4.66%)
Fold: 34 of 50 Acc: 79.41% Mean: 87.20% (+/- 4.79%)
Fold: 35 of 50 Acc: 85.29% Mean: 87.15% (+/- 4.73%)
Fold: 36 of 50 Acc: 82.35% Mean: 87.02% (+/- 4.73%)
Fold: 37 of 50 Acc: 82.35% Mean: 86.89% (+/- 4.72%)
Fold: 38 of 50 Acc: 91.18% Mean: 87.00% (+/- 4.71%)
Fold: 39 of 50 Acc: 82.35% Mean: 86.88% (+/- 4.71%)
Fold: 40 of 50 Acc: 94.12% Mean: 87.07% (+/- 4.78%)
Fold: 41 of 50 Acc: 71.43% Mean: 86.68% (+/- 5.31%)
Fold: 42 of 50 Acc: 88.57% Mean: 86.73% (+/- 5.25%)
Fold: 43 of 50 Acc: 88.24% Mean: 86.76% (+/- 5.19%)
Fold: 44 of 50 Acc: 91.18% Mean: 86.86% (+/- 5.18%)
Fold: 45 of 50 Acc: 82.35% Mean: 86.76% (+/- 5.16%)
Fold: 46 of 50 Acc: 91.18% Mean: 86.86% (+/- 5.15%)
Fold: 47 of 50 Acc: 91.18% Mean: 86.95% (+/- 5.13%)
Fold: 48 of 50 Acc: 88.24% Mean: 86.98% (+/- 5.08%)
Fold: 49 of 50 Acc: 79.41% Mean: 86.82% (+/- 5.14%)
Fold: 50 of 50 Acc: 100.00% Mean: 87.09% (+/- 5.41%)
Model Type: VGG16
Fold: 1 of 50 Acc: 77.14% Mean: 77.14% (+/- 0.00%)
Fold: 2 of 50 Acc: 80.00% Mean: 78.57% (+/- 1.43%)
Fold: 3 of 50 Acc: 82.35% Mean: 79.83% (+/- 2.13%)
Fold: 4 of 50 Acc: 85.29% Mean: 81.20% (+/- 3.00%)
Fold: 5 of 50 Acc: 97.06% Mean: 84.37% (+/- 6.89%)
Fold: 6 of 50 Acc: 76.47% Mean: 83.05% (+/- 6.94%)
Fold: 7 of 50 Acc: 82.35% Mean: 82.95% (+/- 6.43%)
Fold: 8 of 50 Acc: 73.53% Mean: 81.78% (+/- 6.78%)
Fold: 9 of 50 Acc: 85.29% Mean: 82.17% (+/- 6.48%)
Fold: 10 of 50 Acc: 76.47% Mean: 81.60% (+/- 6.38%)
Fold: 11 of 50 Acc: 77.14% Mean: 81.19% (+/- 6.22%)
Fold: 12 of 50 Acc: 82.86% Mean: 81.33% (+/- 5.97%)
Fold: 13 of 50 Acc: 85.29% Mean: 81.64% (+/- 5.84%)
Fold: 14 of 50 Acc: 88.24% Mean: 82.11% (+/- 5.87%)
Fold: 15 of 50 Acc: 79.41% Mean: 81.93% (+/- 5.71%)
Fold: 16 of 50 Acc: 79.41% Mean: 81.77% (+/- 5.57%)
Fold: 17 of 50 Acc: 88.24% Mean: 82.15% (+/- 5.61%)
Fold: 18 of 50 Acc: 79.41% Mean: 82.00% (+/- 5.49%)
Fold: 19 of 50 Acc: 94.12% Mean: 82.64% (+/- 5.99%)
Fold: 20 of 50 Acc: 85.29% Mean: 82.77% (+/- 5.87%)
Fold: 21 of 50 Acc: 85.71% Mean: 82.91% (+/- 5.76%)
Fold: 22 of 50 Acc: 77.14% Mean: 82.65% (+/- 5.75%)
Fold: 23 of 50 Acc: 79.41% Mean: 82.51% (+/- 5.66%)
Fold: 24 of 50 Acc: 91.18% Mean: 82.87% (+/- 5.81%)
Fold: 25 of 50 Acc: 76.47% Mean: 82.61% (+/- 5.83%)
Fold: 26 of 50 Acc: 88.24% Mean: 82.83% (+/- 5.82%)
Fold: 27 of 50 Acc: 70.59% Mean: 82.37% (+/- 6.16%)
Fold: 28 of 50 Acc: 73.53% Mean: 82.06% (+/- 6.27%)
Fold: 29 of 50 Acc: 82.35% Mean: 82.07% (+/- 6.16%)
Fold: 30 of 50 Acc: 82.35% Mean: 82.08% (+/- 6.05%)
Fold: 31 of 50 Acc: 80.00% Mean: 82.01% (+/- 5.97%)
Fold: 32 of 50 Acc: 91.43% Mean: 82.31% (+/- 6.10%)
Fold: 33 of 50 Acc: 94.12% Mean: 82.66% (+/- 6.34%)
Fold: 34 of 50 Acc: 73.53% Mean: 82.39% (+/- 6.43%)
Fold: 35 of 50 Acc: 85.29% Mean: 82.48% (+/- 6.36%)
Fold: 36 of 50 Acc: 85.29% Mean: 82.56% (+/- 6.28%)
Fold: 37 of 50 Acc: 82.35% Mean: 82.55% (+/- 6.20%)
Fold: 38 of 50 Acc: 91.18% Mean: 82.78% (+/- 6.27%)
Fold: 39 of 50 Acc: 79.41% Mean: 82.69% (+/- 6.21%)
Fold: 40 of 50 Acc: 85.29% Mean: 82.76% (+/- 6.15%)
Fold: 41 of 50 Acc: 80.00% Mean: 82.69% (+/- 6.09%)
Fold: 42 of 50 Acc: 74.29% Mean: 82.49% (+/- 6.15%)
Fold: 43 of 50 Acc: 85.29% Mean: 82.55% (+/- 6.09%)
Fold: 44 of 50 Acc: 82.35% Mean: 82.55% (+/- 6.02%)
Fold: 45 of 50 Acc: 76.47% Mean: 82.41% (+/- 6.02%)
Fold: 46 of 50 Acc: 85.29% Mean: 82.48% (+/- 5.97%)
Fold: 47 of 50 Acc: 88.24% Mean: 82.60% (+/- 5.97%)
Fold: 48 of 50 Acc: 79.41% Mean: 82.53% (+/- 5.92%)
Fold: 49 of 50 Acc: 82.35% Mean: 82.53% (+/- 5.86%)
Fold: 50 of 50 Acc: 82.35% Mean: 82.53% (+/- 5.80%)
Model Type: VGG19
Fold: 1 of 50 Acc: 80.00% Mean: 80.00% (+/- 0.00%)
Fold: 2 of 50 Acc: 77.14% Mean: 78.57% (+/- 1.43%)
Fold: 3 of 50 Acc: 82.35% Mean: 79.83% (+/- 2.13%)
Fold: 4 of 50 Acc: 82.35% Mean: 80.46% (+/- 2.14%)
Fold: 5 of 50 Acc: 85.29% Mean: 81.43% (+/- 2.72%)
Fold: 6 of 50 Acc: 82.35% Mean: 81.58% (+/- 2.51%)
Fold: 7 of 50 Acc: 82.35% Mean: 81.69% (+/- 2.34%)
Fold: 8 of 50 Acc: 73.53% Mean: 80.67% (+/- 3.47%)
Fold: 9 of 50 Acc: 79.41% Mean: 80.53% (+/- 3.30%)
Fold: 10 of 50 Acc: 76.47% Mean: 80.13% (+/- 3.36%)
Fold: 11 of 50 Acc: 80.00% Mean: 80.11% (+/- 3.20%)
Fold: 12 of 50 Acc: 80.00% Mean: 80.11% (+/- 3.07%)
Fold: 13 of 50 Acc: 88.24% Mean: 80.73% (+/- 3.66%)
Fold: 14 of 50 Acc: 97.06% Mean: 81.90% (+/- 5.49%)
Fold: 15 of 50 Acc: 76.47% Mean: 81.54% (+/- 5.47%)
Fold: 16 of 50 Acc: 82.35% Mean: 81.59% (+/- 5.30%)
Fold: 17 of 50 Acc: 82.35% Mean: 81.63% (+/- 5.15%)
Fold: 18 of 50 Acc: 79.41% Mean: 81.51% (+/- 5.03%)
Fold: 19 of 50 Acc: 85.29% Mean: 81.71% (+/- 4.96%)
Fold: 20 of 50 Acc: 73.53% Mean: 81.30% (+/- 5.16%)
Fold: 21 of 50 Acc: 80.00% Mean: 81.24% (+/- 5.04%)
Fold: 22 of 50 Acc: 85.71% Mean: 81.44% (+/- 5.01%)
Fold: 23 of 50 Acc: 73.53% Mean: 81.10% (+/- 5.16%)
Fold: 24 of 50 Acc: 88.24% Mean: 81.39% (+/- 5.25%)
Fold: 25 of 50 Acc: 76.47% Mean: 81.20% (+/- 5.23%)
Fold: 26 of 50 Acc: 85.29% Mean: 81.35% (+/- 5.19%)
Fold: 27 of 50 Acc: 88.24% Mean: 81.61% (+/- 5.26%)
Fold: 28 of 50 Acc: 82.35% Mean: 81.64% (+/- 5.16%)
Fold: 29 of 50 Acc: 82.35% Mean: 81.66% (+/- 5.08%)
Fold: 30 of 50 Acc: 73.53% Mean: 81.39% (+/- 5.20%)
Fold: 31 of 50 Acc: 74.29% Mean: 81.16% (+/- 5.27%)
Fold: 32 of 50 Acc: 85.71% Mean: 81.30% (+/- 5.24%)
Fold: 33 of 50 Acc: 85.29% Mean: 81.42% (+/- 5.21%)
Fold: 34 of 50 Acc: 76.47% Mean: 81.28% (+/- 5.20%)
Fold: 35 of 50 Acc: 91.18% Mean: 81.56% (+/- 5.38%)
Fold: 36 of 50 Acc: 82.35% Mean: 81.58% (+/- 5.31%)
Fold: 37 of 50 Acc: 67.65% Mean: 81.21% (+/- 5.70%)
Fold: 38 of 50 Acc: 88.24% Mean: 81.39% (+/- 5.74%)
Fold: 39 of 50 Acc: 76.47% Mean: 81.26% (+/- 5.72%)
Fold: 40 of 50 Acc: 82.35% Mean: 81.29% (+/- 5.65%)
Fold: 41 of 50 Acc: 88.57% Mean: 81.47% (+/- 5.69%)
Fold: 42 of 50 Acc: 71.43% Mean: 81.23% (+/- 5.83%)
Fold: 43 of 50 Acc: 82.35% Mean: 81.26% (+/- 5.76%)
Fold: 44 of 50 Acc: 85.29% Mean: 81.35% (+/- 5.73%)
Fold: 45 of 50 Acc: 76.47% Mean: 81.24% (+/- 5.71%)
Fold: 46 of 50 Acc: 79.41% Mean: 81.20% (+/- 5.65%)
Fold: 47 of 50 Acc: 85.29% Mean: 81.29% (+/- 5.63%)
Fold: 48 of 50 Acc: 67.65% Mean: 81.00% (+/- 5.90%)
Fold: 49 of 50 Acc: 82.35% Mean: 81.03% (+/- 5.84%)
Fold: 50 of 50 Acc: 88.24% Mean: 81.17% (+/- 5.87%)
Model Type: ResNet50
Fold: 1 of 50 Acc: 80.00% Mean: 80.00% (+/- 0.00%)
Fold: 2 of 50 Acc: 82.86% Mean: 81.43% (+/- 1.43%)
Fold: 3 of 50 Acc: 91.18% Mean: 84.68% (+/- 4.74%)
Fold: 4 of 50 Acc: 85.29% Mean: 84.83% (+/- 4.11%)
Fold: 5 of 50 Acc: 88.24% Mean: 85.51% (+/- 3.92%)
Fold: 6 of 50 Acc: 88.24% Mean: 85.97% (+/- 3.72%)
Fold: 7 of 50 Acc: 82.35% Mean: 85.45% (+/- 3.67%)
Fold: 8 of 50 Acc: 76.47% Mean: 84.33% (+/- 4.54%)
Fold: 9 of 50 Acc: 88.24% Mean: 84.76% (+/- 4.45%)
Fold: 10 of 50 Acc: 82.35% Mean: 84.52% (+/- 4.29%)
Fold: 11 of 50 Acc: 94.29% Mean: 85.41% (+/- 4.96%)
Fold: 12 of 50 Acc: 80.00% Mean: 84.96% (+/- 4.98%)
Fold: 13 of 50 Acc: 79.41% Mean: 84.53% (+/- 5.00%)
Fold: 14 of 50 Acc: 97.06% Mean: 85.43% (+/- 5.80%)
Fold: 15 of 50 Acc: 85.29% Mean: 85.42% (+/- 5.61%)
Fold: 16 of 50 Acc: 82.35% Mean: 85.23% (+/- 5.48%)
Fold: 17 of 50 Acc: 85.29% Mean: 85.23% (+/- 5.31%)
Fold: 18 of 50 Acc: 91.18% Mean: 85.56% (+/- 5.34%)
Fold: 19 of 50 Acc: 91.18% Mean: 85.86% (+/- 5.35%)
Fold: 20 of 50 Acc: 82.35% Mean: 85.68% (+/- 5.27%)
Fold: 21 of 50 Acc: 82.86% Mean: 85.55% (+/- 5.18%)
Fold: 22 of 50 Acc: 85.71% Mean: 85.55% (+/- 5.06%)
Fold: 23 of 50 Acc: 88.24% Mean: 85.67% (+/- 4.98%)
Fold: 24 of 50 Acc: 94.12% Mean: 86.02% (+/- 5.16%)
Fold: 25 of 50 Acc: 85.29% Mean: 85.99% (+/- 5.05%)
Fold: 26 of 50 Acc: 91.18% Mean: 86.19% (+/- 5.05%)
Fold: 27 of 50 Acc: 88.24% Mean: 86.27% (+/- 4.98%)
Fold: 28 of 50 Acc: 100.00% Mean: 86.76% (+/- 5.51%)
Fold: 29 of 50 Acc: 82.35% Mean: 86.61% (+/- 5.47%)
Fold: 30 of 50 Acc: 70.59% Mean: 86.07% (+/- 6.10%)
Fold: 31 of 50 Acc: 77.14% Mean: 85.78% (+/- 6.21%)
Fold: 32 of 50 Acc: 91.43% Mean: 85.96% (+/- 6.19%)
Fold: 33 of 50 Acc: 94.12% Mean: 86.21% (+/- 6.25%)
Fold: 34 of 50 Acc: 70.59% Mean: 85.75% (+/- 6.70%)
Fold: 35 of 50 Acc: 85.29% Mean: 85.74% (+/- 6.60%)
Fold: 36 of 50 Acc: 94.12% Mean: 85.97% (+/- 6.66%)
Fold: 37 of 50 Acc: 70.59% Mean: 85.55% (+/- 7.02%)
Fold: 38 of 50 Acc: 97.06% Mean: 85.86% (+/- 7.17%)
Fold: 39 of 50 Acc: 88.24% Mean: 85.92% (+/- 7.09%)
Fold: 40 of 50 Acc: 85.29% Mean: 85.90% (+/- 7.00%)
Fold: 41 of 50 Acc: 88.57% Mean: 85.97% (+/- 6.93%)
Fold: 42 of 50 Acc: 82.86% Mean: 85.89% (+/- 6.86%)
Fold: 43 of 50 Acc: 88.24% Mean: 85.95% (+/- 6.79%)
Fold: 44 of 50 Acc: 88.24% Mean: 86.00% (+/- 6.72%)
Fold: 45 of 50 Acc: 91.18% Mean: 86.11% (+/- 6.69%)
Fold: 46 of 50 Acc: 91.18% Mean: 86.22% (+/- 6.66%)
Fold: 47 of 50 Acc: 97.06% Mean: 86.45% (+/- 6.77%)
Fold: 48 of 50 Acc: 82.35% Mean: 86.37% (+/- 6.72%)
Fold: 49 of 50 Acc: 85.29% Mean: 86.35% (+/- 6.66%)
Fold: 50 of 50 Acc: 82.35% Mean: 86.27% (+/- 6.61%)
Model Type: ResNet101
Fold: 1 of 50 Acc: 85.71% Mean: 85.71% (+/- 0.00%)
Fold: 2 of 50 Acc: 94.29% Mean: 90.00% (+/- 4.29%)
Fold: 3 of 50 Acc: 94.12% Mean: 91.37% (+/- 4.00%)
Fold: 4 of 50 Acc: 85.29% Mean: 89.85% (+/- 4.35%)
Fold: 5 of 50 Acc: 85.29% Mean: 88.94% (+/- 4.30%)
Fold: 6 of 50 Acc: 85.29% Mean: 88.33% (+/- 4.15%)
Fold: 7 of 50 Acc: 76.47% Mean: 86.64% (+/- 5.66%)
Fold: 8 of 50 Acc: 88.24% Mean: 86.84% (+/- 5.32%)
Fold: 9 of 50 Acc: 85.29% Mean: 86.67% (+/- 5.04%)
Fold: 10 of 50 Acc: 76.47% Mean: 85.65% (+/- 5.67%)
Fold: 11 of 50 Acc: 88.57% Mean: 85.91% (+/- 5.48%)
Fold: 12 of 50 Acc: 94.29% Mean: 86.61% (+/- 5.73%)
Fold: 13 of 50 Acc: 88.24% Mean: 86.74% (+/- 5.52%)
Fold: 14 of 50 Acc: 94.12% Mean: 87.26% (+/- 5.65%)
Fold: 15 of 50 Acc: 88.24% Mean: 87.33% (+/- 5.46%)
Fold: 16 of 50 Acc: 88.24% Mean: 87.38% (+/- 5.30%)
Fold: 17 of 50 Acc: 82.35% Mean: 87.09% (+/- 5.27%)
Fold: 18 of 50 Acc: 91.18% Mean: 87.32% (+/- 5.21%)
Fold: 19 of 50 Acc: 85.29% Mean: 87.21% (+/- 5.09%)
Fold: 20 of 50 Acc: 82.35% Mean: 86.97% (+/- 5.07%)
Fold: 21 of 50 Acc: 88.57% Mean: 87.04% (+/- 4.96%)
Fold: 22 of 50 Acc: 74.29% Mean: 86.46% (+/- 5.53%)
Fold: 23 of 50 Acc: 91.18% Mean: 86.67% (+/- 5.49%)
Fold: 24 of 50 Acc: 91.18% Mean: 86.86% (+/- 5.45%)
Fold: 25 of 50 Acc: 79.41% Mean: 86.56% (+/- 5.54%)
Fold: 26 of 50 Acc: 97.06% Mean: 86.96% (+/- 5.79%)
Fold: 27 of 50 Acc: 79.41% Mean: 86.68% (+/- 5.86%)
Fold: 28 of 50 Acc: 100.00% Mean: 87.16% (+/- 6.26%)
Fold: 29 of 50 Acc: 91.18% Mean: 87.30% (+/- 6.20%)
Fold: 30 of 50 Acc: 76.47% Mean: 86.94% (+/- 6.40%)
Fold: 31 of 50 Acc: 82.86% Mean: 86.80% (+/- 6.33%)
Fold: 32 of 50 Acc: 80.00% Mean: 86.59% (+/- 6.34%)
Fold: 33 of 50 Acc: 97.06% Mean: 86.91% (+/- 6.50%)
Fold: 34 of 50 Acc: 61.76% Mean: 86.17% (+/- 7.68%)
Fold: 35 of 50 Acc: 85.29% Mean: 86.14% (+/- 7.58%)
Fold: 36 of 50 Acc: 94.12% Mean: 86.37% (+/- 7.58%)
Fold: 37 of 50 Acc: 91.18% Mean: 86.50% (+/- 7.52%)
Fold: 38 of 50 Acc: 88.24% Mean: 86.54% (+/- 7.43%)
Fold: 39 of 50 Acc: 73.53% Mean: 86.21% (+/- 7.61%)
Fold: 40 of 50 Acc: 94.12% Mean: 86.41% (+/- 7.62%)
Fold: 41 of 50 Acc: 82.86% Mean: 86.32% (+/- 7.55%)
Fold: 42 of 50 Acc: 85.71% Mean: 86.30% (+/- 7.46%)
Fold: 43 of 50 Acc: 91.18% Mean: 86.42% (+/- 7.40%)
Fold: 44 of 50 Acc: 88.24% Mean: 86.46% (+/- 7.33%)
Fold: 45 of 50 Acc: 79.41% Mean: 86.30% (+/- 7.32%)
Fold: 46 of 50 Acc: 85.29% Mean: 86.28% (+/- 7.24%)
Fold: 47 of 50 Acc: 88.24% Mean: 86.32% (+/- 7.17%)
Fold: 48 of 50 Acc: 82.35% Mean: 86.24% (+/- 7.11%)
Fold: 49 of 50 Acc: 88.24% Mean: 86.28% (+/- 7.05%)
Fold: 50 of 50 Acc: 82.35% Mean: 86.20% (+/- 7.00%)
Model Type: ResNet152
Fold: 1 of 50 Acc: 80.00% Mean: 80.00% (+/- 0.00%)
Fold: 2 of 50 Acc: 91.43% Mean: 85.71% (+/- 5.71%)
Fold: 3 of 50 Acc: 97.06% Mean: 89.50% (+/- 7.10%)
Fold: 4 of 50 Acc: 88.24% Mean: 89.18% (+/- 6.17%)
Fold: 5 of 50 Acc: 82.35% Mean: 87.82% (+/- 6.16%)
Fold: 6 of 50 Acc: 85.29% Mean: 87.39% (+/- 5.70%)
Fold: 7 of 50 Acc: 91.18% Mean: 87.94% (+/- 5.44%)
Fold: 8 of 50 Acc: 82.35% Mean: 87.24% (+/- 5.41%)
Fold: 9 of 50 Acc: 82.35% Mean: 86.69% (+/- 5.33%)
Fold: 10 of 50 Acc: 82.35% Mean: 86.26% (+/- 5.22%)
Fold: 11 of 50 Acc: 85.71% Mean: 86.21% (+/- 4.98%)
Fold: 12 of 50 Acc: 85.71% Mean: 86.17% (+/- 4.77%)
Fold: 13 of 50 Acc: 76.47% Mean: 85.42% (+/- 5.26%)
Fold: 14 of 50 Acc: 97.06% Mean: 86.25% (+/- 5.89%)
Fold: 15 of 50 Acc: 88.24% Mean: 86.39% (+/- 5.71%)
Fold: 16 of 50 Acc: 73.53% Mean: 85.58% (+/- 6.35%)
Fold: 17 of 50 Acc: 91.18% Mean: 85.91% (+/- 6.30%)
Fold: 18 of 50 Acc: 85.29% Mean: 85.88% (+/- 6.12%)
Fold: 19 of 50 Acc: 91.18% Mean: 86.16% (+/- 6.07%)
Fold: 20 of 50 Acc: 88.24% Mean: 86.26% (+/- 5.94%)
Fold: 21 of 50 Acc: 77.14% Mean: 85.83% (+/- 6.11%)
Fold: 22 of 50 Acc: 85.71% Mean: 85.82% (+/- 5.97%)
Fold: 23 of 50 Acc: 91.18% Mean: 86.05% (+/- 5.94%)
Fold: 24 of 50 Acc: 91.18% Mean: 86.27% (+/- 5.90%)
Fold: 25 of 50 Acc: 82.35% Mean: 86.11% (+/- 5.84%)
Fold: 26 of 50 Acc: 91.18% Mean: 86.31% (+/- 5.80%)
Fold: 27 of 50 Acc: 88.24% Mean: 86.38% (+/- 5.71%)
Fold: 28 of 50 Acc: 94.12% Mean: 86.65% (+/- 5.79%)
Fold: 29 of 50 Acc: 91.18% Mean: 86.81% (+/- 5.74%)
Fold: 30 of 50 Acc: 79.41% Mean: 86.56% (+/- 5.80%)
Fold: 31 of 50 Acc: 77.14% Mean: 86.26% (+/- 5.95%)
Fold: 32 of 50 Acc: 88.57% Mean: 86.33% (+/- 5.87%)
Fold: 33 of 50 Acc: 85.29% Mean: 86.30% (+/- 5.78%)
Fold: 34 of 50 Acc: 79.41% Mean: 86.10% (+/- 5.81%)
Fold: 35 of 50 Acc: 85.29% Mean: 86.07% (+/- 5.73%)
Fold: 36 of 50 Acc: 76.47% Mean: 85.81% (+/- 5.87%)
Fold: 37 of 50 Acc: 82.35% Mean: 85.71% (+/- 5.81%)
Fold: 38 of 50 Acc: 91.18% Mean: 85.86% (+/- 5.80%)
Fold: 39 of 50 Acc: 82.35% Mean: 85.77% (+/- 5.75%)
Fold: 40 of 50 Acc: 82.35% Mean: 85.68% (+/- 5.71%)
Fold: 41 of 50 Acc: 88.57% Mean: 85.75% (+/- 5.65%)
Fold: 42 of 50 Acc: 85.71% Mean: 85.75% (+/- 5.59%)
Fold: 43 of 50 Acc: 88.24% Mean: 85.81% (+/- 5.53%)
Fold: 44 of 50 Acc: 82.35% Mean: 85.73% (+/- 5.49%)
Fold: 45 of 50 Acc: 88.24% Mean: 85.79% (+/- 5.45%)
Fold: 46 of 50 Acc: 91.18% Mean: 85.90% (+/- 5.44%)
Fold: 47 of 50 Acc: 91.18% Mean: 86.02% (+/- 5.44%)
Fold: 48 of 50 Acc: 85.29% Mean: 86.00% (+/- 5.38%)
Fold: 49 of 50 Acc: 76.47% Mean: 85.81% (+/- 5.49%)
Fold: 50 of 50 Acc: 88.24% Mean: 85.86% (+/- 5.45%)
Model Type: ResNet50V2
Fold: 1 of 50 Acc: 80.00% Mean: 80.00% (+/- 0.00%)
Fold: 2 of 50 Acc: 77.14% Mean: 78.57% (+/- 1.43%)
Fold: 3 of 50 Acc: 91.18% Mean: 82.77% (+/- 6.06%)
Fold: 4 of 50 Acc: 91.18% Mean: 84.87% (+/- 6.38%)
Fold: 5 of 50 Acc: 79.41% Mean: 83.78% (+/- 6.11%)
Fold: 6 of 50 Acc: 91.18% Mean: 85.01% (+/- 6.22%)
Fold: 7 of 50 Acc: 88.24% Mean: 85.47% (+/- 5.87%)
Fold: 8 of 50 Acc: 79.41% Mean: 84.72% (+/- 5.85%)
Fold: 9 of 50 Acc: 79.41% Mean: 84.13% (+/- 5.76%)
Fold: 10 of 50 Acc: 79.41% Mean: 83.66% (+/- 5.64%)
Fold: 11 of 50 Acc: 85.71% Mean: 83.84% (+/- 5.41%)
Fold: 12 of 50 Acc: 80.00% Mean: 83.52% (+/- 5.29%)
Fold: 13 of 50 Acc: 85.29% Mean: 83.66% (+/- 5.10%)
Fold: 14 of 50 Acc: 94.12% Mean: 84.41% (+/- 5.61%)
Fold: 15 of 50 Acc: 82.35% Mean: 84.27% (+/- 5.44%)
Fold: 16 of 50 Acc: 79.41% Mean: 83.97% (+/- 5.40%)
Fold: 17 of 50 Acc: 79.41% Mean: 83.70% (+/- 5.35%)
Fold: 18 of 50 Acc: 88.24% Mean: 83.95% (+/- 5.30%)
Fold: 19 of 50 Acc: 85.29% Mean: 84.02% (+/- 5.17%)
Fold: 20 of 50 Acc: 82.35% Mean: 83.94% (+/- 5.05%)
Fold: 21 of 50 Acc: 80.00% Mean: 83.75% (+/- 5.00%)
Fold: 22 of 50 Acc: 85.71% Mean: 83.84% (+/- 4.90%)
Fold: 23 of 50 Acc: 82.35% Mean: 83.77% (+/- 4.80%)
Fold: 24 of 50 Acc: 85.29% Mean: 83.84% (+/- 4.71%)
Fold: 25 of 50 Acc: 73.53% Mean: 83.43% (+/- 5.04%)
Fold: 26 of 50 Acc: 100.00% Mean: 84.06% (+/- 5.88%)
Fold: 27 of 50 Acc: 79.41% Mean: 83.89% (+/- 5.84%)
Fold: 28 of 50 Acc: 88.24% Mean: 84.05% (+/- 5.79%)
Fold: 29 of 50 Acc: 82.35% Mean: 83.99% (+/- 5.69%)
Fold: 30 of 50 Acc: 79.41% Mean: 83.83% (+/- 5.66%)
Fold: 31 of 50 Acc: 80.00% Mean: 83.71% (+/- 5.61%)
Fold: 32 of 50 Acc: 91.43% Mean: 83.95% (+/- 5.68%)
Fold: 33 of 50 Acc: 91.18% Mean: 84.17% (+/- 5.73%)
Fold: 34 of 50 Acc: 64.71% Mean: 83.60% (+/- 6.53%)
Fold: 35 of 50 Acc: 88.24% Mean: 83.73% (+/- 6.48%)
Fold: 36 of 50 Acc: 91.18% Mean: 83.94% (+/- 6.51%)
Fold: 37 of 50 Acc: 79.41% Mean: 83.82% (+/- 6.46%)
Fold: 38 of 50 Acc: 94.12% Mean: 84.09% (+/- 6.59%)
Fold: 39 of 50 Acc: 88.24% Mean: 84.19% (+/- 6.54%)
Fold: 40 of 50 Acc: 85.29% Mean: 84.22% (+/- 6.46%)
Fold: 41 of 50 Acc: 85.71% Mean: 84.26% (+/- 6.38%)
Fold: 42 of 50 Acc: 82.86% Mean: 84.22% (+/- 6.31%)
Fold: 43 of 50 Acc: 91.18% Mean: 84.39% (+/- 6.32%)
Fold: 44 of 50 Acc: 76.47% Mean: 84.21% (+/- 6.36%)
Fold: 45 of 50 Acc: 85.29% Mean: 84.23% (+/- 6.29%)
Fold: 46 of 50 Acc: 85.29% Mean: 84.25% (+/- 6.22%)
Fold: 47 of 50 Acc: 79.41% Mean: 84.15% (+/- 6.20%)
Fold: 48 of 50 Acc: 85.29% Mean: 84.17% (+/- 6.13%)
Fold: 49 of 50 Acc: 88.24% Mean: 84.26% (+/- 6.10%)
Fold: 50 of 50 Acc: 82.35% Mean: 84.22% (+/- 6.04%)
Model Type: ResNet101V2
Fold: 1 of 50 Acc: 85.71% Mean: 85.71% (+/- 0.00%)
Fold: 2 of 50 Acc: 77.14% Mean: 81.43% (+/- 4.29%)
Fold: 3 of 50 Acc: 97.06% Mean: 86.64% (+/- 8.16%)
Fold: 4 of 50 Acc: 97.06% Mean: 89.24% (+/- 8.38%)
Fold: 5 of 50 Acc: 85.29% Mean: 88.45% (+/- 7.66%)
Fold: 6 of 50 Acc: 88.24% Mean: 88.42% (+/- 6.99%)
Fold: 7 of 50 Acc: 79.41% Mean: 87.13% (+/- 7.20%)
Fold: 8 of 50 Acc: 79.41% Mean: 86.17% (+/- 7.20%)
Fold: 9 of 50 Acc: 91.18% Mean: 86.72% (+/- 6.97%)
Fold: 10 of 50 Acc: 73.53% Mean: 85.40% (+/- 7.71%)
Fold: 11 of 50 Acc: 85.71% Mean: 85.43% (+/- 7.35%)
Fold: 12 of 50 Acc: 82.86% Mean: 85.22% (+/- 7.07%)
Fold: 13 of 50 Acc: 88.24% Mean: 85.45% (+/- 6.84%)
Fold: 14 of 50 Acc: 85.29% Mean: 85.44% (+/- 6.59%)
Fold: 15 of 50 Acc: 94.12% Mean: 86.02% (+/- 6.73%)
Fold: 16 of 50 Acc: 88.24% Mean: 86.16% (+/- 6.54%)
Fold: 17 of 50 Acc: 88.24% Mean: 86.28% (+/- 6.36%)
Fold: 18 of 50 Acc: 94.12% Mean: 86.71% (+/- 6.44%)
Fold: 19 of 50 Acc: 88.24% Mean: 86.79% (+/- 6.27%)
Fold: 20 of 50 Acc: 88.24% Mean: 86.87% (+/- 6.12%)
Fold: 21 of 50 Acc: 82.86% Mean: 86.67% (+/- 6.04%)
Fold: 22 of 50 Acc: 94.29% Mean: 87.02% (+/- 6.11%)
Fold: 23 of 50 Acc: 91.18% Mean: 87.20% (+/- 6.03%)
Fold: 24 of 50 Acc: 91.18% Mean: 87.37% (+/- 5.96%)
Fold: 25 of 50 Acc: 88.24% Mean: 87.40% (+/- 5.84%)
Fold: 26 of 50 Acc: 88.24% Mean: 87.43% (+/- 5.73%)
Fold: 27 of 50 Acc: 85.29% Mean: 87.35% (+/- 5.64%)
Fold: 28 of 50 Acc: 91.18% Mean: 87.49% (+/- 5.58%)
Fold: 29 of 50 Acc: 88.24% Mean: 87.52% (+/- 5.49%)
Fold: 30 of 50 Acc: 91.18% Mean: 87.64% (+/- 5.43%)
Fold: 31 of 50 Acc: 82.86% Mean: 87.48% (+/- 5.41%)
Fold: 32 of 50 Acc: 100.00% Mean: 87.88% (+/- 5.75%)
Fold: 33 of 50 Acc: 97.06% Mean: 88.15% (+/- 5.88%)
Fold: 34 of 50 Acc: 79.41% Mean: 87.90% (+/- 5.98%)
Fold: 35 of 50 Acc: 91.18% Mean: 87.99% (+/- 5.92%)
Fold: 36 of 50 Acc: 94.12% Mean: 88.16% (+/- 5.92%)
Fold: 37 of 50 Acc: 88.24% Mean: 88.16% (+/- 5.84%)
Fold: 38 of 50 Acc: 76.47% Mean: 87.85% (+/- 6.06%)
Fold: 39 of 50 Acc: 91.18% Mean: 87.94% (+/- 6.00%)
Fold: 40 of 50 Acc: 79.41% Mean: 87.73% (+/- 6.08%)
Fold: 41 of 50 Acc: 91.43% Mean: 87.82% (+/- 6.03%)
Fold: 42 of 50 Acc: 85.71% Mean: 87.77% (+/- 5.97%)
Fold: 43 of 50 Acc: 85.29% Mean: 87.71% (+/- 5.91%)
Fold: 44 of 50 Acc: 91.18% Mean: 87.79% (+/- 5.86%)
Fold: 45 of 50 Acc: 82.35% Mean: 87.67% (+/- 5.85%)
Fold: 46 of 50 Acc: 91.18% Mean: 87.74% (+/- 5.81%)
Fold: 47 of 50 Acc: 100.00% Mean: 88.00% (+/- 6.02%)
Fold: 48 of 50 Acc: 79.41% Mean: 87.83% (+/- 6.08%)
Fold: 49 of 50 Acc: 85.29% Mean: 87.77% (+/- 6.03%)
Fold: 50 of 50 Acc: 91.18% Mean: 87.84% (+/- 5.98%)
Model Type: ResNet152V2
Fold: 1 of 50 Acc: 88.57% Mean: 88.57% (+/- 0.00%)
Fold: 2 of 50 Acc: 97.14% Mean: 92.86% (+/- 4.29%)
Fold: 3 of 50 Acc: 94.12% Mean: 93.28% (+/- 3.55%)
Fold: 4 of 50 Acc: 91.18% Mean: 92.75% (+/- 3.21%)
Fold: 5 of 50 Acc: 82.35% Mean: 90.67% (+/- 5.05%)
Fold: 6 of 50 Acc: 88.24% Mean: 90.27% (+/- 4.70%)
Fold: 7 of 50 Acc: 91.18% Mean: 90.40% (+/- 4.36%)
Fold: 8 of 50 Acc: 82.35% Mean: 89.39% (+/- 4.87%)
Fold: 9 of 50 Acc: 91.18% Mean: 89.59% (+/- 4.63%)
Fold: 10 of 50 Acc: 79.41% Mean: 88.57% (+/- 5.35%)
Fold: 11 of 50 Acc: 91.43% Mean: 88.83% (+/- 5.16%)
Fold: 12 of 50 Acc: 85.71% Mean: 88.57% (+/- 5.02%)
Fold: 13 of 50 Acc: 88.24% Mean: 88.55% (+/- 4.82%)
Fold: 14 of 50 Acc: 97.06% Mean: 89.15% (+/- 5.14%)
Fold: 15 of 50 Acc: 97.06% Mean: 89.68% (+/- 5.34%)
Fold: 16 of 50 Acc: 82.35% Mean: 89.22% (+/- 5.47%)
Fold: 17 of 50 Acc: 88.24% Mean: 89.16% (+/- 5.31%)
Fold: 18 of 50 Acc: 94.12% Mean: 89.44% (+/- 5.28%)
Fold: 19 of 50 Acc: 91.18% Mean: 89.53% (+/- 5.16%)
Fold: 20 of 50 Acc: 100.00% Mean: 90.05% (+/- 5.52%)
Fold: 21 of 50 Acc: 82.86% Mean: 89.71% (+/- 5.60%)
Fold: 22 of 50 Acc: 91.43% Mean: 89.79% (+/- 5.48%)
Fold: 23 of 50 Acc: 97.06% Mean: 90.11% (+/- 5.56%)
Fold: 24 of 50 Acc: 91.18% Mean: 90.15% (+/- 5.45%)
Fold: 25 of 50 Acc: 85.29% Mean: 89.96% (+/- 5.43%)
Fold: 26 of 50 Acc: 85.29% Mean: 89.78% (+/- 5.39%)
Fold: 27 of 50 Acc: 79.41% Mean: 89.39% (+/- 5.64%)
Fold: 28 of 50 Acc: 94.12% Mean: 89.56% (+/- 5.61%)
Fold: 29 of 50 Acc: 94.12% Mean: 89.72% (+/- 5.58%)
Fold: 30 of 50 Acc: 91.18% Mean: 89.77% (+/- 5.49%)
Fold: 31 of 50 Acc: 85.71% Mean: 89.64% (+/- 5.45%)
Fold: 32 of 50 Acc: 88.57% Mean: 89.60% (+/- 5.36%)
Fold: 33 of 50 Acc: 91.18% Mean: 89.65% (+/- 5.29%)
Fold: 34 of 50 Acc: 70.59% Mean: 89.09% (+/- 6.13%)
Fold: 35 of 50 Acc: 88.24% Mean: 89.07% (+/- 6.04%)
Fold: 36 of 50 Acc: 91.18% Mean: 89.12% (+/- 5.97%)
Fold: 37 of 50 Acc: 91.18% Mean: 89.18% (+/- 5.89%)
Fold: 38 of 50 Acc: 91.18% Mean: 89.23% (+/- 5.82%)
Fold: 39 of 50 Acc: 94.12% Mean: 89.36% (+/- 5.80%)
Fold: 40 of 50 Acc: 94.12% Mean: 89.48% (+/- 5.78%)
Fold: 41 of 50 Acc: 80.00% Mean: 89.25% (+/- 5.89%)
Fold: 42 of 50 Acc: 91.43% Mean: 89.30% (+/- 5.83%)
Fold: 43 of 50 Acc: 76.47% Mean: 89.00% (+/- 6.08%)
Fold: 44 of 50 Acc: 85.29% Mean: 88.92% (+/- 6.03%)
Fold: 45 of 50 Acc: 88.24% Mean: 88.90% (+/- 5.96%)
Fold: 46 of 50 Acc: 91.18% Mean: 88.95% (+/- 5.91%)
Fold: 47 of 50 Acc: 91.18% Mean: 89.00% (+/- 5.85%)
Fold: 48 of 50 Acc: 91.18% Mean: 89.04% (+/- 5.80%)
Fold: 49 of 50 Acc: 94.12% Mean: 89.15% (+/- 5.79%)
Fold: 50 of 50 Acc: 94.12% Mean: 89.25% (+/- 5.77%)
Model Type: InceptionV3
Fold: 1 of 50 Acc: 80.00% Mean: 80.00% (+/- 0.00%)
Fold: 2 of 50 Acc: 82.86% Mean: 81.43% (+/- 1.43%)
Fold: 3 of 50 Acc: 91.18% Mean: 84.68% (+/- 4.74%)
Fold: 4 of 50 Acc: 88.24% Mean: 85.57% (+/- 4.39%)
Fold: 5 of 50 Acc: 85.29% Mean: 85.51% (+/- 3.92%)
Fold: 6 of 50 Acc: 85.29% Mean: 85.48% (+/- 3.58%)
Fold: 7 of 50 Acc: 73.53% Mean: 83.77% (+/- 5.34%)
Fold: 8 of 50 Acc: 70.59% Mean: 82.12% (+/- 6.63%)
Fold: 9 of 50 Acc: 88.24% Mean: 82.80% (+/- 6.54%)
Fold: 10 of 50 Acc: 82.35% Mean: 82.76% (+/- 6.20%)
Fold: 11 of 50 Acc: 85.71% Mean: 83.03% (+/- 5.98%)
Fold: 12 of 50 Acc: 80.00% Mean: 82.77% (+/- 5.78%)
Fold: 13 of 50 Acc: 85.29% Mean: 82.97% (+/- 5.60%)
Fold: 14 of 50 Acc: 94.12% Mean: 83.76% (+/- 6.11%)
Fold: 15 of 50 Acc: 85.29% Mean: 83.87% (+/- 5.91%)
Fold: 16 of 50 Acc: 82.35% Mean: 83.77% (+/- 5.74%)
Fold: 17 of 50 Acc: 82.35% Mean: 83.69% (+/- 5.58%)
Fold: 18 of 50 Acc: 88.24% Mean: 83.94% (+/- 5.52%)
Fold: 19 of 50 Acc: 97.06% Mean: 84.63% (+/- 6.12%)
Fold: 20 of 50 Acc: 82.35% Mean: 84.52% (+/- 5.98%)
Fold: 21 of 50 Acc: 85.71% Mean: 84.57% (+/- 5.85%)
Fold: 22 of 50 Acc: 88.57% Mean: 84.76% (+/- 5.77%)
Fold: 23 of 50 Acc: 94.12% Mean: 85.16% (+/- 5.96%)
Fold: 24 of 50 Acc: 88.24% Mean: 85.29% (+/- 5.87%)
Fold: 25 of 50 Acc: 82.35% Mean: 85.17% (+/- 5.78%)
Fold: 26 of 50 Acc: 88.24% Mean: 85.29% (+/- 5.69%)
Fold: 27 of 50 Acc: 85.29% Mean: 85.29% (+/- 5.59%)
Fold: 28 of 50 Acc: 88.24% Mean: 85.40% (+/- 5.51%)
Fold: 29 of 50 Acc: 82.35% Mean: 85.29% (+/- 5.45%)
Fold: 30 of 50 Acc: 85.29% Mean: 85.29% (+/- 5.36%)
Fold: 31 of 50 Acc: 85.71% Mean: 85.30% (+/- 5.27%)
Fold: 32 of 50 Acc: 88.57% Mean: 85.41% (+/- 5.22%)
Fold: 33 of 50 Acc: 91.18% Mean: 85.58% (+/- 5.23%)
Fold: 34 of 50 Acc: 76.47% Mean: 85.31% (+/- 5.38%)
Fold: 35 of 50 Acc: 88.24% Mean: 85.40% (+/- 5.32%)
Fold: 36 of 50 Acc: 88.24% Mean: 85.48% (+/- 5.27%)
Fold: 37 of 50 Acc: 91.18% Mean: 85.63% (+/- 5.28%)
Fold: 38 of 50 Acc: 88.24% Mean: 85.70% (+/- 5.23%)
Fold: 39 of 50 Acc: 88.24% Mean: 85.76% (+/- 5.17%)
Fold: 40 of 50 Acc: 82.35% Mean: 85.68% (+/- 5.14%)
Fold: 41 of 50 Acc: 80.00% Mean: 85.54% (+/- 5.15%)
Fold: 42 of 50 Acc: 77.14% Mean: 85.34% (+/- 5.25%)
Fold: 43 of 50 Acc: 82.35% Mean: 85.27% (+/- 5.20%)
Fold: 44 of 50 Acc: 85.29% Mean: 85.27% (+/- 5.14%)
Fold: 45 of 50 Acc: 88.24% Mean: 85.34% (+/- 5.11%)
Fold: 46 of 50 Acc: 85.29% Mean: 85.34% (+/- 5.05%)
Fold: 47 of 50 Acc: 91.18% Mean: 85.46% (+/- 5.07%)
Fold: 48 of 50 Acc: 85.29% Mean: 85.46% (+/- 5.01%)
Fold: 49 of 50 Acc: 88.24% Mean: 85.51% (+/- 4.98%)
Fold: 50 of 50 Acc: 88.24% Mean: 85.57% (+/- 4.94%)
Model Type: InceptionResNetV2
Fold: 1 of 50 Acc: 85.71% Mean: 85.71% (+/- 0.00%)
Fold: 2 of 50 Acc: 82.86% Mean: 84.29% (+/- 1.43%)
Fold: 3 of 50 Acc: 85.29% Mean: 84.62% (+/- 1.26%)
Fold: 4 of 50 Acc: 91.18% Mean: 86.26% (+/- 3.04%)
Fold: 5 of 50 Acc: 82.35% Mean: 85.48% (+/- 3.14%)
Fold: 6 of 50 Acc: 88.24% Mean: 85.94% (+/- 3.04%)
Fold: 7 of 50 Acc: 82.35% Mean: 85.43% (+/- 3.08%)
Fold: 8 of 50 Acc: 82.35% Mean: 85.04% (+/- 3.06%)
Fold: 9 of 50 Acc: 91.18% Mean: 85.72% (+/- 3.47%)
Fold: 10 of 50 Acc: 88.24% Mean: 85.97% (+/- 3.38%)
Fold: 11 of 50 Acc: 91.43% Mean: 86.47% (+/- 3.58%)
Fold: 12 of 50 Acc: 77.14% Mean: 85.69% (+/- 4.29%)
Fold: 13 of 50 Acc: 76.47% Mean: 84.98% (+/- 4.80%)
Fold: 14 of 50 Acc: 88.24% Mean: 85.22% (+/- 4.70%)
Fold: 15 of 50 Acc: 91.18% Mean: 85.61% (+/- 4.78%)
Fold: 16 of 50 Acc: 88.24% Mean: 85.78% (+/- 4.67%)
Fold: 17 of 50 Acc: 85.29% Mean: 85.75% (+/- 4.53%)
Fold: 18 of 50 Acc: 94.12% Mean: 86.21% (+/- 4.80%)
Fold: 19 of 50 Acc: 85.29% Mean: 86.17% (+/- 4.68%)
Fold: 20 of 50 Acc: 85.29% Mean: 86.12% (+/- 4.56%)
Fold: 21 of 50 Acc: 88.57% Mean: 86.24% (+/- 4.48%)
Fold: 22 of 50 Acc: 85.71% Mean: 86.21% (+/- 4.38%)
Fold: 23 of 50 Acc: 82.35% Mean: 86.05% (+/- 4.36%)
Fold: 24 of 50 Acc: 85.29% Mean: 86.02% (+/- 4.27%)
Fold: 25 of 50 Acc: 94.12% Mean: 86.34% (+/- 4.47%)
Fold: 26 of 50 Acc: 97.06% Mean: 86.75% (+/- 4.85%)
Fold: 27 of 50 Acc: 76.47% Mean: 86.37% (+/- 5.14%)
Fold: 28 of 50 Acc: 88.24% Mean: 86.44% (+/- 5.06%)
Fold: 29 of 50 Acc: 88.24% Mean: 86.50% (+/- 4.98%)
Fold: 30 of 50 Acc: 67.65% Mean: 85.87% (+/- 5.95%)
Fold: 31 of 50 Acc: 88.57% Mean: 85.96% (+/- 5.87%)
Fold: 32 of 50 Acc: 94.29% Mean: 86.22% (+/- 5.96%)
Fold: 33 of 50 Acc: 85.29% Mean: 86.19% (+/- 5.87%)
Fold: 34 of 50 Acc: 79.41% Mean: 85.99% (+/- 5.90%)
Fold: 35 of 50 Acc: 88.24% Mean: 86.06% (+/- 5.82%)
Fold: 36 of 50 Acc: 82.35% Mean: 85.95% (+/- 5.77%)
Fold: 37 of 50 Acc: 82.35% Mean: 85.86% (+/- 5.73%)
Fold: 38 of 50 Acc: 91.18% Mean: 86.00% (+/- 5.71%)
Fold: 39 of 50 Acc: 85.29% Mean: 85.98% (+/- 5.64%)
Fold: 40 of 50 Acc: 88.24% Mean: 86.03% (+/- 5.58%)
Fold: 41 of 50 Acc: 80.00% Mean: 85.89% (+/- 5.59%)
Fold: 42 of 50 Acc: 77.14% Mean: 85.68% (+/- 5.68%)
Fold: 43 of 50 Acc: 94.12% Mean: 85.87% (+/- 5.76%)
Fold: 44 of 50 Acc: 88.24% Mean: 85.93% (+/- 5.70%)
Fold: 45 of 50 Acc: 94.12% Mean: 86.11% (+/- 5.77%)
Fold: 46 of 50 Acc: 91.18% Mean: 86.22% (+/- 5.75%)
Fold: 47 of 50 Acc: 91.18% Mean: 86.33% (+/- 5.74%)
Fold: 48 of 50 Acc: 85.29% Mean: 86.30% (+/- 5.68%)
Fold: 49 of 50 Acc: 85.29% Mean: 86.28% (+/- 5.62%)
Fold: 50 of 50 Acc: 91.18% Mean: 86.38% (+/- 5.61%)
Model Type: MobileNet
Fold: 1 of 50 Acc: 88.57% Mean: 88.57% (+/- 0.00%)
Fold: 2 of 50 Acc: 88.57% Mean: 88.57% (+/- 0.00%)
Fold: 3 of 50 Acc: 91.18% Mean: 89.44% (+/- 1.23%)
Fold: 4 of 50 Acc: 88.24% Mean: 89.14% (+/- 1.18%)
Fold: 5 of 50 Acc: 94.12% Mean: 90.13% (+/- 2.26%)
Fold: 6 of 50 Acc: 94.12% Mean: 90.80% (+/- 2.54%)
Fold: 7 of 50 Acc: 94.12% Mean: 91.27% (+/- 2.62%)
Fold: 8 of 50 Acc: 82.35% Mean: 90.16% (+/- 3.84%)
Fold: 9 of 50 Acc: 85.29% Mean: 89.62% (+/- 3.93%)
Fold: 10 of 50 Acc: 85.29% Mean: 89.18% (+/- 3.94%)
Fold: 11 of 50 Acc: 97.14% Mean: 89.91% (+/- 4.40%)
Fold: 12 of 50 Acc: 88.57% Mean: 89.80% (+/- 4.23%)
Fold: 13 of 50 Acc: 97.06% Mean: 90.36% (+/- 4.50%)
Fold: 14 of 50 Acc: 97.06% Mean: 90.83% (+/- 4.67%)
Fold: 15 of 50 Acc: 97.06% Mean: 91.25% (+/- 4.77%)
Fold: 16 of 50 Acc: 76.47% Mean: 90.33% (+/- 5.84%)
Fold: 17 of 50 Acc: 91.18% Mean: 90.38% (+/- 5.67%)
Fold: 18 of 50 Acc: 94.12% Mean: 90.58% (+/- 5.58%)
Fold: 19 of 50 Acc: 94.12% Mean: 90.77% (+/- 5.49%)
Fold: 20 of 50 Acc: 85.29% Mean: 90.50% (+/- 5.48%)
Fold: 21 of 50 Acc: 85.71% Mean: 90.27% (+/- 5.44%)
Fold: 22 of 50 Acc: 88.57% Mean: 90.19% (+/- 5.33%)
Fold: 23 of 50 Acc: 94.12% Mean: 90.36% (+/- 5.27%)
Fold: 24 of 50 Acc: 94.12% Mean: 90.52% (+/- 5.22%)
Fold: 25 of 50 Acc: 91.18% Mean: 90.54% (+/- 5.11%)
Fold: 26 of 50 Acc: 97.06% Mean: 90.80% (+/- 5.17%)
Fold: 27 of 50 Acc: 82.35% Mean: 90.48% (+/- 5.32%)
Fold: 28 of 50 Acc: 100.00% Mean: 90.82% (+/- 5.51%)
Fold: 29 of 50 Acc: 76.47% Mean: 90.33% (+/- 6.01%)
Fold: 30 of 50 Acc: 91.18% Mean: 90.36% (+/- 5.92%)
Fold: 31 of 50 Acc: 91.43% Mean: 90.39% (+/- 5.82%)
Fold: 32 of 50 Acc: 91.43% Mean: 90.42% (+/- 5.73%)
Fold: 33 of 50 Acc: 85.29% Mean: 90.27% (+/- 5.71%)
Fold: 34 of 50 Acc: 76.47% Mean: 89.86% (+/- 6.09%)
Fold: 35 of 50 Acc: 100.00% Mean: 90.15% (+/- 6.24%)
Fold: 36 of 50 Acc: 94.12% Mean: 90.26% (+/- 6.19%)
Fold: 37 of 50 Acc: 82.35% Mean: 90.05% (+/- 6.23%)
Fold: 38 of 50 Acc: 97.06% Mean: 90.23% (+/- 6.25%)
Fold: 39 of 50 Acc: 91.18% Mean: 90.26% (+/- 6.17%)
Fold: 40 of 50 Acc: 91.18% Mean: 90.28% (+/- 6.10%)
Fold: 41 of 50 Acc: 94.29% Mean: 90.38% (+/- 6.06%)
Fold: 42 of 50 Acc: 85.71% Mean: 90.27% (+/- 6.03%)
Fold: 43 of 50 Acc: 97.06% Mean: 90.42% (+/- 6.04%)
Fold: 44 of 50 Acc: 82.35% Mean: 90.24% (+/- 6.09%)
Fold: 45 of 50 Acc: 94.12% Mean: 90.33% (+/- 6.05%)
Fold: 46 of 50 Acc: 85.29% Mean: 90.22% (+/- 6.03%)
Fold: 47 of 50 Acc: 97.06% Mean: 90.36% (+/- 6.05%)
Fold: 48 of 50 Acc: 85.29% Mean: 90.26% (+/- 6.03%)
Fold: 49 of 50 Acc: 85.29% Mean: 90.16% (+/- 6.01%)
Fold: 50 of 50 Acc: 94.12% Mean: 90.24% (+/- 5.97%)
Model Type: DenseNet121
Fold: 1 of 50 Acc: 85.71% Mean: 85.71% (+/- 0.00%)
Fold: 2 of 50 Acc: 82.86% Mean: 84.29% (+/- 1.43%)
Fold: 3 of 50 Acc: 88.24% Mean: 85.60% (+/- 2.20%)
Fold: 4 of 50 Acc: 94.12% Mean: 87.73% (+/- 4.15%)
Fold: 5 of 50 Acc: 88.24% Mean: 87.83% (+/- 3.72%)
Fold: 6 of 50 Acc: 79.41% Mean: 86.43% (+/- 4.62%)
Fold: 7 of 50 Acc: 79.41% Mean: 85.43% (+/- 4.93%)
Fold: 8 of 50 Acc: 76.47% Mean: 84.31% (+/- 5.48%)
Fold: 9 of 50 Acc: 88.24% Mean: 84.74% (+/- 5.32%)
Fold: 10 of 50 Acc: 91.18% Mean: 85.39% (+/- 5.40%)
Fold: 11 of 50 Acc: 91.43% Mean: 85.94% (+/- 5.43%)
Fold: 12 of 50 Acc: 88.57% Mean: 86.16% (+/- 5.25%)
Fold: 13 of 50 Acc: 85.29% Mean: 86.09% (+/- 5.05%)
Fold: 14 of 50 Acc: 100.00% Mean: 87.08% (+/- 6.04%)
Fold: 15 of 50 Acc: 88.24% Mean: 87.16% (+/- 5.85%)
Fold: 16 of 50 Acc: 79.41% Mean: 86.68% (+/- 5.96%)
Fold: 17 of 50 Acc: 88.24% Mean: 86.77% (+/- 5.80%)
Fold: 18 of 50 Acc: 88.24% Mean: 86.85% (+/- 5.64%)
Fold: 19 of 50 Acc: 85.29% Mean: 86.77% (+/- 5.50%)
Fold: 20 of 50 Acc: 82.35% Mean: 86.55% (+/- 5.45%)
Fold: 21 of 50 Acc: 88.57% Mean: 86.64% (+/- 5.34%)
Fold: 22 of 50 Acc: 82.86% Mean: 86.47% (+/- 5.27%)
Fold: 23 of 50 Acc: 91.18% Mean: 86.68% (+/- 5.25%)
Fold: 24 of 50 Acc: 94.12% Mean: 86.99% (+/- 5.35%)
Fold: 25 of 50 Acc: 85.29% Mean: 86.92% (+/- 5.25%)
Fold: 26 of 50 Acc: 97.06% Mean: 87.31% (+/- 5.50%)
Fold: 27 of 50 Acc: 79.41% Mean: 87.02% (+/- 5.60%)
Fold: 28 of 50 Acc: 91.18% Mean: 87.16% (+/- 5.56%)
Fold: 29 of 50 Acc: 73.53% Mean: 86.69% (+/- 6.00%)
Fold: 30 of 50 Acc: 88.24% Mean: 86.75% (+/- 5.90%)
Fold: 31 of 50 Acc: 80.00% Mean: 86.53% (+/- 5.93%)
Fold: 32 of 50 Acc: 91.43% Mean: 86.68% (+/- 5.90%)
Fold: 33 of 50 Acc: 82.35% Mean: 86.55% (+/- 5.86%)
Fold: 34 of 50 Acc: 73.53% Mean: 86.17% (+/- 6.17%)
Fold: 35 of 50 Acc: 91.18% Mean: 86.31% (+/- 6.14%)
Fold: 36 of 50 Acc: 82.35% Mean: 86.20% (+/- 6.09%)
Fold: 37 of 50 Acc: 88.24% Mean: 86.25% (+/- 6.02%)
Fold: 38 of 50 Acc: 91.18% Mean: 86.38% (+/- 5.99%)
Fold: 39 of 50 Acc: 88.24% Mean: 86.43% (+/- 5.92%)
Fold: 40 of 50 Acc: 88.24% Mean: 86.48% (+/- 5.85%)
Fold: 41 of 50 Acc: 94.29% Mean: 86.67% (+/- 5.90%)
Fold: 42 of 50 Acc: 88.57% Mean: 86.71% (+/- 5.84%)
Fold: 43 of 50 Acc: 91.18% Mean: 86.82% (+/- 5.81%)
Fold: 44 of 50 Acc: 82.35% Mean: 86.72% (+/- 5.78%)
Fold: 45 of 50 Acc: 85.29% Mean: 86.68% (+/- 5.72%)
Fold: 46 of 50 Acc: 82.35% Mean: 86.59% (+/- 5.70%)
Fold: 47 of 50 Acc: 97.06% Mean: 86.81% (+/- 5.83%)
Fold: 48 of 50 Acc: 76.47% Mean: 86.60% (+/- 5.96%)
Fold: 49 of 50 Acc: 82.35% Mean: 86.51% (+/- 5.93%)
Fold: 50 of 50 Acc: 85.29% Mean: 86.49% (+/- 5.87%)
Model Type: DenseNet169
Fold: 1 of 50 Acc: 91.43% Mean: 91.43% (+/- 0.00%)
Fold: 2 of 50 Acc: 94.29% Mean: 92.86% (+/- 1.43%)
Fold: 3 of 50 Acc: 97.06% Mean: 94.26% (+/- 2.30%)
Fold: 4 of 50 Acc: 85.29% Mean: 92.02% (+/- 4.36%)
Fold: 5 of 50 Acc: 79.41% Mean: 89.50% (+/- 6.38%)
Fold: 6 of 50 Acc: 88.24% Mean: 89.29% (+/- 5.84%)
Fold: 7 of 50 Acc: 94.12% Mean: 89.98% (+/- 5.66%)
Fold: 8 of 50 Acc: 73.53% Mean: 87.92% (+/- 7.59%)
Fold: 9 of 50 Acc: 85.29% Mean: 87.63% (+/- 7.21%)
Fold: 10 of 50 Acc: 88.24% Mean: 87.69% (+/- 6.84%)
Fold: 11 of 50 Acc: 91.43% Mean: 88.03% (+/- 6.61%)
Fold: 12 of 50 Acc: 82.86% Mean: 87.60% (+/- 6.49%)
Fold: 13 of 50 Acc: 94.12% Mean: 88.10% (+/- 6.47%)
Fold: 14 of 50 Acc: 94.12% Mean: 88.53% (+/- 6.42%)
Fold: 15 of 50 Acc: 94.12% Mean: 88.90% (+/- 6.36%)
Fold: 16 of 50 Acc: 85.29% Mean: 88.68% (+/- 6.22%)
Fold: 17 of 50 Acc: 91.18% Mean: 88.82% (+/- 6.06%)
Fold: 18 of 50 Acc: 91.18% Mean: 88.95% (+/- 5.92%)
Fold: 19 of 50 Acc: 85.29% Mean: 88.76% (+/- 5.82%)
Fold: 20 of 50 Acc: 91.18% Mean: 88.88% (+/- 5.69%)
Fold: 21 of 50 Acc: 74.29% Mean: 88.19% (+/- 6.37%)
Fold: 22 of 50 Acc: 94.29% Mean: 88.46% (+/- 6.35%)
Fold: 23 of 50 Acc: 91.18% Mean: 88.58% (+/- 6.23%)
Fold: 24 of 50 Acc: 85.29% Mean: 88.45% (+/- 6.14%)
Fold: 25 of 50 Acc: 88.24% Mean: 88.44% (+/- 6.01%)
Fold: 26 of 50 Acc: 88.24% Mean: 88.43% (+/- 5.90%)
Fold: 27 of 50 Acc: 85.29% Mean: 88.31% (+/- 5.82%)
Fold: 28 of 50 Acc: 94.12% Mean: 88.52% (+/- 5.81%)
Fold: 29 of 50 Acc: 94.12% Mean: 88.71% (+/- 5.80%)
Fold: 30 of 50 Acc: 73.53% Mean: 88.21% (+/- 6.32%)
Fold: 31 of 50 Acc: 91.43% Mean: 88.31% (+/- 6.25%)
Fold: 32 of 50 Acc: 94.29% Mean: 88.50% (+/- 6.24%)
Fold: 33 of 50 Acc: 88.24% Mean: 88.49% (+/- 6.14%)
Fold: 34 of 50 Acc: 79.41% Mean: 88.22% (+/- 6.24%)
Fold: 35 of 50 Acc: 94.12% Mean: 88.39% (+/- 6.23%)
Fold: 36 of 50 Acc: 85.29% Mean: 88.31% (+/- 6.16%)
Fold: 37 of 50 Acc: 88.24% Mean: 88.30% (+/- 6.08%)
Fold: 38 of 50 Acc: 91.18% Mean: 88.38% (+/- 6.02%)
Fold: 39 of 50 Acc: 94.12% Mean: 88.53% (+/- 6.01%)
Fold: 40 of 50 Acc: 91.18% Mean: 88.59% (+/- 5.95%)
Fold: 41 of 50 Acc: 82.86% Mean: 88.45% (+/- 5.94%)
Fold: 42 of 50 Acc: 85.71% Mean: 88.39% (+/- 5.88%)
Fold: 43 of 50 Acc: 88.24% Mean: 88.38% (+/- 5.81%)
Fold: 44 of 50 Acc: 82.35% Mean: 88.25% (+/- 5.82%)
Fold: 45 of 50 Acc: 85.29% Mean: 88.18% (+/- 5.77%)
Fold: 46 of 50 Acc: 91.18% Mean: 88.25% (+/- 5.72%)
Fold: 47 of 50 Acc: 94.12% Mean: 88.37% (+/- 5.72%)
Fold: 48 of 50 Acc: 85.29% Mean: 88.31% (+/- 5.68%)
Fold: 49 of 50 Acc: 91.18% Mean: 88.37% (+/- 5.64%)
Fold: 50 of 50 Acc: 88.24% Mean: 88.36% (+/- 5.58%)
Model Type: DenseNet201
Fold: 1 of 50 Acc: 91.43% Mean: 91.43% (+/- 0.00%)
Fold: 2 of 50 Acc: 91.43% Mean: 91.43% (+/- 0.00%)
Fold: 3 of 50 Acc: 94.12% Mean: 92.32% (+/- 1.27%)
Fold: 4 of 50 Acc: 94.12% Mean: 92.77% (+/- 1.34%)
Fold: 5 of 50 Acc: 79.41% Mean: 90.10% (+/- 5.48%)
Fold: 6 of 50 Acc: 82.35% Mean: 88.81% (+/- 5.77%)
Fold: 7 of 50 Acc: 85.29% Mean: 88.31% (+/- 5.49%)
Fold: 8 of 50 Acc: 85.29% Mean: 87.93% (+/- 5.23%)
Fold: 9 of 50 Acc: 85.29% Mean: 87.64% (+/- 5.00%)
Fold: 10 of 50 Acc: 82.35% Mean: 87.11% (+/- 5.00%)
Fold: 11 of 50 Acc: 94.29% Mean: 87.76% (+/- 5.19%)
Fold: 12 of 50 Acc: 85.71% Mean: 87.59% (+/- 5.00%)
Fold: 13 of 50 Acc: 85.29% Mean: 87.41% (+/- 4.85%)
Fold: 14 of 50 Acc: 97.06% Mean: 88.10% (+/- 5.29%)
Fold: 15 of 50 Acc: 88.24% Mean: 88.11% (+/- 5.11%)
Fold: 16 of 50 Acc: 82.35% Mean: 87.75% (+/- 5.14%)
Fold: 17 of 50 Acc: 91.18% Mean: 87.95% (+/- 5.05%)
Fold: 18 of 50 Acc: 82.35% Mean: 87.64% (+/- 5.08%)
Fold: 19 of 50 Acc: 91.18% Mean: 87.83% (+/- 5.00%)
Fold: 20 of 50 Acc: 88.24% Mean: 87.85% (+/- 4.88%)
Fold: 21 of 50 Acc: 85.71% Mean: 87.75% (+/- 4.78%)
Fold: 22 of 50 Acc: 88.57% Mean: 87.78% (+/- 4.67%)
Fold: 23 of 50 Acc: 94.12% Mean: 88.06% (+/- 4.75%)
Fold: 24 of 50 Acc: 97.06% Mean: 88.43% (+/- 4.99%)
Fold: 25 of 50 Acc: 85.29% Mean: 88.31% (+/- 4.92%)
Fold: 26 of 50 Acc: 94.12% Mean: 88.53% (+/- 4.96%)
Fold: 27 of 50 Acc: 85.29% Mean: 88.41% (+/- 4.90%)
Fold: 28 of 50 Acc: 94.12% Mean: 88.62% (+/- 4.93%)
Fold: 29 of 50 Acc: 82.35% Mean: 88.40% (+/- 4.98%)
Fold: 30 of 50 Acc: 79.41% Mean: 88.10% (+/- 5.15%)
Fold: 31 of 50 Acc: 85.71% Mean: 88.02% (+/- 5.08%)
Fold: 32 of 50 Acc: 91.43% Mean: 88.13% (+/- 5.04%)
Fold: 33 of 50 Acc: 88.24% Mean: 88.13% (+/- 4.96%)
Fold: 34 of 50 Acc: 73.53% Mean: 87.70% (+/- 5.48%)
Fold: 35 of 50 Acc: 97.06% Mean: 87.97% (+/- 5.62%)
Fold: 36 of 50 Acc: 94.12% Mean: 88.14% (+/- 5.63%)
Fold: 37 of 50 Acc: 88.24% Mean: 88.14% (+/- 5.55%)
Fold: 38 of 50 Acc: 91.18% Mean: 88.22% (+/- 5.50%)
Fold: 39 of 50 Acc: 88.24% Mean: 88.22% (+/- 5.43%)
Fold: 40 of 50 Acc: 85.29% Mean: 88.15% (+/- 5.38%)
Fold: 41 of 50 Acc: 91.43% Mean: 88.23% (+/- 5.34%)
Fold: 42 of 50 Acc: 88.57% Mean: 88.24% (+/- 5.28%)
Fold: 43 of 50 Acc: 88.24% Mean: 88.24% (+/- 5.21%)
Fold: 44 of 50 Acc: 79.41% Mean: 88.04% (+/- 5.32%)
Fold: 45 of 50 Acc: 82.35% Mean: 87.91% (+/- 5.33%)
Fold: 46 of 50 Acc: 88.24% Mean: 87.92% (+/- 5.27%)
Fold: 47 of 50 Acc: 97.06% Mean: 88.11% (+/- 5.38%)
Fold: 48 of 50 Acc: 79.41% Mean: 87.93% (+/- 5.46%)
Fold: 49 of 50 Acc: 79.41% Mean: 87.76% (+/- 5.54%)
Fold: 50 of 50 Acc: 76.47% Mean: 87.53% (+/- 5.71%)
Model Type: NASNetMobile
Fold: 1 of 50 Acc: 91.43% Mean: 91.43% (+/- 0.00%)
Fold: 2 of 50 Acc: 85.71% Mean: 88.57% (+/- 2.86%)
Fold: 3 of 50 Acc: 88.24% Mean: 88.46% (+/- 2.34%)
Fold: 4 of 50 Acc: 94.12% Mean: 89.87% (+/- 3.18%)
Fold: 5 of 50 Acc: 85.29% Mean: 88.96% (+/- 3.38%)
Fold: 6 of 50 Acc: 82.35% Mean: 87.86% (+/- 3.95%)
Fold: 7 of 50 Acc: 82.35% Mean: 87.07% (+/- 4.13%)
Fold: 8 of 50 Acc: 82.35% Mean: 86.48% (+/- 4.17%)
Fold: 9 of 50 Acc: 82.35% Mean: 86.02% (+/- 4.14%)
Fold: 10 of 50 Acc: 88.24% Mean: 86.24% (+/- 3.98%)
Fold: 11 of 50 Acc: 88.57% Mean: 86.46% (+/- 3.86%)
Fold: 12 of 50 Acc: 88.57% Mean: 86.63% (+/- 3.74%)
Fold: 13 of 50 Acc: 79.41% Mean: 86.08% (+/- 4.07%)
Fold: 14 of 50 Acc: 88.24% Mean: 86.23% (+/- 3.96%)
Fold: 15 of 50 Acc: 94.12% Mean: 86.76% (+/- 4.31%)
Fold: 16 of 50 Acc: 85.29% Mean: 86.66% (+/- 4.18%)
Fold: 17 of 50 Acc: 91.18% Mean: 86.93% (+/- 4.20%)
Fold: 18 of 50 Acc: 88.24% Mean: 87.00% (+/- 4.09%)
Fold: 19 of 50 Acc: 85.29% Mean: 86.91% (+/- 4.00%)
Fold: 20 of 50 Acc: 82.35% Mean: 86.68% (+/- 4.02%)
Fold: 21 of 50 Acc: 91.43% Mean: 86.91% (+/- 4.05%)
Fold: 22 of 50 Acc: 82.86% Mean: 86.73% (+/- 4.05%)
Fold: 23 of 50 Acc: 82.35% Mean: 86.54% (+/- 4.06%)
Fold: 24 of 50 Acc: 88.24% Mean: 86.61% (+/- 3.99%)
Fold: 25 of 50 Acc: 85.29% Mean: 86.55% (+/- 3.92%)
Fold: 26 of 50 Acc: 64.71% Mean: 85.71% (+/- 5.69%)
Fold: 27 of 50 Acc: 82.35% Mean: 85.59% (+/- 5.62%)
Fold: 28 of 50 Acc: 91.18% Mean: 85.79% (+/- 5.62%)
Fold: 29 of 50 Acc: 76.47% Mean: 85.47% (+/- 5.77%)
Fold: 30 of 50 Acc: 82.35% Mean: 85.36% (+/- 5.71%)
Fold: 31 of 50 Acc: 91.43% Mean: 85.56% (+/- 5.71%)
Fold: 32 of 50 Acc: 91.43% Mean: 85.74% (+/- 5.72%)
Fold: 33 of 50 Acc: 91.18% Mean: 85.91% (+/- 5.70%)
Fold: 34 of 50 Acc: 76.47% Mean: 85.63% (+/- 5.84%)
Fold: 35 of 50 Acc: 79.41% Mean: 85.45% (+/- 5.85%)
Fold: 36 of 50 Acc: 85.29% Mean: 85.45% (+/- 5.77%)
Fold: 37 of 50 Acc: 88.24% Mean: 85.52% (+/- 5.71%)
Fold: 38 of 50 Acc: 79.41% Mean: 85.36% (+/- 5.72%)
Fold: 39 of 50 Acc: 85.29% Mean: 85.36% (+/- 5.64%)
Fold: 40 of 50 Acc: 79.41% Mean: 85.21% (+/- 5.65%)
Fold: 41 of 50 Acc: 77.14% Mean: 85.02% (+/- 5.72%)
Fold: 42 of 50 Acc: 91.43% Mean: 85.17% (+/- 5.73%)
Fold: 43 of 50 Acc: 85.29% Mean: 85.17% (+/- 5.67%)
Fold: 44 of 50 Acc: 82.35% Mean: 85.11% (+/- 5.62%)
Fold: 45 of 50 Acc: 76.47% Mean: 84.92% (+/- 5.70%)
Fold: 46 of 50 Acc: 91.18% Mean: 85.05% (+/- 5.71%)
Fold: 47 of 50 Acc: 85.29% Mean: 85.06% (+/- 5.65%)
Fold: 48 of 50 Acc: 82.35% Mean: 85.00% (+/- 5.60%)
Fold: 49 of 50 Acc: 79.41% Mean: 84.89% (+/- 5.60%)
Fold: 50 of 50 Acc: 94.12% Mean: 85.07% (+/- 5.69%)
Model Type: MobileNetV2
Fold: 1 of 50 Acc: 82.86% Mean: 82.86% (+/- 0.00%)
Fold: 2 of 50 Acc: 94.29% Mean: 88.57% (+/- 5.71%)
Fold: 3 of 50 Acc: 97.06% Mean: 91.40% (+/- 6.15%)
Fold: 4 of 50 Acc: 91.18% Mean: 91.34% (+/- 5.32%)
Fold: 5 of 50 Acc: 91.18% Mean: 91.31% (+/- 4.76%)
Fold: 6 of 50 Acc: 79.41% Mean: 89.33% (+/- 6.21%)
Fold: 7 of 50 Acc: 88.24% Mean: 89.17% (+/- 5.76%)
Fold: 8 of 50 Acc: 82.35% Mean: 88.32% (+/- 5.84%)
Fold: 9 of 50 Acc: 97.06% Mean: 89.29% (+/- 6.16%)
Fold: 10 of 50 Acc: 94.12% Mean: 89.77% (+/- 6.02%)
Fold: 11 of 50 Acc: 85.71% Mean: 89.40% (+/- 5.85%)
Fold: 12 of 50 Acc: 85.71% Mean: 89.10% (+/- 5.70%)
Fold: 13 of 50 Acc: 91.18% Mean: 89.26% (+/- 5.50%)
Fold: 14 of 50 Acc: 91.18% Mean: 89.39% (+/- 5.32%)
Fold: 15 of 50 Acc: 91.18% Mean: 89.51% (+/- 5.16%)
Fold: 16 of 50 Acc: 76.47% Mean: 88.70% (+/- 5.91%)
Fold: 17 of 50 Acc: 88.24% Mean: 88.67% (+/- 5.74%)
Fold: 18 of 50 Acc: 88.24% Mean: 88.65% (+/- 5.58%)
Fold: 19 of 50 Acc: 88.24% Mean: 88.62% (+/- 5.43%)
Fold: 20 of 50 Acc: 82.35% Mean: 88.31% (+/- 5.46%)
Fold: 21 of 50 Acc: 88.57% Mean: 88.32% (+/- 5.33%)
Fold: 22 of 50 Acc: 85.71% Mean: 88.20% (+/- 5.24%)
Fold: 23 of 50 Acc: 88.24% Mean: 88.21% (+/- 5.12%)
Fold: 24 of 50 Acc: 79.41% Mean: 87.84% (+/- 5.31%)
Fold: 25 of 50 Acc: 91.18% Mean: 87.97% (+/- 5.25%)
Fold: 26 of 50 Acc: 85.29% Mean: 87.87% (+/- 5.17%)
Fold: 27 of 50 Acc: 85.29% Mean: 87.77% (+/- 5.10%)
Fold: 28 of 50 Acc: 97.06% Mean: 88.11% (+/- 5.29%)
Fold: 29 of 50 Acc: 82.35% Mean: 87.91% (+/- 5.31%)
Fold: 30 of 50 Acc: 79.41% Mean: 87.62% (+/- 5.44%)
Fold: 31 of 50 Acc: 88.57% Mean: 87.66% (+/- 5.35%)
Fold: 32 of 50 Acc: 88.57% Mean: 87.68% (+/- 5.27%)
Fold: 33 of 50 Acc: 82.35% Mean: 87.52% (+/- 5.27%)
Fold: 34 of 50 Acc: 82.35% Mean: 87.37% (+/- 5.26%)
Fold: 35 of 50 Acc: 94.12% Mean: 87.56% (+/- 5.31%)
Fold: 36 of 50 Acc: 97.06% Mean: 87.83% (+/- 5.46%)
Fold: 37 of 50 Acc: 88.24% Mean: 87.84% (+/- 5.39%)
Fold: 38 of 50 Acc: 85.29% Mean: 87.77% (+/- 5.33%)
Fold: 39 of 50 Acc: 88.24% Mean: 87.78% (+/- 5.26%)
Fold: 40 of 50 Acc: 88.24% Mean: 87.79% (+/- 5.20%)
Fold: 41 of 50 Acc: 94.29% Mean: 87.95% (+/- 5.23%)
Fold: 42 of 50 Acc: 91.43% Mean: 88.04% (+/- 5.20%)
Fold: 43 of 50 Acc: 91.18% Mean: 88.11% (+/- 5.16%)
Fold: 44 of 50 Acc: 88.24% Mean: 88.11% (+/- 5.10%)
Fold: 45 of 50 Acc: 88.24% Mean: 88.11% (+/- 5.04%)
Fold: 46 of 50 Acc: 85.29% Mean: 88.05% (+/- 5.00%)
Fold: 47 of 50 Acc: 94.12% Mean: 88.18% (+/- 5.03%)
Fold: 48 of 50 Acc: 79.41% Mean: 88.00% (+/- 5.13%)
Fold: 49 of 50 Acc: 82.35% Mean: 87.88% (+/- 5.14%)
Fold: 50 of 50 Acc: 91.18% Mean: 87.95% (+/- 5.11%)
Model Type: EfficientNetB0
Fold: 1 of 50 Acc: 82.86% Mean: 82.86% (+/- 0.00%)
Fold: 2 of 50 Acc: 85.71% Mean: 84.29% (+/- 1.43%)
Fold: 3 of 50 Acc: 91.18% Mean: 86.58% (+/- 3.45%)
Fold: 4 of 50 Acc: 88.24% Mean: 87.00% (+/- 3.07%)
Fold: 5 of 50 Acc: 88.24% Mean: 87.24% (+/- 2.79%)
Fold: 6 of 50 Acc: 97.06% Mean: 88.88% (+/- 4.46%)
Fold: 7 of 50 Acc: 85.29% Mean: 88.37% (+/- 4.31%)
Fold: 8 of 50 Acc: 76.47% Mean: 86.88% (+/- 5.64%)
Fold: 9 of 50 Acc: 85.29% Mean: 86.70% (+/- 5.34%)
Fold: 10 of 50 Acc: 88.24% Mean: 86.86% (+/- 5.08%)
Fold: 11 of 50 Acc: 85.71% Mean: 86.75% (+/- 4.86%)
Fold: 12 of 50 Acc: 85.71% Mean: 86.67% (+/- 4.66%)
Fold: 13 of 50 Acc: 88.24% Mean: 86.79% (+/- 4.50%)
Fold: 14 of 50 Acc: 97.06% Mean: 87.52% (+/- 5.08%)
Fold: 15 of 50 Acc: 85.29% Mean: 87.37% (+/- 4.94%)
Fold: 16 of 50 Acc: 88.24% Mean: 87.43% (+/- 4.78%)
Fold: 17 of 50 Acc: 85.29% Mean: 87.30% (+/- 4.67%)
Fold: 18 of 50 Acc: 94.12% Mean: 87.68% (+/- 4.80%)
Fold: 19 of 50 Acc: 88.24% Mean: 87.71% (+/- 4.67%)
Fold: 20 of 50 Acc: 85.29% Mean: 87.59% (+/- 4.58%)
Fold: 21 of 50 Acc: 91.43% Mean: 87.77% (+/- 4.55%)
Fold: 22 of 50 Acc: 82.86% Mean: 87.55% (+/- 4.56%)
Fold: 23 of 50 Acc: 91.18% Mean: 87.71% (+/- 4.52%)
Fold: 24 of 50 Acc: 91.18% Mean: 87.85% (+/- 4.48%)
Fold: 25 of 50 Acc: 82.35% Mean: 87.63% (+/- 4.52%)
Fold: 26 of 50 Acc: 88.24% Mean: 87.65% (+/- 4.43%)
Fold: 27 of 50 Acc: 64.71% Mean: 86.80% (+/- 6.14%)
Fold: 28 of 50 Acc: 94.12% Mean: 87.06% (+/- 6.18%)
Fold: 29 of 50 Acc: 91.18% Mean: 87.21% (+/- 6.12%)
Fold: 30 of 50 Acc: 82.35% Mean: 87.04% (+/- 6.08%)
Fold: 31 of 50 Acc: 85.71% Mean: 87.00% (+/- 5.98%)
Fold: 32 of 50 Acc: 91.43% Mean: 87.14% (+/- 5.94%)
Fold: 33 of 50 Acc: 82.35% Mean: 87.00% (+/- 5.91%)
Fold: 34 of 50 Acc: 73.53% Mean: 86.60% (+/- 6.25%)
Fold: 35 of 50 Acc: 94.12% Mean: 86.81% (+/- 6.28%)
Fold: 36 of 50 Acc: 91.18% Mean: 86.94% (+/- 6.24%)
Fold: 37 of 50 Acc: 88.24% Mean: 86.97% (+/- 6.16%)
Fold: 38 of 50 Acc: 91.18% Mean: 87.08% (+/- 6.11%)
Fold: 39 of 50 Acc: 85.29% Mean: 87.04% (+/- 6.04%)
Fold: 40 of 50 Acc: 88.24% Mean: 87.07% (+/- 5.97%)
Fold: 41 of 50 Acc: 94.29% Mean: 87.24% (+/- 6.00%)
Fold: 42 of 50 Acc: 85.71% Mean: 87.20% (+/- 5.93%)
Fold: 43 of 50 Acc: 91.18% Mean: 87.30% (+/- 5.89%)
Fold: 44 of 50 Acc: 91.18% Mean: 87.39% (+/- 5.85%)
Fold: 45 of 50 Acc: 82.35% Mean: 87.27% (+/- 5.84%)
Fold: 46 of 50 Acc: 88.24% Mean: 87.29% (+/- 5.77%)
Fold: 47 of 50 Acc: 94.12% Mean: 87.44% (+/- 5.80%)
Fold: 48 of 50 Acc: 76.47% Mean: 87.21% (+/- 5.95%)
Fold: 49 of 50 Acc: 85.29% Mean: 87.17% (+/- 5.89%)
Fold: 50 of 50 Acc: 85.29% Mean: 87.13% (+/- 5.84%)
Model Type: EfficientNetB1
Fold: 1 of 50 Acc: 77.14% Mean: 77.14% (+/- 0.00%)
Fold: 2 of 50 Acc: 82.86% Mean: 80.00% (+/- 2.86%)
Fold: 3 of 50 Acc: 85.29% Mean: 81.76% (+/- 3.42%)
Fold: 4 of 50 Acc: 91.18% Mean: 84.12% (+/- 5.04%)
Fold: 5 of 50 Acc: 85.29% Mean: 84.35% (+/- 4.53%)
Fold: 6 of 50 Acc: 94.12% Mean: 85.98% (+/- 5.51%)
Fold: 7 of 50 Acc: 91.18% Mean: 86.72% (+/- 5.41%)
Fold: 8 of 50 Acc: 82.35% Mean: 86.18% (+/- 5.27%)
Fold: 9 of 50 Acc: 94.12% Mean: 87.06% (+/- 5.56%)
Fold: 10 of 50 Acc: 94.12% Mean: 87.76% (+/- 5.68%)
Fold: 11 of 50 Acc: 80.00% Mean: 87.06% (+/- 5.86%)
Fold: 12 of 50 Acc: 77.14% Mean: 86.23% (+/- 6.24%)
Fold: 13 of 50 Acc: 88.24% Mean: 86.39% (+/- 6.02%)
Fold: 14 of 50 Acc: 91.18% Mean: 86.73% (+/- 5.93%)
Fold: 15 of 50 Acc: 94.12% Mean: 87.22% (+/- 6.02%)
Fold: 16 of 50 Acc: 91.18% Mean: 87.47% (+/- 5.91%)
Fold: 17 of 50 Acc: 91.18% Mean: 87.69% (+/- 5.80%)
Fold: 18 of 50 Acc: 97.06% Mean: 88.21% (+/- 6.03%)
Fold: 19 of 50 Acc: 88.24% Mean: 88.21% (+/- 5.87%)
Fold: 20 of 50 Acc: 85.29% Mean: 88.06% (+/- 5.75%)
Fold: 21 of 50 Acc: 88.57% Mean: 88.09% (+/- 5.62%)
Fold: 22 of 50 Acc: 88.57% Mean: 88.11% (+/- 5.49%)
Fold: 23 of 50 Acc: 82.35% Mean: 87.86% (+/- 5.49%)
Fold: 24 of 50 Acc: 91.18% Mean: 88.00% (+/- 5.42%)
Fold: 25 of 50 Acc: 85.29% Mean: 87.89% (+/- 5.34%)
Fold: 26 of 50 Acc: 100.00% Mean: 88.35% (+/- 5.73%)
Fold: 27 of 50 Acc: 76.47% Mean: 87.91% (+/- 6.05%)
Fold: 28 of 50 Acc: 94.12% Mean: 88.14% (+/- 6.05%)
Fold: 29 of 50 Acc: 94.12% Mean: 88.34% (+/- 6.05%)
Fold: 30 of 50 Acc: 79.41% Mean: 88.04% (+/- 6.16%)
Fold: 31 of 50 Acc: 85.71% Mean: 87.97% (+/- 6.07%)
Fold: 32 of 50 Acc: 88.57% Mean: 87.99% (+/- 5.98%)
Fold: 33 of 50 Acc: 91.18% Mean: 88.09% (+/- 5.91%)
Fold: 34 of 50 Acc: 79.41% Mean: 87.83% (+/- 6.01%)
Fold: 35 of 50 Acc: 88.24% Mean: 87.84% (+/- 5.92%)
Fold: 36 of 50 Acc: 91.18% Mean: 87.93% (+/- 5.86%)
Fold: 37 of 50 Acc: 82.35% Mean: 87.78% (+/- 5.85%)
Fold: 38 of 50 Acc: 94.12% Mean: 87.95% (+/- 5.86%)
Fold: 39 of 50 Acc: 91.18% Mean: 88.03% (+/- 5.81%)
Fold: 40 of 50 Acc: 91.18% Mean: 88.11% (+/- 5.76%)
Fold: 41 of 50 Acc: 88.57% Mean: 88.12% (+/- 5.69%)
Fold: 42 of 50 Acc: 94.29% Mean: 88.27% (+/- 5.70%)
Fold: 43 of 50 Acc: 82.35% Mean: 88.13% (+/- 5.70%)
Fold: 44 of 50 Acc: 88.24% Mean: 88.13% (+/- 5.64%)
Fold: 45 of 50 Acc: 82.35% Mean: 88.01% (+/- 5.64%)
Fold: 46 of 50 Acc: 91.18% Mean: 88.07% (+/- 5.60%)
Fold: 47 of 50 Acc: 91.18% Mean: 88.14% (+/- 5.55%)
Fold: 48 of 50 Acc: 79.41% Mean: 87.96% (+/- 5.64%)
Fold: 49 of 50 Acc: 91.18% Mean: 88.02% (+/- 5.60%)
Fold: 50 of 50 Acc: 85.29% Mean: 87.97% (+/- 5.55%)
Model Type: EfficientNetB2
Fold: 1 of 50 Acc: 88.57% Mean: 88.57% (+/- 0.00%)
Fold: 2 of 50 Acc: 97.14% Mean: 92.86% (+/- 4.29%)
Fold: 3 of 50 Acc: 85.29% Mean: 90.34% (+/- 5.00%)
Fold: 4 of 50 Acc: 76.47% Mean: 86.87% (+/- 7.40%)
Fold: 5 of 50 Acc: 85.29% Mean: 86.55% (+/- 6.65%)
Fold: 6 of 50 Acc: 85.29% Mean: 86.34% (+/- 6.09%)
Fold: 7 of 50 Acc: 88.24% Mean: 86.61% (+/- 5.67%)
Fold: 8 of 50 Acc: 76.47% Mean: 85.35% (+/- 6.28%)
Fold: 9 of 50 Acc: 85.29% Mean: 85.34% (+/- 5.92%)
Fold: 10 of 50 Acc: 88.24% Mean: 85.63% (+/- 5.68%)
Fold: 11 of 50 Acc: 88.57% Mean: 85.90% (+/- 5.48%)
Fold: 12 of 50 Acc: 85.71% Mean: 85.88% (+/- 5.25%)
Fold: 13 of 50 Acc: 94.12% Mean: 86.52% (+/- 5.50%)
Fold: 14 of 50 Acc: 97.06% Mean: 87.27% (+/- 5.96%)
Fold: 15 of 50 Acc: 94.12% Mean: 87.73% (+/- 6.00%)
Fold: 16 of 50 Acc: 82.35% Mean: 87.39% (+/- 5.96%)
Fold: 17 of 50 Acc: 85.29% Mean: 87.27% (+/- 5.80%)
Fold: 18 of 50 Acc: 91.18% Mean: 87.48% (+/- 5.71%)
Fold: 19 of 50 Acc: 88.24% Mean: 87.52% (+/- 5.56%)
Fold: 20 of 50 Acc: 64.71% Mean: 86.38% (+/- 7.35%)
Fold: 21 of 50 Acc: 82.86% Mean: 86.21% (+/- 7.21%)
Fold: 22 of 50 Acc: 80.00% Mean: 85.93% (+/- 7.17%)
Fold: 23 of 50 Acc: 88.24% Mean: 86.03% (+/- 7.02%)
Fold: 24 of 50 Acc: 85.29% Mean: 86.00% (+/- 6.88%)
Fold: 25 of 50 Acc: 94.12% Mean: 86.33% (+/- 6.92%)
Fold: 26 of 50 Acc: 91.18% Mean: 86.51% (+/- 6.85%)
Fold: 27 of 50 Acc: 79.41% Mean: 86.25% (+/- 6.86%)
Fold: 28 of 50 Acc: 82.35% Mean: 86.11% (+/- 6.77%)
Fold: 29 of 50 Acc: 91.18% Mean: 86.29% (+/- 6.72%)
Fold: 30 of 50 Acc: 76.47% Mean: 85.96% (+/- 6.84%)
Fold: 31 of 50 Acc: 91.43% Mean: 86.13% (+/- 6.80%)
Fold: 32 of 50 Acc: 85.71% Mean: 86.12% (+/- 6.69%)
Fold: 33 of 50 Acc: 91.18% Mean: 86.27% (+/- 6.64%)
Fold: 34 of 50 Acc: 79.41% Mean: 86.07% (+/- 6.65%)
Fold: 35 of 50 Acc: 85.29% Mean: 86.05% (+/- 6.55%)
Fold: 36 of 50 Acc: 85.29% Mean: 86.03% (+/- 6.46%)
Fold: 37 of 50 Acc: 76.47% Mean: 85.77% (+/- 6.56%)
Fold: 38 of 50 Acc: 94.12% Mean: 85.99% (+/- 6.61%)
Fold: 39 of 50 Acc: 79.41% Mean: 85.82% (+/- 6.61%)
Fold: 40 of 50 Acc: 85.29% Mean: 85.81% (+/- 6.52%)
Fold: 41 of 50 Acc: 88.57% Mean: 85.88% (+/- 6.46%)
Fold: 42 of 50 Acc: 82.86% Mean: 85.80% (+/- 6.40%)
Fold: 43 of 50 Acc: 91.18% Mean: 85.93% (+/- 6.37%)
Fold: 44 of 50 Acc: 79.41% Mean: 85.78% (+/- 6.38%)
Fold: 45 of 50 Acc: 100.00% Mean: 86.10% (+/- 6.64%)
Fold: 46 of 50 Acc: 85.29% Mean: 86.08% (+/- 6.57%)
Fold: 47 of 50 Acc: 85.29% Mean: 86.06% (+/- 6.50%)
Fold: 48 of 50 Acc: 73.53% Mean: 85.80% (+/- 6.68%)
Fold: 49 of 50 Acc: 88.24% Mean: 85.85% (+/- 6.62%)
Fold: 50 of 50 Acc: 97.06% Mean: 86.08% (+/- 6.74%)
Model Type: EfficientNetB3
Fold: 1 of 50 Acc: 88.57% Mean: 88.57% (+/- 0.00%)
Fold: 2 of 50 Acc: 91.43% Mean: 90.00% (+/- 1.43%)
Fold: 3 of 50 Acc: 91.18% Mean: 90.39% (+/- 1.29%)
Fold: 4 of 50 Acc: 91.18% Mean: 90.59% (+/- 1.17%)
Fold: 5 of 50 Acc: 85.29% Mean: 89.53% (+/- 2.36%)
Fold: 6 of 50 Acc: 94.12% Mean: 90.29% (+/- 2.75%)
Fold: 7 of 50 Acc: 85.29% Mean: 89.58% (+/- 3.09%)
Fold: 8 of 50 Acc: 82.35% Mean: 88.68% (+/- 3.75%)
Fold: 9 of 50 Acc: 94.12% Mean: 89.28% (+/- 3.93%)
Fold: 10 of 50 Acc: 82.35% Mean: 88.59% (+/- 4.27%)
Fold: 11 of 50 Acc: 91.43% Mean: 88.85% (+/- 4.15%)
Fold: 12 of 50 Acc: 80.00% Mean: 88.11% (+/- 4.67%)
Fold: 13 of 50 Acc: 91.18% Mean: 88.35% (+/- 4.56%)
Fold: 14 of 50 Acc: 94.12% Mean: 88.76% (+/- 4.64%)
Fold: 15 of 50 Acc: 91.18% Mean: 88.92% (+/- 4.52%)
Fold: 16 of 50 Acc: 88.24% Mean: 88.88% (+/- 4.38%)
Fold: 17 of 50 Acc: 85.29% Mean: 88.67% (+/- 4.33%)
Fold: 18 of 50 Acc: 88.24% Mean: 88.64% (+/- 4.21%)
Fold: 19 of 50 Acc: 91.18% Mean: 88.77% (+/- 4.14%)
Fold: 20 of 50 Acc: 85.29% Mean: 88.60% (+/- 4.10%)
Fold: 21 of 50 Acc: 91.43% Mean: 88.74% (+/- 4.05%)
Fold: 22 of 50 Acc: 91.43% Mean: 88.86% (+/- 3.99%)
Fold: 23 of 50 Acc: 97.06% Mean: 89.21% (+/- 4.25%)
Fold: 24 of 50 Acc: 88.24% Mean: 89.17% (+/- 4.16%)
Fold: 25 of 50 Acc: 94.12% Mean: 89.37% (+/- 4.19%)
Fold: 26 of 50 Acc: 97.06% Mean: 89.67% (+/- 4.37%)
Fold: 27 of 50 Acc: 73.53% Mean: 89.07% (+/- 5.26%)
Fold: 28 of 50 Acc: 97.06% Mean: 89.35% (+/- 5.37%)
Fold: 29 of 50 Acc: 82.35% Mean: 89.11% (+/- 5.43%)
Fold: 30 of 50 Acc: 64.71% Mean: 88.30% (+/- 6.91%)
Fold: 31 of 50 Acc: 91.43% Mean: 88.40% (+/- 6.82%)
Fold: 32 of 50 Acc: 88.57% Mean: 88.41% (+/- 6.71%)
Fold: 33 of 50 Acc: 91.18% Mean: 88.49% (+/- 6.63%)
Fold: 34 of 50 Acc: 79.41% Mean: 88.22% (+/- 6.71%)
Fold: 35 of 50 Acc: 85.29% Mean: 88.14% (+/- 6.63%)
Fold: 36 of 50 Acc: 88.24% Mean: 88.14% (+/- 6.53%)
Fold: 37 of 50 Acc: 88.24% Mean: 88.14% (+/- 6.45%)
Fold: 38 of 50 Acc: 94.12% Mean: 88.30% (+/- 6.43%)
Fold: 39 of 50 Acc: 85.29% Mean: 88.22% (+/- 6.37%)
Fold: 40 of 50 Acc: 91.18% Mean: 88.30% (+/- 6.30%)
Fold: 41 of 50 Acc: 88.57% Mean: 88.30% (+/- 6.23%)
Fold: 42 of 50 Acc: 88.57% Mean: 88.31% (+/- 6.15%)
Fold: 43 of 50 Acc: 85.29% Mean: 88.24% (+/- 6.10%)
Fold: 44 of 50 Acc: 85.29% Mean: 88.17% (+/- 6.04%)
Fold: 45 of 50 Acc: 94.12% Mean: 88.31% (+/- 6.04%)
Fold: 46 of 50 Acc: 91.18% Mean: 88.37% (+/- 5.99%)
Fold: 47 of 50 Acc: 97.06% Mean: 88.55% (+/- 6.06%)
Fold: 48 of 50 Acc: 82.35% Mean: 88.42% (+/- 6.06%)
Fold: 49 of 50 Acc: 97.06% Mean: 88.60% (+/- 6.12%)
Fold: 50 of 50 Acc: 85.29% Mean: 88.53% (+/- 6.07%)
Model Type: EfficientNetB4
Fold: 1 of 50 Acc: 82.86% Mean: 82.86% (+/- 0.00%)
Fold: 2 of 50 Acc: 91.43% Mean: 87.14% (+/- 4.29%)
Fold: 3 of 50 Acc: 82.35% Mean: 85.55% (+/- 4.16%)
Fold: 4 of 50 Acc: 100.00% Mean: 89.16% (+/- 7.22%)
Fold: 5 of 50 Acc: 85.29% Mean: 88.39% (+/- 6.64%)
Fold: 6 of 50 Acc: 85.29% Mean: 87.87% (+/- 6.17%)
Fold: 7 of 50 Acc: 76.47% Mean: 86.24% (+/- 6.97%)
Fold: 8 of 50 Acc: 82.35% Mean: 85.76% (+/- 6.65%)
Fold: 9 of 50 Acc: 94.12% Mean: 86.69% (+/- 6.79%)
Fold: 10 of 50 Acc: 79.41% Mean: 85.96% (+/- 6.80%)
Fold: 11 of 50 Acc: 88.57% Mean: 86.20% (+/- 6.53%)
Fold: 12 of 50 Acc: 80.00% Mean: 85.68% (+/- 6.48%)
Fold: 13 of 50 Acc: 88.24% Mean: 85.88% (+/- 6.27%)
Fold: 14 of 50 Acc: 97.06% Mean: 86.67% (+/- 6.69%)
Fold: 15 of 50 Acc: 91.18% Mean: 86.97% (+/- 6.56%)
Fold: 16 of 50 Acc: 82.35% Mean: 86.69% (+/- 6.45%)
Fold: 17 of 50 Acc: 85.29% Mean: 86.60% (+/- 6.27%)
Fold: 18 of 50 Acc: 88.24% Mean: 86.69% (+/- 6.10%)
Fold: 19 of 50 Acc: 82.35% Mean: 86.47% (+/- 6.02%)
Fold: 20 of 50 Acc: 91.18% Mean: 86.70% (+/- 5.95%)
Fold: 21 of 50 Acc: 85.71% Mean: 86.65% (+/- 5.81%)
Fold: 22 of 50 Acc: 85.71% Mean: 86.61% (+/- 5.68%)
Fold: 23 of 50 Acc: 85.29% Mean: 86.55% (+/- 5.56%)
Fold: 24 of 50 Acc: 88.24% Mean: 86.62% (+/- 5.46%)
Fold: 25 of 50 Acc: 82.35% Mean: 86.45% (+/- 5.41%)
Fold: 26 of 50 Acc: 91.18% Mean: 86.64% (+/- 5.38%)
Fold: 27 of 50 Acc: 70.59% Mean: 86.04% (+/- 6.09%)
Fold: 28 of 50 Acc: 82.35% Mean: 85.91% (+/- 6.02%)
Fold: 29 of 50 Acc: 91.18% Mean: 86.09% (+/- 5.99%)
Fold: 30 of 50 Acc: 73.53% Mean: 85.67% (+/- 6.31%)
Fold: 31 of 50 Acc: 85.71% Mean: 85.67% (+/- 6.21%)
Fold: 32 of 50 Acc: 97.14% Mean: 86.03% (+/- 6.43%)
Fold: 33 of 50 Acc: 91.18% Mean: 86.19% (+/- 6.39%)
Fold: 34 of 50 Acc: 79.41% Mean: 85.99% (+/- 6.40%)
Fold: 35 of 50 Acc: 82.35% Mean: 85.88% (+/- 6.34%)
Fold: 36 of 50 Acc: 91.18% Mean: 86.03% (+/- 6.31%)
Fold: 37 of 50 Acc: 85.29% Mean: 86.01% (+/- 6.22%)
Fold: 38 of 50 Acc: 82.35% Mean: 85.92% (+/- 6.17%)
Fold: 39 of 50 Acc: 85.29% Mean: 85.90% (+/- 6.09%)
Fold: 40 of 50 Acc: 85.29% Mean: 85.88% (+/- 6.01%)
Fold: 41 of 50 Acc: 94.29% Mean: 86.09% (+/- 6.08%)
Fold: 42 of 50 Acc: 88.57% Mean: 86.15% (+/- 6.02%)
Fold: 43 of 50 Acc: 88.24% Mean: 86.20% (+/- 5.96%)
Fold: 44 of 50 Acc: 91.18% Mean: 86.31% (+/- 5.93%)
Fold: 45 of 50 Acc: 91.18% Mean: 86.42% (+/- 5.91%)
Fold: 46 of 50 Acc: 82.35% Mean: 86.33% (+/- 5.88%)
Fold: 47 of 50 Acc: 91.18% Mean: 86.43% (+/- 5.86%)
Fold: 48 of 50 Acc: 79.41% Mean: 86.29% (+/- 5.88%)
Fold: 49 of 50 Acc: 82.35% Mean: 86.21% (+/- 5.85%)
Fold: 50 of 50 Acc: 88.24% Mean: 86.25% (+/- 5.80%)
Model Type: EfficientNetB5
Fold: 1 of 50 Acc: 85.71% Mean: 85.71% (+/- 0.00%)
Fold: 2 of 50 Acc: 100.00% Mean: 92.86% (+/- 7.14%)
Fold: 3 of 50 Acc: 85.29% Mean: 90.34% (+/- 6.84%)
Fold: 4 of 50 Acc: 94.12% Mean: 91.28% (+/- 6.14%)
Fold: 5 of 50 Acc: 88.24% Mean: 90.67% (+/- 5.63%)
Fold: 6 of 50 Acc: 85.29% Mean: 89.78% (+/- 5.51%)
Fold: 7 of 50 Acc: 85.29% Mean: 89.14% (+/- 5.34%)
Fold: 8 of 50 Acc: 88.24% Mean: 89.02% (+/- 5.00%)
Fold: 9 of 50 Acc: 85.29% Mean: 88.61% (+/- 4.86%)
Fold: 10 of 50 Acc: 91.18% Mean: 88.87% (+/- 4.68%)
Fold: 11 of 50 Acc: 94.29% Mean: 89.36% (+/- 4.72%)
Fold: 12 of 50 Acc: 88.57% Mean: 89.29% (+/- 4.53%)
Fold: 13 of 50 Acc: 97.06% Mean: 89.89% (+/- 4.82%)
Fold: 14 of 50 Acc: 94.12% Mean: 90.19% (+/- 4.77%)
Fold: 15 of 50 Acc: 85.29% Mean: 89.87% (+/- 4.77%)
Fold: 16 of 50 Acc: 88.24% Mean: 89.76% (+/- 4.63%)
Fold: 17 of 50 Acc: 91.18% Mean: 89.85% (+/- 4.50%)
Fold: 18 of 50 Acc: 88.24% Mean: 89.76% (+/- 4.39%)
Fold: 19 of 50 Acc: 91.18% Mean: 89.83% (+/- 4.29%)
Fold: 20 of 50 Acc: 94.12% Mean: 90.05% (+/- 4.28%)
Fold: 21 of 50 Acc: 88.57% Mean: 89.98% (+/- 4.19%)
Fold: 22 of 50 Acc: 88.57% Mean: 89.91% (+/- 4.10%)
Fold: 23 of 50 Acc: 94.12% Mean: 90.09% (+/- 4.11%)
Fold: 24 of 50 Acc: 94.12% Mean: 90.26% (+/- 4.10%)
Fold: 25 of 50 Acc: 79.41% Mean: 89.83% (+/- 4.54%)
Fold: 26 of 50 Acc: 97.06% Mean: 90.11% (+/- 4.67%)
Fold: 27 of 50 Acc: 82.35% Mean: 89.82% (+/- 4.81%)
Fold: 28 of 50 Acc: 85.29% Mean: 89.66% (+/- 4.80%)
Fold: 29 of 50 Acc: 88.24% Mean: 89.61% (+/- 4.72%)
Fold: 30 of 50 Acc: 88.24% Mean: 89.56% (+/- 4.65%)
Fold: 31 of 50 Acc: 82.86% Mean: 89.35% (+/- 4.72%)
Fold: 32 of 50 Acc: 91.43% Mean: 89.41% (+/- 4.66%)
Fold: 33 of 50 Acc: 94.12% Mean: 89.55% (+/- 4.66%)
Fold: 34 of 50 Acc: 85.29% Mean: 89.43% (+/- 4.65%)
Fold: 35 of 50 Acc: 88.24% Mean: 89.39% (+/- 4.59%)
Fold: 36 of 50 Acc: 91.18% Mean: 89.44% (+/- 4.53%)
Fold: 37 of 50 Acc: 94.12% Mean: 89.57% (+/- 4.53%)
Fold: 38 of 50 Acc: 91.18% Mean: 89.61% (+/- 4.48%)
Fold: 39 of 50 Acc: 88.24% Mean: 89.58% (+/- 4.43%)
Fold: 40 of 50 Acc: 94.12% Mean: 89.69% (+/- 4.43%)
Fold: 41 of 50 Acc: 91.43% Mean: 89.73% (+/- 4.38%)
Fold: 42 of 50 Acc: 91.43% Mean: 89.77% (+/- 4.34%)
Fold: 43 of 50 Acc: 88.24% Mean: 89.74% (+/- 4.29%)
Fold: 44 of 50 Acc: 88.24% Mean: 89.70% (+/- 4.25%)
Fold: 45 of 50 Acc: 94.12% Mean: 89.80% (+/- 4.25%)
Fold: 46 of 50 Acc: 85.29% Mean: 89.70% (+/- 4.26%)
Fold: 47 of 50 Acc: 97.06% Mean: 89.86% (+/- 4.34%)
Fold: 48 of 50 Acc: 82.35% Mean: 89.70% (+/- 4.43%)
Fold: 49 of 50 Acc: 88.24% Mean: 89.67% (+/- 4.39%)
Fold: 50 of 50 Acc: 91.18% Mean: 89.70% (+/- 4.35%)
Model Type: EfficientNetB6
Fold: 1 of 50 Acc: 82.86% Mean: 82.86% (+/- 0.00%)
Fold: 2 of 50 Acc: 91.43% Mean: 87.14% (+/- 4.29%)
Fold: 3 of 50 Acc: 82.35% Mean: 85.55% (+/- 4.16%)
Fold: 4 of 50 Acc: 91.18% Mean: 86.95% (+/- 4.35%)
Fold: 5 of 50 Acc: 85.29% Mean: 86.62% (+/- 3.95%)
Fold: 6 of 50 Acc: 82.35% Mean: 85.91% (+/- 3.94%)
Fold: 7 of 50 Acc: 76.47% Mean: 84.56% (+/- 4.92%)
Fold: 8 of 50 Acc: 88.24% Mean: 85.02% (+/- 4.76%)
Fold: 9 of 50 Acc: 85.29% Mean: 85.05% (+/- 4.49%)
Fold: 10 of 50 Acc: 88.24% Mean: 85.37% (+/- 4.37%)
Fold: 11 of 50 Acc: 94.29% Mean: 86.18% (+/- 4.89%)
Fold: 12 of 50 Acc: 85.71% Mean: 86.14% (+/- 4.68%)
Fold: 13 of 50 Acc: 82.35% Mean: 85.85% (+/- 4.61%)
Fold: 14 of 50 Acc: 94.12% Mean: 86.44% (+/- 4.93%)
Fold: 15 of 50 Acc: 82.35% Mean: 86.17% (+/- 4.87%)
Fold: 16 of 50 Acc: 91.18% Mean: 86.48% (+/- 4.87%)
Fold: 17 of 50 Acc: 88.24% Mean: 86.58% (+/- 4.74%)
Fold: 18 of 50 Acc: 85.29% Mean: 86.51% (+/- 4.61%)
Fold: 19 of 50 Acc: 82.35% Mean: 86.29% (+/- 4.59%)
Fold: 20 of 50 Acc: 85.29% Mean: 86.24% (+/- 4.48%)
Fold: 21 of 50 Acc: 82.86% Mean: 86.08% (+/- 4.43%)
Fold: 22 of 50 Acc: 88.57% Mean: 86.20% (+/- 4.36%)
Fold: 23 of 50 Acc: 82.35% Mean: 86.03% (+/- 4.33%)
Fold: 24 of 50 Acc: 94.12% Mean: 86.37% (+/- 4.54%)
Fold: 25 of 50 Acc: 88.24% Mean: 86.44% (+/- 4.46%)
Fold: 26 of 50 Acc: 97.06% Mean: 86.85% (+/- 4.83%)
Fold: 27 of 50 Acc: 79.41% Mean: 86.57% (+/- 4.94%)
Fold: 28 of 50 Acc: 91.18% Mean: 86.74% (+/- 4.93%)
Fold: 29 of 50 Acc: 88.24% Mean: 86.79% (+/- 4.85%)
Fold: 30 of 50 Acc: 82.35% Mean: 86.64% (+/- 4.83%)
Fold: 31 of 50 Acc: 85.71% Mean: 86.61% (+/- 4.76%)
Fold: 32 of 50 Acc: 88.57% Mean: 86.67% (+/- 4.70%)
Fold: 33 of 50 Acc: 94.12% Mean: 86.90% (+/- 4.80%)
Fold: 34 of 50 Acc: 85.29% Mean: 86.85% (+/- 4.73%)
Fold: 35 of 50 Acc: 82.35% Mean: 86.72% (+/- 4.73%)
Fold: 36 of 50 Acc: 76.47% Mean: 86.44% (+/- 4.95%)
Fold: 37 of 50 Acc: 82.35% Mean: 86.33% (+/- 4.93%)
Fold: 38 of 50 Acc: 91.18% Mean: 86.46% (+/- 4.93%)
Fold: 39 of 50 Acc: 94.12% Mean: 86.65% (+/- 5.01%)
Fold: 40 of 50 Acc: 97.06% Mean: 86.91% (+/- 5.21%)
Fold: 41 of 50 Acc: 88.57% Mean: 86.95% (+/- 5.15%)
Fold: 42 of 50 Acc: 91.43% Mean: 87.06% (+/- 5.14%)
Fold: 43 of 50 Acc: 88.24% Mean: 87.09% (+/- 5.08%)
Fold: 44 of 50 Acc: 88.24% Mean: 87.11% (+/- 5.02%)
