Machine: PRECISION
Date: 16/01/2023 Time: 00:21:09
Config. Number: 10
Alternative Dense Layer: False
Pooling Application Layer: avg
Data Augmentation: False
Data Augmentation Multiplier: 1
Fine Tuning: True
Multi Optimizer: False
Optimizer: Adam
Batch Size: 16
Restore Best Weights: False

Model Type: Xception
Fold: 1 of 50 Acc: 88.57% Mean: 88.57% (+/- 0.00%)
Fold: 2 of 50 Acc: 91.43% Mean: 90.00% (+/- 1.43%)
Fold: 3 of 50 Acc: 97.06% Mean: 92.35% (+/- 3.53%)
Fold: 4 of 50 Acc: 91.18% Mean: 92.06% (+/- 3.10%)
Fold: 5 of 50 Acc: 94.12% Mean: 92.47% (+/- 2.89%)
Fold: 6 of 50 Acc: 85.29% Mean: 91.27% (+/- 3.76%)
Fold: 7 of 50 Acc: 88.24% Mean: 90.84% (+/- 3.64%)
Fold: 8 of 50 Acc: 97.06% Mean: 91.62% (+/- 3.97%)
Fold: 9 of 50 Acc: 91.18% Mean: 91.57% (+/- 3.75%)
Fold: 10 of 50 Acc: 85.29% Mean: 90.94% (+/- 4.02%)
Fold: 11 of 50 Acc: 91.43% Mean: 90.99% (+/- 3.84%)
Fold: 12 of 50 Acc: 85.71% Mean: 90.55% (+/- 3.95%)
Fold: 13 of 50 Acc: 100.00% Mean: 91.27% (+/- 4.56%)
Fold: 14 of 50 Acc: 97.06% Mean: 91.69% (+/- 4.64%)
Fold: 15 of 50 Acc: 91.18% Mean: 91.65% (+/- 4.48%)
Fold: 16 of 50 Acc: 91.18% Mean: 91.62% (+/- 4.34%)
Fold: 17 of 50 Acc: 94.12% Mean: 91.77% (+/- 4.25%)
Fold: 18 of 50 Acc: 97.06% Mean: 92.06% (+/- 4.31%)
Fold: 19 of 50 Acc: 94.12% Mean: 92.17% (+/- 4.22%)
Fold: 20 of 50 Acc: 88.24% Mean: 91.97% (+/- 4.20%)
Fold: 21 of 50 Acc: 91.43% Mean: 91.95% (+/- 4.10%)
Fold: 22 of 50 Acc: 85.71% Mean: 91.67% (+/- 4.21%)
Fold: 23 of 50 Acc: 91.18% Mean: 91.64% (+/- 4.12%)
Fold: 24 of 50 Acc: 91.18% Mean: 91.62% (+/- 4.03%)
Fold: 25 of 50 Acc: 94.12% Mean: 91.72% (+/- 3.98%)
Fold: 26 of 50 Acc: 97.06% Mean: 91.93% (+/- 4.04%)
Fold: 27 of 50 Acc: 85.29% Mean: 91.68% (+/- 4.16%)
Fold: 28 of 50 Acc: 97.06% Mean: 91.88% (+/- 4.20%)
Fold: 29 of 50 Acc: 94.12% Mean: 91.95% (+/- 4.15%)
Fold: 30 of 50 Acc: 88.24% Mean: 91.83% (+/- 4.13%)
Fold: 31 of 50 Acc: 88.57% Mean: 91.72% (+/- 4.11%)
Fold: 32 of 50 Acc: 94.29% Mean: 91.80% (+/- 4.07%)
Fold: 33 of 50 Acc: 97.06% Mean: 91.96% (+/- 4.10%)
Fold: 34 of 50 Acc: 97.06% Mean: 92.11% (+/- 4.13%)
Fold: 35 of 50 Acc: 97.06% Mean: 92.25% (+/- 4.16%)
Fold: 36 of 50 Acc: 94.12% Mean: 92.31% (+/- 4.11%)
Fold: 37 of 50 Acc: 82.35% Mean: 92.04% (+/- 4.36%)
Fold: 38 of 50 Acc: 94.12% Mean: 92.09% (+/- 4.32%)
Fold: 39 of 50 Acc: 94.12% Mean: 92.14% (+/- 4.27%)
Fold: 40 of 50 Acc: 100.00% Mean: 92.34% (+/- 4.40%)
Fold: 41 of 50 Acc: 94.29% Mean: 92.39% (+/- 4.35%)
Fold: 42 of 50 Acc: 100.00% Mean: 92.57% (+/- 4.45%)
Fold: 43 of 50 Acc: 88.24% Mean: 92.47% (+/- 4.45%)
Fold: 44 of 50 Acc: 91.18% Mean: 92.44% (+/- 4.40%)
Fold: 45 of 50 Acc: 100.00% Mean: 92.61% (+/- 4.49%)
Fold: 46 of 50 Acc: 94.12% Mean: 92.64% (+/- 4.45%)
Fold: 47 of 50 Acc: 91.18% Mean: 92.61% (+/- 4.41%)
Fold: 48 of 50 Acc: 88.24% Mean: 92.52% (+/- 4.41%)
Fold: 49 of 50 Acc: 94.12% Mean: 92.55% (+/- 4.37%)
Fold: 50 of 50 Acc: 91.18% Mean: 92.52% (+/- 4.33%)
Model Type: VGG16
Fold: 1 of 50 Acc: 65.71% Mean: 65.71% (+/- 0.00%)
Fold: 2 of 50 Acc: 60.00% Mean: 62.86% (+/- 2.86%)
Fold: 3 of 50 Acc: 61.76% Mean: 62.49% (+/- 2.39%)
Fold: 4 of 50 Acc: 61.76% Mean: 62.31% (+/- 2.09%)
Fold: 5 of 50 Acc: 79.41% Mean: 65.73% (+/- 7.09%)
Fold: 6 of 50 Acc: 58.82% Mean: 64.58% (+/- 6.97%)
Fold: 7 of 50 Acc: 61.76% Mean: 64.18% (+/- 6.52%)
Fold: 8 of 50 Acc: 67.65% Mean: 64.61% (+/- 6.21%)
Fold: 9 of 50 Acc: 76.47% Mean: 65.93% (+/- 6.94%)
Fold: 10 of 50 Acc: 50.00% Mean: 64.34% (+/- 8.14%)
Fold: 11 of 50 Acc: 82.86% Mean: 66.02% (+/- 9.41%)
Fold: 12 of 50 Acc: 54.29% Mean: 65.04% (+/- 9.57%)
Fold: 13 of 50 Acc: 52.94% Mean: 64.11% (+/- 9.75%)
Fold: 14 of 50 Acc: 67.65% Mean: 64.36% (+/- 9.44%)
Fold: 15 of 50 Acc: 61.76% Mean: 64.19% (+/- 9.14%)
Fold: 16 of 50 Acc: 58.82% Mean: 63.86% (+/- 8.94%)
Fold: 17 of 50 Acc: 67.65% Mean: 64.08% (+/- 8.72%)
Fold: 18 of 50 Acc: 64.71% Mean: 64.11% (+/- 8.48%)
Fold: 19 of 50 Acc: 79.41% Mean: 64.92% (+/- 8.93%)
Fold: 20 of 50 Acc: 61.76% Mean: 64.76% (+/- 8.73%)
Fold: 21 of 50 Acc: 68.57% Mean: 64.94% (+/- 8.56%)
Fold: 22 of 50 Acc: 51.43% Mean: 64.33% (+/- 8.82%)
Fold: 23 of 50 Acc: 58.82% Mean: 64.09% (+/- 8.70%)
Fold: 24 of 50 Acc: 76.47% Mean: 64.60% (+/- 8.87%)
Fold: 25 of 50 Acc: 47.06% Mean: 63.90% (+/- 9.35%)
Fold: 26 of 50 Acc: 58.82% Mean: 63.71% (+/- 9.22%)
Fold: 27 of 50 Acc: 61.76% Mean: 63.64% (+/- 9.05%)
Fold: 28 of 50 Acc: 61.76% Mean: 63.57% (+/- 8.90%)
Fold: 29 of 50 Acc: 64.71% Mean: 63.61% (+/- 8.75%)
Fold: 30 of 50 Acc: 67.65% Mean: 63.74% (+/- 8.63%)
Fold: 31 of 50 Acc: 74.29% Mean: 64.08% (+/- 8.69%)
Fold: 32 of 50 Acc: 57.14% Mean: 63.87% (+/- 8.64%)
Fold: 33 of 50 Acc: 73.53% Mean: 64.16% (+/- 8.67%)
Fold: 34 of 50 Acc: 61.76% Mean: 64.09% (+/- 8.55%)
Fold: 35 of 50 Acc: 76.47% Mean: 64.44% (+/- 8.67%)
Fold: 36 of 50 Acc: 58.82% Mean: 64.29% (+/- 8.60%)
Fold: 37 of 50 Acc: 61.76% Mean: 64.22% (+/- 8.49%)
Fold: 38 of 50 Acc: 47.06% Mean: 63.77% (+/- 8.82%)
Fold: 39 of 50 Acc: 58.82% Mean: 63.64% (+/- 8.74%)
Fold: 40 of 50 Acc: 44.12% Mean: 63.15% (+/- 9.15%)
Fold: 41 of 50 Acc: 62.86% Mean: 63.14% (+/- 9.04%)
Fold: 42 of 50 Acc: 42.86% Mean: 62.66% (+/- 9.45%)
Machine: PRECISION
Date: 16/01/2023 Time: 09:24:48
Config. Number: 10
Alternative Dense Layer: False
Pooling Application Layer: avg
Data Augmentation: False
Data Augmentation Multiplier: 1
Fine Tuning: True
Multi Optimizer: False
Optimizer: Adam
Batch Size: 16
Restore Best Weights: False

Model Type: Xception
Fold: 1 of 50 Acc: 88.57% Mean: 88.57% (+/- 0.00%)
Fold: 2 of 50 Acc: 91.43% Mean: 90.00% (+/- 1.43%)
Fold: 3 of 50 Acc: 97.06% Mean: 92.35% (+/- 3.53%)
Fold: 4 of 50 Acc: 91.18% Mean: 92.06% (+/- 3.10%)
Fold: 5 of 50 Acc: 94.12% Mean: 92.47% (+/- 2.89%)
Fold: 6 of 50 Acc: 85.29% Mean: 91.27% (+/- 3.76%)
Fold: 7 of 50 Acc: 88.24% Mean: 90.84% (+/- 3.64%)
Fold: 8 of 50 Acc: 97.06% Mean: 91.62% (+/- 3.97%)
Fold: 9 of 50 Acc: 91.18% Mean: 91.57% (+/- 3.75%)
Fold: 10 of 50 Acc: 85.29% Mean: 90.94% (+/- 4.02%)
Fold: 11 of 50 Acc: 91.43% Mean: 90.99% (+/- 3.84%)
Fold: 12 of 50 Acc: 85.71% Mean: 90.55% (+/- 3.95%)
Fold: 13 of 50 Acc: 100.00% Mean: 91.27% (+/- 4.56%)
Fold: 14 of 50 Acc: 97.06% Mean: 91.69% (+/- 4.64%)
Fold: 15 of 50 Acc: 91.18% Mean: 91.65% (+/- 4.48%)
Fold: 16 of 50 Acc: 91.18% Mean: 91.62% (+/- 4.34%)
Fold: 17 of 50 Acc: 94.12% Mean: 91.77% (+/- 4.25%)
Fold: 18 of 50 Acc: 97.06% Mean: 92.06% (+/- 4.31%)
Fold: 19 of 50 Acc: 94.12% Mean: 92.17% (+/- 4.22%)
Fold: 20 of 50 Acc: 88.24% Mean: 91.97% (+/- 4.20%)
Fold: 21 of 50 Acc: 91.43% Mean: 91.95% (+/- 4.10%)
Fold: 22 of 50 Acc: 85.71% Mean: 91.67% (+/- 4.21%)
Fold: 23 of 50 Acc: 91.18% Mean: 91.64% (+/- 4.12%)
Fold: 24 of 50 Acc: 91.18% Mean: 91.62% (+/- 4.03%)
Fold: 25 of 50 Acc: 94.12% Mean: 91.72% (+/- 3.98%)
Fold: 26 of 50 Acc: 97.06% Mean: 91.93% (+/- 4.04%)
Fold: 27 of 50 Acc: 85.29% Mean: 91.68% (+/- 4.16%)
Fold: 28 of 50 Acc: 97.06% Mean: 91.88% (+/- 4.20%)
Fold: 29 of 50 Acc: 94.12% Mean: 91.95% (+/- 4.15%)
Fold: 30 of 50 Acc: 88.24% Mean: 91.83% (+/- 4.13%)
Fold: 31 of 50 Acc: 88.57% Mean: 91.72% (+/- 4.11%)
Fold: 32 of 50 Acc: 94.29% Mean: 91.80% (+/- 4.07%)
Fold: 33 of 50 Acc: 97.06% Mean: 91.96% (+/- 4.10%)
Fold: 34 of 50 Acc: 97.06% Mean: 92.11% (+/- 4.13%)
Fold: 35 of 50 Acc: 97.06% Mean: 92.25% (+/- 4.16%)
Fold: 36 of 50 Acc: 94.12% Mean: 92.31% (+/- 4.11%)
Fold: 37 of 50 Acc: 82.35% Mean: 92.04% (+/- 4.36%)
Fold: 38 of 50 Acc: 94.12% Mean: 92.09% (+/- 4.32%)
Fold: 39 of 50 Acc: 94.12% Mean: 92.14% (+/- 4.27%)
Fold: 40 of 50 Acc: 100.00% Mean: 92.34% (+/- 4.40%)
Fold: 41 of 50 Acc: 94.29% Mean: 92.39% (+/- 4.35%)
Fold: 42 of 50 Acc: 100.00% Mean: 92.57% (+/- 4.45%)
Fold: 43 of 50 Acc: 88.24% Mean: 92.47% (+/- 4.45%)
Fold: 44 of 50 Acc: 91.18% Mean: 92.44% (+/- 4.40%)
Fold: 45 of 50 Acc: 100.00% Mean: 92.61% (+/- 4.49%)
Fold: 46 of 50 Acc: 94.12% Mean: 92.64% (+/- 4.45%)
Fold: 47 of 50 Acc: 91.18% Mean: 92.61% (+/- 4.41%)
Fold: 48 of 50 Acc: 88.24% Mean: 92.52% (+/- 4.41%)
Fold: 49 of 50 Acc: 94.12% Mean: 92.55% (+/- 4.37%)
Fold: 50 of 50 Acc: 91.18% Mean: 92.52% (+/- 4.33%)
Model Type: VGG16
Fold: 1 of 50 Acc: 65.71% Mean: 65.71% (+/- 0.00%)
Fold: 2 of 50 Acc: 60.00% Mean: 62.86% (+/- 2.86%)
Fold: 3 of 50 Acc: 61.76% Mean: 62.49% (+/- 2.39%)
Fold: 4 of 50 Acc: 61.76% Mean: 62.31% (+/- 2.09%)
Fold: 5 of 50 Acc: 79.41% Mean: 65.73% (+/- 7.09%)
Fold: 6 of 50 Acc: 58.82% Mean: 64.58% (+/- 6.97%)
Fold: 7 of 50 Acc: 61.76% Mean: 64.18% (+/- 6.52%)
Fold: 8 of 50 Acc: 67.65% Mean: 64.61% (+/- 6.21%)
Fold: 9 of 50 Acc: 76.47% Mean: 65.93% (+/- 6.94%)
Fold: 10 of 50 Acc: 50.00% Mean: 64.34% (+/- 8.14%)
Fold: 11 of 50 Acc: 82.86% Mean: 66.02% (+/- 9.41%)
Fold: 12 of 50 Acc: 54.29% Mean: 65.04% (+/- 9.57%)
Fold: 13 of 50 Acc: 52.94% Mean: 64.11% (+/- 9.75%)
Fold: 14 of 50 Acc: 67.65% Mean: 64.36% (+/- 9.44%)
Fold: 15 of 50 Acc: 61.76% Mean: 64.19% (+/- 9.14%)
Fold: 16 of 50 Acc: 58.82% Mean: 63.86% (+/- 8.94%)
Fold: 17 of 50 Acc: 67.65% Mean: 64.08% (+/- 8.72%)
Fold: 18 of 50 Acc: 64.71% Mean: 64.11% (+/- 8.48%)
Fold: 19 of 50 Acc: 79.41% Mean: 64.92% (+/- 8.93%)
Fold: 20 of 50 Acc: 61.76% Mean: 64.76% (+/- 8.73%)
Fold: 21 of 50 Acc: 68.57% Mean: 64.94% (+/- 8.56%)
Fold: 22 of 50 Acc: 51.43% Mean: 64.33% (+/- 8.82%)
Fold: 23 of 50 Acc: 58.82% Mean: 64.09% (+/- 8.70%)
Fold: 24 of 50 Acc: 76.47% Mean: 64.60% (+/- 8.87%)
Fold: 25 of 50 Acc: 47.06% Mean: 63.90% (+/- 9.35%)
Fold: 26 of 50 Acc: 58.82% Mean: 63.71% (+/- 9.22%)
Fold: 27 of 50 Acc: 61.76% Mean: 63.64% (+/- 9.05%)
Fold: 28 of 50 Acc: 61.76% Mean: 63.57% (+/- 8.90%)
Fold: 29 of 50 Acc: 64.71% Mean: 63.61% (+/- 8.75%)
Fold: 30 of 50 Acc: 67.65% Mean: 63.74% (+/- 8.63%)
Fold: 31 of 50 Acc: 74.29% Mean: 64.08% (+/- 8.69%)
Fold: 32 of 50 Acc: 57.14% Mean: 63.87% (+/- 8.64%)
Fold: 33 of 50 Acc: 73.53% Mean: 64.16% (+/- 8.67%)
Fold: 34 of 50 Acc: 61.76% Mean: 64.09% (+/- 8.55%)
Fold: 35 of 50 Acc: 76.47% Mean: 64.44% (+/- 8.67%)
Fold: 36 of 50 Acc: 58.82% Mean: 64.29% (+/- 8.60%)
Fold: 37 of 50 Acc: 61.76% Mean: 64.22% (+/- 8.49%)
Fold: 38 of 50 Acc: 47.06% Mean: 63.77% (+/- 8.82%)
Fold: 39 of 50 Acc: 58.82% Mean: 63.64% (+/- 8.74%)
Fold: 40 of 50 Acc: 44.12% Mean: 63.15% (+/- 9.15%)
Fold: 41 of 50 Acc: 62.86% Mean: 63.14% (+/- 9.04%)
Fold: 42 of 50 Acc: 42.86% Mean: 62.66% (+/- 9.45%)
Fold: 43 of 50 Acc: 61.76% Mean: 62.64% (+/- 9.34%)
Fold: 44 of 50 Acc: 55.88% Mean: 62.49% (+/- 9.29%)
Fold: 45 of 50 Acc: 70.59% Mean: 62.67% (+/- 9.27%)
Fold: 46 of 50 Acc: 70.59% Mean: 62.84% (+/- 9.24%)
Fold: 47 of 50 Acc: 64.71% Mean: 62.88% (+/- 9.14%)
Fold: 48 of 50 Acc: 67.65% Mean: 62.98% (+/- 9.07%)
Fold: 49 of 50 Acc: 61.76% Mean: 62.95% (+/- 8.98%)
Fold: 50 of 50 Acc: 73.53% Mean: 63.16% (+/- 9.01%)
Model Type: VGG19
Fold: 1 of 50 Acc: 65.71% Mean: 65.71% (+/- 0.00%)
Fold: 2 of 50 Acc: 74.29% Mean: 70.00% (+/- 4.29%)
Fold: 3 of 50 Acc: 64.71% Mean: 68.24% (+/- 4.30%)
Fold: 4 of 50 Acc: 55.88% Mean: 65.15% (+/- 6.52%)
Fold: 5 of 50 Acc: 79.41% Mean: 68.00% (+/- 8.16%)
Fold: 6 of 50 Acc: 58.82% Mean: 66.47% (+/- 8.19%)
Fold: 7 of 50 Acc: 70.59% Mean: 67.06% (+/- 7.72%)
Fold: 8 of 50 Acc: 73.53% Mean: 67.87% (+/- 7.53%)
Fold: 9 of 50 Acc: 55.88% Mean: 66.54% (+/- 8.04%)
Fold: 10 of 50 Acc: 52.94% Mean: 65.18% (+/- 8.65%)
Fold: 11 of 50 Acc: 71.43% Mean: 65.74% (+/- 8.44%)
Fold: 12 of 50 Acc: 62.86% Mean: 65.50% (+/- 8.12%)
Fold: 13 of 50 Acc: 61.76% Mean: 65.22% (+/- 7.86%)
Fold: 14 of 50 Acc: 79.41% Mean: 66.23% (+/- 8.41%)
Fold: 15 of 50 Acc: 52.94% Mean: 65.34% (+/- 8.78%)
Fold: 16 of 50 Acc: 70.59% Mean: 65.67% (+/- 8.59%)
Fold: 17 of 50 Acc: 55.88% Mean: 65.10% (+/- 8.65%)
Fold: 18 of 50 Acc: 64.71% Mean: 65.07% (+/- 8.41%)
Fold: 19 of 50 Acc: 61.76% Mean: 64.90% (+/- 8.22%)
Fold: 20 of 50 Acc: 67.65% Mean: 65.04% (+/- 8.03%)
Fold: 21 of 50 Acc: 71.43% Mean: 65.34% (+/- 7.95%)
Fold: 22 of 50 Acc: 62.86% Mean: 65.23% (+/- 7.79%)
Fold: 23 of 50 Acc: 64.71% Mean: 65.21% (+/- 7.62%)
Fold: 24 of 50 Acc: 91.18% Mean: 66.29% (+/- 9.09%)
Fold: 25 of 50 Acc: 47.06% Mean: 65.52% (+/- 9.67%)
Fold: 26 of 50 Acc: 70.59% Mean: 65.71% (+/- 9.53%)
Fold: 27 of 50 Acc: 64.71% Mean: 65.68% (+/- 9.35%)
Fold: 28 of 50 Acc: 58.82% Mean: 65.43% (+/- 9.27%)
Fold: 29 of 50 Acc: 61.76% Mean: 65.31% (+/- 9.14%)
Fold: 30 of 50 Acc: 64.71% Mean: 65.29% (+/- 8.98%)
Fold: 31 of 50 Acc: 77.14% Mean: 65.67% (+/- 9.08%)
Fold: 32 of 50 Acc: 62.86% Mean: 65.58% (+/- 8.95%)
Fold: 33 of 50 Acc: 76.47% Mean: 65.91% (+/- 9.01%)
Fold: 34 of 50 Acc: 58.82% Mean: 65.70% (+/- 8.96%)
Fold: 35 of 50 Acc: 79.41% Mean: 66.09% (+/- 9.12%)
Fold: 36 of 50 Acc: 85.29% Mean: 66.63% (+/- 9.53%)
Fold: 37 of 50 Acc: 64.71% Mean: 66.58% (+/- 9.40%)
Fold: 38 of 50 Acc: 73.53% Mean: 66.76% (+/- 9.35%)
Fold: 39 of 50 Acc: 73.53% Mean: 66.93% (+/- 9.29%)
Fold: 40 of 50 Acc: 61.76% Mean: 66.80% (+/- 9.21%)
Fold: 41 of 50 Acc: 60.00% Mean: 66.64% (+/- 9.15%)
Fold: 42 of 50 Acc: 71.43% Mean: 66.75% (+/- 9.07%)
Fold: 43 of 50 Acc: 61.76% Mean: 66.63% (+/- 9.00%)
Fold: 44 of 50 Acc: 64.71% Mean: 66.59% (+/- 8.90%)
Fold: 45 of 50 Acc: 67.65% Mean: 66.61% (+/- 8.80%)
Fold: 46 of 50 Acc: 82.35% Mean: 66.96% (+/- 9.00%)
Fold: 47 of 50 Acc: 61.76% Mean: 66.85% (+/- 8.94%)
Fold: 48 of 50 Acc: 73.53% Mean: 66.99% (+/- 8.90%)
Fold: 49 of 50 Acc: 55.88% Mean: 66.76% (+/- 8.94%)
Fold: 50 of 50 Acc: 82.35% Mean: 67.07% (+/- 9.12%)
Model Type: ResNet50
Fold: 1 of 50 Acc: 85.71% Mean: 85.71% (+/- 0.00%)
Fold: 2 of 50 Acc: 82.86% Mean: 84.29% (+/- 1.43%)
Fold: 3 of 50 Acc: 85.29% Mean: 84.62% (+/- 1.26%)
Fold: 4 of 50 Acc: 88.24% Mean: 85.53% (+/- 1.91%)
Fold: 5 of 50 Acc: 94.12% Mean: 87.24% (+/- 3.84%)
Fold: 6 of 50 Acc: 91.18% Mean: 87.90% (+/- 3.80%)
Fold: 7 of 50 Acc: 82.35% Mean: 87.11% (+/- 4.02%)
Fold: 8 of 50 Acc: 82.35% Mean: 86.51% (+/- 4.07%)
Fold: 9 of 50 Acc: 88.24% Mean: 86.70% (+/- 3.88%)
Fold: 10 of 50 Acc: 79.41% Mean: 85.97% (+/- 4.28%)
Fold: 11 of 50 Acc: 88.57% Mean: 86.21% (+/- 4.15%)
Fold: 12 of 50 Acc: 68.57% Mean: 84.74% (+/- 6.29%)
Fold: 13 of 50 Acc: 79.41% Mean: 84.33% (+/- 6.21%)
Fold: 14 of 50 Acc: 88.24% Mean: 84.61% (+/- 6.06%)
Fold: 15 of 50 Acc: 88.24% Mean: 84.85% (+/- 5.93%)
Fold: 16 of 50 Acc: 85.29% Mean: 84.88% (+/- 5.74%)
Fold: 17 of 50 Acc: 88.24% Mean: 85.08% (+/- 5.63%)
Fold: 18 of 50 Acc: 79.41% Mean: 84.76% (+/- 5.62%)
Fold: 19 of 50 Acc: 94.12% Mean: 85.25% (+/- 5.85%)
Fold: 20 of 50 Acc: 85.29% Mean: 85.26% (+/- 5.71%)
Fold: 21 of 50 Acc: 91.43% Mean: 85.55% (+/- 5.72%)
Fold: 22 of 50 Acc: 88.57% Mean: 85.69% (+/- 5.63%)
Fold: 23 of 50 Acc: 79.41% Mean: 85.41% (+/- 5.65%)
Fold: 24 of 50 Acc: 85.29% Mean: 85.41% (+/- 5.53%)
Fold: 25 of 50 Acc: 88.24% Mean: 85.52% (+/- 5.45%)
Fold: 26 of 50 Acc: 94.12% Mean: 85.85% (+/- 5.59%)
Fold: 27 of 50 Acc: 82.35% Mean: 85.72% (+/- 5.53%)
Fold: 28 of 50 Acc: 73.53% Mean: 85.29% (+/- 5.88%)
Fold: 29 of 50 Acc: 82.35% Mean: 85.19% (+/- 5.80%)
Fold: 30 of 50 Acc: 85.29% Mean: 85.19% (+/- 5.70%)
Fold: 31 of 50 Acc: 71.43% Mean: 84.75% (+/- 6.12%)
Fold: 32 of 50 Acc: 91.43% Mean: 84.96% (+/- 6.13%)
Fold: 33 of 50 Acc: 88.24% Mean: 85.05% (+/- 6.06%)
Fold: 34 of 50 Acc: 85.29% Mean: 85.06% (+/- 5.97%)
Fold: 35 of 50 Acc: 85.29% Mean: 85.07% (+/- 5.89%)
Fold: 36 of 50 Acc: 73.53% Mean: 84.75% (+/- 6.11%)
Fold: 37 of 50 Acc: 79.41% Mean: 84.60% (+/- 6.09%)
Fold: 38 of 50 Acc: 79.41% Mean: 84.47% (+/- 6.06%)
Fold: 39 of 50 Acc: 88.24% Mean: 84.56% (+/- 6.01%)
Fold: 40 of 50 Acc: 82.35% Mean: 84.51% (+/- 5.95%)
Fold: 41 of 50 Acc: 80.00% Mean: 84.40% (+/- 5.92%)
Fold: 42 of 50 Acc: 80.00% Mean: 84.29% (+/- 5.88%)
Fold: 43 of 50 Acc: 73.53% Mean: 84.04% (+/- 6.04%)
Fold: 44 of 50 Acc: 82.35% Mean: 84.00% (+/- 5.97%)
Fold: 45 of 50 Acc: 88.24% Mean: 84.10% (+/- 5.94%)
Fold: 46 of 50 Acc: 85.29% Mean: 84.12% (+/- 5.88%)
Fold: 47 of 50 Acc: 82.35% Mean: 84.09% (+/- 5.82%)
Fold: 48 of 50 Acc: 70.59% Mean: 83.81% (+/- 6.07%)
Fold: 49 of 50 Acc: 88.24% Mean: 83.90% (+/- 6.04%)
Fold: 50 of 50 Acc: 85.29% Mean: 83.92% (+/- 5.99%)
Model Type: ResNet101
Fold: 1 of 50 Acc: 85.71% Mean: 85.71% (+/- 0.00%)
Fold: 2 of 50 Acc: 85.71% Mean: 85.71% (+/- 0.00%)
Fold: 3 of 50 Acc: 85.29% Mean: 85.57% (+/- 0.20%)
Fold: 4 of 50 Acc: 85.29% Mean: 85.50% (+/- 0.21%)
Fold: 5 of 50 Acc: 88.24% Mean: 86.05% (+/- 1.11%)
Fold: 6 of 50 Acc: 82.35% Mean: 85.43% (+/- 1.71%)
Fold: 7 of 50 Acc: 94.12% Mean: 86.67% (+/- 3.43%)
Fold: 8 of 50 Acc: 82.35% Mean: 86.13% (+/- 3.51%)
Fold: 9 of 50 Acc: 76.47% Mean: 85.06% (+/- 4.49%)
Fold: 10 of 50 Acc: 76.47% Mean: 84.20% (+/- 4.98%)
Fold: 11 of 50 Acc: 85.71% Mean: 84.34% (+/- 4.77%)
Fold: 12 of 50 Acc: 85.71% Mean: 84.45% (+/- 4.58%)
Fold: 13 of 50 Acc: 64.71% Mean: 82.93% (+/- 6.86%)
Fold: 14 of 50 Acc: 85.29% Mean: 83.10% (+/- 6.64%)
Fold: 15 of 50 Acc: 88.24% Mean: 83.45% (+/- 6.54%)
Fold: 16 of 50 Acc: 79.41% Mean: 83.19% (+/- 6.41%)
Fold: 17 of 50 Acc: 82.35% Mean: 83.14% (+/- 6.22%)
Fold: 18 of 50 Acc: 85.29% Mean: 83.26% (+/- 6.06%)
Fold: 19 of 50 Acc: 91.18% Mean: 83.68% (+/- 6.16%)
Fold: 20 of 50 Acc: 76.47% Mean: 83.32% (+/- 6.21%)
Fold: 21 of 50 Acc: 82.86% Mean: 83.30% (+/- 6.06%)
Fold: 22 of 50 Acc: 45.71% Mean: 81.59% (+/- 9.81%)
Fold: 23 of 50 Acc: 55.88% Mean: 80.47% (+/- 10.94%)
Fold: 24 of 50 Acc: 85.29% Mean: 80.67% (+/- 10.75%)
Fold: 25 of 50 Acc: 52.94% Mean: 79.56% (+/- 11.85%)
Fold: 26 of 50 Acc: 82.35% Mean: 79.67% (+/- 11.63%)
Fold: 27 of 50 Acc: 79.41% Mean: 79.66% (+/- 11.42%)
Fold: 28 of 50 Acc: 64.71% Mean: 79.13% (+/- 11.55%)
Fold: 29 of 50 Acc: 88.24% Mean: 79.44% (+/- 11.47%)
Fold: 30 of 50 Acc: 85.29% Mean: 79.64% (+/- 11.33%)
Fold: 31 of 50 Acc: 68.57% Mean: 79.28% (+/- 11.31%)
Fold: 32 of 50 Acc: 85.71% Mean: 79.48% (+/- 11.19%)
Fold: 33 of 50 Acc: 91.18% Mean: 79.83% (+/- 11.20%)
Fold: 34 of 50 Acc: 79.41% Mean: 79.82% (+/- 11.03%)
Fold: 35 of 50 Acc: 79.41% Mean: 79.81% (+/- 10.88%)
Fold: 36 of 50 Acc: 64.71% Mean: 79.39% (+/- 11.01%)
Fold: 37 of 50 Acc: 79.41% Mean: 79.39% (+/- 10.86%)
Fold: 38 of 50 Acc: 79.41% Mean: 79.39% (+/- 10.71%)
Fold: 39 of 50 Acc: 94.12% Mean: 79.77% (+/- 10.83%)
Fold: 40 of 50 Acc: 64.71% Mean: 79.39% (+/- 10.95%)
Fold: 41 of 50 Acc: 80.00% Mean: 79.41% (+/- 10.81%)
Fold: 42 of 50 Acc: 74.29% Mean: 79.29% (+/- 10.71%)
Fold: 43 of 50 Acc: 82.35% Mean: 79.36% (+/- 10.60%)
Fold: 44 of 50 Acc: 79.41% Mean: 79.36% (+/- 10.48%)
Fold: 45 of 50 Acc: 79.41% Mean: 79.36% (+/- 10.36%)
Fold: 46 of 50 Acc: 88.24% Mean: 79.55% (+/- 10.33%)
Fold: 47 of 50 Acc: 76.47% Mean: 79.49% (+/- 10.23%)
Fold: 48 of 50 Acc: 82.35% Mean: 79.55% (+/- 10.13%)
Fold: 49 of 50 Acc: 76.47% Mean: 79.48% (+/- 10.03%)
Fold: 50 of 50 Acc: 64.71% Mean: 79.19% (+/- 10.15%)
Model Type: ResNet152
Fold: 1 of 50 Acc: 85.71% Mean: 85.71% (+/- 0.00%)
Fold: 2 of 50 Acc: 88.57% Mean: 87.14% (+/- 1.43%)
Fold: 3 of 50 Acc: 76.47% Mean: 83.59% (+/- 5.16%)
Fold: 4 of 50 Acc: 70.59% Mean: 80.34% (+/- 7.19%)
Fold: 5 of 50 Acc: 76.47% Mean: 79.56% (+/- 6.61%)
Fold: 6 of 50 Acc: 76.47% Mean: 79.05% (+/- 6.15%)
Fold: 7 of 50 Acc: 73.53% Mean: 78.26% (+/- 6.01%)
Fold: 8 of 50 Acc: 73.53% Mean: 77.67% (+/- 5.83%)
Fold: 9 of 50 Acc: 85.29% Mean: 78.52% (+/- 6.00%)
Fold: 10 of 50 Acc: 70.59% Mean: 77.72% (+/- 6.17%)
Fold: 11 of 50 Acc: 85.71% Mean: 78.45% (+/- 6.31%)
Fold: 12 of 50 Acc: 88.57% Mean: 79.29% (+/- 6.66%)
Fold: 13 of 50 Acc: 44.12% Mean: 76.59% (+/- 11.35%)
Fold: 14 of 50 Acc: 79.41% Mean: 76.79% (+/- 10.96%)
Fold: 15 of 50 Acc: 67.65% Mean: 76.18% (+/- 10.83%)
Fold: 16 of 50 Acc: 82.35% Mean: 76.57% (+/- 10.59%)
Fold: 17 of 50 Acc: 79.41% Mean: 76.73% (+/- 10.30%)
Fold: 18 of 50 Acc: 88.24% Mean: 77.37% (+/- 10.35%)
Fold: 19 of 50 Acc: 94.12% Mean: 78.25% (+/- 10.75%)
Fold: 20 of 50 Acc: 85.29% Mean: 78.61% (+/- 10.59%)
Fold: 21 of 50 Acc: 80.00% Mean: 78.67% (+/- 10.33%)
Fold: 22 of 50 Acc: 42.86% Mean: 77.04% (+/- 12.55%)
Fold: 23 of 50 Acc: 82.35% Mean: 77.27% (+/- 12.33%)
Fold: 24 of 50 Acc: 85.29% Mean: 77.61% (+/- 12.17%)
Fold: 25 of 50 Acc: 64.71% Mean: 77.09% (+/- 12.19%)
Fold: 26 of 50 Acc: 88.24% Mean: 77.52% (+/- 12.15%)
Fold: 27 of 50 Acc: 73.53% Mean: 77.37% (+/- 11.94%)
Fold: 28 of 50 Acc: 64.71% Mean: 76.92% (+/- 11.96%)
Fold: 29 of 50 Acc: 58.82% Mean: 76.30% (+/- 12.21%)
Fold: 30 of 50 Acc: 79.41% Mean: 76.40% (+/- 12.02%)
Fold: 31 of 50 Acc: 71.43% Mean: 76.24% (+/- 11.85%)
Fold: 32 of 50 Acc: 88.57% Mean: 76.63% (+/- 11.86%)
Fold: 33 of 50 Acc: 82.35% Mean: 76.80% (+/- 11.72%)
Fold: 34 of 50 Acc: 79.41% Mean: 76.88% (+/- 11.56%)
Fold: 35 of 50 Acc: 88.24% Mean: 77.20% (+/- 11.55%)
Fold: 36 of 50 Acc: 79.41% Mean: 77.26% (+/- 11.39%)
Fold: 37 of 50 Acc: 79.41% Mean: 77.32% (+/- 11.24%)
Fold: 38 of 50 Acc: 79.41% Mean: 77.38% (+/- 11.10%)
Fold: 39 of 50 Acc: 88.24% Mean: 77.65% (+/- 11.09%)
Fold: 40 of 50 Acc: 73.53% Mean: 77.55% (+/- 10.97%)
Fold: 41 of 50 Acc: 82.86% Mean: 77.68% (+/- 10.86%)
Fold: 42 of 50 Acc: 80.00% Mean: 77.74% (+/- 10.74%)
Fold: 43 of 50 Acc: 70.59% Mean: 77.57% (+/- 10.67%)
Fold: 44 of 50 Acc: 94.12% Mean: 77.94% (+/- 10.83%)
Fold: 45 of 50 Acc: 76.47% Mean: 77.91% (+/- 10.71%)
Fold: 46 of 50 Acc: 85.29% Mean: 78.07% (+/- 10.65%)
Fold: 47 of 50 Acc: 73.53% Mean: 77.98% (+/- 10.56%)
Fold: 48 of 50 Acc: 70.59% Mean: 77.82% (+/- 10.50%)
Fold: 49 of 50 Acc: 55.88% Mean: 77.37% (+/- 10.84%)
Fold: 50 of 50 Acc: 70.59% Mean: 77.24% (+/- 10.78%)
Model Type: ResNet50V2
Fold: 1 of 50 Acc: 94.29% Mean: 94.29% (+/- 0.00%)
Fold: 2 of 50 Acc: 88.57% Mean: 91.43% (+/- 2.86%)
Fold: 3 of 50 Acc: 82.35% Mean: 88.40% (+/- 4.87%)
Fold: 4 of 50 Acc: 88.24% Mean: 88.36% (+/- 4.22%)
Fold: 5 of 50 Acc: 94.12% Mean: 89.51% (+/- 4.42%)
Fold: 6 of 50 Acc: 85.29% Mean: 88.81% (+/- 4.33%)
Fold: 7 of 50 Acc: 91.18% Mean: 89.15% (+/- 4.10%)
Fold: 8 of 50 Acc: 67.65% Mean: 86.46% (+/- 8.08%)
Fold: 9 of 50 Acc: 70.59% Mean: 84.70% (+/- 9.10%)
Fold: 10 of 50 Acc: 85.29% Mean: 84.76% (+/- 8.64%)
Fold: 11 of 50 Acc: 88.57% Mean: 85.10% (+/- 8.31%)
Fold: 12 of 50 Acc: 85.71% Mean: 85.15% (+/- 7.96%)
Fold: 13 of 50 Acc: 76.47% Mean: 84.49% (+/- 7.99%)
Fold: 14 of 50 Acc: 97.06% Mean: 85.38% (+/- 8.35%)
Fold: 15 of 50 Acc: 79.41% Mean: 84.99% (+/- 8.20%)
Fold: 16 of 50 Acc: 82.35% Mean: 84.82% (+/- 7.97%)
Fold: 17 of 50 Acc: 94.12% Mean: 85.37% (+/- 8.03%)
Fold: 18 of 50 Acc: 79.41% Mean: 85.04% (+/- 7.93%)
Fold: 19 of 50 Acc: 91.18% Mean: 85.36% (+/- 7.84%)
Fold: 20 of 50 Acc: 85.29% Mean: 85.36% (+/- 7.64%)
Fold: 21 of 50 Acc: 77.14% Mean: 84.97% (+/- 7.66%)
Fold: 22 of 50 Acc: 77.14% Mean: 84.61% (+/- 7.65%)
Fold: 23 of 50 Acc: 85.29% Mean: 84.64% (+/- 7.49%)
Fold: 24 of 50 Acc: 88.24% Mean: 84.79% (+/- 7.37%)
Fold: 25 of 50 Acc: 94.12% Mean: 85.16% (+/- 7.44%)
Fold: 26 of 50 Acc: 88.24% Mean: 85.28% (+/- 7.32%)
Fold: 27 of 50 Acc: 88.24% Mean: 85.39% (+/- 7.21%)
Fold: 28 of 50 Acc: 76.47% Mean: 85.07% (+/- 7.27%)
Fold: 29 of 50 Acc: 82.35% Mean: 84.98% (+/- 7.16%)
Fold: 30 of 50 Acc: 85.29% Mean: 84.99% (+/- 7.04%)
Fold: 31 of 50 Acc: 80.00% Mean: 84.83% (+/- 6.98%)
Fold: 32 of 50 Acc: 77.14% Mean: 84.59% (+/- 7.00%)
Fold: 33 of 50 Acc: 88.24% Mean: 84.70% (+/- 6.92%)
Fold: 34 of 50 Acc: 91.18% Mean: 84.89% (+/- 6.91%)
Fold: 35 of 50 Acc: 85.29% Mean: 84.90% (+/- 6.81%)
Fold: 36 of 50 Acc: 82.35% Mean: 84.83% (+/- 6.73%)
Fold: 37 of 50 Acc: 79.41% Mean: 84.68% (+/- 6.69%)
Fold: 38 of 50 Acc: 55.88% Mean: 83.93% (+/- 8.05%)
Fold: 39 of 50 Acc: 61.76% Mean: 83.36% (+/- 8.69%)
Fold: 40 of 50 Acc: 64.71% Mean: 82.89% (+/- 9.06%)
Fold: 41 of 50 Acc: 80.00% Mean: 82.82% (+/- 8.96%)
Fold: 42 of 50 Acc: 77.14% Mean: 82.69% (+/- 8.89%)
Fold: 43 of 50 Acc: 85.29% Mean: 82.75% (+/- 8.80%)
Fold: 44 of 50 Acc: 79.41% Mean: 82.67% (+/- 8.71%)
Fold: 45 of 50 Acc: 88.24% Mean: 82.79% (+/- 8.65%)
Fold: 46 of 50 Acc: 85.29% Mean: 82.85% (+/- 8.57%)
Fold: 47 of 50 Acc: 82.35% Mean: 82.84% (+/- 8.48%)
Fold: 48 of 50 Acc: 82.35% Mean: 82.83% (+/- 8.39%)
Fold: 49 of 50 Acc: 85.29% Mean: 82.88% (+/- 8.31%)
Fold: 50 of 50 Acc: 70.59% Mean: 82.63% (+/- 8.40%)
Model Type: ResNet101V2
Fold: 1 of 50 Acc: 85.71% Mean: 85.71% (+/- 0.00%)
Fold: 2 of 50 Acc: 71.43% Mean: 78.57% (+/- 7.14%)
Fold: 3 of 50 Acc: 55.88% Mean: 71.01% (+/- 12.18%)
Fold: 4 of 50 Acc: 64.71% Mean: 69.43% (+/- 10.90%)
Fold: 5 of 50 Acc: 79.41% Mean: 71.43% (+/- 10.53%)
Fold: 6 of 50 Acc: 76.47% Mean: 72.27% (+/- 9.80%)
Fold: 7 of 50 Acc: 82.35% Mean: 73.71% (+/- 9.73%)
Fold: 8 of 50 Acc: 91.18% Mean: 75.89% (+/- 10.78%)
Fold: 9 of 50 Acc: 88.24% Mean: 77.26% (+/- 10.88%)
Fold: 10 of 50 Acc: 61.76% Mean: 75.71% (+/- 11.32%)
Fold: 11 of 50 Acc: 88.57% Mean: 76.88% (+/- 11.41%)
Fold: 12 of 50 Acc: 60.00% Mean: 75.48% (+/- 11.88%)
Fold: 13 of 50 Acc: 44.12% Mean: 73.06% (+/- 14.14%)
Fold: 14 of 50 Acc: 88.24% Mean: 74.15% (+/- 14.18%)
Fold: 15 of 50 Acc: 70.59% Mean: 73.91% (+/- 13.73%)
Fold: 16 of 50 Acc: 73.53% Mean: 73.89% (+/- 13.29%)
Fold: 17 of 50 Acc: 44.12% Mean: 72.14% (+/- 14.67%)
Fold: 18 of 50 Acc: 85.29% Mean: 72.87% (+/- 14.58%)
Fold: 19 of 50 Acc: 64.71% Mean: 72.44% (+/- 14.30%)
Fold: 20 of 50 Acc: 73.53% Mean: 72.49% (+/- 13.94%)
Fold: 21 of 50 Acc: 80.00% Mean: 72.85% (+/- 13.70%)
Fold: 22 of 50 Acc: 71.43% Mean: 72.78% (+/- 13.39%)
Fold: 23 of 50 Acc: 73.53% Mean: 72.82% (+/- 13.10%)
Fold: 24 of 50 Acc: 82.35% Mean: 73.21% (+/- 12.96%)
Fold: 25 of 50 Acc: 91.18% Mean: 73.93% (+/- 13.18%)
Fold: 26 of 50 Acc: 61.76% Mean: 73.46% (+/- 13.13%)
Fold: 27 of 50 Acc: 91.18% Mean: 74.12% (+/- 13.31%)
Fold: 28 of 50 Acc: 73.53% Mean: 74.10% (+/- 13.07%)
Fold: 29 of 50 Acc: 88.24% Mean: 74.59% (+/- 13.10%)
Fold: 30 of 50 Acc: 61.76% Mean: 74.16% (+/- 13.09%)
Fold: 31 of 50 Acc: 74.29% Mean: 74.16% (+/- 12.87%)
Fold: 32 of 50 Acc: 88.57% Mean: 74.61% (+/- 12.92%)
Fold: 33 of 50 Acc: 82.35% Mean: 74.85% (+/- 12.79%)
Fold: 34 of 50 Acc: 88.24% Mean: 75.24% (+/- 12.80%)
Fold: 35 of 50 Acc: 85.29% Mean: 75.53% (+/- 12.73%)
Fold: 36 of 50 Acc: 61.76% Mean: 75.15% (+/- 12.75%)
Fold: 37 of 50 Acc: 67.65% Mean: 74.94% (+/- 12.64%)
Fold: 38 of 50 Acc: 47.06% Mean: 74.21% (+/- 13.24%)
Fold: 39 of 50 Acc: 85.29% Mean: 74.49% (+/- 13.19%)
Fold: 40 of 50 Acc: 76.47% Mean: 74.54% (+/- 13.03%)
Fold: 41 of 50 Acc: 80.00% Mean: 74.68% (+/- 12.90%)
Fold: 42 of 50 Acc: 42.86% Mean: 73.92% (+/- 13.63%)
Fold: 43 of 50 Acc: 44.12% Mean: 73.23% (+/- 14.20%)
Fold: 44 of 50 Acc: 73.53% Mean: 73.23% (+/- 14.04%)
Fold: 45 of 50 Acc: 70.59% Mean: 73.17% (+/- 13.89%)
Fold: 46 of 50 Acc: 70.59% Mean: 73.12% (+/- 13.74%)
Fold: 47 of 50 Acc: 73.53% Mean: 73.13% (+/- 13.60%)
Fold: 48 of 50 Acc: 73.53% Mean: 73.14% (+/- 13.45%)
Fold: 49 of 50 Acc: 44.12% Mean: 72.54% (+/- 13.93%)
Fold: 50 of 50 Acc: 73.53% Mean: 72.56% (+/- 13.79%)
Model Type: ResNet152V2
Fold: 1 of 50 Acc: 80.00% Mean: 80.00% (+/- 0.00%)
Fold: 2 of 50 Acc: 91.43% Mean: 85.71% (+/- 5.71%)
Fold: 3 of 50 Acc: 70.59% Mean: 80.67% (+/- 8.52%)
Fold: 4 of 50 Acc: 61.76% Mean: 75.95% (+/- 11.02%)
Fold: 5 of 50 Acc: 79.41% Mean: 76.64% (+/- 9.96%)
Fold: 6 of 50 Acc: 52.94% Mean: 72.69% (+/- 12.67%)
Fold: 7 of 50 Acc: 67.65% Mean: 71.97% (+/- 11.86%)
Fold: 8 of 50 Acc: 82.35% Mean: 73.27% (+/- 11.62%)
Fold: 9 of 50 Acc: 82.35% Mean: 74.28% (+/- 11.32%)
Fold: 10 of 50 Acc: 73.53% Mean: 74.20% (+/- 10.74%)
Fold: 11 of 50 Acc: 74.29% Mean: 74.21% (+/- 10.24%)
Fold: 12 of 50 Acc: 71.43% Mean: 73.98% (+/- 9.83%)
Fold: 13 of 50 Acc: 50.00% Mean: 72.13% (+/- 11.41%)
Fold: 14 of 50 Acc: 47.06% Mean: 70.34% (+/- 12.75%)
Fold: 15 of 50 Acc: 52.94% Mean: 69.18% (+/- 13.06%)
Fold: 16 of 50 Acc: 88.24% Mean: 70.37% (+/- 13.46%)
Fold: 17 of 50 Acc: 61.76% Mean: 69.87% (+/- 13.21%)
Fold: 18 of 50 Acc: 79.41% Mean: 70.40% (+/- 13.03%)
Fold: 19 of 50 Acc: 52.94% Mean: 69.48% (+/- 13.26%)
Fold: 20 of 50 Acc: 85.29% Mean: 70.27% (+/- 13.38%)
Fold: 21 of 50 Acc: 82.86% Mean: 70.87% (+/- 13.33%)
Fold: 22 of 50 Acc: 57.14% Mean: 70.24% (+/- 13.33%)
Fold: 23 of 50 Acc: 73.53% Mean: 70.39% (+/- 13.06%)
Fold: 24 of 50 Acc: 47.06% Mean: 69.42% (+/- 13.61%)
Fold: 25 of 50 Acc: 55.88% Mean: 68.87% (+/- 13.59%)
Fold: 26 of 50 Acc: 50.00% Mean: 68.15% (+/- 13.81%)
Fold: 27 of 50 Acc: 67.65% Mean: 68.13% (+/- 13.56%)
Fold: 28 of 50 Acc: 79.41% Mean: 68.53% (+/- 13.48%)
Fold: 29 of 50 Acc: 50.00% Mean: 67.89% (+/- 13.67%)
Fold: 30 of 50 Acc: 32.35% Mean: 66.71% (+/- 14.87%)
Fold: 31 of 50 Acc: 74.29% Mean: 66.95% (+/- 14.69%)
Fold: 32 of 50 Acc: 82.86% Mean: 67.45% (+/- 14.72%)
Fold: 33 of 50 Acc: 41.18% Mean: 66.65% (+/- 15.18%)
Fold: 34 of 50 Acc: 85.29% Mean: 67.20% (+/- 15.29%)
Fold: 35 of 50 Acc: 70.59% Mean: 67.30% (+/- 15.08%)
Fold: 36 of 50 Acc: 50.00% Mean: 66.82% (+/- 15.13%)
Fold: 37 of 50 Acc: 47.06% Mean: 66.28% (+/- 15.27%)
Fold: 38 of 50 Acc: 61.76% Mean: 66.17% (+/- 15.08%)
Fold: 39 of 50 Acc: 79.41% Mean: 66.51% (+/- 15.04%)
Fold: 40 of 50 Acc: 76.47% Mean: 66.75% (+/- 14.93%)
Fold: 41 of 50 Acc: 51.43% Mean: 66.38% (+/- 14.93%)
Fold: 42 of 50 Acc: 60.00% Mean: 66.23% (+/- 14.79%)
Fold: 43 of 50 Acc: 79.41% Mean: 66.54% (+/- 14.75%)
Fold: 44 of 50 Acc: 55.88% Mean: 66.29% (+/- 14.67%)
Fold: 45 of 50 Acc: 61.76% Mean: 66.19% (+/- 14.52%)
Fold: 46 of 50 Acc: 82.35% Mean: 66.54% (+/- 14.55%)
Fold: 47 of 50 Acc: 76.47% Mean: 66.75% (+/- 14.47%)
Fold: 48 of 50 Acc: 76.47% Mean: 66.96% (+/- 14.38%)
Fold: 49 of 50 Acc: 67.65% Mean: 66.97% (+/- 14.23%)
Fold: 50 of 50 Acc: 50.00% Mean: 66.63% (+/- 14.29%)
Model Type: InceptionV3
Fold: 1 of 50 Acc: 88.57% Mean: 88.57% (+/- 0.00%)
Fold: 2 of 50 Acc: 94.29% Mean: 91.43% (+/- 2.86%)
Fold: 3 of 50 Acc: 94.12% Mean: 92.32% (+/- 2.66%)
Fold: 4 of 50 Acc: 97.06% Mean: 93.51% (+/- 3.08%)
Fold: 5 of 50 Acc: 97.06% Mean: 94.22% (+/- 3.10%)
Fold: 6 of 50 Acc: 82.35% Mean: 92.24% (+/- 5.25%)
Fold: 7 of 50 Acc: 88.24% Mean: 91.67% (+/- 5.06%)
Fold: 8 of 50 Acc: 76.47% Mean: 89.77% (+/- 6.90%)
Fold: 9 of 50 Acc: 85.29% Mean: 89.27% (+/- 6.66%)
Fold: 10 of 50 Acc: 85.29% Mean: 88.87% (+/- 6.43%)
Fold: 11 of 50 Acc: 85.71% Mean: 88.59% (+/- 6.20%)
Fold: 12 of 50 Acc: 85.71% Mean: 88.35% (+/- 5.99%)
Fold: 13 of 50 Acc: 85.29% Mean: 88.11% (+/- 5.81%)
Fold: 14 of 50 Acc: 88.24% Mean: 88.12% (+/- 5.60%)
Fold: 15 of 50 Acc: 91.18% Mean: 88.32% (+/- 5.46%)
Fold: 16 of 50 Acc: 91.18% Mean: 88.50% (+/- 5.33%)
Fold: 17 of 50 Acc: 88.24% Mean: 88.49% (+/- 5.17%)
Fold: 18 of 50 Acc: 91.18% Mean: 88.64% (+/- 5.06%)
Fold: 19 of 50 Acc: 94.12% Mean: 88.93% (+/- 5.08%)
Fold: 20 of 50 Acc: 88.24% Mean: 88.89% (+/- 4.95%)
Fold: 21 of 50 Acc: 85.71% Mean: 88.74% (+/- 4.88%)
Fold: 22 of 50 Acc: 91.43% Mean: 88.86% (+/- 4.80%)
Fold: 23 of 50 Acc: 73.53% Mean: 88.20% (+/- 5.64%)
Fold: 24 of 50 Acc: 91.18% Mean: 88.32% (+/- 5.55%)
Fold: 25 of 50 Acc: 94.12% Mean: 88.55% (+/- 5.56%)
Fold: 26 of 50 Acc: 91.18% Mean: 88.65% (+/- 5.48%)
Fold: 27 of 50 Acc: 91.18% Mean: 88.75% (+/- 5.39%)
Fold: 28 of 50 Acc: 97.06% Mean: 89.04% (+/- 5.52%)
Fold: 29 of 50 Acc: 94.12% Mean: 89.22% (+/- 5.50%)
Fold: 30 of 50 Acc: 85.29% Mean: 89.09% (+/- 5.45%)
Fold: 31 of 50 Acc: 82.86% Mean: 88.89% (+/- 5.48%)
Fold: 32 of 50 Acc: 94.29% Mean: 89.05% (+/- 5.47%)
Fold: 33 of 50 Acc: 94.12% Mean: 89.21% (+/- 5.46%)
Fold: 34 of 50 Acc: 94.12% Mean: 89.35% (+/- 5.44%)
Fold: 35 of 50 Acc: 94.12% Mean: 89.49% (+/- 5.42%)
Fold: 36 of 50 Acc: 94.12% Mean: 89.62% (+/- 5.40%)
Fold: 37 of 50 Acc: 91.18% Mean: 89.66% (+/- 5.33%)
Fold: 38 of 50 Acc: 85.29% Mean: 89.54% (+/- 5.31%)
Fold: 39 of 50 Acc: 91.18% Mean: 89.59% (+/- 5.24%)
Fold: 40 of 50 Acc: 94.12% Mean: 89.70% (+/- 5.23%)
Fold: 41 of 50 Acc: 88.57% Mean: 89.67% (+/- 5.16%)
Fold: 42 of 50 Acc: 91.43% Mean: 89.71% (+/- 5.11%)
Fold: 43 of 50 Acc: 82.35% Mean: 89.54% (+/- 5.17%)
Fold: 44 of 50 Acc: 88.24% Mean: 89.51% (+/- 5.12%)
Fold: 45 of 50 Acc: 97.06% Mean: 89.68% (+/- 5.18%)
Fold: 46 of 50 Acc: 97.06% Mean: 89.84% (+/- 5.23%)
Fold: 47 of 50 Acc: 88.24% Mean: 89.81% (+/- 5.18%)
Fold: 48 of 50 Acc: 85.29% Mean: 89.71% (+/- 5.17%)
Fold: 49 of 50 Acc: 88.24% Mean: 89.68% (+/- 5.12%)
Fold: 50 of 50 Acc: 88.24% Mean: 89.65% (+/- 5.07%)
Model Type: InceptionResNetV2
Fold: 1 of 50 Acc: 88.57% Mean: 88.57% (+/- 0.00%)
Fold: 2 of 50 Acc: 94.29% Mean: 91.43% (+/- 2.86%)
Fold: 3 of 50 Acc: 97.06% Mean: 93.31% (+/- 3.53%)
Fold: 4 of 50 Acc: 94.12% Mean: 93.51% (+/- 3.08%)
Fold: 5 of 50 Acc: 97.06% Mean: 94.22% (+/- 3.10%)
Fold: 6 of 50 Acc: 85.29% Mean: 92.73% (+/- 4.37%)
Fold: 7 of 50 Acc: 91.18% Mean: 92.51% (+/- 4.08%)
Fold: 8 of 50 Acc: 91.18% Mean: 92.34% (+/- 3.84%)
Fold: 9 of 50 Acc: 94.12% Mean: 92.54% (+/- 3.66%)
Fold: 10 of 50 Acc: 88.24% Mean: 92.11% (+/- 3.71%)
Fold: 11 of 50 Acc: 100.00% Mean: 92.83% (+/- 4.20%)
Fold: 12 of 50 Acc: 91.43% Mean: 92.71% (+/- 4.04%)
Fold: 13 of 50 Acc: 88.24% Mean: 92.37% (+/- 4.06%)
Fold: 14 of 50 Acc: 97.06% Mean: 92.70% (+/- 4.10%)
Fold: 15 of 50 Acc: 94.12% Mean: 92.80% (+/- 3.97%)
Fold: 16 of 50 Acc: 91.18% Mean: 92.69% (+/- 3.87%)
Fold: 17 of 50 Acc: 94.12% Mean: 92.78% (+/- 3.77%)
Fold: 18 of 50 Acc: 94.12% Mean: 92.85% (+/- 3.67%)
Fold: 19 of 50 Acc: 94.12% Mean: 92.92% (+/- 3.59%)
Fold: 20 of 50 Acc: 88.24% Mean: 92.68% (+/- 3.64%)
Fold: 21 of 50 Acc: 88.57% Mean: 92.49% (+/- 3.66%)
Fold: 22 of 50 Acc: 88.57% Mean: 92.31% (+/- 3.67%)
Fold: 23 of 50 Acc: 88.24% Mean: 92.13% (+/- 3.68%)
Fold: 24 of 50 Acc: 94.12% Mean: 92.22% (+/- 3.63%)
Fold: 25 of 50 Acc: 100.00% Mean: 92.53% (+/- 3.87%)
Fold: 26 of 50 Acc: 94.12% Mean: 92.59% (+/- 3.80%)
Fold: 27 of 50 Acc: 82.35% Mean: 92.21% (+/- 4.20%)
Fold: 28 of 50 Acc: 97.06% Mean: 92.38% (+/- 4.22%)
Fold: 29 of 50 Acc: 94.12% Mean: 92.44% (+/- 4.16%)
Fold: 30 of 50 Acc: 94.12% Mean: 92.50% (+/- 4.10%)
Fold: 31 of 50 Acc: 88.57% Mean: 92.37% (+/- 4.10%)
Fold: 32 of 50 Acc: 94.29% Mean: 92.43% (+/- 4.05%)
Fold: 33 of 50 Acc: 85.29% Mean: 92.22% (+/- 4.17%)
Fold: 34 of 50 Acc: 91.18% Mean: 92.18% (+/- 4.11%)
Fold: 35 of 50 Acc: 94.12% Mean: 92.24% (+/- 4.06%)
Fold: 36 of 50 Acc: 94.12% Mean: 92.29% (+/- 4.02%)
Fold: 37 of 50 Acc: 97.06% Mean: 92.42% (+/- 4.04%)
Fold: 38 of 50 Acc: 94.12% Mean: 92.47% (+/- 3.99%)
Fold: 39 of 50 Acc: 100.00% Mean: 92.66% (+/- 4.12%)
Fold: 40 of 50 Acc: 97.06% Mean: 92.77% (+/- 4.12%)
Fold: 41 of 50 Acc: 91.43% Mean: 92.74% (+/- 4.08%)
Fold: 42 of 50 Acc: 88.57% Mean: 92.64% (+/- 4.08%)
Fold: 43 of 50 Acc: 82.35% Mean: 92.40% (+/- 4.32%)
Fold: 44 of 50 Acc: 91.18% Mean: 92.37% (+/- 4.27%)
Fold: 45 of 50 Acc: 97.06% Mean: 92.47% (+/- 4.28%)
Fold: 46 of 50 Acc: 94.12% Mean: 92.51% (+/- 4.24%)
Fold: 47 of 50 Acc: 88.24% Mean: 92.42% (+/- 4.24%)
Fold: 48 of 50 Acc: 88.24% Mean: 92.33% (+/- 4.24%)
Fold: 49 of 50 Acc: 85.29% Mean: 92.19% (+/- 4.31%)
Fold: 50 of 50 Acc: 91.18% Mean: 92.17% (+/- 4.27%)
Model Type: MobileNet
Fold: 1 of 50 Acc: 91.43% Mean: 91.43% (+/- 0.00%)
Fold: 2 of 50 Acc: 100.00% Mean: 95.71% (+/- 4.29%)
Fold: 3 of 50 Acc: 94.12% Mean: 95.18% (+/- 3.58%)
Fold: 4 of 50 Acc: 91.18% Mean: 94.18% (+/- 3.55%)
Fold: 5 of 50 Acc: 97.06% Mean: 94.76% (+/- 3.38%)
Fold: 6 of 50 Acc: 91.18% Mean: 94.16% (+/- 3.36%)
Fold: 7 of 50 Acc: 91.18% Mean: 93.73% (+/- 3.28%)
Fold: 8 of 50 Acc: 91.18% Mean: 93.41% (+/- 3.18%)
Fold: 9 of 50 Acc: 85.29% Mean: 92.51% (+/- 3.94%)
Fold: 10 of 50 Acc: 97.06% Mean: 92.97% (+/- 3.98%)
Fold: 11 of 50 Acc: 97.14% Mean: 93.35% (+/- 3.98%)
Fold: 12 of 50 Acc: 94.29% Mean: 93.42% (+/- 3.82%)
Fold: 13 of 50 Acc: 100.00% Mean: 93.93% (+/- 4.07%)
Fold: 14 of 50 Acc: 97.06% Mean: 94.15% (+/- 4.00%)
Fold: 15 of 50 Acc: 97.06% Mean: 94.35% (+/- 3.93%)
Fold: 16 of 50 Acc: 88.24% Mean: 93.97% (+/- 4.08%)
Fold: 17 of 50 Acc: 97.06% Mean: 94.15% (+/- 4.03%)
Fold: 18 of 50 Acc: 94.12% Mean: 94.15% (+/- 3.92%)
Fold: 19 of 50 Acc: 100.00% Mean: 94.45% (+/- 4.03%)
Fold: 20 of 50 Acc: 85.29% Mean: 94.00% (+/- 4.41%)
Fold: 21 of 50 Acc: 94.29% Mean: 94.01% (+/- 4.30%)
Fold: 22 of 50 Acc: 88.57% Mean: 93.76% (+/- 4.35%)
Fold: 23 of 50 Acc: 88.24% Mean: 93.52% (+/- 4.40%)
Fold: 24 of 50 Acc: 97.06% Mean: 93.67% (+/- 4.37%)
Fold: 25 of 50 Acc: 94.12% Mean: 93.69% (+/- 4.28%)
Fold: 26 of 50 Acc: 97.06% Mean: 93.82% (+/- 4.25%)
Fold: 27 of 50 Acc: 85.29% Mean: 93.50% (+/- 4.47%)
Fold: 28 of 50 Acc: 97.06% Mean: 93.63% (+/- 4.44%)
Fold: 29 of 50 Acc: 91.18% Mean: 93.54% (+/- 4.38%)
Fold: 30 of 50 Acc: 91.18% Mean: 93.46% (+/- 4.33%)
Fold: 31 of 50 Acc: 77.14% Mean: 92.94% (+/- 5.14%)
Fold: 32 of 50 Acc: 97.14% Mean: 93.07% (+/- 5.11%)
Fold: 33 of 50 Acc: 85.29% Mean: 92.83% (+/- 5.21%)
Fold: 34 of 50 Acc: 94.12% Mean: 92.87% (+/- 5.14%)
Fold: 35 of 50 Acc: 97.06% Mean: 92.99% (+/- 5.11%)
Fold: 36 of 50 Acc: 88.24% Mean: 92.86% (+/- 5.10%)
Fold: 37 of 50 Acc: 94.12% Mean: 92.89% (+/- 5.03%)
Fold: 38 of 50 Acc: 91.18% Mean: 92.85% (+/- 4.98%)
Fold: 39 of 50 Acc: 94.12% Mean: 92.88% (+/- 4.92%)
Fold: 40 of 50 Acc: 100.00% Mean: 93.06% (+/- 4.98%)
Fold: 41 of 50 Acc: 97.14% Mean: 93.16% (+/- 4.96%)
Fold: 42 of 50 Acc: 94.29% Mean: 93.19% (+/- 4.90%)
Fold: 43 of 50 Acc: 85.29% Mean: 93.00% (+/- 4.99%)
Fold: 44 of 50 Acc: 91.18% Mean: 92.96% (+/- 4.94%)
Fold: 45 of 50 Acc: 94.12% Mean: 92.99% (+/- 4.89%)
Fold: 46 of 50 Acc: 97.06% Mean: 93.07% (+/- 4.87%)
Fold: 47 of 50 Acc: 88.24% Mean: 92.97% (+/- 4.87%)
Fold: 48 of 50 Acc: 88.24% Mean: 92.87% (+/- 4.86%)
Fold: 49 of 50 Acc: 85.29% Mean: 92.72% (+/- 4.93%)
Fold: 50 of 50 Acc: 85.29% Mean: 92.57% (+/- 4.99%)
Model Type: DenseNet121
Fold: 1 of 50 Acc: 91.43% Mean: 91.43% (+/- 0.00%)
Fold: 2 of 50 Acc: 91.43% Mean: 91.43% (+/- 0.00%)
Fold: 3 of 50 Acc: 79.41% Mean: 87.42% (+/- 5.66%)
Fold: 4 of 50 Acc: 88.24% Mean: 87.63% (+/- 4.92%)
Fold: 5 of 50 Acc: 88.24% Mean: 87.75% (+/- 4.41%)
Fold: 6 of 50 Acc: 85.29% Mean: 87.34% (+/- 4.12%)
Fold: 7 of 50 Acc: 85.29% Mean: 87.05% (+/- 3.89%)
Fold: 8 of 50 Acc: 94.12% Mean: 87.93% (+/- 4.32%)
Fold: 9 of 50 Acc: 94.12% Mean: 88.62% (+/- 4.51%)
Fold: 10 of 50 Acc: 88.24% Mean: 88.58% (+/- 4.28%)
Fold: 11 of 50 Acc: 91.43% Mean: 88.84% (+/- 4.17%)
Fold: 12 of 50 Acc: 88.57% Mean: 88.82% (+/- 3.99%)
Fold: 13 of 50 Acc: 94.12% Mean: 89.22% (+/- 4.09%)
Fold: 14 of 50 Acc: 97.06% Mean: 89.78% (+/- 4.42%)
Fold: 15 of 50 Acc: 88.24% Mean: 89.68% (+/- 4.29%)
Fold: 16 of 50 Acc: 88.24% Mean: 89.59% (+/- 4.17%)
Fold: 17 of 50 Acc: 97.06% Mean: 90.03% (+/- 4.41%)
Fold: 18 of 50 Acc: 91.18% Mean: 90.09% (+/- 4.29%)
Fold: 19 of 50 Acc: 97.06% Mean: 90.46% (+/- 4.46%)
Fold: 20 of 50 Acc: 82.35% Mean: 90.05% (+/- 4.69%)
Fold: 21 of 50 Acc: 91.43% Mean: 90.12% (+/- 4.59%)
Fold: 22 of 50 Acc: 91.43% Mean: 90.18% (+/- 4.49%)
Fold: 23 of 50 Acc: 85.29% Mean: 89.97% (+/- 4.50%)
Fold: 24 of 50 Acc: 94.12% Mean: 90.14% (+/- 4.49%)
Fold: 25 of 50 Acc: 91.18% Mean: 90.18% (+/- 4.40%)
Fold: 26 of 50 Acc: 91.18% Mean: 90.22% (+/- 4.32%)
Fold: 27 of 50 Acc: 85.29% Mean: 90.04% (+/- 4.34%)
Fold: 28 of 50 Acc: 94.12% Mean: 90.18% (+/- 4.33%)
Fold: 29 of 50 Acc: 91.18% Mean: 90.22% (+/- 4.26%)
Fold: 30 of 50 Acc: 85.29% Mean: 90.05% (+/- 4.28%)
Fold: 31 of 50 Acc: 82.86% Mean: 89.82% (+/- 4.40%)
Fold: 32 of 50 Acc: 94.29% Mean: 89.96% (+/- 4.40%)
Fold: 33 of 50 Acc: 91.18% Mean: 90.00% (+/- 4.33%)
Fold: 34 of 50 Acc: 85.29% Mean: 89.86% (+/- 4.34%)
Fold: 35 of 50 Acc: 91.18% Mean: 89.90% (+/- 4.29%)
Fold: 36 of 50 Acc: 85.29% Mean: 89.77% (+/- 4.29%)
Fold: 37 of 50 Acc: 88.24% Mean: 89.73% (+/- 4.24%)
Fold: 38 of 50 Acc: 91.18% Mean: 89.77% (+/- 4.19%)
Fold: 39 of 50 Acc: 91.18% Mean: 89.80% (+/- 4.14%)
Fold: 40 of 50 Acc: 88.24% Mean: 89.76% (+/- 4.10%)
Fold: 41 of 50 Acc: 94.29% Mean: 89.87% (+/- 4.11%)
Fold: 42 of 50 Acc: 85.71% Mean: 89.77% (+/- 4.11%)
Fold: 43 of 50 Acc: 79.41% Mean: 89.53% (+/- 4.35%)
Fold: 44 of 50 Acc: 91.18% Mean: 89.57% (+/- 4.31%)
Fold: 45 of 50 Acc: 91.18% Mean: 89.61% (+/- 4.27%)
Fold: 46 of 50 Acc: 97.06% Mean: 89.77% (+/- 4.36%)
Fold: 47 of 50 Acc: 85.29% Mean: 89.67% (+/- 4.36%)
Fold: 48 of 50 Acc: 88.24% Mean: 89.64% (+/- 4.32%)
Fold: 49 of 50 Acc: 73.53% Mean: 89.31% (+/- 4.84%)
Fold: 50 of 50 Acc: 79.41% Mean: 89.12% (+/- 4.99%)
Model Type: DenseNet169
Fold: 1 of 50 Acc: 94.29% Mean: 94.29% (+/- 0.00%)
Fold: 2 of 50 Acc: 91.43% Mean: 92.86% (+/- 1.43%)
Fold: 3 of 50 Acc: 88.24% Mean: 91.32% (+/- 2.47%)
Fold: 4 of 50 Acc: 67.65% Mean: 85.40% (+/- 10.47%)
Fold: 5 of 50 Acc: 97.06% Mean: 87.73% (+/- 10.46%)
Fold: 6 of 50 Acc: 88.24% Mean: 87.82% (+/- 9.55%)
Fold: 7 of 50 Acc: 82.35% Mean: 87.03% (+/- 9.05%)
Fold: 8 of 50 Acc: 97.06% Mean: 88.29% (+/- 9.09%)
Fold: 9 of 50 Acc: 85.29% Mean: 87.96% (+/- 8.62%)
Fold: 10 of 50 Acc: 88.24% Mean: 87.98% (+/- 8.18%)
Fold: 11 of 50 Acc: 82.86% Mean: 87.52% (+/- 7.94%)
Fold: 12 of 50 Acc: 88.57% Mean: 87.61% (+/- 7.60%)
Fold: 13 of 50 Acc: 91.18% Mean: 87.88% (+/- 7.37%)
Fold: 14 of 50 Acc: 88.24% Mean: 87.91% (+/- 7.10%)
Fold: 15 of 50 Acc: 97.06% Mean: 88.52% (+/- 7.23%)
Fold: 16 of 50 Acc: 85.29% Mean: 88.31% (+/- 7.04%)
Fold: 17 of 50 Acc: 94.12% Mean: 88.66% (+/- 6.97%)
Fold: 18 of 50 Acc: 94.12% Mean: 88.96% (+/- 6.89%)
Fold: 19 of 50 Acc: 97.06% Mean: 89.39% (+/- 6.94%)
Fold: 20 of 50 Acc: 88.24% Mean: 89.33% (+/- 6.77%)
Fold: 21 of 50 Acc: 88.57% Mean: 89.29% (+/- 6.61%)
Fold: 22 of 50 Acc: 80.00% Mean: 88.87% (+/- 6.74%)
Fold: 23 of 50 Acc: 82.35% Mean: 88.59% (+/- 6.73%)
Fold: 24 of 50 Acc: 91.18% Mean: 88.69% (+/- 6.61%)
Fold: 25 of 50 Acc: 94.12% Mean: 88.91% (+/- 6.56%)
Fold: 26 of 50 Acc: 79.41% Mean: 88.55% (+/- 6.69%)
Fold: 27 of 50 Acc: 88.24% Mean: 88.53% (+/- 6.56%)
Fold: 28 of 50 Acc: 85.29% Mean: 88.42% (+/- 6.47%)
Fold: 29 of 50 Acc: 88.24% Mean: 88.41% (+/- 6.36%)
Fold: 30 of 50 Acc: 88.24% Mean: 88.41% (+/- 6.25%)
Fold: 31 of 50 Acc: 88.57% Mean: 88.41% (+/- 6.15%)
Fold: 32 of 50 Acc: 94.29% Mean: 88.60% (+/- 6.14%)
Fold: 33 of 50 Acc: 97.06% Mean: 88.85% (+/- 6.22%)
Fold: 34 of 50 Acc: 91.18% Mean: 88.92% (+/- 6.14%)
Fold: 35 of 50 Acc: 91.18% Mean: 88.98% (+/- 6.06%)
Fold: 36 of 50 Acc: 79.41% Mean: 88.72% (+/- 6.18%)
Fold: 37 of 50 Acc: 85.29% Mean: 88.63% (+/- 6.12%)
Fold: 38 of 50 Acc: 91.18% Mean: 88.69% (+/- 6.05%)
Fold: 39 of 50 Acc: 94.12% Mean: 88.83% (+/- 6.04%)
Fold: 40 of 50 Acc: 94.12% Mean: 88.96% (+/- 6.02%)
Fold: 41 of 50 Acc: 85.71% Mean: 88.89% (+/- 5.96%)
Fold: 42 of 50 Acc: 94.29% Mean: 89.01% (+/- 5.95%)
Fold: 43 of 50 Acc: 79.41% Mean: 88.79% (+/- 6.06%)
Fold: 44 of 50 Acc: 85.29% Mean: 88.71% (+/- 6.01%)
Fold: 45 of 50 Acc: 91.18% Mean: 88.77% (+/- 5.95%)
Fold: 46 of 50 Acc: 91.18% Mean: 88.82% (+/- 5.90%)
Fold: 47 of 50 Acc: 82.35% Mean: 88.68% (+/- 5.91%)
Fold: 48 of 50 Acc: 85.29% Mean: 88.61% (+/- 5.87%)
Fold: 49 of 50 Acc: 88.24% Mean: 88.60% (+/- 5.81%)
Fold: 50 of 50 Acc: 85.29% Mean: 88.54% (+/- 5.77%)
Model Type: DenseNet201
Fold: 1 of 50 Acc: 85.71% Mean: 85.71% (+/- 0.00%)
Fold: 2 of 50 Acc: 97.14% Mean: 91.43% (+/- 5.71%)
Fold: 3 of 50 Acc: 88.24% Mean: 90.36% (+/- 4.90%)
Fold: 4 of 50 Acc: 85.29% Mean: 89.10% (+/- 4.78%)
Fold: 5 of 50 Acc: 97.06% Mean: 90.69% (+/- 5.33%)
Fold: 6 of 50 Acc: 85.29% Mean: 89.79% (+/- 5.27%)
Fold: 7 of 50 Acc: 85.29% Mean: 89.15% (+/- 5.12%)
Fold: 8 of 50 Acc: 88.24% Mean: 89.03% (+/- 4.80%)
Fold: 9 of 50 Acc: 88.24% Mean: 88.94% (+/- 4.53%)
Fold: 10 of 50 Acc: 70.59% Mean: 87.11% (+/- 6.99%)
Fold: 11 of 50 Acc: 88.57% Mean: 87.24% (+/- 6.68%)
Fold: 12 of 50 Acc: 88.57% Mean: 87.35% (+/- 6.40%)
Fold: 13 of 50 Acc: 88.24% Mean: 87.42% (+/- 6.16%)
Fold: 14 of 50 Acc: 97.06% Mean: 88.11% (+/- 6.43%)
Fold: 15 of 50 Acc: 88.24% Mean: 88.12% (+/- 6.21%)
Fold: 16 of 50 Acc: 97.06% Mean: 88.68% (+/- 6.39%)
Fold: 17 of 50 Acc: 88.24% Mean: 88.65% (+/- 6.20%)
Fold: 18 of 50 Acc: 88.24% Mean: 88.63% (+/- 6.03%)
Fold: 19 of 50 Acc: 91.18% Mean: 88.76% (+/- 5.89%)
Fold: 20 of 50 Acc: 82.35% Mean: 88.44% (+/- 5.91%)
Fold: 21 of 50 Acc: 88.57% Mean: 88.45% (+/- 5.77%)
Fold: 22 of 50 Acc: 91.43% Mean: 88.58% (+/- 5.67%)
Fold: 23 of 50 Acc: 82.35% Mean: 88.31% (+/- 5.69%)
Fold: 24 of 50 Acc: 85.29% Mean: 88.19% (+/- 5.60%)
Fold: 25 of 50 Acc: 91.18% Mean: 88.31% (+/- 5.52%)
Fold: 26 of 50 Acc: 85.29% Mean: 88.19% (+/- 5.45%)
Fold: 27 of 50 Acc: 79.41% Mean: 87.86% (+/- 5.59%)
Fold: 28 of 50 Acc: 85.29% Mean: 87.77% (+/- 5.51%)
Fold: 29 of 50 Acc: 85.29% Mean: 87.69% (+/- 5.44%)
Fold: 30 of 50 Acc: 82.35% Mean: 87.51% (+/- 5.43%)
Fold: 31 of 50 Acc: 82.86% Mean: 87.36% (+/- 5.41%)
Fold: 32 of 50 Acc: 85.71% Mean: 87.31% (+/- 5.33%)
Fold: 33 of 50 Acc: 91.18% Mean: 87.43% (+/- 5.29%)
Fold: 34 of 50 Acc: 82.35% Mean: 87.28% (+/- 5.28%)
Fold: 35 of 50 Acc: 91.18% Mean: 87.39% (+/- 5.24%)
Fold: 36 of 50 Acc: 91.18% Mean: 87.49% (+/- 5.21%)
Fold: 37 of 50 Acc: 97.06% Mean: 87.75% (+/- 5.37%)
Fold: 38 of 50 Acc: 88.24% Mean: 87.76% (+/- 5.30%)
Fold: 39 of 50 Acc: 91.18% Mean: 87.85% (+/- 5.26%)
Fold: 40 of 50 Acc: 94.12% Mean: 88.01% (+/- 5.28%)
Fold: 41 of 50 Acc: 85.71% Mean: 87.95% (+/- 5.23%)
Fold: 42 of 50 Acc: 91.43% Mean: 88.04% (+/- 5.19%)
Fold: 43 of 50 Acc: 91.18% Mean: 88.11% (+/- 5.15%)
Fold: 44 of 50 Acc: 88.24% Mean: 88.11% (+/- 5.10%)
Fold: 45 of 50 Acc: 94.12% Mean: 88.24% (+/- 5.12%)
Fold: 46 of 50 Acc: 94.12% Mean: 88.37% (+/- 5.13%)
Fold: 47 of 50 Acc: 79.41% Mean: 88.18% (+/- 5.24%)
Fold: 48 of 50 Acc: 85.29% Mean: 88.12% (+/- 5.20%)
Fold: 49 of 50 Acc: 88.24% Mean: 88.12% (+/- 5.15%)
Fold: 50 of 50 Acc: 85.29% Mean: 88.07% (+/- 5.11%)
Model Type: NASNetMobile
Fold: 1 of 50 Acc: 80.00% Mean: 80.00% (+/- 0.00%)
Fold: 2 of 50 Acc: 88.57% Mean: 84.29% (+/- 4.29%)
Fold: 3 of 50 Acc: 58.82% Mean: 75.80% (+/- 12.50%)
Fold: 4 of 50 Acc: 50.00% Mean: 69.35% (+/- 15.56%)
Fold: 5 of 50 Acc: 79.41% Mean: 71.36% (+/- 14.49%)
Fold: 6 of 50 Acc: 76.47% Mean: 72.21% (+/- 13.36%)
Fold: 7 of 50 Acc: 82.35% Mean: 73.66% (+/- 12.87%)
Fold: 8 of 50 Acc: 91.18% Mean: 75.85% (+/- 13.36%)
Fold: 9 of 50 Acc: 73.53% Mean: 75.59% (+/- 12.61%)
Fold: 10 of 50 Acc: 73.53% Mean: 75.39% (+/- 11.98%)
Fold: 11 of 50 Acc: 45.71% Mean: 72.69% (+/- 14.26%)
Fold: 12 of 50 Acc: 77.14% Mean: 73.06% (+/- 13.71%)
Fold: 13 of 50 Acc: 52.94% Mean: 71.51% (+/- 14.22%)
Fold: 14 of 50 Acc: 73.53% Mean: 71.66% (+/- 13.71%)
Fold: 15 of 50 Acc: 88.24% Mean: 72.76% (+/- 13.88%)
Fold: 16 of 50 Acc: 67.65% Mean: 72.44% (+/- 13.49%)
Fold: 17 of 50 Acc: 88.24% Mean: 73.37% (+/- 13.61%)
Fold: 18 of 50 Acc: 41.18% Mean: 71.58% (+/- 15.14%)
Fold: 19 of 50 Acc: 79.41% Mean: 71.99% (+/- 14.84%)
Fold: 20 of 50 Acc: 61.76% Mean: 71.48% (+/- 14.64%)
Fold: 21 of 50 Acc: 82.86% Mean: 72.02% (+/- 14.49%)
Fold: 22 of 50 Acc: 82.86% Mean: 72.52% (+/- 14.33%)
Fold: 23 of 50 Acc: 50.00% Mean: 71.54% (+/- 14.75%)
Fold: 24 of 50 Acc: 88.24% Mean: 72.23% (+/- 14.82%)
Fold: 25 of 50 Acc: 58.82% Mean: 71.70% (+/- 14.76%)
Fold: 26 of 50 Acc: 64.71% Mean: 71.43% (+/- 14.53%)
Fold: 27 of 50 Acc: 58.82% Mean: 70.96% (+/- 14.46%)
Fold: 28 of 50 Acc: 88.24% Mean: 71.58% (+/- 14.56%)
Fold: 29 of 50 Acc: 41.18% Mean: 70.53% (+/- 15.34%)
Fold: 30 of 50 Acc: 88.24% Mean: 71.12% (+/- 15.41%)
Fold: 31 of 50 Acc: 62.86% Mean: 70.85% (+/- 15.23%)
Fold: 32 of 50 Acc: 85.71% Mean: 71.32% (+/- 15.21%)
Fold: 33 of 50 Acc: 58.82% Mean: 70.94% (+/- 15.13%)
Fold: 34 of 50 Acc: 70.59% Mean: 70.93% (+/- 14.91%)
Fold: 35 of 50 Acc: 70.59% Mean: 70.92% (+/- 14.70%)
Fold: 36 of 50 Acc: 88.24% Mean: 71.40% (+/- 14.77%)
Fold: 37 of 50 Acc: 61.76% Mean: 71.14% (+/- 14.65%)
Fold: 38 of 50 Acc: 58.82% Mean: 70.82% (+/- 14.59%)
Fold: 39 of 50 Acc: 73.53% Mean: 70.89% (+/- 14.41%)
Fold: 40 of 50 Acc: 55.88% Mean: 70.51% (+/- 14.42%)
Fold: 41 of 50 Acc: 88.57% Mean: 70.95% (+/- 14.51%)
Fold: 42 of 50 Acc: 62.86% Mean: 70.76% (+/- 14.39%)
Fold: 43 of 50 Acc: 47.06% Mean: 70.21% (+/- 14.66%)
Fold: 44 of 50 Acc: 76.47% Mean: 70.35% (+/- 14.53%)
Fold: 45 of 50 Acc: 94.12% Mean: 70.88% (+/- 14.78%)
Fold: 46 of 50 Acc: 52.94% Mean: 70.49% (+/- 14.86%)
Fold: 47 of 50 Acc: 85.29% Mean: 70.80% (+/- 14.85%)
Fold: 48 of 50 Acc: 44.12% Mean: 70.25% (+/- 15.18%)
Fold: 49 of 50 Acc: 41.18% Mean: 69.65% (+/- 15.58%)
Fold: 50 of 50 Acc: 85.29% Mean: 69.97% (+/- 15.58%)
Model Type: MobileNetV2
Fold: 1 of 50 Acc: 80.00% Mean: 80.00% (+/- 0.00%)
Fold: 2 of 50 Acc: 91.43% Mean: 85.71% (+/- 5.71%)
Fold: 3 of 50 Acc: 88.24% Mean: 86.55% (+/- 4.81%)
Fold: 4 of 50 Acc: 91.18% Mean: 87.71% (+/- 4.63%)
Fold: 5 of 50 Acc: 88.24% Mean: 87.82% (+/- 4.14%)
Fold: 6 of 50 Acc: 82.35% Mean: 86.90% (+/- 4.29%)
Fold: 7 of 50 Acc: 82.35% Mean: 86.25% (+/- 4.28%)
Fold: 8 of 50 Acc: 91.18% Mean: 86.87% (+/- 4.32%)
Fold: 9 of 50 Acc: 82.35% Mean: 86.37% (+/- 4.32%)
Fold: 10 of 50 Acc: 82.35% Mean: 85.97% (+/- 4.27%)
Fold: 11 of 50 Acc: 60.00% Mean: 83.61% (+/- 8.50%)
Fold: 12 of 50 Acc: 82.86% Mean: 83.54% (+/- 8.14%)
Fold: 13 of 50 Acc: 88.24% Mean: 83.90% (+/- 7.92%)
Fold: 14 of 50 Acc: 85.29% Mean: 84.00% (+/- 7.64%)
Fold: 15 of 50 Acc: 85.29% Mean: 84.09% (+/- 7.39%)
Fold: 16 of 50 Acc: 91.18% Mean: 84.53% (+/- 7.36%)
Fold: 17 of 50 Acc: 67.65% Mean: 83.54% (+/- 8.17%)
Fold: 18 of 50 Acc: 91.18% Mean: 83.96% (+/- 8.13%)
Fold: 19 of 50 Acc: 85.29% Mean: 84.03% (+/- 7.92%)
Fold: 20 of 50 Acc: 91.18% Mean: 84.39% (+/- 7.87%)
Fold: 21 of 50 Acc: 71.43% Mean: 83.77% (+/- 8.17%)
Fold: 22 of 50 Acc: 77.14% Mean: 83.47% (+/- 8.10%)
Fold: 23 of 50 Acc: 58.82% Mean: 82.40% (+/- 9.38%)
Fold: 24 of 50 Acc: 82.35% Mean: 82.40% (+/- 9.18%)
Fold: 25 of 50 Acc: 67.65% Mean: 81.81% (+/- 9.45%)
Fold: 26 of 50 Acc: 91.18% Mean: 82.17% (+/- 9.44%)
Fold: 27 of 50 Acc: 50.00% Mean: 80.98% (+/- 11.08%)
Fold: 28 of 50 Acc: 61.76% Mean: 80.29% (+/- 11.45%)
Fold: 29 of 50 Acc: 76.47% Mean: 80.16% (+/- 11.27%)
Fold: 30 of 50 Acc: 76.47% Mean: 80.04% (+/- 11.10%)
Fold: 31 of 50 Acc: 60.00% Mean: 79.39% (+/- 11.48%)
Fold: 32 of 50 Acc: 94.29% Mean: 79.86% (+/- 11.59%)
Fold: 33 of 50 Acc: 82.35% Mean: 79.93% (+/- 11.42%)
Fold: 34 of 50 Acc: 76.47% Mean: 79.83% (+/- 11.27%)
Fold: 35 of 50 Acc: 85.29% Mean: 79.99% (+/- 11.14%)
Fold: 36 of 50 Acc: 85.29% Mean: 80.13% (+/- 11.02%)
Fold: 37 of 50 Acc: 55.88% Mean: 79.48% (+/- 11.56%)
Fold: 38 of 50 Acc: 67.65% Mean: 79.17% (+/- 11.56%)
Fold: 39 of 50 Acc: 32.35% Mean: 77.97% (+/- 13.60%)
Fold: 40 of 50 Acc: 97.06% Mean: 78.44% (+/- 13.76%)
Fold: 41 of 50 Acc: 82.86% Mean: 78.55% (+/- 13.61%)
Fold: 42 of 50 Acc: 88.57% Mean: 78.79% (+/- 13.53%)
Fold: 43 of 50 Acc: 82.35% Mean: 78.87% (+/- 13.38%)
Fold: 44 of 50 Acc: 70.59% Mean: 78.68% (+/- 13.29%)
Fold: 45 of 50 Acc: 97.06% Mean: 79.09% (+/- 13.42%)
Fold: 46 of 50 Acc: 82.35% Mean: 79.16% (+/- 13.28%)
Fold: 47 of 50 Acc: 91.18% Mean: 79.42% (+/- 13.25%)
Fold: 48 of 50 Acc: 73.53% Mean: 79.30% (+/- 13.14%)
Fold: 49 of 50 Acc: 88.24% Mean: 79.48% (+/- 13.06%)
Fold: 50 of 50 Acc: 82.35% Mean: 79.54% (+/- 12.94%)
Model Type: EfficientNetB0
Fold: 1 of 50 Acc: 94.29% Mean: 94.29% (+/- 0.00%)
Fold: 2 of 50 Acc: 100.00% Mean: 97.14% (+/- 2.86%)
Fold: 3 of 50 Acc: 88.24% Mean: 94.17% (+/- 4.80%)
Fold: 4 of 50 Acc: 88.24% Mean: 92.69% (+/- 4.89%)
Fold: 5 of 50 Acc: 100.00% Mean: 94.15% (+/- 5.26%)
Fold: 6 of 50 Acc: 91.18% Mean: 93.66% (+/- 4.93%)
Fold: 7 of 50 Acc: 91.18% Mean: 93.30% (+/- 4.65%)
Fold: 8 of 50 Acc: 85.29% Mean: 92.30% (+/- 5.09%)
Fold: 9 of 50 Acc: 94.12% Mean: 92.50% (+/- 4.83%)
Fold: 10 of 50 Acc: 85.29% Mean: 91.78% (+/- 5.07%)
Fold: 11 of 50 Acc: 94.29% Mean: 92.01% (+/- 4.89%)
Fold: 12 of 50 Acc: 91.43% Mean: 91.96% (+/- 4.68%)
Fold: 13 of 50 Acc: 97.06% Mean: 92.35% (+/- 4.70%)
Fold: 14 of 50 Acc: 100.00% Mean: 92.90% (+/- 4.94%)
Fold: 15 of 50 Acc: 97.06% Mean: 93.18% (+/- 4.88%)
Fold: 16 of 50 Acc: 97.06% Mean: 93.42% (+/- 4.82%)
Fold: 17 of 50 Acc: 97.06% Mean: 93.63% (+/- 4.75%)
Fold: 18 of 50 Acc: 97.06% Mean: 93.82% (+/- 4.68%)
Fold: 19 of 50 Acc: 91.18% Mean: 93.68% (+/- 4.60%)
Fold: 20 of 50 Acc: 88.24% Mean: 93.41% (+/- 4.64%)
Fold: 21 of 50 Acc: 88.57% Mean: 93.18% (+/- 4.64%)
Fold: 22 of 50 Acc: 91.43% Mean: 93.10% (+/- 4.55%)
Fold: 23 of 50 Acc: 94.12% Mean: 93.15% (+/- 4.45%)
Fold: 24 of 50 Acc: 97.06% Mean: 93.31% (+/- 4.43%)
Fold: 25 of 50 Acc: 94.12% Mean: 93.34% (+/- 4.34%)
Fold: 26 of 50 Acc: 97.06% Mean: 93.48% (+/- 4.32%)
Fold: 27 of 50 Acc: 79.41% Mean: 92.96% (+/- 5.00%)
Fold: 28 of 50 Acc: 97.06% Mean: 93.11% (+/- 4.97%)
Fold: 29 of 50 Acc: 94.12% Mean: 93.14% (+/- 4.89%)
Fold: 30 of 50 Acc: 82.35% Mean: 92.78% (+/- 5.18%)
Fold: 31 of 50 Acc: 91.43% Mean: 92.74% (+/- 5.10%)
Fold: 32 of 50 Acc: 94.29% Mean: 92.79% (+/- 5.03%)
Fold: 33 of 50 Acc: 91.18% Mean: 92.74% (+/- 4.96%)
Fold: 34 of 50 Acc: 94.12% Mean: 92.78% (+/- 4.89%)
Fold: 35 of 50 Acc: 94.12% Mean: 92.82% (+/- 4.83%)
Fold: 36 of 50 Acc: 88.24% Mean: 92.69% (+/- 4.82%)
Fold: 37 of 50 Acc: 94.12% Mean: 92.73% (+/- 4.76%)
Fold: 38 of 50 Acc: 97.06% Mean: 92.84% (+/- 4.75%)
Fold: 39 of 50 Acc: 97.06% Mean: 92.95% (+/- 4.73%)
Fold: 40 of 50 Acc: 94.12% Mean: 92.98% (+/- 4.68%)
Fold: 41 of 50 Acc: 94.29% Mean: 93.01% (+/- 4.62%)
Fold: 42 of 50 Acc: 100.00% Mean: 93.18% (+/- 4.69%)
Fold: 43 of 50 Acc: 91.18% Mean: 93.13% (+/- 4.65%)
Fold: 44 of 50 Acc: 91.18% Mean: 93.09% (+/- 4.60%)
Fold: 45 of 50 Acc: 91.18% Mean: 93.05% (+/- 4.56%)
Fold: 46 of 50 Acc: 91.18% Mean: 93.01% (+/- 4.52%)
Fold: 47 of 50 Acc: 94.12% Mean: 93.03% (+/- 4.47%)
Fold: 48 of 50 Acc: 88.24% Mean: 92.93% (+/- 4.48%)
Fold: 49 of 50 Acc: 88.24% Mean: 92.83% (+/- 4.48%)
Fold: 50 of 50 Acc: 88.24% Mean: 92.74% (+/- 4.48%)
Model Type: EfficientNetB1
Fold: 1 of 50 Acc: 88.57% Mean: 88.57% (+/- 0.00%)
Fold: 2 of 50 Acc: 94.29% Mean: 91.43% (+/- 2.86%)
Fold: 3 of 50 Acc: 97.06% Mean: 93.31% (+/- 3.53%)
Fold: 4 of 50 Acc: 97.06% Mean: 94.24% (+/- 3.47%)
Fold: 5 of 50 Acc: 97.06% Mean: 94.81% (+/- 3.30%)
Fold: 6 of 50 Acc: 91.18% Mean: 94.20% (+/- 3.30%)
Fold: 7 of 50 Acc: 94.12% Mean: 94.19% (+/- 3.06%)
Fold: 8 of 50 Acc: 88.24% Mean: 93.45% (+/- 3.47%)
Fold: 9 of 50 Acc: 94.12% Mean: 93.52% (+/- 3.28%)
Fold: 10 of 50 Acc: 94.12% Mean: 93.58% (+/- 3.12%)
Fold: 11 of 50 Acc: 88.57% Mean: 93.12% (+/- 3.30%)
Fold: 12 of 50 Acc: 88.57% Mean: 92.75% (+/- 3.40%)
Fold: 13 of 50 Acc: 97.06% Mean: 93.08% (+/- 3.47%)
Fold: 14 of 50 Acc: 97.06% Mean: 93.36% (+/- 3.49%)
Fold: 15 of 50 Acc: 100.00% Mean: 93.80% (+/- 3.76%)
Fold: 16 of 50 Acc: 94.12% Mean: 93.82% (+/- 3.64%)
Fold: 17 of 50 Acc: 91.18% Mean: 93.67% (+/- 3.59%)
Fold: 18 of 50 Acc: 97.06% Mean: 93.86% (+/- 3.57%)
Fold: 19 of 50 Acc: 94.12% Mean: 93.87% (+/- 3.48%)
Fold: 20 of 50 Acc: 97.06% Mean: 94.03% (+/- 3.46%)
Fold: 21 of 50 Acc: 85.71% Mean: 93.63% (+/- 3.81%)
Fold: 22 of 50 Acc: 91.43% Mean: 93.53% (+/- 3.75%)
Fold: 23 of 50 Acc: 91.18% Mean: 93.43% (+/- 3.70%)
Fold: 24 of 50 Acc: 97.06% Mean: 93.58% (+/- 3.69%)
Fold: 25 of 50 Acc: 97.06% Mean: 93.72% (+/- 3.68%)
Fold: 26 of 50 Acc: 97.06% Mean: 93.85% (+/- 3.67%)
Fold: 27 of 50 Acc: 94.12% Mean: 93.86% (+/- 3.60%)
Fold: 28 of 50 Acc: 97.06% Mean: 93.97% (+/- 3.59%)
Fold: 29 of 50 Acc: 94.12% Mean: 93.98% (+/- 3.52%)
Fold: 30 of 50 Acc: 82.35% Mean: 93.59% (+/- 4.04%)
Fold: 31 of 50 Acc: 85.71% Mean: 93.34% (+/- 4.21%)
Fold: 32 of 50 Acc: 94.29% Mean: 93.37% (+/- 4.15%)
Fold: 33 of 50 Acc: 94.12% Mean: 93.39% (+/- 4.09%)
Fold: 34 of 50 Acc: 94.12% Mean: 93.41% (+/- 4.03%)
Fold: 35 of 50 Acc: 97.06% Mean: 93.52% (+/- 4.02%)
Fold: 36 of 50 Acc: 91.18% Mean: 93.45% (+/- 3.98%)
Fold: 37 of 50 Acc: 91.18% Mean: 93.39% (+/- 3.94%)
Fold: 38 of 50 Acc: 97.06% Mean: 93.49% (+/- 3.94%)
Fold: 39 of 50 Acc: 91.18% Mean: 93.43% (+/- 3.90%)
Fold: 40 of 50 Acc: 100.00% Mean: 93.59% (+/- 3.99%)
Fold: 41 of 50 Acc: 94.29% Mean: 93.61% (+/- 3.94%)
Fold: 42 of 50 Acc: 94.29% Mean: 93.62% (+/- 3.89%)
Fold: 43 of 50 Acc: 100.00% Mean: 93.77% (+/- 3.97%)
Fold: 44 of 50 Acc: 91.18% Mean: 93.71% (+/- 3.94%)
Fold: 45 of 50 Acc: 91.18% Mean: 93.66% (+/- 3.92%)
Fold: 46 of 50 Acc: 94.12% Mean: 93.67% (+/- 3.87%)
Fold: 47 of 50 Acc: 97.06% Mean: 93.74% (+/- 3.86%)
Fold: 48 of 50 Acc: 85.29% Mean: 93.56% (+/- 4.01%)
Fold: 49 of 50 Acc: 88.24% Mean: 93.45% (+/- 4.04%)
Fold: 50 of 50 Acc: 91.18% Mean: 93.41% (+/- 4.01%)
Model Type: EfficientNetB2
Fold: 1 of 50 Acc: 91.43% Mean: 91.43% (+/- 0.00%)
Fold: 2 of 50 Acc: 100.00% Mean: 95.71% (+/- 4.29%)
Fold: 3 of 50 Acc: 94.12% Mean: 95.18% (+/- 3.58%)
Fold: 4 of 50 Acc: 94.12% Mean: 94.92% (+/- 3.13%)
Fold: 5 of 50 Acc: 94.12% Mean: 94.76% (+/- 2.82%)
Fold: 6 of 50 Acc: 85.29% Mean: 93.18% (+/- 4.37%)
Fold: 7 of 50 Acc: 91.18% Mean: 92.89% (+/- 4.10%)
Fold: 8 of 50 Acc: 100.00% Mean: 93.78% (+/- 4.50%)
Fold: 9 of 50 Acc: 91.18% Mean: 93.49% (+/- 4.32%)
Fold: 10 of 50 Acc: 94.12% Mean: 93.55% (+/- 4.10%)
Fold: 11 of 50 Acc: 91.43% Mean: 93.36% (+/- 3.96%)
Fold: 12 of 50 Acc: 91.43% Mean: 93.20% (+/- 3.83%)
Fold: 13 of 50 Acc: 97.06% Mean: 93.50% (+/- 3.82%)
Fold: 14 of 50 Acc: 97.06% Mean: 93.75% (+/- 3.79%)
Fold: 15 of 50 Acc: 94.12% Mean: 93.78% (+/- 3.67%)
Fold: 16 of 50 Acc: 94.12% Mean: 93.80% (+/- 3.55%)
Fold: 17 of 50 Acc: 100.00% Mean: 94.16% (+/- 3.74%)
Fold: 18 of 50 Acc: 97.06% Mean: 94.32% (+/- 3.70%)
Fold: 19 of 50 Acc: 97.06% Mean: 94.47% (+/- 3.65%)
Fold: 20 of 50 Acc: 91.18% Mean: 94.30% (+/- 3.63%)
Fold: 21 of 50 Acc: 97.14% Mean: 94.44% (+/- 3.59%)
Fold: 22 of 50 Acc: 97.14% Mean: 94.56% (+/- 3.55%)
Fold: 23 of 50 Acc: 91.18% Mean: 94.41% (+/- 3.54%)
Fold: 24 of 50 Acc: 91.18% Mean: 94.28% (+/- 3.53%)
Fold: 25 of 50 Acc: 94.12% Mean: 94.27% (+/- 3.46%)
Fold: 26 of 50 Acc: 100.00% Mean: 94.49% (+/- 3.57%)
Fold: 27 of 50 Acc: 82.35% Mean: 94.04% (+/- 4.18%)
Fold: 28 of 50 Acc: 97.06% Mean: 94.15% (+/- 4.15%)
Fold: 29 of 50 Acc: 91.18% Mean: 94.05% (+/- 4.11%)
Fold: 30 of 50 Acc: 85.29% Mean: 93.76% (+/- 4.33%)
Fold: 31 of 50 Acc: 88.57% Mean: 93.59% (+/- 4.36%)
Fold: 32 of 50 Acc: 100.00% Mean: 93.79% (+/- 4.44%)
Fold: 33 of 50 Acc: 88.24% Mean: 93.62% (+/- 4.47%)
Fold: 34 of 50 Acc: 91.18% Mean: 93.55% (+/- 4.42%)
Fold: 35 of 50 Acc: 100.00% Mean: 93.73% (+/- 4.49%)
Fold: 36 of 50 Acc: 94.12% Mean: 93.74% (+/- 4.43%)
Fold: 37 of 50 Acc: 94.12% Mean: 93.75% (+/- 4.37%)
Fold: 38 of 50 Acc: 100.00% Mean: 93.92% (+/- 4.42%)
Fold: 39 of 50 Acc: 97.06% Mean: 94.00% (+/- 4.40%)
Fold: 40 of 50 Acc: 100.00% Mean: 94.15% (+/- 4.44%)
Fold: 41 of 50 Acc: 100.00% Mean: 94.29% (+/- 4.48%)
Fold: 42 of 50 Acc: 97.14% Mean: 94.36% (+/- 4.45%)
Fold: 43 of 50 Acc: 91.18% Mean: 94.29% (+/- 4.42%)
Fold: 44 of 50 Acc: 94.12% Mean: 94.28% (+/- 4.37%)
Fold: 45 of 50 Acc: 97.06% Mean: 94.34% (+/- 4.34%)
Fold: 46 of 50 Acc: 97.06% Mean: 94.40% (+/- 4.31%)
Fold: 47 of 50 Acc: 100.00% Mean: 94.52% (+/- 4.34%)
Fold: 48 of 50 Acc: 88.24% Mean: 94.39% (+/- 4.39%)
Fold: 49 of 50 Acc: 91.18% Mean: 94.33% (+/- 4.37%)
Fold: 50 of 50 Acc: 91.18% Mean: 94.26% (+/- 4.34%)
Model Type: EfficientNetB3
Fold: 1 of 50 Acc: 94.29% Mean: 94.29% (+/- 0.00%)
Fold: 2 of 50 Acc: 97.14% Mean: 95.71% (+/- 1.43%)
Fold: 3 of 50 Acc: 94.12% Mean: 95.18% (+/- 1.39%)
Fold: 4 of 50 Acc: 88.24% Mean: 93.45% (+/- 3.24%)
Fold: 5 of 50 Acc: 100.00% Mean: 94.76% (+/- 3.91%)
Fold: 6 of 50 Acc: 88.24% Mean: 93.67% (+/- 4.32%)
Fold: 7 of 50 Acc: 94.12% Mean: 93.73% (+/- 4.00%)
Fold: 8 of 50 Acc: 97.06% Mean: 94.15% (+/- 3.90%)
Fold: 9 of 50 Acc: 94.12% Mean: 94.15% (+/- 3.68%)
Fold: 10 of 50 Acc: 94.12% Mean: 94.14% (+/- 3.49%)
Fold: 11 of 50 Acc: 94.29% Mean: 94.16% (+/- 3.33%)
Fold: 12 of 50 Acc: 94.29% Mean: 94.17% (+/- 3.18%)
Fold: 13 of 50 Acc: 94.12% Mean: 94.16% (+/- 3.06%)
Fold: 14 of 50 Acc: 100.00% Mean: 94.58% (+/- 3.31%)
Fold: 15 of 50 Acc: 97.06% Mean: 94.75% (+/- 3.26%)
Fold: 16 of 50 Acc: 91.18% Mean: 94.52% (+/- 3.27%)
Fold: 17 of 50 Acc: 91.18% Mean: 94.33% (+/- 3.27%)
Fold: 18 of 50 Acc: 100.00% Mean: 94.64% (+/- 3.43%)
Fold: 19 of 50 Acc: 97.06% Mean: 94.77% (+/- 3.38%)
Fold: 20 of 50 Acc: 94.12% Mean: 94.74% (+/- 3.30%)
Fold: 21 of 50 Acc: 91.43% Mean: 94.58% (+/- 3.30%)
Fold: 22 of 50 Acc: 91.43% Mean: 94.43% (+/- 3.29%)
Fold: 23 of 50 Acc: 91.18% Mean: 94.29% (+/- 3.28%)
Fold: 24 of 50 Acc: 94.12% Mean: 94.29% (+/- 3.21%)
Fold: 25 of 50 Acc: 88.24% Mean: 94.04% (+/- 3.36%)
Fold: 26 of 50 Acc: 91.18% Mean: 93.93% (+/- 3.35%)
Fold: 27 of 50 Acc: 76.47% Mean: 93.29% (+/- 4.65%)
Fold: 28 of 50 Acc: 94.12% Mean: 93.32% (+/- 4.57%)
Fold: 29 of 50 Acc: 91.18% Mean: 93.24% (+/- 4.51%)
Fold: 30 of 50 Acc: 85.29% Mean: 92.98% (+/- 4.66%)
Fold: 31 of 50 Acc: 97.14% Mean: 93.11% (+/- 4.64%)
Fold: 32 of 50 Acc: 97.14% Mean: 93.24% (+/- 4.62%)
Fold: 33 of 50 Acc: 85.29% Mean: 93.00% (+/- 4.75%)
Fold: 34 of 50 Acc: 91.18% Mean: 92.94% (+/- 4.69%)
Fold: 35 of 50 Acc: 91.18% Mean: 92.89% (+/- 4.63%)
Fold: 36 of 50 Acc: 100.00% Mean: 93.09% (+/- 4.71%)
Fold: 37 of 50 Acc: 88.24% Mean: 92.96% (+/- 4.72%)
Fold: 38 of 50 Acc: 94.12% Mean: 92.99% (+/- 4.66%)
Fold: 39 of 50 Acc: 91.18% Mean: 92.94% (+/- 4.61%)
Fold: 40 of 50 Acc: 97.06% Mean: 93.05% (+/- 4.59%)
Fold: 41 of 50 Acc: 97.14% Mean: 93.15% (+/- 4.58%)
Fold: 42 of 50 Acc: 94.29% Mean: 93.17% (+/- 4.53%)
Fold: 43 of 50 Acc: 94.12% Mean: 93.20% (+/- 4.48%)
Fold: 44 of 50 Acc: 85.29% Mean: 93.02% (+/- 4.58%)
Fold: 45 of 50 Acc: 94.12% Mean: 93.04% (+/- 4.53%)
Fold: 46 of 50 Acc: 97.06% Mean: 93.13% (+/- 4.52%)
Fold: 47 of 50 Acc: 94.12% Mean: 93.15% (+/- 4.48%)
Fold: 48 of 50 Acc: 88.24% Mean: 93.05% (+/- 4.48%)
Fold: 49 of 50 Acc: 94.12% Mean: 93.07% (+/- 4.44%)
Fold: 50 of 50 Acc: 85.29% Mean: 92.91% (+/- 4.53%)
Model Type: EfficientNetB4
Machine: PRECISION
Date: 20/01/2023 Time: 08:48:47
Config. Number: 10
Alternative Dense Layer: False
Pooling Application Layer: avg
Data Augmentation: False
Data Augmentation Multiplier: 1
Fine Tuning: True
Multi Optimizer: False
Optimizer: Adam
Batch Size: 16
Restore Best Weights: False

Model Type: EfficientNetB4
TensorFlow crashed. Retrying...
TensorFlow crashed. Retrying...
TensorFlow crashed. Retrying with batch_size=8
Fold: 1 of 50 Acc: 91.43% Mean: 91.43% (+/- 0.00%)
Fold: 2 of 50 Acc: 97.14% Mean: 94.29% (+/- 2.86%)
Fold: 3 of 50 Acc: 91.18% Mean: 93.25% (+/- 2.76%)
Fold: 4 of 50 Acc: 94.12% Mean: 93.47% (+/- 2.42%)
Fold: 5 of 50 Acc: 94.12% Mean: 93.60% (+/- 2.18%)
Fold: 6 of 50 Acc: 94.12% Mean: 93.68% (+/- 2.00%)
Fold: 7 of 50 Acc: 91.18% Mean: 93.33% (+/- 2.05%)
Fold: 8 of 50 Acc: 88.24% Mean: 92.69% (+/- 2.55%)
Fold: 9 of 50 Acc: 94.12% Mean: 92.85% (+/- 2.44%)
Fold: 10 of 50 Acc: 91.18% Mean: 92.68% (+/- 2.37%)
Fold: 11 of 50 Acc: 97.14% Mean: 93.09% (+/- 2.60%)
Fold: 12 of 50 Acc: 88.57% Mean: 92.71% (+/- 2.78%)
Fold: 13 of 50 Acc: 100.00% Mean: 93.27% (+/- 3.31%)
Fold: 14 of 50 Acc: 100.00% Mean: 93.75% (+/- 3.63%)
Fold: 15 of 50 Acc: 94.12% Mean: 93.78% (+/- 3.51%)
Fold: 16 of 50 Acc: 88.24% Mean: 93.43% (+/- 3.65%)
Fold: 17 of 50 Acc: 100.00% Mean: 93.82% (+/- 3.86%)
Fold: 18 of 50 Acc: 100.00% Mean: 94.16% (+/- 4.01%)
Fold: 19 of 50 Acc: 97.06% Mean: 94.31% (+/- 3.96%)
Fold: 20 of 50 Acc: 100.00% Mean: 94.60% (+/- 4.05%)
Fold: 21 of 50 Acc: 94.29% Mean: 94.58% (+/- 3.96%)
Fold: 22 of 50 Acc: 91.43% Mean: 94.44% (+/- 3.92%)
Fold: 23 of 50 Acc: 94.12% Mean: 94.42% (+/- 3.83%)
Fold: 24 of 50 Acc: 100.00% Mean: 94.66% (+/- 3.92%)
Fold: 25 of 50 Acc: 100.00% Mean: 94.87% (+/- 3.98%)
Fold: 26 of 50 Acc: 94.12% Mean: 94.84% (+/- 3.90%)
Fold: 27 of 50 Acc: 91.18% Mean: 94.71% (+/- 3.89%)
Fold: 28 of 50 Acc: 97.06% Mean: 94.79% (+/- 3.85%)
Fold: 29 of 50 Acc: 94.12% Mean: 94.77% (+/- 3.78%)
Fold: 30 of 50 Acc: 91.18% Mean: 94.65% (+/- 3.77%)
Fold: 31 of 50 Acc: 94.29% Mean: 94.64% (+/- 3.71%)
Fold: 32 of 50 Acc: 97.14% Mean: 94.71% (+/- 3.68%)
Fold: 33 of 50 Acc: 94.12% Mean: 94.70% (+/- 3.63%)
Fold: 34 of 50 Acc: 88.24% Mean: 94.51% (+/- 3.73%)
Fold: 35 of 50 Acc: 97.06% Mean: 94.58% (+/- 3.71%)
Fold: 36 of 50 Acc: 91.18% Mean: 94.48% (+/- 3.70%)
Fold: 37 of 50 Acc: 94.12% Mean: 94.47% (+/- 3.65%)
Fold: 38 of 50 Acc: 100.00% Mean: 94.62% (+/- 3.71%)
Fold: 39 of 50 Acc: 91.18% Mean: 94.53% (+/- 3.70%)
Fold: 40 of 50 Acc: 100.00% Mean: 94.67% (+/- 3.75%)
Fold: 41 of 50 Acc: 91.43% Mean: 94.59% (+/- 3.74%)
Fold: 42 of 50 Acc: 100.00% Mean: 94.72% (+/- 3.78%)
Fold: 43 of 50 Acc: 91.18% Mean: 94.64% (+/- 3.78%)
Fold: 44 of 50 Acc: 91.18% Mean: 94.56% (+/- 3.77%)
Fold: 45 of 50 Acc: 97.06% Mean: 94.61% (+/- 3.75%)
Fold: 46 of 50 Acc: 100.00% Mean: 94.73% (+/- 3.79%)
Fold: 47 of 50 Acc: 94.12% Mean: 94.72% (+/- 3.75%)
Fold: 48 of 50 Acc: 94.12% Mean: 94.70% (+/- 3.71%)
Fold: 49 of 50 Acc: 94.12% Mean: 94.69% (+/- 3.67%)
Fold: 50 of 50 Acc: 88.24% Mean: 94.56% (+/- 3.75%)
Model Type: EfficientNetB5
TensorFlow crashed. Retrying...
TensorFlow crashed. Retrying...
TensorFlow crashed. Retrying with batch_size=8
TensorFlow crashed. Retrying...
TensorFlow crashed. Retrying...
TensorFlow crashed. Retrying with batch_size=4
Fold: 1 of 50 Acc: 94.29% Mean: 94.29% (+/- 0.00%)
Fold: 2 of 50 Acc: 97.14% Mean: 95.71% (+/- 1.43%)
Fold: 3 of 50 Acc: 94.12% Mean: 95.18% (+/- 1.39%)
Fold: 4 of 50 Acc: 97.06% Mean: 95.65% (+/- 1.45%)
Fold: 5 of 50 Acc: 97.06% Mean: 95.93% (+/- 1.41%)
Fold: 6 of 50 Acc: 82.35% Mean: 93.67% (+/- 5.22%)
Fold: 7 of 50 Acc: 91.18% Mean: 93.31% (+/- 4.91%)
Fold: 8 of 50 Acc: 91.18% Mean: 93.05% (+/- 4.65%)
Fold: 9 of 50 Acc: 97.06% Mean: 93.49% (+/- 4.56%)
Fold: 10 of 50 Acc: 79.41% Mean: 92.08% (+/- 6.05%)
Fold: 11 of 50 Acc: 91.43% Mean: 92.02% (+/- 5.77%)
Fold: 12 of 50 Acc: 94.29% Mean: 92.21% (+/- 5.56%)
Fold: 13 of 50 Acc: 94.12% Mean: 92.36% (+/- 5.36%)
Fold: 14 of 50 Acc: 97.06% Mean: 92.70% (+/- 5.31%)
Fold: 15 of 50 Acc: 94.12% Mean: 92.79% (+/- 5.14%)
Fold: 16 of 50 Acc: 91.18% Mean: 92.69% (+/- 4.99%)
Fold: 17 of 50 Acc: 97.06% Mean: 92.95% (+/- 4.95%)
Fold: 18 of 50 Acc: 94.12% Mean: 93.01% (+/- 4.82%)
Fold: 19 of 50 Acc: 91.18% Mean: 92.91% (+/- 4.71%)
Fold: 20 of 50 Acc: 91.18% Mean: 92.83% (+/- 4.61%)
Fold: 21 of 50 Acc: 91.43% Mean: 92.76% (+/- 4.51%)
Fold: 22 of 50 Acc: 91.43% Mean: 92.70% (+/- 4.41%)
Fold: 23 of 50 Acc: 88.24% Mean: 92.51% (+/- 4.41%)
Fold: 24 of 50 Acc: 97.06% Mean: 92.70% (+/- 4.41%)
Fold: 25 of 50 Acc: 88.24% Mean: 92.52% (+/- 4.41%)
Fold: 26 of 50 Acc: 91.18% Mean: 92.47% (+/- 4.33%)
Fold: 27 of 50 Acc: 82.35% Mean: 92.09% (+/- 4.66%)
Fold: 28 of 50 Acc: 91.18% Mean: 92.06% (+/- 4.58%)
Fold: 29 of 50 Acc: 97.06% Mean: 92.23% (+/- 4.59%)
Fold: 30 of 50 Acc: 82.35% Mean: 91.90% (+/- 4.85%)
Fold: 31 of 50 Acc: 91.43% Mean: 91.89% (+/- 4.77%)
Fold: 32 of 50 Acc: 97.14% Mean: 92.05% (+/- 4.78%)
Fold: 33 of 50 Acc: 88.24% Mean: 91.94% (+/- 4.76%)
Fold: 34 of 50 Acc: 97.06% Mean: 92.09% (+/- 4.77%)
Fold: 35 of 50 Acc: 91.18% Mean: 92.06% (+/- 4.70%)
Fold: 36 of 50 Acc: 79.41% Mean: 91.71% (+/- 5.08%)
Fold: 37 of 50 Acc: 94.12% Mean: 91.77% (+/- 5.02%)
Fold: 38 of 50 Acc: 94.12% Mean: 91.84% (+/- 4.97%)
Fold: 39 of 50 Acc: 94.12% Mean: 91.89% (+/- 4.92%)
Fold: 40 of 50 Acc: 100.00% Mean: 92.10% (+/- 5.02%)
Fold: 41 of 50 Acc: 97.14% Mean: 92.22% (+/- 5.02%)
Fold: 42 of 50 Acc: 94.29% Mean: 92.27% (+/- 4.97%)
Fold: 43 of 50 Acc: 88.24% Mean: 92.18% (+/- 4.95%)
Fold: 44 of 50 Acc: 85.29% Mean: 92.02% (+/- 5.00%)
Fold: 45 of 50 Acc: 100.00% Mean: 92.20% (+/- 5.08%)
Fold: 46 of 50 Acc: 100.00% Mean: 92.37% (+/- 5.15%)
Fold: 47 of 50 Acc: 94.12% Mean: 92.40% (+/- 5.10%)
Fold: 48 of 50 Acc: 88.24% Mean: 92.32% (+/- 5.09%)
Fold: 49 of 50 Acc: 91.18% Mean: 92.29% (+/- 5.04%)
Fold: 50 of 50 Acc: 94.12% Mean: 92.33% (+/- 4.99%)
Model Type: EfficientNetB6
TensorFlow crashed. Retrying...
TensorFlow crashed. Retrying...
TensorFlow crashed. Retrying with batch_size=8
TensorFlow crashed. Retrying...
TensorFlow crashed. Retrying...
TensorFlow crashed. Retrying with batch_size=4
TensorFlow crashed. Retrying...
TensorFlow crashed. Retrying...
TensorFlow crashed. Retrying with batch_size=2
Fold: 1 of 50 Acc: 45.71% Mean: 45.71% (+/- 0.00%)
Fold: 2 of 50 Acc: 97.14% Mean: 71.43% (+/- 25.71%)
Fold: 3 of 50 Acc: 88.24% Mean: 77.03% (+/- 22.44%)
Fold: 4 of 50 Acc: 88.24% Mean: 79.83% (+/- 20.03%)
Fold: 5 of 50 Acc: 91.18% Mean: 82.10% (+/- 18.48%)
Fold: 6 of 50 Acc: 82.35% Mean: 82.14% (+/- 16.87%)
Fold: 7 of 50 Acc: 91.18% Mean: 83.43% (+/- 15.94%)
Fold: 8 of 50 Acc: 85.29% Mean: 83.67% (+/- 14.92%)
Fold: 9 of 50 Acc: 94.12% Mean: 84.83% (+/- 14.45%)
Fold: 10 of 50 Acc: 85.29% Mean: 84.87% (+/- 13.70%)
Fold: 11 of 50 Acc: 94.29% Mean: 85.73% (+/- 13.34%)
Fold: 12 of 50 Acc: 88.57% Mean: 85.97% (+/- 12.80%)
Fold: 13 of 50 Acc: 88.24% Mean: 86.14% (+/- 12.31%)
Fold: 14 of 50 Acc: 79.41% Mean: 85.66% (+/- 11.99%)
Fold: 15 of 50 Acc: 94.12% Mean: 86.22% (+/- 11.77%)
Fold: 16 of 50 Acc: 88.24% Mean: 86.35% (+/- 11.41%)
Fold: 17 of 50 Acc: 91.18% Mean: 86.63% (+/- 11.13%)
Fold: 18 of 50 Acc: 85.29% Mean: 86.56% (+/- 10.82%)
Fold: 19 of 50 Acc: 94.12% Mean: 86.96% (+/- 10.67%)
Fold: 20 of 50 Acc: 79.41% Mean: 86.58% (+/- 10.52%)
Fold: 21 of 50 Acc: 88.57% Mean: 86.67% (+/- 10.28%)
Fold: 22 of 50 Acc: 82.86% Mean: 86.50% (+/- 10.07%)
Fold: 23 of 50 Acc: 91.18% Mean: 86.70% (+/- 9.90%)
Fold: 24 of 50 Acc: 91.18% Mean: 86.89% (+/- 9.73%)
Fold: 25 of 50 Acc: 88.24% Mean: 86.94% (+/- 9.54%)
Fold: 26 of 50 Acc: 88.24% Mean: 86.99% (+/- 9.36%)
Fold: 27 of 50 Acc: 88.24% Mean: 87.04% (+/- 9.19%)
Fold: 28 of 50 Acc: 94.12% Mean: 87.29% (+/- 9.11%)
Fold: 29 of 50 Acc: 97.06% Mean: 87.63% (+/- 9.13%)
Fold: 30 of 50 Acc: 88.24% Mean: 87.65% (+/- 8.98%)
Fold: 31 of 50 Acc: 88.57% Mean: 87.68% (+/- 8.83%)
Fold: 32 of 50 Acc: 80.00% Mean: 87.44% (+/- 8.80%)
Fold: 33 of 50 Acc: 38.24% Mean: 85.95% (+/- 12.09%)
Fold: 34 of 50 Acc: 76.47% Mean: 85.67% (+/- 12.02%)
Fold: 35 of 50 Acc: 91.18% Mean: 85.83% (+/- 11.88%)
Fold: 36 of 50 Acc: 97.06% Mean: 86.14% (+/- 11.86%)
Fold: 37 of 50 Acc: 76.47% Mean: 85.88% (+/- 11.80%)
Fold: 38 of 50 Acc: 94.12% Mean: 86.09% (+/- 11.72%)
Fold: 39 of 50 Acc: 88.24% Mean: 86.15% (+/- 11.57%)
Fold: 40 of 50 Acc: 100.00% Mean: 86.50% (+/- 11.63%)
Fold: 41 of 50 Acc: 100.00% Mean: 86.83% (+/- 11.68%)
Fold: 42 of 50 Acc: 94.29% Mean: 87.00% (+/- 11.59%)
Fold: 43 of 50 Acc: 88.24% Mean: 87.03% (+/- 11.46%)
Fold: 44 of 50 Acc: 85.29% Mean: 86.99% (+/- 11.33%)
Fold: 45 of 50 Acc: 91.18% Mean: 87.08% (+/- 11.22%)
Fold: 46 of 50 Acc: 88.24% Mean: 87.11% (+/- 11.10%)
Fold: 47 of 50 Acc: 97.06% Mean: 87.32% (+/- 11.07%)
Fold: 48 of 50 Acc: 88.24% Mean: 87.34% (+/- 10.96%)
Fold: 49 of 50 Acc: 88.24% Mean: 87.36% (+/- 10.85%)
Fold: 50 of 50 Acc: 88.24% Mean: 87.38% (+/- 10.74%)
Model Type: EfficientNetB7
TensorFlow crashed. Retrying...
TensorFlow crashed. Retrying...
TensorFlow crashed. Retrying with batch_size=8
TensorFlow crashed. Retrying...
TensorFlow crashed. Retrying...
TensorFlow crashed. Retrying with batch_size=4
TensorFlow crashed. Retrying...
TensorFlow crashed. Retrying...
TensorFlow crashed. Retrying with batch_size=2
TensorFlow crashed. Retrying...
TensorFlow crashed. Retrying...
TensorFlow crashed. Retrying with batch_size=1
Fold: 1 of 50 Acc: 57.14% Mean: 57.14% (+/- 0.00%)
Fold: 2 of 50 Acc: 45.71% Mean: 51.43% (+/- 5.71%)
Fold: 3 of 50 Acc: 52.94% Mean: 51.93% (+/- 4.72%)
Fold: 4 of 50 Acc: 58.82% Mean: 53.66% (+/- 5.06%)
Fold: 5 of 50 Acc: 41.18% Mean: 51.16% (+/- 6.74%)
Fold: 6 of 50 Acc: 38.24% Mean: 49.01% (+/- 7.81%)
Fold: 7 of 50 Acc: 47.06% Mean: 48.73% (+/- 7.27%)
Fold: 8 of 50 Acc: 50.00% Mean: 48.89% (+/- 6.81%)
Fold: 9 of 50 Acc: 29.41% Mean: 46.72% (+/- 8.87%)
Fold: 10 of 50 Acc: 47.06% Mean: 46.76% (+/- 8.41%)
Fold: 11 of 50 Acc: 60.00% Mean: 47.96% (+/- 8.88%)
Fold: 12 of 50 Acc: 65.71% Mean: 49.44% (+/- 9.82%)
Fold: 13 of 50 Acc: 50.00% Mean: 49.48% (+/- 9.43%)
Fold: 14 of 50 Acc: 38.24% Mean: 48.68% (+/- 9.54%)
Fold: 15 of 50 Acc: 38.24% Mean: 47.98% (+/- 9.58%)
Fold: 16 of 50 Acc: 50.00% Mean: 48.11% (+/- 9.29%)
Fold: 17 of 50 Acc: 52.94% Mean: 48.39% (+/- 9.08%)
Fold: 18 of 50 Acc: 44.12% Mean: 48.16% (+/- 8.88%)
Fold: 19 of 50 Acc: 58.82% Mean: 48.72% (+/- 8.96%)
Fold: 20 of 50 Acc: 35.29% Mean: 48.05% (+/- 9.21%)
Fold: 21 of 50 Acc: 37.14% Mean: 47.53% (+/- 9.29%)
Fold: 22 of 50 Acc: 57.14% Mean: 47.96% (+/- 9.29%)
Fold: 23 of 50 Acc: 64.71% Mean: 48.69% (+/- 9.71%)
Fold: 24 of 50 Acc: 55.88% Mean: 48.99% (+/- 9.61%)
Fold: 25 of 50 Acc: 52.94% Mean: 49.15% (+/- 9.45%)
Fold: 26 of 50 Acc: 55.88% Mean: 49.41% (+/- 9.36%)
Fold: 27 of 50 Acc: 44.12% Mean: 49.21% (+/- 9.24%)
Fold: 28 of 50 Acc: 61.76% Mean: 49.66% (+/- 9.36%)
Fold: 29 of 50 Acc: 64.71% Mean: 50.18% (+/- 9.60%)
Fold: 30 of 50 Acc: 70.59% Mean: 50.86% (+/- 10.13%)
Fold: 31 of 50 Acc: 51.43% Mean: 50.88% (+/- 9.96%)
Fold: 32 of 50 Acc: 48.57% Mean: 50.81% (+/- 9.81%)
Fold: 33 of 50 Acc: 41.18% Mean: 50.51% (+/- 9.80%)
Fold: 34 of 50 Acc: 47.06% Mean: 50.41% (+/- 9.68%)
Fold: 35 of 50 Acc: 47.06% Mean: 50.32% (+/- 9.55%)
Fold: 36 of 50 Acc: 47.06% Mean: 50.23% (+/- 9.43%)
Fold: 37 of 50 Acc: 64.71% Mean: 50.62% (+/- 9.60%)
Fold: 38 of 50 Acc: 52.94% Mean: 50.68% (+/- 9.48%)
Fold: 39 of 50 Acc: 35.29% Mean: 50.28% (+/- 9.67%)
Fold: 40 of 50 Acc: 52.94% Mean: 50.35% (+/- 9.55%)
Fold: 41 of 50 Acc: 40.00% Mean: 50.10% (+/- 9.57%)
Fold: 42 of 50 Acc: 45.71% Mean: 49.99% (+/- 9.48%)
Fold: 43 of 50 Acc: 55.88% Mean: 50.13% (+/- 9.41%)
Fold: 44 of 50 Acc: 50.00% Mean: 50.13% (+/- 9.30%)
Fold: 45 of 50 Acc: 52.94% Mean: 50.19% (+/- 9.21%)
Fold: 46 of 50 Acc: 47.06% Mean: 50.12% (+/- 9.12%)
Fold: 47 of 50 Acc: 41.18% Mean: 49.93% (+/- 9.11%)
Fold: 48 of 50 Acc: 44.12% Mean: 49.81% (+/- 9.06%)
Fold: 49 of 50 Acc: 61.76% Mean: 50.05% (+/- 9.12%)
Fold: 50 of 50 Acc: 47.06% Mean: 49.99% (+/- 9.04%)
