Machine: PRECISION
Date: 27/12/2022 Time: 18:56:43
Alternative Dense Layer: False
Pooling Application Layer: avg
Data Augmentation: False
Data Augmentation Multiplier: 1
Fine Tuning: True
Multi Optimizer: True
Optimizer: RMSprop
Batch Size: 16

Model Type: Xception
Fold: 1 of 50 Acc: 91.43% Mean: 91.43% (+/- 0.00%)
Fold: 2 of 50 Acc: 94.29% Mean: 92.86% (+/- 1.43%)
Fold: 3 of 50 Acc: 91.18% Mean: 92.30% (+/- 1.41%)
Fold: 4 of 50 Acc: 91.18% Mean: 92.02% (+/- 1.31%)
Fold: 5 of 50 Acc: 91.18% Mean: 91.85% (+/- 1.22%)
Fold: 6 of 50 Acc: 91.18% Mean: 91.74% (+/- 1.14%)
Fold: 7 of 50 Acc: 91.18% Mean: 91.66% (+/- 1.08%)
Fold: 8 of 50 Acc: 82.35% Mean: 90.49% (+/- 3.24%)
Fold: 9 of 50 Acc: 82.35% Mean: 89.59% (+/- 3.98%)
Fold: 10 of 50 Acc: 91.18% Mean: 89.75% (+/- 3.81%)
Fold: 11 of 50 Acc: 88.57% Mean: 89.64% (+/- 3.65%)
Fold: 12 of 50 Acc: 85.71% Mean: 89.31% (+/- 3.66%)
Fold: 13 of 50 Acc: 82.35% Mean: 88.78% (+/- 3.97%)
Fold: 14 of 50 Acc: 97.06% Mean: 89.37% (+/- 4.38%)
Fold: 15 of 50 Acc: 88.24% Mean: 89.29% (+/- 4.24%)
Fold: 16 of 50 Acc: 97.06% Mean: 89.78% (+/- 4.52%)
Fold: 17 of 50 Acc: 82.35% Mean: 89.34% (+/- 4.72%)
Fold: 18 of 50 Acc: 85.29% Mean: 89.12% (+/- 4.68%)
Fold: 19 of 50 Acc: 82.35% Mean: 88.76% (+/- 4.80%)
Fold: 20 of 50 Acc: 85.29% Mean: 88.59% (+/- 4.74%)
Fold: 21 of 50 Acc: 91.43% Mean: 88.72% (+/- 4.66%)
Fold: 22 of 50 Acc: 82.86% Mean: 88.46% (+/- 4.72%)
Fold: 23 of 50 Acc: 88.24% Mean: 88.45% (+/- 4.61%)
Fold: 24 of 50 Acc: 94.12% Mean: 88.68% (+/- 4.66%)
Fold: 25 of 50 Acc: 97.06% Mean: 89.02% (+/- 4.85%)
Fold: 26 of 50 Acc: 94.12% Mean: 89.21% (+/- 4.85%)
Fold: 27 of 50 Acc: 88.24% Mean: 89.18% (+/- 4.77%)
Fold: 28 of 50 Acc: 94.12% Mean: 89.35% (+/- 4.77%)
Fold: 29 of 50 Acc: 85.29% Mean: 89.21% (+/- 4.74%)
Fold: 30 of 50 Acc: 97.06% Mean: 89.48% (+/- 4.87%)
Fold: 31 of 50 Acc: 88.57% Mean: 89.45% (+/- 4.80%)
Fold: 32 of 50 Acc: 94.29% Mean: 89.60% (+/- 4.80%)
Fold: 33 of 50 Acc: 88.24% Mean: 89.56% (+/- 4.73%)
Fold: 34 of 50 Acc: 82.35% Mean: 89.35% (+/- 4.81%)
Fold: 35 of 50 Acc: 97.06% Mean: 89.57% (+/- 4.92%)
Fold: 36 of 50 Acc: 91.18% Mean: 89.61% (+/- 4.85%)
Fold: 37 of 50 Acc: 82.35% Mean: 89.41% (+/- 4.93%)
Fold: 38 of 50 Acc: 85.29% Mean: 89.31% (+/- 4.91%)
Fold: 39 of 50 Acc: 85.29% Mean: 89.20% (+/- 4.89%)
Fold: 40 of 50 Acc: 88.24% Mean: 89.18% (+/- 4.83%)
Fold: 41 of 50 Acc: 91.43% Mean: 89.23% (+/- 4.78%)
Fold: 42 of 50 Acc: 94.29% Mean: 89.35% (+/- 4.79%)
Fold: 43 of 50 Acc: 91.18% Mean: 89.40% (+/- 4.74%)
Fold: 44 of 50 Acc: 79.41% Mean: 89.17% (+/- 4.92%)
Fold: 45 of 50 Acc: 85.29% Mean: 89.08% (+/- 4.89%)
Fold: 46 of 50 Acc: 91.18% Mean: 89.13% (+/- 4.85%)
Fold: 47 of 50 Acc: 94.12% Mean: 89.23% (+/- 4.85%)
Fold: 48 of 50 Acc: 82.35% Mean: 89.09% (+/- 4.90%)
Fold: 49 of 50 Acc: 73.53% Mean: 88.77% (+/- 5.33%)
Fold: 50 of 50 Acc: 100.00% Mean: 89.00% (+/- 5.50%)
Model Type: VGG16
Fold: 1 of 50 Acc: 85.71% Mean: 85.71% (+/- 0.00%)
Fold: 2 of 50 Acc: 80.00% Mean: 82.86% (+/- 2.86%)
Fold: 3 of 50 Acc: 94.12% Mean: 86.61% (+/- 5.80%)
Fold: 4 of 50 Acc: 85.29% Mean: 86.28% (+/- 5.05%)
Fold: 5 of 50 Acc: 91.18% Mean: 87.26% (+/- 4.93%)
Fold: 6 of 50 Acc: 82.35% Mean: 86.44% (+/- 4.85%)
Fold: 7 of 50 Acc: 85.29% Mean: 86.28% (+/- 4.51%)
Fold: 8 of 50 Acc: 76.47% Mean: 85.05% (+/- 5.32%)
Fold: 9 of 50 Acc: 76.47% Mean: 84.10% (+/- 5.70%)
Fold: 10 of 50 Acc: 79.41% Mean: 83.63% (+/- 5.59%)
Fold: 11 of 50 Acc: 91.43% Mean: 84.34% (+/- 5.78%)
Fold: 12 of 50 Acc: 82.86% Mean: 84.22% (+/- 5.55%)
Fold: 13 of 50 Acc: 88.24% Mean: 84.52% (+/- 5.44%)
Fold: 14 of 50 Acc: 91.18% Mean: 85.00% (+/- 5.51%)
Fold: 15 of 50 Acc: 76.47% Mean: 84.43% (+/- 5.73%)
Fold: 16 of 50 Acc: 79.41% Mean: 84.12% (+/- 5.68%)
Fold: 17 of 50 Acc: 82.35% Mean: 84.01% (+/- 5.53%)
Fold: 18 of 50 Acc: 88.24% Mean: 84.25% (+/- 5.46%)
Fold: 19 of 50 Acc: 85.29% Mean: 84.30% (+/- 5.32%)
Fold: 20 of 50 Acc: 79.41% Mean: 84.06% (+/- 5.29%)
Fold: 21 of 50 Acc: 82.86% Mean: 84.00% (+/- 5.17%)
Fold: 22 of 50 Acc: 82.86% Mean: 83.95% (+/- 5.06%)
Fold: 23 of 50 Acc: 79.41% Mean: 83.75% (+/- 5.03%)
Fold: 24 of 50 Acc: 91.18% Mean: 84.06% (+/- 5.15%)
Fold: 25 of 50 Acc: 82.35% Mean: 83.99% (+/- 5.05%)
Fold: 26 of 50 Acc: 85.29% Mean: 84.04% (+/- 4.96%)
Fold: 27 of 50 Acc: 91.18% Mean: 84.31% (+/- 5.05%)
Fold: 28 of 50 Acc: 91.18% Mean: 84.55% (+/- 5.12%)
Fold: 29 of 50 Acc: 64.71% Mean: 83.87% (+/- 6.20%)
Fold: 30 of 50 Acc: 85.29% Mean: 83.92% (+/- 6.10%)
Fold: 31 of 50 Acc: 71.43% Mean: 83.51% (+/- 6.39%)
Fold: 32 of 50 Acc: 88.57% Mean: 83.67% (+/- 6.35%)
Fold: 33 of 50 Acc: 91.18% Mean: 83.90% (+/- 6.39%)
Fold: 34 of 50 Acc: 79.41% Mean: 83.77% (+/- 6.34%)
Fold: 35 of 50 Acc: 82.35% Mean: 83.73% (+/- 6.25%)
Fold: 36 of 50 Acc: 88.24% Mean: 83.85% (+/- 6.21%)
Fold: 37 of 50 Acc: 73.53% Mean: 83.57% (+/- 6.35%)
Fold: 38 of 50 Acc: 94.12% Mean: 83.85% (+/- 6.49%)
Fold: 39 of 50 Acc: 79.41% Mean: 83.74% (+/- 6.44%)
Fold: 40 of 50 Acc: 85.29% Mean: 83.78% (+/- 6.37%)
Fold: 41 of 50 Acc: 77.14% Mean: 83.61% (+/- 6.37%)
Fold: 42 of 50 Acc: 85.71% Mean: 83.66% (+/- 6.30%)
Fold: 43 of 50 Acc: 91.18% Mean: 83.84% (+/- 6.33%)
Fold: 44 of 50 Acc: 91.18% Mean: 84.00% (+/- 6.35%)
Fold: 45 of 50 Acc: 97.06% Mean: 84.30% (+/- 6.57%)
Fold: 46 of 50 Acc: 88.24% Mean: 84.38% (+/- 6.53%)
Fold: 47 of 50 Acc: 91.18% Mean: 84.53% (+/- 6.53%)
Fold: 48 of 50 Acc: 82.35% Mean: 84.48% (+/- 6.47%)
Fold: 49 of 50 Acc: 79.41% Mean: 84.38% (+/- 6.44%)
Fold: 50 of 50 Acc: 91.18% Mean: 84.51% (+/- 6.45%)
Model Type: VGG19
Fold: 1 of 50 Acc: 77.14% Mean: 77.14% (+/- 0.00%)
Fold: 2 of 50 Acc: 85.71% Mean: 81.43% (+/- 4.29%)
Fold: 3 of 50 Acc: 73.53% Mean: 78.80% (+/- 5.11%)
Fold: 4 of 50 Acc: 88.24% Mean: 81.16% (+/- 6.02%)
Fold: 5 of 50 Acc: 82.35% Mean: 81.39% (+/- 5.41%)
Fold: 6 of 50 Acc: 88.24% Mean: 82.54% (+/- 5.56%)
Fold: 7 of 50 Acc: 88.24% Mean: 83.35% (+/- 5.52%)
Fold: 8 of 50 Acc: 85.29% Mean: 83.59% (+/- 5.20%)
Fold: 9 of 50 Acc: 85.29% Mean: 83.78% (+/- 4.93%)
Fold: 10 of 50 Acc: 82.35% Mean: 83.64% (+/- 4.70%)
Fold: 11 of 50 Acc: 85.71% Mean: 83.83% (+/- 4.52%)
Fold: 12 of 50 Acc: 88.57% Mean: 84.22% (+/- 4.52%)
Fold: 13 of 50 Acc: 88.24% Mean: 84.53% (+/- 4.47%)
Fold: 14 of 50 Acc: 97.06% Mean: 85.43% (+/- 5.39%)
Fold: 15 of 50 Acc: 88.24% Mean: 85.61% (+/- 5.25%)
Fold: 16 of 50 Acc: 82.35% Mean: 85.41% (+/- 5.14%)
Fold: 17 of 50 Acc: 67.65% Mean: 84.36% (+/- 6.51%)
Fold: 18 of 50 Acc: 88.24% Mean: 84.58% (+/- 6.39%)
Fold: 19 of 50 Acc: 79.41% Mean: 84.31% (+/- 6.32%)
Fold: 20 of 50 Acc: 91.18% Mean: 84.65% (+/- 6.34%)
Fold: 21 of 50 Acc: 82.86% Mean: 84.57% (+/- 6.20%)
Fold: 22 of 50 Acc: 85.71% Mean: 84.62% (+/- 6.06%)
Fold: 23 of 50 Acc: 91.18% Mean: 84.90% (+/- 6.08%)
Fold: 24 of 50 Acc: 88.24% Mean: 85.04% (+/- 5.99%)
Fold: 25 of 50 Acc: 85.29% Mean: 85.05% (+/- 5.87%)
Fold: 26 of 50 Acc: 91.18% Mean: 85.29% (+/- 5.87%)
Fold: 27 of 50 Acc: 88.24% Mean: 85.40% (+/- 5.79%)
Fold: 28 of 50 Acc: 64.71% Mean: 84.66% (+/- 6.86%)
Fold: 29 of 50 Acc: 61.76% Mean: 83.87% (+/- 7.93%)
Fold: 30 of 50 Acc: 82.35% Mean: 83.82% (+/- 7.80%)
Fold: 31 of 50 Acc: 71.43% Mean: 83.42% (+/- 7.98%)
Fold: 32 of 50 Acc: 82.86% Mean: 83.40% (+/- 7.86%)
Fold: 33 of 50 Acc: 88.24% Mean: 83.55% (+/- 7.78%)
Fold: 34 of 50 Acc: 79.41% Mean: 83.43% (+/- 7.70%)
Fold: 35 of 50 Acc: 94.12% Mean: 83.73% (+/- 7.79%)
Fold: 36 of 50 Acc: 91.18% Mean: 83.94% (+/- 7.78%)
Fold: 37 of 50 Acc: 82.35% Mean: 83.90% (+/- 7.68%)
Fold: 38 of 50 Acc: 91.18% Mean: 84.09% (+/- 7.67%)
Fold: 39 of 50 Acc: 88.24% Mean: 84.19% (+/- 7.60%)
Fold: 40 of 50 Acc: 88.24% Mean: 84.29% (+/- 7.53%)
Fold: 41 of 50 Acc: 80.00% Mean: 84.19% (+/- 7.46%)
Fold: 42 of 50 Acc: 71.43% Mean: 83.89% (+/- 7.63%)
Fold: 43 of 50 Acc: 97.06% Mean: 84.19% (+/- 7.79%)
Fold: 44 of 50 Acc: 82.35% Mean: 84.15% (+/- 7.71%)
Fold: 45 of 50 Acc: 91.18% Mean: 84.31% (+/- 7.69%)
Fold: 46 of 50 Acc: 82.35% Mean: 84.26% (+/- 7.62%)
Fold: 47 of 50 Acc: 82.35% Mean: 84.22% (+/- 7.54%)
Fold: 48 of 50 Acc: 73.53% Mean: 84.00% (+/- 7.61%)
Fold: 49 of 50 Acc: 94.12% Mean: 84.21% (+/- 7.67%)
Fold: 50 of 50 Acc: 79.41% Mean: 84.11% (+/- 7.62%)
Model Type: ResNet50
Fold: 1 of 50 Acc: 82.86% Mean: 82.86% (+/- 0.00%)
Fold: 2 of 50 Acc: 94.29% Mean: 88.57% (+/- 5.71%)
Fold: 3 of 50 Acc: 73.53% Mean: 83.56% (+/- 8.49%)
Fold: 4 of 50 Acc: 82.35% Mean: 83.26% (+/- 7.37%)
Fold: 5 of 50 Acc: 94.12% Mean: 85.43% (+/- 7.89%)
Fold: 6 of 50 Acc: 85.29% Mean: 85.41% (+/- 7.21%)
Fold: 7 of 50 Acc: 94.12% Mean: 86.65% (+/- 7.34%)
Fold: 8 of 50 Acc: 79.41% Mean: 85.75% (+/- 7.27%)
Fold: 9 of 50 Acc: 85.29% Mean: 85.70% (+/- 6.85%)
Fold: 10 of 50 Acc: 79.41% Mean: 85.07% (+/- 6.77%)
Fold: 11 of 50 Acc: 91.43% Mean: 85.65% (+/- 6.71%)
Fold: 12 of 50 Acc: 88.57% Mean: 85.89% (+/- 6.47%)
Fold: 13 of 50 Acc: 82.35% Mean: 85.62% (+/- 6.29%)
Fold: 14 of 50 Acc: 91.18% Mean: 86.01% (+/- 6.23%)
Fold: 15 of 50 Acc: 91.18% Mean: 86.36% (+/- 6.15%)
Fold: 16 of 50 Acc: 88.24% Mean: 86.48% (+/- 5.98%)
Fold: 17 of 50 Acc: 82.35% Mean: 86.23% (+/- 5.88%)
Fold: 18 of 50 Acc: 88.24% Mean: 86.34% (+/- 5.73%)
Fold: 19 of 50 Acc: 88.24% Mean: 86.44% (+/- 5.59%)
Fold: 20 of 50 Acc: 79.41% Mean: 86.09% (+/- 5.66%)
Fold: 21 of 50 Acc: 82.86% Mean: 85.94% (+/- 5.57%)
Fold: 22 of 50 Acc: 80.00% Mean: 85.67% (+/- 5.58%)
Fold: 23 of 50 Acc: 85.29% Mean: 85.65% (+/- 5.46%)
Fold: 24 of 50 Acc: 91.18% Mean: 85.88% (+/- 5.46%)
Fold: 25 of 50 Acc: 85.29% Mean: 85.86% (+/- 5.35%)
Fold: 26 of 50 Acc: 91.18% Mean: 86.06% (+/- 5.34%)
Fold: 27 of 50 Acc: 85.29% Mean: 86.03% (+/- 5.24%)
Fold: 28 of 50 Acc: 94.12% Mean: 86.32% (+/- 5.36%)
Fold: 29 of 50 Acc: 76.47% Mean: 85.98% (+/- 5.57%)
Fold: 30 of 50 Acc: 79.41% Mean: 85.76% (+/- 5.60%)
Fold: 31 of 50 Acc: 80.00% Mean: 85.58% (+/- 5.60%)
Fold: 32 of 50 Acc: 88.57% Mean: 85.67% (+/- 5.54%)
Fold: 33 of 50 Acc: 91.18% Mean: 85.84% (+/- 5.54%)
Fold: 34 of 50 Acc: 73.53% Mean: 85.48% (+/- 5.84%)
Fold: 35 of 50 Acc: 94.12% Mean: 85.72% (+/- 5.93%)
Fold: 36 of 50 Acc: 97.06% Mean: 86.04% (+/- 6.14%)
Fold: 37 of 50 Acc: 73.53% Mean: 85.70% (+/- 6.38%)
Fold: 38 of 50 Acc: 97.06% Mean: 86.00% (+/- 6.56%)
Fold: 39 of 50 Acc: 91.18% Mean: 86.13% (+/- 6.52%)
Fold: 40 of 50 Acc: 85.29% Mean: 86.11% (+/- 6.44%)
Fold: 41 of 50 Acc: 91.43% Mean: 86.24% (+/- 6.42%)
Fold: 42 of 50 Acc: 85.71% Mean: 86.23% (+/- 6.34%)
Fold: 43 of 50 Acc: 91.18% Mean: 86.34% (+/- 6.31%)
Fold: 44 of 50 Acc: 82.35% Mean: 86.25% (+/- 6.27%)
Fold: 45 of 50 Acc: 88.24% Mean: 86.30% (+/- 6.20%)
Fold: 46 of 50 Acc: 85.29% Mean: 86.28% (+/- 6.14%)
Fold: 47 of 50 Acc: 97.06% Mean: 86.50% (+/- 6.27%)
Fold: 48 of 50 Acc: 82.35% Mean: 86.42% (+/- 6.23%)
Fold: 49 of 50 Acc: 82.35% Mean: 86.34% (+/- 6.19%)
Fold: 50 of 50 Acc: 88.24% Mean: 86.37% (+/- 6.14%)
Model Type: ResNet101
Fold: 1 of 50 Acc: 82.86% Mean: 82.86% (+/- 0.00%)
Fold: 2 of 50 Acc: 94.29% Mean: 88.57% (+/- 5.71%)
Fold: 3 of 50 Acc: 85.29% Mean: 87.48% (+/- 4.91%)
Fold: 4 of 50 Acc: 85.29% Mean: 86.93% (+/- 4.36%)
Fold: 5 of 50 Acc: 85.29% Mean: 86.61% (+/- 3.95%)
Fold: 6 of 50 Acc: 88.24% Mean: 86.88% (+/- 3.66%)
Fold: 7 of 50 Acc: 70.59% Mean: 84.55% (+/- 6.63%)
Fold: 8 of 50 Acc: 88.24% Mean: 85.01% (+/- 6.32%)
Fold: 9 of 50 Acc: 85.29% Mean: 85.04% (+/- 5.96%)
Fold: 10 of 50 Acc: 82.35% Mean: 84.77% (+/- 5.71%)
Fold: 11 of 50 Acc: 85.71% Mean: 84.86% (+/- 5.45%)
Fold: 12 of 50 Acc: 77.14% Mean: 84.22% (+/- 5.64%)
Fold: 13 of 50 Acc: 91.18% Mean: 84.75% (+/- 5.73%)
Fold: 14 of 50 Acc: 91.18% Mean: 85.21% (+/- 5.76%)
Fold: 15 of 50 Acc: 85.29% Mean: 85.22% (+/- 5.57%)
Fold: 16 of 50 Acc: 79.41% Mean: 84.85% (+/- 5.57%)
Fold: 17 of 50 Acc: 91.18% Mean: 85.22% (+/- 5.60%)
Fold: 18 of 50 Acc: 88.24% Mean: 85.39% (+/- 5.49%)
Fold: 19 of 50 Acc: 79.41% Mean: 85.08% (+/- 5.51%)
Fold: 20 of 50 Acc: 91.18% Mean: 85.38% (+/- 5.53%)
Fold: 21 of 50 Acc: 85.71% Mean: 85.40% (+/- 5.40%)
Fold: 22 of 50 Acc: 85.71% Mean: 85.41% (+/- 5.27%)
Fold: 23 of 50 Acc: 85.29% Mean: 85.41% (+/- 5.16%)
Fold: 24 of 50 Acc: 85.29% Mean: 85.40% (+/- 5.05%)
Fold: 25 of 50 Acc: 85.29% Mean: 85.40% (+/- 4.95%)
Fold: 26 of 50 Acc: 97.06% Mean: 85.85% (+/- 5.34%)
Fold: 27 of 50 Acc: 91.18% Mean: 86.04% (+/- 5.34%)
Fold: 28 of 50 Acc: 82.35% Mean: 85.91% (+/- 5.29%)
Fold: 29 of 50 Acc: 85.29% Mean: 85.89% (+/- 5.20%)
Fold: 30 of 50 Acc: 70.59% Mean: 85.38% (+/- 5.80%)
Fold: 31 of 50 Acc: 80.00% Mean: 85.21% (+/- 5.79%)
Fold: 32 of 50 Acc: 91.43% Mean: 85.40% (+/- 5.80%)
Fold: 33 of 50 Acc: 88.24% Mean: 85.49% (+/- 5.73%)
Fold: 34 of 50 Acc: 64.71% Mean: 84.88% (+/- 6.65%)
Fold: 35 of 50 Acc: 82.35% Mean: 84.80% (+/- 6.57%)
Fold: 36 of 50 Acc: 88.24% Mean: 84.90% (+/- 6.50%)
Fold: 37 of 50 Acc: 85.29% Mean: 84.91% (+/- 6.41%)
Fold: 38 of 50 Acc: 88.24% Mean: 85.00% (+/- 6.35%)
Fold: 39 of 50 Acc: 91.18% Mean: 85.16% (+/- 6.34%)
Fold: 40 of 50 Acc: 94.12% Mean: 85.38% (+/- 6.42%)
Fold: 41 of 50 Acc: 85.71% Mean: 85.39% (+/- 6.34%)
Fold: 42 of 50 Acc: 94.29% Mean: 85.60% (+/- 6.41%)
Fold: 43 of 50 Acc: 91.18% Mean: 85.73% (+/- 6.39%)
Fold: 44 of 50 Acc: 76.47% Mean: 85.52% (+/- 6.46%)
Fold: 45 of 50 Acc: 76.47% Mean: 85.32% (+/- 6.53%)
Fold: 46 of 50 Acc: 82.35% Mean: 85.25% (+/- 6.47%)
Fold: 47 of 50 Acc: 88.24% Mean: 85.32% (+/- 6.42%)
Fold: 48 of 50 Acc: 79.41% Mean: 85.19% (+/- 6.41%)
Fold: 49 of 50 Acc: 82.35% Mean: 85.14% (+/- 6.35%)
Fold: 50 of 50 Acc: 85.29% Mean: 85.14% (+/- 6.29%)
Model Type: ResNet152
Fold: 1 of 50 Acc: 88.57% Mean: 88.57% (+/- 0.00%)
Fold: 2 of 50 Acc: 97.14% Mean: 92.86% (+/- 4.29%)
Fold: 3 of 50 Acc: 97.06% Mean: 94.26% (+/- 4.02%)
Fold: 4 of 50 Acc: 88.24% Mean: 92.75% (+/- 4.35%)
Fold: 5 of 50 Acc: 85.29% Mean: 91.26% (+/- 4.90%)
Fold: 6 of 50 Acc: 76.47% Mean: 88.80% (+/- 7.10%)
Fold: 7 of 50 Acc: 73.53% Mean: 86.61% (+/- 8.47%)
Fold: 8 of 50 Acc: 88.24% Mean: 86.82% (+/- 7.94%)
Fold: 9 of 50 Acc: 85.29% Mean: 86.65% (+/- 7.50%)
Fold: 10 of 50 Acc: 82.35% Mean: 86.22% (+/- 7.23%)
Fold: 11 of 50 Acc: 88.57% Mean: 86.43% (+/- 6.93%)
Fold: 12 of 50 Acc: 74.29% Mean: 85.42% (+/- 7.44%)
Fold: 13 of 50 Acc: 91.18% Mean: 85.86% (+/- 7.31%)
Fold: 14 of 50 Acc: 82.35% Mean: 85.61% (+/- 7.10%)
Fold: 15 of 50 Acc: 85.29% Mean: 85.59% (+/- 6.86%)
Fold: 16 of 50 Acc: 85.29% Mean: 85.57% (+/- 6.64%)
Fold: 17 of 50 Acc: 79.41% Mean: 85.21% (+/- 6.60%)
Fold: 18 of 50 Acc: 88.24% Mean: 85.38% (+/- 6.46%)
Fold: 19 of 50 Acc: 82.35% Mean: 85.22% (+/- 6.32%)
Fold: 20 of 50 Acc: 79.41% Mean: 84.93% (+/- 6.29%)
Fold: 21 of 50 Acc: 91.43% Mean: 85.24% (+/- 6.29%)
Fold: 22 of 50 Acc: 85.71% Mean: 85.26% (+/- 6.15%)
Fold: 23 of 50 Acc: 88.24% Mean: 85.39% (+/- 6.04%)
Fold: 24 of 50 Acc: 85.29% Mean: 85.39% (+/- 5.92%)
Fold: 25 of 50 Acc: 91.18% Mean: 85.62% (+/- 5.91%)
Fold: 26 of 50 Acc: 88.24% Mean: 85.72% (+/- 5.81%)
Fold: 27 of 50 Acc: 79.41% Mean: 85.48% (+/- 5.83%)
Fold: 28 of 50 Acc: 79.41% Mean: 85.27% (+/- 5.83%)
Fold: 29 of 50 Acc: 76.47% Mean: 84.96% (+/- 5.95%)
Fold: 30 of 50 Acc: 70.59% Mean: 84.48% (+/- 6.39%)
Fold: 31 of 50 Acc: 77.14% Mean: 84.25% (+/- 6.42%)
Fold: 32 of 50 Acc: 82.86% Mean: 84.20% (+/- 6.33%)
Fold: 33 of 50 Acc: 88.24% Mean: 84.33% (+/- 6.27%)
Fold: 34 of 50 Acc: 73.53% Mean: 84.01% (+/- 6.44%)
Fold: 35 of 50 Acc: 79.41% Mean: 83.88% (+/- 6.39%)
Fold: 36 of 50 Acc: 76.47% Mean: 83.67% (+/- 6.42%)
Fold: 37 of 50 Acc: 79.41% Mean: 83.56% (+/- 6.37%)
Fold: 38 of 50 Acc: 85.29% Mean: 83.60% (+/- 6.29%)
Fold: 39 of 50 Acc: 85.29% Mean: 83.65% (+/- 6.22%)
Fold: 40 of 50 Acc: 82.35% Mean: 83.61% (+/- 6.14%)
Fold: 41 of 50 Acc: 97.14% Mean: 83.94% (+/- 6.41%)
Fold: 42 of 50 Acc: 91.43% Mean: 84.12% (+/- 6.44%)
Fold: 43 of 50 Acc: 85.29% Mean: 84.15% (+/- 6.37%)
Fold: 44 of 50 Acc: 82.35% Mean: 84.11% (+/- 6.30%)
Fold: 45 of 50 Acc: 79.41% Mean: 84.00% (+/- 6.27%)
Fold: 46 of 50 Acc: 91.18% Mean: 84.16% (+/- 6.29%)
Fold: 47 of 50 Acc: 94.12% Mean: 84.37% (+/- 6.38%)
Fold: 48 of 50 Acc: 85.29% Mean: 84.39% (+/- 6.32%)
Fold: 49 of 50 Acc: 79.41% Mean: 84.29% (+/- 6.29%)
Fold: 50 of 50 Acc: 88.24% Mean: 84.37% (+/- 6.25%)
Model Type: ResNet50V2
Fold: 1 of 50 Acc: 74.29% Mean: 74.29% (+/- 0.00%)
Fold: 2 of 50 Acc: 91.43% Mean: 82.86% (+/- 8.57%)
Fold: 3 of 50 Acc: 88.24% Mean: 84.65% (+/- 7.44%)
Fold: 4 of 50 Acc: 88.24% Mean: 85.55% (+/- 6.63%)
Fold: 5 of 50 Acc: 76.47% Mean: 83.73% (+/- 6.95%)
Fold: 6 of 50 Acc: 82.35% Mean: 83.50% (+/- 6.37%)
Fold: 7 of 50 Acc: 64.71% Mean: 80.82% (+/- 8.83%)
Fold: 8 of 50 Acc: 88.24% Mean: 81.74% (+/- 8.62%)
Fold: 9 of 50 Acc: 91.18% Mean: 82.79% (+/- 8.65%)
Fold: 10 of 50 Acc: 76.47% Mean: 82.16% (+/- 8.42%)
Fold: 11 of 50 Acc: 85.71% Mean: 82.48% (+/- 8.10%)
Fold: 12 of 50 Acc: 80.00% Mean: 82.28% (+/- 7.78%)
Fold: 13 of 50 Acc: 79.41% Mean: 82.06% (+/- 7.51%)
Fold: 14 of 50 Acc: 91.18% Mean: 82.71% (+/- 7.61%)
Fold: 15 of 50 Acc: 88.24% Mean: 83.08% (+/- 7.48%)
Fold: 16 of 50 Acc: 73.53% Mean: 82.48% (+/- 7.60%)
Fold: 17 of 50 Acc: 88.24% Mean: 82.82% (+/- 7.50%)
Fold: 18 of 50 Acc: 85.29% Mean: 82.96% (+/- 7.31%)
Fold: 19 of 50 Acc: 88.24% Mean: 83.23% (+/- 7.21%)
Fold: 20 of 50 Acc: 82.35% Mean: 83.19% (+/- 7.03%)
Fold: 21 of 50 Acc: 77.14% Mean: 82.90% (+/- 6.98%)
Fold: 22 of 50 Acc: 85.71% Mean: 83.03% (+/- 6.85%)
Fold: 23 of 50 Acc: 88.24% Mean: 83.26% (+/- 6.78%)
Fold: 24 of 50 Acc: 94.12% Mean: 83.71% (+/- 6.98%)
Fold: 25 of 50 Acc: 85.29% Mean: 83.77% (+/- 6.85%)
Fold: 26 of 50 Acc: 91.18% Mean: 84.06% (+/- 6.87%)
Fold: 27 of 50 Acc: 85.29% Mean: 84.10% (+/- 6.74%)
Fold: 28 of 50 Acc: 91.18% Mean: 84.35% (+/- 6.75%)
Fold: 29 of 50 Acc: 88.24% Mean: 84.49% (+/- 6.67%)
Fold: 30 of 50 Acc: 76.47% Mean: 84.22% (+/- 6.71%)
Fold: 31 of 50 Acc: 80.00% Mean: 84.09% (+/- 6.65%)
Fold: 32 of 50 Acc: 88.57% Mean: 84.23% (+/- 6.59%)
Fold: 33 of 50 Acc: 82.35% Mean: 84.17% (+/- 6.50%)
Fold: 34 of 50 Acc: 70.59% Mean: 83.77% (+/- 6.80%)
Fold: 35 of 50 Acc: 91.18% Mean: 83.98% (+/- 6.81%)
Fold: 36 of 50 Acc: 85.29% Mean: 84.02% (+/- 6.72%)
Fold: 37 of 50 Acc: 79.41% Mean: 83.89% (+/- 6.67%)
Fold: 38 of 50 Acc: 85.29% Mean: 83.93% (+/- 6.59%)
Fold: 39 of 50 Acc: 88.24% Mean: 84.04% (+/- 6.54%)
Fold: 40 of 50 Acc: 76.47% Mean: 83.85% (+/- 6.56%)
Fold: 41 of 50 Acc: 85.71% Mean: 83.90% (+/- 6.49%)
Fold: 42 of 50 Acc: 88.57% Mean: 84.01% (+/- 6.45%)
Fold: 43 of 50 Acc: 88.24% Mean: 84.11% (+/- 6.41%)
Fold: 44 of 50 Acc: 88.24% Mean: 84.20% (+/- 6.36%)
Fold: 45 of 50 Acc: 88.24% Mean: 84.29% (+/- 6.32%)
Fold: 46 of 50 Acc: 85.29% Mean: 84.31% (+/- 6.25%)
Fold: 47 of 50 Acc: 85.29% Mean: 84.33% (+/- 6.19%)
Fold: 48 of 50 Acc: 73.53% Mean: 84.11% (+/- 6.31%)
Fold: 49 of 50 Acc: 67.65% Mean: 83.77% (+/- 6.67%)
Fold: 50 of 50 Acc: 79.41% Mean: 83.68% (+/- 6.63%)
Model Type: ResNet101V2
Fold: 1 of 50 Acc: 88.57% Mean: 88.57% (+/- 0.00%)
Fold: 2 of 50 Acc: 88.57% Mean: 88.57% (+/- 0.00%)
Fold: 3 of 50 Acc: 88.24% Mean: 88.46% (+/- 0.16%)
Fold: 4 of 50 Acc: 79.41% Mean: 86.20% (+/- 3.92%)
Fold: 5 of 50 Acc: 85.29% Mean: 86.02% (+/- 3.52%)
Fold: 6 of 50 Acc: 88.24% Mean: 86.39% (+/- 3.32%)
Fold: 7 of 50 Acc: 82.35% Mean: 85.81% (+/- 3.38%)
Fold: 8 of 50 Acc: 82.35% Mean: 85.38% (+/- 3.37%)
Fold: 9 of 50 Acc: 85.29% Mean: 85.37% (+/- 3.17%)
Fold: 10 of 50 Acc: 76.47% Mean: 84.48% (+/- 4.02%)
Fold: 11 of 50 Acc: 88.57% Mean: 84.85% (+/- 4.01%)
Fold: 12 of 50 Acc: 82.86% Mean: 84.68% (+/- 3.88%)
Fold: 13 of 50 Acc: 85.29% Mean: 84.73% (+/- 3.73%)
Fold: 14 of 50 Acc: 82.35% Mean: 84.56% (+/- 3.65%)
Fold: 15 of 50 Acc: 85.29% Mean: 84.61% (+/- 3.53%)
Fold: 16 of 50 Acc: 76.47% Mean: 84.10% (+/- 3.94%)
Fold: 17 of 50 Acc: 85.29% Mean: 84.17% (+/- 3.84%)
Fold: 18 of 50 Acc: 85.29% Mean: 84.23% (+/- 3.74%)
Fold: 19 of 50 Acc: 85.29% Mean: 84.29% (+/- 3.65%)
Fold: 20 of 50 Acc: 82.35% Mean: 84.19% (+/- 3.58%)
Fold: 21 of 50 Acc: 85.71% Mean: 84.27% (+/- 3.51%)
Fold: 22 of 50 Acc: 91.43% Mean: 84.59% (+/- 3.74%)
Fold: 23 of 50 Acc: 82.35% Mean: 84.49% (+/- 3.68%)
Fold: 24 of 50 Acc: 85.29% Mean: 84.53% (+/- 3.61%)
Fold: 25 of 50 Acc: 85.29% Mean: 84.56% (+/- 3.54%)
Fold: 26 of 50 Acc: 94.12% Mean: 84.93% (+/- 3.93%)
Fold: 27 of 50 Acc: 85.29% Mean: 84.94% (+/- 3.86%)
Fold: 28 of 50 Acc: 85.29% Mean: 84.95% (+/- 3.79%)
Fold: 29 of 50 Acc: 88.24% Mean: 85.07% (+/- 3.77%)
Fold: 30 of 50 Acc: 82.35% Mean: 84.97% (+/- 3.74%)
Fold: 31 of 50 Acc: 85.71% Mean: 85.00% (+/- 3.68%)
Fold: 32 of 50 Acc: 94.29% Mean: 85.29% (+/- 3.96%)
Fold: 33 of 50 Acc: 88.24% Mean: 85.38% (+/- 3.94%)
Fold: 34 of 50 Acc: 88.24% Mean: 85.46% (+/- 3.91%)
Fold: 35 of 50 Acc: 88.24% Mean: 85.54% (+/- 3.88%)
Fold: 36 of 50 Acc: 82.35% Mean: 85.45% (+/- 3.86%)
Fold: 37 of 50 Acc: 88.24% Mean: 85.53% (+/- 3.84%)
Fold: 38 of 50 Acc: 91.18% Mean: 85.68% (+/- 3.89%)
Fold: 39 of 50 Acc: 88.24% Mean: 85.74% (+/- 3.86%)
Fold: 40 of 50 Acc: 79.41% Mean: 85.58% (+/- 3.94%)
Fold: 41 of 50 Acc: 82.86% Mean: 85.52% (+/- 3.91%)
Fold: 42 of 50 Acc: 88.57% Mean: 85.59% (+/- 3.89%)
Fold: 43 of 50 Acc: 85.29% Mean: 85.58% (+/- 3.85%)
Fold: 44 of 50 Acc: 82.35% Mean: 85.51% (+/- 3.84%)
Fold: 45 of 50 Acc: 85.29% Mean: 85.51% (+/- 3.79%)
Fold: 46 of 50 Acc: 91.18% Mean: 85.63% (+/- 3.84%)
Fold: 47 of 50 Acc: 88.24% Mean: 85.68% (+/- 3.82%)
Fold: 48 of 50 Acc: 76.47% Mean: 85.49% (+/- 4.00%)
Fold: 49 of 50 Acc: 82.35% Mean: 85.43% (+/- 3.99%)
Fold: 50 of 50 Acc: 79.41% Mean: 85.31% (+/- 4.03%)
Model Type: ResNet152V2
Fold: 1 of 50 Acc: 82.86% Mean: 82.86% (+/- 0.00%)
Fold: 2 of 50 Acc: 91.43% Mean: 87.14% (+/- 4.29%)
Fold: 3 of 50 Acc: 94.12% Mean: 89.47% (+/- 4.80%)
Fold: 4 of 50 Acc: 82.35% Mean: 87.69% (+/- 5.18%)
Fold: 5 of 50 Acc: 94.12% Mean: 88.97% (+/- 5.30%)
Fold: 6 of 50 Acc: 88.24% Mean: 88.85% (+/- 4.84%)
Fold: 7 of 50 Acc: 85.29% Mean: 88.34% (+/- 4.65%)
Fold: 8 of 50 Acc: 79.41% Mean: 87.23% (+/- 5.26%)
Fold: 9 of 50 Acc: 91.18% Mean: 87.67% (+/- 5.11%)
Fold: 10 of 50 Acc: 82.35% Mean: 87.13% (+/- 5.10%)
Fold: 11 of 50 Acc: 88.57% Mean: 87.27% (+/- 4.88%)
Fold: 12 of 50 Acc: 88.57% Mean: 87.37% (+/- 4.69%)
Fold: 13 of 50 Acc: 97.06% Mean: 88.12% (+/- 5.19%)
Fold: 14 of 50 Acc: 91.18% Mean: 88.34% (+/- 5.07%)
Fold: 15 of 50 Acc: 85.29% Mean: 88.13% (+/- 4.95%)
Fold: 16 of 50 Acc: 82.35% Mean: 87.77% (+/- 5.00%)
Fold: 17 of 50 Acc: 91.18% Mean: 87.97% (+/- 4.91%)
Fold: 18 of 50 Acc: 88.24% Mean: 87.99% (+/- 4.77%)
Fold: 19 of 50 Acc: 91.18% Mean: 88.16% (+/- 4.70%)
Fold: 20 of 50 Acc: 91.18% Mean: 88.31% (+/- 4.63%)
Fold: 21 of 50 Acc: 77.14% Mean: 87.78% (+/- 5.10%)
Fold: 22 of 50 Acc: 85.71% Mean: 87.68% (+/- 5.01%)
Fold: 23 of 50 Acc: 88.24% Mean: 87.71% (+/- 4.90%)
Fold: 24 of 50 Acc: 88.24% Mean: 87.73% (+/- 4.80%)
Fold: 25 of 50 Acc: 79.41% Mean: 87.39% (+/- 4.97%)
Fold: 26 of 50 Acc: 94.12% Mean: 87.65% (+/- 5.04%)
Fold: 27 of 50 Acc: 88.24% Mean: 87.68% (+/- 4.95%)
Fold: 28 of 50 Acc: 94.12% Mean: 87.91% (+/- 5.01%)
Fold: 29 of 50 Acc: 88.24% Mean: 87.92% (+/- 4.92%)
Fold: 30 of 50 Acc: 76.47% Mean: 87.54% (+/- 5.26%)
Fold: 31 of 50 Acc: 91.43% Mean: 87.66% (+/- 5.22%)
Fold: 32 of 50 Acc: 91.43% Mean: 87.78% (+/- 5.18%)
Fold: 33 of 50 Acc: 85.29% Mean: 87.70% (+/- 5.11%)
Fold: 34 of 50 Acc: 76.47% Mean: 87.37% (+/- 5.38%)
Fold: 35 of 50 Acc: 94.12% Mean: 87.57% (+/- 5.42%)
Fold: 36 of 50 Acc: 91.18% Mean: 87.67% (+/- 5.38%)
Fold: 37 of 50 Acc: 79.41% Mean: 87.44% (+/- 5.47%)
Fold: 38 of 50 Acc: 94.12% Mean: 87.62% (+/- 5.51%)
Fold: 39 of 50 Acc: 88.24% Mean: 87.63% (+/- 5.44%)
Fold: 40 of 50 Acc: 91.18% Mean: 87.72% (+/- 5.40%)
Fold: 41 of 50 Acc: 91.43% Mean: 87.81% (+/- 5.36%)
Fold: 42 of 50 Acc: 80.00% Mean: 87.63% (+/- 5.43%)
Fold: 43 of 50 Acc: 94.12% Mean: 87.78% (+/- 5.45%)
Fold: 44 of 50 Acc: 82.35% Mean: 87.65% (+/- 5.45%)
Fold: 45 of 50 Acc: 97.06% Mean: 87.86% (+/- 5.57%)
Fold: 46 of 50 Acc: 88.24% Mean: 87.87% (+/- 5.51%)
Fold: 47 of 50 Acc: 94.12% Mean: 88.00% (+/- 5.52%)
Fold: 48 of 50 Acc: 82.35% Mean: 87.89% (+/- 5.52%)
Fold: 49 of 50 Acc: 91.18% Mean: 87.95% (+/- 5.49%)
Fold: 50 of 50 Acc: 97.06% Mean: 88.14% (+/- 5.58%)
Model Type: InceptionV3
Fold: 1 of 50 Acc: 80.00% Mean: 80.00% (+/- 0.00%)
Fold: 2 of 50 Acc: 94.29% Mean: 87.14% (+/- 7.14%)
Fold: 3 of 50 Acc: 97.06% Mean: 90.45% (+/- 7.47%)
Fold: 4 of 50 Acc: 88.24% Mean: 89.89% (+/- 6.54%)
Fold: 5 of 50 Acc: 88.24% Mean: 89.56% (+/- 5.89%)
Fold: 6 of 50 Acc: 91.18% Mean: 89.83% (+/- 5.41%)
Fold: 7 of 50 Acc: 88.24% Mean: 89.60% (+/- 5.04%)
Fold: 8 of 50 Acc: 91.18% Mean: 89.80% (+/- 4.74%)
Fold: 9 of 50 Acc: 94.12% Mean: 90.28% (+/- 4.67%)
Fold: 10 of 50 Acc: 85.29% Mean: 89.78% (+/- 4.68%)
Fold: 11 of 50 Acc: 91.43% Mean: 89.93% (+/- 4.49%)
Fold: 12 of 50 Acc: 88.57% Mean: 89.82% (+/- 4.31%)
Fold: 13 of 50 Acc: 100.00% Mean: 90.60% (+/- 4.95%)
Fold: 14 of 50 Acc: 88.24% Mean: 90.43% (+/- 4.81%)
Fold: 15 of 50 Acc: 82.35% Mean: 89.89% (+/- 5.07%)
Fold: 16 of 50 Acc: 85.29% Mean: 89.61% (+/- 5.03%)
Fold: 17 of 50 Acc: 88.24% Mean: 89.53% (+/- 4.89%)
Fold: 18 of 50 Acc: 85.29% Mean: 89.29% (+/- 4.85%)
Fold: 19 of 50 Acc: 85.29% Mean: 89.08% (+/- 4.80%)
Fold: 20 of 50 Acc: 88.24% Mean: 89.04% (+/- 4.69%)
Fold: 21 of 50 Acc: 77.14% Mean: 88.47% (+/- 5.23%)
Fold: 22 of 50 Acc: 91.43% Mean: 88.61% (+/- 5.14%)
Fold: 23 of 50 Acc: 91.18% Mean: 88.72% (+/- 5.06%)
Fold: 24 of 50 Acc: 91.18% Mean: 88.82% (+/- 4.98%)
Fold: 25 of 50 Acc: 82.35% Mean: 88.56% (+/- 5.04%)
Fold: 26 of 50 Acc: 94.12% Mean: 88.78% (+/- 5.05%)
Fold: 27 of 50 Acc: 91.18% Mean: 88.86% (+/- 4.98%)
Fold: 28 of 50 Acc: 85.29% Mean: 88.74% (+/- 4.94%)
Fold: 29 of 50 Acc: 85.29% Mean: 88.62% (+/- 4.89%)
Fold: 30 of 50 Acc: 91.18% Mean: 88.70% (+/- 4.83%)
Fold: 31 of 50 Acc: 77.14% Mean: 88.33% (+/- 5.17%)
Fold: 32 of 50 Acc: 94.29% Mean: 88.52% (+/- 5.19%)
Fold: 33 of 50 Acc: 94.12% Mean: 88.69% (+/- 5.20%)
Fold: 34 of 50 Acc: 91.18% Mean: 88.76% (+/- 5.15%)
Fold: 35 of 50 Acc: 88.24% Mean: 88.74% (+/- 5.07%)
Fold: 36 of 50 Acc: 88.24% Mean: 88.73% (+/- 5.00%)
Fold: 37 of 50 Acc: 94.12% Mean: 88.88% (+/- 5.01%)
Fold: 38 of 50 Acc: 97.06% Mean: 89.09% (+/- 5.11%)
Fold: 39 of 50 Acc: 91.18% Mean: 89.14% (+/- 5.06%)
Fold: 40 of 50 Acc: 85.29% Mean: 89.05% (+/- 5.03%)
Fold: 41 of 50 Acc: 85.71% Mean: 88.97% (+/- 5.00%)
Fold: 42 of 50 Acc: 94.29% Mean: 89.09% (+/- 5.00%)
Fold: 43 of 50 Acc: 91.18% Mean: 89.14% (+/- 4.95%)
Fold: 44 of 50 Acc: 88.24% Mean: 89.12% (+/- 4.90%)
Fold: 45 of 50 Acc: 88.24% Mean: 89.10% (+/- 4.85%)
Fold: 46 of 50 Acc: 97.06% Mean: 89.27% (+/- 4.93%)
Fold: 47 of 50 Acc: 91.18% Mean: 89.32% (+/- 4.89%)
Fold: 48 of 50 Acc: 73.53% Mean: 88.99% (+/- 5.34%)
Fold: 49 of 50 Acc: 91.18% Mean: 89.03% (+/- 5.29%)
Fold: 50 of 50 Acc: 88.24% Mean: 89.02% (+/- 5.24%)
Model Type: InceptionResNetV2
Fold: 1 of 50 Acc: 85.71% Mean: 85.71% (+/- 0.00%)
Fold: 2 of 50 Acc: 88.57% Mean: 87.14% (+/- 1.43%)
Fold: 3 of 50 Acc: 91.18% Mean: 88.49% (+/- 2.23%)
Fold: 4 of 50 Acc: 91.18% Mean: 89.16% (+/- 2.26%)
Fold: 5 of 50 Acc: 88.24% Mean: 88.97% (+/- 2.05%)
Fold: 6 of 50 Acc: 88.24% Mean: 88.85% (+/- 1.89%)
Fold: 7 of 50 Acc: 70.59% Mean: 86.24% (+/- 6.63%)
Fold: 8 of 50 Acc: 61.76% Mean: 83.18% (+/- 10.20%)
Fold: 9 of 50 Acc: 85.29% Mean: 83.42% (+/- 9.64%)
Fold: 10 of 50 Acc: 88.24% Mean: 83.90% (+/- 9.25%)
Fold: 11 of 50 Acc: 91.43% Mean: 84.58% (+/- 9.09%)
Fold: 12 of 50 Acc: 71.43% Mean: 83.49% (+/- 9.43%)
Fold: 13 of 50 Acc: 70.59% Mean: 82.50% (+/- 9.69%)
Fold: 14 of 50 Acc: 91.18% Mean: 83.12% (+/- 9.60%)
Fold: 15 of 50 Acc: 67.65% Mean: 82.08% (+/- 10.05%)
Fold: 16 of 50 Acc: 82.35% Mean: 82.10% (+/- 9.73%)
Fold: 17 of 50 Acc: 85.29% Mean: 82.29% (+/- 9.47%)
Fold: 18 of 50 Acc: 91.18% Mean: 82.78% (+/- 9.42%)
Fold: 19 of 50 Acc: 85.29% Mean: 82.91% (+/- 9.19%)
Fold: 20 of 50 Acc: 85.29% Mean: 83.03% (+/- 8.97%)
Fold: 21 of 50 Acc: 77.14% Mean: 82.75% (+/- 8.84%)
Fold: 22 of 50 Acc: 85.71% Mean: 82.89% (+/- 8.66%)
Fold: 23 of 50 Acc: 88.24% Mean: 83.12% (+/- 8.54%)
Fold: 24 of 50 Acc: 85.29% Mean: 83.21% (+/- 8.37%)
Fold: 25 of 50 Acc: 82.35% Mean: 83.18% (+/- 8.21%)
Fold: 26 of 50 Acc: 94.12% Mean: 83.60% (+/- 8.32%)
Fold: 27 of 50 Acc: 91.18% Mean: 83.88% (+/- 8.29%)
Fold: 28 of 50 Acc: 82.35% Mean: 83.82% (+/- 8.14%)
Fold: 29 of 50 Acc: 79.41% Mean: 83.67% (+/- 8.04%)
Fold: 30 of 50 Acc: 79.41% Mean: 83.53% (+/- 7.94%)
Fold: 31 of 50 Acc: 82.86% Mean: 83.51% (+/- 7.81%)
Fold: 32 of 50 Acc: 91.43% Mean: 83.76% (+/- 7.81%)
Fold: 33 of 50 Acc: 88.24% Mean: 83.89% (+/- 7.73%)
Fold: 34 of 50 Acc: 58.82% Mean: 83.15% (+/- 8.72%)
Fold: 35 of 50 Acc: 82.35% Mean: 83.13% (+/- 8.59%)
Fold: 36 of 50 Acc: 82.35% Mean: 83.11% (+/- 8.47%)
Fold: 37 of 50 Acc: 82.35% Mean: 83.09% (+/- 8.36%)
Fold: 38 of 50 Acc: 94.12% Mean: 83.38% (+/- 8.43%)
Fold: 39 of 50 Acc: 85.29% Mean: 83.43% (+/- 8.33%)
Fold: 40 of 50 Acc: 94.12% Mean: 83.70% (+/- 8.39%)
Fold: 41 of 50 Acc: 85.71% Mean: 83.74% (+/- 8.30%)
Fold: 42 of 50 Acc: 85.71% Mean: 83.79% (+/- 8.20%)
Fold: 43 of 50 Acc: 88.24% Mean: 83.89% (+/- 8.13%)
Fold: 44 of 50 Acc: 82.35% Mean: 83.86% (+/- 8.04%)
Fold: 45 of 50 Acc: 88.24% Mean: 83.96% (+/- 7.98%)
Fold: 46 of 50 Acc: 100.00% Mean: 84.31% (+/- 8.23%)
Fold: 47 of 50 Acc: 94.12% Mean: 84.51% (+/- 8.27%)
Fold: 48 of 50 Acc: 64.71% Mean: 84.10% (+/- 8.66%)
Fold: 49 of 50 Acc: 64.71% Mean: 83.71% (+/- 9.00%)
Fold: 50 of 50 Acc: 76.47% Mean: 83.56% (+/- 8.96%)
Model Type: MobileNet
Fold: 1 of 50 Acc: 91.43% Mean: 91.43% (+/- 0.00%)
Fold: 2 of 50 Acc: 91.43% Mean: 91.43% (+/- 0.00%)
Fold: 3 of 50 Acc: 82.35% Mean: 88.40% (+/- 4.28%)
Fold: 4 of 50 Acc: 97.06% Mean: 90.57% (+/- 5.27%)
Fold: 5 of 50 Acc: 91.18% Mean: 90.69% (+/- 4.72%)
Fold: 6 of 50 Acc: 94.12% Mean: 91.26% (+/- 4.49%)
Fold: 7 of 50 Acc: 100.00% Mean: 92.51% (+/- 5.16%)
Fold: 8 of 50 Acc: 88.24% Mean: 91.97% (+/- 5.03%)
Fold: 9 of 50 Acc: 88.24% Mean: 91.56% (+/- 4.89%)
Fold: 10 of 50 Acc: 85.29% Mean: 90.93% (+/- 5.00%)
Fold: 11 of 50 Acc: 88.57% Mean: 90.72% (+/- 4.82%)
Fold: 12 of 50 Acc: 91.43% Mean: 90.78% (+/- 4.62%)
Fold: 13 of 50 Acc: 88.24% Mean: 90.58% (+/- 4.49%)
Fold: 14 of 50 Acc: 97.06% Mean: 91.04% (+/- 4.64%)
Fold: 15 of 50 Acc: 100.00% Mean: 91.64% (+/- 5.00%)
Fold: 16 of 50 Acc: 85.29% Mean: 91.24% (+/- 5.08%)
Fold: 17 of 50 Acc: 91.18% Mean: 91.24% (+/- 4.93%)
Fold: 18 of 50 Acc: 91.18% Mean: 91.24% (+/- 4.79%)
Fold: 19 of 50 Acc: 97.06% Mean: 91.54% (+/- 4.84%)
Fold: 20 of 50 Acc: 82.35% Mean: 91.08% (+/- 5.13%)
Fold: 21 of 50 Acc: 82.86% Mean: 90.69% (+/- 5.30%)
Fold: 22 of 50 Acc: 94.29% Mean: 90.86% (+/- 5.23%)
Fold: 23 of 50 Acc: 91.18% Mean: 90.87% (+/- 5.12%)
Fold: 24 of 50 Acc: 91.18% Mean: 90.88% (+/- 5.01%)
Fold: 25 of 50 Acc: 97.06% Mean: 91.13% (+/- 5.06%)
Fold: 26 of 50 Acc: 97.06% Mean: 91.36% (+/- 5.09%)
Fold: 27 of 50 Acc: 73.53% Mean: 90.70% (+/- 6.02%)
Fold: 28 of 50 Acc: 97.06% Mean: 90.92% (+/- 6.03%)
Fold: 29 of 50 Acc: 82.35% Mean: 90.63% (+/- 6.13%)
Fold: 30 of 50 Acc: 88.24% Mean: 90.55% (+/- 6.04%)
Fold: 31 of 50 Acc: 91.43% Mean: 90.58% (+/- 5.94%)
Fold: 32 of 50 Acc: 94.29% Mean: 90.69% (+/- 5.89%)
Fold: 33 of 50 Acc: 91.18% Mean: 90.71% (+/- 5.80%)
Fold: 34 of 50 Acc: 94.12% Mean: 90.81% (+/- 5.74%)
Fold: 35 of 50 Acc: 88.24% Mean: 90.73% (+/- 5.67%)
Fold: 36 of 50 Acc: 97.06% Mean: 90.91% (+/- 5.69%)
Fold: 37 of 50 Acc: 94.12% Mean: 91.00% (+/- 5.64%)
Fold: 38 of 50 Acc: 94.12% Mean: 91.08% (+/- 5.58%)
Fold: 39 of 50 Acc: 88.24% Mean: 91.01% (+/- 5.53%)
Fold: 40 of 50 Acc: 88.24% Mean: 90.94% (+/- 5.48%)
Fold: 41 of 50 Acc: 85.71% Mean: 90.81% (+/- 5.47%)
Fold: 42 of 50 Acc: 85.71% Mean: 90.69% (+/- 5.46%)
Fold: 43 of 50 Acc: 79.41% Mean: 90.43% (+/- 5.66%)
Fold: 44 of 50 Acc: 88.24% Mean: 90.38% (+/- 5.60%)
Fold: 45 of 50 Acc: 91.18% Mean: 90.39% (+/- 5.54%)
Fold: 46 of 50 Acc: 91.18% Mean: 90.41% (+/- 5.48%)
Fold: 47 of 50 Acc: 97.06% Mean: 90.55% (+/- 5.51%)
Fold: 48 of 50 Acc: 85.29% Mean: 90.44% (+/- 5.50%)
Fold: 49 of 50 Acc: 88.24% Mean: 90.40% (+/- 5.45%)
Fold: 50 of 50 Acc: 97.06% Mean: 90.53% (+/- 5.48%)
Model Type: DenseNet121
Fold: 1 of 50 Acc: 80.00% Mean: 80.00% (+/- 0.00%)
Fold: 2 of 50 Acc: 91.43% Mean: 85.71% (+/- 5.71%)
Fold: 3 of 50 Acc: 88.24% Mean: 86.55% (+/- 4.81%)
Fold: 4 of 50 Acc: 88.24% Mean: 86.97% (+/- 4.23%)
Fold: 5 of 50 Acc: 88.24% Mean: 87.23% (+/- 3.82%)
Fold: 6 of 50 Acc: 91.18% Mean: 87.89% (+/- 3.78%)
Fold: 7 of 50 Acc: 88.24% Mean: 87.94% (+/- 3.51%)
Fold: 8 of 50 Acc: 82.35% Mean: 87.24% (+/- 3.76%)
Fold: 9 of 50 Acc: 85.29% Mean: 87.02% (+/- 3.60%)
Fold: 10 of 50 Acc: 88.24% Mean: 87.14% (+/- 3.43%)
Fold: 11 of 50 Acc: 88.57% Mean: 87.27% (+/- 3.30%)
Fold: 12 of 50 Acc: 82.86% Mean: 86.90% (+/- 3.39%)
Fold: 13 of 50 Acc: 91.18% Mean: 87.23% (+/- 3.45%)
Fold: 14 of 50 Acc: 100.00% Mean: 88.15% (+/- 4.67%)
Fold: 15 of 50 Acc: 94.12% Mean: 88.54% (+/- 4.76%)
Fold: 16 of 50 Acc: 79.41% Mean: 87.97% (+/- 5.11%)
Fold: 17 of 50 Acc: 94.12% Mean: 88.33% (+/- 5.16%)
Fold: 18 of 50 Acc: 91.18% Mean: 88.49% (+/- 5.06%)
Fold: 19 of 50 Acc: 79.41% Mean: 88.01% (+/- 5.32%)
Fold: 20 of 50 Acc: 88.24% Mean: 88.03% (+/- 5.19%)
Fold: 21 of 50 Acc: 97.14% Mean: 88.46% (+/- 5.42%)
Fold: 22 of 50 Acc: 85.71% Mean: 88.33% (+/- 5.33%)
Fold: 23 of 50 Acc: 82.35% Mean: 88.07% (+/- 5.35%)
Fold: 24 of 50 Acc: 94.12% Mean: 88.33% (+/- 5.38%)
Fold: 25 of 50 Acc: 85.29% Mean: 88.21% (+/- 5.30%)
Fold: 26 of 50 Acc: 97.06% Mean: 88.55% (+/- 5.47%)
Fold: 27 of 50 Acc: 85.29% Mean: 88.43% (+/- 5.40%)
Fold: 28 of 50 Acc: 79.41% Mean: 88.10% (+/- 5.56%)
Fold: 29 of 50 Acc: 76.47% Mean: 87.70% (+/- 5.87%)
Fold: 30 of 50 Acc: 82.35% Mean: 87.52% (+/- 5.85%)
Fold: 31 of 50 Acc: 80.00% Mean: 87.28% (+/- 5.90%)
Fold: 32 of 50 Acc: 88.57% Mean: 87.32% (+/- 5.81%)
Fold: 33 of 50 Acc: 88.24% Mean: 87.35% (+/- 5.73%)
Fold: 34 of 50 Acc: 79.41% Mean: 87.12% (+/- 5.80%)
Fold: 35 of 50 Acc: 94.12% Mean: 87.32% (+/- 5.83%)
Fold: 36 of 50 Acc: 88.24% Mean: 87.34% (+/- 5.75%)
Fold: 37 of 50 Acc: 85.29% Mean: 87.29% (+/- 5.69%)
Fold: 38 of 50 Acc: 85.29% Mean: 87.23% (+/- 5.62%)
Fold: 39 of 50 Acc: 88.24% Mean: 87.26% (+/- 5.55%)
Fold: 40 of 50 Acc: 94.12% Mean: 87.43% (+/- 5.58%)
Fold: 41 of 50 Acc: 85.71% Mean: 87.39% (+/- 5.52%)
Fold: 42 of 50 Acc: 85.71% Mean: 87.35% (+/- 5.46%)
Fold: 43 of 50 Acc: 88.24% Mean: 87.37% (+/- 5.40%)
Fold: 44 of 50 Acc: 88.24% Mean: 87.39% (+/- 5.34%)
Fold: 45 of 50 Acc: 85.29% Mean: 87.34% (+/- 5.29%)
Fold: 46 of 50 Acc: 94.12% Mean: 87.49% (+/- 5.32%)
Fold: 47 of 50 Acc: 94.12% Mean: 87.63% (+/- 5.35%)
Fold: 48 of 50 Acc: 82.35% Mean: 87.52% (+/- 5.35%)
Fold: 49 of 50 Acc: 91.18% Mean: 87.60% (+/- 5.32%)
Fold: 50 of 50 Acc: 82.35% Mean: 87.49% (+/- 5.32%)
Model Type: DenseNet169
Fold: 1 of 50 Acc: 85.71% Mean: 85.71% (+/- 0.00%)
Fold: 2 of 50 Acc: 85.71% Mean: 85.71% (+/- 0.00%)
Fold: 3 of 50 Acc: 94.12% Mean: 88.52% (+/- 3.96%)
Fold: 4 of 50 Acc: 91.18% Mean: 89.18% (+/- 3.62%)
Fold: 5 of 50 Acc: 88.24% Mean: 88.99% (+/- 3.26%)
Fold: 6 of 50 Acc: 91.18% Mean: 89.36% (+/- 3.08%)
Fold: 7 of 50 Acc: 85.29% Mean: 88.78% (+/- 3.19%)
Fold: 8 of 50 Acc: 79.41% Mean: 87.61% (+/- 4.30%)
Fold: 9 of 50 Acc: 85.29% Mean: 87.35% (+/- 4.12%)
Fold: 10 of 50 Acc: 79.41% Mean: 86.55% (+/- 4.58%)
Fold: 11 of 50 Acc: 91.43% Mean: 87.00% (+/- 4.58%)
Fold: 12 of 50 Acc: 82.86% Mean: 86.65% (+/- 4.53%)
Fold: 13 of 50 Acc: 76.47% Mean: 85.87% (+/- 5.13%)
Fold: 14 of 50 Acc: 91.18% Mean: 86.25% (+/- 5.13%)
Fold: 15 of 50 Acc: 91.18% Mean: 86.58% (+/- 5.11%)
Fold: 16 of 50 Acc: 85.29% Mean: 86.50% (+/- 4.95%)
Fold: 17 of 50 Acc: 100.00% Mean: 87.29% (+/- 5.76%)
Fold: 18 of 50 Acc: 91.18% Mean: 87.51% (+/- 5.67%)
Fold: 19 of 50 Acc: 91.18% Mean: 87.70% (+/- 5.58%)
Fold: 20 of 50 Acc: 85.29% Mean: 87.58% (+/- 5.46%)
Fold: 21 of 50 Acc: 80.00% Mean: 87.22% (+/- 5.57%)
Fold: 22 of 50 Acc: 91.43% Mean: 87.41% (+/- 5.51%)
Fold: 23 of 50 Acc: 88.24% Mean: 87.45% (+/- 5.39%)
Fold: 24 of 50 Acc: 88.24% Mean: 87.48% (+/- 5.28%)
Fold: 25 of 50 Acc: 85.29% Mean: 87.39% (+/- 5.19%)
Fold: 26 of 50 Acc: 94.12% Mean: 87.65% (+/- 5.25%)
Fold: 27 of 50 Acc: 91.18% Mean: 87.78% (+/- 5.20%)
Fold: 28 of 50 Acc: 88.24% Mean: 87.80% (+/- 5.11%)
Fold: 29 of 50 Acc: 76.47% Mean: 87.41% (+/- 5.43%)
Fold: 30 of 50 Acc: 85.29% Mean: 87.34% (+/- 5.35%)
Fold: 31 of 50 Acc: 85.71% Mean: 87.28% (+/- 5.27%)
Fold: 32 of 50 Acc: 94.29% Mean: 87.50% (+/- 5.33%)
Fold: 33 of 50 Acc: 91.18% Mean: 87.61% (+/- 5.28%)
Fold: 34 of 50 Acc: 73.53% Mean: 87.20% (+/- 5.72%)
Fold: 35 of 50 Acc: 94.12% Mean: 87.40% (+/- 5.76%)
Fold: 36 of 50 Acc: 91.18% Mean: 87.50% (+/- 5.71%)
Fold: 37 of 50 Acc: 85.29% Mean: 87.44% (+/- 5.64%)
Fold: 38 of 50 Acc: 88.24% Mean: 87.46% (+/- 5.57%)
Fold: 39 of 50 Acc: 85.29% Mean: 87.41% (+/- 5.51%)
Fold: 40 of 50 Acc: 85.29% Mean: 87.36% (+/- 5.45%)
Fold: 41 of 50 Acc: 74.29% Mean: 87.04% (+/- 5.75%)
Fold: 42 of 50 Acc: 91.43% Mean: 87.14% (+/- 5.72%)
Fold: 43 of 50 Acc: 91.18% Mean: 87.23% (+/- 5.69%)
Fold: 44 of 50 Acc: 82.35% Mean: 87.12% (+/- 5.67%)
Fold: 45 of 50 Acc: 88.24% Mean: 87.15% (+/- 5.61%)
Fold: 46 of 50 Acc: 94.12% Mean: 87.30% (+/- 5.64%)
Fold: 47 of 50 Acc: 91.18% Mean: 87.38% (+/- 5.61%)
Fold: 48 of 50 Acc: 76.47% Mean: 87.16% (+/- 5.76%)
Fold: 49 of 50 Acc: 85.29% Mean: 87.12% (+/- 5.71%)
Fold: 50 of 50 Acc: 88.24% Mean: 87.14% (+/- 5.65%)
Model Type: DenseNet201
Fold: 1 of 50 Acc: 77.14% Mean: 77.14% (+/- 0.00%)
Fold: 2 of 50 Acc: 85.71% Mean: 81.43% (+/- 4.29%)
Fold: 3 of 50 Acc: 85.29% Mean: 82.72% (+/- 3.95%)
Fold: 4 of 50 Acc: 85.29% Mean: 83.36% (+/- 3.59%)
Fold: 5 of 50 Acc: 94.12% Mean: 85.51% (+/- 5.37%)
Fold: 6 of 50 Acc: 91.18% Mean: 86.46% (+/- 5.34%)
Fold: 7 of 50 Acc: 79.41% Mean: 85.45% (+/- 5.52%)
Fold: 8 of 50 Acc: 88.24% Mean: 85.80% (+/- 5.25%)
Fold: 9 of 50 Acc: 85.29% Mean: 85.74% (+/- 4.95%)
Fold: 10 of 50 Acc: 82.35% Mean: 85.40% (+/- 4.80%)
Fold: 11 of 50 Acc: 97.14% Mean: 86.47% (+/- 5.69%)
Fold: 12 of 50 Acc: 82.86% Mean: 86.17% (+/- 5.54%)
Fold: 13 of 50 Acc: 85.29% Mean: 86.10% (+/- 5.33%)
Fold: 14 of 50 Acc: 91.18% Mean: 86.46% (+/- 5.30%)
Fold: 15 of 50 Acc: 94.12% Mean: 86.97% (+/- 5.46%)
Fold: 16 of 50 Acc: 82.35% Mean: 86.69% (+/- 5.40%)
Fold: 17 of 50 Acc: 94.12% Mean: 87.12% (+/- 5.53%)
Fold: 18 of 50 Acc: 82.35% Mean: 86.86% (+/- 5.48%)
Fold: 19 of 50 Acc: 79.41% Mean: 86.47% (+/- 5.59%)
Fold: 20 of 50 Acc: 82.35% Mean: 86.26% (+/- 5.52%)
Fold: 21 of 50 Acc: 85.71% Mean: 86.23% (+/- 5.39%)
Fold: 22 of 50 Acc: 91.43% Mean: 86.47% (+/- 5.37%)
Fold: 23 of 50 Acc: 91.18% Mean: 86.68% (+/- 5.34%)
Fold: 24 of 50 Acc: 88.24% Mean: 86.74% (+/- 5.24%)
Fold: 25 of 50 Acc: 91.18% Mean: 86.92% (+/- 5.21%)
Fold: 26 of 50 Acc: 97.06% Mean: 87.31% (+/- 5.47%)
Fold: 27 of 50 Acc: 85.29% Mean: 87.23% (+/- 5.38%)
Fold: 28 of 50 Acc: 94.12% Mean: 87.48% (+/- 5.43%)
Fold: 29 of 50 Acc: 79.41% Mean: 87.20% (+/- 5.54%)
Fold: 30 of 50 Acc: 88.24% Mean: 87.24% (+/- 5.45%)
Fold: 31 of 50 Acc: 82.86% Mean: 87.09% (+/- 5.41%)
Fold: 32 of 50 Acc: 97.14% Mean: 87.41% (+/- 5.61%)
Fold: 33 of 50 Acc: 85.29% Mean: 87.34% (+/- 5.54%)
Fold: 34 of 50 Acc: 73.53% Mean: 86.94% (+/- 5.93%)
Fold: 35 of 50 Acc: 91.18% Mean: 87.06% (+/- 5.89%)
Fold: 36 of 50 Acc: 91.18% Mean: 87.17% (+/- 5.85%)
Fold: 37 of 50 Acc: 79.41% Mean: 86.96% (+/- 5.90%)
Fold: 38 of 50 Acc: 91.18% Mean: 87.07% (+/- 5.86%)
Fold: 39 of 50 Acc: 91.18% Mean: 87.18% (+/- 5.82%)
Fold: 40 of 50 Acc: 88.24% Mean: 87.21% (+/- 5.75%)
Fold: 41 of 50 Acc: 82.86% Mean: 87.10% (+/- 5.72%)
Fold: 42 of 50 Acc: 82.86% Mean: 87.00% (+/- 5.69%)
Fold: 43 of 50 Acc: 88.24% Mean: 87.03% (+/- 5.63%)
Fold: 44 of 50 Acc: 82.35% Mean: 86.92% (+/- 5.61%)
Fold: 45 of 50 Acc: 88.24% Mean: 86.95% (+/- 5.55%)
Fold: 46 of 50 Acc: 91.18% Mean: 87.04% (+/- 5.52%)
Fold: 47 of 50 Acc: 94.12% Mean: 87.19% (+/- 5.56%)
Fold: 48 of 50 Acc: 85.29% Mean: 87.15% (+/- 5.50%)
Fold: 49 of 50 Acc: 85.29% Mean: 87.12% (+/- 5.45%)
Fold: 50 of 50 Acc: 91.18% Mean: 87.20% (+/- 5.43%)
Model Type: NASNetMobile
Fold: 1 of 50 Acc: 65.71% Mean: 65.71% (+/- 0.00%)
Fold: 2 of 50 Acc: 71.43% Mean: 68.57% (+/- 2.86%)
Fold: 3 of 50 Acc: 85.29% Mean: 74.15% (+/- 8.22%)
Fold: 4 of 50 Acc: 79.41% Mean: 75.46% (+/- 7.48%)
Fold: 5 of 50 Acc: 73.53% Mean: 75.08% (+/- 6.73%)
Fold: 6 of 50 Acc: 73.53% Mean: 74.82% (+/- 6.17%)
Fold: 7 of 50 Acc: 73.53% Mean: 74.63% (+/- 5.73%)
Fold: 8 of 50 Acc: 76.47% Mean: 74.86% (+/- 5.40%)
Fold: 9 of 50 Acc: 82.35% Mean: 75.70% (+/- 5.61%)
Fold: 10 of 50 Acc: 82.35% Mean: 76.36% (+/- 5.68%)
Fold: 11 of 50 Acc: 77.14% Mean: 76.43% (+/- 5.42%)
Fold: 12 of 50 Acc: 68.57% Mean: 75.78% (+/- 5.63%)
Fold: 13 of 50 Acc: 73.53% Mean: 75.60% (+/- 5.44%)
Fold: 14 of 50 Acc: 76.47% Mean: 75.67% (+/- 5.25%)
Fold: 15 of 50 Acc: 82.35% Mean: 76.11% (+/- 5.34%)
Fold: 16 of 50 Acc: 73.53% Mean: 75.95% (+/- 5.20%)
Fold: 17 of 50 Acc: 70.59% Mean: 75.64% (+/- 5.20%)
Fold: 18 of 50 Acc: 76.47% Mean: 75.68% (+/- 5.06%)
Fold: 19 of 50 Acc: 79.41% Mean: 75.88% (+/- 5.00%)
Fold: 20 of 50 Acc: 58.82% Mean: 75.03% (+/- 6.13%)
Fold: 21 of 50 Acc: 57.14% Mean: 74.17% (+/- 7.09%)
Fold: 22 of 50 Acc: 88.57% Mean: 74.83% (+/- 7.55%)
Fold: 23 of 50 Acc: 64.71% Mean: 74.39% (+/- 7.66%)
Fold: 24 of 50 Acc: 76.47% Mean: 74.47% (+/- 7.51%)
Fold: 25 of 50 Acc: 88.24% Mean: 75.03% (+/- 7.84%)
Fold: 26 of 50 Acc: 64.71% Mean: 74.63% (+/- 7.94%)
Fold: 27 of 50 Acc: 70.59% Mean: 74.48% (+/- 7.83%)
Fold: 28 of 50 Acc: 76.47% Mean: 74.55% (+/- 7.70%)
Fold: 29 of 50 Acc: 70.59% Mean: 74.41% (+/- 7.60%)
Fold: 30 of 50 Acc: 58.82% Mean: 73.89% (+/- 7.98%)
Fold: 31 of 50 Acc: 74.29% Mean: 73.91% (+/- 7.85%)
Fold: 32 of 50 Acc: 77.14% Mean: 74.01% (+/- 7.74%)
Fold: 33 of 50 Acc: 88.24% Mean: 74.44% (+/- 8.01%)
Fold: 34 of 50 Acc: 67.65% Mean: 74.24% (+/- 7.97%)
Fold: 35 of 50 Acc: 76.47% Mean: 74.30% (+/- 7.86%)
Fold: 36 of 50 Acc: 70.59% Mean: 74.20% (+/- 7.78%)
Fold: 37 of 50 Acc: 82.35% Mean: 74.42% (+/- 7.79%)
Fold: 38 of 50 Acc: 70.59% Mean: 74.32% (+/- 7.71%)
Fold: 39 of 50 Acc: 76.47% Mean: 74.37% (+/- 7.62%)
Fold: 40 of 50 Acc: 73.53% Mean: 74.35% (+/- 7.52%)
Fold: 41 of 50 Acc: 74.29% Mean: 74.35% (+/- 7.43%)
Fold: 42 of 50 Acc: 71.43% Mean: 74.28% (+/- 7.35%)
Fold: 43 of 50 Acc: 79.41% Mean: 74.40% (+/- 7.31%)
Fold: 44 of 50 Acc: 85.29% Mean: 74.65% (+/- 7.40%)
Fold: 45 of 50 Acc: 70.59% Mean: 74.56% (+/- 7.35%)
Fold: 46 of 50 Acc: 70.59% Mean: 74.47% (+/- 7.29%)
Fold: 47 of 50 Acc: 79.41% Mean: 74.58% (+/- 7.25%)
Fold: 48 of 50 Acc: 67.65% Mean: 74.43% (+/- 7.24%)
Fold: 49 of 50 Acc: 70.59% Mean: 74.35% (+/- 7.18%)
Fold: 50 of 50 Acc: 85.29% Mean: 74.57% (+/- 7.28%)
Model Type: MobileNetV2
Fold: 1 of 50 Acc: 77.14% Mean: 77.14% (+/- 0.00%)
Fold: 2 of 50 Acc: 71.43% Mean: 74.29% (+/- 2.86%)
Fold: 3 of 50 Acc: 82.35% Mean: 76.97% (+/- 4.46%)
Fold: 4 of 50 Acc: 82.35% Mean: 78.32% (+/- 4.51%)
Fold: 5 of 50 Acc: 85.29% Mean: 79.71% (+/- 4.91%)
Fold: 6 of 50 Acc: 85.29% Mean: 80.64% (+/- 4.94%)
Fold: 7 of 50 Acc: 82.35% Mean: 80.89% (+/- 4.61%)
Fold: 8 of 50 Acc: 85.29% Mean: 81.44% (+/- 4.55%)
Fold: 9 of 50 Acc: 79.41% Mean: 81.21% (+/- 4.34%)
Fold: 10 of 50 Acc: 76.47% Mean: 80.74% (+/- 4.35%)
Fold: 11 of 50 Acc: 94.29% Mean: 81.97% (+/- 5.69%)
Fold: 12 of 50 Acc: 80.00% Mean: 81.81% (+/- 5.48%)
Fold: 13 of 50 Acc: 88.24% Mean: 82.30% (+/- 5.53%)
Fold: 14 of 50 Acc: 91.18% Mean: 82.94% (+/- 5.80%)
Fold: 15 of 50 Acc: 91.18% Mean: 83.48% (+/- 5.97%)
Fold: 16 of 50 Acc: 85.29% Mean: 83.60% (+/- 5.80%)
Fold: 17 of 50 Acc: 79.41% Mean: 83.35% (+/- 5.71%)
Fold: 18 of 50 Acc: 97.06% Mean: 84.11% (+/- 6.38%)
Fold: 19 of 50 Acc: 58.82% Mean: 82.78% (+/- 8.39%)
Fold: 20 of 50 Acc: 79.41% Mean: 82.61% (+/- 8.21%)
Fold: 21 of 50 Acc: 74.29% Mean: 82.22% (+/- 8.21%)
Fold: 22 of 50 Acc: 77.14% Mean: 81.99% (+/- 8.09%)
Fold: 23 of 50 Acc: 79.41% Mean: 81.87% (+/- 7.93%)
Fold: 24 of 50 Acc: 76.47% Mean: 81.65% (+/- 7.84%)
Fold: 25 of 50 Acc: 85.29% Mean: 81.79% (+/- 7.71%)
Fold: 26 of 50 Acc: 91.18% Mean: 82.16% (+/- 7.77%)
Fold: 27 of 50 Acc: 88.24% Mean: 82.38% (+/- 7.71%)
Fold: 28 of 50 Acc: 55.88% Mean: 81.43% (+/- 9.03%)
Fold: 29 of 50 Acc: 70.59% Mean: 81.06% (+/- 9.09%)
Fold: 30 of 50 Acc: 73.53% Mean: 80.81% (+/- 9.04%)
Fold: 31 of 50 Acc: 82.86% Mean: 80.88% (+/- 8.90%)
Fold: 32 of 50 Acc: 91.43% Mean: 81.21% (+/- 8.95%)
Fold: 33 of 50 Acc: 79.41% Mean: 81.15% (+/- 8.82%)
Fold: 34 of 50 Acc: 76.47% Mean: 81.01% (+/- 8.72%)
Fold: 35 of 50 Acc: 85.29% Mean: 81.14% (+/- 8.63%)
Fold: 36 of 50 Acc: 88.24% Mean: 81.33% (+/- 8.59%)
Fold: 37 of 50 Acc: 64.71% Mean: 80.88% (+/- 8.89%)
Fold: 38 of 50 Acc: 94.12% Mean: 81.23% (+/- 9.02%)
Fold: 39 of 50 Acc: 76.47% Mean: 81.11% (+/- 8.94%)
Fold: 40 of 50 Acc: 76.47% Mean: 80.99% (+/- 8.86%)
Fold: 41 of 50 Acc: 82.86% Mean: 81.04% (+/- 8.75%)
Fold: 42 of 50 Acc: 85.71% Mean: 81.15% (+/- 8.68%)
Fold: 43 of 50 Acc: 73.53% Mean: 80.97% (+/- 8.65%)
Fold: 44 of 50 Acc: 85.29% Mean: 81.07% (+/- 8.58%)
Fold: 45 of 50 Acc: 73.53% Mean: 80.90% (+/- 8.55%)
Fold: 46 of 50 Acc: 82.35% Mean: 80.94% (+/- 8.46%)
Fold: 47 of 50 Acc: 85.29% Mean: 81.03% (+/- 8.40%)
Fold: 48 of 50 Acc: 73.53% Mean: 80.87% (+/- 8.38%)
Fold: 49 of 50 Acc: 82.35% Mean: 80.90% (+/- 8.29%)
Fold: 50 of 50 Acc: 82.35% Mean: 80.93% (+/- 8.21%)
Model Type: EfficientNetB0
Fold: 1 of 50 Acc: 82.86% Mean: 82.86% (+/- 0.00%)
Fold: 2 of 50 Acc: 91.43% Mean: 87.14% (+/- 4.29%)
Fold: 3 of 50 Acc: 73.53% Mean: 82.61% (+/- 7.31%)
Fold: 4 of 50 Acc: 88.24% Mean: 84.01% (+/- 6.78%)
Fold: 5 of 50 Acc: 82.35% Mean: 83.68% (+/- 6.10%)
Fold: 6 of 50 Acc: 88.24% Mean: 84.44% (+/- 5.82%)
Fold: 7 of 50 Acc: 88.24% Mean: 84.98% (+/- 5.55%)
Fold: 8 of 50 Acc: 91.18% Mean: 85.76% (+/- 5.58%)
Fold: 9 of 50 Acc: 88.24% Mean: 86.03% (+/- 5.32%)
Fold: 10 of 50 Acc: 85.29% Mean: 85.96% (+/- 5.05%)
Fold: 11 of 50 Acc: 88.57% Mean: 86.20% (+/- 4.88%)
Fold: 12 of 50 Acc: 74.29% Mean: 85.20% (+/- 5.71%)
Fold: 13 of 50 Acc: 91.18% Mean: 85.66% (+/- 5.72%)
Fold: 14 of 50 Acc: 91.18% Mean: 86.06% (+/- 5.69%)
Fold: 15 of 50 Acc: 85.29% Mean: 86.01% (+/- 5.50%)
Fold: 16 of 50 Acc: 85.29% Mean: 85.96% (+/- 5.33%)
Fold: 17 of 50 Acc: 82.35% Mean: 85.75% (+/- 5.24%)
Fold: 18 of 50 Acc: 97.06% Mean: 86.38% (+/- 5.71%)
Fold: 19 of 50 Acc: 85.29% Mean: 86.32% (+/- 5.56%)
Fold: 20 of 50 Acc: 85.29% Mean: 86.27% (+/- 5.43%)
Fold: 21 of 50 Acc: 88.57% Mean: 86.38% (+/- 5.32%)
Fold: 22 of 50 Acc: 82.86% Mean: 86.22% (+/- 5.25%)
Fold: 23 of 50 Acc: 91.18% Mean: 86.43% (+/- 5.23%)
Fold: 24 of 50 Acc: 91.18% Mean: 86.63% (+/- 5.21%)
Fold: 25 of 50 Acc: 82.35% Mean: 86.46% (+/- 5.17%)
Fold: 26 of 50 Acc: 88.24% Mean: 86.53% (+/- 5.08%)
Fold: 27 of 50 Acc: 76.47% Mean: 86.16% (+/- 5.34%)
Fold: 28 of 50 Acc: 88.24% Mean: 86.23% (+/- 5.25%)
Fold: 29 of 50 Acc: 94.12% Mean: 86.50% (+/- 5.36%)
Fold: 30 of 50 Acc: 85.29% Mean: 86.46% (+/- 5.27%)
Fold: 31 of 50 Acc: 88.57% Mean: 86.53% (+/- 5.20%)
Fold: 32 of 50 Acc: 94.29% Mean: 86.77% (+/- 5.30%)
Fold: 33 of 50 Acc: 79.41% Mean: 86.55% (+/- 5.36%)
Fold: 34 of 50 Acc: 79.41% Mean: 86.34% (+/- 5.42%)
Fold: 35 of 50 Acc: 85.29% Mean: 86.31% (+/- 5.35%)
Fold: 36 of 50 Acc: 70.59% Mean: 85.87% (+/- 5.87%)
Fold: 37 of 50 Acc: 85.29% Mean: 85.86% (+/- 5.79%)
Fold: 38 of 50 Acc: 82.35% Mean: 85.77% (+/- 5.74%)
Fold: 39 of 50 Acc: 79.41% Mean: 85.60% (+/- 5.76%)
Fold: 40 of 50 Acc: 94.12% Mean: 85.82% (+/- 5.84%)
Fold: 41 of 50 Acc: 94.29% Mean: 86.02% (+/- 5.91%)
Fold: 42 of 50 Acc: 77.14% Mean: 85.81% (+/- 6.00%)
Fold: 43 of 50 Acc: 94.12% Mean: 86.00% (+/- 6.06%)
Fold: 44 of 50 Acc: 85.29% Mean: 85.99% (+/- 5.99%)
Fold: 45 of 50 Acc: 82.35% Mean: 85.91% (+/- 5.95%)
Fold: 46 of 50 Acc: 97.06% Mean: 86.15% (+/- 6.10%)
Fold: 47 of 50 Acc: 91.18% Mean: 86.26% (+/- 6.08%)
Fold: 48 of 50 Acc: 70.59% Mean: 85.93% (+/- 6.42%)
Fold: 49 of 50 Acc: 88.24% Mean: 85.98% (+/- 6.36%)
Fold: 50 of 50 Acc: 82.35% Mean: 85.90% (+/- 6.32%)
Model Type: EfficientNetB1
Fold: 1 of 50 Acc: 71.43% Mean: 71.43% (+/- 0.00%)
Fold: 2 of 50 Acc: 94.29% Mean: 82.86% (+/- 11.43%)
Fold: 3 of 50 Acc: 76.47% Mean: 80.73% (+/- 9.81%)
Fold: 4 of 50 Acc: 73.53% Mean: 78.93% (+/- 9.05%)
Fold: 5 of 50 Acc: 85.29% Mean: 80.20% (+/- 8.48%)
Fold: 6 of 50 Acc: 91.18% Mean: 82.03% (+/- 8.76%)
Fold: 7 of 50 Acc: 82.35% Mean: 82.08% (+/- 8.11%)
Fold: 8 of 50 Acc: 79.41% Mean: 81.74% (+/- 7.64%)
Fold: 9 of 50 Acc: 70.59% Mean: 80.50% (+/- 8.01%)
Fold: 10 of 50 Acc: 85.29% Mean: 80.98% (+/- 7.73%)
Fold: 11 of 50 Acc: 77.14% Mean: 80.63% (+/- 7.45%)
Fold: 12 of 50 Acc: 85.71% Mean: 81.06% (+/- 7.27%)
Fold: 13 of 50 Acc: 85.29% Mean: 81.38% (+/- 7.08%)
Fold: 14 of 50 Acc: 76.47% Mean: 81.03% (+/- 6.94%)
Fold: 15 of 50 Acc: 94.12% Mean: 81.90% (+/- 7.45%)
Fold: 16 of 50 Acc: 91.18% Mean: 82.48% (+/- 7.56%)
Fold: 17 of 50 Acc: 79.41% Mean: 82.30% (+/- 7.37%)
Fold: 18 of 50 Acc: 91.18% Mean: 82.80% (+/- 7.44%)
Fold: 19 of 50 Acc: 70.59% Mean: 82.15% (+/- 7.74%)
Fold: 20 of 50 Acc: 82.35% Mean: 82.16% (+/- 7.55%)
Fold: 21 of 50 Acc: 77.14% Mean: 81.92% (+/- 7.44%)
Fold: 22 of 50 Acc: 82.86% Mean: 81.97% (+/- 7.27%)
Fold: 23 of 50 Acc: 79.41% Mean: 81.86% (+/- 7.13%)
Fold: 24 of 50 Acc: 91.18% Mean: 82.24% (+/- 7.23%)
Fold: 25 of 50 Acc: 79.41% Mean: 82.13% (+/- 7.10%)
Fold: 26 of 50 Acc: 88.24% Mean: 82.37% (+/- 7.06%)
Fold: 27 of 50 Acc: 73.53% Mean: 82.04% (+/- 7.13%)
Fold: 28 of 50 Acc: 88.24% Mean: 82.26% (+/- 7.09%)
Fold: 29 of 50 Acc: 79.41% Mean: 82.16% (+/- 6.99%)
Fold: 30 of 50 Acc: 88.24% Mean: 82.36% (+/- 6.96%)
Fold: 31 of 50 Acc: 88.57% Mean: 82.56% (+/- 6.93%)
Fold: 32 of 50 Acc: 94.29% Mean: 82.93% (+/- 7.12%)
Fold: 33 of 50 Acc: 76.47% Mean: 82.73% (+/- 7.10%)
Fold: 34 of 50 Acc: 76.47% Mean: 82.55% (+/- 7.07%)
Fold: 35 of 50 Acc: 82.35% Mean: 82.55% (+/- 6.97%)
Fold: 36 of 50 Acc: 79.41% Mean: 82.46% (+/- 6.89%)
Fold: 37 of 50 Acc: 79.41% Mean: 82.38% (+/- 6.82%)
Fold: 38 of 50 Acc: 88.24% Mean: 82.53% (+/- 6.79%)
Fold: 39 of 50 Acc: 85.29% Mean: 82.60% (+/- 6.72%)
Fold: 40 of 50 Acc: 100.00% Mean: 83.04% (+/- 7.17%)
Fold: 41 of 50 Acc: 82.86% Mean: 83.03% (+/- 7.08%)
Fold: 42 of 50 Acc: 85.71% Mean: 83.10% (+/- 7.01%)
Fold: 43 of 50 Acc: 85.29% Mean: 83.15% (+/- 6.93%)
Fold: 44 of 50 Acc: 82.35% Mean: 83.13% (+/- 6.86%)
Fold: 45 of 50 Acc: 94.12% Mean: 83.37% (+/- 6.97%)
Fold: 46 of 50 Acc: 85.29% Mean: 83.41% (+/- 6.90%)
Fold: 47 of 50 Acc: 88.24% Mean: 83.52% (+/- 6.86%)
Fold: 48 of 50 Acc: 73.53% Mean: 83.31% (+/- 6.94%)
Fold: 49 of 50 Acc: 88.24% Mean: 83.41% (+/- 6.90%)
Fold: 50 of 50 Acc: 85.29% Mean: 83.45% (+/- 6.84%)
Model Type: EfficientNetB2
Fold: 1 of 50 Acc: 74.29% Mean: 74.29% (+/- 0.00%)
Fold: 2 of 50 Acc: 85.71% Mean: 80.00% (+/- 5.71%)
Fold: 3 of 50 Acc: 82.35% Mean: 80.78% (+/- 4.80%)
Fold: 4 of 50 Acc: 85.29% Mean: 81.91% (+/- 4.59%)
Fold: 5 of 50 Acc: 85.29% Mean: 82.59% (+/- 4.32%)
Fold: 6 of 50 Acc: 88.24% Mean: 83.53% (+/- 4.47%)
Fold: 7 of 50 Acc: 85.29% Mean: 83.78% (+/- 4.19%)
Fold: 8 of 50 Acc: 82.35% Mean: 83.60% (+/- 3.94%)
Fold: 9 of 50 Acc: 85.29% Mean: 83.79% (+/- 3.76%)
Fold: 10 of 50 Acc: 88.24% Mean: 84.24% (+/- 3.80%)
Fold: 11 of 50 Acc: 91.43% Mean: 84.89% (+/- 4.18%)
Fold: 12 of 50 Acc: 82.86% Mean: 84.72% (+/- 4.04%)
Fold: 13 of 50 Acc: 82.35% Mean: 84.54% (+/- 3.93%)
Fold: 14 of 50 Acc: 85.29% Mean: 84.59% (+/- 3.79%)
Fold: 15 of 50 Acc: 88.24% Mean: 84.83% (+/- 3.77%)
Fold: 16 of 50 Acc: 91.18% Mean: 85.23% (+/- 3.96%)
Fold: 17 of 50 Acc: 79.41% Mean: 84.89% (+/- 4.08%)
Fold: 18 of 50 Acc: 88.24% Mean: 85.07% (+/- 4.04%)
Fold: 19 of 50 Acc: 88.24% Mean: 85.24% (+/- 4.00%)
Fold: 20 of 50 Acc: 85.29% Mean: 85.24% (+/- 3.89%)
Fold: 21 of 50 Acc: 82.86% Mean: 85.13% (+/- 3.83%)
Fold: 22 of 50 Acc: 77.14% Mean: 84.77% (+/- 4.10%)
Fold: 23 of 50 Acc: 88.24% Mean: 84.92% (+/- 4.07%)
Fold: 24 of 50 Acc: 91.18% Mean: 85.18% (+/- 4.18%)
Fold: 25 of 50 Acc: 79.41% Mean: 84.95% (+/- 4.25%)
Fold: 26 of 50 Acc: 94.12% Mean: 85.30% (+/- 4.52%)
Fold: 27 of 50 Acc: 82.35% Mean: 85.19% (+/- 4.47%)
Fold: 28 of 50 Acc: 88.24% Mean: 85.30% (+/- 4.43%)
Fold: 29 of 50 Acc: 82.35% Mean: 85.20% (+/- 4.38%)
Fold: 30 of 50 Acc: 76.47% Mean: 84.91% (+/- 4.59%)
Fold: 31 of 50 Acc: 80.00% Mean: 84.75% (+/- 4.59%)
Fold: 32 of 50 Acc: 88.57% Mean: 84.87% (+/- 4.57%)
Fold: 33 of 50 Acc: 88.24% Mean: 84.97% (+/- 4.54%)
Fold: 34 of 50 Acc: 82.35% Mean: 84.89% (+/- 4.49%)
Fold: 35 of 50 Acc: 88.24% Mean: 84.99% (+/- 4.46%)
Fold: 36 of 50 Acc: 79.41% Mean: 84.83% (+/- 4.49%)
Fold: 37 of 50 Acc: 76.47% Mean: 84.61% (+/- 4.64%)
Fold: 38 of 50 Acc: 94.12% Mean: 84.86% (+/- 4.82%)
Fold: 39 of 50 Acc: 91.18% Mean: 85.02% (+/- 4.86%)
Fold: 40 of 50 Acc: 94.12% Mean: 85.25% (+/- 5.01%)
Fold: 41 of 50 Acc: 85.71% Mean: 85.26% (+/- 4.95%)
Fold: 42 of 50 Acc: 85.71% Mean: 85.27% (+/- 4.89%)
Fold: 43 of 50 Acc: 88.24% Mean: 85.34% (+/- 4.85%)
Fold: 44 of 50 Acc: 88.24% Mean: 85.40% (+/- 4.81%)
Fold: 45 of 50 Acc: 94.12% Mean: 85.60% (+/- 4.93%)
Fold: 46 of 50 Acc: 73.53% Mean: 85.34% (+/- 5.18%)
Fold: 47 of 50 Acc: 91.18% Mean: 85.46% (+/- 5.20%)
Fold: 48 of 50 Acc: 73.53% Mean: 85.21% (+/- 5.42%)
Fold: 49 of 50 Acc: 85.29% Mean: 85.21% (+/- 5.36%)
Fold: 50 of 50 Acc: 85.29% Mean: 85.22% (+/- 5.31%)

