Machine: PRECISION
Date: 20/02/2023 Time: 01:36:06
Config.: F
Alternative Dense Layer: False
Pooling Application Layer: avg
Data Augmentation: False
Data Augmentation Multiplier: 1
Fine Tuning: True
Multi Optimizer: True
Optimizer: Adam
Batch Size: 16
Restore Best Weights: False
Model: MobileNet

Instance: 1 Fold: 1 of 50 Acc: 85.71% Mean: 85.71% (+/- 0.00%)
Instance: 1 Fold: 2 of 50 Acc: 88.57% Mean: 87.14% (+/- 1.43%)
Instance: 1 Fold: 3 of 50 Acc: 88.24% Mean: 87.51% (+/- 1.28%)
Instance: 1 Fold: 4 of 50 Acc: 94.12% Mean: 89.16% (+/- 3.07%)
Instance: 1 Fold: 5 of 50 Acc: 94.12% Mean: 90.15% (+/- 3.39%)
Instance: 1 Fold: 6 of 50 Acc: 91.18% Mean: 90.32% (+/- 3.11%)
Instance: 1 Fold: 7 of 50 Acc: 94.12% Mean: 90.86% (+/- 3.17%)
Instance: 1 Fold: 8 of 50 Acc: 85.29% Mean: 90.17% (+/- 3.49%)
Instance: 1 Fold: 9 of 50 Acc: 91.18% Mean: 90.28% (+/- 3.31%)
Instance: 1 Fold: 10 of 50 Acc: 82.35% Mean: 89.49% (+/- 3.94%)
Instance: 1 Fold: 11 of 50 Acc: 88.57% Mean: 89.40% (+/- 3.76%)
Instance: 1 Fold: 12 of 50 Acc: 91.43% Mean: 89.57% (+/- 3.65%)
Instance: 1 Fold: 13 of 50 Acc: 91.18% Mean: 89.70% (+/- 3.53%)
Instance: 1 Fold: 14 of 50 Acc: 97.06% Mean: 90.22% (+/- 3.89%)
Instance: 1 Fold: 15 of 50 Acc: 94.12% Mean: 90.48% (+/- 3.89%)
Instance: 1 Fold: 16 of 50 Acc: 82.35% Mean: 89.97% (+/- 4.25%)
Instance: 1 Fold: 17 of 50 Acc: 97.06% Mean: 90.39% (+/- 4.44%)
Instance: 1 Fold: 18 of 50 Acc: 94.12% Mean: 90.60% (+/- 4.40%)
Instance: 1 Fold: 19 of 50 Acc: 94.12% Mean: 90.78% (+/- 4.36%)
Instance: 1 Fold: 20 of 50 Acc: 79.41% Mean: 90.21% (+/- 4.92%)
Instance: 1 Fold: 21 of 50 Acc: 85.71% Mean: 90.00% (+/- 4.89%)
Instance: 1 Fold: 22 of 50 Acc: 94.29% Mean: 90.19% (+/- 4.86%)
Instance: 1 Fold: 23 of 50 Acc: 88.24% Mean: 90.11% (+/- 4.77%)
Instance: 1 Fold: 24 of 50 Acc: 85.29% Mean: 89.91% (+/- 4.77%)
Instance: 1 Fold: 25 of 50 Acc: 94.12% Mean: 90.08% (+/- 4.75%)
Instance: 1 Fold: 26 of 50 Acc: 97.06% Mean: 90.35% (+/- 4.84%)
Instance: 1 Fold: 27 of 50 Acc: 85.29% Mean: 90.16% (+/- 4.85%)
Instance: 1 Fold: 28 of 50 Acc: 97.06% Mean: 90.41% (+/- 4.93%)
Instance: 1 Fold: 29 of 50 Acc: 94.12% Mean: 90.53% (+/- 4.89%)
Instance: 1 Fold: 30 of 50 Acc: 85.29% Mean: 90.36% (+/- 4.90%)
Instance: 1 Fold: 31 of 50 Acc: 94.29% Mean: 90.49% (+/- 4.87%)
Instance: 1 Fold: 32 of 50 Acc: 97.14% Mean: 90.69% (+/- 4.93%)
Instance: 1 Fold: 33 of 50 Acc: 88.24% Mean: 90.62% (+/- 4.87%)
Instance: 1 Fold: 34 of 50 Acc: 91.18% Mean: 90.64% (+/- 4.80%)
Instance: 1 Fold: 35 of 50 Acc: 85.29% Mean: 90.48% (+/- 4.82%)
Instance: 1 Fold: 36 of 50 Acc: 88.24% Mean: 90.42% (+/- 4.76%)
Instance: 1 Fold: 37 of 50 Acc: 94.12% Mean: 90.52% (+/- 4.74%)
Instance: 1 Fold: 38 of 50 Acc: 94.12% Mean: 90.61% (+/- 4.71%)
Instance: 1 Fold: 39 of 50 Acc: 88.24% Mean: 90.55% (+/- 4.66%)
Instance: 1 Fold: 40 of 50 Acc: 94.12% Mean: 90.64% (+/- 4.64%)
Instance: 1 Fold: 41 of 50 Acc: 91.43% Mean: 90.66% (+/- 4.58%)
Instance: 1 Fold: 42 of 50 Acc: 91.43% Mean: 90.68% (+/- 4.53%)
Instance: 1 Fold: 43 of 50 Acc: 85.29% Mean: 90.56% (+/- 4.55%)
Instance: 1 Fold: 44 of 50 Acc: 91.18% Mean: 90.57% (+/- 4.50%)
Instance: 1 Fold: 45 of 50 Acc: 97.06% Mean: 90.71% (+/- 4.55%)
Instance: 1 Fold: 46 of 50 Acc: 97.06% Mean: 90.85% (+/- 4.60%)
Instance: 1 Fold: 47 of 50 Acc: 97.06% Mean: 90.98% (+/- 4.63%)
Instance: 1 Fold: 48 of 50 Acc: 88.24% Mean: 90.93% (+/- 4.60%)
Instance: 1 Fold: 49 of 50 Acc: 94.12% Mean: 90.99% (+/- 4.58%)
Instance: 1 Fold: 50 of 50 Acc: 94.12% Mean: 91.05% (+/- 4.55%)
Instance: 2 Fold: 1 of 50 Acc: 88.57% Mean: 91.01% (+/- 4.52%)
Instance: 2 Fold: 2 of 50 Acc: 82.86% Mean: 90.85% (+/- 4.61%)
Instance: 2 Fold: 3 of 50 Acc: 88.24% Mean: 90.80% (+/- 4.58%)
Instance: 2 Fold: 4 of 50 Acc: 91.18% Mean: 90.81% (+/- 4.54%)
Instance: 2 Fold: 5 of 50 Acc: 97.06% Mean: 90.92% (+/- 4.58%)
Instance: 2 Fold: 6 of 50 Acc: 94.12% Mean: 90.98% (+/- 4.56%)
Instance: 2 Fold: 7 of 50 Acc: 94.12% Mean: 91.03% (+/- 4.53%)
Instance: 2 Fold: 8 of 50 Acc: 82.35% Mean: 90.88% (+/- 4.64%)
Instance: 2 Fold: 9 of 50 Acc: 91.18% Mean: 90.89% (+/- 4.60%)
Instance: 2 Fold: 10 of 50 Acc: 91.18% Mean: 90.89% (+/- 4.56%)
Instance: 2 Fold: 11 of 50 Acc: 94.29% Mean: 90.95% (+/- 4.54%)
Instance: 2 Fold: 12 of 50 Acc: 91.43% Mean: 90.96% (+/- 4.50%)
Instance: 2 Fold: 13 of 50 Acc: 88.24% Mean: 90.91% (+/- 4.48%)
Instance: 2 Fold: 14 of 50 Acc: 91.18% Mean: 90.92% (+/- 4.45%)
Instance: 2 Fold: 15 of 50 Acc: 100.00% Mean: 91.06% (+/- 4.55%)
Instance: 2 Fold: 16 of 50 Acc: 79.41% Mean: 90.88% (+/- 4.74%)
Instance: 2 Fold: 17 of 50 Acc: 85.29% Mean: 90.80% (+/- 4.75%)
Instance: 2 Fold: 18 of 50 Acc: 91.18% Mean: 90.80% (+/- 4.71%)
Instance: 2 Fold: 19 of 50 Acc: 97.06% Mean: 90.89% (+/- 4.74%)
Instance: 2 Fold: 20 of 50 Acc: 76.47% Mean: 90.69% (+/- 5.01%)
Instance: 2 Fold: 21 of 50 Acc: 88.57% Mean: 90.66% (+/- 4.98%)
Instance: 2 Fold: 22 of 50 Acc: 88.57% Mean: 90.63% (+/- 4.95%)
Instance: 2 Fold: 23 of 50 Acc: 85.29% Mean: 90.55% (+/- 4.95%)
Instance: 2 Fold: 24 of 50 Acc: 76.47% Mean: 90.36% (+/- 5.18%)
Instance: 2 Fold: 25 of 50 Acc: 94.12% Mean: 90.41% (+/- 5.16%)
Instance: 2 Fold: 26 of 50 Acc: 94.12% Mean: 90.46% (+/- 5.15%)
Instance: 2 Fold: 27 of 50 Acc: 76.47% Mean: 90.28% (+/- 5.35%)
Instance: 2 Fold: 28 of 50 Acc: 88.24% Mean: 90.26% (+/- 5.32%)
Instance: 2 Fold: 29 of 50 Acc: 88.24% Mean: 90.23% (+/- 5.30%)
Instance: 2 Fold: 30 of 50 Acc: 73.53% Mean: 90.02% (+/- 5.58%)
Instance: 2 Fold: 31 of 50 Acc: 91.43% Mean: 90.04% (+/- 5.55%)
Instance: 2 Fold: 32 of 50 Acc: 97.14% Mean: 90.13% (+/- 5.57%)
Instance: 2 Fold: 33 of 50 Acc: 85.29% Mean: 90.07% (+/- 5.56%)
Instance: 2 Fold: 34 of 50 Acc: 85.29% Mean: 90.01% (+/- 5.55%)
Instance: 2 Fold: 35 of 50 Acc: 91.18% Mean: 90.02% (+/- 5.52%)
Instance: 2 Fold: 36 of 50 Acc: 91.18% Mean: 90.04% (+/- 5.49%)
Instance: 2 Fold: 37 of 50 Acc: 91.18% Mean: 90.05% (+/- 5.46%)
Instance: 2 Fold: 38 of 50 Acc: 94.12% Mean: 90.10% (+/- 5.44%)
Instance: 2 Fold: 39 of 50 Acc: 91.18% Mean: 90.11% (+/- 5.42%)
Instance: 2 Fold: 40 of 50 Acc: 91.18% Mean: 90.12% (+/- 5.39%)
Instance: 2 Fold: 41 of 50 Acc: 85.71% Mean: 90.07% (+/- 5.38%)
Instance: 2 Fold: 42 of 50 Acc: 85.71% Mean: 90.02% (+/- 5.37%)
Instance: 2 Fold: 43 of 50 Acc: 82.35% Mean: 89.94% (+/- 5.40%)
Instance: 2 Fold: 44 of 50 Acc: 88.24% Mean: 89.92% (+/- 5.37%)
Instance: 2 Fold: 45 of 50 Acc: 97.06% Mean: 90.00% (+/- 5.39%)
Instance: 2 Fold: 46 of 50 Acc: 91.18% Mean: 90.01% (+/- 5.36%)
Instance: 2 Fold: 47 of 50 Acc: 94.12% Mean: 90.05% (+/- 5.35%)
Instance: 2 Fold: 48 of 50 Acc: 94.12% Mean: 90.10% (+/- 5.34%)
Instance: 2 Fold: 49 of 50 Acc: 88.24% Mean: 90.08% (+/- 5.32%)
Instance: 2 Fold: 50 of 50 Acc: 94.12% Mean: 90.12% (+/- 5.31%)
Instance: 3 Fold: 1 of 50 Acc: 85.71% Mean: 90.07% (+/- 5.30%)
Instance: 3 Fold: 2 of 50 Acc: 85.71% Mean: 90.03% (+/- 5.29%)
Instance: 3 Fold: 3 of 50 Acc: 88.24% Mean: 90.01% (+/- 5.27%)
Instance: 3 Fold: 4 of 50 Acc: 94.12% Mean: 90.05% (+/- 5.26%)
Instance: 3 Fold: 5 of 50 Acc: 100.00% Mean: 90.15% (+/- 5.32%)
Instance: 3 Fold: 6 of 50 Acc: 94.12% Mean: 90.18% (+/- 5.31%)
Instance: 3 Fold: 7 of 50 Acc: 88.24% Mean: 90.17% (+/- 5.29%)
Instance: 3 Fold: 8 of 50 Acc: 85.29% Mean: 90.12% (+/- 5.28%)
Instance: 3 Fold: 9 of 50 Acc: 94.12% Mean: 90.16% (+/- 5.27%)
Instance: 3 Fold: 10 of 50 Acc: 88.24% Mean: 90.14% (+/- 5.25%)
Instance: 3 Fold: 11 of 50 Acc: 94.29% Mean: 90.18% (+/- 5.24%)
Instance: 3 Fold: 12 of 50 Acc: 91.43% Mean: 90.19% (+/- 5.22%)
Instance: 3 Fold: 13 of 50 Acc: 94.12% Mean: 90.22% (+/- 5.21%)
Instance: 3 Fold: 14 of 50 Acc: 88.24% Mean: 90.21% (+/- 5.19%)
Instance: 3 Fold: 15 of 50 Acc: 97.06% Mean: 90.27% (+/- 5.21%)
Instance: 3 Fold: 16 of 50 Acc: 88.24% Mean: 90.25% (+/- 5.19%)
Instance: 3 Fold: 17 of 50 Acc: 88.24% Mean: 90.23% (+/- 5.17%)
Instance: 3 Fold: 18 of 50 Acc: 94.12% Mean: 90.26% (+/- 5.16%)
Instance: 3 Fold: 19 of 50 Acc: 97.06% Mean: 90.32% (+/- 5.17%)
Instance: 3 Fold: 20 of 50 Acc: 76.47% Mean: 90.21% (+/- 5.30%)
Instance: 3 Fold: 21 of 50 Acc: 85.71% Mean: 90.17% (+/- 5.30%)
Instance: 3 Fold: 22 of 50 Acc: 88.57% Mean: 90.16% (+/- 5.28%)
Instance: 3 Fold: 23 of 50 Acc: 82.35% Mean: 90.09% (+/- 5.30%)
Instance: 3 Fold: 24 of 50 Acc: 82.35% Mean: 90.03% (+/- 5.33%)
Instance: 3 Fold: 25 of 50 Acc: 100.00% Mean: 90.11% (+/- 5.38%)
Instance: 3 Fold: 26 of 50 Acc: 94.12% Mean: 90.14% (+/- 5.37%)
Instance: 3 Fold: 27 of 50 Acc: 82.35% Mean: 90.08% (+/- 5.39%)
Instance: 3 Fold: 28 of 50 Acc: 97.06% Mean: 90.13% (+/- 5.41%)
Instance: 3 Fold: 29 of 50 Acc: 76.47% Mean: 90.03% (+/- 5.52%)
Instance: 3 Fold: 30 of 50 Acc: 91.18% Mean: 90.04% (+/- 5.50%)
Instance: 3 Fold: 31 of 50 Acc: 91.43% Mean: 90.05% (+/- 5.48%)
Instance: 3 Fold: 32 of 50 Acc: 100.00% Mean: 90.12% (+/- 5.52%)
Instance: 3 Fold: 33 of 50 Acc: 94.12% Mean: 90.15% (+/- 5.51%)
Instance: 3 Fold: 34 of 50 Acc: 88.24% Mean: 90.14% (+/- 5.50%)
Instance: 3 Fold: 35 of 50 Acc: 88.24% Mean: 90.13% (+/- 5.48%)
Instance: 3 Fold: 36 of 50 Acc: 91.18% Mean: 90.13% (+/- 5.46%)
Instance: 3 Fold: 37 of 50 Acc: 94.12% Mean: 90.16% (+/- 5.45%)
Instance: 3 Fold: 38 of 50 Acc: 94.12% Mean: 90.19% (+/- 5.44%)
Instance: 3 Fold: 39 of 50 Acc: 97.06% Mean: 90.24% (+/- 5.45%)
Instance: 3 Fold: 40 of 50 Acc: 100.00% Mean: 90.31% (+/- 5.49%)
Instance: 3 Fold: 41 of 50 Acc: 88.57% Mean: 90.30% (+/- 5.48%)
Instance: 3 Fold: 42 of 50 Acc: 85.71% Mean: 90.27% (+/- 5.47%)
Instance: 3 Fold: 43 of 50 Acc: 88.24% Mean: 90.25% (+/- 5.45%)
Instance: 3 Fold: 44 of 50 Acc: 94.12% Mean: 90.28% (+/- 5.44%)
Instance: 3 Fold: 45 of 50 Acc: 94.12% Mean: 90.30% (+/- 5.43%)
Instance: 3 Fold: 46 of 50 Acc: 91.18% Mean: 90.31% (+/- 5.42%)
Instance: 3 Fold: 47 of 50 Acc: 94.12% Mean: 90.34% (+/- 5.41%)
Instance: 3 Fold: 48 of 50 Acc: 88.24% Mean: 90.32% (+/- 5.39%)
Instance: 3 Fold: 49 of 50 Acc: 94.12% Mean: 90.35% (+/- 5.38%)
Instance: 3 Fold: 50 of 50 Acc: 97.06% Mean: 90.39% (+/- 5.39%)
Instance: 4 Fold: 1 of 50 Acc: 91.43% Mean: 90.40% (+/- 5.37%)
Instance: 4 Fold: 2 of 50 Acc: 91.43% Mean: 90.41% (+/- 5.36%)
Instance: 4 Fold: 3 of 50 Acc: 85.29% Mean: 90.37% (+/- 5.36%)
Instance: 4 Fold: 4 of 50 Acc: 88.24% Mean: 90.36% (+/- 5.34%)
Instance: 4 Fold: 5 of 50 Acc: 91.18% Mean: 90.36% (+/- 5.32%)
Instance: 4 Fold: 6 of 50 Acc: 91.18% Mean: 90.37% (+/- 5.31%)
Instance: 4 Fold: 7 of 50 Acc: 97.06% Mean: 90.41% (+/- 5.32%)
Instance: 4 Fold: 8 of 50 Acc: 85.29% Mean: 90.38% (+/- 5.32%)
Instance: 4 Fold: 9 of 50 Acc: 91.18% Mean: 90.38% (+/- 5.30%)
Instance: 4 Fold: 10 of 50 Acc: 91.18% Mean: 90.39% (+/- 5.28%)
Instance: 4 Fold: 11 of 50 Acc: 88.57% Mean: 90.38% (+/- 5.27%)
Instance: 4 Fold: 12 of 50 Acc: 94.29% Mean: 90.40% (+/- 5.26%)
Instance: 4 Fold: 13 of 50 Acc: 76.47% Mean: 90.32% (+/- 5.36%)
Instance: 4 Fold: 14 of 50 Acc: 85.29% Mean: 90.29% (+/- 5.36%)
Instance: 4 Fold: 15 of 50 Acc: 100.00% Mean: 90.34% (+/- 5.39%)
Instance: 4 Fold: 16 of 50 Acc: 82.35% Mean: 90.30% (+/- 5.41%)
Instance: 4 Fold: 17 of 50 Acc: 94.12% Mean: 90.32% (+/- 5.40%)
Instance: 4 Fold: 18 of 50 Acc: 97.06% Mean: 90.36% (+/- 5.41%)
Instance: 4 Fold: 19 of 50 Acc: 94.12% Mean: 90.38% (+/- 5.40%)
Instance: 4 Fold: 20 of 50 Acc: 88.24% Mean: 90.37% (+/- 5.39%)
Instance: 4 Fold: 21 of 50 Acc: 91.43% Mean: 90.38% (+/- 5.37%)
Instance: 4 Fold: 22 of 50 Acc: 85.71% Mean: 90.35% (+/- 5.37%)
Instance: 4 Fold: 23 of 50 Acc: 88.24% Mean: 90.34% (+/- 5.36%)
Instance: 4 Fold: 24 of 50 Acc: 91.18% Mean: 90.34% (+/- 5.34%)
Instance: 4 Fold: 25 of 50 Acc: 100.00% Mean: 90.40% (+/- 5.38%)
Instance: 4 Fold: 26 of 50 Acc: 97.06% Mean: 90.43% (+/- 5.39%)
Instance: 4 Fold: 27 of 50 Acc: 82.35% Mean: 90.39% (+/- 5.40%)
Instance: 4 Fold: 28 of 50 Acc: 97.06% Mean: 90.43% (+/- 5.41%)
Instance: 4 Fold: 29 of 50 Acc: 85.29% Mean: 90.40% (+/- 5.41%)
Instance: 4 Fold: 30 of 50 Acc: 88.24% Mean: 90.39% (+/- 5.40%)
Instance: 4 Fold: 31 of 50 Acc: 88.57% Mean: 90.38% (+/- 5.38%)
Instance: 4 Fold: 32 of 50 Acc: 97.14% Mean: 90.41% (+/- 5.39%)
Instance: 4 Fold: 33 of 50 Acc: 88.24% Mean: 90.40% (+/- 5.38%)
Instance: 4 Fold: 34 of 50 Acc: 82.35% Mean: 90.36% (+/- 5.40%)
Instance: 4 Fold: 35 of 50 Acc: 88.24% Mean: 90.35% (+/- 5.39%)
Instance: 4 Fold: 36 of 50 Acc: 91.18% Mean: 90.35% (+/- 5.37%)
Instance: 4 Fold: 37 of 50 Acc: 88.24% Mean: 90.34% (+/- 5.36%)
Instance: 4 Fold: 38 of 50 Acc: 94.12% Mean: 90.36% (+/- 5.35%)
Instance: 4 Fold: 39 of 50 Acc: 79.41% Mean: 90.30% (+/- 5.40%)
Instance: 4 Fold: 40 of 50 Acc: 91.18% Mean: 90.31% (+/- 5.38%)
Instance: 4 Fold: 41 of 50 Acc: 88.57% Mean: 90.30% (+/- 5.37%)
Instance: 4 Fold: 42 of 50 Acc: 85.71% Mean: 90.27% (+/- 5.37%)
Instance: 4 Fold: 43 of 50 Acc: 91.18% Mean: 90.28% (+/- 5.35%)
Instance: 4 Fold: 44 of 50 Acc: 88.24% Mean: 90.27% (+/- 5.34%)
Instance: 4 Fold: 45 of 50 Acc: 97.06% Mean: 90.30% (+/- 5.35%)
Instance: 4 Fold: 46 of 50 Acc: 82.35% Mean: 90.26% (+/- 5.37%)
Instance: 4 Fold: 47 of 50 Acc: 91.18% Mean: 90.27% (+/- 5.35%)
Instance: 4 Fold: 48 of 50 Acc: 91.18% Mean: 90.27% (+/- 5.34%)
Instance: 4 Fold: 49 of 50 Acc: 85.29% Mean: 90.24% (+/- 5.34%)
Instance: 4 Fold: 50 of 50 Acc: 91.18% Mean: 90.25% (+/- 5.32%)
Instance: 5 Fold: 1 of 50 Acc: 85.71% Mean: 90.23% (+/- 5.32%)
Instance: 5 Fold: 2 of 50 Acc: 74.29% Mean: 90.15% (+/- 5.42%)
Instance: 5 Fold: 3 of 50 Acc: 94.12% Mean: 90.17% (+/- 5.42%)
Instance: 5 Fold: 4 of 50 Acc: 94.12% Mean: 90.19% (+/- 5.41%)
Instance: 5 Fold: 5 of 50 Acc: 97.06% Mean: 90.22% (+/- 5.42%)
Instance: 5 Fold: 6 of 50 Acc: 94.12% Mean: 90.24% (+/- 5.41%)
Instance: 5 Fold: 7 of 50 Acc: 100.00% Mean: 90.29% (+/- 5.44%)
Instance: 5 Fold: 8 of 50 Acc: 82.35% Mean: 90.25% (+/- 5.46%)
Instance: 5 Fold: 9 of 50 Acc: 88.24% Mean: 90.24% (+/- 5.45%)
Instance: 5 Fold: 10 of 50 Acc: 91.18% Mean: 90.24% (+/- 5.43%)
Instance: 5 Fold: 11 of 50 Acc: 85.71% Mean: 90.22% (+/- 5.43%)
Instance: 5 Fold: 12 of 50 Acc: 94.29% Mean: 90.24% (+/- 5.42%)
Instance: 5 Fold: 13 of 50 Acc: 85.29% Mean: 90.22% (+/- 5.42%)
Instance: 5 Fold: 14 of 50 Acc: 97.06% Mean: 90.25% (+/- 5.43%)
Instance: 5 Fold: 15 of 50 Acc: 100.00% Mean: 90.30% (+/- 5.46%)
Instance: 5 Fold: 16 of 50 Acc: 82.35% Mean: 90.26% (+/- 5.47%)
Instance: 5 Fold: 17 of 50 Acc: 94.12% Mean: 90.28% (+/- 5.46%)
Instance: 5 Fold: 18 of 50 Acc: 97.06% Mean: 90.31% (+/- 5.47%)
Instance: 5 Fold: 19 of 50 Acc: 94.12% Mean: 90.32% (+/- 5.46%)
Instance: 5 Fold: 20 of 50 Acc: 85.29% Mean: 90.30% (+/- 5.46%)
Instance: 5 Fold: 21 of 50 Acc: 91.43% Mean: 90.31% (+/- 5.45%)
Instance: 5 Fold: 22 of 50 Acc: 88.57% Mean: 90.30% (+/- 5.44%)
Instance: 5 Fold: 23 of 50 Acc: 94.12% Mean: 90.32% (+/- 5.43%)
Instance: 5 Fold: 24 of 50 Acc: 82.35% Mean: 90.28% (+/- 5.45%)
Instance: 5 Fold: 25 of 50 Acc: 100.00% Mean: 90.32% (+/- 5.47%)
Instance: 5 Fold: 26 of 50 Acc: 94.12% Mean: 90.34% (+/- 5.47%)
Instance: 5 Fold: 27 of 50 Acc: 82.35% Mean: 90.31% (+/- 5.48%)
Instance: 5 Fold: 28 of 50 Acc: 97.06% Mean: 90.34% (+/- 5.49%)
Instance: 5 Fold: 29 of 50 Acc: 88.24% Mean: 90.33% (+/- 5.48%)
Instance: 5 Fold: 30 of 50 Acc: 73.53% Mean: 90.25% (+/- 5.58%)
Instance: 5 Fold: 31 of 50 Acc: 94.29% Mean: 90.27% (+/- 5.57%)
Instance: 5 Fold: 32 of 50 Acc: 97.14% Mean: 90.30% (+/- 5.58%)
Instance: 5 Fold: 33 of 50 Acc: 91.18% Mean: 90.30% (+/- 5.56%)
Instance: 5 Fold: 34 of 50 Acc: 82.35% Mean: 90.27% (+/- 5.58%)
Instance: 5 Fold: 35 of 50 Acc: 94.12% Mean: 90.29% (+/- 5.57%)
Instance: 5 Fold: 36 of 50 Acc: 82.35% Mean: 90.25% (+/- 5.58%)
Instance: 5 Fold: 37 of 50 Acc: 91.18% Mean: 90.26% (+/- 5.57%)
Instance: 5 Fold: 38 of 50 Acc: 97.06% Mean: 90.28% (+/- 5.58%)
Instance: 5 Fold: 39 of 50 Acc: 85.29% Mean: 90.26% (+/- 5.57%)
Instance: 5 Fold: 40 of 50 Acc: 100.00% Mean: 90.30% (+/- 5.60%)
Instance: 5 Fold: 41 of 50 Acc: 88.57% Mean: 90.30% (+/- 5.59%)
Instance: 5 Fold: 42 of 50 Acc: 74.29% Mean: 90.23% (+/- 5.67%)
Instance: 5 Fold: 43 of 50 Acc: 91.18% Mean: 90.24% (+/- 5.66%)
Instance: 5 Fold: 44 of 50 Acc: 94.12% Mean: 90.25% (+/- 5.65%)
Instance: 5 Fold: 45 of 50 Acc: 85.29% Mean: 90.23% (+/- 5.65%)
Instance: 5 Fold: 46 of 50 Acc: 82.35% Mean: 90.20% (+/- 5.66%)
Instance: 5 Fold: 47 of 50 Acc: 97.06% Mean: 90.23% (+/- 5.67%)
Instance: 5 Fold: 48 of 50 Acc: 88.24% Mean: 90.22% (+/- 5.66%)
Instance: 5 Fold: 49 of 50 Acc: 88.24% Mean: 90.21% (+/- 5.65%)
Instance: 5 Fold: 50 of 50 Acc: 85.29% Mean: 90.19% (+/- 5.64%)
Instance: 6 Fold: 1 of 50 Acc: 91.43% Mean: 90.20% (+/- 5.63%)
Instance: 6 Fold: 2 of 50 Acc: 80.00% Mean: 90.16% (+/- 5.66%)
Instance: 6 Fold: 3 of 50 Acc: 73.53% Mean: 90.09% (+/- 5.74%)
Instance: 6 Fold: 4 of 50 Acc: 94.12% Mean: 90.11% (+/- 5.74%)
Instance: 6 Fold: 5 of 50 Acc: 94.12% Mean: 90.12% (+/- 5.73%)
Instance: 6 Fold: 6 of 50 Acc: 88.24% Mean: 90.11% (+/- 5.72%)
Instance: 6 Fold: 7 of 50 Acc: 94.12% Mean: 90.13% (+/- 5.71%)
Instance: 6 Fold: 8 of 50 Acc: 85.29% Mean: 90.11% (+/- 5.71%)
Instance: 6 Fold: 9 of 50 Acc: 85.29% Mean: 90.09% (+/- 5.71%)
Instance: 6 Fold: 10 of 50 Acc: 91.18% Mean: 90.10% (+/- 5.70%)
Instance: 6 Fold: 11 of 50 Acc: 88.57% Mean: 90.09% (+/- 5.69%)
Instance: 6 Fold: 12 of 50 Acc: 91.43% Mean: 90.10% (+/- 5.68%)
Instance: 6 Fold: 13 of 50 Acc: 91.18% Mean: 90.10% (+/- 5.67%)
Instance: 6 Fold: 14 of 50 Acc: 88.24% Mean: 90.09% (+/- 5.66%)
Instance: 6 Fold: 15 of 50 Acc: 94.12% Mean: 90.11% (+/- 5.65%)
Instance: 6 Fold: 16 of 50 Acc: 88.24% Mean: 90.10% (+/- 5.64%)
Instance: 6 Fold: 17 of 50 Acc: 91.18% Mean: 90.10% (+/- 5.63%)
Instance: 6 Fold: 18 of 50 Acc: 91.18% Mean: 90.11% (+/- 5.62%)
Instance: 6 Fold: 19 of 50 Acc: 97.06% Mean: 90.13% (+/- 5.63%)
Instance: 6 Fold: 20 of 50 Acc: 88.24% Mean: 90.13% (+/- 5.62%)
Instance: 6 Fold: 21 of 50 Acc: 88.57% Mean: 90.12% (+/- 5.61%)
Instance: 6 Fold: 22 of 50 Acc: 91.43% Mean: 90.13% (+/- 5.60%)
Instance: 6 Fold: 23 of 50 Acc: 82.35% Mean: 90.10% (+/- 5.61%)
Instance: 6 Fold: 24 of 50 Acc: 85.29% Mean: 90.08% (+/- 5.61%)
Instance: 6 Fold: 25 of 50 Acc: 100.00% Mean: 90.12% (+/- 5.63%)
Instance: 6 Fold: 26 of 50 Acc: 100.00% Mean: 90.15% (+/- 5.65%)
Instance: 6 Fold: 27 of 50 Acc: 94.12% Mean: 90.17% (+/- 5.64%)
Instance: 6 Fold: 28 of 50 Acc: 70.59% Mean: 90.10% (+/- 5.75%)
Instance: 6 Fold: 29 of 50 Acc: 91.18% Mean: 90.10% (+/- 5.74%)
Instance: 6 Fold: 30 of 50 Acc: 79.41% Mean: 90.06% (+/- 5.77%)
Instance: 6 Fold: 31 of 50 Acc: 88.57% Mean: 90.06% (+/- 5.76%)
Instance: 6 Fold: 32 of 50 Acc: 97.14% Mean: 90.08% (+/- 5.76%)
Instance: 6 Fold: 33 of 50 Acc: 91.18% Mean: 90.09% (+/- 5.75%)
Instance: 6 Fold: 34 of 50 Acc: 76.47% Mean: 90.04% (+/- 5.80%)
Instance: 6 Fold: 35 of 50 Acc: 85.29% Mean: 90.02% (+/- 5.80%)
Instance: 6 Fold: 36 of 50 Acc: 88.24% Mean: 90.01% (+/- 5.79%)
Instance: 6 Fold: 37 of 50 Acc: 82.35% Mean: 89.99% (+/- 5.80%)
Instance: 6 Fold: 38 of 50 Acc: 82.35% Mean: 89.96% (+/- 5.80%)
Instance: 6 Fold: 39 of 50 Acc: 97.06% Mean: 89.99% (+/- 5.81%)
Instance: 6 Fold: 40 of 50 Acc: 91.18% Mean: 89.99% (+/- 5.80%)
Instance: 6 Fold: 41 of 50 Acc: 85.71% Mean: 89.98% (+/- 5.79%)
Instance: 6 Fold: 42 of 50 Acc: 80.00% Mean: 89.94% (+/- 5.81%)
Instance: 6 Fold: 43 of 50 Acc: 91.18% Mean: 89.95% (+/- 5.80%)
Instance: 6 Fold: 44 of 50 Acc: 91.18% Mean: 89.95% (+/- 5.79%)
Instance: 6 Fold: 45 of 50 Acc: 91.18% Mean: 89.95% (+/- 5.78%)
Instance: 6 Fold: 46 of 50 Acc: 88.24% Mean: 89.95% (+/- 5.78%)
Instance: 6 Fold: 47 of 50 Acc: 91.18% Mean: 89.95% (+/- 5.77%)
Instance: 6 Fold: 48 of 50 Acc: 85.29% Mean: 89.94% (+/- 5.76%)
Instance: 6 Fold: 49 of 50 Acc: 94.12% Mean: 89.95% (+/- 5.76%)
Instance: 6 Fold: 50 of 50 Acc: 94.12% Mean: 89.96% (+/- 5.75%)
Instance: 7 Fold: 1 of 50 Acc: 80.00% Mean: 89.93% (+/- 5.77%)
Instance: 7 Fold: 2 of 50 Acc: 91.43% Mean: 89.94% (+/- 5.76%)
Instance: 7 Fold: 3 of 50 Acc: 88.24% Mean: 89.93% (+/- 5.75%)
Instance: 7 Fold: 4 of 50 Acc: 94.12% Mean: 89.94% (+/- 5.75%)
Instance: 7 Fold: 5 of 50 Acc: 91.18% Mean: 89.95% (+/- 5.74%)
Instance: 7 Fold: 6 of 50 Acc: 91.18% Mean: 89.95% (+/- 5.73%)
Instance: 7 Fold: 7 of 50 Acc: 100.00% Mean: 89.99% (+/- 5.75%)
Instance: 7 Fold: 8 of 50 Acc: 88.24% Mean: 89.98% (+/- 5.74%)
Instance: 7 Fold: 9 of 50 Acc: 85.29% Mean: 89.96% (+/- 5.74%)
Instance: 7 Fold: 10 of 50 Acc: 79.41% Mean: 89.93% (+/- 5.76%)
Instance: 7 Fold: 11 of 50 Acc: 88.57% Mean: 89.93% (+/- 5.75%)
Instance: 7 Fold: 12 of 50 Acc: 85.71% Mean: 89.91% (+/- 5.75%)
Instance: 7 Fold: 13 of 50 Acc: 91.18% Mean: 89.92% (+/- 5.74%)
Instance: 7 Fold: 14 of 50 Acc: 94.12% Mean: 89.93% (+/- 5.74%)
Instance: 7 Fold: 15 of 50 Acc: 97.06% Mean: 89.95% (+/- 5.74%)
Instance: 7 Fold: 16 of 50 Acc: 82.35% Mean: 89.93% (+/- 5.75%)
Instance: 7 Fold: 17 of 50 Acc: 97.06% Mean: 89.95% (+/- 5.75%)
Instance: 7 Fold: 18 of 50 Acc: 91.18% Mean: 89.96% (+/- 5.74%)
Instance: 7 Fold: 19 of 50 Acc: 94.12% Mean: 89.97% (+/- 5.74%)
Instance: 7 Fold: 20 of 50 Acc: 88.24% Mean: 89.96% (+/- 5.73%)
Instance: 7 Fold: 21 of 50 Acc: 82.86% Mean: 89.94% (+/- 5.74%)
Instance: 7 Fold: 22 of 50 Acc: 85.71% Mean: 89.93% (+/- 5.73%)
Instance: 7 Fold: 23 of 50 Acc: 91.18% Mean: 89.93% (+/- 5.72%)
Instance: 7 Fold: 24 of 50 Acc: 91.18% Mean: 89.94% (+/- 5.72%)
Instance: 7 Fold: 25 of 50 Acc: 97.06% Mean: 89.96% (+/- 5.72%)
Instance: 7 Fold: 26 of 50 Acc: 91.18% Mean: 89.96% (+/- 5.71%)
Instance: 7 Fold: 27 of 50 Acc: 79.41% Mean: 89.93% (+/- 5.73%)
Instance: 7 Fold: 28 of 50 Acc: 94.12% Mean: 89.94% (+/- 5.73%)
Instance: 7 Fold: 29 of 50 Acc: 94.12% Mean: 89.95% (+/- 5.72%)
Instance: 7 Fold: 30 of 50 Acc: 79.41% Mean: 89.92% (+/- 5.74%)
Instance: 7 Fold: 31 of 50 Acc: 91.43% Mean: 89.93% (+/- 5.74%)
Instance: 7 Fold: 32 of 50 Acc: 100.00% Mean: 89.96% (+/- 5.75%)
Instance: 7 Fold: 33 of 50 Acc: 85.29% Mean: 89.94% (+/- 5.75%)
Instance: 7 Fold: 34 of 50 Acc: 85.29% Mean: 89.93% (+/- 5.75%)
Instance: 7 Fold: 35 of 50 Acc: 85.29% Mean: 89.92% (+/- 5.75%)
Instance: 7 Fold: 36 of 50 Acc: 94.12% Mean: 89.93% (+/- 5.74%)
Instance: 7 Fold: 37 of 50 Acc: 82.35% Mean: 89.91% (+/- 5.75%)
Instance: 7 Fold: 38 of 50 Acc: 97.06% Mean: 89.93% (+/- 5.75%)
Instance: 7 Fold: 39 of 50 Acc: 85.29% Mean: 89.91% (+/- 5.75%)
Instance: 7 Fold: 40 of 50 Acc: 94.12% Mean: 89.93% (+/- 5.75%)
Instance: 7 Fold: 41 of 50 Acc: 88.57% Mean: 89.92% (+/- 5.74%)
Instance: 7 Fold: 42 of 50 Acc: 82.86% Mean: 89.90% (+/- 5.74%)
Instance: 7 Fold: 43 of 50 Acc: 97.06% Mean: 89.92% (+/- 5.75%)
Instance: 7 Fold: 44 of 50 Acc: 88.24% Mean: 89.92% (+/- 5.74%)
Instance: 7 Fold: 45 of 50 Acc: 94.12% Mean: 89.93% (+/- 5.74%)
Instance: 7 Fold: 46 of 50 Acc: 88.24% Mean: 89.92% (+/- 5.73%)
Instance: 7 Fold: 47 of 50 Acc: 97.06% Mean: 89.94% (+/- 5.73%)
Instance: 7 Fold: 48 of 50 Acc: 85.29% Mean: 89.93% (+/- 5.73%)
Instance: 7 Fold: 49 of 50 Acc: 85.29% Mean: 89.92% (+/- 5.73%)
Instance: 7 Fold: 50 of 50 Acc: 97.06% Mean: 89.94% (+/- 5.73%)
Instance: 8 Fold: 1 of 50 Acc: 85.71% Mean: 89.93% (+/- 5.73%)
Instance: 8 Fold: 2 of 50 Acc: 91.43% Mean: 89.93% (+/- 5.72%)
Instance: 8 Fold: 3 of 50 Acc: 91.18% Mean: 89.93% (+/- 5.71%)
Instance: 8 Fold: 4 of 50 Acc: 91.18% Mean: 89.94% (+/- 5.70%)
Instance: 8 Fold: 5 of 50 Acc: 94.12% Mean: 89.95% (+/- 5.70%)
Instance: 8 Fold: 6 of 50 Acc: 94.12% Mean: 89.96% (+/- 5.70%)
Instance: 8 Fold: 7 of 50 Acc: 88.24% Mean: 89.96% (+/- 5.69%)
Instance: 8 Fold: 8 of 50 Acc: 85.29% Mean: 89.94% (+/- 5.69%)
Instance: 8 Fold: 9 of 50 Acc: 82.35% Mean: 89.92% (+/- 5.69%)
Instance: 8 Fold: 10 of 50 Acc: 88.24% Mean: 89.92% (+/- 5.69%)
Instance: 8 Fold: 11 of 50 Acc: 85.71% Mean: 89.91% (+/- 5.68%)
Instance: 8 Fold: 12 of 50 Acc: 85.71% Mean: 89.89% (+/- 5.68%)
Instance: 8 Fold: 13 of 50 Acc: 67.65% Mean: 89.83% (+/- 5.79%)
Instance: 8 Fold: 14 of 50 Acc: 91.18% Mean: 89.84% (+/- 5.78%)
Instance: 8 Fold: 15 of 50 Acc: 91.18% Mean: 89.84% (+/- 5.77%)
Instance: 8 Fold: 16 of 50 Acc: 82.35% Mean: 89.82% (+/- 5.78%)
Instance: 8 Fold: 17 of 50 Acc: 85.29% Mean: 89.81% (+/- 5.78%)
Instance: 8 Fold: 18 of 50 Acc: 94.12% Mean: 89.82% (+/- 5.77%)
Instance: 8 Fold: 19 of 50 Acc: 88.24% Mean: 89.81% (+/- 5.77%)
Instance: 8 Fold: 20 of 50 Acc: 76.47% Mean: 89.78% (+/- 5.80%)
Instance: 8 Fold: 21 of 50 Acc: 85.71% Mean: 89.77% (+/- 5.80%)
Instance: 8 Fold: 22 of 50 Acc: 88.57% Mean: 89.76% (+/- 5.79%)
Instance: 8 Fold: 23 of 50 Acc: 91.18% Mean: 89.77% (+/- 5.78%)
Instance: 8 Fold: 24 of 50 Acc: 82.35% Mean: 89.75% (+/- 5.79%)
Instance: 8 Fold: 25 of 50 Acc: 94.12% Mean: 89.76% (+/- 5.78%)
Instance: 8 Fold: 26 of 50 Acc: 94.12% Mean: 89.77% (+/- 5.78%)
Instance: 8 Fold: 27 of 50 Acc: 88.24% Mean: 89.77% (+/- 5.77%)
Instance: 8 Fold: 28 of 50 Acc: 94.12% Mean: 89.78% (+/- 5.77%)
Instance: 8 Fold: 29 of 50 Acc: 88.24% Mean: 89.77% (+/- 5.76%)
Instance: 8 Fold: 30 of 50 Acc: 76.47% Mean: 89.74% (+/- 5.79%)
Instance: 8 Fold: 31 of 50 Acc: 91.43% Mean: 89.74% (+/- 5.79%)
Instance: 8 Fold: 32 of 50 Acc: 97.14% Mean: 89.76% (+/- 5.79%)
Instance: 8 Fold: 33 of 50 Acc: 88.24% Mean: 89.76% (+/- 5.79%)
Instance: 8 Fold: 34 of 50 Acc: 88.24% Mean: 89.76% (+/- 5.78%)
Instance: 8 Fold: 35 of 50 Acc: 82.35% Mean: 89.74% (+/- 5.78%)
Instance: 8 Fold: 36 of 50 Acc: 88.24% Mean: 89.73% (+/- 5.78%)
Instance: 8 Fold: 37 of 50 Acc: 88.24% Mean: 89.73% (+/- 5.77%)
Instance: 8 Fold: 38 of 50 Acc: 94.12% Mean: 89.74% (+/- 5.77%)
Instance: 8 Fold: 39 of 50 Acc: 88.24% Mean: 89.74% (+/- 5.76%)
Instance: 8 Fold: 40 of 50 Acc: 97.06% Mean: 89.76% (+/- 5.76%)
Instance: 8 Fold: 41 of 50 Acc: 88.57% Mean: 89.75% (+/- 5.76%)
Instance: 8 Fold: 42 of 50 Acc: 91.43% Mean: 89.76% (+/- 5.75%)
Instance: 8 Fold: 43 of 50 Acc: 76.47% Mean: 89.72% (+/- 5.78%)
Instance: 8 Fold: 44 of 50 Acc: 91.18% Mean: 89.73% (+/- 5.77%)
Instance: 8 Fold: 45 of 50 Acc: 97.06% Mean: 89.74% (+/- 5.78%)
Instance: 8 Fold: 46 of 50 Acc: 85.29% Mean: 89.73% (+/- 5.78%)
Instance: 8 Fold: 47 of 50 Acc: 94.12% Mean: 89.74% (+/- 5.77%)
Instance: 8 Fold: 48 of 50 Acc: 88.24% Mean: 89.74% (+/- 5.77%)
Instance: 8 Fold: 49 of 50 Acc: 97.06% Mean: 89.76% (+/- 5.77%)
Instance: 8 Fold: 50 of 50 Acc: 100.00% Mean: 89.78% (+/- 5.79%)
Instance: 9 Fold: 1 of 50 Acc: 77.14% Mean: 89.75% (+/- 5.81%)
Instance: 9 Fold: 2 of 50 Acc: 88.57% Mean: 89.75% (+/- 5.81%)
Instance: 9 Fold: 3 of 50 Acc: 91.18% Mean: 89.75% (+/- 5.80%)
Instance: 9 Fold: 4 of 50 Acc: 94.12% Mean: 89.76% (+/- 5.80%)
Instance: 9 Fold: 5 of 50 Acc: 82.35% Mean: 89.75% (+/- 5.80%)
Instance: 9 Fold: 6 of 50 Acc: 88.24% Mean: 89.74% (+/- 5.79%)
Instance: 9 Fold: 7 of 50 Acc: 97.06% Mean: 89.76% (+/- 5.80%)
Instance: 9 Fold: 8 of 50 Acc: 79.41% Mean: 89.74% (+/- 5.81%)
Instance: 9 Fold: 9 of 50 Acc: 91.18% Mean: 89.74% (+/- 5.81%)
Instance: 9 Fold: 10 of 50 Acc: 94.12% Mean: 89.75% (+/- 5.80%)
Instance: 9 Fold: 11 of 50 Acc: 71.43% Mean: 89.70% (+/- 5.87%)
Instance: 9 Fold: 12 of 50 Acc: 91.43% Mean: 89.71% (+/- 5.86%)
Instance: 9 Fold: 13 of 50 Acc: 85.29% Mean: 89.70% (+/- 5.86%)
Instance: 9 Fold: 14 of 50 Acc: 85.29% Mean: 89.69% (+/- 5.85%)
Instance: 9 Fold: 15 of 50 Acc: 100.00% Mean: 89.71% (+/- 5.87%)
Instance: 9 Fold: 16 of 50 Acc: 88.24% Mean: 89.71% (+/- 5.86%)
Instance: 9 Fold: 17 of 50 Acc: 94.12% Mean: 89.72% (+/- 5.86%)
Instance: 9 Fold: 18 of 50 Acc: 100.00% Mean: 89.74% (+/- 5.87%)
Instance: 9 Fold: 19 of 50 Acc: 91.18% Mean: 89.75% (+/- 5.87%)
Instance: 9 Fold: 20 of 50 Acc: 82.35% Mean: 89.73% (+/- 5.87%)
Instance: 9 Fold: 21 of 50 Acc: 94.29% Mean: 89.74% (+/- 5.87%)
Instance: 9 Fold: 22 of 50 Acc: 88.57% Mean: 89.74% (+/- 5.86%)
Instance: 9 Fold: 23 of 50 Acc: 85.29% Mean: 89.73% (+/- 5.86%)
Instance: 9 Fold: 24 of 50 Acc: 88.24% Mean: 89.72% (+/- 5.85%)
Instance: 9 Fold: 25 of 50 Acc: 97.06% Mean: 89.74% (+/- 5.86%)
Instance: 9 Fold: 26 of 50 Acc: 97.06% Mean: 89.76% (+/- 5.86%)
Instance: 9 Fold: 27 of 50 Acc: 85.29% Mean: 89.75% (+/- 5.86%)
Instance: 9 Fold: 28 of 50 Acc: 97.06% Mean: 89.76% (+/- 5.86%)
Instance: 9 Fold: 29 of 50 Acc: 88.24% Mean: 89.76% (+/- 5.85%)
Instance: 9 Fold: 30 of 50 Acc: 91.18% Mean: 89.76% (+/- 5.85%)
Instance: 9 Fold: 31 of 50 Acc: 88.57% Mean: 89.76% (+/- 5.84%)
Instance: 9 Fold: 32 of 50 Acc: 94.29% Mean: 89.77% (+/- 5.84%)
Instance: 9 Fold: 33 of 50 Acc: 85.29% Mean: 89.76% (+/- 5.84%)
Instance: 9 Fold: 34 of 50 Acc: 82.35% Mean: 89.74% (+/- 5.84%)
Instance: 9 Fold: 35 of 50 Acc: 82.35% Mean: 89.73% (+/- 5.84%)
Instance: 9 Fold: 36 of 50 Acc: 88.24% Mean: 89.72% (+/- 5.84%)
Instance: 9 Fold: 37 of 50 Acc: 94.12% Mean: 89.73% (+/- 5.83%)
Instance: 9 Fold: 38 of 50 Acc: 88.24% Mean: 89.73% (+/- 5.83%)
Instance: 9 Fold: 39 of 50 Acc: 85.29% Mean: 89.72% (+/- 5.83%)
Instance: 9 Fold: 40 of 50 Acc: 97.06% Mean: 89.74% (+/- 5.83%)
Instance: 9 Fold: 41 of 50 Acc: 91.43% Mean: 89.74% (+/- 5.82%)
Instance: 9 Fold: 42 of 50 Acc: 94.29% Mean: 89.75% (+/- 5.82%)
Instance: 9 Fold: 43 of 50 Acc: 82.35% Mean: 89.74% (+/- 5.82%)
Instance: 9 Fold: 44 of 50 Acc: 91.18% Mean: 89.74% (+/- 5.82%)
Instance: 9 Fold: 45 of 50 Acc: 94.12% Mean: 89.75% (+/- 5.82%)
Instance: 9 Fold: 46 of 50 Acc: 91.18% Mean: 89.75% (+/- 5.81%)
Instance: 9 Fold: 47 of 50 Acc: 97.06% Mean: 89.77% (+/- 5.81%)
Instance: 9 Fold: 48 of 50 Acc: 88.24% Mean: 89.76% (+/- 5.81%)
Instance: 9 Fold: 49 of 50 Acc: 85.29% Mean: 89.75% (+/- 5.80%)
Instance: 9 Fold: 50 of 50 Acc: 94.12% Mean: 89.76% (+/- 5.80%)
Instance: 10 Fold: 1 of 50 Acc: 88.57% Mean: 89.76% (+/- 5.80%)
Instance: 10 Fold: 2 of 50 Acc: 91.43% Mean: 89.77% (+/- 5.79%)
Instance: 10 Fold: 3 of 50 Acc: 94.12% Mean: 89.77% (+/- 5.79%)
Instance: 10 Fold: 4 of 50 Acc: 94.12% Mean: 89.78% (+/- 5.78%)
Instance: 10 Fold: 5 of 50 Acc: 97.06% Mean: 89.80% (+/- 5.79%)
Instance: 10 Fold: 6 of 50 Acc: 88.24% Mean: 89.80% (+/- 5.78%)
Instance: 10 Fold: 7 of 50 Acc: 94.12% Mean: 89.81% (+/- 5.78%)
Instance: 10 Fold: 8 of 50 Acc: 79.41% Mean: 89.78% (+/- 5.79%)
Instance: 10 Fold: 9 of 50 Acc: 88.24% Mean: 89.78% (+/- 5.79%)
Instance: 10 Fold: 10 of 50 Acc: 82.35% Mean: 89.76% (+/- 5.79%)
Instance: 10 Fold: 11 of 50 Acc: 91.43% Mean: 89.77% (+/- 5.79%)
Instance: 10 Fold: 12 of 50 Acc: 91.43% Mean: 89.77% (+/- 5.78%)
Instance: 10 Fold: 13 of 50 Acc: 76.47% Mean: 89.74% (+/- 5.81%)
Instance: 10 Fold: 14 of 50 Acc: 94.12% Mean: 89.75% (+/- 5.80%)
Instance: 10 Fold: 15 of 50 Acc: 94.12% Mean: 89.76% (+/- 5.80%)
Instance: 10 Fold: 16 of 50 Acc: 76.47% Mean: 89.73% (+/- 5.83%)
Instance: 10 Fold: 17 of 50 Acc: 97.06% Mean: 89.75% (+/- 5.83%)
Instance: 10 Fold: 18 of 50 Acc: 94.12% Mean: 89.76% (+/- 5.83%)
Instance: 10 Fold: 19 of 50 Acc: 97.06% Mean: 89.77% (+/- 5.83%)
Instance: 10 Fold: 20 of 50 Acc: 82.35% Mean: 89.76% (+/- 5.84%)
Instance: 10 Fold: 21 of 50 Acc: 88.57% Mean: 89.76% (+/- 5.83%)
Instance: 10 Fold: 22 of 50 Acc: 91.43% Mean: 89.76% (+/- 5.82%)
Instance: 10 Fold: 23 of 50 Acc: 82.35% Mean: 89.74% (+/- 5.83%)
Instance: 10 Fold: 24 of 50 Acc: 88.24% Mean: 89.74% (+/- 5.82%)
Instance: 10 Fold: 25 of 50 Acc: 97.06% Mean: 89.76% (+/- 5.83%)
Instance: 10 Fold: 26 of 50 Acc: 85.29% Mean: 89.75% (+/- 5.82%)
Instance: 10 Fold: 27 of 50 Acc: 76.47% Mean: 89.72% (+/- 5.85%)
Instance: 10 Fold: 28 of 50 Acc: 94.12% Mean: 89.73% (+/- 5.85%)
Instance: 10 Fold: 29 of 50 Acc: 88.24% Mean: 89.72% (+/- 5.84%)
Instance: 10 Fold: 30 of 50 Acc: 76.47% Mean: 89.70% (+/- 5.87%)
Instance: 10 Fold: 31 of 50 Acc: 85.71% Mean: 89.69% (+/- 5.86%)
Instance: 10 Fold: 32 of 50 Acc: 100.00% Mean: 89.71% (+/- 5.87%)
Instance: 10 Fold: 33 of 50 Acc: 91.18% Mean: 89.71% (+/- 5.87%)
Instance: 10 Fold: 34 of 50 Acc: 85.29% Mean: 89.70% (+/- 5.87%)
Instance: 10 Fold: 35 of 50 Acc: 88.24% Mean: 89.70% (+/- 5.86%)
Instance: 10 Fold: 36 of 50 Acc: 91.18% Mean: 89.70% (+/- 5.86%)
Instance: 10 Fold: 37 of 50 Acc: 88.24% Mean: 89.70% (+/- 5.85%)
Instance: 10 Fold: 38 of 50 Acc: 88.24% Mean: 89.70% (+/- 5.84%)
Instance: 10 Fold: 39 of 50 Acc: 94.12% Mean: 89.71% (+/- 5.84%)
Instance: 10 Fold: 40 of 50 Acc: 91.18% Mean: 89.71% (+/- 5.84%)
Instance: 10 Fold: 41 of 50 Acc: 85.71% Mean: 89.70% (+/- 5.83%)
Instance: 10 Fold: 42 of 50 Acc: 94.29% Mean: 89.71% (+/- 5.83%)
Instance: 10 Fold: 43 of 50 Acc: 91.18% Mean: 89.71% (+/- 5.82%)
Instance: 10 Fold: 44 of 50 Acc: 79.41% Mean: 89.69% (+/- 5.84%)
Instance: 10 Fold: 45 of 50 Acc: 88.24% Mean: 89.69% (+/- 5.83%)
Instance: 10 Fold: 46 of 50 Acc: 82.35% Mean: 89.68% (+/- 5.84%)
Instance: 10 Fold: 47 of 50 Acc: 91.18% Mean: 89.68% (+/- 5.83%)
Instance: 10 Fold: 48 of 50 Acc: 85.29% Mean: 89.67% (+/- 5.83%)
Instance: 10 Fold: 49 of 50 Acc: 88.24% Mean: 89.67% (+/- 5.82%)
Instance: 10 Fold: 50 of 50 Acc: 91.18% Mean: 89.67% (+/- 5.82%)
