Machine: PRECISION
Date: 04/01/2023 Time: 12:16:49
Alternative Dense Layer: False
Pooling Application Layer: avg
Data Augmentation: False
Data Augmentation Multiplier: 1
Fine Tuning: True
Multi Optimizer: False
Optimizer: RMSprop
Batch Size: 16

Model Type: Xception
Fold: 1 of 50 Acc: 57.14% Mean: 57.14% (+/- 0.00%)
Fold: 2 of 50 Acc: 97.14% Mean: 77.14% (+/- 20.00%)
Fold: 3 of 50 Acc: 85.29% Mean: 79.86% (+/- 16.78%)
Fold: 4 of 50 Acc: 85.29% Mean: 81.22% (+/- 14.72%)
Fold: 5 of 50 Acc: 91.18% Mean: 83.21% (+/- 13.75%)
Fold: 6 of 50 Acc: 94.12% Mean: 85.03% (+/- 13.20%)
Fold: 7 of 50 Acc: 94.12% Mean: 86.33% (+/- 12.63%)
Fold: 8 of 50 Acc: 91.18% Mean: 86.93% (+/- 11.92%)
Fold: 9 of 50 Acc: 82.35% Mean: 86.42% (+/- 11.33%)
Fold: 10 of 50 Acc: 91.18% Mean: 86.90% (+/- 10.84%)
Fold: 11 of 50 Acc: 97.14% Mean: 87.83% (+/- 10.75%)
Fold: 12 of 50 Acc: 91.43% Mean: 88.13% (+/- 10.34%)
Fold: 13 of 50 Acc: 97.06% Mean: 88.82% (+/- 10.21%)
Fold: 14 of 50 Acc: 100.00% Mean: 89.62% (+/- 10.25%)
Fold: 15 of 50 Acc: 82.35% Mean: 89.13% (+/- 10.07%)
Fold: 16 of 50 Acc: 94.12% Mean: 89.44% (+/- 9.83%)
Fold: 17 of 50 Acc: 94.12% Mean: 89.72% (+/- 9.60%)
Fold: 18 of 50 Acc: 58.82% Mean: 88.00% (+/- 11.71%)
Fold: 19 of 50 Acc: 100.00% Mean: 88.63% (+/- 11.71%)
Fold: 20 of 50 Acc: 79.41% Mean: 88.17% (+/- 11.58%)
Fold: 21 of 50 Acc: 94.29% Mean: 88.46% (+/- 11.38%)
Fold: 22 of 50 Acc: 88.57% Mean: 88.47% (+/- 11.12%)
Fold: 23 of 50 Acc: 88.24% Mean: 88.46% (+/- 10.87%)
Fold: 24 of 50 Acc: 94.12% Mean: 88.69% (+/- 10.71%)
Fold: 25 of 50 Acc: 47.06% Mean: 87.03% (+/- 13.29%)
Fold: 26 of 50 Acc: 97.06% Mean: 87.41% (+/- 13.17%)
Fold: 27 of 50 Acc: 91.18% Mean: 87.55% (+/- 12.95%)
Fold: 28 of 50 Acc: 94.12% Mean: 87.79% (+/- 12.77%)
Fold: 29 of 50 Acc: 91.18% Mean: 87.90% (+/- 12.56%)
Fold: 30 of 50 Acc: 67.65% Mean: 87.23% (+/- 12.88%)
Fold: 31 of 50 Acc: 88.57% Mean: 87.27% (+/- 12.67%)
Fold: 32 of 50 Acc: 97.14% Mean: 87.58% (+/- 12.59%)
Fold: 33 of 50 Acc: 91.18% Mean: 87.69% (+/- 12.41%)
Fold: 34 of 50 Acc: 91.18% Mean: 87.79% (+/- 12.24%)
Fold: 35 of 50 Acc: 94.12% Mean: 87.97% (+/- 12.11%)
Fold: 36 of 50 Acc: 97.06% Mean: 88.23% (+/- 12.03%)
Fold: 37 of 50 Acc: 94.12% Mean: 88.39% (+/- 11.91%)
Fold: 38 of 50 Acc: 47.06% Mean: 87.30% (+/- 13.49%)
Fold: 39 of 50 Acc: 64.71% Mean: 86.72% (+/- 13.78%)
Fold: 40 of 50 Acc: 94.12% Mean: 86.90% (+/- 13.66%)
Fold: 41 of 50 Acc: 94.29% Mean: 87.08% (+/- 13.54%)
Fold: 42 of 50 Acc: 94.29% Mean: 87.25% (+/- 13.42%)
Fold: 43 of 50 Acc: 94.12% Mean: 87.41% (+/- 13.30%)
Fold: 44 of 50 Acc: 88.24% Mean: 87.43% (+/- 13.15%)
Fold: 45 of 50 Acc: 91.18% Mean: 87.52% (+/- 13.02%)
Fold: 46 of 50 Acc: 94.12% Mean: 87.66% (+/- 12.91%)
Fold: 47 of 50 Acc: 82.35% Mean: 87.55% (+/- 12.80%)
Fold: 48 of 50 Acc: 88.24% Mean: 87.56% (+/- 12.66%)
Fold: 49 of 50 Acc: 85.29% Mean: 87.52% (+/- 12.54%)
Fold: 50 of 50 Acc: 58.82% Mean: 86.94% (+/- 13.04%)
Model Type: VGG16
Fold: 1 of 50 Acc: 82.86% Mean: 82.86% (+/- 0.00%)
Fold: 2 of 50 Acc: 94.29% Mean: 88.57% (+/- 5.71%)
Fold: 3 of 50 Acc: 73.53% Mean: 83.56% (+/- 8.49%)
Fold: 4 of 50 Acc: 82.35% Mean: 83.26% (+/- 7.37%)
Fold: 5 of 50 Acc: 88.24% Mean: 84.25% (+/- 6.89%)
Fold: 6 of 50 Acc: 73.53% Mean: 82.46% (+/- 7.45%)
Fold: 7 of 50 Acc: 58.82% Mean: 79.09% (+/- 10.77%)
Fold: 8 of 50 Acc: 88.24% Mean: 80.23% (+/- 10.52%)
Fold: 9 of 50 Acc: 79.41% Mean: 80.14% (+/- 9.92%)
Fold: 10 of 50 Acc: 64.71% Mean: 78.60% (+/- 10.49%)
Fold: 11 of 50 Acc: 74.29% Mean: 78.20% (+/- 10.08%)
Fold: 12 of 50 Acc: 65.71% Mean: 77.16% (+/- 10.25%)
Fold: 13 of 50 Acc: 85.29% Mean: 77.79% (+/- 10.08%)
Fold: 14 of 50 Acc: 82.35% Mean: 78.12% (+/- 9.78%)
Fold: 15 of 50 Acc: 76.47% Mean: 78.01% (+/- 9.46%)
Fold: 16 of 50 Acc: 76.47% Mean: 77.91% (+/- 9.17%)
Fold: 17 of 50 Acc: 79.41% Mean: 78.00% (+/- 8.90%)
Fold: 18 of 50 Acc: 73.53% Mean: 77.75% (+/- 8.71%)
Fold: 19 of 50 Acc: 70.59% Mean: 77.37% (+/- 8.63%)
Fold: 20 of 50 Acc: 82.35% Mean: 77.62% (+/- 8.48%)
Fold: 21 of 50 Acc: 88.57% Mean: 78.14% (+/- 8.60%)
Fold: 22 of 50 Acc: 74.29% Mean: 77.97% (+/- 8.44%)
Fold: 23 of 50 Acc: 76.47% Mean: 77.90% (+/- 8.26%)
Fold: 24 of 50 Acc: 79.41% Mean: 77.97% (+/- 8.09%)
Fold: 25 of 50 Acc: 76.47% Mean: 77.91% (+/- 7.93%)
Fold: 26 of 50 Acc: 58.82% Mean: 77.17% (+/- 8.60%)
Fold: 27 of 50 Acc: 85.29% Mean: 77.47% (+/- 8.58%)
Fold: 28 of 50 Acc: 76.47% Mean: 77.44% (+/- 8.43%)
Fold: 29 of 50 Acc: 88.24% Mean: 77.81% (+/- 8.51%)
Fold: 30 of 50 Acc: 70.59% Mean: 77.57% (+/- 8.47%)
Fold: 31 of 50 Acc: 77.14% Mean: 77.55% (+/- 8.33%)
Fold: 32 of 50 Acc: 77.14% Mean: 77.54% (+/- 8.20%)
Fold: 33 of 50 Acc: 64.71% Mean: 77.15% (+/- 8.37%)
Fold: 34 of 50 Acc: 82.35% Mean: 77.31% (+/- 8.29%)
Fold: 35 of 50 Acc: 94.12% Mean: 77.79% (+/- 8.64%)
Fold: 36 of 50 Acc: 88.24% Mean: 78.08% (+/- 8.69%)
Fold: 37 of 50 Acc: 64.71% Mean: 77.72% (+/- 8.84%)
Fold: 38 of 50 Acc: 79.41% Mean: 77.76% (+/- 8.73%)
Fold: 39 of 50 Acc: 82.35% Mean: 77.88% (+/- 8.65%)
Fold: 40 of 50 Acc: 70.59% Mean: 77.70% (+/- 8.61%)
Fold: 41 of 50 Acc: 80.00% Mean: 77.75% (+/- 8.51%)
Fold: 42 of 50 Acc: 82.86% Mean: 77.87% (+/- 8.45%)
Fold: 43 of 50 Acc: 61.76% Mean: 77.50% (+/- 8.70%)
Fold: 44 of 50 Acc: 52.94% Mean: 76.94% (+/- 9.34%)
Fold: 45 of 50 Acc: 73.53% Mean: 76.86% (+/- 9.25%)
Fold: 46 of 50 Acc: 91.18% Mean: 77.18% (+/- 9.39%)
Fold: 47 of 50 Acc: 73.53% Mean: 77.10% (+/- 9.30%)
Fold: 48 of 50 Acc: 61.76% Mean: 76.78% (+/- 9.46%)
Fold: 49 of 50 Acc: 70.59% Mean: 76.65% (+/- 9.40%)
Fold: 50 of 50 Acc: 82.35% Mean: 76.77% (+/- 9.34%)
Model Type: VGG19
Fold: 1 of 50 Acc: 62.86% Mean: 62.86% (+/- 0.00%)
Fold: 2 of 50 Acc: 85.71% Mean: 74.29% (+/- 11.43%)
Fold: 3 of 50 Acc: 70.59% Mean: 73.05% (+/- 9.49%)
Fold: 4 of 50 Acc: 76.47% Mean: 73.91% (+/- 8.35%)
Fold: 5 of 50 Acc: 85.29% Mean: 76.18% (+/- 8.75%)
Fold: 6 of 50 Acc: 64.71% Mean: 74.27% (+/- 9.06%)
Fold: 7 of 50 Acc: 58.82% Mean: 72.06% (+/- 9.98%)
Fold: 8 of 50 Acc: 85.29% Mean: 73.72% (+/- 10.31%)
Fold: 9 of 50 Acc: 70.59% Mean: 73.37% (+/- 9.77%)
Fold: 10 of 50 Acc: 67.65% Mean: 72.80% (+/- 9.43%)
Fold: 11 of 50 Acc: 91.43% Mean: 74.49% (+/- 10.46%)
Fold: 12 of 50 Acc: 77.14% Mean: 74.71% (+/- 10.04%)
Fold: 13 of 50 Acc: 82.35% Mean: 75.30% (+/- 9.86%)
Fold: 14 of 50 Acc: 91.18% Mean: 76.43% (+/- 10.35%)
Fold: 15 of 50 Acc: 73.53% Mean: 76.24% (+/- 10.02%)
Fold: 16 of 50 Acc: 67.65% Mean: 75.70% (+/- 9.92%)
Fold: 17 of 50 Acc: 79.41% Mean: 75.92% (+/- 9.67%)
Fold: 18 of 50 Acc: 70.59% Mean: 75.63% (+/- 9.47%)
Fold: 19 of 50 Acc: 67.65% Mean: 75.21% (+/- 9.39%)
Fold: 20 of 50 Acc: 79.41% Mean: 75.42% (+/- 9.20%)
Fold: 21 of 50 Acc: 91.43% Mean: 76.18% (+/- 9.60%)
Fold: 22 of 50 Acc: 62.86% Mean: 75.57% (+/- 9.78%)
Fold: 23 of 50 Acc: 76.47% Mean: 75.61% (+/- 9.57%)
Fold: 24 of 50 Acc: 67.65% Mean: 75.28% (+/- 9.50%)
Fold: 25 of 50 Acc: 79.41% Mean: 75.45% (+/- 9.35%)
Fold: 26 of 50 Acc: 61.76% Mean: 74.92% (+/- 9.54%)
Fold: 27 of 50 Acc: 76.47% Mean: 74.98% (+/- 9.36%)
Fold: 28 of 50 Acc: 55.88% Mean: 74.29% (+/- 9.85%)
Fold: 29 of 50 Acc: 64.71% Mean: 73.96% (+/- 9.84%)
Fold: 30 of 50 Acc: 76.47% Mean: 74.05% (+/- 9.68%)
Fold: 31 of 50 Acc: 77.14% Mean: 74.15% (+/- 9.54%)
Fold: 32 of 50 Acc: 77.14% Mean: 74.24% (+/- 9.41%)
Fold: 33 of 50 Acc: 82.35% Mean: 74.49% (+/- 9.37%)
Fold: 34 of 50 Acc: 61.76% Mean: 74.11% (+/- 9.47%)
Fold: 35 of 50 Acc: 85.29% Mean: 74.43% (+/- 9.52%)
Fold: 36 of 50 Acc: 85.29% Mean: 74.73% (+/- 9.56%)
Fold: 37 of 50 Acc: 64.71% Mean: 74.46% (+/- 9.57%)
Fold: 38 of 50 Acc: 91.18% Mean: 74.90% (+/- 9.81%)
Fold: 39 of 50 Acc: 70.59% Mean: 74.79% (+/- 9.71%)
Fold: 40 of 50 Acc: 82.35% Mean: 74.98% (+/- 9.66%)
Fold: 41 of 50 Acc: 80.00% Mean: 75.10% (+/- 9.57%)
Fold: 42 of 50 Acc: 77.14% Mean: 75.15% (+/- 9.46%)
Fold: 43 of 50 Acc: 55.88% Mean: 74.70% (+/- 9.79%)
Fold: 44 of 50 Acc: 67.65% Mean: 74.54% (+/- 9.74%)
Fold: 45 of 50 Acc: 85.29% Mean: 74.78% (+/- 9.76%)
Fold: 46 of 50 Acc: 88.24% Mean: 75.07% (+/- 9.85%)
Fold: 47 of 50 Acc: 64.71% Mean: 74.85% (+/- 9.86%)
Fold: 48 of 50 Acc: 64.71% Mean: 74.64% (+/- 9.86%)
Fold: 49 of 50 Acc: 79.41% Mean: 74.74% (+/- 9.78%)
Fold: 50 of 50 Acc: 70.59% Mean: 74.66% (+/- 9.70%)
Model Type: ResNet50
Fold: 1 of 50 Acc: 80.00% Mean: 80.00% (+/- 0.00%)
Fold: 2 of 50 Acc: 80.00% Mean: 80.00% (+/- 0.00%)
Fold: 3 of 50 Acc: 41.18% Mean: 67.06% (+/- 18.30%)
Fold: 4 of 50 Acc: 76.47% Mean: 69.41% (+/- 16.37%)
Fold: 5 of 50 Acc: 88.24% Mean: 73.18% (+/- 16.46%)
Fold: 6 of 50 Acc: 82.35% Mean: 74.71% (+/- 15.41%)
Fold: 7 of 50 Acc: 52.94% Mean: 71.60% (+/- 16.17%)
Fold: 8 of 50 Acc: 85.29% Mean: 73.31% (+/- 15.79%)
Fold: 9 of 50 Acc: 85.29% Mean: 74.64% (+/- 15.36%)
Fold: 10 of 50 Acc: 61.76% Mean: 73.35% (+/- 15.07%)
Fold: 11 of 50 Acc: 85.71% Mean: 74.48% (+/- 14.80%)
Fold: 12 of 50 Acc: 80.00% Mean: 74.94% (+/- 14.26%)
Fold: 13 of 50 Acc: 88.24% Mean: 75.96% (+/- 14.15%)
Fold: 14 of 50 Acc: 82.35% Mean: 76.42% (+/- 13.73%)
Fold: 15 of 50 Acc: 79.41% Mean: 76.62% (+/- 13.29%)
Fold: 16 of 50 Acc: 82.35% Mean: 76.97% (+/- 12.94%)
Fold: 17 of 50 Acc: 44.12% Mean: 75.04% (+/- 14.74%)
Fold: 18 of 50 Acc: 85.29% Mean: 75.61% (+/- 14.52%)
Fold: 19 of 50 Acc: 73.53% Mean: 75.50% (+/- 14.14%)
Fold: 20 of 50 Acc: 85.29% Mean: 75.99% (+/- 13.95%)
Fold: 21 of 50 Acc: 80.00% Mean: 76.18% (+/- 13.64%)
Fold: 22 of 50 Acc: 74.29% Mean: 76.10% (+/- 13.33%)
Fold: 23 of 50 Acc: 76.47% Mean: 76.11% (+/- 13.04%)
Fold: 24 of 50 Acc: 85.29% Mean: 76.50% (+/- 12.89%)
Fold: 25 of 50 Acc: 82.35% Mean: 76.73% (+/- 12.68%)
Fold: 26 of 50 Acc: 73.53% Mean: 76.61% (+/- 12.45%)
Fold: 27 of 50 Acc: 82.35% Mean: 76.82% (+/- 12.27%)
Fold: 28 of 50 Acc: 82.35% Mean: 77.02% (+/- 12.09%)
Fold: 29 of 50 Acc: 82.35% Mean: 77.20% (+/- 11.92%)
Fold: 30 of 50 Acc: 91.18% Mean: 77.67% (+/- 11.99%)
Fold: 31 of 50 Acc: 71.43% Mean: 77.47% (+/- 11.84%)
Fold: 32 of 50 Acc: 82.86% Mean: 77.63% (+/- 11.69%)
Fold: 33 of 50 Acc: 91.18% Mean: 78.04% (+/- 11.75%)
Fold: 34 of 50 Acc: 88.24% Mean: 78.34% (+/- 11.70%)
Fold: 35 of 50 Acc: 85.29% Mean: 78.54% (+/- 11.59%)
Fold: 36 of 50 Acc: 73.53% Mean: 78.40% (+/- 11.46%)
Fold: 37 of 50 Acc: 79.41% Mean: 78.43% (+/- 11.30%)
Fold: 38 of 50 Acc: 88.24% Mean: 78.69% (+/- 11.26%)
Fold: 39 of 50 Acc: 82.35% Mean: 78.78% (+/- 11.13%)
Fold: 40 of 50 Acc: 82.35% Mean: 78.87% (+/- 11.01%)
Fold: 41 of 50 Acc: 82.86% Mean: 78.97% (+/- 10.89%)
Fold: 42 of 50 Acc: 82.86% Mean: 79.06% (+/- 10.77%)
Fold: 43 of 50 Acc: 85.29% Mean: 79.21% (+/- 10.69%)
Fold: 44 of 50 Acc: 82.35% Mean: 79.28% (+/- 10.58%)
Fold: 45 of 50 Acc: 82.35% Mean: 79.35% (+/- 10.47%)
Fold: 46 of 50 Acc: 85.29% Mean: 79.48% (+/- 10.39%)
Fold: 47 of 50 Acc: 82.35% Mean: 79.54% (+/- 10.29%)
Fold: 48 of 50 Acc: 55.88% Mean: 79.04% (+/- 10.73%)
Fold: 49 of 50 Acc: 73.53% Mean: 78.93% (+/- 10.65%)
Fold: 50 of 50 Acc: 70.59% Mean: 78.76% (+/- 10.60%)
Model Type: ResNet101
Fold: 1 of 50 Acc: 68.57% Mean: 68.57% (+/- 0.00%)
Fold: 2 of 50 Acc: 91.43% Mean: 80.00% (+/- 11.43%)
Fold: 3 of 50 Acc: 85.29% Mean: 81.76% (+/- 9.66%)
Fold: 4 of 50 Acc: 76.47% Mean: 80.44% (+/- 8.67%)
Fold: 5 of 50 Acc: 82.35% Mean: 80.82% (+/- 7.80%)
Fold: 6 of 50 Acc: 70.59% Mean: 79.12% (+/- 8.07%)
Fold: 7 of 50 Acc: 85.29% Mean: 80.00% (+/- 7.78%)
Fold: 8 of 50 Acc: 73.53% Mean: 79.19% (+/- 7.59%)
Fold: 9 of 50 Acc: 79.41% Mean: 79.22% (+/- 7.15%)
Fold: 10 of 50 Acc: 70.59% Mean: 78.35% (+/- 7.26%)
Fold: 11 of 50 Acc: 91.43% Mean: 79.54% (+/- 7.88%)
Fold: 12 of 50 Acc: 77.14% Mean: 79.34% (+/- 7.57%)
Fold: 13 of 50 Acc: 79.41% Mean: 79.35% (+/- 7.28%)
Fold: 14 of 50 Acc: 82.35% Mean: 79.56% (+/- 7.05%)
Fold: 15 of 50 Acc: 79.41% Mean: 79.55% (+/- 6.81%)
Fold: 16 of 50 Acc: 88.24% Mean: 80.09% (+/- 6.93%)
Fold: 17 of 50 Acc: 85.29% Mean: 80.40% (+/- 6.83%)
Fold: 18 of 50 Acc: 88.24% Mean: 80.84% (+/- 6.87%)
Fold: 19 of 50 Acc: 67.65% Mean: 80.14% (+/- 7.31%)
Fold: 20 of 50 Acc: 79.41% Mean: 80.11% (+/- 7.13%)
Fold: 21 of 50 Acc: 80.00% Mean: 80.10% (+/- 6.96%)
Fold: 22 of 50 Acc: 71.43% Mean: 79.71% (+/- 7.03%)
Fold: 23 of 50 Acc: 73.53% Mean: 79.44% (+/- 6.99%)
Fold: 24 of 50 Acc: 91.18% Mean: 79.93% (+/- 7.24%)
Fold: 25 of 50 Acc: 76.47% Mean: 79.79% (+/- 7.12%)
Fold: 26 of 50 Acc: 70.59% Mean: 79.43% (+/- 7.20%)
Fold: 27 of 50 Acc: 85.29% Mean: 79.65% (+/- 7.16%)
Fold: 28 of 50 Acc: 79.41% Mean: 79.64% (+/- 7.03%)
Fold: 29 of 50 Acc: 47.06% Mean: 78.52% (+/- 9.11%)
Fold: 30 of 50 Acc: 55.88% Mean: 77.76% (+/- 9.84%)
Fold: 31 of 50 Acc: 62.86% Mean: 77.28% (+/- 10.03%)
Fold: 32 of 50 Acc: 65.71% Mean: 76.92% (+/- 10.07%)
Fold: 33 of 50 Acc: 44.12% Mean: 75.93% (+/- 11.40%)
Fold: 34 of 50 Acc: 76.47% Mean: 75.94% (+/- 11.23%)
Fold: 35 of 50 Acc: 79.41% Mean: 76.04% (+/- 11.09%)
Fold: 36 of 50 Acc: 82.35% Mean: 76.22% (+/- 10.98%)
Fold: 37 of 50 Acc: 70.59% Mean: 76.07% (+/- 10.87%)
Fold: 38 of 50 Acc: 79.41% Mean: 76.15% (+/- 10.74%)
Fold: 39 of 50 Acc: 88.24% Mean: 76.46% (+/- 10.77%)
Fold: 40 of 50 Acc: 85.29% Mean: 76.68% (+/- 10.73%)
Fold: 41 of 50 Acc: 88.57% Mean: 76.97% (+/- 10.75%)
Fold: 42 of 50 Acc: 74.29% Mean: 76.91% (+/- 10.63%)
Fold: 43 of 50 Acc: 79.41% Mean: 76.97% (+/- 10.51%)
Fold: 44 of 50 Acc: 79.41% Mean: 77.02% (+/- 10.40%)
Fold: 45 of 50 Acc: 76.47% Mean: 77.01% (+/- 10.28%)
Fold: 46 of 50 Acc: 94.12% Mean: 77.38% (+/- 10.47%)
Fold: 47 of 50 Acc: 67.65% Mean: 77.18% (+/- 10.46%)
Fold: 48 of 50 Acc: 64.71% Mean: 76.92% (+/- 10.50%)
Fold: 49 of 50 Acc: 79.41% Mean: 76.97% (+/- 10.40%)
Fold: 50 of 50 Acc: 85.29% Mean: 77.13% (+/- 10.36%)
Model Type: ResNet152
Fold: 1 of 50 Acc: 80.00% Mean: 80.00% (+/- 0.00%)
Fold: 2 of 50 Acc: 88.57% Mean: 84.29% (+/- 4.29%)
Fold: 3 of 50 Acc: 73.53% Mean: 80.70% (+/- 6.16%)
Fold: 4 of 50 Acc: 79.41% Mean: 80.38% (+/- 5.36%)
Fold: 5 of 50 Acc: 82.35% Mean: 80.77% (+/- 4.86%)
Fold: 6 of 50 Acc: 73.53% Mean: 79.57% (+/- 5.20%)
Fold: 7 of 50 Acc: 91.18% Mean: 81.22% (+/- 6.30%)
Fold: 8 of 50 Acc: 82.35% Mean: 81.37% (+/- 5.90%)
Fold: 9 of 50 Acc: 79.41% Mean: 81.15% (+/- 5.60%)
Fold: 10 of 50 Acc: 79.41% Mean: 80.97% (+/- 5.34%)
Fold: 11 of 50 Acc: 74.29% Mean: 80.37% (+/- 5.44%)
Fold: 12 of 50 Acc: 82.86% Mean: 80.57% (+/- 5.25%)
Fold: 13 of 50 Acc: 79.41% Mean: 80.48% (+/- 5.06%)
Fold: 14 of 50 Acc: 47.06% Mean: 78.10% (+/- 9.89%)
Fold: 15 of 50 Acc: 58.82% Mean: 76.81% (+/- 10.70%)
Fold: 16 of 50 Acc: 88.24% Mean: 77.53% (+/- 10.72%)
Fold: 17 of 50 Acc: 70.59% Mean: 77.12% (+/- 10.53%)
Fold: 18 of 50 Acc: 55.88% Mean: 75.94% (+/- 11.33%)
Fold: 19 of 50 Acc: 88.24% Mean: 76.59% (+/- 11.36%)
Fold: 20 of 50 Acc: 82.35% Mean: 76.87% (+/- 11.15%)
Fold: 21 of 50 Acc: 57.14% Mean: 75.93% (+/- 11.66%)
Fold: 22 of 50 Acc: 80.00% Mean: 76.12% (+/- 11.42%)
Fold: 23 of 50 Acc: 76.47% Mean: 76.13% (+/- 11.17%)
Fold: 24 of 50 Acc: 47.06% Mean: 74.92% (+/- 12.39%)
Fold: 25 of 50 Acc: 88.24% Mean: 75.46% (+/- 12.41%)
Fold: 26 of 50 Acc: 76.47% Mean: 75.49% (+/- 12.17%)
Fold: 27 of 50 Acc: 55.88% Mean: 74.77% (+/- 12.51%)
Fold: 28 of 50 Acc: 79.41% Mean: 74.93% (+/- 12.31%)
Fold: 29 of 50 Acc: 73.53% Mean: 74.89% (+/- 12.10%)
Fold: 30 of 50 Acc: 32.35% Mean: 73.47% (+/- 14.14%)
Fold: 31 of 50 Acc: 71.43% Mean: 73.40% (+/- 13.91%)
Fold: 32 of 50 Acc: 74.29% Mean: 73.43% (+/- 13.69%)
Fold: 33 of 50 Acc: 91.18% Mean: 73.97% (+/- 13.82%)
Fold: 34 of 50 Acc: 73.53% Mean: 73.95% (+/- 13.62%)
Fold: 35 of 50 Acc: 38.24% Mean: 72.93% (+/- 14.68%)
Fold: 36 of 50 Acc: 67.65% Mean: 72.79% (+/- 14.50%)
Fold: 37 of 50 Acc: 73.53% Mean: 72.81% (+/- 14.31%)
Fold: 38 of 50 Acc: 82.35% Mean: 73.06% (+/- 14.20%)
Fold: 39 of 50 Acc: 82.35% Mean: 73.30% (+/- 14.09%)
Fold: 40 of 50 Acc: 70.59% Mean: 73.23% (+/- 13.92%)
Fold: 41 of 50 Acc: 60.00% Mean: 72.91% (+/- 13.90%)
Fold: 42 of 50 Acc: 77.14% Mean: 73.01% (+/- 13.75%)
Fold: 43 of 50 Acc: 64.71% Mean: 72.81% (+/- 13.65%)
Fold: 44 of 50 Acc: 91.18% Mean: 73.23% (+/- 13.77%)
Fold: 45 of 50 Acc: 50.00% Mean: 72.72% (+/- 14.04%)
Fold: 46 of 50 Acc: 85.29% Mean: 72.99% (+/- 14.00%)
Fold: 47 of 50 Acc: 85.29% Mean: 73.25% (+/- 13.97%)
Fold: 48 of 50 Acc: 79.41% Mean: 73.38% (+/- 13.85%)
Fold: 49 of 50 Acc: 73.53% Mean: 73.38% (+/- 13.71%)
Fold: 50 of 50 Acc: 73.53% Mean: 73.38% (+/- 13.57%)
Model Type: ResNet50V2
Fold: 1 of 50 Acc: 51.43% Mean: 51.43% (+/- 0.00%)
Fold: 2 of 50 Acc: 77.14% Mean: 64.29% (+/- 12.86%)
Fold: 3 of 50 Acc: 82.35% Mean: 70.31% (+/- 13.52%)
Fold: 4 of 50 Acc: 73.53% Mean: 71.11% (+/- 11.79%)
Fold: 5 of 50 Acc: 50.00% Mean: 66.89% (+/- 13.51%)
Fold: 6 of 50 Acc: 44.12% Mean: 63.10% (+/- 14.97%)
Fold: 7 of 50 Acc: 79.41% Mean: 65.43% (+/- 14.99%)
Fold: 8 of 50 Acc: 82.35% Mean: 67.54% (+/- 15.10%)
Fold: 9 of 50 Acc: 73.53% Mean: 68.21% (+/- 14.36%)
Fold: 10 of 50 Acc: 76.47% Mean: 69.03% (+/- 13.85%)
Fold: 11 of 50 Acc: 88.57% Mean: 70.81% (+/- 14.35%)
Fold: 12 of 50 Acc: 54.29% Mean: 69.43% (+/- 14.48%)
Fold: 13 of 50 Acc: 55.88% Mean: 68.39% (+/- 14.37%)
Fold: 14 of 50 Acc: 85.29% Mean: 69.60% (+/- 14.51%)
Fold: 15 of 50 Acc: 82.35% Mean: 70.45% (+/- 14.38%)
Fold: 16 of 50 Acc: 41.18% Mean: 68.62% (+/- 15.62%)
Fold: 17 of 50 Acc: 73.53% Mean: 68.91% (+/- 15.20%)
Fold: 18 of 50 Acc: 50.00% Mean: 67.86% (+/- 15.39%)
Fold: 19 of 50 Acc: 76.47% Mean: 68.31% (+/- 15.10%)
Fold: 20 of 50 Acc: 73.53% Mean: 68.57% (+/- 14.77%)
Fold: 21 of 50 Acc: 80.00% Mean: 69.12% (+/- 14.61%)
Fold: 22 of 50 Acc: 57.14% Mean: 68.57% (+/- 14.49%)
Fold: 23 of 50 Acc: 61.76% Mean: 68.28% (+/- 14.24%)
Fold: 24 of 50 Acc: 52.94% Mean: 67.64% (+/- 14.28%)
Fold: 25 of 50 Acc: 88.24% Mean: 68.46% (+/- 14.56%)
Fold: 26 of 50 Acc: 64.71% Mean: 68.32% (+/- 14.29%)
Fold: 27 of 50 Acc: 82.35% Mean: 68.84% (+/- 14.28%)
Fold: 28 of 50 Acc: 76.47% Mean: 69.11% (+/- 14.09%)
Fold: 29 of 50 Acc: 58.82% Mean: 68.75% (+/- 13.97%)
Fold: 30 of 50 Acc: 76.47% Mean: 69.01% (+/- 13.81%)
Fold: 31 of 50 Acc: 51.43% Mean: 68.44% (+/- 13.93%)
Fold: 32 of 50 Acc: 71.43% Mean: 68.54% (+/- 13.72%)
Fold: 33 of 50 Acc: 91.18% Mean: 69.22% (+/- 14.06%)
Fold: 34 of 50 Acc: 82.35% Mean: 69.61% (+/- 14.03%)
Fold: 35 of 50 Acc: 76.47% Mean: 69.81% (+/- 13.87%)
Fold: 36 of 50 Acc: 64.71% Mean: 69.66% (+/- 13.70%)
Fold: 37 of 50 Acc: 82.35% Mean: 70.01% (+/- 13.67%)
Fold: 38 of 50 Acc: 82.35% Mean: 70.33% (+/- 13.64%)
Fold: 39 of 50 Acc: 35.29% Mean: 69.43% (+/- 14.56%)
Fold: 40 of 50 Acc: 55.88% Mean: 69.09% (+/- 14.53%)
Fold: 41 of 50 Acc: 77.14% Mean: 69.29% (+/- 14.40%)
Fold: 42 of 50 Acc: 40.00% Mean: 68.59% (+/- 14.91%)
Fold: 43 of 50 Acc: 79.41% Mean: 68.85% (+/- 14.83%)
Fold: 44 of 50 Acc: 91.18% Mean: 69.35% (+/- 15.03%)
Fold: 45 of 50 Acc: 70.59% Mean: 69.38% (+/- 14.87%)
Fold: 46 of 50 Acc: 61.76% Mean: 69.21% (+/- 14.75%)
Fold: 47 of 50 Acc: 73.53% Mean: 69.31% (+/- 14.60%)
Fold: 48 of 50 Acc: 85.29% Mean: 69.64% (+/- 14.63%)
Fold: 49 of 50 Acc: 76.47% Mean: 69.78% (+/- 14.51%)
Fold: 50 of 50 Acc: 55.88% Mean: 69.50% (+/- 14.50%)
Model Type: ResNet101V2
Fold: 1 of 50 Acc: 62.86% Mean: 62.86% (+/- 0.00%)
Fold: 2 of 50 Acc: 45.71% Mean: 54.29% (+/- 8.57%)
Fold: 3 of 50 Acc: 79.41% Mean: 62.66% (+/- 13.76%)
Fold: 4 of 50 Acc: 29.41% Mean: 54.35% (+/- 18.69%)
Fold: 5 of 50 Acc: 52.94% Mean: 54.07% (+/- 16.72%)
Fold: 6 of 50 Acc: 50.00% Mean: 53.39% (+/- 15.34%)
Fold: 7 of 50 Acc: 47.06% Mean: 52.48% (+/- 14.38%)
Fold: 8 of 50 Acc: 52.94% Mean: 52.54% (+/- 13.45%)
Fold: 9 of 50 Acc: 55.88% Mean: 52.91% (+/- 12.72%)
Fold: 10 of 50 Acc: 44.12% Mean: 52.03% (+/- 12.35%)
Fold: 11 of 50 Acc: 45.71% Mean: 51.46% (+/- 11.92%)
Fold: 12 of 50 Acc: 77.14% Mean: 53.60% (+/- 13.44%)
Fold: 13 of 50 Acc: 58.82% Mean: 54.00% (+/- 12.99%)
Fold: 14 of 50 Acc: 47.06% Mean: 53.51% (+/- 12.64%)
Fold: 15 of 50 Acc: 44.12% Mean: 52.88% (+/- 12.44%)
Fold: 16 of 50 Acc: 38.24% Mean: 51.96% (+/- 12.55%)
Fold: 17 of 50 Acc: 70.59% Mean: 53.06% (+/- 12.94%)
Fold: 18 of 50 Acc: 79.41% Mean: 54.52% (+/- 13.95%)
Fold: 19 of 50 Acc: 55.88% Mean: 54.60% (+/- 13.58%)
Fold: 20 of 50 Acc: 70.59% Mean: 55.39% (+/- 13.69%)
Fold: 21 of 50 Acc: 42.86% Mean: 54.80% (+/- 13.62%)
Fold: 22 of 50 Acc: 54.29% Mean: 54.77% (+/- 13.31%)
Fold: 23 of 50 Acc: 73.53% Mean: 55.59% (+/- 13.57%)
Fold: 24 of 50 Acc: 79.41% Mean: 56.58% (+/- 14.11%)
Fold: 25 of 50 Acc: 76.47% Mean: 57.38% (+/- 14.36%)
Fold: 26 of 50 Acc: 76.47% Mean: 58.11% (+/- 14.56%)
Fold: 27 of 50 Acc: 73.53% Mean: 58.68% (+/- 14.58%)
Fold: 28 of 50 Acc: 73.53% Mean: 59.21% (+/- 14.58%)
Fold: 29 of 50 Acc: 85.29% Mean: 60.11% (+/- 15.09%)
Fold: 30 of 50 Acc: 67.65% Mean: 60.36% (+/- 14.90%)
Fold: 31 of 50 Acc: 51.43% Mean: 60.08% (+/- 14.74%)
Fold: 32 of 50 Acc: 85.71% Mean: 60.88% (+/- 15.18%)
Fold: 33 of 50 Acc: 76.47% Mean: 61.35% (+/- 15.19%)
Fold: 34 of 50 Acc: 47.06% Mean: 60.93% (+/- 15.16%)
Fold: 35 of 50 Acc: 44.12% Mean: 60.45% (+/- 15.20%)
Fold: 36 of 50 Acc: 38.24% Mean: 59.83% (+/- 15.42%)
Fold: 37 of 50 Acc: 44.12% Mean: 59.41% (+/- 15.43%)
Fold: 38 of 50 Acc: 70.59% Mean: 59.70% (+/- 15.33%)
Fold: 39 of 50 Acc: 91.18% Mean: 60.51% (+/- 15.93%)
Fold: 40 of 50 Acc: 52.94% Mean: 60.32% (+/- 15.77%)
Fold: 41 of 50 Acc: 82.86% Mean: 60.87% (+/- 15.96%)
Fold: 42 of 50 Acc: 42.86% Mean: 60.44% (+/- 16.01%)
Fold: 43 of 50 Acc: 58.82% Mean: 60.40% (+/- 15.82%)
Fold: 44 of 50 Acc: 52.94% Mean: 60.23% (+/- 15.68%)
Fold: 45 of 50 Acc: 76.47% Mean: 60.59% (+/- 15.69%)
Fold: 46 of 50 Acc: 76.47% Mean: 60.94% (+/- 15.69%)
Fold: 47 of 50 Acc: 38.24% Mean: 60.46% (+/- 15.86%)
Fold: 48 of 50 Acc: 61.76% Mean: 60.48% (+/- 15.70%)
Fold: 49 of 50 Acc: 41.18% Mean: 60.09% (+/- 15.77%)
Fold: 50 of 50 Acc: 47.06% Mean: 59.83% (+/- 15.72%)
Model Type: ResNet152V2
Fold: 1 of 50 Acc: 57.14% Mean: 57.14% (+/- 0.00%)
Fold: 2 of 50 Acc: 68.57% Mean: 62.86% (+/- 5.71%)
Fold: 3 of 50 Acc: 41.18% Mean: 55.63% (+/- 11.23%)
Fold: 4 of 50 Acc: 67.65% Mean: 58.63% (+/- 11.03%)
Fold: 5 of 50 Acc: 73.53% Mean: 61.61% (+/- 11.53%)
Fold: 6 of 50 Acc: 70.59% Mean: 63.11% (+/- 11.04%)
Fold: 7 of 50 Acc: 41.18% Mean: 59.98% (+/- 12.78%)
Fold: 8 of 50 Acc: 41.18% Mean: 57.63% (+/- 13.48%)
Fold: 9 of 50 Acc: 50.00% Mean: 56.78% (+/- 12.93%)
Fold: 10 of 50 Acc: 58.82% Mean: 56.98% (+/- 12.28%)
Fold: 11 of 50 Acc: 45.71% Mean: 55.96% (+/- 12.15%)
Fold: 12 of 50 Acc: 42.86% Mean: 54.87% (+/- 12.18%)
Fold: 13 of 50 Acc: 50.00% Mean: 54.49% (+/- 11.78%)
Fold: 14 of 50 Acc: 41.18% Mean: 53.54% (+/- 11.86%)
Fold: 15 of 50 Acc: 55.88% Mean: 53.70% (+/- 11.47%)
Fold: 16 of 50 Acc: 38.24% Mean: 52.73% (+/- 11.72%)
Fold: 17 of 50 Acc: 41.18% Mean: 52.05% (+/- 11.69%)
Fold: 18 of 50 Acc: 47.06% Mean: 51.77% (+/- 11.42%)
Fold: 19 of 50 Acc: 52.94% Mean: 51.84% (+/- 11.12%)
Fold: 20 of 50 Acc: 64.71% Mean: 52.48% (+/- 11.19%)
Fold: 21 of 50 Acc: 37.14% Mean: 51.75% (+/- 11.40%)
Fold: 22 of 50 Acc: 57.14% Mean: 51.99% (+/- 11.19%)
Fold: 23 of 50 Acc: 82.35% Mean: 53.31% (+/- 12.58%)
Fold: 24 of 50 Acc: 85.29% Mean: 54.65% (+/- 13.87%)
Fold: 25 of 50 Acc: 64.71% Mean: 55.05% (+/- 13.73%)
Fold: 26 of 50 Acc: 52.94% Mean: 54.97% (+/- 13.47%)
Fold: 27 of 50 Acc: 55.88% Mean: 55.00% (+/- 13.22%)
Fold: 28 of 50 Acc: 50.00% Mean: 54.82% (+/- 13.02%)
Fold: 29 of 50 Acc: 88.24% Mean: 55.98% (+/- 14.17%)
Fold: 30 of 50 Acc: 67.65% Mean: 56.36% (+/- 14.09%)
Fold: 31 of 50 Acc: 51.43% Mean: 56.20% (+/- 13.89%)
Fold: 32 of 50 Acc: 82.86% Mean: 57.04% (+/- 14.43%)
Fold: 33 of 50 Acc: 94.12% Mean: 58.16% (+/- 15.57%)
Fold: 34 of 50 Acc: 52.94% Mean: 58.01% (+/- 15.36%)
Fold: 35 of 50 Acc: 67.65% Mean: 58.28% (+/- 15.23%)
Fold: 36 of 50 Acc: 41.18% Mean: 57.81% (+/- 15.28%)
Fold: 37 of 50 Acc: 47.06% Mean: 57.52% (+/- 15.17%)
Fold: 38 of 50 Acc: 61.76% Mean: 57.63% (+/- 14.98%)
Fold: 39 of 50 Acc: 44.12% Mean: 57.28% (+/- 14.94%)
Fold: 40 of 50 Acc: 38.24% Mean: 56.81% (+/- 15.05%)
Fold: 41 of 50 Acc: 48.57% Mean: 56.61% (+/- 14.92%)
Fold: 42 of 50 Acc: 42.86% Mean: 56.28% (+/- 14.89%)
Fold: 43 of 50 Acc: 44.12% Mean: 56.00% (+/- 14.83%)
Fold: 44 of 50 Acc: 55.88% Mean: 55.99% (+/- 14.66%)
Fold: 45 of 50 Acc: 50.00% Mean: 55.86% (+/- 14.52%)
Fold: 46 of 50 Acc: 88.24% Mean: 56.56% (+/- 15.12%)
Fold: 47 of 50 Acc: 67.65% Mean: 56.80% (+/- 15.04%)
Fold: 48 of 50 Acc: 58.82% Mean: 56.84% (+/- 14.89%)
Fold: 49 of 50 Acc: 58.82% Mean: 56.88% (+/- 14.74%)
Fold: 50 of 50 Acc: 50.00% Mean: 56.74% (+/- 14.62%)
Model Type: InceptionV3
Fold: 1 of 50 Acc: 94.29% Mean: 94.29% (+/- 0.00%)
Fold: 2 of 50 Acc: 85.71% Mean: 90.00% (+/- 4.29%)
Fold: 3 of 50 Acc: 82.35% Mean: 87.45% (+/- 5.02%)
Fold: 4 of 50 Acc: 79.41% Mean: 85.44% (+/- 5.57%)
Fold: 5 of 50 Acc: 97.06% Mean: 87.76% (+/- 6.81%)
Fold: 6 of 50 Acc: 82.35% Mean: 86.86% (+/- 6.54%)
Fold: 7 of 50 Acc: 88.24% Mean: 87.06% (+/- 6.07%)
Fold: 8 of 50 Acc: 82.35% Mean: 86.47% (+/- 5.89%)
Fold: 9 of 50 Acc: 91.18% Mean: 86.99% (+/- 5.75%)
Fold: 10 of 50 Acc: 85.29% Mean: 86.82% (+/- 5.48%)
Fold: 11 of 50 Acc: 45.71% Mean: 83.09% (+/- 12.92%)
Fold: 12 of 50 Acc: 74.29% Mean: 82.35% (+/- 12.61%)
Fold: 13 of 50 Acc: 82.35% Mean: 82.35% (+/- 12.11%)
Fold: 14 of 50 Acc: 91.18% Mean: 82.98% (+/- 11.89%)
Fold: 15 of 50 Acc: 91.18% Mean: 83.53% (+/- 11.67%)
Fold: 16 of 50 Acc: 88.24% Mean: 83.82% (+/- 11.35%)
Fold: 17 of 50 Acc: 91.18% Mean: 84.26% (+/- 11.15%)
Fold: 18 of 50 Acc: 82.35% Mean: 84.15% (+/- 10.85%)
Fold: 19 of 50 Acc: 88.24% Mean: 84.37% (+/- 10.60%)
Fold: 20 of 50 Acc: 91.18% Mean: 84.71% (+/- 10.43%)
Fold: 21 of 50 Acc: 91.43% Mean: 85.03% (+/- 10.28%)
Fold: 22 of 50 Acc: 85.71% Mean: 85.06% (+/- 10.05%)
Fold: 23 of 50 Acc: 79.41% Mean: 84.81% (+/- 9.89%)
Fold: 24 of 50 Acc: 94.12% Mean: 85.20% (+/- 9.86%)
Fold: 25 of 50 Acc: 52.94% Mean: 83.91% (+/- 11.55%)
Fold: 26 of 50 Acc: 94.12% Mean: 84.30% (+/- 11.49%)
Fold: 27 of 50 Acc: 88.24% Mean: 84.45% (+/- 11.30%)
Fold: 28 of 50 Acc: 97.06% Mean: 84.90% (+/- 11.34%)
Fold: 29 of 50 Acc: 91.18% Mean: 85.11% (+/- 11.20%)
Fold: 30 of 50 Acc: 85.29% Mean: 85.12% (+/- 11.01%)
Fold: 31 of 50 Acc: 80.00% Mean: 84.96% (+/- 10.87%)
Fold: 32 of 50 Acc: 85.71% Mean: 84.98% (+/- 10.70%)
Fold: 33 of 50 Acc: 94.12% Mean: 85.26% (+/- 10.66%)
Fold: 34 of 50 Acc: 85.29% Mean: 85.26% (+/- 10.50%)
Fold: 35 of 50 Acc: 91.18% Mean: 85.43% (+/- 10.39%)
Fold: 36 of 50 Acc: 76.47% Mean: 85.18% (+/- 10.35%)
Fold: 37 of 50 Acc: 85.29% Mean: 85.18% (+/- 10.21%)
Fold: 38 of 50 Acc: 91.18% Mean: 85.34% (+/- 10.12%)
Fold: 39 of 50 Acc: 88.24% Mean: 85.41% (+/- 10.00%)
Fold: 40 of 50 Acc: 91.18% Mean: 85.56% (+/- 9.92%)
Fold: 41 of 50 Acc: 94.29% Mean: 85.77% (+/- 9.89%)
Fold: 42 of 50 Acc: 82.86% Mean: 85.70% (+/- 9.78%)
Fold: 43 of 50 Acc: 79.41% Mean: 85.55% (+/- 9.71%)
Fold: 44 of 50 Acc: 85.29% Mean: 85.55% (+/- 9.60%)
Fold: 45 of 50 Acc: 85.29% Mean: 85.54% (+/- 9.49%)
Fold: 46 of 50 Acc: 100.00% Mean: 85.86% (+/- 9.62%)
Fold: 47 of 50 Acc: 41.18% Mean: 84.91% (+/- 11.50%)
Fold: 48 of 50 Acc: 70.59% Mean: 84.61% (+/- 11.56%)
Fold: 49 of 50 Acc: 85.29% Mean: 84.62% (+/- 11.44%)
Fold: 50 of 50 Acc: 85.29% Mean: 84.64% (+/- 11.33%)
Model Type: InceptionResNetV2
Fold: 1 of 50 Acc: 91.43% Mean: 91.43% (+/- 0.00%)
Fold: 2 of 50 Acc: 91.43% Mean: 91.43% (+/- 0.00%)
Fold: 3 of 50 Acc: 85.29% Mean: 89.38% (+/- 2.89%)
Fold: 4 of 50 Acc: 85.29% Mean: 88.36% (+/- 3.07%)
Fold: 5 of 50 Acc: 85.29% Mean: 87.75% (+/- 3.01%)
Fold: 6 of 50 Acc: 94.12% Mean: 88.81% (+/- 3.63%)
Fold: 7 of 50 Acc: 88.24% Mean: 88.73% (+/- 3.36%)
Fold: 8 of 50 Acc: 85.29% Mean: 88.30% (+/- 3.35%)
Fold: 9 of 50 Acc: 97.06% Mean: 89.27% (+/- 4.19%)
Fold: 10 of 50 Acc: 79.41% Mean: 88.29% (+/- 4.95%)
Fold: 11 of 50 Acc: 88.57% Mean: 88.31% (+/- 4.72%)
Fold: 12 of 50 Acc: 91.43% Mean: 88.57% (+/- 4.60%)
Fold: 13 of 50 Acc: 82.35% Mean: 88.09% (+/- 4.72%)
Fold: 14 of 50 Acc: 91.18% Mean: 88.31% (+/- 4.62%)
Fold: 15 of 50 Acc: 85.29% Mean: 88.11% (+/- 4.53%)
Fold: 16 of 50 Acc: 94.12% Mean: 88.49% (+/- 4.62%)
Fold: 17 of 50 Acc: 91.18% Mean: 88.65% (+/- 4.52%)
Fold: 18 of 50 Acc: 97.06% Mean: 89.11% (+/- 4.80%)
Fold: 19 of 50 Acc: 97.06% Mean: 89.53% (+/- 5.00%)
Fold: 20 of 50 Acc: 88.24% Mean: 89.47% (+/- 4.88%)
Fold: 21 of 50 Acc: 88.57% Mean: 89.42% (+/- 4.77%)
Fold: 22 of 50 Acc: 82.86% Mean: 89.13% (+/- 4.85%)
Fold: 23 of 50 Acc: 82.35% Mean: 88.83% (+/- 4.94%)
Fold: 24 of 50 Acc: 94.12% Mean: 89.05% (+/- 4.95%)
Fold: 25 of 50 Acc: 88.24% Mean: 89.02% (+/- 4.86%)
Fold: 26 of 50 Acc: 88.24% Mean: 88.99% (+/- 4.76%)
Fold: 27 of 50 Acc: 76.47% Mean: 88.52% (+/- 5.24%)
Fold: 28 of 50 Acc: 94.12% Mean: 88.72% (+/- 5.25%)
Fold: 29 of 50 Acc: 85.29% Mean: 88.61% (+/- 5.19%)
Fold: 30 of 50 Acc: 88.24% Mean: 88.59% (+/- 5.11%)
Fold: 31 of 50 Acc: 80.00% Mean: 88.32% (+/- 5.25%)
Fold: 32 of 50 Acc: 94.29% Mean: 88.50% (+/- 5.27%)
Fold: 33 of 50 Acc: 88.24% Mean: 88.50% (+/- 5.19%)
Fold: 34 of 50 Acc: 82.35% Mean: 88.31% (+/- 5.22%)
Fold: 35 of 50 Acc: 91.18% Mean: 88.40% (+/- 5.16%)
Fold: 36 of 50 Acc: 91.18% Mean: 88.47% (+/- 5.11%)
Fold: 37 of 50 Acc: 88.24% Mean: 88.47% (+/- 5.04%)
Fold: 38 of 50 Acc: 94.12% Mean: 88.62% (+/- 5.06%)
Fold: 39 of 50 Acc: 97.06% Mean: 88.83% (+/- 5.17%)
Fold: 40 of 50 Acc: 97.06% Mean: 89.04% (+/- 5.26%)
Fold: 41 of 50 Acc: 91.43% Mean: 89.10% (+/- 5.21%)
Fold: 42 of 50 Acc: 97.14% Mean: 89.29% (+/- 5.29%)
Fold: 43 of 50 Acc: 88.24% Mean: 89.26% (+/- 5.23%)
Fold: 44 of 50 Acc: 85.29% Mean: 89.17% (+/- 5.21%)
Fold: 45 of 50 Acc: 91.18% Mean: 89.22% (+/- 5.16%)
Fold: 46 of 50 Acc: 94.12% Mean: 89.32% (+/- 5.15%)
Fold: 47 of 50 Acc: 85.29% Mean: 89.24% (+/- 5.13%)
Fold: 48 of 50 Acc: 79.41% Mean: 89.03% (+/- 5.26%)
Fold: 49 of 50 Acc: 88.24% Mean: 89.02% (+/- 5.21%)
Fold: 50 of 50 Acc: 67.65% Mean: 88.59% (+/- 5.96%)
Model Type: MobileNet
Fold: 1 of 50 Acc: 88.57% Mean: 88.57% (+/- 0.00%)
Fold: 2 of 50 Acc: 91.43% Mean: 90.00% (+/- 1.43%)
Fold: 3 of 50 Acc: 85.29% Mean: 88.43% (+/- 2.51%)
Fold: 4 of 50 Acc: 73.53% Mean: 84.71% (+/- 6.81%)
Fold: 5 of 50 Acc: 94.12% Mean: 86.59% (+/- 7.16%)
Fold: 6 of 50 Acc: 88.24% Mean: 86.86% (+/- 6.56%)
Fold: 7 of 50 Acc: 94.12% Mean: 87.90% (+/- 6.59%)
Fold: 8 of 50 Acc: 67.65% Mean: 85.37% (+/- 9.10%)
Fold: 9 of 50 Acc: 85.29% Mean: 85.36% (+/- 8.58%)
Fold: 10 of 50 Acc: 97.06% Mean: 86.53% (+/- 8.86%)
Fold: 11 of 50 Acc: 91.43% Mean: 86.97% (+/- 8.57%)
Fold: 12 of 50 Acc: 82.86% Mean: 86.63% (+/- 8.28%)
Fold: 13 of 50 Acc: 94.12% Mean: 87.21% (+/- 8.20%)
Fold: 14 of 50 Acc: 91.18% Mean: 87.49% (+/- 7.97%)
Fold: 15 of 50 Acc: 94.12% Mean: 87.93% (+/- 7.88%)
Fold: 16 of 50 Acc: 94.12% Mean: 88.32% (+/- 7.77%)
Fold: 17 of 50 Acc: 91.18% Mean: 88.49% (+/- 7.57%)
Fold: 18 of 50 Acc: 94.12% Mean: 88.80% (+/- 7.47%)
Fold: 19 of 50 Acc: 91.18% Mean: 88.93% (+/- 7.29%)
Fold: 20 of 50 Acc: 91.18% Mean: 89.04% (+/- 7.12%)
Fold: 21 of 50 Acc: 88.57% Mean: 89.02% (+/- 6.95%)
Fold: 22 of 50 Acc: 91.43% Mean: 89.13% (+/- 6.81%)
Fold: 23 of 50 Acc: 91.18% Mean: 89.21% (+/- 6.67%)
Fold: 24 of 50 Acc: 94.12% Mean: 89.42% (+/- 6.60%)
Fold: 25 of 50 Acc: 97.06% Mean: 89.72% (+/- 6.64%)
Fold: 26 of 50 Acc: 97.06% Mean: 90.01% (+/- 6.66%)
Fold: 27 of 50 Acc: 85.29% Mean: 89.83% (+/- 6.60%)
Fold: 28 of 50 Acc: 94.12% Mean: 89.98% (+/- 6.53%)
Fold: 29 of 50 Acc: 85.29% Mean: 89.82% (+/- 6.47%)
Fold: 30 of 50 Acc: 91.18% Mean: 89.87% (+/- 6.37%)
Fold: 31 of 50 Acc: 82.86% Mean: 89.64% (+/- 6.39%)
Fold: 32 of 50 Acc: 91.43% Mean: 89.70% (+/- 6.29%)
Fold: 33 of 50 Acc: 94.12% Mean: 89.83% (+/- 6.24%)
Fold: 34 of 50 Acc: 94.12% Mean: 89.96% (+/- 6.19%)
Fold: 35 of 50 Acc: 91.18% Mean: 89.99% (+/- 6.11%)
Fold: 36 of 50 Acc: 94.12% Mean: 90.11% (+/- 6.06%)
Fold: 37 of 50 Acc: 94.12% Mean: 90.22% (+/- 6.01%)
Fold: 38 of 50 Acc: 97.06% Mean: 90.40% (+/- 6.03%)
Fold: 39 of 50 Acc: 94.12% Mean: 90.49% (+/- 5.98%)
Fold: 40 of 50 Acc: 94.12% Mean: 90.58% (+/- 5.94%)
Fold: 41 of 50 Acc: 85.71% Mean: 90.46% (+/- 5.91%)
Fold: 42 of 50 Acc: 97.14% Mean: 90.62% (+/- 5.93%)
Fold: 43 of 50 Acc: 91.18% Mean: 90.64% (+/- 5.86%)
Fold: 44 of 50 Acc: 94.12% Mean: 90.71% (+/- 5.82%)
Fold: 45 of 50 Acc: 97.06% Mean: 90.86% (+/- 5.83%)
Fold: 46 of 50 Acc: 94.12% Mean: 90.93% (+/- 5.78%)
Fold: 47 of 50 Acc: 88.24% Mean: 90.87% (+/- 5.73%)
Fold: 48 of 50 Acc: 91.18% Mean: 90.88% (+/- 5.67%)
Fold: 49 of 50 Acc: 91.18% Mean: 90.88% (+/- 5.62%)
Fold: 50 of 50 Acc: 94.12% Mean: 90.95% (+/- 5.58%)
Model Type: DenseNet121
Fold: 1 of 50 Acc: 88.57% Mean: 88.57% (+/- 0.00%)
Fold: 2 of 50 Acc: 94.29% Mean: 91.43% (+/- 2.86%)
Fold: 3 of 50 Acc: 85.29% Mean: 89.38% (+/- 3.72%)
Fold: 4 of 50 Acc: 79.41% Mean: 86.89% (+/- 5.39%)
Fold: 5 of 50 Acc: 85.29% Mean: 86.57% (+/- 4.86%)
Fold: 6 of 50 Acc: 85.29% Mean: 86.36% (+/- 4.46%)
Fold: 7 of 50 Acc: 79.41% Mean: 85.37% (+/- 4.79%)
Fold: 8 of 50 Acc: 73.53% Mean: 83.89% (+/- 5.95%)
Fold: 9 of 50 Acc: 82.35% Mean: 83.72% (+/- 5.63%)
Fold: 10 of 50 Acc: 88.24% Mean: 84.17% (+/- 5.51%)
Fold: 11 of 50 Acc: 88.57% Mean: 84.57% (+/- 5.41%)
Fold: 12 of 50 Acc: 82.86% Mean: 84.43% (+/- 5.20%)
Fold: 13 of 50 Acc: 91.18% Mean: 84.95% (+/- 5.31%)
Fold: 14 of 50 Acc: 88.24% Mean: 85.18% (+/- 5.18%)
Fold: 15 of 50 Acc: 82.35% Mean: 84.99% (+/- 5.06%)
Fold: 16 of 50 Acc: 94.12% Mean: 85.56% (+/- 5.37%)
Fold: 17 of 50 Acc: 88.24% Mean: 85.72% (+/- 5.25%)
Fold: 18 of 50 Acc: 82.35% Mean: 85.53% (+/- 5.16%)
Fold: 19 of 50 Acc: 91.18% Mean: 85.83% (+/- 5.18%)
Fold: 20 of 50 Acc: 47.06% Mean: 83.89% (+/- 9.84%)
Fold: 21 of 50 Acc: 97.14% Mean: 84.52% (+/- 10.01%)
Fold: 22 of 50 Acc: 77.14% Mean: 84.19% (+/- 9.90%)
Fold: 23 of 50 Acc: 82.35% Mean: 84.11% (+/- 9.69%)
Fold: 24 of 50 Acc: 82.35% Mean: 84.03% (+/- 9.49%)
Fold: 25 of 50 Acc: 85.29% Mean: 84.08% (+/- 9.30%)
Fold: 26 of 50 Acc: 85.29% Mean: 84.13% (+/- 9.13%)
Fold: 27 of 50 Acc: 88.24% Mean: 84.28% (+/- 8.99%)
Fold: 28 of 50 Acc: 91.18% Mean: 84.53% (+/- 8.92%)
Fold: 29 of 50 Acc: 82.35% Mean: 84.45% (+/- 8.77%)
Fold: 30 of 50 Acc: 76.47% Mean: 84.19% (+/- 8.74%)
Fold: 31 of 50 Acc: 85.71% Mean: 84.24% (+/- 8.61%)
Fold: 32 of 50 Acc: 80.00% Mean: 84.10% (+/- 8.50%)
Fold: 33 of 50 Acc: 88.24% Mean: 84.23% (+/- 8.40%)
Fold: 34 of 50 Acc: 82.35% Mean: 84.17% (+/- 8.28%)
Fold: 35 of 50 Acc: 94.12% Mean: 84.46% (+/- 8.33%)
Fold: 36 of 50 Acc: 88.24% Mean: 84.56% (+/- 8.24%)
Fold: 37 of 50 Acc: 85.29% Mean: 84.58% (+/- 8.13%)
Fold: 38 of 50 Acc: 88.24% Mean: 84.68% (+/- 8.04%)
Fold: 39 of 50 Acc: 91.18% Mean: 84.85% (+/- 8.00%)
Fold: 40 of 50 Acc: 91.18% Mean: 85.00% (+/- 7.96%)
Fold: 41 of 50 Acc: 88.57% Mean: 85.09% (+/- 7.89%)
Fold: 42 of 50 Acc: 88.57% Mean: 85.17% (+/- 7.81%)
Fold: 43 of 50 Acc: 79.41% Mean: 85.04% (+/- 7.77%)
Fold: 44 of 50 Acc: 85.29% Mean: 85.05% (+/- 7.68%)
Fold: 45 of 50 Acc: 94.12% Mean: 85.25% (+/- 7.71%)
Fold: 46 of 50 Acc: 100.00% Mean: 85.57% (+/- 7.92%)
Fold: 47 of 50 Acc: 82.35% Mean: 85.50% (+/- 7.85%)
Fold: 48 of 50 Acc: 88.24% Mean: 85.56% (+/- 7.78%)
Fold: 49 of 50 Acc: 88.24% Mean: 85.61% (+/- 7.71%)
Fold: 50 of 50 Acc: 79.41% Mean: 85.49% (+/- 7.68%)
Model Type: DenseNet169
Fold: 1 of 50 Acc: 91.43% Mean: 91.43% (+/- 0.00%)
Fold: 2 of 50 Acc: 91.43% Mean: 91.43% (+/- 0.00%)
Fold: 3 of 50 Acc: 97.06% Mean: 93.31% (+/- 2.65%)
Fold: 4 of 50 Acc: 88.24% Mean: 92.04% (+/- 3.18%)
Fold: 5 of 50 Acc: 88.24% Mean: 91.28% (+/- 3.22%)
Fold: 6 of 50 Acc: 91.18% Mean: 91.26% (+/- 2.94%)
Fold: 7 of 50 Acc: 85.29% Mean: 90.41% (+/- 3.43%)
Fold: 8 of 50 Acc: 94.12% Mean: 90.87% (+/- 3.44%)
Fold: 9 of 50 Acc: 88.24% Mean: 90.58% (+/- 3.35%)
Fold: 10 of 50 Acc: 76.47% Mean: 89.17% (+/- 5.29%)
Fold: 11 of 50 Acc: 91.43% Mean: 89.37% (+/- 5.09%)
Fold: 12 of 50 Acc: 91.43% Mean: 89.54% (+/- 4.90%)
Fold: 13 of 50 Acc: 85.29% Mean: 89.22% (+/- 4.84%)
Fold: 14 of 50 Acc: 91.18% Mean: 89.36% (+/- 4.70%)
Fold: 15 of 50 Acc: 91.18% Mean: 89.48% (+/- 4.56%)
Fold: 16 of 50 Acc: 91.18% Mean: 89.59% (+/- 4.43%)
Fold: 17 of 50 Acc: 88.24% Mean: 89.51% (+/- 4.31%)
Fold: 18 of 50 Acc: 91.18% Mean: 89.60% (+/- 4.21%)
Fold: 19 of 50 Acc: 97.06% Mean: 89.99% (+/- 4.42%)
Fold: 20 of 50 Acc: 82.35% Mean: 89.61% (+/- 4.62%)
Fold: 21 of 50 Acc: 77.14% Mean: 89.02% (+/- 5.23%)
Fold: 22 of 50 Acc: 77.14% Mean: 88.48% (+/- 5.68%)
Fold: 23 of 50 Acc: 82.35% Mean: 88.21% (+/- 5.69%)
Fold: 24 of 50 Acc: 82.35% Mean: 87.97% (+/- 5.69%)
Fold: 25 of 50 Acc: 91.18% Mean: 88.09% (+/- 5.61%)
Fold: 26 of 50 Acc: 91.18% Mean: 88.21% (+/- 5.54%)
Fold: 27 of 50 Acc: 88.24% Mean: 88.21% (+/- 5.43%)
Fold: 28 of 50 Acc: 85.29% Mean: 88.11% (+/- 5.36%)
Fold: 29 of 50 Acc: 91.18% Mean: 88.22% (+/- 5.30%)
Fold: 30 of 50 Acc: 85.29% Mean: 88.12% (+/- 5.24%)
Fold: 31 of 50 Acc: 91.43% Mean: 88.22% (+/- 5.18%)
Fold: 32 of 50 Acc: 88.57% Mean: 88.24% (+/- 5.10%)
Fold: 33 of 50 Acc: 94.12% Mean: 88.41% (+/- 5.13%)
Fold: 34 of 50 Acc: 85.29% Mean: 88.32% (+/- 5.08%)
Fold: 35 of 50 Acc: 82.35% Mean: 88.15% (+/- 5.10%)
Fold: 36 of 50 Acc: 91.18% Mean: 88.24% (+/- 5.06%)
Fold: 37 of 50 Acc: 85.29% Mean: 88.16% (+/- 5.01%)
Fold: 38 of 50 Acc: 88.24% Mean: 88.16% (+/- 4.94%)
Fold: 39 of 50 Acc: 70.59% Mean: 87.71% (+/- 5.61%)
Fold: 40 of 50 Acc: 91.18% Mean: 87.79% (+/- 5.57%)
Fold: 41 of 50 Acc: 88.57% Mean: 87.81% (+/- 5.50%)
Fold: 42 of 50 Acc: 91.43% Mean: 87.90% (+/- 5.46%)
Fold: 43 of 50 Acc: 91.18% Mean: 87.98% (+/- 5.42%)
Fold: 44 of 50 Acc: 88.24% Mean: 87.98% (+/- 5.36%)
Fold: 45 of 50 Acc: 88.24% Mean: 87.99% (+/- 5.30%)
Fold: 46 of 50 Acc: 91.18% Mean: 88.06% (+/- 5.26%)
Fold: 47 of 50 Acc: 82.35% Mean: 87.93% (+/- 5.27%)
Fold: 48 of 50 Acc: 82.35% Mean: 87.82% (+/- 5.28%)
Fold: 49 of 50 Acc: 88.24% Mean: 87.83% (+/- 5.22%)
Fold: 50 of 50 Acc: 79.41% Mean: 87.66% (+/- 5.30%)
Model Type: DenseNet201
Fold: 1 of 50 Acc: 91.43% Mean: 91.43% (+/- 0.00%)
Fold: 2 of 50 Acc: 94.29% Mean: 92.86% (+/- 1.43%)
Fold: 3 of 50 Acc: 88.24% Mean: 91.32% (+/- 2.47%)
Fold: 4 of 50 Acc: 76.47% Mean: 87.61% (+/- 6.78%)
Fold: 5 of 50 Acc: 97.06% Mean: 89.50% (+/- 7.14%)
Fold: 6 of 50 Acc: 91.18% Mean: 89.78% (+/- 6.55%)
Fold: 7 of 50 Acc: 88.24% Mean: 89.56% (+/- 6.09%)
Fold: 8 of 50 Acc: 85.29% Mean: 89.02% (+/- 5.87%)
Fold: 9 of 50 Acc: 85.29% Mean: 88.61% (+/- 5.65%)
Fold: 10 of 50 Acc: 88.24% Mean: 88.57% (+/- 5.37%)
Fold: 11 of 50 Acc: 85.71% Mean: 88.31% (+/- 5.18%)
Fold: 12 of 50 Acc: 85.71% Mean: 88.10% (+/- 5.01%)
Fold: 13 of 50 Acc: 88.24% Mean: 88.11% (+/- 4.82%)
Fold: 14 of 50 Acc: 91.18% Mean: 88.33% (+/- 4.71%)
Fold: 15 of 50 Acc: 88.24% Mean: 88.32% (+/- 4.55%)
Fold: 16 of 50 Acc: 88.24% Mean: 88.31% (+/- 4.40%)
Fold: 17 of 50 Acc: 88.24% Mean: 88.31% (+/- 4.27%)
Fold: 18 of 50 Acc: 88.24% Mean: 88.31% (+/- 4.15%)
Fold: 19 of 50 Acc: 97.06% Mean: 88.77% (+/- 4.49%)
Fold: 20 of 50 Acc: 76.47% Mean: 88.15% (+/- 5.13%)
Fold: 21 of 50 Acc: 88.57% Mean: 88.17% (+/- 5.01%)
Fold: 22 of 50 Acc: 82.86% Mean: 87.93% (+/- 5.02%)
Fold: 23 of 50 Acc: 88.24% Mean: 87.94% (+/- 4.91%)
Fold: 24 of 50 Acc: 91.18% Mean: 88.08% (+/- 4.85%)
Fold: 25 of 50 Acc: 85.29% Mean: 87.97% (+/- 4.78%)
Fold: 26 of 50 Acc: 91.18% Mean: 88.09% (+/- 4.73%)
Fold: 27 of 50 Acc: 88.24% Mean: 88.10% (+/- 4.64%)
Fold: 28 of 50 Acc: 85.29% Mean: 88.00% (+/- 4.59%)
Fold: 29 of 50 Acc: 91.18% Mean: 88.10% (+/- 4.54%)
Fold: 30 of 50 Acc: 85.29% Mean: 88.01% (+/- 4.49%)
Fold: 31 of 50 Acc: 85.71% Mean: 87.94% (+/- 4.44%)
Fold: 32 of 50 Acc: 85.71% Mean: 87.87% (+/- 4.39%)
Fold: 33 of 50 Acc: 97.06% Mean: 88.15% (+/- 4.60%)
Fold: 34 of 50 Acc: 88.24% Mean: 88.15% (+/- 4.53%)
Fold: 35 of 50 Acc: 85.29% Mean: 88.07% (+/- 4.49%)
Fold: 36 of 50 Acc: 85.29% Mean: 87.99% (+/- 4.45%)
Fold: 37 of 50 Acc: 82.35% Mean: 87.84% (+/- 4.48%)
Fold: 38 of 50 Acc: 88.24% Mean: 87.85% (+/- 4.43%)
Fold: 39 of 50 Acc: 85.29% Mean: 87.78% (+/- 4.39%)
Fold: 40 of 50 Acc: 82.35% Mean: 87.65% (+/- 4.41%)
Fold: 41 of 50 Acc: 94.29% Mean: 87.81% (+/- 4.48%)
Fold: 42 of 50 Acc: 60.00% Mean: 87.15% (+/- 6.13%)
Fold: 43 of 50 Acc: 82.35% Mean: 87.04% (+/- 6.10%)
Fold: 44 of 50 Acc: 76.47% Mean: 86.80% (+/- 6.23%)
Fold: 45 of 50 Acc: 94.12% Mean: 86.96% (+/- 6.26%)
Fold: 46 of 50 Acc: 97.06% Mean: 87.18% (+/- 6.36%)
Fold: 47 of 50 Acc: 82.35% Mean: 87.07% (+/- 6.33%)
Fold: 48 of 50 Acc: 91.18% Mean: 87.16% (+/- 6.29%)
Fold: 49 of 50 Acc: 88.24% Mean: 87.18% (+/- 6.23%)
Fold: 50 of 50 Acc: 85.29% Mean: 87.14% (+/- 6.17%)
Model Type: NASNetMobile
Fold: 1 of 50 Acc: 62.86% Mean: 62.86% (+/- 0.00%)
Fold: 2 of 50 Acc: 80.00% Mean: 71.43% (+/- 8.57%)
Fold: 3 of 50 Acc: 67.65% Mean: 70.17% (+/- 7.22%)

Machine: PRECISION
Date: 10/01/2023 Time: 19:08:12
Config. Number: 3
Alternative Dense Layer: False
Pooling Application Layer: avg
Data Augmentation: False
Data Augmentation Multiplier: 1
Fine Tuning: True
Multi Optimizer: False
Optimizer: RMSprop
Batch Size: 16
Restore Best Weights: True

Model Type: NASNetMobile
Fold: 1 of 50 Acc: 85.71% Mean: 85.71% (+/- 0.00%)
Fold: 2 of 50 Acc: 62.86% Mean: 74.29% (+/- 11.43%)
Fold: 3 of 50 Acc: 88.24% Mean: 78.94% (+/- 11.42%)
Fold: 4 of 50 Acc: 55.88% Mean: 73.17% (+/- 14.05%)
Fold: 5 of 50 Acc: 85.29% Mean: 75.60% (+/- 13.47%)
Fold: 6 of 50 Acc: 73.53% Mean: 75.25% (+/- 12.32%)
Fold: 7 of 50 Acc: 91.18% Mean: 77.53% (+/- 12.69%)
Fold: 8 of 50 Acc: 55.88% Mean: 74.82% (+/- 13.87%)
Fold: 9 of 50 Acc: 58.82% Mean: 73.04% (+/- 14.01%)
Fold: 10 of 50 Acc: 73.53% Mean: 73.09% (+/- 13.29%)
Fold: 11 of 50 Acc: 82.86% Mean: 73.98% (+/- 12.98%)
Fold: 12 of 50 Acc: 77.14% Mean: 74.24% (+/- 12.45%)
Fold: 13 of 50 Acc: 91.18% Mean: 75.55% (+/- 12.79%)
Fold: 14 of 50 Acc: 85.29% Mean: 76.24% (+/- 12.58%)
Fold: 15 of 50 Acc: 82.35% Mean: 76.65% (+/- 12.25%)
Fold: 16 of 50 Acc: 79.41% Mean: 76.82% (+/- 11.88%)
Fold: 17 of 50 Acc: 82.35% Mean: 77.15% (+/- 11.59%)
Fold: 18 of 50 Acc: 47.06% Mean: 75.48% (+/- 13.21%)
Fold: 19 of 50 Acc: 85.29% Mean: 75.99% (+/- 13.04%)
Fold: 20 of 50 Acc: 85.29% Mean: 76.46% (+/- 12.87%)
Fold: 21 of 50 Acc: 42.86% Mean: 74.86% (+/- 14.46%)
Fold: 22 of 50 Acc: 80.00% Mean: 75.09% (+/- 14.16%)
Fold: 23 of 50 Acc: 91.18% Mean: 75.79% (+/- 14.24%)
Fold: 24 of 50 Acc: 79.41% Mean: 75.94% (+/- 13.96%)
Fold: 25 of 50 Acc: 50.00% Mean: 74.90% (+/- 14.59%)
Fold: 26 of 50 Acc: 85.29% Mean: 75.30% (+/- 14.44%)
Fold: 27 of 50 Acc: 64.71% Mean: 74.91% (+/- 14.31%)
Fold: 28 of 50 Acc: 94.12% Mean: 75.60% (+/- 14.50%)
Fold: 29 of 50 Acc: 70.59% Mean: 75.42% (+/- 14.28%)
Fold: 30 of 50 Acc: 94.12% Mean: 76.05% (+/- 14.43%)
Fold: 31 of 50 Acc: 77.14% Mean: 76.08% (+/- 14.20%)
Fold: 32 of 50 Acc: 85.71% Mean: 76.38% (+/- 14.08%)
Fold: 33 of 50 Acc: 79.41% Mean: 76.48% (+/- 13.87%)
Fold: 34 of 50 Acc: 58.82% Mean: 75.96% (+/- 13.99%)
Fold: 35 of 50 Acc: 76.47% Mean: 75.97% (+/- 13.79%)
Fold: 36 of 50 Acc: 79.41% Mean: 76.07% (+/- 13.61%)
Fold: 37 of 50 Acc: 82.35% Mean: 76.24% (+/- 13.46%)
Fold: 38 of 50 Acc: 88.24% Mean: 76.55% (+/- 13.42%)
Fold: 39 of 50 Acc: 67.65% Mean: 76.32% (+/- 13.32%)
Fold: 40 of 50 Acc: 55.88% Mean: 75.81% (+/- 13.53%)
Fold: 41 of 50 Acc: 82.86% Mean: 75.98% (+/- 13.41%)
Fold: 42 of 50 Acc: 51.43% Mean: 75.40% (+/- 13.77%)
Fold: 43 of 50 Acc: 73.53% Mean: 75.36% (+/- 13.61%)
Fold: 44 of 50 Acc: 85.29% Mean: 75.58% (+/- 13.54%)
Fold: 45 of 50 Acc: 76.47% Mean: 75.60% (+/- 13.39%)
Fold: 46 of 50 Acc: 82.35% Mean: 75.75% (+/- 13.28%)
Fold: 47 of 50 Acc: 88.24% Mean: 76.01% (+/- 13.26%)
Fold: 48 of 50 Acc: 52.94% Mean: 75.53% (+/- 13.53%)
Fold: 49 of 50 Acc: 64.71% Mean: 75.31% (+/- 13.48%)
Fold: 50 of 50 Acc: 76.47% Mean: 75.34% (+/- 13.34%)
Model Type: MobileNetV2
Fold: 1 of 50 Acc: 80.00% Mean: 80.00% (+/- 0.00%)
Fold: 2 of 50 Acc: 82.86% Mean: 81.43% (+/- 1.43%)
Fold: 3 of 50 Acc: 67.65% Mean: 76.83% (+/- 6.60%)
Fold: 4 of 50 Acc: 88.24% Mean: 79.68% (+/- 7.55%)
Fold: 5 of 50 Acc: 88.24% Mean: 81.39% (+/- 7.57%)
Fold: 6 of 50 Acc: 73.53% Mean: 80.08% (+/- 7.51%)
Fold: 7 of 50 Acc: 85.29% Mean: 80.83% (+/- 7.19%)
Fold: 8 of 50 Acc: 88.24% Mean: 81.75% (+/- 7.15%)
Fold: 9 of 50 Acc: 79.41% Mean: 81.49% (+/- 6.79%)
Fold: 10 of 50 Acc: 73.53% Mean: 80.70% (+/- 6.87%)
Fold: 11 of 50 Acc: 88.57% Mean: 81.41% (+/- 6.93%)
Fold: 12 of 50 Acc: 94.29% Mean: 82.49% (+/- 7.53%)
Fold: 13 of 50 Acc: 97.06% Mean: 83.61% (+/- 8.21%)
Fold: 14 of 50 Acc: 76.47% Mean: 83.10% (+/- 8.12%)
Fold: 15 of 50 Acc: 91.18% Mean: 83.64% (+/- 8.10%)
Fold: 16 of 50 Acc: 82.35% Mean: 83.56% (+/- 7.85%)
Fold: 17 of 50 Acc: 97.06% Mean: 84.35% (+/- 8.25%)
Fold: 18 of 50 Acc: 79.41% Mean: 84.08% (+/- 8.10%)
Fold: 19 of 50 Acc: 94.12% Mean: 84.60% (+/- 8.19%)
Fold: 20 of 50 Acc: 82.35% Mean: 84.49% (+/- 8.00%)
Fold: 21 of 50 Acc: 91.43% Mean: 84.82% (+/- 7.95%)
Fold: 22 of 50 Acc: 82.86% Mean: 84.73% (+/- 7.78%)
Fold: 23 of 50 Acc: 88.24% Mean: 84.88% (+/- 7.64%)
Fold: 24 of 50 Acc: 73.53% Mean: 84.41% (+/- 7.81%)
Fold: 25 of 50 Acc: 94.12% Mean: 84.80% (+/- 7.89%)
Fold: 26 of 50 Acc: 79.41% Mean: 84.59% (+/- 7.80%)
Fold: 27 of 50 Acc: 82.35% Mean: 84.51% (+/- 7.67%)
Fold: 28 of 50 Acc: 91.18% Mean: 84.75% (+/- 7.63%)
Fold: 29 of 50 Acc: 64.71% Mean: 84.06% (+/- 8.34%)
Fold: 30 of 50 Acc: 67.65% Mean: 83.51% (+/- 8.72%)
Fold: 31 of 50 Acc: 71.43% Mean: 83.12% (+/- 8.84%)
Fold: 32 of 50 Acc: 80.00% Mean: 83.02% (+/- 8.71%)
Fold: 33 of 50 Acc: 97.06% Mean: 83.45% (+/- 8.91%)
Fold: 34 of 50 Acc: 82.35% Mean: 83.42% (+/- 8.78%)
Fold: 35 of 50 Acc: 79.41% Mean: 83.30% (+/- 8.68%)
Fold: 36 of 50 Acc: 85.29% Mean: 83.36% (+/- 8.57%)
Fold: 37 of 50 Acc: 91.18% Mean: 83.57% (+/- 8.54%)
Fold: 38 of 50 Acc: 82.35% Mean: 83.54% (+/- 8.43%)
Fold: 39 of 50 Acc: 91.18% Mean: 83.73% (+/- 8.41%)
Fold: 40 of 50 Acc: 85.29% Mean: 83.77% (+/- 8.31%)
Fold: 41 of 50 Acc: 85.71% Mean: 83.82% (+/- 8.21%)
Fold: 42 of 50 Acc: 94.29% Mean: 84.07% (+/- 8.27%)
Fold: 43 of 50 Acc: 64.71% Mean: 83.62% (+/- 8.68%)
Fold: 44 of 50 Acc: 64.71% Mean: 83.19% (+/- 9.03%)
Fold: 45 of 50 Acc: 79.41% Mean: 83.10% (+/- 8.95%)
Fold: 46 of 50 Acc: 50.00% Mean: 82.38% (+/- 10.08%)
Fold: 47 of 50 Acc: 91.18% Mean: 82.57% (+/- 10.05%)
Fold: 48 of 50 Acc: 70.59% Mean: 82.32% (+/- 10.09%)
Fold: 49 of 50 Acc: 82.35% Mean: 82.32% (+/- 9.99%)
Fold: 50 of 50 Acc: 76.47% Mean: 82.21% (+/- 9.92%)
Model Type: EfficientNetB0
Fold: 1 of 50 Acc: 82.86% Mean: 82.86% (+/- 0.00%)
Fold: 2 of 50 Acc: 100.00% Mean: 91.43% (+/- 8.57%)
Fold: 3 of 50 Acc: 91.18% Mean: 91.34% (+/- 7.00%)
Fold: 4 of 50 Acc: 91.18% Mean: 91.30% (+/- 6.06%)
Fold: 5 of 50 Acc: 94.12% Mean: 91.87% (+/- 5.54%)
Fold: 6 of 50 Acc: 91.18% Mean: 91.75% (+/- 5.06%)
Fold: 7 of 50 Acc: 94.12% Mean: 92.09% (+/- 4.76%)
Fold: 8 of 50 Acc: 100.00% Mean: 93.08% (+/- 5.16%)
Fold: 9 of 50 Acc: 94.12% Mean: 93.19% (+/- 4.88%)
Fold: 10 of 50 Acc: 91.18% Mean: 92.99% (+/- 4.67%)
Fold: 11 of 50 Acc: 85.71% Mean: 92.33% (+/- 4.92%)
Fold: 12 of 50 Acc: 88.57% Mean: 92.02% (+/- 4.82%)
Fold: 13 of 50 Acc: 94.12% Mean: 92.18% (+/- 4.67%)
Fold: 14 of 50 Acc: 100.00% Mean: 92.74% (+/- 4.93%)
Fold: 15 of 50 Acc: 94.12% Mean: 92.83% (+/- 4.77%)
Fold: 16 of 50 Acc: 91.18% Mean: 92.73% (+/- 4.64%)
Fold: 17 of 50 Acc: 97.06% Mean: 92.98% (+/- 4.61%)
Fold: 18 of 50 Acc: 97.06% Mean: 93.21% (+/- 4.58%)
Fold: 19 of 50 Acc: 91.18% Mean: 93.10% (+/- 4.48%)
Fold: 20 of 50 Acc: 88.24% Mean: 92.86% (+/- 4.49%)
Fold: 21 of 50 Acc: 91.43% Mean: 92.79% (+/- 4.40%)
Fold: 22 of 50 Acc: 82.86% Mean: 92.34% (+/- 4.77%)
Fold: 23 of 50 Acc: 91.18% Mean: 92.29% (+/- 4.67%)
Fold: 24 of 50 Acc: 88.24% Mean: 92.12% (+/- 4.64%)
Fold: 25 of 50 Acc: 91.18% Mean: 92.08% (+/- 4.55%)
Fold: 26 of 50 Acc: 97.06% Mean: 92.27% (+/- 4.56%)
Fold: 27 of 50 Acc: 91.18% Mean: 92.23% (+/- 4.48%)
Fold: 28 of 50 Acc: 100.00% Mean: 92.51% (+/- 4.63%)
Fold: 29 of 50 Acc: 97.06% Mean: 92.67% (+/- 4.63%)
Fold: 30 of 50 Acc: 88.24% Mean: 92.52% (+/- 4.62%)
Fold: 31 of 50 Acc: 82.86% Mean: 92.21% (+/- 4.85%)
Fold: 32 of 50 Acc: 97.14% Mean: 92.36% (+/- 4.85%)
Fold: 33 of 50 Acc: 91.18% Mean: 92.32% (+/- 4.78%)
Fold: 34 of 50 Acc: 91.18% Mean: 92.29% (+/- 4.72%)
Fold: 35 of 50 Acc: 94.12% Mean: 92.34% (+/- 4.66%)
Fold: 36 of 50 Acc: 88.24% Mean: 92.23% (+/- 4.64%)
Fold: 37 of 50 Acc: 97.06% Mean: 92.36% (+/- 4.65%)
Fold: 38 of 50 Acc: 94.12% Mean: 92.41% (+/- 4.59%)
Fold: 39 of 50 Acc: 91.18% Mean: 92.37% (+/- 4.54%)
Fold: 40 of 50 Acc: 91.18% Mean: 92.34% (+/- 4.49%)
Fold: 41 of 50 Acc: 91.43% Mean: 92.32% (+/- 4.43%)
Fold: 42 of 50 Acc: 82.86% Mean: 92.10% (+/- 4.61%)
Fold: 43 of 50 Acc: 91.18% Mean: 92.08% (+/- 4.56%)
Fold: 44 of 50 Acc: 88.24% Mean: 91.99% (+/- 4.54%)
Fold: 45 of 50 Acc: 94.12% Mean: 92.04% (+/- 4.50%)
Fold: 46 of 50 Acc: 100.00% Mean: 92.21% (+/- 4.60%)
Fold: 47 of 50 Acc: 94.12% Mean: 92.25% (+/- 4.56%)
Fold: 48 of 50 Acc: 85.29% Mean: 92.10% (+/- 4.62%)
Fold: 49 of 50 Acc: 82.35% Mean: 91.91% (+/- 4.78%)
Fold: 50 of 50 Acc: 88.24% Mean: 91.83% (+/- 4.76%)
Model Type: EfficientNetB1
Fold: 1 of 50 Acc: 94.29% Mean: 94.29% (+/- 0.00%)
Fold: 2 of 50 Acc: 88.57% Mean: 91.43% (+/- 2.86%)
Fold: 3 of 50 Acc: 94.12% Mean: 92.32% (+/- 2.66%)
Fold: 4 of 50 Acc: 100.00% Mean: 94.24% (+/- 4.04%)
Fold: 5 of 50 Acc: 100.00% Mean: 95.39% (+/- 4.29%)
Fold: 6 of 50 Acc: 94.12% Mean: 95.18% (+/- 3.94%)
Fold: 7 of 50 Acc: 97.06% Mean: 95.45% (+/- 3.71%)
Fold: 8 of 50 Acc: 97.06% Mean: 95.65% (+/- 3.51%)
Fold: 9 of 50 Acc: 91.18% Mean: 95.15% (+/- 3.59%)
Fold: 10 of 50 Acc: 88.24% Mean: 94.46% (+/- 3.99%)
Fold: 11 of 50 Acc: 91.43% Mean: 94.19% (+/- 3.90%)
Fold: 12 of 50 Acc: 94.29% Mean: 94.19% (+/- 3.74%)
Fold: 13 of 50 Acc: 94.12% Mean: 94.19% (+/- 3.59%)
Fold: 14 of 50 Acc: 100.00% Mean: 94.60% (+/- 3.77%)
Fold: 15 of 50 Acc: 94.12% Mean: 94.57% (+/- 3.65%)
Fold: 16 of 50 Acc: 94.12% Mean: 94.54% (+/- 3.53%)
Fold: 17 of 50 Acc: 97.06% Mean: 94.69% (+/- 3.48%)
Fold: 18 of 50 Acc: 97.06% Mean: 94.82% (+/- 3.42%)
Fold: 19 of 50 Acc: 97.06% Mean: 94.94% (+/- 3.37%)
Fold: 20 of 50 Acc: 88.24% Mean: 94.61% (+/- 3.59%)
Fold: 21 of 50 Acc: 97.14% Mean: 94.73% (+/- 3.55%)
Fold: 22 of 50 Acc: 85.71% Mean: 94.32% (+/- 3.94%)
Fold: 23 of 50 Acc: 91.18% Mean: 94.18% (+/- 3.91%)
Fold: 24 of 50 Acc: 97.06% Mean: 94.30% (+/- 3.87%)
Fold: 25 of 50 Acc: 97.06% Mean: 94.41% (+/- 3.83%)
Fold: 26 of 50 Acc: 100.00% Mean: 94.63% (+/- 3.91%)
Fold: 27 of 50 Acc: 91.18% Mean: 94.50% (+/- 3.89%)
Fold: 28 of 50 Acc: 100.00% Mean: 94.69% (+/- 3.95%)
Fold: 29 of 50 Acc: 97.06% Mean: 94.78% (+/- 3.91%)
Fold: 30 of 50 Acc: 91.18% Mean: 94.66% (+/- 3.90%)
Fold: 31 of 50 Acc: 91.43% Mean: 94.55% (+/- 3.87%)
Fold: 32 of 50 Acc: 97.14% Mean: 94.63% (+/- 3.84%)
Fold: 33 of 50 Acc: 91.18% Mean: 94.53% (+/- 3.83%)
Fold: 34 of 50 Acc: 91.18% Mean: 94.43% (+/- 3.81%)
Fold: 35 of 50 Acc: 85.29% Mean: 94.17% (+/- 4.05%)
Fold: 36 of 50 Acc: 91.18% Mean: 94.08% (+/- 4.03%)
Fold: 37 of 50 Acc: 79.41% Mean: 93.69% (+/- 4.63%)
Fold: 38 of 50 Acc: 91.18% Mean: 93.62% (+/- 4.59%)
Fold: 39 of 50 Acc: 94.12% Mean: 93.63% (+/- 4.53%)
Fold: 40 of 50 Acc: 82.35% Mean: 93.35% (+/- 4.81%)
Fold: 41 of 50 Acc: 91.43% Mean: 93.31% (+/- 4.76%)
Fold: 42 of 50 Acc: 100.00% Mean: 93.47% (+/- 4.81%)
Fold: 43 of 50 Acc: 88.24% Mean: 93.34% (+/- 4.82%)
Fold: 44 of 50 Acc: 94.12% Mean: 93.36% (+/- 4.76%)
Fold: 45 of 50 Acc: 97.06% Mean: 93.44% (+/- 4.74%)
Fold: 46 of 50 Acc: 88.24% Mean: 93.33% (+/- 4.75%)
Fold: 47 of 50 Acc: 88.24% Mean: 93.22% (+/- 4.76%)
Fold: 48 of 50 Acc: 88.24% Mean: 93.12% (+/- 4.76%)
Fold: 49 of 50 Acc: 91.18% Mean: 93.08% (+/- 4.72%)
Fold: 50 of 50 Acc: 85.29% Mean: 92.92% (+/- 4.80%)
Model Type: EfficientNetB2
Fold: 1 of 50 Acc: 94.29% Mean: 94.29% (+/- 0.00%)
Fold: 2 of 50 Acc: 97.14% Mean: 95.71% (+/- 1.43%)
Fold: 3 of 50 Acc: 97.06% Mean: 96.16% (+/- 1.33%)
Fold: 4 of 50 Acc: 88.24% Mean: 94.18% (+/- 3.62%)
Fold: 5 of 50 Acc: 94.12% Mean: 94.17% (+/- 3.24%)
Fold: 6 of 50 Acc: 85.29% Mean: 92.69% (+/- 4.44%)
Fold: 7 of 50 Acc: 91.18% Mean: 92.47% (+/- 4.14%)
Fold: 8 of 50 Acc: 88.24% Mean: 91.94% (+/- 4.12%)
Fold: 9 of 50 Acc: 97.06% Mean: 92.51% (+/- 4.20%)
Fold: 10 of 50 Acc: 97.06% Mean: 92.97% (+/- 4.21%)
Fold: 11 of 50 Acc: 91.43% Mean: 92.83% (+/- 4.04%)
Fold: 12 of 50 Acc: 94.29% Mean: 92.95% (+/- 3.89%)
Fold: 13 of 50 Acc: 94.12% Mean: 93.04% (+/- 3.75%)
Fold: 14 of 50 Acc: 94.12% Mean: 93.12% (+/- 3.63%)
Fold: 15 of 50 Acc: 94.12% Mean: 93.18% (+/- 3.51%)
Fold: 16 of 50 Acc: 88.24% Mean: 92.87% (+/- 3.60%)
Fold: 17 of 50 Acc: 91.18% Mean: 92.77% (+/- 3.52%)
Fold: 18 of 50 Acc: 91.18% Mean: 92.68% (+/- 3.44%)
Fold: 19 of 50 Acc: 100.00% Mean: 93.07% (+/- 3.73%)
Fold: 20 of 50 Acc: 76.47% Mean: 92.24% (+/- 5.13%)
Fold: 21 of 50 Acc: 94.29% Mean: 92.34% (+/- 5.02%)
Fold: 22 of 50 Acc: 88.57% Mean: 92.17% (+/- 4.97%)
Fold: 23 of 50 Acc: 91.18% Mean: 92.12% (+/- 4.86%)
Fold: 24 of 50 Acc: 91.18% Mean: 92.08% (+/- 4.76%)
Fold: 25 of 50 Acc: 88.24% Mean: 91.93% (+/- 4.73%)
Fold: 26 of 50 Acc: 94.12% Mean: 92.01% (+/- 4.66%)
Fold: 27 of 50 Acc: 79.41% Mean: 91.55% (+/- 5.15%)
Fold: 28 of 50 Acc: 73.53% Mean: 90.90% (+/- 6.06%)
Fold: 29 of 50 Acc: 88.24% Mean: 90.81% (+/- 5.98%)
Fold: 30 of 50 Acc: 88.24% Mean: 90.73% (+/- 5.90%)
Fold: 31 of 50 Acc: 91.43% Mean: 90.75% (+/- 5.80%)
Fold: 32 of 50 Acc: 100.00% Mean: 91.04% (+/- 5.93%)
Fold: 33 of 50 Acc: 91.18% Mean: 91.04% (+/- 5.84%)
Fold: 34 of 50 Acc: 97.06% Mean: 91.22% (+/- 5.84%)
Fold: 35 of 50 Acc: 91.18% Mean: 91.22% (+/- 5.76%)
Fold: 36 of 50 Acc: 94.12% Mean: 91.30% (+/- 5.70%)
Fold: 37 of 50 Acc: 88.24% Mean: 91.22% (+/- 5.64%)
Fold: 38 of 50 Acc: 97.06% Mean: 91.37% (+/- 5.65%)
Fold: 39 of 50 Acc: 94.12% Mean: 91.44% (+/- 5.59%)
Fold: 40 of 50 Acc: 94.12% Mean: 91.51% (+/- 5.54%)
Fold: 41 of 50 Acc: 100.00% Mean: 91.71% (+/- 5.62%)
Fold: 42 of 50 Acc: 97.14% Mean: 91.84% (+/- 5.62%)
Fold: 43 of 50 Acc: 88.24% Mean: 91.76% (+/- 5.58%)
Fold: 44 of 50 Acc: 85.29% Mean: 91.61% (+/- 5.60%)
Fold: 45 of 50 Acc: 91.18% Mean: 91.60% (+/- 5.54%)
Fold: 46 of 50 Acc: 100.00% Mean: 91.78% (+/- 5.61%)
Fold: 47 of 50 Acc: 94.12% Mean: 91.83% (+/- 5.56%)
Fold: 48 of 50 Acc: 88.24% Mean: 91.76% (+/- 5.53%)
Fold: 49 of 50 Acc: 85.29% Mean: 91.63% (+/- 5.55%)
Fold: 50 of 50 Acc: 88.24% Mean: 91.56% (+/- 5.51%)
Model Type: EfficientNetB3
