Machine: PRECISION
Date: 11/02/2023 Time: 15:57:36
Config.: C
Alternative Dense Layer: False
Pooling Application Layer: avg
Data Augmentation: False
Data Augmentation Multiplier: 1
Fine Tuning: True
Multi Optimizer: False
Optimizer: RMSprop
Batch Size: 16
Restore Best Weights: False
Model: EfficientNetB0

Instance: 1 Fold: 1 of 50 Acc: 94.29% Mean: 94.29% (+/- 0.00%)
Instance: 1 Fold: 2 of 50 Acc: 97.14% Mean: 95.71% (+/- 1.43%)
Instance: 1 Fold: 3 of 50 Acc: 88.24% Mean: 93.22% (+/- 3.71%)
Instance: 1 Fold: 4 of 50 Acc: 91.18% Mean: 92.71% (+/- 3.34%)
Instance: 1 Fold: 5 of 50 Acc: 94.12% Mean: 92.99% (+/- 3.04%)
Instance: 1 Fold: 6 of 50 Acc: 94.12% Mean: 93.18% (+/- 2.80%)
Instance: 1 Fold: 7 of 50 Acc: 94.12% Mean: 93.31% (+/- 2.62%)
Instance: 1 Fold: 8 of 50 Acc: 94.12% Mean: 93.41% (+/- 2.46%)
Instance: 1 Fold: 9 of 50 Acc: 94.12% Mean: 93.49% (+/- 2.33%)
Instance: 1 Fold: 10 of 50 Acc: 97.06% Mean: 93.85% (+/- 2.46%)
Instance: 1 Fold: 11 of 50 Acc: 91.43% Mean: 93.63% (+/- 2.44%)
Instance: 1 Fold: 12 of 50 Acc: 97.14% Mean: 93.92% (+/- 2.53%)
Instance: 1 Fold: 13 of 50 Acc: 97.06% Mean: 94.16% (+/- 2.57%)
Instance: 1 Fold: 14 of 50 Acc: 100.00% Mean: 94.58% (+/- 2.90%)
Instance: 1 Fold: 15 of 50 Acc: 97.06% Mean: 94.75% (+/- 2.87%)
Instance: 1 Fold: 16 of 50 Acc: 97.06% Mean: 94.89% (+/- 2.83%)
Instance: 1 Fold: 17 of 50 Acc: 100.00% Mean: 95.19% (+/- 3.00%)
Instance: 1 Fold: 18 of 50 Acc: 94.12% Mean: 95.13% (+/- 2.93%)
Instance: 1 Fold: 19 of 50 Acc: 97.06% Mean: 95.23% (+/- 2.88%)
Instance: 1 Fold: 20 of 50 Acc: 91.18% Mean: 95.03% (+/- 2.94%)
Instance: 1 Fold: 21 of 50 Acc: 88.57% Mean: 94.72% (+/- 3.18%)
Instance: 1 Fold: 22 of 50 Acc: 88.57% Mean: 94.44% (+/- 3.37%)
Instance: 1 Fold: 23 of 50 Acc: 88.24% Mean: 94.17% (+/- 3.53%)
Instance: 1 Fold: 24 of 50 Acc: 97.06% Mean: 94.29% (+/- 3.50%)
Instance: 1 Fold: 25 of 50 Acc: 97.06% Mean: 94.40% (+/- 3.47%)
Instance: 1 Fold: 26 of 50 Acc: 94.12% Mean: 94.39% (+/- 3.40%)
Instance: 1 Fold: 27 of 50 Acc: 91.18% Mean: 94.27% (+/- 3.40%)
Instance: 1 Fold: 28 of 50 Acc: 97.06% Mean: 94.37% (+/- 3.37%)
Instance: 1 Fold: 29 of 50 Acc: 94.12% Mean: 94.36% (+/- 3.32%)
Instance: 1 Fold: 30 of 50 Acc: 94.12% Mean: 94.36% (+/- 3.26%)
Instance: 1 Fold: 31 of 50 Acc: 85.71% Mean: 94.08% (+/- 3.55%)
Instance: 1 Fold: 32 of 50 Acc: 100.00% Mean: 94.26% (+/- 3.65%)
Instance: 1 Fold: 33 of 50 Acc: 85.29% Mean: 93.99% (+/- 3.90%)
Instance: 1 Fold: 34 of 50 Acc: 97.06% Mean: 94.08% (+/- 3.88%)
Instance: 1 Fold: 35 of 50 Acc: 97.06% Mean: 94.17% (+/- 3.86%)
Instance: 1 Fold: 36 of 50 Acc: 91.18% Mean: 94.08% (+/- 3.84%)
Instance: 1 Fold: 37 of 50 Acc: 97.06% Mean: 94.16% (+/- 3.81%)
Instance: 1 Fold: 38 of 50 Acc: 97.06% Mean: 94.24% (+/- 3.79%)
Instance: 1 Fold: 39 of 50 Acc: 94.12% Mean: 94.24% (+/- 3.74%)
Instance: 1 Fold: 40 of 50 Acc: 100.00% Mean: 94.38% (+/- 3.80%)
Instance: 1 Fold: 41 of 50 Acc: 97.14% Mean: 94.45% (+/- 3.78%)
Instance: 1 Fold: 42 of 50 Acc: 97.14% Mean: 94.51% (+/- 3.76%)
Instance: 1 Fold: 43 of 50 Acc: 97.06% Mean: 94.57% (+/- 3.73%)
Instance: 1 Fold: 44 of 50 Acc: 88.24% Mean: 94.43% (+/- 3.81%)
Instance: 1 Fold: 45 of 50 Acc: 91.18% Mean: 94.35% (+/- 3.80%)
Instance: 1 Fold: 46 of 50 Acc: 100.00% Mean: 94.48% (+/- 3.85%)
Instance: 1 Fold: 47 of 50 Acc: 88.24% Mean: 94.34% (+/- 3.91%)
Instance: 1 Fold: 48 of 50 Acc: 91.18% Mean: 94.28% (+/- 3.90%)
Instance: 1 Fold: 49 of 50 Acc: 94.12% Mean: 94.28% (+/- 3.86%)
Instance: 1 Fold: 50 of 50 Acc: 94.12% Mean: 94.27% (+/- 3.82%)
Instance: 2 Fold: 1 of 50 Acc: 88.57% Mean: 94.16% (+/- 3.86%)
Instance: 2 Fold: 2 of 50 Acc: 94.29% Mean: 94.16% (+/- 3.82%)
Instance: 2 Fold: 3 of 50 Acc: 91.18% Mean: 94.11% (+/- 3.81%)
Instance: 2 Fold: 4 of 50 Acc: 88.24% Mean: 94.00% (+/- 3.86%)
Instance: 2 Fold: 5 of 50 Acc: 97.06% Mean: 94.05% (+/- 3.84%)
Instance: 2 Fold: 6 of 50 Acc: 82.35% Mean: 93.84% (+/- 4.11%)
Instance: 2 Fold: 7 of 50 Acc: 97.06% Mean: 93.90% (+/- 4.10%)
Instance: 2 Fold: 8 of 50 Acc: 85.29% Mean: 93.75% (+/- 4.21%)
Instance: 2 Fold: 9 of 50 Acc: 94.12% Mean: 93.76% (+/- 4.18%)
Instance: 2 Fold: 10 of 50 Acc: 97.06% Mean: 93.81% (+/- 4.16%)
Instance: 2 Fold: 11 of 50 Acc: 94.29% Mean: 93.82% (+/- 4.13%)
Instance: 2 Fold: 12 of 50 Acc: 91.43% Mean: 93.78% (+/- 4.11%)
Instance: 2 Fold: 13 of 50 Acc: 94.12% Mean: 93.79% (+/- 4.08%)
Instance: 2 Fold: 14 of 50 Acc: 100.00% Mean: 93.89% (+/- 4.12%)
Instance: 2 Fold: 15 of 50 Acc: 97.06% Mean: 93.93% (+/- 4.10%)
Instance: 2 Fold: 16 of 50 Acc: 88.24% Mean: 93.85% (+/- 4.13%)
Instance: 2 Fold: 17 of 50 Acc: 91.18% Mean: 93.81% (+/- 4.11%)
Instance: 2 Fold: 18 of 50 Acc: 97.06% Mean: 93.86% (+/- 4.10%)
Instance: 2 Fold: 19 of 50 Acc: 91.18% Mean: 93.82% (+/- 4.08%)
Instance: 2 Fold: 20 of 50 Acc: 91.18% Mean: 93.78% (+/- 4.07%)
Instance: 2 Fold: 21 of 50 Acc: 88.57% Mean: 93.71% (+/- 4.08%)
Instance: 2 Fold: 22 of 50 Acc: 82.86% Mean: 93.56% (+/- 4.25%)
Instance: 2 Fold: 23 of 50 Acc: 88.24% Mean: 93.48% (+/- 4.27%)
Instance: 2 Fold: 24 of 50 Acc: 100.00% Mean: 93.57% (+/- 4.30%)
Instance: 2 Fold: 25 of 50 Acc: 94.12% Mean: 93.58% (+/- 4.27%)
Instance: 2 Fold: 26 of 50 Acc: 88.24% Mean: 93.51% (+/- 4.29%)
Instance: 2 Fold: 27 of 50 Acc: 88.24% Mean: 93.44% (+/- 4.30%)
Instance: 2 Fold: 28 of 50 Acc: 97.06% Mean: 93.49% (+/- 4.30%)
Instance: 2 Fold: 29 of 50 Acc: 94.12% Mean: 93.49% (+/- 4.27%)
Instance: 2 Fold: 30 of 50 Acc: 88.24% Mean: 93.43% (+/- 4.28%)
Instance: 2 Fold: 31 of 50 Acc: 85.71% Mean: 93.33% (+/- 4.34%)
Instance: 2 Fold: 32 of 50 Acc: 97.14% Mean: 93.38% (+/- 4.33%)
Instance: 2 Fold: 33 of 50 Acc: 88.24% Mean: 93.32% (+/- 4.34%)
Instance: 2 Fold: 34 of 50 Acc: 85.29% Mean: 93.22% (+/- 4.40%)
Instance: 2 Fold: 35 of 50 Acc: 88.24% Mean: 93.16% (+/- 4.41%)
Instance: 2 Fold: 36 of 50 Acc: 88.24% Mean: 93.11% (+/- 4.42%)
Instance: 2 Fold: 37 of 50 Acc: 94.12% Mean: 93.12% (+/- 4.39%)
Instance: 2 Fold: 38 of 50 Acc: 88.24% Mean: 93.06% (+/- 4.40%)
Instance: 2 Fold: 39 of 50 Acc: 94.12% Mean: 93.07% (+/- 4.38%)
Instance: 2 Fold: 40 of 50 Acc: 88.24% Mean: 93.02% (+/- 4.38%)
Instance: 2 Fold: 41 of 50 Acc: 100.00% Mean: 93.10% (+/- 4.42%)
Instance: 2 Fold: 42 of 50 Acc: 94.29% Mean: 93.11% (+/- 4.39%)
Instance: 2 Fold: 43 of 50 Acc: 94.12% Mean: 93.12% (+/- 4.37%)
Instance: 2 Fold: 44 of 50 Acc: 91.18% Mean: 93.10% (+/- 4.35%)
Instance: 2 Fold: 45 of 50 Acc: 91.18% Mean: 93.08% (+/- 4.33%)
Instance: 2 Fold: 46 of 50 Acc: 100.00% Mean: 93.15% (+/- 4.37%)
Instance: 2 Fold: 47 of 50 Acc: 94.12% Mean: 93.16% (+/- 4.35%)
Instance: 2 Fold: 48 of 50 Acc: 91.18% Mean: 93.14% (+/- 4.33%)
Instance: 2 Fold: 49 of 50 Acc: 88.24% Mean: 93.09% (+/- 4.34%)
Instance: 2 Fold: 50 of 50 Acc: 88.24% Mean: 93.04% (+/- 4.34%)
Instance: 3 Fold: 1 of 50 Acc: 94.29% Mean: 93.06% (+/- 4.32%)
Instance: 3 Fold: 2 of 50 Acc: 97.14% Mean: 93.10% (+/- 4.32%)
Instance: 3 Fold: 3 of 50 Acc: 88.24% Mean: 93.05% (+/- 4.32%)
Instance: 3 Fold: 4 of 50 Acc: 79.41% Mean: 92.92% (+/- 4.50%)
Instance: 3 Fold: 5 of 50 Acc: 97.06% Mean: 92.96% (+/- 4.50%)
Instance: 3 Fold: 6 of 50 Acc: 85.29% Mean: 92.88% (+/- 4.54%)
Instance: 3 Fold: 7 of 50 Acc: 100.00% Mean: 92.95% (+/- 4.57%)
Instance: 3 Fold: 8 of 50 Acc: 94.12% Mean: 92.96% (+/- 4.55%)
Instance: 3 Fold: 9 of 50 Acc: 94.12% Mean: 92.97% (+/- 4.53%)
Instance: 3 Fold: 10 of 50 Acc: 91.18% Mean: 92.96% (+/- 4.51%)
Instance: 3 Fold: 11 of 50 Acc: 94.29% Mean: 92.97% (+/- 4.50%)
Instance: 3 Fold: 12 of 50 Acc: 91.43% Mean: 92.95% (+/- 4.48%)
Instance: 3 Fold: 13 of 50 Acc: 94.12% Mean: 92.96% (+/- 4.46%)
Instance: 3 Fold: 14 of 50 Acc: 100.00% Mean: 93.03% (+/- 4.49%)
Instance: 3 Fold: 15 of 50 Acc: 97.06% Mean: 93.06% (+/- 4.48%)
Instance: 3 Fold: 16 of 50 Acc: 94.12% Mean: 93.07% (+/- 4.47%)
Instance: 3 Fold: 17 of 50 Acc: 94.12% Mean: 93.08% (+/- 4.45%)
Instance: 3 Fold: 18 of 50 Acc: 97.06% Mean: 93.11% (+/- 4.44%)
Instance: 3 Fold: 19 of 50 Acc: 97.06% Mean: 93.15% (+/- 4.44%)
Instance: 3 Fold: 20 of 50 Acc: 88.24% Mean: 93.11% (+/- 4.44%)
Instance: 3 Fold: 21 of 50 Acc: 97.14% Mean: 93.14% (+/- 4.44%)
Instance: 3 Fold: 22 of 50 Acc: 91.43% Mean: 93.12% (+/- 4.42%)
Instance: 3 Fold: 23 of 50 Acc: 97.06% Mean: 93.16% (+/- 4.42%)
Instance: 3 Fold: 24 of 50 Acc: 94.12% Mean: 93.16% (+/- 4.40%)
Instance: 3 Fold: 25 of 50 Acc: 100.00% Mean: 93.22% (+/- 4.43%)
Instance: 3 Fold: 26 of 50 Acc: 97.06% Mean: 93.25% (+/- 4.42%)
Instance: 3 Fold: 27 of 50 Acc: 94.12% Mean: 93.26% (+/- 4.41%)
Instance: 3 Fold: 28 of 50 Acc: 100.00% Mean: 93.31% (+/- 4.43%)
Instance: 3 Fold: 29 of 50 Acc: 88.24% Mean: 93.27% (+/- 4.43%)
Instance: 3 Fold: 30 of 50 Acc: 79.41% Mean: 93.16% (+/- 4.58%)
Instance: 3 Fold: 31 of 50 Acc: 82.86% Mean: 93.08% (+/- 4.65%)
Instance: 3 Fold: 32 of 50 Acc: 97.14% Mean: 93.11% (+/- 4.65%)
Instance: 3 Fold: 33 of 50 Acc: 94.12% Mean: 93.12% (+/- 4.63%)
Instance: 3 Fold: 34 of 50 Acc: 97.06% Mean: 93.15% (+/- 4.62%)
Instance: 3 Fold: 35 of 50 Acc: 94.12% Mean: 93.16% (+/- 4.61%)
Instance: 3 Fold: 36 of 50 Acc: 91.18% Mean: 93.14% (+/- 4.59%)
Instance: 3 Fold: 37 of 50 Acc: 97.06% Mean: 93.17% (+/- 4.59%)
Instance: 3 Fold: 38 of 50 Acc: 97.06% Mean: 93.20% (+/- 4.58%)
Instance: 3 Fold: 39 of 50 Acc: 91.18% Mean: 93.19% (+/- 4.57%)
Instance: 3 Fold: 40 of 50 Acc: 94.12% Mean: 93.19% (+/- 4.56%)
Instance: 3 Fold: 41 of 50 Acc: 97.14% Mean: 93.22% (+/- 4.55%)
Instance: 3 Fold: 42 of 50 Acc: 94.29% Mean: 93.23% (+/- 4.54%)
Instance: 3 Fold: 43 of 50 Acc: 94.12% Mean: 93.24% (+/- 4.52%)
Instance: 3 Fold: 44 of 50 Acc: 91.18% Mean: 93.22% (+/- 4.51%)
Instance: 3 Fold: 45 of 50 Acc: 91.18% Mean: 93.21% (+/- 4.50%)
Instance: 3 Fold: 46 of 50 Acc: 97.06% Mean: 93.23% (+/- 4.49%)
Instance: 3 Fold: 47 of 50 Acc: 88.24% Mean: 93.20% (+/- 4.50%)
Instance: 3 Fold: 48 of 50 Acc: 91.18% Mean: 93.19% (+/- 4.48%)
Instance: 3 Fold: 49 of 50 Acc: 91.18% Mean: 93.17% (+/- 4.47%)
Instance: 3 Fold: 50 of 50 Acc: 97.06% Mean: 93.20% (+/- 4.47%)
Instance: 4 Fold: 1 of 50 Acc: 91.43% Mean: 93.19% (+/- 4.45%)
Instance: 4 Fold: 2 of 50 Acc: 97.14% Mean: 93.21% (+/- 4.45%)
Instance: 4 Fold: 3 of 50 Acc: 91.18% Mean: 93.20% (+/- 4.44%)
Instance: 4 Fold: 4 of 50 Acc: 91.18% Mean: 93.19% (+/- 4.43%)
Instance: 4 Fold: 5 of 50 Acc: 97.06% Mean: 93.21% (+/- 4.43%)
Instance: 4 Fold: 6 of 50 Acc: 91.18% Mean: 93.20% (+/- 4.41%)
Instance: 4 Fold: 7 of 50 Acc: 94.12% Mean: 93.20% (+/- 4.40%)
Instance: 4 Fold: 8 of 50 Acc: 88.24% Mean: 93.17% (+/- 4.40%)
Instance: 4 Fold: 9 of 50 Acc: 97.06% Mean: 93.20% (+/- 4.40%)
Instance: 4 Fold: 10 of 50 Acc: 88.24% Mean: 93.17% (+/- 4.40%)
Instance: 4 Fold: 11 of 50 Acc: 91.43% Mean: 93.15% (+/- 4.39%)
Instance: 4 Fold: 12 of 50 Acc: 94.29% Mean: 93.16% (+/- 4.38%)
Instance: 4 Fold: 13 of 50 Acc: 97.06% Mean: 93.19% (+/- 4.38%)
Instance: 4 Fold: 14 of 50 Acc: 97.06% Mean: 93.21% (+/- 4.37%)
Instance: 4 Fold: 15 of 50 Acc: 94.12% Mean: 93.21% (+/- 4.36%)
Instance: 4 Fold: 16 of 50 Acc: 88.24% Mean: 93.18% (+/- 4.37%)
Instance: 4 Fold: 17 of 50 Acc: 97.06% Mean: 93.21% (+/- 4.36%)
Instance: 4 Fold: 18 of 50 Acc: 97.06% Mean: 93.23% (+/- 4.36%)
Instance: 4 Fold: 19 of 50 Acc: 94.12% Mean: 93.24% (+/- 4.35%)
Instance: 4 Fold: 20 of 50 Acc: 88.24% Mean: 93.21% (+/- 4.35%)
Instance: 4 Fold: 21 of 50 Acc: 97.14% Mean: 93.23% (+/- 4.35%)
Instance: 4 Fold: 22 of 50 Acc: 85.71% Mean: 93.19% (+/- 4.37%)
Instance: 4 Fold: 23 of 50 Acc: 88.24% Mean: 93.16% (+/- 4.38%)
Instance: 4 Fold: 24 of 50 Acc: 88.24% Mean: 93.13% (+/- 4.38%)
Instance: 4 Fold: 25 of 50 Acc: 97.06% Mean: 93.15% (+/- 4.38%)
Instance: 4 Fold: 26 of 50 Acc: 94.12% Mean: 93.16% (+/- 4.37%)
Instance: 4 Fold: 27 of 50 Acc: 91.18% Mean: 93.15% (+/- 4.36%)
Instance: 4 Fold: 28 of 50 Acc: 100.00% Mean: 93.18% (+/- 4.37%)
Instance: 4 Fold: 29 of 50 Acc: 94.12% Mean: 93.19% (+/- 4.36%)
Instance: 4 Fold: 30 of 50 Acc: 85.29% Mean: 93.15% (+/- 4.39%)
Instance: 4 Fold: 31 of 50 Acc: 94.29% Mean: 93.15% (+/- 4.38%)
Instance: 4 Fold: 32 of 50 Acc: 94.29% Mean: 93.16% (+/- 4.37%)
Instance: 4 Fold: 33 of 50 Acc: 94.12% Mean: 93.16% (+/- 4.36%)
Instance: 4 Fold: 34 of 50 Acc: 88.24% Mean: 93.14% (+/- 4.36%)
Instance: 4 Fold: 35 of 50 Acc: 94.12% Mean: 93.14% (+/- 4.35%)
Instance: 4 Fold: 36 of 50 Acc: 94.12% Mean: 93.15% (+/- 4.34%)
Instance: 4 Fold: 37 of 50 Acc: 97.06% Mean: 93.17% (+/- 4.33%)
Instance: 4 Fold: 38 of 50 Acc: 94.12% Mean: 93.17% (+/- 4.32%)
Instance: 4 Fold: 39 of 50 Acc: 94.12% Mean: 93.18% (+/- 4.31%)
Instance: 4 Fold: 40 of 50 Acc: 97.06% Mean: 93.20% (+/- 4.31%)
Instance: 4 Fold: 41 of 50 Acc: 94.29% Mean: 93.20% (+/- 4.30%)
Instance: 4 Fold: 42 of 50 Acc: 100.00% Mean: 93.24% (+/- 4.32%)
Instance: 4 Fold: 43 of 50 Acc: 97.06% Mean: 93.26% (+/- 4.31%)
Instance: 4 Fold: 44 of 50 Acc: 91.18% Mean: 93.25% (+/- 4.31%)
Instance: 4 Fold: 45 of 50 Acc: 94.12% Mean: 93.25% (+/- 4.30%)
Instance: 4 Fold: 46 of 50 Acc: 100.00% Mean: 93.29% (+/- 4.31%)
Instance: 4 Fold: 47 of 50 Acc: 88.24% Mean: 93.26% (+/- 4.32%)
Instance: 4 Fold: 48 of 50 Acc: 88.24% Mean: 93.24% (+/- 4.32%)
Instance: 4 Fold: 49 of 50 Acc: 94.12% Mean: 93.24% (+/- 4.31%)
Instance: 4 Fold: 50 of 50 Acc: 97.06% Mean: 93.26% (+/- 4.31%)
Instance: 5 Fold: 1 of 50 Acc: 94.29% Mean: 93.27% (+/- 4.30%)
Instance: 5 Fold: 2 of 50 Acc: 100.00% Mean: 93.30% (+/- 4.31%)
Instance: 5 Fold: 3 of 50 Acc: 91.18% Mean: 93.29% (+/- 4.30%)
Instance: 5 Fold: 4 of 50 Acc: 88.24% Mean: 93.26% (+/- 4.31%)
Instance: 5 Fold: 5 of 50 Acc: 100.00% Mean: 93.30% (+/- 4.32%)
Instance: 5 Fold: 6 of 50 Acc: 88.24% Mean: 93.27% (+/- 4.33%)
Instance: 5 Fold: 7 of 50 Acc: 94.12% Mean: 93.28% (+/- 4.32%)
Instance: 5 Fold: 8 of 50 Acc: 88.24% Mean: 93.25% (+/- 4.32%)
Instance: 5 Fold: 9 of 50 Acc: 94.12% Mean: 93.26% (+/- 4.31%)
Instance: 5 Fold: 10 of 50 Acc: 91.18% Mean: 93.25% (+/- 4.30%)
Instance: 5 Fold: 11 of 50 Acc: 88.57% Mean: 93.22% (+/- 4.30%)
Instance: 5 Fold: 12 of 50 Acc: 88.57% Mean: 93.20% (+/- 4.31%)
Instance: 5 Fold: 13 of 50 Acc: 94.12% Mean: 93.21% (+/- 4.30%)
Instance: 5 Fold: 14 of 50 Acc: 100.00% Mean: 93.24% (+/- 4.31%)
Instance: 5 Fold: 15 of 50 Acc: 97.06% Mean: 93.26% (+/- 4.31%)
Instance: 5 Fold: 16 of 50 Acc: 91.18% Mean: 93.25% (+/- 4.30%)
Instance: 5 Fold: 17 of 50 Acc: 91.18% Mean: 93.24% (+/- 4.29%)
Instance: 5 Fold: 18 of 50 Acc: 100.00% Mean: 93.27% (+/- 4.31%)
Instance: 5 Fold: 19 of 50 Acc: 97.06% Mean: 93.28% (+/- 4.31%)
Instance: 5 Fold: 20 of 50 Acc: 88.24% Mean: 93.26% (+/- 4.31%)
Instance: 5 Fold: 21 of 50 Acc: 94.29% Mean: 93.27% (+/- 4.30%)
Instance: 5 Fold: 22 of 50 Acc: 91.43% Mean: 93.26% (+/- 4.29%)
Instance: 5 Fold: 23 of 50 Acc: 91.18% Mean: 93.25% (+/- 4.28%)
Instance: 5 Fold: 24 of 50 Acc: 97.06% Mean: 93.27% (+/- 4.28%)
Instance: 5 Fold: 25 of 50 Acc: 97.06% Mean: 93.28% (+/- 4.28%)
Instance: 5 Fold: 26 of 50 Acc: 94.12% Mean: 93.29% (+/- 4.27%)
Instance: 5 Fold: 27 of 50 Acc: 82.35% Mean: 93.24% (+/- 4.32%)
Instance: 5 Fold: 28 of 50 Acc: 94.12% Mean: 93.24% (+/- 4.31%)
Instance: 5 Fold: 29 of 50 Acc: 97.06% Mean: 93.26% (+/- 4.31%)
Instance: 5 Fold: 30 of 50 Acc: 88.24% Mean: 93.24% (+/- 4.31%)
Instance: 5 Fold: 31 of 50 Acc: 88.57% Mean: 93.22% (+/- 4.32%)
Instance: 5 Fold: 32 of 50 Acc: 97.14% Mean: 93.23% (+/- 4.31%)
Instance: 5 Fold: 33 of 50 Acc: 91.18% Mean: 93.22% (+/- 4.31%)
Instance: 5 Fold: 34 of 50 Acc: 94.12% Mean: 93.23% (+/- 4.30%)
Instance: 5 Fold: 35 of 50 Acc: 88.24% Mean: 93.21% (+/- 4.30%)
Instance: 5 Fold: 36 of 50 Acc: 94.12% Mean: 93.21% (+/- 4.29%)
Instance: 5 Fold: 37 of 50 Acc: 88.24% Mean: 93.19% (+/- 4.30%)
Instance: 5 Fold: 38 of 50 Acc: 94.12% Mean: 93.19% (+/- 4.29%)
Instance: 5 Fold: 39 of 50 Acc: 91.18% Mean: 93.19% (+/- 4.28%)
Instance: 5 Fold: 40 of 50 Acc: 100.00% Mean: 93.21% (+/- 4.29%)
Instance: 5 Fold: 41 of 50 Acc: 97.14% Mean: 93.23% (+/- 4.29%)
Instance: 5 Fold: 42 of 50 Acc: 100.00% Mean: 93.26% (+/- 4.31%)
Instance: 5 Fold: 43 of 50 Acc: 91.18% Mean: 93.25% (+/- 4.30%)
Instance: 5 Fold: 44 of 50 Acc: 100.00% Mean: 93.28% (+/- 4.31%)
Instance: 5 Fold: 45 of 50 Acc: 97.06% Mean: 93.29% (+/- 4.31%)
Instance: 5 Fold: 46 of 50 Acc: 97.06% Mean: 93.31% (+/- 4.31%)
Instance: 5 Fold: 47 of 50 Acc: 94.12% Mean: 93.31% (+/- 4.30%)
Instance: 5 Fold: 48 of 50 Acc: 85.29% Mean: 93.28% (+/- 4.32%)
Instance: 5 Fold: 49 of 50 Acc: 97.06% Mean: 93.29% (+/- 4.32%)
Instance: 5 Fold: 50 of 50 Acc: 97.06% Mean: 93.31% (+/- 4.32%)
Instance: 6 Fold: 1 of 50 Acc: 94.29% Mean: 93.31% (+/- 4.31%)
Instance: 6 Fold: 2 of 50 Acc: 100.00% Mean: 93.34% (+/- 4.32%)
Instance: 6 Fold: 3 of 50 Acc: 88.24% Mean: 93.32% (+/- 4.32%)
Instance: 6 Fold: 4 of 50 Acc: 91.18% Mean: 93.31% (+/- 4.32%)
Instance: 6 Fold: 5 of 50 Acc: 100.00% Mean: 93.34% (+/- 4.33%)
Instance: 6 Fold: 6 of 50 Acc: 94.12% Mean: 93.34% (+/- 4.32%)
Instance: 6 Fold: 7 of 50 Acc: 94.12% Mean: 93.34% (+/- 4.31%)
Instance: 6 Fold: 8 of 50 Acc: 100.00% Mean: 93.37% (+/- 4.32%)
Instance: 6 Fold: 9 of 50 Acc: 97.06% Mean: 93.38% (+/- 4.32%)
Instance: 6 Fold: 10 of 50 Acc: 91.18% Mean: 93.37% (+/- 4.32%)
Instance: 6 Fold: 11 of 50 Acc: 94.29% Mean: 93.38% (+/- 4.31%)
Instance: 6 Fold: 12 of 50 Acc: 97.14% Mean: 93.39% (+/- 4.31%)
Instance: 6 Fold: 13 of 50 Acc: 97.06% Mean: 93.41% (+/- 4.30%)
Instance: 6 Fold: 14 of 50 Acc: 97.06% Mean: 93.42% (+/- 4.30%)
Instance: 6 Fold: 15 of 50 Acc: 97.06% Mean: 93.43% (+/- 4.30%)
Instance: 6 Fold: 16 of 50 Acc: 88.24% Mean: 93.41% (+/- 4.30%)
Instance: 6 Fold: 17 of 50 Acc: 97.06% Mean: 93.43% (+/- 4.30%)
Instance: 6 Fold: 18 of 50 Acc: 94.12% Mean: 93.43% (+/- 4.29%)
Instance: 6 Fold: 19 of 50 Acc: 94.12% Mean: 93.43% (+/- 4.28%)
Instance: 6 Fold: 20 of 50 Acc: 94.12% Mean: 93.44% (+/- 4.28%)
Instance: 6 Fold: 21 of 50 Acc: 94.29% Mean: 93.44% (+/- 4.27%)
Instance: 6 Fold: 22 of 50 Acc: 85.71% Mean: 93.41% (+/- 4.29%)
Instance: 6 Fold: 23 of 50 Acc: 94.12% Mean: 93.41% (+/- 4.28%)
Instance: 6 Fold: 24 of 50 Acc: 97.06% Mean: 93.43% (+/- 4.28%)
Instance: 6 Fold: 25 of 50 Acc: 100.00% Mean: 93.45% (+/- 4.29%)
Instance: 6 Fold: 26 of 50 Acc: 97.06% Mean: 93.46% (+/- 4.29%)
Instance: 6 Fold: 27 of 50 Acc: 91.18% Mean: 93.46% (+/- 4.28%)
Instance: 6 Fold: 28 of 50 Acc: 94.12% Mean: 93.46% (+/- 4.27%)
Instance: 6 Fold: 29 of 50 Acc: 94.12% Mean: 93.46% (+/- 4.26%)
Instance: 6 Fold: 30 of 50 Acc: 91.18% Mean: 93.45% (+/- 4.26%)
Instance: 6 Fold: 31 of 50 Acc: 94.29% Mean: 93.45% (+/- 4.25%)
Instance: 6 Fold: 32 of 50 Acc: 100.00% Mean: 93.48% (+/- 4.26%)
Instance: 6 Fold: 33 of 50 Acc: 94.12% Mean: 93.48% (+/- 4.25%)
Instance: 6 Fold: 34 of 50 Acc: 94.12% Mean: 93.48% (+/- 4.25%)
Instance: 6 Fold: 35 of 50 Acc: 94.12% Mean: 93.48% (+/- 4.24%)
Instance: 6 Fold: 36 of 50 Acc: 91.18% Mean: 93.48% (+/- 4.24%)
Instance: 6 Fold: 37 of 50 Acc: 94.12% Mean: 93.48% (+/- 4.23%)
Instance: 6 Fold: 38 of 50 Acc: 94.12% Mean: 93.48% (+/- 4.22%)
Instance: 6 Fold: 39 of 50 Acc: 97.06% Mean: 93.49% (+/- 4.22%)
Instance: 6 Fold: 40 of 50 Acc: 97.06% Mean: 93.51% (+/- 4.22%)
Instance: 6 Fold: 41 of 50 Acc: 100.00% Mean: 93.53% (+/- 4.23%)
Instance: 6 Fold: 42 of 50 Acc: 100.00% Mean: 93.55% (+/- 4.24%)
Instance: 6 Fold: 43 of 50 Acc: 97.06% Mean: 93.56% (+/- 4.23%)
Instance: 6 Fold: 44 of 50 Acc: 91.18% Mean: 93.55% (+/- 4.23%)
Instance: 6 Fold: 45 of 50 Acc: 91.18% Mean: 93.55% (+/- 4.22%)
Instance: 6 Fold: 46 of 50 Acc: 91.18% Mean: 93.54% (+/- 4.22%)
Instance: 6 Fold: 47 of 50 Acc: 94.12% Mean: 93.54% (+/- 4.21%)
Instance: 6 Fold: 48 of 50 Acc: 97.06% Mean: 93.55% (+/- 4.21%)
Instance: 6 Fold: 49 of 50 Acc: 91.18% Mean: 93.54% (+/- 4.21%)
Instance: 6 Fold: 50 of 50 Acc: 73.53% Mean: 93.48% (+/- 4.35%)
Instance: 7 Fold: 1 of 50 Acc: 94.29% Mean: 93.48% (+/- 4.35%)
Instance: 7 Fold: 2 of 50 Acc: 100.00% Mean: 93.50% (+/- 4.36%)
Instance: 7 Fold: 3 of 50 Acc: 94.12% Mean: 93.50% (+/- 4.35%)
Instance: 7 Fold: 4 of 50 Acc: 88.24% Mean: 93.49% (+/- 4.35%)
Instance: 7 Fold: 5 of 50 Acc: 91.18% Mean: 93.48% (+/- 4.35%)
Instance: 7 Fold: 6 of 50 Acc: 91.18% Mean: 93.47% (+/- 4.34%)
Instance: 7 Fold: 7 of 50 Acc: 88.24% Mean: 93.45% (+/- 4.34%)
Instance: 7 Fold: 8 of 50 Acc: 94.12% Mean: 93.46% (+/- 4.34%)
Instance: 7 Fold: 9 of 50 Acc: 94.12% Mean: 93.46% (+/- 4.33%)
Instance: 7 Fold: 10 of 50 Acc: 88.24% Mean: 93.44% (+/- 4.33%)
Instance: 7 Fold: 11 of 50 Acc: 88.57% Mean: 93.43% (+/- 4.34%)
Instance: 7 Fold: 12 of 50 Acc: 88.57% Mean: 93.41% (+/- 4.34%)
Instance: 7 Fold: 13 of 50 Acc: 97.06% Mean: 93.42% (+/- 4.34%)
Instance: 7 Fold: 14 of 50 Acc: 97.06% Mean: 93.43% (+/- 4.33%)
Instance: 7 Fold: 15 of 50 Acc: 94.12% Mean: 93.44% (+/- 4.33%)
Instance: 7 Fold: 16 of 50 Acc: 79.41% Mean: 93.39% (+/- 4.39%)
Instance: 7 Fold: 17 of 50 Acc: 88.24% Mean: 93.38% (+/- 4.39%)
Instance: 7 Fold: 18 of 50 Acc: 97.06% Mean: 93.39% (+/- 4.39%)
Instance: 7 Fold: 19 of 50 Acc: 97.06% Mean: 93.40% (+/- 4.39%)
Instance: 7 Fold: 20 of 50 Acc: 91.18% Mean: 93.39% (+/- 4.38%)
Instance: 7 Fold: 21 of 50 Acc: 100.00% Mean: 93.41% (+/- 4.39%)
Instance: 7 Fold: 22 of 50 Acc: 88.57% Mean: 93.40% (+/- 4.39%)
Instance: 7 Fold: 23 of 50 Acc: 97.06% Mean: 93.41% (+/- 4.39%)
Instance: 7 Fold: 24 of 50 Acc: 97.06% Mean: 93.42% (+/- 4.39%)
Instance: 7 Fold: 25 of 50 Acc: 94.12% Mean: 93.42% (+/- 4.38%)
Instance: 7 Fold: 26 of 50 Acc: 97.06% Mean: 93.43% (+/- 4.38%)
Instance: 7 Fold: 27 of 50 Acc: 88.24% Mean: 93.42% (+/- 4.38%)
Instance: 7 Fold: 28 of 50 Acc: 91.18% Mean: 93.41% (+/- 4.38%)
Instance: 7 Fold: 29 of 50 Acc: 97.06% Mean: 93.42% (+/- 4.38%)
Instance: 7 Fold: 30 of 50 Acc: 91.18% Mean: 93.41% (+/- 4.37%)
Instance: 7 Fold: 31 of 50 Acc: 82.86% Mean: 93.38% (+/- 4.40%)
Instance: 7 Fold: 32 of 50 Acc: 97.14% Mean: 93.39% (+/- 4.40%)
Instance: 7 Fold: 33 of 50 Acc: 94.12% Mean: 93.40% (+/- 4.40%)
Instance: 7 Fold: 34 of 50 Acc: 97.06% Mean: 93.41% (+/- 4.39%)
Instance: 7 Fold: 35 of 50 Acc: 94.12% Mean: 93.41% (+/- 4.39%)
Instance: 7 Fold: 36 of 50 Acc: 94.12% Mean: 93.41% (+/- 4.38%)
Instance: 7 Fold: 37 of 50 Acc: 88.24% Mean: 93.40% (+/- 4.38%)
Instance: 7 Fold: 38 of 50 Acc: 94.12% Mean: 93.40% (+/- 4.38%)
Instance: 7 Fold: 39 of 50 Acc: 97.06% Mean: 93.41% (+/- 4.38%)
Instance: 7 Fold: 40 of 50 Acc: 97.06% Mean: 93.42% (+/- 4.37%)
Instance: 7 Fold: 41 of 50 Acc: 94.29% Mean: 93.42% (+/- 4.37%)
Instance: 7 Fold: 42 of 50 Acc: 100.00% Mean: 93.44% (+/- 4.38%)
Instance: 7 Fold: 43 of 50 Acc: 88.24% Mean: 93.43% (+/- 4.38%)
Instance: 7 Fold: 44 of 50 Acc: 82.35% Mean: 93.39% (+/- 4.41%)
Instance: 7 Fold: 45 of 50 Acc: 94.12% Mean: 93.40% (+/- 4.41%)
Instance: 7 Fold: 46 of 50 Acc: 97.06% Mean: 93.41% (+/- 4.40%)
Instance: 7 Fold: 47 of 50 Acc: 94.12% Mean: 93.41% (+/- 4.40%)
Instance: 7 Fold: 48 of 50 Acc: 88.24% Mean: 93.39% (+/- 4.40%)
Instance: 7 Fold: 49 of 50 Acc: 91.18% Mean: 93.39% (+/- 4.40%)
Instance: 7 Fold: 50 of 50 Acc: 88.24% Mean: 93.37% (+/- 4.40%)
Instance: 8 Fold: 1 of 50 Acc: 88.57% Mean: 93.36% (+/- 4.40%)
Instance: 8 Fold: 2 of 50 Acc: 94.29% Mean: 93.36% (+/- 4.39%)
Instance: 8 Fold: 3 of 50 Acc: 97.06% Mean: 93.37% (+/- 4.39%)
Instance: 8 Fold: 4 of 50 Acc: 79.41% Mean: 93.33% (+/- 4.45%)
Instance: 8 Fold: 5 of 50 Acc: 100.00% Mean: 93.35% (+/- 4.45%)
Instance: 8 Fold: 6 of 50 Acc: 88.24% Mean: 93.34% (+/- 4.46%)
Instance: 8 Fold: 7 of 50 Acc: 91.18% Mean: 93.33% (+/- 4.45%)
Instance: 8 Fold: 8 of 50 Acc: 88.24% Mean: 93.32% (+/- 4.45%)
Instance: 8 Fold: 9 of 50 Acc: 88.24% Mean: 93.30% (+/- 4.46%)
Instance: 8 Fold: 10 of 50 Acc: 94.12% Mean: 93.30% (+/- 4.45%)
Instance: 8 Fold: 11 of 50 Acc: 85.71% Mean: 93.28% (+/- 4.46%)
Instance: 8 Fold: 12 of 50 Acc: 91.43% Mean: 93.28% (+/- 4.46%)
Instance: 8 Fold: 13 of 50 Acc: 97.06% Mean: 93.29% (+/- 4.45%)
Instance: 8 Fold: 14 of 50 Acc: 100.00% Mean: 93.31% (+/- 4.46%)
Instance: 8 Fold: 15 of 50 Acc: 97.06% Mean: 93.32% (+/- 4.46%)
Instance: 8 Fold: 16 of 50 Acc: 94.12% Mean: 93.32% (+/- 4.45%)
Instance: 8 Fold: 17 of 50 Acc: 94.12% Mean: 93.32% (+/- 4.45%)
Instance: 8 Fold: 18 of 50 Acc: 97.06% Mean: 93.33% (+/- 4.45%)
Instance: 8 Fold: 19 of 50 Acc: 91.18% Mean: 93.33% (+/- 4.44%)
Instance: 8 Fold: 20 of 50 Acc: 88.24% Mean: 93.31% (+/- 4.44%)
Instance: 8 Fold: 21 of 50 Acc: 100.00% Mean: 93.33% (+/- 4.45%)
Instance: 8 Fold: 22 of 50 Acc: 88.57% Mean: 93.32% (+/- 4.45%)
Instance: 8 Fold: 23 of 50 Acc: 94.12% Mean: 93.32% (+/- 4.45%)
Instance: 8 Fold: 24 of 50 Acc: 94.12% Mean: 93.32% (+/- 4.44%)
Instance: 8 Fold: 25 of 50 Acc: 94.12% Mean: 93.32% (+/- 4.44%)
Instance: 8 Fold: 26 of 50 Acc: 94.12% Mean: 93.33% (+/- 4.43%)
Instance: 8 Fold: 27 of 50 Acc: 88.24% Mean: 93.31% (+/- 4.43%)
Instance: 8 Fold: 28 of 50 Acc: 100.00% Mean: 93.33% (+/- 4.44%)
Instance: 8 Fold: 29 of 50 Acc: 94.12% Mean: 93.33% (+/- 4.43%)
Instance: 8 Fold: 30 of 50 Acc: 94.12% Mean: 93.33% (+/- 4.43%)
Instance: 8 Fold: 31 of 50 Acc: 94.29% Mean: 93.34% (+/- 4.42%)
Instance: 8 Fold: 32 of 50 Acc: 94.29% Mean: 93.34% (+/- 4.42%)
Instance: 8 Fold: 33 of 50 Acc: 88.24% Mean: 93.33% (+/- 4.42%)
Instance: 8 Fold: 34 of 50 Acc: 97.06% Mean: 93.34% (+/- 4.42%)
Instance: 8 Fold: 35 of 50 Acc: 91.18% Mean: 93.33% (+/- 4.41%)
Instance: 8 Fold: 36 of 50 Acc: 91.18% Mean: 93.32% (+/- 4.41%)
Instance: 8 Fold: 37 of 50 Acc: 97.06% Mean: 93.33% (+/- 4.41%)
Instance: 8 Fold: 38 of 50 Acc: 97.06% Mean: 93.34% (+/- 4.40%)
Instance: 8 Fold: 39 of 50 Acc: 91.18% Mean: 93.34% (+/- 4.40%)
Instance: 8 Fold: 40 of 50 Acc: 97.06% Mean: 93.35% (+/- 4.40%)
Instance: 8 Fold: 41 of 50 Acc: 94.29% Mean: 93.35% (+/- 4.39%)
Instance: 8 Fold: 42 of 50 Acc: 100.00% Mean: 93.37% (+/- 4.40%)
Instance: 8 Fold: 43 of 50 Acc: 94.12% Mean: 93.37% (+/- 4.40%)
Instance: 8 Fold: 44 of 50 Acc: 94.12% Mean: 93.37% (+/- 4.39%)
Instance: 8 Fold: 45 of 50 Acc: 94.12% Mean: 93.37% (+/- 4.38%)
Instance: 8 Fold: 46 of 50 Acc: 97.06% Mean: 93.38% (+/- 4.38%)
Instance: 8 Fold: 47 of 50 Acc: 94.12% Mean: 93.38% (+/- 4.38%)
Instance: 8 Fold: 48 of 50 Acc: 94.12% Mean: 93.39% (+/- 4.37%)
Instance: 8 Fold: 49 of 50 Acc: 91.18% Mean: 93.38% (+/- 4.37%)
Instance: 8 Fold: 50 of 50 Acc: 88.24% Mean: 93.37% (+/- 4.37%)
Instance: 9 Fold: 1 of 50 Acc: 94.29% Mean: 93.37% (+/- 4.36%)
Instance: 9 Fold: 2 of 50 Acc: 97.14% Mean: 93.38% (+/- 4.36%)
Instance: 9 Fold: 3 of 50 Acc: 91.18% Mean: 93.37% (+/- 4.36%)
Instance: 9 Fold: 4 of 50 Acc: 85.29% Mean: 93.35% (+/- 4.37%)
Instance: 9 Fold: 5 of 50 Acc: 100.00% Mean: 93.37% (+/- 4.38%)
Instance: 9 Fold: 6 of 50 Acc: 88.24% Mean: 93.36% (+/- 4.38%)
Instance: 9 Fold: 7 of 50 Acc: 94.12% Mean: 93.36% (+/- 4.38%)
Instance: 9 Fold: 8 of 50 Acc: 97.06% Mean: 93.37% (+/- 4.37%)
Instance: 9 Fold: 9 of 50 Acc: 97.06% Mean: 93.38% (+/- 4.37%)
Instance: 9 Fold: 10 of 50 Acc: 97.06% Mean: 93.39% (+/- 4.37%)
Instance: 9 Fold: 11 of 50 Acc: 97.14% Mean: 93.40% (+/- 4.37%)
Instance: 9 Fold: 12 of 50 Acc: 94.29% Mean: 93.40% (+/- 4.37%)
Instance: 9 Fold: 13 of 50 Acc: 97.06% Mean: 93.41% (+/- 4.36%)
Instance: 9 Fold: 14 of 50 Acc: 100.00% Mean: 93.42% (+/- 4.37%)
Instance: 9 Fold: 15 of 50 Acc: 94.12% Mean: 93.42% (+/- 4.37%)
Instance: 9 Fold: 16 of 50 Acc: 94.12% Mean: 93.43% (+/- 4.36%)
Instance: 9 Fold: 17 of 50 Acc: 97.06% Mean: 93.43% (+/- 4.36%)
Instance: 9 Fold: 18 of 50 Acc: 97.06% Mean: 93.44% (+/- 4.36%)
Instance: 9 Fold: 19 of 50 Acc: 94.12% Mean: 93.45% (+/- 4.35%)
Instance: 9 Fold: 20 of 50 Acc: 94.12% Mean: 93.45% (+/- 4.35%)
Instance: 9 Fold: 21 of 50 Acc: 97.14% Mean: 93.46% (+/- 4.35%)
Instance: 9 Fold: 22 of 50 Acc: 91.43% Mean: 93.45% (+/- 4.34%)
Instance: 9 Fold: 23 of 50 Acc: 82.35% Mean: 93.42% (+/- 4.37%)
Instance: 9 Fold: 24 of 50 Acc: 97.06% Mean: 93.43% (+/- 4.37%)
Instance: 9 Fold: 25 of 50 Acc: 97.06% Mean: 93.44% (+/- 4.37%)
Instance: 9 Fold: 26 of 50 Acc: 97.06% Mean: 93.45% (+/- 4.36%)
Instance: 9 Fold: 27 of 50 Acc: 91.18% Mean: 93.44% (+/- 4.36%)
Instance: 9 Fold: 28 of 50 Acc: 100.00% Mean: 93.46% (+/- 4.37%)
Instance: 9 Fold: 29 of 50 Acc: 97.06% Mean: 93.47% (+/- 4.37%)
Instance: 9 Fold: 30 of 50 Acc: 94.12% Mean: 93.47% (+/- 4.36%)
Instance: 9 Fold: 31 of 50 Acc: 82.86% Mean: 93.45% (+/- 4.39%)
Instance: 9 Fold: 32 of 50 Acc: 94.29% Mean: 93.45% (+/- 4.38%)
Instance: 9 Fold: 33 of 50 Acc: 91.18% Mean: 93.44% (+/- 4.38%)
Instance: 9 Fold: 34 of 50 Acc: 91.18% Mean: 93.44% (+/- 4.37%)
Instance: 9 Fold: 35 of 50 Acc: 94.12% Mean: 93.44% (+/- 4.37%)
Instance: 9 Fold: 36 of 50 Acc: 88.24% Mean: 93.43% (+/- 4.37%)
Instance: 9 Fold: 37 of 50 Acc: 97.06% Mean: 93.43% (+/- 4.37%)
Instance: 9 Fold: 38 of 50 Acc: 91.18% Mean: 93.43% (+/- 4.37%)
Instance: 9 Fold: 39 of 50 Acc: 94.12% Mean: 93.43% (+/- 4.36%)
Instance: 9 Fold: 40 of 50 Acc: 94.12% Mean: 93.43% (+/- 4.36%)
Instance: 9 Fold: 41 of 50 Acc: 97.14% Mean: 93.44% (+/- 4.35%)
Instance: 9 Fold: 42 of 50 Acc: 97.14% Mean: 93.45% (+/- 4.35%)
Instance: 9 Fold: 43 of 50 Acc: 97.06% Mean: 93.46% (+/- 4.35%)
Instance: 9 Fold: 44 of 50 Acc: 91.18% Mean: 93.45% (+/- 4.35%)
Instance: 9 Fold: 45 of 50 Acc: 97.06% Mean: 93.46% (+/- 4.35%)
Instance: 9 Fold: 46 of 50 Acc: 100.00% Mean: 93.48% (+/- 4.35%)
Instance: 9 Fold: 47 of 50 Acc: 91.18% Mean: 93.47% (+/- 4.35%)
Instance: 9 Fold: 48 of 50 Acc: 91.18% Mean: 93.47% (+/- 4.35%)
Instance: 9 Fold: 49 of 50 Acc: 88.24% Mean: 93.45% (+/- 4.35%)
Instance: 9 Fold: 50 of 50 Acc: 91.18% Mean: 93.45% (+/- 4.34%)
Instance: 10 Fold: 1 of 50 Acc: 94.29% Mean: 93.45% (+/- 4.34%)
Instance: 10 Fold: 2 of 50 Acc: 94.29% Mean: 93.45% (+/- 4.33%)
Instance: 10 Fold: 3 of 50 Acc: 94.12% Mean: 93.45% (+/- 4.33%)
Instance: 10 Fold: 4 of 50 Acc: 91.18% Mean: 93.45% (+/- 4.33%)
Instance: 10 Fold: 5 of 50 Acc: 94.12% Mean: 93.45% (+/- 4.32%)
Instance: 10 Fold: 6 of 50 Acc: 91.18% Mean: 93.45% (+/- 4.32%)
Instance: 10 Fold: 7 of 50 Acc: 97.06% Mean: 93.45% (+/- 4.32%)
Instance: 10 Fold: 8 of 50 Acc: 94.12% Mean: 93.45% (+/- 4.31%)
Instance: 10 Fold: 9 of 50 Acc: 97.06% Mean: 93.46% (+/- 4.31%)
Instance: 10 Fold: 10 of 50 Acc: 94.12% Mean: 93.46% (+/- 4.31%)
Instance: 10 Fold: 11 of 50 Acc: 94.29% Mean: 93.47% (+/- 4.30%)
Instance: 10 Fold: 12 of 50 Acc: 88.57% Mean: 93.45% (+/- 4.30%)
Instance: 10 Fold: 13 of 50 Acc: 94.12% Mean: 93.46% (+/- 4.30%)
Instance: 10 Fold: 14 of 50 Acc: 97.06% Mean: 93.46% (+/- 4.30%)
Instance: 10 Fold: 15 of 50 Acc: 97.06% Mean: 93.47% (+/- 4.30%)
Instance: 10 Fold: 16 of 50 Acc: 88.24% Mean: 93.46% (+/- 4.30%)
Instance: 10 Fold: 17 of 50 Acc: 91.18% Mean: 93.46% (+/- 4.29%)
Instance: 10 Fold: 18 of 50 Acc: 94.12% Mean: 93.46% (+/- 4.29%)
Instance: 10 Fold: 19 of 50 Acc: 91.18% Mean: 93.45% (+/- 4.29%)
Instance: 10 Fold: 20 of 50 Acc: 88.24% Mean: 93.44% (+/- 4.29%)
Instance: 10 Fold: 21 of 50 Acc: 91.43% Mean: 93.44% (+/- 4.29%)
Instance: 10 Fold: 22 of 50 Acc: 94.29% Mean: 93.44% (+/- 4.28%)
Instance: 10 Fold: 23 of 50 Acc: 94.12% Mean: 93.44% (+/- 4.28%)
Instance: 10 Fold: 24 of 50 Acc: 94.12% Mean: 93.44% (+/- 4.27%)
Instance: 10 Fold: 25 of 50 Acc: 100.00% Mean: 93.46% (+/- 4.28%)
Instance: 10 Fold: 26 of 50 Acc: 97.06% Mean: 93.46% (+/- 4.28%)
Instance: 10 Fold: 27 of 50 Acc: 85.29% Mean: 93.45% (+/- 4.29%)
Instance: 10 Fold: 28 of 50 Acc: 100.00% Mean: 93.46% (+/- 4.30%)
Instance: 10 Fold: 29 of 50 Acc: 97.06% Mean: 93.47% (+/- 4.29%)
Instance: 10 Fold: 30 of 50 Acc: 91.18% Mean: 93.46% (+/- 4.29%)
Instance: 10 Fold: 31 of 50 Acc: 88.57% Mean: 93.45% (+/- 4.29%)
Instance: 10 Fold: 32 of 50 Acc: 94.29% Mean: 93.45% (+/- 4.29%)
Instance: 10 Fold: 33 of 50 Acc: 88.24% Mean: 93.44% (+/- 4.29%)
Instance: 10 Fold: 34 of 50 Acc: 94.12% Mean: 93.44% (+/- 4.29%)
Instance: 10 Fold: 35 of 50 Acc: 91.18% Mean: 93.44% (+/- 4.28%)
Instance: 10 Fold: 36 of 50 Acc: 91.18% Mean: 93.44% (+/- 4.28%)
Instance: 10 Fold: 37 of 50 Acc: 97.06% Mean: 93.44% (+/- 4.28%)
Instance: 10 Fold: 38 of 50 Acc: 91.18% Mean: 93.44% (+/- 4.27%)
Instance: 10 Fold: 39 of 50 Acc: 91.18% Mean: 93.43% (+/- 4.27%)
Instance: 10 Fold: 40 of 50 Acc: 97.06% Mean: 93.44% (+/- 4.27%)
Instance: 10 Fold: 41 of 50 Acc: 97.14% Mean: 93.45% (+/- 4.27%)
Instance: 10 Fold: 42 of 50 Acc: 97.14% Mean: 93.46% (+/- 4.27%)
Instance: 10 Fold: 43 of 50 Acc: 97.06% Mean: 93.46% (+/- 4.27%)
Instance: 10 Fold: 44 of 50 Acc: 91.18% Mean: 93.46% (+/- 4.26%)
Instance: 10 Fold: 45 of 50 Acc: 94.12% Mean: 93.46% (+/- 4.26%)
Instance: 10 Fold: 46 of 50 Acc: 97.06% Mean: 93.47% (+/- 4.26%)
Instance: 10 Fold: 47 of 50 Acc: 94.12% Mean: 93.47% (+/- 4.25%)
Instance: 10 Fold: 48 of 50 Acc: 91.18% Mean: 93.46% (+/- 4.25%)
Instance: 10 Fold: 49 of 50 Acc: 91.18% Mean: 93.46% (+/- 4.25%)
Instance: 10 Fold: 50 of 50 Acc: 85.29% Mean: 93.44% (+/- 4.26%)
