Machine: PRECISION
Date: 23/01/2023 Time: 09:05:59
Config. Number: 9
Alternative Dense Layer: False
Pooling Application Layer: avg
Data Augmentation: False
Data Augmentation Multiplier: 1
Fine Tuning: True
Multi Optimizer: False
Optimizer: RMSprop
Batch Size: 16
Restore Best Weights: False

Model Type: Xception
Fold: 1 of 50 Acc: 94.29% Mean: 94.29% (+/- 0.00%)
Fold: 2 of 50 Acc: 97.14% Mean: 95.71% (+/- 1.43%)
Fold: 3 of 50 Acc: 91.18% Mean: 94.20% (+/- 2.44%)
Fold: 4 of 50 Acc: 91.18% Mean: 93.45% (+/- 2.48%)
Fold: 5 of 50 Acc: 100.00% Mean: 94.76% (+/- 3.44%)
Fold: 6 of 50 Acc: 94.12% Mean: 94.65% (+/- 3.15%)
Fold: 7 of 50 Acc: 88.24% Mean: 93.73% (+/- 3.68%)
Fold: 8 of 50 Acc: 94.12% Mean: 93.78% (+/- 3.44%)
Fold: 9 of 50 Acc: 91.18% Mean: 93.49% (+/- 3.35%)
Fold: 10 of 50 Acc: 94.12% Mean: 93.55% (+/- 3.18%)
Fold: 11 of 50 Acc: 85.71% Mean: 92.84% (+/- 3.78%)
Fold: 12 of 50 Acc: 88.57% Mean: 92.49% (+/- 3.81%)
Fold: 13 of 50 Acc: 97.06% Mean: 92.84% (+/- 3.85%)
Fold: 14 of 50 Acc: 94.12% Mean: 92.93% (+/- 3.73%)
Fold: 15 of 50 Acc: 94.12% Mean: 93.01% (+/- 3.61%)
Fold: 16 of 50 Acc: 94.12% Mean: 93.08% (+/- 3.51%)
Fold: 17 of 50 Acc: 91.18% Mean: 92.97% (+/- 3.43%)
Fold: 18 of 50 Acc: 97.06% Mean: 93.19% (+/- 3.47%)
Fold: 19 of 50 Acc: 97.06% Mean: 93.40% (+/- 3.48%)
Fold: 20 of 50 Acc: 85.29% Mean: 92.99% (+/- 3.83%)
Fold: 21 of 50 Acc: 97.14% Mean: 93.19% (+/- 3.84%)
Fold: 22 of 50 Acc: 91.43% Mean: 93.11% (+/- 3.77%)
Fold: 23 of 50 Acc: 91.18% Mean: 93.03% (+/- 3.71%)
Fold: 24 of 50 Acc: 97.06% Mean: 93.19% (+/- 3.72%)
Fold: 25 of 50 Acc: 97.06% Mean: 93.35% (+/- 3.72%)
Fold: 26 of 50 Acc: 94.12% Mean: 93.38% (+/- 3.65%)
Fold: 27 of 50 Acc: 94.12% Mean: 93.40% (+/- 3.58%)
Fold: 28 of 50 Acc: 97.06% Mean: 93.54% (+/- 3.58%)
Fold: 29 of 50 Acc: 94.12% Mean: 93.56% (+/- 3.52%)
Fold: 30 of 50 Acc: 97.06% Mean: 93.67% (+/- 3.52%)
Fold: 31 of 50 Acc: 88.57% Mean: 93.51% (+/- 3.58%)
Fold: 32 of 50 Acc: 97.14% Mean: 93.62% (+/- 3.58%)
Fold: 33 of 50 Acc: 100.00% Mean: 93.81% (+/- 3.69%)
Fold: 34 of 50 Acc: 94.12% Mean: 93.82% (+/- 3.64%)
Fold: 35 of 50 Acc: 94.12% Mean: 93.83% (+/- 3.58%)
Fold: 36 of 50 Acc: 94.12% Mean: 93.84% (+/- 3.53%)
Fold: 37 of 50 Acc: 97.06% Mean: 93.93% (+/- 3.52%)
Fold: 38 of 50 Acc: 94.12% Mean: 93.93% (+/- 3.48%)
Fold: 39 of 50 Acc: 97.06% Mean: 94.01% (+/- 3.47%)
Fold: 40 of 50 Acc: 94.12% Mean: 94.01% (+/- 3.42%)
Fold: 41 of 50 Acc: 100.00% Mean: 94.16% (+/- 3.51%)
Fold: 42 of 50 Acc: 97.14% Mean: 94.23% (+/- 3.49%)
Fold: 43 of 50 Acc: 88.24% Mean: 94.09% (+/- 3.57%)
Fold: 44 of 50 Acc: 88.24% Mean: 93.96% (+/- 3.64%)
Fold: 45 of 50 Acc: 97.06% Mean: 94.03% (+/- 3.62%)
Fold: 46 of 50 Acc: 94.12% Mean: 94.03% (+/- 3.58%)
Fold: 47 of 50 Acc: 88.24% Mean: 93.91% (+/- 3.64%)
Fold: 48 of 50 Acc: 88.24% Mean: 93.79% (+/- 3.69%)
Fold: 49 of 50 Acc: 94.12% Mean: 93.80% (+/- 3.66%)
Fold: 50 of 50 Acc: 91.18% Mean: 93.74% (+/- 3.64%)
Model Type: VGG16
Fold: 1 of 50 Acc: 71.43% Mean: 71.43% (+/- 0.00%)
Fold: 2 of 50 Acc: 91.43% Mean: 81.43% (+/- 10.00%)
Fold: 3 of 50 Acc: 85.29% Mean: 82.72% (+/- 8.37%)
Fold: 4 of 50 Acc: 94.12% Mean: 85.57% (+/- 8.77%)
Fold: 5 of 50 Acc: 88.24% Mean: 86.10% (+/- 7.91%)
Fold: 6 of 50 Acc: 70.59% Mean: 83.52% (+/- 9.25%)
Fold: 7 of 50 Acc: 70.59% Mean: 81.67% (+/- 9.69%)
Fold: 8 of 50 Acc: 70.59% Mean: 80.28% (+/- 9.77%)
Fold: 9 of 50 Acc: 76.47% Mean: 79.86% (+/- 9.29%)
Fold: 10 of 50 Acc: 64.71% Mean: 78.34% (+/- 9.92%)
Fold: 11 of 50 Acc: 85.71% Mean: 79.01% (+/- 9.69%)
Fold: 12 of 50 Acc: 65.71% Mean: 77.91% (+/- 9.98%)
Fold: 13 of 50 Acc: 73.53% Mean: 77.57% (+/- 9.66%)
Fold: 14 of 50 Acc: 88.24% Mean: 78.33% (+/- 9.71%)
Fold: 15 of 50 Acc: 73.53% Mean: 78.01% (+/- 9.45%)
Fold: 16 of 50 Acc: 79.41% Mean: 78.10% (+/- 9.16%)
Fold: 17 of 50 Acc: 82.35% Mean: 78.35% (+/- 8.94%)
Fold: 18 of 50 Acc: 85.29% Mean: 78.73% (+/- 8.83%)
Fold: 19 of 50 Acc: 88.24% Mean: 79.23% (+/- 8.86%)
Fold: 20 of 50 Acc: 76.47% Mean: 79.10% (+/- 8.65%)
Fold: 21 of 50 Acc: 82.86% Mean: 79.28% (+/- 8.48%)
Fold: 22 of 50 Acc: 74.29% Mean: 79.05% (+/- 8.35%)
Fold: 23 of 50 Acc: 79.41% Mean: 79.06% (+/- 8.17%)
Fold: 24 of 50 Acc: 82.35% Mean: 79.20% (+/- 8.02%)
Fold: 25 of 50 Acc: 94.12% Mean: 79.80% (+/- 8.39%)
Fold: 26 of 50 Acc: 55.88% Mean: 78.88% (+/- 9.42%)
Fold: 27 of 50 Acc: 76.47% Mean: 78.79% (+/- 9.26%)
Fold: 28 of 50 Acc: 73.53% Mean: 78.60% (+/- 9.14%)
Fold: 29 of 50 Acc: 82.35% Mean: 78.73% (+/- 9.01%)
Fold: 30 of 50 Acc: 70.59% Mean: 78.46% (+/- 8.98%)
Fold: 31 of 50 Acc: 71.43% Mean: 78.23% (+/- 8.92%)
Fold: 32 of 50 Acc: 85.71% Mean: 78.47% (+/- 8.88%)
Fold: 33 of 50 Acc: 91.18% Mean: 78.85% (+/- 9.01%)
Fold: 34 of 50 Acc: 67.65% Mean: 78.52% (+/- 9.07%)
Fold: 35 of 50 Acc: 79.41% Mean: 78.55% (+/- 8.94%)
Fold: 36 of 50 Acc: 79.41% Mean: 78.57% (+/- 8.82%)
Fold: 37 of 50 Acc: 73.53% Mean: 78.44% (+/- 8.74%)
Fold: 38 of 50 Acc: 88.24% Mean: 78.69% (+/- 8.76%)
Fold: 39 of 50 Acc: 88.24% Mean: 78.94% (+/- 8.78%)
Fold: 40 of 50 Acc: 79.41% Mean: 78.95% (+/- 8.67%)
Fold: 41 of 50 Acc: 88.57% Mean: 79.18% (+/- 8.69%)
Fold: 42 of 50 Acc: 71.43% Mean: 79.00% (+/- 8.67%)
Fold: 43 of 50 Acc: 64.71% Mean: 78.67% (+/- 8.84%)
Fold: 44 of 50 Acc: 64.71% Mean: 78.35% (+/- 8.98%)
Fold: 45 of 50 Acc: 73.53% Mean: 78.24% (+/- 8.91%)
Fold: 46 of 50 Acc: 94.12% Mean: 78.59% (+/- 9.11%)
Fold: 47 of 50 Acc: 85.29% Mean: 78.73% (+/- 9.06%)
Fold: 48 of 50 Acc: 76.47% Mean: 78.68% (+/- 8.97%)
Fold: 49 of 50 Acc: 82.35% Mean: 78.76% (+/- 8.90%)
Fold: 50 of 50 Acc: 79.41% Mean: 78.77% (+/- 8.81%)
Model Type: VGG19
Fold: 1 of 50 Acc: 97.14% Mean: 97.14% (+/- 0.00%)
Fold: 2 of 50 Acc: 88.57% Mean: 92.86% (+/- 4.29%)
Fold: 3 of 50 Acc: 70.59% Mean: 85.43% (+/- 11.07%)
Fold: 4 of 50 Acc: 79.41% Mean: 83.93% (+/- 9.93%)
Fold: 5 of 50 Acc: 79.41% Mean: 83.03% (+/- 9.06%)
Fold: 6 of 50 Acc: 70.59% Mean: 80.95% (+/- 9.48%)
Fold: 7 of 50 Acc: 88.24% Mean: 81.99% (+/- 9.14%)
Fold: 8 of 50 Acc: 79.41% Mean: 81.67% (+/- 8.60%)
Fold: 9 of 50 Acc: 67.65% Mean: 80.11% (+/- 9.22%)
Fold: 10 of 50 Acc: 52.94% Mean: 77.39% (+/- 11.96%)
Fold: 11 of 50 Acc: 80.00% Mean: 77.63% (+/- 11.43%)
Fold: 12 of 50 Acc: 82.86% Mean: 78.07% (+/- 11.04%)
Fold: 13 of 50 Acc: 85.29% Mean: 78.62% (+/- 10.78%)
Fold: 14 of 50 Acc: 76.47% Mean: 78.47% (+/- 10.40%)
Fold: 15 of 50 Acc: 88.24% Mean: 79.12% (+/- 10.34%)
Fold: 16 of 50 Acc: 82.35% Mean: 79.32% (+/- 10.04%)
Fold: 17 of 50 Acc: 76.47% Mean: 79.15% (+/- 9.76%)
Fold: 18 of 50 Acc: 85.29% Mean: 79.50% (+/- 9.59%)
Fold: 19 of 50 Acc: 82.35% Mean: 79.65% (+/- 9.36%)
Fold: 20 of 50 Acc: 82.35% Mean: 79.78% (+/- 9.14%)
Fold: 21 of 50 Acc: 97.14% Mean: 80.61% (+/- 9.66%)
Fold: 22 of 50 Acc: 74.29% Mean: 80.32% (+/- 9.53%)
Fold: 23 of 50 Acc: 79.41% Mean: 80.28% (+/- 9.32%)
Fold: 24 of 50 Acc: 79.41% Mean: 80.25% (+/- 9.12%)
Fold: 25 of 50 Acc: 94.12% Mean: 80.80% (+/- 9.34%)
Fold: 26 of 50 Acc: 76.47% Mean: 80.63% (+/- 9.20%)
Fold: 27 of 50 Acc: 73.53% Mean: 80.37% (+/- 9.13%)
Fold: 28 of 50 Acc: 76.47% Mean: 80.23% (+/- 8.99%)
Fold: 29 of 50 Acc: 82.35% Mean: 80.30% (+/- 8.84%)
Fold: 30 of 50 Acc: 88.24% Mean: 80.57% (+/- 8.81%)
Fold: 31 of 50 Acc: 71.43% Mean: 80.27% (+/- 8.82%)
Fold: 32 of 50 Acc: 80.00% Mean: 80.27% (+/- 8.68%)
Fold: 33 of 50 Acc: 85.29% Mean: 80.42% (+/- 8.59%)
Fold: 34 of 50 Acc: 58.82% Mean: 79.78% (+/- 9.21%)
Fold: 35 of 50 Acc: 88.24% Mean: 80.02% (+/- 9.19%)
Fold: 36 of 50 Acc: 79.41% Mean: 80.01% (+/- 9.06%)
Fold: 37 of 50 Acc: 70.59% Mean: 79.75% (+/- 9.07%)
Fold: 38 of 50 Acc: 82.35% Mean: 79.82% (+/- 8.96%)
Fold: 39 of 50 Acc: 88.24% Mean: 80.04% (+/- 8.94%)
Fold: 40 of 50 Acc: 76.47% Mean: 79.95% (+/- 8.85%)
Fold: 41 of 50 Acc: 77.14% Mean: 79.88% (+/- 8.75%)
Fold: 42 of 50 Acc: 77.14% Mean: 79.81% (+/- 8.65%)
Fold: 43 of 50 Acc: 61.76% Mean: 79.39% (+/- 8.98%)
Fold: 44 of 50 Acc: 61.76% Mean: 78.99% (+/- 9.25%)
Fold: 45 of 50 Acc: 82.35% Mean: 79.07% (+/- 9.16%)
Fold: 46 of 50 Acc: 82.35% Mean: 79.14% (+/- 9.08%)
Fold: 47 of 50 Acc: 79.41% Mean: 79.15% (+/- 8.98%)
Fold: 48 of 50 Acc: 64.71% Mean: 78.84% (+/- 9.12%)
Fold: 49 of 50 Acc: 88.24% Mean: 79.04% (+/- 9.12%)
Fold: 50 of 50 Acc: 85.29% Mean: 79.16% (+/- 9.08%)
Model Type: ResNet50
Fold: 1 of 50 Acc: 82.86% Mean: 82.86% (+/- 0.00%)
Fold: 2 of 50 Acc: 85.71% Mean: 84.29% (+/- 1.43%)
Fold: 3 of 50 Acc: 79.41% Mean: 82.66% (+/- 2.58%)
Fold: 4 of 50 Acc: 82.35% Mean: 82.58% (+/- 2.24%)
Fold: 5 of 50 Acc: 85.29% Mean: 83.13% (+/- 2.27%)
Fold: 6 of 50 Acc: 58.82% Mean: 79.08% (+/- 9.29%)
Fold: 7 of 50 Acc: 88.24% Mean: 80.38% (+/- 9.18%)
Fold: 8 of 50 Acc: 91.18% Mean: 81.73% (+/- 9.30%)
Fold: 9 of 50 Acc: 85.29% Mean: 82.13% (+/- 8.84%)
Fold: 10 of 50 Acc: 70.59% Mean: 80.97% (+/- 9.07%)
Fold: 11 of 50 Acc: 85.71% Mean: 81.41% (+/- 8.76%)
Fold: 12 of 50 Acc: 77.14% Mean: 81.05% (+/- 8.47%)
Fold: 13 of 50 Acc: 76.47% Mean: 80.70% (+/- 8.22%)
Fold: 14 of 50 Acc: 91.18% Mean: 81.45% (+/- 8.37%)
Fold: 15 of 50 Acc: 79.41% Mean: 81.31% (+/- 8.10%)
Fold: 16 of 50 Acc: 91.18% Mean: 81.93% (+/- 8.20%)
Fold: 17 of 50 Acc: 82.35% Mean: 81.95% (+/- 7.96%)
Fold: 18 of 50 Acc: 82.35% Mean: 81.97% (+/- 7.73%)
Fold: 19 of 50 Acc: 67.65% Mean: 81.22% (+/- 8.18%)
Fold: 20 of 50 Acc: 76.47% Mean: 80.98% (+/- 8.04%)
Fold: 21 of 50 Acc: 94.29% Mean: 81.62% (+/- 8.34%)
Fold: 22 of 50 Acc: 68.57% Mean: 81.02% (+/- 8.59%)
Fold: 23 of 50 Acc: 79.41% Mean: 80.95% (+/- 8.41%)
Fold: 24 of 50 Acc: 85.29% Mean: 81.13% (+/- 8.28%)
Fold: 25 of 50 Acc: 97.06% Mean: 81.77% (+/- 8.69%)
Fold: 26 of 50 Acc: 82.35% Mean: 81.79% (+/- 8.52%)
Fold: 27 of 50 Acc: 79.41% Mean: 81.71% (+/- 8.37%)
Fold: 28 of 50 Acc: 82.35% Mean: 81.73% (+/- 8.22%)
Fold: 29 of 50 Acc: 88.24% Mean: 81.95% (+/- 8.17%)
Fold: 30 of 50 Acc: 67.65% Mean: 81.48% (+/- 8.43%)
Fold: 31 of 50 Acc: 80.00% Mean: 81.43% (+/- 8.30%)
Fold: 32 of 50 Acc: 91.43% Mean: 81.74% (+/- 8.35%)
Fold: 33 of 50 Acc: 91.18% Mean: 82.03% (+/- 8.38%)
Fold: 34 of 50 Acc: 82.35% Mean: 82.04% (+/- 8.26%)
Fold: 35 of 50 Acc: 85.29% Mean: 82.13% (+/- 8.16%)
Fold: 36 of 50 Acc: 82.35% Mean: 82.14% (+/- 8.04%)
Fold: 37 of 50 Acc: 73.53% Mean: 81.90% (+/- 8.05%)
Fold: 38 of 50 Acc: 76.47% Mean: 81.76% (+/- 8.00%)
Fold: 39 of 50 Acc: 88.24% Mean: 81.93% (+/- 7.96%)
Fold: 40 of 50 Acc: 82.35% Mean: 81.94% (+/- 7.86%)
Fold: 41 of 50 Acc: 85.71% Mean: 82.03% (+/- 7.78%)
Fold: 42 of 50 Acc: 82.86% Mean: 82.05% (+/- 7.69%)
Fold: 43 of 50 Acc: 79.41% Mean: 81.99% (+/- 7.61%)
Fold: 44 of 50 Acc: 70.59% Mean: 81.73% (+/- 7.71%)
Fold: 45 of 50 Acc: 76.47% Mean: 81.61% (+/- 7.67%)
Fold: 46 of 50 Acc: 88.24% Mean: 81.76% (+/- 7.65%)
Fold: 47 of 50 Acc: 79.41% Mean: 81.71% (+/- 7.57%)
Fold: 48 of 50 Acc: 61.76% Mean: 81.29% (+/- 8.01%)
Fold: 49 of 50 Acc: 76.47% Mean: 81.19% (+/- 7.96%)
Fold: 50 of 50 Acc: 91.18% Mean: 81.39% (+/- 8.00%)
Model Type: ResNet101
Fold: 1 of 50 Acc: 85.71% Mean: 85.71% (+/- 0.00%)
Fold: 2 of 50 Acc: 85.71% Mean: 85.71% (+/- 0.00%)
Fold: 3 of 50 Acc: 85.29% Mean: 85.57% (+/- 0.20%)
Fold: 4 of 50 Acc: 70.59% Mean: 81.83% (+/- 6.49%)
Fold: 5 of 50 Acc: 85.29% Mean: 82.52% (+/- 5.97%)
Fold: 6 of 50 Acc: 73.53% Mean: 81.02% (+/- 6.40%)
Fold: 7 of 50 Acc: 79.41% Mean: 80.79% (+/- 5.95%)
Fold: 8 of 50 Acc: 79.41% Mean: 80.62% (+/- 5.58%)
Fold: 9 of 50 Acc: 79.41% Mean: 80.49% (+/- 5.28%)
Fold: 10 of 50 Acc: 82.35% Mean: 80.67% (+/- 5.04%)
Fold: 11 of 50 Acc: 74.29% Mean: 80.09% (+/- 5.14%)
Fold: 12 of 50 Acc: 88.57% Mean: 80.80% (+/- 5.45%)
Fold: 13 of 50 Acc: 85.29% Mean: 81.14% (+/- 5.37%)
Fold: 14 of 50 Acc: 88.24% Mean: 81.65% (+/- 5.49%)
Fold: 15 of 50 Acc: 79.41% Mean: 81.50% (+/- 5.33%)
Fold: 16 of 50 Acc: 82.35% Mean: 81.55% (+/- 5.17%)
Fold: 17 of 50 Acc: 82.35% Mean: 81.60% (+/- 5.02%)
Fold: 18 of 50 Acc: 85.29% Mean: 81.81% (+/- 4.95%)
Fold: 19 of 50 Acc: 79.41% Mean: 81.68% (+/- 4.85%)
Fold: 20 of 50 Acc: 73.53% Mean: 81.27% (+/- 5.05%)
Fold: 21 of 50 Acc: 77.14% Mean: 81.08% (+/- 5.00%)
Fold: 22 of 50 Acc: 57.14% Mean: 79.99% (+/- 6.98%)
Fold: 23 of 50 Acc: 76.47% Mean: 79.84% (+/- 6.87%)
Fold: 24 of 50 Acc: 73.53% Mean: 79.57% (+/- 6.84%)
Fold: 25 of 50 Acc: 76.47% Mean: 79.45% (+/- 6.73%)
Fold: 26 of 50 Acc: 94.12% Mean: 80.01% (+/- 7.18%)
Fold: 27 of 50 Acc: 79.41% Mean: 79.99% (+/- 7.04%)
Fold: 28 of 50 Acc: 79.41% Mean: 79.97% (+/- 6.92%)
Fold: 29 of 50 Acc: 94.12% Mean: 80.46% (+/- 7.27%)
Fold: 30 of 50 Acc: 88.24% Mean: 80.72% (+/- 7.28%)
Fold: 31 of 50 Acc: 74.29% Mean: 80.51% (+/- 7.25%)
Fold: 32 of 50 Acc: 91.43% Mean: 80.85% (+/- 7.39%)
Fold: 33 of 50 Acc: 82.35% Mean: 80.90% (+/- 7.28%)
Fold: 34 of 50 Acc: 88.24% Mean: 81.11% (+/- 7.28%)
Fold: 35 of 50 Acc: 79.41% Mean: 81.06% (+/- 7.18%)
Fold: 36 of 50 Acc: 79.41% Mean: 81.02% (+/- 7.08%)
Fold: 37 of 50 Acc: 79.41% Mean: 80.97% (+/- 6.99%)
Fold: 38 of 50 Acc: 82.35% Mean: 81.01% (+/- 6.90%)
Fold: 39 of 50 Acc: 82.35% Mean: 81.05% (+/- 6.82%)
Fold: 40 of 50 Acc: 82.35% Mean: 81.08% (+/- 6.73%)
Fold: 41 of 50 Acc: 82.86% Mean: 81.12% (+/- 6.66%)
Fold: 42 of 50 Acc: 68.57% Mean: 80.82% (+/- 6.85%)
Fold: 43 of 50 Acc: 88.24% Mean: 80.99% (+/- 6.86%)
Fold: 44 of 50 Acc: 94.12% Mean: 81.29% (+/- 7.06%)
Fold: 45 of 50 Acc: 82.35% Mean: 81.32% (+/- 6.98%)
Fold: 46 of 50 Acc: 70.59% Mean: 81.08% (+/- 7.08%)
Fold: 47 of 50 Acc: 85.29% Mean: 81.17% (+/- 7.03%)
Fold: 48 of 50 Acc: 73.53% Mean: 81.01% (+/- 7.04%)
Fold: 49 of 50 Acc: 79.41% Mean: 80.98% (+/- 6.98%)
Fold: 50 of 50 Acc: 97.06% Mean: 81.30% (+/- 7.26%)
Model Type: ResNet152
Fold: 1 of 50 Acc: 80.00% Mean: 80.00% (+/- 0.00%)
Fold: 2 of 50 Acc: 80.00% Mean: 80.00% (+/- 0.00%)
Fold: 3 of 50 Acc: 70.59% Mean: 76.86% (+/- 4.44%)
Fold: 4 of 50 Acc: 76.47% Mean: 76.76% (+/- 3.85%)
Fold: 5 of 50 Acc: 47.06% Mean: 70.82% (+/- 12.37%)
Fold: 6 of 50 Acc: 67.65% Mean: 70.29% (+/- 11.35%)
Fold: 7 of 50 Acc: 73.53% Mean: 70.76% (+/- 10.57%)
Fold: 8 of 50 Acc: 70.59% Mean: 70.74% (+/- 9.89%)
Fold: 9 of 50 Acc: 79.41% Mean: 71.70% (+/- 9.72%)
Fold: 10 of 50 Acc: 79.41% Mean: 72.47% (+/- 9.50%)
Fold: 11 of 50 Acc: 48.57% Mean: 70.30% (+/- 11.37%)
Fold: 12 of 50 Acc: 77.14% Mean: 70.87% (+/- 11.05%)
Fold: 13 of 50 Acc: 61.76% Mean: 70.17% (+/- 10.89%)
Fold: 14 of 50 Acc: 70.59% Mean: 70.20% (+/- 10.49%)
Fold: 15 of 50 Acc: 67.65% Mean: 70.03% (+/- 10.16%)
Fold: 16 of 50 Acc: 82.35% Mean: 70.80% (+/- 10.28%)
Fold: 17 of 50 Acc: 76.47% Mean: 71.13% (+/- 10.06%)
Fold: 18 of 50 Acc: 79.41% Mean: 71.59% (+/- 9.96%)
Fold: 19 of 50 Acc: 82.35% Mean: 72.16% (+/- 9.99%)
Fold: 20 of 50 Acc: 73.53% Mean: 72.23% (+/- 9.74%)
Fold: 21 of 50 Acc: 85.71% Mean: 72.87% (+/- 9.93%)
Fold: 22 of 50 Acc: 74.29% Mean: 72.93% (+/- 9.70%)
Fold: 23 of 50 Acc: 76.47% Mean: 73.09% (+/- 9.52%)
Fold: 24 of 50 Acc: 82.35% Mean: 73.47% (+/- 9.50%)
Fold: 25 of 50 Acc: 91.18% Mean: 74.18% (+/- 9.93%)
Fold: 26 of 50 Acc: 91.18% Mean: 74.84% (+/- 10.27%)
Fold: 27 of 50 Acc: 82.35% Mean: 75.11% (+/- 10.18%)
Fold: 28 of 50 Acc: 82.35% Mean: 75.37% (+/- 10.09%)
Fold: 29 of 50 Acc: 91.18% Mean: 75.92% (+/- 10.32%)
Fold: 30 of 50 Acc: 76.47% Mean: 75.94% (+/- 10.15%)
Fold: 31 of 50 Acc: 77.14% Mean: 75.97% (+/- 9.99%)
Fold: 32 of 50 Acc: 91.43% Mean: 76.46% (+/- 10.19%)
Fold: 33 of 50 Acc: 58.82% Mean: 75.92% (+/- 10.48%)
Fold: 34 of 50 Acc: 55.88% Mean: 75.33% (+/- 10.87%)
Fold: 35 of 50 Acc: 79.41% Mean: 75.45% (+/- 10.73%)
Fold: 36 of 50 Acc: 79.41% Mean: 75.56% (+/- 10.60%)
Fold: 37 of 50 Acc: 64.71% Mean: 75.27% (+/- 10.61%)
Fold: 38 of 50 Acc: 64.71% Mean: 74.99% (+/- 10.60%)
Fold: 39 of 50 Acc: 88.24% Mean: 75.33% (+/- 10.67%)
Fold: 40 of 50 Acc: 32.35% Mean: 74.25% (+/- 12.49%)
Fold: 41 of 50 Acc: 91.43% Mean: 74.67% (+/- 12.62%)
Fold: 42 of 50 Acc: 85.71% Mean: 74.94% (+/- 12.58%)
Fold: 43 of 50 Acc: 73.53% Mean: 74.90% (+/- 12.44%)
Fold: 44 of 50 Acc: 76.47% Mean: 74.94% (+/- 12.30%)
Fold: 45 of 50 Acc: 79.41% Mean: 75.04% (+/- 12.18%)
Fold: 46 of 50 Acc: 47.06% Mean: 74.43% (+/- 12.72%)
Fold: 47 of 50 Acc: 76.47% Mean: 74.47% (+/- 12.58%)
Fold: 48 of 50 Acc: 64.71% Mean: 74.27% (+/- 12.53%)
Fold: 49 of 50 Acc: 70.59% Mean: 74.19% (+/- 12.41%)
Fold: 50 of 50 Acc: 73.53% Mean: 74.18% (+/- 12.29%)
Model Type: ResNet50V2
Fold: 1 of 50 Acc: 51.43% Mean: 51.43% (+/- 0.00%)
Fold: 2 of 50 Acc: 88.57% Mean: 70.00% (+/- 18.57%)
Fold: 3 of 50 Acc: 67.65% Mean: 69.22% (+/- 15.20%)
Fold: 4 of 50 Acc: 52.94% Mean: 65.15% (+/- 14.93%)
Fold: 5 of 50 Acc: 85.29% Mean: 69.18% (+/- 15.60%)
Fold: 6 of 50 Acc: 79.41% Mean: 70.88% (+/- 14.74%)
Fold: 7 of 50 Acc: 85.29% Mean: 72.94% (+/- 14.55%)
Fold: 8 of 50 Acc: 52.94% Mean: 70.44% (+/- 15.13%)
Fold: 9 of 50 Acc: 41.18% Mean: 67.19% (+/- 16.98%)
Fold: 10 of 50 Acc: 52.94% Mean: 65.76% (+/- 16.66%)
Fold: 11 of 50 Acc: 42.86% Mean: 63.68% (+/- 17.20%)
Fold: 12 of 50 Acc: 88.57% Mean: 65.76% (+/- 17.84%)
Fold: 13 of 50 Acc: 70.59% Mean: 66.13% (+/- 17.19%)
Fold: 14 of 50 Acc: 79.41% Mean: 67.08% (+/- 16.92%)
Fold: 15 of 50 Acc: 85.29% Mean: 68.29% (+/- 16.96%)
Fold: 16 of 50 Acc: 79.41% Mean: 68.99% (+/- 16.64%)
Fold: 17 of 50 Acc: 35.29% Mean: 67.00% (+/- 17.99%)
Fold: 18 of 50 Acc: 73.53% Mean: 67.37% (+/- 17.54%)
Fold: 19 of 50 Acc: 76.47% Mean: 67.85% (+/- 17.20%)
Fold: 20 of 50 Acc: 55.88% Mean: 67.25% (+/- 16.96%)
Fold: 21 of 50 Acc: 40.00% Mean: 65.95% (+/- 17.54%)
Fold: 22 of 50 Acc: 82.86% Mean: 66.72% (+/- 17.50%)
Fold: 23 of 50 Acc: 73.53% Mean: 67.01% (+/- 17.17%)
Fold: 24 of 50 Acc: 88.24% Mean: 67.90% (+/- 17.33%)
Fold: 25 of 50 Acc: 94.12% Mean: 68.95% (+/- 17.74%)
Fold: 26 of 50 Acc: 88.24% Mean: 69.69% (+/- 17.79%)
Fold: 27 of 50 Acc: 82.35% Mean: 70.16% (+/- 17.62%)
Fold: 28 of 50 Acc: 88.24% Mean: 70.80% (+/- 17.63%)
Fold: 29 of 50 Acc: 91.18% Mean: 71.51% (+/- 17.71%)
Fold: 30 of 50 Acc: 70.59% Mean: 71.48% (+/- 17.42%)
Fold: 31 of 50 Acc: 54.29% Mean: 70.92% (+/- 17.40%)
Fold: 32 of 50 Acc: 82.86% Mean: 71.29% (+/- 17.25%)
Fold: 33 of 50 Acc: 85.29% Mean: 71.72% (+/- 17.16%)
Fold: 34 of 50 Acc: 79.41% Mean: 71.95% (+/- 16.95%)
Fold: 35 of 50 Acc: 88.24% Mean: 72.41% (+/- 16.93%)
Fold: 36 of 50 Acc: 41.18% Mean: 71.54% (+/- 17.46%)
Fold: 37 of 50 Acc: 70.59% Mean: 71.52% (+/- 17.23%)
Fold: 38 of 50 Acc: 85.29% Mean: 71.88% (+/- 17.14%)
Fold: 39 of 50 Acc: 82.35% Mean: 72.15% (+/- 17.00%)
Fold: 40 of 50 Acc: 67.65% Mean: 72.04% (+/- 16.80%)
Fold: 41 of 50 Acc: 80.00% Mean: 72.23% (+/- 16.64%)
Fold: 42 of 50 Acc: 45.71% Mean: 71.60% (+/- 16.93%)
Fold: 43 of 50 Acc: 85.29% Mean: 71.92% (+/- 16.86%)
Fold: 44 of 50 Acc: 91.18% Mean: 72.35% (+/- 16.91%)
Fold: 45 of 50 Acc: 61.76% Mean: 72.12% (+/- 16.80%)
Fold: 46 of 50 Acc: 85.29% Mean: 72.41% (+/- 16.72%)
Fold: 47 of 50 Acc: 88.24% Mean: 72.74% (+/- 16.70%)
Fold: 48 of 50 Acc: 70.59% Mean: 72.70% (+/- 16.53%)
Fold: 49 of 50 Acc: 76.47% Mean: 72.77% (+/- 16.37%)
Fold: 50 of 50 Acc: 70.59% Mean: 72.73% (+/- 16.21%)
Model Type: ResNet101V2
Fold: 1 of 50 Acc: 42.86% Mean: 42.86% (+/- 0.00%)
Fold: 2 of 50 Acc: 45.71% Mean: 44.29% (+/- 1.43%)
Fold: 3 of 50 Acc: 41.18% Mean: 43.25% (+/- 1.87%)
Fold: 4 of 50 Acc: 41.18% Mean: 42.73% (+/- 1.85%)
Fold: 5 of 50 Acc: 52.94% Mean: 44.77% (+/- 4.41%)
Fold: 6 of 50 Acc: 44.12% Mean: 44.66% (+/- 4.03%)
Fold: 7 of 50 Acc: 47.06% Mean: 45.01% (+/- 3.83%)
Fold: 8 of 50 Acc: 82.35% Mean: 49.67% (+/- 12.86%)
Fold: 9 of 50 Acc: 50.00% Mean: 49.71% (+/- 12.12%)
Fold: 10 of 50 Acc: 67.65% Mean: 51.50% (+/- 12.70%)
Fold: 11 of 50 Acc: 88.57% Mean: 54.87% (+/- 16.13%)
Fold: 12 of 50 Acc: 62.86% Mean: 55.54% (+/- 15.60%)
Fold: 13 of 50 Acc: 64.71% Mean: 56.24% (+/- 15.18%)
Fold: 14 of 50 Acc: 55.88% Mean: 56.22% (+/- 14.63%)
Fold: 15 of 50 Acc: 79.41% Mean: 57.76% (+/- 15.27%)
Fold: 16 of 50 Acc: 67.65% Mean: 58.38% (+/- 14.98%)
Fold: 17 of 50 Acc: 82.35% Mean: 59.79% (+/- 15.59%)
Fold: 18 of 50 Acc: 67.65% Mean: 60.23% (+/- 15.26%)
Fold: 19 of 50 Acc: 52.94% Mean: 59.85% (+/- 14.94%)
Fold: 20 of 50 Acc: 52.94% Mean: 59.50% (+/- 14.64%)
Fold: 21 of 50 Acc: 45.71% Mean: 58.84% (+/- 14.58%)
Fold: 22 of 50 Acc: 65.71% Mean: 59.16% (+/- 14.32%)
Fold: 23 of 50 Acc: 64.71% Mean: 59.40% (+/- 14.05%)
Fold: 24 of 50 Acc: 85.29% Mean: 60.48% (+/- 14.70%)
Fold: 25 of 50 Acc: 94.12% Mean: 61.82% (+/- 15.84%)
Fold: 26 of 50 Acc: 44.12% Mean: 61.14% (+/- 15.90%)
Fold: 27 of 50 Acc: 73.53% Mean: 61.60% (+/- 15.78%)
Fold: 28 of 50 Acc: 73.53% Mean: 62.03% (+/- 15.65%)
Fold: 29 of 50 Acc: 44.12% Mean: 61.41% (+/- 15.72%)
Fold: 30 of 50 Acc: 41.18% Mean: 60.73% (+/- 15.88%)
Fold: 31 of 50 Acc: 54.29% Mean: 60.53% (+/- 15.66%)
Fold: 32 of 50 Acc: 80.00% Mean: 61.13% (+/- 15.78%)
Fold: 33 of 50 Acc: 41.18% Mean: 60.53% (+/- 15.91%)
Fold: 34 of 50 Acc: 52.94% Mean: 60.31% (+/- 15.73%)
Fold: 35 of 50 Acc: 94.12% Mean: 61.27% (+/- 16.49%)
Fold: 36 of 50 Acc: 55.88% Mean: 61.12% (+/- 16.29%)
Fold: 37 of 50 Acc: 47.06% Mean: 60.74% (+/- 16.23%)
Fold: 38 of 50 Acc: 76.47% Mean: 61.16% (+/- 16.21%)
Fold: 39 of 50 Acc: 82.35% Mean: 61.70% (+/- 16.35%)
Fold: 40 of 50 Acc: 67.65% Mean: 61.85% (+/- 16.17%)
Fold: 41 of 50 Acc: 48.57% Mean: 61.52% (+/- 16.10%)
Fold: 42 of 50 Acc: 42.86% Mean: 61.08% (+/- 16.16%)
Fold: 43 of 50 Acc: 55.88% Mean: 60.96% (+/- 15.99%)
Fold: 44 of 50 Acc: 91.18% Mean: 61.65% (+/- 16.44%)
Fold: 45 of 50 Acc: 50.00% Mean: 61.39% (+/- 16.34%)
Fold: 46 of 50 Acc: 58.82% Mean: 61.33% (+/- 16.17%)
Fold: 47 of 50 Acc: 70.59% Mean: 61.53% (+/- 16.05%)
Fold: 48 of 50 Acc: 61.76% Mean: 61.53% (+/- 15.88%)
Fold: 49 of 50 Acc: 85.29% Mean: 62.02% (+/- 16.08%)
Fold: 50 of 50 Acc: 52.94% Mean: 61.84% (+/- 15.97%)
Model Type: ResNet152V2
Fold: 1 of 50 Acc: 54.29% Mean: 54.29% (+/- 0.00%)
Fold: 2 of 50 Acc: 42.86% Mean: 48.57% (+/- 5.71%)
Fold: 3 of 50 Acc: 58.82% Mean: 51.99% (+/- 6.72%)
Fold: 4 of 50 Acc: 67.65% Mean: 55.90% (+/- 8.93%)
Fold: 5 of 50 Acc: 70.59% Mean: 58.84% (+/- 9.92%)
Fold: 6 of 50 Acc: 67.65% Mean: 60.31% (+/- 9.63%)
Fold: 7 of 50 Acc: 47.06% Mean: 58.42% (+/- 10.05%)
Fold: 8 of 50 Acc: 61.76% Mean: 58.83% (+/- 9.47%)
Fold: 9 of 50 Acc: 67.65% Mean: 59.81% (+/- 9.34%)
Fold: 10 of 50 Acc: 47.06% Mean: 58.54% (+/- 9.65%)
Fold: 11 of 50 Acc: 51.43% Mean: 57.89% (+/- 9.43%)
Fold: 12 of 50 Acc: 51.43% Mean: 57.35% (+/- 9.20%)
Fold: 13 of 50 Acc: 70.59% Mean: 58.37% (+/- 9.52%)
Fold: 14 of 50 Acc: 91.18% Mean: 60.71% (+/- 12.47%)
Fold: 15 of 50 Acc: 70.59% Mean: 61.37% (+/- 12.30%)
Fold: 16 of 50 Acc: 38.24% Mean: 59.93% (+/- 13.16%)
Fold: 17 of 50 Acc: 50.00% Mean: 59.34% (+/- 12.98%)
Fold: 18 of 50 Acc: 55.88% Mean: 59.15% (+/- 12.64%)
Fold: 19 of 50 Acc: 52.94% Mean: 58.82% (+/- 12.38%)
Fold: 20 of 50 Acc: 52.94% Mean: 58.53% (+/- 12.13%)
Fold: 21 of 50 Acc: 42.86% Mean: 57.78% (+/- 12.30%)
Fold: 22 of 50 Acc: 51.43% Mean: 57.49% (+/- 12.09%)
Fold: 23 of 50 Acc: 64.71% Mean: 57.81% (+/- 11.92%)
Fold: 24 of 50 Acc: 70.59% Mean: 58.34% (+/- 11.94%)
Fold: 25 of 50 Acc: 76.47% Mean: 59.07% (+/- 12.23%)
Fold: 26 of 50 Acc: 61.76% Mean: 59.17% (+/- 12.00%)
Fold: 27 of 50 Acc: 58.82% Mean: 59.16% (+/- 11.78%)
Fold: 28 of 50 Acc: 38.24% Mean: 58.41% (+/- 12.20%)
Fold: 29 of 50 Acc: 64.71% Mean: 58.63% (+/- 12.04%)
Fold: 30 of 50 Acc: 76.47% Mean: 59.22% (+/- 12.27%)
Fold: 31 of 50 Acc: 54.29% Mean: 59.06% (+/- 12.10%)
Fold: 32 of 50 Acc: 45.71% Mean: 58.64% (+/- 12.13%)
Fold: 33 of 50 Acc: 38.24% Mean: 58.03% (+/- 12.45%)
Fold: 34 of 50 Acc: 50.00% Mean: 57.79% (+/- 12.34%)
Fold: 35 of 50 Acc: 44.12% Mean: 57.40% (+/- 12.37%)
Fold: 36 of 50 Acc: 41.18% Mean: 56.95% (+/- 12.49%)
Fold: 37 of 50 Acc: 76.47% Mean: 57.48% (+/- 12.72%)
Fold: 38 of 50 Acc: 73.53% Mean: 57.90% (+/- 12.81%)
Fold: 39 of 50 Acc: 82.35% Mean: 58.53% (+/- 13.22%)
Fold: 40 of 50 Acc: 52.94% Mean: 58.39% (+/- 13.08%)
Fold: 41 of 50 Acc: 54.29% Mean: 58.29% (+/- 12.94%)
Fold: 42 of 50 Acc: 45.71% Mean: 57.99% (+/- 12.93%)
Fold: 43 of 50 Acc: 70.59% Mean: 58.28% (+/- 12.92%)
Fold: 44 of 50 Acc: 85.29% Mean: 58.89% (+/- 13.39%)
Fold: 45 of 50 Acc: 76.47% Mean: 59.28% (+/- 13.49%)
Fold: 46 of 50 Acc: 50.00% Mean: 59.08% (+/- 13.41%)
Fold: 47 of 50 Acc: 55.88% Mean: 59.01% (+/- 13.28%)
Fold: 48 of 50 Acc: 38.24% Mean: 58.58% (+/- 13.47%)
Fold: 49 of 50 Acc: 76.47% Mean: 58.95% (+/- 13.57%)
Fold: 50 of 50 Acc: 82.35% Mean: 59.42% (+/- 13.83%)
Model Type: InceptionV3
Fold: 1 of 50 Acc: 88.57% Mean: 88.57% (+/- 0.00%)
Fold: 2 of 50 Acc: 97.14% Mean: 92.86% (+/- 4.29%)
Fold: 3 of 50 Acc: 85.29% Mean: 90.34% (+/- 5.00%)
Fold: 4 of 50 Acc: 82.35% Mean: 88.34% (+/- 5.54%)
Fold: 5 of 50 Acc: 97.06% Mean: 90.08% (+/- 6.06%)
Fold: 6 of 50 Acc: 85.29% Mean: 89.29% (+/- 5.81%)
Fold: 7 of 50 Acc: 94.12% Mean: 89.98% (+/- 5.64%)
Fold: 8 of 50 Acc: 94.12% Mean: 90.49% (+/- 5.45%)
Fold: 9 of 50 Acc: 82.35% Mean: 89.59% (+/- 5.74%)
Fold: 10 of 50 Acc: 82.35% Mean: 88.87% (+/- 5.86%)
Fold: 11 of 50 Acc: 85.71% Mean: 88.58% (+/- 5.66%)
Fold: 12 of 50 Acc: 85.71% Mean: 88.34% (+/- 5.48%)
Fold: 13 of 50 Acc: 85.29% Mean: 88.11% (+/- 5.33%)
Fold: 14 of 50 Acc: 94.12% Mean: 88.54% (+/- 5.36%)
Fold: 15 of 50 Acc: 85.29% Mean: 88.32% (+/- 5.24%)
Fold: 16 of 50 Acc: 82.35% Mean: 87.95% (+/- 5.28%)
Fold: 17 of 50 Acc: 91.18% Mean: 88.14% (+/- 5.18%)
Fold: 18 of 50 Acc: 91.18% Mean: 88.31% (+/- 5.08%)
Fold: 19 of 50 Acc: 91.18% Mean: 88.46% (+/- 4.98%)
Fold: 20 of 50 Acc: 85.29% Mean: 88.30% (+/- 4.91%)
Fold: 21 of 50 Acc: 40.00% Mean: 86.00% (+/- 11.35%)
Fold: 22 of 50 Acc: 57.14% Mean: 84.69% (+/- 12.61%)
Fold: 23 of 50 Acc: 79.41% Mean: 84.46% (+/- 12.38%)
Fold: 24 of 50 Acc: 91.18% Mean: 84.74% (+/- 12.19%)
Fold: 25 of 50 Acc: 97.06% Mean: 85.23% (+/- 12.19%)
Fold: 26 of 50 Acc: 91.18% Mean: 85.46% (+/- 12.01%)
Fold: 27 of 50 Acc: 85.29% Mean: 85.45% (+/- 11.78%)
Fold: 28 of 50 Acc: 97.06% Mean: 85.87% (+/- 11.77%)
Fold: 29 of 50 Acc: 88.24% Mean: 85.95% (+/- 11.57%)
Fold: 30 of 50 Acc: 88.24% Mean: 86.03% (+/- 11.38%)
Fold: 31 of 50 Acc: 85.71% Mean: 86.02% (+/- 11.20%)
Fold: 32 of 50 Acc: 88.57% Mean: 86.10% (+/- 11.03%)
Fold: 33 of 50 Acc: 85.29% Mean: 86.07% (+/- 10.86%)
Fold: 34 of 50 Acc: 47.06% Mean: 84.92% (+/- 12.57%)
Fold: 35 of 50 Acc: 85.29% Mean: 84.93% (+/- 12.39%)
Fold: 36 of 50 Acc: 85.29% Mean: 84.94% (+/- 12.22%)
Fold: 37 of 50 Acc: 70.59% Mean: 84.56% (+/- 12.27%)
Fold: 38 of 50 Acc: 91.18% Mean: 84.73% (+/- 12.16%)
Fold: 39 of 50 Acc: 82.35% Mean: 84.67% (+/- 12.01%)
Fold: 40 of 50 Acc: 91.18% Mean: 84.83% (+/- 11.90%)
Fold: 41 of 50 Acc: 97.14% Mean: 85.13% (+/- 11.90%)
Fold: 42 of 50 Acc: 85.71% Mean: 85.15% (+/- 11.76%)
Fold: 43 of 50 Acc: 94.12% Mean: 85.35% (+/- 11.70%)
Fold: 44 of 50 Acc: 91.18% Mean: 85.49% (+/- 11.60%)
Fold: 45 of 50 Acc: 85.29% Mean: 85.48% (+/- 11.47%)
Fold: 46 of 50 Acc: 97.06% Mean: 85.73% (+/- 11.47%)
Fold: 47 of 50 Acc: 88.24% Mean: 85.79% (+/- 11.35%)
Fold: 48 of 50 Acc: 97.06% Mean: 86.02% (+/- 11.35%)
Fold: 49 of 50 Acc: 85.29% Mean: 86.01% (+/- 11.23%)
Fold: 50 of 50 Acc: 91.18% Mean: 86.11% (+/- 11.14%)
Model Type: InceptionResNetV2
Fold: 1 of 50 Acc: 88.57% Mean: 88.57% (+/- 0.00%)
Fold: 2 of 50 Acc: 88.57% Mean: 88.57% (+/- 0.00%)
Fold: 3 of 50 Acc: 97.06% Mean: 91.40% (+/- 4.00%)
Fold: 4 of 50 Acc: 91.18% Mean: 91.34% (+/- 3.47%)
Fold: 5 of 50 Acc: 97.06% Mean: 92.49% (+/- 3.85%)
Fold: 6 of 50 Acc: 79.41% Mean: 90.31% (+/- 6.01%)
Fold: 7 of 50 Acc: 88.24% Mean: 90.01% (+/- 5.61%)
Fold: 8 of 50 Acc: 88.24% Mean: 89.79% (+/- 5.28%)
Fold: 9 of 50 Acc: 88.24% Mean: 89.62% (+/- 5.00%)
Fold: 10 of 50 Acc: 85.29% Mean: 89.18% (+/- 4.92%)
Fold: 11 of 50 Acc: 85.71% Mean: 88.87% (+/- 4.80%)
Fold: 12 of 50 Acc: 94.29% Mean: 89.32% (+/- 4.83%)
Fold: 13 of 50 Acc: 94.12% Mean: 89.69% (+/- 4.81%)
Fold: 14 of 50 Acc: 97.06% Mean: 90.22% (+/- 5.01%)
Fold: 15 of 50 Acc: 94.12% Mean: 90.48% (+/- 4.94%)
Fold: 16 of 50 Acc: 85.29% Mean: 90.15% (+/- 4.94%)
Fold: 17 of 50 Acc: 91.18% Mean: 90.21% (+/- 4.80%)
Fold: 18 of 50 Acc: 94.12% Mean: 90.43% (+/- 4.75%)
Fold: 19 of 50 Acc: 91.18% Mean: 90.47% (+/- 4.63%)
Fold: 20 of 50 Acc: 82.35% Mean: 90.06% (+/- 4.84%)
Fold: 21 of 50 Acc: 85.71% Mean: 89.86% (+/- 4.82%)
Fold: 22 of 50 Acc: 80.00% Mean: 89.41% (+/- 5.14%)
Fold: 23 of 50 Acc: 82.35% Mean: 89.10% (+/- 5.22%)
Fold: 24 of 50 Acc: 91.18% Mean: 89.19% (+/- 5.13%)
Fold: 25 of 50 Acc: 88.24% Mean: 89.15% (+/- 5.03%)
Fold: 26 of 50 Acc: 94.12% Mean: 89.34% (+/- 5.03%)
Fold: 27 of 50 Acc: 79.41% Mean: 88.97% (+/- 5.28%)
Fold: 28 of 50 Acc: 91.18% Mean: 89.05% (+/- 5.20%)
Fold: 29 of 50 Acc: 91.18% Mean: 89.12% (+/- 5.12%)
Fold: 30 of 50 Acc: 88.24% Mean: 89.10% (+/- 5.04%)
Fold: 31 of 50 Acc: 82.86% Mean: 88.89% (+/- 5.08%)
Fold: 32 of 50 Acc: 94.29% Mean: 89.06% (+/- 5.08%)
Fold: 33 of 50 Acc: 94.12% Mean: 89.22% (+/- 5.08%)
Fold: 34 of 50 Acc: 94.12% Mean: 89.36% (+/- 5.07%)
Fold: 35 of 50 Acc: 91.18% Mean: 89.41% (+/- 5.01%)
Fold: 36 of 50 Acc: 88.24% Mean: 89.38% (+/- 4.94%)
Fold: 37 of 50 Acc: 82.35% Mean: 89.19% (+/- 5.01%)
Fold: 38 of 50 Acc: 91.18% Mean: 89.24% (+/- 4.95%)
Fold: 39 of 50 Acc: 97.06% Mean: 89.44% (+/- 5.04%)
Fold: 40 of 50 Acc: 97.06% Mean: 89.63% (+/- 5.12%)
Fold: 41 of 50 Acc: 91.43% Mean: 89.68% (+/- 5.06%)
Fold: 42 of 50 Acc: 94.29% Mean: 89.79% (+/- 5.05%)
Fold: 43 of 50 Acc: 88.24% Mean: 89.75% (+/- 5.00%)
Fold: 44 of 50 Acc: 85.29% Mean: 89.65% (+/- 4.98%)
Fold: 45 of 50 Acc: 88.24% Mean: 89.62% (+/- 4.93%)
Fold: 46 of 50 Acc: 97.06% Mean: 89.78% (+/- 5.00%)
Fold: 47 of 50 Acc: 91.18% Mean: 89.81% (+/- 4.95%)
Fold: 48 of 50 Acc: 91.18% Mean: 89.84% (+/- 4.90%)
Fold: 49 of 50 Acc: 82.35% Mean: 89.68% (+/- 4.97%)
Fold: 50 of 50 Acc: 82.35% Mean: 89.54% (+/- 5.02%)
Model Type: MobileNet
Fold: 1 of 50 Acc: 97.14% Mean: 97.14% (+/- 0.00%)
Fold: 2 of 50 Acc: 97.14% Mean: 97.14% (+/- 0.00%)
Fold: 3 of 50 Acc: 97.06% Mean: 97.11% (+/- 0.04%)
Fold: 4 of 50 Acc: 97.06% Mean: 97.10% (+/- 0.04%)
Fold: 5 of 50 Acc: 94.12% Mean: 96.50% (+/- 1.19%)
Fold: 6 of 50 Acc: 91.18% Mean: 95.62% (+/- 2.26%)
Fold: 7 of 50 Acc: 88.24% Mean: 94.56% (+/- 3.33%)
Fold: 8 of 50 Acc: 100.00% Mean: 95.24% (+/- 3.59%)
Fold: 9 of 50 Acc: 97.06% Mean: 95.44% (+/- 3.44%)
Fold: 10 of 50 Acc: 91.18% Mean: 95.02% (+/- 3.50%)
Fold: 11 of 50 Acc: 85.71% Mean: 94.17% (+/- 4.28%)
Fold: 12 of 50 Acc: 94.29% Mean: 94.18% (+/- 4.10%)
Fold: 13 of 50 Acc: 97.06% Mean: 94.40% (+/- 4.01%)
Fold: 14 of 50 Acc: 94.12% Mean: 94.38% (+/- 3.86%)
Fold: 15 of 50 Acc: 97.06% Mean: 94.56% (+/- 3.79%)
Fold: 16 of 50 Acc: 94.12% Mean: 94.53% (+/- 3.67%)
Fold: 17 of 50 Acc: 94.12% Mean: 94.51% (+/- 3.57%)
Fold: 18 of 50 Acc: 91.18% Mean: 94.32% (+/- 3.55%)
Fold: 19 of 50 Acc: 94.12% Mean: 94.31% (+/- 3.45%)
Fold: 20 of 50 Acc: 91.18% Mean: 94.16% (+/- 3.43%)
Fold: 21 of 50 Acc: 85.71% Mean: 93.75% (+/- 3.80%)
Fold: 22 of 50 Acc: 88.57% Mean: 93.52% (+/- 3.87%)
Fold: 23 of 50 Acc: 94.12% Mean: 93.54% (+/- 3.79%)
Fold: 24 of 50 Acc: 91.18% Mean: 93.45% (+/- 3.74%)
Fold: 25 of 50 Acc: 100.00% Mean: 93.71% (+/- 3.88%)
Fold: 26 of 50 Acc: 97.06% Mean: 93.84% (+/- 3.86%)
Fold: 27 of 50 Acc: 88.24% Mean: 93.63% (+/- 3.93%)
Fold: 28 of 50 Acc: 94.12% Mean: 93.65% (+/- 3.86%)
Fold: 29 of 50 Acc: 88.24% Mean: 93.46% (+/- 3.92%)
Fold: 30 of 50 Acc: 88.24% Mean: 93.29% (+/- 3.97%)
Fold: 31 of 50 Acc: 85.71% Mean: 93.04% (+/- 4.13%)
Fold: 32 of 50 Acc: 97.14% Mean: 93.17% (+/- 4.12%)
Fold: 33 of 50 Acc: 94.12% Mean: 93.20% (+/- 4.06%)
Fold: 34 of 50 Acc: 94.12% Mean: 93.23% (+/- 4.01%)
Fold: 35 of 50 Acc: 94.12% Mean: 93.25% (+/- 3.95%)
Fold: 36 of 50 Acc: 97.06% Mean: 93.36% (+/- 3.95%)
Fold: 37 of 50 Acc: 91.18% Mean: 93.30% (+/- 3.91%)
Fold: 38 of 50 Acc: 94.12% Mean: 93.32% (+/- 3.86%)
Fold: 39 of 50 Acc: 91.18% Mean: 93.26% (+/- 3.82%)
Fold: 40 of 50 Acc: 97.06% Mean: 93.36% (+/- 3.82%)
Fold: 41 of 50 Acc: 97.14% Mean: 93.45% (+/- 3.82%)
Fold: 42 of 50 Acc: 91.43% Mean: 93.40% (+/- 3.79%)
Fold: 43 of 50 Acc: 91.18% Mean: 93.35% (+/- 3.76%)
Fold: 44 of 50 Acc: 91.18% Mean: 93.30% (+/- 3.73%)
Fold: 45 of 50 Acc: 97.06% Mean: 93.39% (+/- 3.73%)
Fold: 46 of 50 Acc: 94.12% Mean: 93.40% (+/- 3.69%)
Fold: 47 of 50 Acc: 94.12% Mean: 93.42% (+/- 3.65%)
Fold: 48 of 50 Acc: 88.24% Mean: 93.31% (+/- 3.69%)
Fold: 49 of 50 Acc: 88.24% Mean: 93.21% (+/- 3.72%)
Fold: 50 of 50 Acc: 82.35% Mean: 92.99% (+/- 3.98%)
Model Type: DenseNet121
Fold: 1 of 50 Acc: 88.57% Mean: 88.57% (+/- 0.00%)
Fold: 2 of 50 Acc: 94.29% Mean: 91.43% (+/- 2.86%)
Fold: 3 of 50 Acc: 88.24% Mean: 90.36% (+/- 2.78%)
Fold: 4 of 50 Acc: 91.18% Mean: 90.57% (+/- 2.43%)
Fold: 5 of 50 Acc: 97.06% Mean: 91.87% (+/- 3.39%)
Fold: 6 of 50 Acc: 94.12% Mean: 92.24% (+/- 3.20%)
Fold: 7 of 50 Acc: 91.18% Mean: 92.09% (+/- 2.99%)
Fold: 8 of 50 Acc: 85.29% Mean: 91.24% (+/- 3.59%)
Fold: 9 of 50 Acc: 91.18% Mean: 91.23% (+/- 3.38%)
Fold: 10 of 50 Acc: 85.29% Mean: 90.64% (+/- 3.67%)
Fold: 11 of 50 Acc: 82.86% Mean: 89.93% (+/- 4.15%)
Fold: 12 of 50 Acc: 85.71% Mean: 89.58% (+/- 4.14%)
Fold: 13 of 50 Acc: 76.47% Mean: 88.57% (+/- 5.30%)
Fold: 14 of 50 Acc: 94.12% Mean: 88.97% (+/- 5.30%)
Fold: 15 of 50 Acc: 85.29% Mean: 88.72% (+/- 5.20%)
Fold: 16 of 50 Acc: 88.24% Mean: 88.69% (+/- 5.04%)
Fold: 17 of 50 Acc: 94.12% Mean: 89.01% (+/- 5.05%)
Fold: 18 of 50 Acc: 94.12% Mean: 89.30% (+/- 5.05%)
Fold: 19 of 50 Acc: 94.12% Mean: 89.55% (+/- 5.03%)
Fold: 20 of 50 Acc: 82.35% Mean: 89.19% (+/- 5.15%)
Fold: 21 of 50 Acc: 85.71% Mean: 89.02% (+/- 5.08%)
Fold: 22 of 50 Acc: 71.43% Mean: 88.22% (+/- 6.17%)
Fold: 23 of 50 Acc: 85.29% Mean: 88.10% (+/- 6.06%)
Fold: 24 of 50 Acc: 88.24% Mean: 88.10% (+/- 5.93%)
Fold: 25 of 50 Acc: 82.35% Mean: 87.87% (+/- 5.92%)
Fold: 26 of 50 Acc: 91.18% Mean: 88.00% (+/- 5.84%)
Fold: 27 of 50 Acc: 91.18% Mean: 88.12% (+/- 5.76%)
Fold: 28 of 50 Acc: 88.24% Mean: 88.12% (+/- 5.66%)
Fold: 29 of 50 Acc: 94.12% Mean: 88.33% (+/- 5.67%)
Fold: 30 of 50 Acc: 88.24% Mean: 88.32% (+/- 5.57%)
Fold: 31 of 50 Acc: 85.71% Mean: 88.24% (+/- 5.50%)
Fold: 32 of 50 Acc: 88.57% Mean: 88.25% (+/- 5.41%)
Fold: 33 of 50 Acc: 94.12% Mean: 88.43% (+/- 5.43%)
Fold: 34 of 50 Acc: 91.18% Mean: 88.51% (+/- 5.37%)
Fold: 35 of 50 Acc: 88.24% Mean: 88.50% (+/- 5.29%)
Fold: 36 of 50 Acc: 88.24% Mean: 88.49% (+/- 5.21%)
Fold: 37 of 50 Acc: 88.24% Mean: 88.49% (+/- 5.14%)
Fold: 38 of 50 Acc: 85.29% Mean: 88.40% (+/- 5.10%)
Fold: 39 of 50 Acc: 88.24% Mean: 88.40% (+/- 5.04%)
Fold: 40 of 50 Acc: 91.18% Mean: 88.47% (+/- 4.99%)
Fold: 41 of 50 Acc: 88.57% Mean: 88.47% (+/- 4.93%)
Fold: 42 of 50 Acc: 97.14% Mean: 88.68% (+/- 5.05%)
Fold: 43 of 50 Acc: 79.41% Mean: 88.46% (+/- 5.18%)
Fold: 44 of 50 Acc: 94.12% Mean: 88.59% (+/- 5.19%)
Fold: 45 of 50 Acc: 94.12% Mean: 88.71% (+/- 5.20%)
Fold: 46 of 50 Acc: 97.06% Mean: 88.89% (+/- 5.28%)
Fold: 47 of 50 Acc: 88.24% Mean: 88.88% (+/- 5.23%)
Fold: 48 of 50 Acc: 79.41% Mean: 88.68% (+/- 5.35%)
Fold: 49 of 50 Acc: 88.24% Mean: 88.67% (+/- 5.29%)
Fold: 50 of 50 Acc: 88.24% Mean: 88.67% (+/- 5.24%)
Model Type: DenseNet169
Fold: 1 of 50 Acc: 85.71% Mean: 85.71% (+/- 0.00%)
Fold: 2 of 50 Acc: 85.71% Mean: 85.71% (+/- 0.00%)
Fold: 3 of 50 Acc: 85.29% Mean: 85.57% (+/- 0.20%)
Fold: 4 of 50 Acc: 94.12% Mean: 87.71% (+/- 3.70%)
Fold: 5 of 50 Acc: 85.29% Mean: 87.23% (+/- 3.45%)
Fold: 6 of 50 Acc: 94.12% Mean: 88.38% (+/- 4.06%)
Fold: 7 of 50 Acc: 85.29% Mean: 87.94% (+/- 3.91%)
Fold: 8 of 50 Acc: 91.18% Mean: 88.34% (+/- 3.81%)
Fold: 9 of 50 Acc: 91.18% Mean: 88.66% (+/- 3.71%)
Fold: 10 of 50 Acc: 82.35% Mean: 88.03% (+/- 3.99%)
Fold: 11 of 50 Acc: 91.43% Mean: 88.33% (+/- 3.93%)
Fold: 12 of 50 Acc: 80.00% Mean: 87.64% (+/- 4.41%)
Fold: 13 of 50 Acc: 91.18% Mean: 87.91% (+/- 4.34%)
Fold: 14 of 50 Acc: 91.18% Mean: 88.15% (+/- 4.27%)
Fold: 15 of 50 Acc: 91.18% Mean: 88.35% (+/- 4.19%)
Fold: 16 of 50 Acc: 85.29% Mean: 88.16% (+/- 4.13%)
Fold: 17 of 50 Acc: 91.18% Mean: 88.33% (+/- 4.06%)
Fold: 18 of 50 Acc: 91.18% Mean: 88.49% (+/- 4.00%)
Fold: 19 of 50 Acc: 88.24% Mean: 88.48% (+/- 3.90%)
Fold: 20 of 50 Acc: 85.29% Mean: 88.32% (+/- 3.86%)
Fold: 21 of 50 Acc: 88.57% Mean: 88.33% (+/- 3.77%)
Fold: 22 of 50 Acc: 82.86% Mean: 88.08% (+/- 3.85%)
Fold: 23 of 50 Acc: 88.24% Mean: 88.09% (+/- 3.77%)
Fold: 24 of 50 Acc: 91.18% Mean: 88.22% (+/- 3.74%)
Fold: 25 of 50 Acc: 85.29% Mean: 88.10% (+/- 3.71%)
Fold: 26 of 50 Acc: 85.29% Mean: 87.99% (+/- 3.68%)
Fold: 27 of 50 Acc: 85.29% Mean: 87.89% (+/- 3.65%)
Fold: 28 of 50 Acc: 88.24% Mean: 87.91% (+/- 3.58%)
Fold: 29 of 50 Acc: 85.29% Mean: 87.82% (+/- 3.55%)
Fold: 30 of 50 Acc: 85.29% Mean: 87.73% (+/- 3.52%)
Fold: 31 of 50 Acc: 80.00% Mean: 87.48% (+/- 3.72%)
Fold: 32 of 50 Acc: 91.43% Mean: 87.61% (+/- 3.73%)
Fold: 33 of 50 Acc: 94.12% Mean: 87.80% (+/- 3.84%)
Fold: 34 of 50 Acc: 79.41% Mean: 87.56% (+/- 4.04%)
Fold: 35 of 50 Acc: 82.35% Mean: 87.41% (+/- 4.07%)
Fold: 36 of 50 Acc: 88.24% Mean: 87.43% (+/- 4.02%)
Fold: 37 of 50 Acc: 88.24% Mean: 87.45% (+/- 3.96%)
Fold: 38 of 50 Acc: 85.29% Mean: 87.39% (+/- 3.93%)
Fold: 39 of 50 Acc: 85.29% Mean: 87.34% (+/- 3.89%)
Fold: 40 of 50 Acc: 97.06% Mean: 87.58% (+/- 4.13%)
Fold: 41 of 50 Acc: 80.00% Mean: 87.40% (+/- 4.24%)
Fold: 42 of 50 Acc: 94.29% Mean: 87.56% (+/- 4.32%)
Fold: 43 of 50 Acc: 91.18% Mean: 87.65% (+/- 4.31%)
Fold: 44 of 50 Acc: 88.24% Mean: 87.66% (+/- 4.26%)
Fold: 45 of 50 Acc: 88.24% Mean: 87.67% (+/- 4.21%)
Fold: 46 of 50 Acc: 94.12% Mean: 87.81% (+/- 4.27%)
Fold: 47 of 50 Acc: 88.24% Mean: 87.82% (+/- 4.23%)
Fold: 48 of 50 Acc: 91.18% Mean: 87.89% (+/- 4.21%)
Fold: 49 of 50 Acc: 88.24% Mean: 87.90% (+/- 4.17%)
Fold: 50 of 50 Acc: 82.35% Mean: 87.79% (+/- 4.20%)
Model Type: DenseNet201
Fold: 1 of 50 Acc: 88.57% Mean: 88.57% (+/- 0.00%)
Fold: 2 of 50 Acc: 91.43% Mean: 90.00% (+/- 1.43%)
Fold: 3 of 50 Acc: 85.29% Mean: 88.43% (+/- 2.51%)
Fold: 4 of 50 Acc: 85.29% Mean: 87.65% (+/- 2.56%)
Fold: 5 of 50 Acc: 91.18% Mean: 88.35% (+/- 2.69%)
Fold: 6 of 50 Acc: 94.12% Mean: 89.31% (+/- 3.26%)
Fold: 7 of 50 Acc: 91.18% Mean: 89.58% (+/- 3.09%)
Fold: 8 of 50 Acc: 94.12% Mean: 90.15% (+/- 3.26%)
Fold: 9 of 50 Acc: 88.24% Mean: 89.93% (+/- 3.13%)
Fold: 10 of 50 Acc: 91.18% Mean: 90.06% (+/- 2.99%)
Fold: 11 of 50 Acc: 88.57% Mean: 89.92% (+/- 2.88%)
Fold: 12 of 50 Acc: 91.43% Mean: 90.05% (+/- 2.79%)
Fold: 13 of 50 Acc: 94.12% Mean: 90.36% (+/- 2.89%)
Fold: 14 of 50 Acc: 94.12% Mean: 90.63% (+/- 2.95%)
Fold: 15 of 50 Acc: 88.24% Mean: 90.47% (+/- 2.91%)
Fold: 16 of 50 Acc: 88.24% Mean: 90.33% (+/- 2.87%)
Fold: 17 of 50 Acc: 91.18% Mean: 90.38% (+/- 2.79%)
Fold: 18 of 50 Acc: 97.06% Mean: 90.75% (+/- 3.12%)
Fold: 19 of 50 Acc: 97.06% Mean: 91.08% (+/- 3.34%)
Fold: 20 of 50 Acc: 82.35% Mean: 90.65% (+/- 3.77%)
Fold: 21 of 50 Acc: 88.57% Mean: 90.55% (+/- 3.71%)
Fold: 22 of 50 Acc: 85.71% Mean: 90.33% (+/- 3.76%)
Fold: 23 of 50 Acc: 85.29% Mean: 90.11% (+/- 3.82%)
Fold: 24 of 50 Acc: 88.24% Mean: 90.03% (+/- 3.76%)
Fold: 25 of 50 Acc: 88.24% Mean: 89.96% (+/- 3.70%)
Fold: 26 of 50 Acc: 91.18% Mean: 90.01% (+/- 3.63%)
Fold: 27 of 50 Acc: 85.29% Mean: 89.83% (+/- 3.68%)
Fold: 28 of 50 Acc: 79.41% Mean: 89.46% (+/- 4.10%)
Fold: 29 of 50 Acc: 91.18% Mean: 89.52% (+/- 4.04%)
Fold: 30 of 50 Acc: 91.18% Mean: 89.57% (+/- 3.98%)
Fold: 31 of 50 Acc: 91.43% Mean: 89.63% (+/- 3.93%)
Fold: 32 of 50 Acc: 91.43% Mean: 89.69% (+/- 3.88%)
Fold: 33 of 50 Acc: 91.18% Mean: 89.74% (+/- 3.83%)
Fold: 34 of 50 Acc: 79.41% Mean: 89.43% (+/- 4.16%)
Fold: 35 of 50 Acc: 82.35% Mean: 89.23% (+/- 4.26%)
Fold: 36 of 50 Acc: 85.29% Mean: 89.12% (+/- 4.25%)
Fold: 37 of 50 Acc: 76.47% Mean: 88.78% (+/- 4.67%)
Fold: 38 of 50 Acc: 88.24% Mean: 88.76% (+/- 4.61%)
Fold: 39 of 50 Acc: 88.24% Mean: 88.75% (+/- 4.55%)
Fold: 40 of 50 Acc: 88.24% Mean: 88.74% (+/- 4.49%)
Fold: 41 of 50 Acc: 88.57% Mean: 88.73% (+/- 4.44%)
Fold: 42 of 50 Acc: 88.57% Mean: 88.73% (+/- 4.38%)
Fold: 43 of 50 Acc: 85.29% Mean: 88.65% (+/- 4.36%)
Fold: 44 of 50 Acc: 88.24% Mean: 88.64% (+/- 4.31%)
Fold: 45 of 50 Acc: 85.29% Mean: 88.57% (+/- 4.29%)
Fold: 46 of 50 Acc: 97.06% Mean: 88.75% (+/- 4.42%)
Fold: 47 of 50 Acc: 82.35% Mean: 88.61% (+/- 4.47%)
Fold: 48 of 50 Acc: 85.29% Mean: 88.55% (+/- 4.45%)
Fold: 49 of 50 Acc: 85.29% Mean: 88.48% (+/- 4.43%)
Fold: 50 of 50 Acc: 88.24% Mean: 88.47% (+/- 4.39%)
Model Type: NASNetMobile
Fold: 1 of 50 Acc: 74.29% Mean: 74.29% (+/- 0.00%)
Fold: 2 of 50 Acc: 57.14% Mean: 65.71% (+/- 8.57%)
Fold: 3 of 50 Acc: 67.65% Mean: 66.36% (+/- 7.06%)
Fold: 4 of 50 Acc: 61.76% Mean: 65.21% (+/- 6.43%)
Fold: 5 of 50 Acc: 94.12% Mean: 70.99% (+/- 12.91%)
Fold: 6 of 50 Acc: 76.47% Mean: 71.90% (+/- 11.96%)
Fold: 7 of 50 Acc: 58.82% Mean: 70.04% (+/- 11.98%)
Fold: 8 of 50 Acc: 88.24% Mean: 72.31% (+/- 12.72%)
Fold: 9 of 50 Acc: 70.59% Mean: 72.12% (+/- 12.01%)
Fold: 10 of 50 Acc: 82.35% Mean: 73.14% (+/- 11.80%)
Fold: 11 of 50 Acc: 51.43% Mean: 71.17% (+/- 12.87%)
Fold: 12 of 50 Acc: 60.00% Mean: 70.24% (+/- 12.70%)
Fold: 13 of 50 Acc: 64.71% Mean: 69.81% (+/- 12.29%)
Fold: 14 of 50 Acc: 64.71% Mean: 69.45% (+/- 11.92%)
Fold: 15 of 50 Acc: 70.59% Mean: 69.52% (+/- 11.51%)
Fold: 16 of 50 Acc: 44.12% Mean: 67.94% (+/- 12.73%)
Fold: 17 of 50 Acc: 64.71% Mean: 67.75% (+/- 12.38%)
Fold: 18 of 50 Acc: 70.59% Mean: 67.90% (+/- 12.04%)
Fold: 19 of 50 Acc: 70.59% Mean: 68.05% (+/- 11.74%)
Fold: 20 of 50 Acc: 52.94% Mean: 67.29% (+/- 11.91%)
Fold: 21 of 50 Acc: 37.14% Mean: 65.85% (+/- 13.27%)
Fold: 22 of 50 Acc: 74.29% Mean: 66.24% (+/- 13.09%)
Fold: 23 of 50 Acc: 88.24% Mean: 67.19% (+/- 13.56%)
Fold: 24 of 50 Acc: 64.71% Mean: 67.09% (+/- 13.29%)
Fold: 25 of 50 Acc: 82.35% Mean: 67.70% (+/- 13.36%)
Fold: 26 of 50 Acc: 82.35% Mean: 68.26% (+/- 13.40%)
Fold: 27 of 50 Acc: 55.88% Mean: 67.81% (+/- 13.35%)
Fold: 28 of 50 Acc: 94.12% Mean: 68.75% (+/- 13.99%)
Fold: 29 of 50 Acc: 38.24% Mean: 67.69% (+/- 14.83%)
Fold: 30 of 50 Acc: 32.35% Mean: 66.52% (+/- 15.90%)
Fold: 31 of 50 Acc: 60.00% Mean: 66.31% (+/- 15.69%)
Fold: 32 of 50 Acc: 45.71% Mean: 65.66% (+/- 15.85%)
Fold: 33 of 50 Acc: 64.71% Mean: 65.63% (+/- 15.61%)
Fold: 34 of 50 Acc: 73.53% Mean: 65.87% (+/- 15.44%)
Fold: 35 of 50 Acc: 85.29% Mean: 66.42% (+/- 15.55%)
Fold: 36 of 50 Acc: 85.29% Mean: 66.94% (+/- 15.65%)
Fold: 37 of 50 Acc: 64.71% Mean: 66.88% (+/- 15.44%)
Fold: 38 of 50 Acc: 61.76% Mean: 66.75% (+/- 15.26%)
Fold: 39 of 50 Acc: 97.06% Mean: 67.53% (+/- 15.80%)
Fold: 40 of 50 Acc: 73.53% Mean: 67.68% (+/- 15.63%)
Fold: 41 of 50 Acc: 82.86% Mean: 68.05% (+/- 15.62%)
Fold: 42 of 50 Acc: 42.86% Mean: 67.45% (+/- 15.90%)
Fold: 43 of 50 Acc: 55.88% Mean: 67.18% (+/- 15.81%)
Fold: 44 of 50 Acc: 82.35% Mean: 67.52% (+/- 15.79%)
Fold: 45 of 50 Acc: 52.94% Mean: 67.20% (+/- 15.76%)
Fold: 46 of 50 Acc: 47.06% Mean: 66.76% (+/- 15.87%)
Fold: 47 of 50 Acc: 79.41% Mean: 67.03% (+/- 15.80%)
Fold: 48 of 50 Acc: 76.47% Mean: 67.23% (+/- 15.69%)
Fold: 49 of 50 Acc: 64.71% Mean: 67.18% (+/- 15.54%)
Fold: 50 of 50 Acc: 44.12% Mean: 66.71% (+/- 15.72%)
Model Type: MobileNetV2
Fold: 1 of 50 Acc: 80.00% Mean: 80.00% (+/- 0.00%)
Fold: 2 of 50 Acc: 82.86% Mean: 81.43% (+/- 1.43%)
Fold: 3 of 50 Acc: 70.59% Mean: 77.82% (+/- 5.24%)
Fold: 4 of 50 Acc: 91.18% Mean: 81.16% (+/- 7.35%)
Fold: 5 of 50 Acc: 79.41% Mean: 80.81% (+/- 6.61%)
Fold: 6 of 50 Acc: 79.41% Mean: 80.57% (+/- 6.06%)
Fold: 7 of 50 Acc: 82.35% Mean: 80.83% (+/- 5.65%)
Fold: 8 of 50 Acc: 85.29% Mean: 81.39% (+/- 5.48%)
Fold: 9 of 50 Acc: 70.59% Mean: 80.19% (+/- 6.18%)
Fold: 10 of 50 Acc: 91.18% Mean: 81.29% (+/- 6.73%)
Fold: 11 of 50 Acc: 74.29% Mean: 80.65% (+/- 6.72%)
Fold: 12 of 50 Acc: 85.71% Mean: 81.07% (+/- 6.59%)
Fold: 13 of 50 Acc: 79.41% Mean: 80.94% (+/- 6.35%)
Fold: 14 of 50 Acc: 88.24% Mean: 81.46% (+/- 6.40%)
Fold: 15 of 50 Acc: 70.59% Mean: 80.74% (+/- 6.75%)
Fold: 16 of 50 Acc: 88.24% Mean: 81.21% (+/- 6.78%)
Fold: 17 of 50 Acc: 88.24% Mean: 81.62% (+/- 6.78%)
Fold: 18 of 50 Acc: 85.29% Mean: 81.83% (+/- 6.65%)
Fold: 19 of 50 Acc: 76.47% Mean: 81.54% (+/- 6.58%)
Fold: 20 of 50 Acc: 82.35% Mean: 81.58% (+/- 6.41%)
Fold: 21 of 50 Acc: 80.00% Mean: 81.51% (+/- 6.27%)
Fold: 22 of 50 Acc: 71.43% Mean: 81.05% (+/- 6.47%)
Fold: 23 of 50 Acc: 79.41% Mean: 80.98% (+/- 6.34%)
Fold: 24 of 50 Acc: 97.06% Mean: 81.65% (+/- 6.99%)
Fold: 25 of 50 Acc: 64.71% Mean: 80.97% (+/- 7.61%)
Fold: 26 of 50 Acc: 91.18% Mean: 81.36% (+/- 7.72%)
Fold: 27 of 50 Acc: 82.35% Mean: 81.40% (+/- 7.58%)
Fold: 28 of 50 Acc: 97.06% Mean: 81.96% (+/- 7.99%)
Fold: 29 of 50 Acc: 100.00% Mean: 82.58% (+/- 8.51%)
Fold: 30 of 50 Acc: 85.29% Mean: 82.67% (+/- 8.38%)
Fold: 31 of 50 Acc: 80.00% Mean: 82.59% (+/- 8.26%)
Fold: 32 of 50 Acc: 77.14% Mean: 82.42% (+/- 8.18%)
Fold: 33 of 50 Acc: 94.12% Mean: 82.77% (+/- 8.30%)
Fold: 34 of 50 Acc: 85.29% Mean: 82.84% (+/- 8.19%)
Fold: 35 of 50 Acc: 97.06% Mean: 83.25% (+/- 8.41%)
Fold: 36 of 50 Acc: 88.24% Mean: 83.39% (+/- 8.34%)
Fold: 37 of 50 Acc: 97.06% Mean: 83.76% (+/- 8.52%)
Fold: 38 of 50 Acc: 88.24% Mean: 83.88% (+/- 8.43%)
Fold: 39 of 50 Acc: 44.12% Mean: 82.86% (+/- 10.43%)
Fold: 40 of 50 Acc: 94.12% Mean: 83.14% (+/- 10.45%)
Fold: 41 of 50 Acc: 82.86% Mean: 83.13% (+/- 10.32%)
Fold: 42 of 50 Acc: 80.00% Mean: 83.06% (+/- 10.21%)
Fold: 43 of 50 Acc: 91.18% Mean: 83.25% (+/- 10.16%)
Fold: 44 of 50 Acc: 79.41% Mean: 83.16% (+/- 10.06%)
Fold: 45 of 50 Acc: 94.12% Mean: 83.40% (+/- 10.08%)
Fold: 46 of 50 Acc: 91.18% Mean: 83.57% (+/- 10.03%)
Fold: 47 of 50 Acc: 79.41% Mean: 83.48% (+/- 9.95%)
Fold: 48 of 50 Acc: 67.65% Mean: 83.15% (+/- 10.10%)
Fold: 49 of 50 Acc: 91.18% Mean: 83.32% (+/- 10.06%)
Fold: 50 of 50 Acc: 79.41% Mean: 83.24% (+/- 9.97%)
Model Type: EfficientNetB0
Fold: 1 of 50 Acc: 94.29% Mean: 94.29% (+/- 0.00%)
Fold: 2 of 50 Acc: 97.14% Mean: 95.71% (+/- 1.43%)
Fold: 3 of 50 Acc: 88.24% Mean: 93.22% (+/- 3.71%)
Fold: 4 of 50 Acc: 91.18% Mean: 92.71% (+/- 3.34%)
Fold: 5 of 50 Acc: 94.12% Mean: 92.99% (+/- 3.04%)
Fold: 6 of 50 Acc: 94.12% Mean: 93.18% (+/- 2.80%)
Fold: 7 of 50 Acc: 94.12% Mean: 93.31% (+/- 2.62%)
Fold: 8 of 50 Acc: 94.12% Mean: 93.41% (+/- 2.46%)
Fold: 9 of 50 Acc: 94.12% Mean: 93.49% (+/- 2.33%)
Fold: 10 of 50 Acc: 97.06% Mean: 93.85% (+/- 2.46%)
Fold: 11 of 50 Acc: 91.43% Mean: 93.63% (+/- 2.44%)
Fold: 12 of 50 Acc: 97.14% Mean: 93.92% (+/- 2.53%)
Fold: 13 of 50 Acc: 97.06% Mean: 94.16% (+/- 2.57%)
Fold: 14 of 50 Acc: 100.00% Mean: 94.58% (+/- 2.90%)
Fold: 15 of 50 Acc: 97.06% Mean: 94.75% (+/- 2.87%)
Fold: 16 of 50 Acc: 97.06% Mean: 94.89% (+/- 2.83%)
Fold: 17 of 50 Acc: 100.00% Mean: 95.19% (+/- 3.00%)
Fold: 18 of 50 Acc: 94.12% Mean: 95.13% (+/- 2.93%)
Fold: 19 of 50 Acc: 97.06% Mean: 95.23% (+/- 2.88%)
Fold: 20 of 50 Acc: 91.18% Mean: 95.03% (+/- 2.94%)
Fold: 21 of 50 Acc: 88.57% Mean: 94.72% (+/- 3.18%)
Fold: 22 of 50 Acc: 88.57% Mean: 94.44% (+/- 3.37%)
Fold: 23 of 50 Acc: 88.24% Mean: 94.17% (+/- 3.53%)
Fold: 24 of 50 Acc: 97.06% Mean: 94.29% (+/- 3.50%)
Fold: 25 of 50 Acc: 97.06% Mean: 94.40% (+/- 3.47%)
Fold: 26 of 50 Acc: 94.12% Mean: 94.39% (+/- 3.40%)
Fold: 27 of 50 Acc: 91.18% Mean: 94.27% (+/- 3.40%)
Fold: 28 of 50 Acc: 97.06% Mean: 94.37% (+/- 3.37%)
Fold: 29 of 50 Acc: 94.12% Mean: 94.36% (+/- 3.32%)
Fold: 30 of 50 Acc: 94.12% Mean: 94.36% (+/- 3.26%)
Fold: 31 of 50 Acc: 85.71% Mean: 94.08% (+/- 3.55%)
Fold: 32 of 50 Acc: 100.00% Mean: 94.26% (+/- 3.65%)
Fold: 33 of 50 Acc: 85.29% Mean: 93.99% (+/- 3.90%)
Fold: 34 of 50 Acc: 97.06% Mean: 94.08% (+/- 3.88%)
Fold: 35 of 50 Acc: 97.06% Mean: 94.17% (+/- 3.86%)
Fold: 36 of 50 Acc: 91.18% Mean: 94.08% (+/- 3.84%)
Fold: 37 of 50 Acc: 97.06% Mean: 94.16% (+/- 3.81%)
Fold: 38 of 50 Acc: 97.06% Mean: 94.24% (+/- 3.79%)
Fold: 39 of 50 Acc: 94.12% Mean: 94.24% (+/- 3.74%)
Fold: 40 of 50 Acc: 100.00% Mean: 94.38% (+/- 3.80%)
Fold: 41 of 50 Acc: 97.14% Mean: 94.45% (+/- 3.78%)
Fold: 42 of 50 Acc: 97.14% Mean: 94.51% (+/- 3.76%)
Fold: 43 of 50 Acc: 97.06% Mean: 94.57% (+/- 3.73%)
Fold: 44 of 50 Acc: 88.24% Mean: 94.43% (+/- 3.81%)
Fold: 45 of 50 Acc: 91.18% Mean: 94.35% (+/- 3.80%)
Fold: 46 of 50 Acc: 100.00% Mean: 94.48% (+/- 3.85%)
Fold: 47 of 50 Acc: 88.24% Mean: 94.34% (+/- 3.91%)
Fold: 48 of 50 Acc: 91.18% Mean: 94.28% (+/- 3.90%)
Fold: 49 of 50 Acc: 94.12% Mean: 94.28% (+/- 3.86%)
Fold: 50 of 50 Acc: 94.12% Mean: 94.27% (+/- 3.82%)
Model Type: EfficientNetB1
Fold: 1 of 50 Acc: 91.43% Mean: 91.43% (+/- 0.00%)
Fold: 2 of 50 Acc: 100.00% Mean: 95.71% (+/- 4.29%)
Fold: 3 of 50 Acc: 88.24% Mean: 93.22% (+/- 4.97%)
Fold: 4 of 50 Acc: 94.12% Mean: 93.45% (+/- 4.32%)
Fold: 5 of 50 Acc: 94.12% Mean: 93.58% (+/- 3.87%)
Fold: 6 of 50 Acc: 91.18% Mean: 93.18% (+/- 3.65%)
Fold: 7 of 50 Acc: 88.24% Mean: 92.47% (+/- 3.79%)
Fold: 8 of 50 Acc: 97.06% Mean: 93.05% (+/- 3.86%)
Fold: 9 of 50 Acc: 97.06% Mean: 93.49% (+/- 3.85%)
Fold: 10 of 50 Acc: 91.18% Mean: 93.26% (+/- 3.72%)
Fold: 11 of 50 Acc: 85.71% Mean: 92.57% (+/- 4.16%)
Fold: 12 of 50 Acc: 91.43% Mean: 92.48% (+/- 3.99%)
Fold: 13 of 50 Acc: 94.12% Mean: 92.61% (+/- 3.86%)
Fold: 14 of 50 Acc: 100.00% Mean: 93.13% (+/- 4.18%)
Fold: 15 of 50 Acc: 94.12% Mean: 93.20% (+/- 4.04%)
Fold: 16 of 50 Acc: 94.12% Mean: 93.26% (+/- 3.92%)
Fold: 17 of 50 Acc: 97.06% Mean: 93.48% (+/- 3.91%)
Fold: 18 of 50 Acc: 97.06% Mean: 93.68% (+/- 3.89%)
Fold: 19 of 50 Acc: 97.06% Mean: 93.86% (+/- 3.86%)
Fold: 20 of 50 Acc: 88.24% Mean: 93.58% (+/- 3.95%)
Fold: 21 of 50 Acc: 88.57% Mean: 93.34% (+/- 4.00%)
Fold: 22 of 50 Acc: 85.71% Mean: 92.99% (+/- 4.22%)
Fold: 23 of 50 Acc: 94.12% Mean: 93.04% (+/- 4.14%)
Fold: 24 of 50 Acc: 94.12% Mean: 93.08% (+/- 4.05%)
Fold: 25 of 50 Acc: 97.06% Mean: 93.24% (+/- 4.05%)
Fold: 26 of 50 Acc: 97.06% Mean: 93.39% (+/- 4.04%)
Fold: 27 of 50 Acc: 91.18% Mean: 93.31% (+/- 3.98%)
Fold: 28 of 50 Acc: 97.06% Mean: 93.44% (+/- 3.97%)
Fold: 29 of 50 Acc: 91.18% Mean: 93.36% (+/- 3.93%)
Fold: 30 of 50 Acc: 88.24% Mean: 93.19% (+/- 3.97%)
Fold: 31 of 50 Acc: 94.29% Mean: 93.23% (+/- 3.91%)
Fold: 32 of 50 Acc: 97.14% Mean: 93.35% (+/- 3.91%)
Fold: 33 of 50 Acc: 97.06% Mean: 93.46% (+/- 3.90%)
Fold: 34 of 50 Acc: 91.18% Mean: 93.40% (+/- 3.86%)
Fold: 35 of 50 Acc: 94.12% Mean: 93.42% (+/- 3.81%)
Fold: 36 of 50 Acc: 94.12% Mean: 93.44% (+/- 3.76%)
Fold: 37 of 50 Acc: 100.00% Mean: 93.61% (+/- 3.85%)
Fold: 38 of 50 Acc: 97.06% Mean: 93.70% (+/- 3.84%)
Fold: 39 of 50 Acc: 94.12% Mean: 93.71% (+/- 3.79%)
Fold: 40 of 50 Acc: 100.00% Mean: 93.87% (+/- 3.87%)
Fold: 41 of 50 Acc: 94.29% Mean: 93.88% (+/- 3.83%)
Fold: 42 of 50 Acc: 97.14% Mean: 93.96% (+/- 3.81%)
Fold: 43 of 50 Acc: 91.18% Mean: 93.89% (+/- 3.79%)
Fold: 44 of 50 Acc: 91.18% Mean: 93.83% (+/- 3.77%)
Fold: 45 of 50 Acc: 97.06% Mean: 93.90% (+/- 3.76%)
Fold: 46 of 50 Acc: 94.12% Mean: 93.91% (+/- 3.72%)
Fold: 47 of 50 Acc: 94.12% Mean: 93.91% (+/- 3.68%)
Fold: 48 of 50 Acc: 88.24% Mean: 93.80% (+/- 3.73%)
Fold: 49 of 50 Acc: 94.12% Mean: 93.80% (+/- 3.69%)
Fold: 50 of 50 Acc: 88.24% Mean: 93.69% (+/- 3.73%)
Model Type: EfficientNetB2
Fold: 1 of 50 Acc: 94.29% Mean: 94.29% (+/- 0.00%)
Fold: 2 of 50 Acc: 100.00% Mean: 97.14% (+/- 2.86%)
Fold: 3 of 50 Acc: 97.06% Mean: 97.11% (+/- 2.33%)
Fold: 4 of 50 Acc: 91.18% Mean: 95.63% (+/- 3.27%)
Fold: 5 of 50 Acc: 100.00% Mean: 96.50% (+/- 3.41%)
Fold: 6 of 50 Acc: 97.06% Mean: 96.60% (+/- 3.12%)
Fold: 7 of 50 Acc: 91.18% Mean: 95.82% (+/- 3.45%)
Fold: 8 of 50 Acc: 100.00% Mean: 96.34% (+/- 3.51%)
Fold: 9 of 50 Acc: 94.12% Mean: 96.10% (+/- 3.39%)
Fold: 10 of 50 Acc: 91.18% Mean: 95.61% (+/- 3.54%)
Fold: 11 of 50 Acc: 91.43% Mean: 95.23% (+/- 3.58%)
Fold: 12 of 50 Acc: 91.43% Mean: 94.91% (+/- 3.58%)
Fold: 13 of 50 Acc: 97.06% Mean: 95.07% (+/- 3.49%)
Fold: 14 of 50 Acc: 97.06% Mean: 95.22% (+/- 3.40%)
Fold: 15 of 50 Acc: 91.18% Mean: 94.95% (+/- 3.44%)
Fold: 16 of 50 Acc: 88.24% Mean: 94.53% (+/- 3.70%)
Fold: 17 of 50 Acc: 97.06% Mean: 94.68% (+/- 3.64%)
Fold: 18 of 50 Acc: 100.00% Mean: 94.97% (+/- 3.74%)
Fold: 19 of 50 Acc: 88.24% Mean: 94.62% (+/- 3.94%)
Fold: 20 of 50 Acc: 85.29% Mean: 94.15% (+/- 4.35%)
Fold: 21 of 50 Acc: 91.43% Mean: 94.02% (+/- 4.28%)
Fold: 22 of 50 Acc: 97.14% Mean: 94.16% (+/- 4.23%)
Fold: 23 of 50 Acc: 91.18% Mean: 94.03% (+/- 4.18%)
Fold: 24 of 50 Acc: 91.18% Mean: 93.91% (+/- 4.14%)
Fold: 25 of 50 Acc: 97.06% Mean: 94.04% (+/- 4.10%)
Fold: 26 of 50 Acc: 88.24% Mean: 93.82% (+/- 4.17%)
Fold: 27 of 50 Acc: 88.24% Mean: 93.61% (+/- 4.23%)
Fold: 28 of 50 Acc: 100.00% Mean: 93.84% (+/- 4.32%)
Fold: 29 of 50 Acc: 97.06% Mean: 93.95% (+/- 4.28%)
Fold: 30 of 50 Acc: 91.18% Mean: 93.86% (+/- 4.24%)
Fold: 31 of 50 Acc: 94.29% Mean: 93.87% (+/- 4.17%)
Fold: 32 of 50 Acc: 97.14% Mean: 93.97% (+/- 4.14%)
Fold: 33 of 50 Acc: 88.24% Mean: 93.80% (+/- 4.20%)
Fold: 34 of 50 Acc: 91.18% Mean: 93.72% (+/- 4.16%)
Fold: 35 of 50 Acc: 97.06% Mean: 93.82% (+/- 4.14%)
Fold: 36 of 50 Acc: 94.12% Mean: 93.83% (+/- 4.08%)
Fold: 37 of 50 Acc: 94.12% Mean: 93.83% (+/- 4.02%)
Fold: 38 of 50 Acc: 97.06% Mean: 93.92% (+/- 4.00%)
Fold: 39 of 50 Acc: 97.06% Mean: 94.00% (+/- 3.98%)
Fold: 40 of 50 Acc: 97.06% Mean: 94.08% (+/- 3.96%)
Fold: 41 of 50 Acc: 97.14% Mean: 94.15% (+/- 3.94%)
Fold: 42 of 50 Acc: 97.14% Mean: 94.22% (+/- 3.92%)
Fold: 43 of 50 Acc: 94.12% Mean: 94.22% (+/- 3.88%)
Fold: 44 of 50 Acc: 88.24% Mean: 94.08% (+/- 3.93%)
Fold: 45 of 50 Acc: 94.12% Mean: 94.08% (+/- 3.89%)
Fold: 46 of 50 Acc: 100.00% Mean: 94.21% (+/- 3.94%)
Fold: 47 of 50 Acc: 97.06% Mean: 94.27% (+/- 3.92%)
Fold: 48 of 50 Acc: 91.18% Mean: 94.21% (+/- 3.91%)
Fold: 49 of 50 Acc: 91.18% Mean: 94.15% (+/- 3.89%)
Fold: 50 of 50 Acc: 82.35% Mean: 93.91% (+/- 4.19%)
Model Type: EfficientNetB3
Fold: 1 of 50 Acc: 91.43% Mean: 91.43% (+/- 0.00%)
Fold: 2 of 50 Acc: 100.00% Mean: 95.71% (+/- 4.29%)
Fold: 3 of 50 Acc: 88.24% Mean: 93.22% (+/- 4.97%)
Fold: 4 of 50 Acc: 97.06% Mean: 94.18% (+/- 4.61%)
Fold: 5 of 50 Acc: 97.06% Mean: 94.76% (+/- 4.28%)
Fold: 6 of 50 Acc: 94.12% Mean: 94.65% (+/- 3.92%)
Fold: 7 of 50 Acc: 94.12% Mean: 94.57% (+/- 3.63%)
TensorFlow crashed. Retrying...
Fold: 8 of 50 Acc: 91.18% Mean: 94.15% (+/- 3.58%)
Fold: 9 of 50 Acc: 94.12% Mean: 94.15% (+/- 3.37%)
Fold: 10 of 50 Acc: 94.12% Mean: 94.14% (+/- 3.20%)
Fold: 11 of 50 Acc: 85.71% Mean: 93.38% (+/- 3.90%)
Fold: 12 of 50 Acc: 91.43% Mean: 93.21% (+/- 3.77%)
Fold: 13 of 50 Acc: 91.18% Mean: 93.06% (+/- 3.66%)
Fold: 14 of 50 Acc: 100.00% Mean: 93.55% (+/- 3.96%)
Fold: 15 of 50 Acc: 91.18% Mean: 93.39% (+/- 3.87%)
TensorFlow crashed. Retrying...
Fold: 16 of 50 Acc: 91.18% Mean: 93.26% (+/- 3.78%)
Fold: 17 of 50 Acc: 94.12% Mean: 93.31% (+/- 3.68%)
Fold: 18 of 50 Acc: 100.00% Mean: 93.68% (+/- 3.89%)
Fold: 19 of 50 Acc: 100.00% Mean: 94.01% (+/- 4.04%)
Fold: 20 of 50 Acc: 91.18% Mean: 93.87% (+/- 3.98%)
Fold: 21 of 50 Acc: 91.43% Mean: 93.75% (+/- 3.92%)
Fold: 22 of 50 Acc: 88.57% Mean: 93.52% (+/- 3.98%)
Fold: 23 of 50 Acc: 91.18% Mean: 93.42% (+/- 3.92%)
TensorFlow crashed. Retrying...
Fold: 24 of 50 Acc: 97.06% Mean: 93.57% (+/- 3.91%)
Fold: 25 of 50 Acc: 100.00% Mean: 93.83% (+/- 4.03%)
Fold: 26 of 50 Acc: 94.12% Mean: 93.84% (+/- 3.95%)
Fold: 27 of 50 Acc: 85.29% Mean: 93.52% (+/- 4.20%)
Fold: 28 of 50 Acc: 100.00% Mean: 93.75% (+/- 4.30%)
TensorFlow crashed. Retrying...
Fold: 29 of 50 Acc: 97.06% Mean: 93.87% (+/- 4.27%)
Fold: 30 of 50 Acc: 91.18% Mean: 93.78% (+/- 4.22%)
TensorFlow crashed. Retrying...
Fold: 31 of 50 Acc: 94.29% Mean: 93.79% (+/- 4.15%)
Fold: 32 of 50 Acc: 97.14% Mean: 93.90% (+/- 4.13%)
Fold: 33 of 50 Acc: 97.06% Mean: 93.99% (+/- 4.10%)
Fold: 34 of 50 Acc: 91.18% Mean: 93.91% (+/- 4.07%)
TensorFlow crashed. Retrying...
TensorFlow crashed. Retrying...
Fold: 35 of 50 Acc: 97.06% Mean: 94.00% (+/- 4.05%)
Fold: 36 of 50 Acc: 94.12% Mean: 94.00% (+/- 3.99%)
TensorFlow crashed. Retrying...
Fold: 37 of 50 Acc: 97.06% Mean: 94.09% (+/- 3.97%)
Fold: 38 of 50 Acc: 94.12% Mean: 94.09% (+/- 3.91%)
Fold: 39 of 50 Acc: 91.18% Mean: 94.01% (+/- 3.89%)
TensorFlow crashed. Retrying...
Fold: 40 of 50 Acc: 100.00% Mean: 94.16% (+/- 3.95%)
Fold: 41 of 50 Acc: 97.14% Mean: 94.23% (+/- 3.93%)
Fold: 42 of 50 Acc: 97.14% Mean: 94.30% (+/- 3.91%)
TensorFlow crashed. Retrying...
Fold: 43 of 50 Acc: 91.18% Mean: 94.23% (+/- 3.89%)
Fold: 44 of 50 Acc: 88.24% Mean: 94.09% (+/- 3.95%)
Fold: 45 of 50 Acc: 91.18% Mean: 94.03% (+/- 3.93%)
TensorFlow crashed. Retrying...
Fold: 46 of 50 Acc: 94.12% Mean: 94.03% (+/- 3.89%)
TensorFlow crashed. Retrying...
Fold: 47 of 50 Acc: 97.06% Mean: 94.10% (+/- 3.87%)
Fold: 48 of 50 Acc: 94.12% Mean: 94.10% (+/- 3.83%)
Fold: 49 of 50 Acc: 97.06% Mean: 94.16% (+/- 3.81%)
Fold: 50 of 50 Acc: 88.24% Mean: 94.04% (+/- 3.87%)
Model Type: EfficientNetB4
TensorFlow crashed. Retrying...
TensorFlow crashed. Retrying...
TensorFlow crashed. Retrying with batch_size=8.
TensorFlow crashed. Retrying...
TensorFlow crashed. Retrying...
TensorFlow crashed. Retrying with batch_size=4.
Fold: 1 of 50 Acc: 97.14% Mean: 97.14% (+/- 0.00%)
Fold: 2 of 50 Acc: 97.14% Mean: 97.14% (+/- 0.00%)
Fold: 3 of 50 Acc: 91.18% Mean: 95.15% (+/- 2.81%)
Fold: 4 of 50 Acc: 94.12% Mean: 94.89% (+/- 2.48%)
Fold: 5 of 50 Acc: 100.00% Mean: 95.92% (+/- 3.01%)
Fold: 6 of 50 Acc: 88.24% Mean: 94.64% (+/- 3.97%)
Fold: 7 of 50 Acc: 94.12% Mean: 94.56% (+/- 3.68%)
Fold: 8 of 50 Acc: 88.24% Mean: 93.77% (+/- 4.03%)
Fold: 9 of 50 Acc: 91.18% Mean: 93.48% (+/- 3.88%)
Fold: 10 of 50 Acc: 88.24% Mean: 92.96% (+/- 4.01%)
Fold: 11 of 50 Acc: 94.29% Mean: 93.08% (+/- 3.84%)
Fold: 12 of 50 Acc: 94.29% Mean: 93.18% (+/- 3.69%)
Fold: 13 of 50 Acc: 97.06% Mean: 93.48% (+/- 3.69%)
Fold: 14 of 50 Acc: 100.00% Mean: 93.94% (+/- 3.94%)
Fold: 15 of 50 Acc: 94.12% Mean: 93.96% (+/- 3.80%)
Fold: 16 of 50 Acc: 97.06% Mean: 94.15% (+/- 3.76%)
Fold: 17 of 50 Acc: 94.12% Mean: 94.15% (+/- 3.65%)
Fold: 18 of 50 Acc: 94.12% Mean: 94.15% (+/- 3.54%)
Fold: 19 of 50 Acc: 97.06% Mean: 94.30% (+/- 3.51%)
Fold: 20 of 50 Acc: 91.18% Mean: 94.14% (+/- 3.49%)
Fold: 21 of 50 Acc: 94.29% Mean: 94.15% (+/- 3.40%)
Fold: 22 of 50 Acc: 88.57% Mean: 93.90% (+/- 3.52%)
Fold: 23 of 50 Acc: 91.18% Mean: 93.78% (+/- 3.49%)
Fold: 24 of 50 Acc: 97.06% Mean: 93.91% (+/- 3.48%)
Fold: 25 of 50 Acc: 94.12% Mean: 93.92% (+/- 3.41%)
Fold: 26 of 50 Acc: 91.18% Mean: 93.82% (+/- 3.38%)
Fold: 27 of 50 Acc: 91.18% Mean: 93.72% (+/- 3.36%)
Fold: 28 of 50 Acc: 91.18% Mean: 93.63% (+/- 3.33%)
Fold: 29 of 50 Acc: 94.12% Mean: 93.65% (+/- 3.27%)
Fold: 30 of 50 Acc: 88.24% Mean: 93.46% (+/- 3.36%)
Fold: 31 of 50 Acc: 100.00% Mean: 93.68% (+/- 3.50%)
Fold: 32 of 50 Acc: 94.29% Mean: 93.69% (+/- 3.45%)
Fold: 33 of 50 Acc: 94.12% Mean: 93.71% (+/- 3.40%)
Fold: 34 of 50 Acc: 91.18% Mean: 93.63% (+/- 3.37%)
Fold: 35 of 50 Acc: 94.12% Mean: 93.65% (+/- 3.33%)
Fold: 36 of 50 Acc: 88.24% Mean: 93.50% (+/- 3.40%)
Fold: 37 of 50 Acc: 97.06% Mean: 93.59% (+/- 3.40%)
Fold: 38 of 50 Acc: 88.24% Mean: 93.45% (+/- 3.46%)
Fold: 39 of 50 Acc: 97.06% Mean: 93.54% (+/- 3.47%)
Fold: 40 of 50 Acc: 91.18% Mean: 93.49% (+/- 3.44%)
Fold: 41 of 50 Acc: 94.29% Mean: 93.50% (+/- 3.40%)
Fold: 42 of 50 Acc: 88.57% Mean: 93.39% (+/- 3.45%)
Fold: 43 of 50 Acc: 88.24% Mean: 93.27% (+/- 3.49%)
Fold: 44 of 50 Acc: 88.24% Mean: 93.15% (+/- 3.53%)
Fold: 45 of 50 Acc: 94.12% Mean: 93.17% (+/- 3.50%)
Fold: 46 of 50 Acc: 91.18% Mean: 93.13% (+/- 3.47%)
Fold: 47 of 50 Acc: 91.18% Mean: 93.09% (+/- 3.45%)
Fold: 48 of 50 Acc: 94.12% Mean: 93.11% (+/- 3.41%)
Fold: 49 of 50 Acc: 91.18% Mean: 93.07% (+/- 3.39%)
Fold: 50 of 50 Acc: 91.18% Mean: 93.03% (+/- 3.37%)
Model Type: EfficientNetB5
TensorFlow crashed. Retrying...
TensorFlow crashed. Retrying...
TensorFlow crashed. Retrying with batch_size=8.
TensorFlow crashed. Retrying...
TensorFlow crashed. Retrying...
TensorFlow crashed. Retrying with batch_size=4.
TensorFlow crashed. Retrying...
TensorFlow crashed. Retrying...
TensorFlow crashed. Retrying with batch_size=2.
Fold: 1 of 50 Acc: 94.29% Mean: 94.29% (+/- 0.00%)
Fold: 2 of 50 Acc: 91.43% Mean: 92.86% (+/- 1.43%)
Fold: 3 of 50 Acc: 88.24% Mean: 91.32% (+/- 2.47%)
Fold: 4 of 50 Acc: 82.35% Mean: 89.08% (+/- 4.43%)
Fold: 5 of 50 Acc: 91.18% Mean: 89.50% (+/- 4.05%)
Fold: 6 of 50 Acc: 91.18% Mean: 89.78% (+/- 3.75%)
Fold: 7 of 50 Acc: 88.24% Mean: 89.56% (+/- 3.52%)
Fold: 8 of 50 Acc: 94.12% Mean: 90.13% (+/- 3.62%)
Fold: 9 of 50 Acc: 94.12% Mean: 90.57% (+/- 3.63%)
Fold: 10 of 50 Acc: 79.41% Mean: 89.45% (+/- 4.81%)
Fold: 11 of 50 Acc: 88.57% Mean: 89.37% (+/- 4.59%)
Fold: 12 of 50 Acc: 91.43% Mean: 89.54% (+/- 4.43%)
Fold: 13 of 50 Acc: 85.29% Mean: 89.22% (+/- 4.40%)
Fold: 14 of 50 Acc: 100.00% Mean: 89.99% (+/- 5.07%)
Fold: 15 of 50 Acc: 79.41% Mean: 89.28% (+/- 5.56%)
Fold: 16 of 50 Acc: 94.12% Mean: 89.59% (+/- 5.51%)
Fold: 17 of 50 Acc: 82.35% Mean: 89.16% (+/- 5.61%)
Fold: 18 of 50 Acc: 94.12% Mean: 89.44% (+/- 5.57%)
Fold: 19 of 50 Acc: 94.12% Mean: 89.68% (+/- 5.52%)
Fold: 20 of 50 Acc: 82.35% Mean: 89.32% (+/- 5.62%)
Fold: 21 of 50 Acc: 91.43% Mean: 89.42% (+/- 5.50%)
Fold: 22 of 50 Acc: 82.86% Mean: 89.12% (+/- 5.54%)
Fold: 23 of 50 Acc: 82.35% Mean: 88.82% (+/- 5.59%)
Fold: 24 of 50 Acc: 91.18% Mean: 88.92% (+/- 5.50%)
Fold: 25 of 50 Acc: 91.18% Mean: 89.01% (+/- 5.40%)
Fold: 26 of 50 Acc: 82.35% Mean: 88.76% (+/- 5.45%)
Fold: 27 of 50 Acc: 76.47% Mean: 88.30% (+/- 5.83%)
Fold: 28 of 50 Acc: 88.24% Mean: 88.30% (+/- 5.73%)
Fold: 29 of 50 Acc: 91.18% Mean: 88.40% (+/- 5.65%)
Fold: 30 of 50 Acc: 85.29% Mean: 88.29% (+/- 5.58%)
Fold: 31 of 50 Acc: 82.86% Mean: 88.12% (+/- 5.58%)
Fold: 32 of 50 Acc: 82.86% Mean: 87.95% (+/- 5.56%)
Fold: 33 of 50 Acc: 91.18% Mean: 88.05% (+/- 5.51%)
Fold: 34 of 50 Acc: 76.47% Mean: 87.71% (+/- 5.77%)
Fold: 35 of 50 Acc: 94.12% Mean: 87.89% (+/- 5.78%)
Fold: 36 of 50 Acc: 94.12% Mean: 88.07% (+/- 5.79%)
Fold: 37 of 50 Acc: 82.35% Mean: 87.91% (+/- 5.79%)
Fold: 38 of 50 Acc: 79.41% Mean: 87.69% (+/- 5.87%)
Fold: 39 of 50 Acc: 91.18% Mean: 87.78% (+/- 5.82%)
Fold: 40 of 50 Acc: 82.35% Mean: 87.64% (+/- 5.81%)
Fold: 41 of 50 Acc: 88.57% Mean: 87.67% (+/- 5.74%)
Fold: 42 of 50 Acc: 88.57% Mean: 87.69% (+/- 5.68%)
Fold: 43 of 50 Acc: 82.35% Mean: 87.56% (+/- 5.67%)
Fold: 44 of 50 Acc: 91.18% Mean: 87.65% (+/- 5.63%)
Fold: 45 of 50 Acc: 94.12% Mean: 87.79% (+/- 5.65%)
Fold: 46 of 50 Acc: 94.12% Mean: 87.93% (+/- 5.66%)
Fold: 47 of 50 Acc: 82.35% Mean: 87.81% (+/- 5.66%)
Fold: 48 of 50 Acc: 91.18% Mean: 87.88% (+/- 5.62%)
Fold: 49 of 50 Acc: 82.35% Mean: 87.77% (+/- 5.61%)
Fold: 50 of 50 Acc: 79.41% Mean: 87.60% (+/- 5.68%)
Model Type: EfficientNetB6
TensorFlow crashed. Retrying...
TensorFlow crashed. Retrying...
TensorFlow crashed. Retrying with batch_size=8.
TensorFlow crashed. Retrying...
TensorFlow crashed. Retrying...
TensorFlow crashed. Retrying with batch_size=4.
TensorFlow crashed. Retrying...
TensorFlow crashed. Retrying...
TensorFlow crashed. Retrying with batch_size=2.
Fold: 1 of 50 Acc: 85.71% Mean: 85.71% (+/- 0.00%)
Fold: 2 of 50 Acc: 97.14% Mean: 91.43% (+/- 5.71%)
Fold: 3 of 50 Acc: 85.29% Mean: 89.38% (+/- 5.49%)
Fold: 4 of 50 Acc: 88.24% Mean: 89.10% (+/- 4.78%)
Fold: 5 of 50 Acc: 94.12% Mean: 90.10% (+/- 4.72%)
Fold: 6 of 50 Acc: 82.35% Mean: 88.81% (+/- 5.19%)
Fold: 7 of 50 Acc: 91.18% Mean: 89.15% (+/- 4.88%)
Fold: 8 of 50 Acc: 85.29% Mean: 88.67% (+/- 4.74%)
Fold: 9 of 50 Acc: 88.24% Mean: 88.62% (+/- 4.47%)
Fold: 10 of 50 Acc: 79.41% Mean: 87.70% (+/- 5.06%)
Fold: 11 of 50 Acc: 85.71% Mean: 87.52% (+/- 4.86%)
Fold: 12 of 50 Acc: 85.71% Mean: 87.37% (+/- 4.68%)
Fold: 13 of 50 Acc: 52.94% Mean: 84.72% (+/- 10.21%)
Fold: 14 of 50 Acc: 85.29% Mean: 84.76% (+/- 9.84%)
Fold: 15 of 50 Acc: 38.24% Mean: 81.66% (+/- 15.00%)
Fold: 16 of 50 Acc: 94.12% Mean: 82.44% (+/- 14.84%)
Fold: 17 of 50 Acc: 88.24% Mean: 82.78% (+/- 14.46%)
Fold: 18 of 50 Acc: 91.18% Mean: 83.24% (+/- 14.18%)
Fold: 19 of 50 Acc: 94.12% Mean: 83.82% (+/- 14.02%)
Fold: 20 of 50 Acc: 85.29% Mean: 83.89% (+/- 13.67%)
Fold: 21 of 50 Acc: 94.29% Mean: 84.39% (+/- 13.52%)
Fold: 22 of 50 Acc: 74.29% Mean: 83.93% (+/- 13.37%)
Fold: 23 of 50 Acc: 82.35% Mean: 83.86% (+/- 13.08%)
Fold: 24 of 50 Acc: 85.29% Mean: 83.92% (+/- 12.81%)
Fold: 25 of 50 Acc: 85.29% Mean: 83.97% (+/- 12.56%)
Fold: 26 of 50 Acc: 91.18% Mean: 84.25% (+/- 12.39%)
Fold: 27 of 50 Acc: 76.47% Mean: 83.96% (+/- 12.25%)
Fold: 28 of 50 Acc: 73.53% Mean: 83.59% (+/- 12.18%)
Fold: 29 of 50 Acc: 91.18% Mean: 83.85% (+/- 12.05%)
Fold: 30 of 50 Acc: 73.53% Mean: 83.51% (+/- 11.99%)
Fold: 31 of 50 Acc: 85.71% Mean: 83.58% (+/- 11.80%)
Fold: 32 of 50 Acc: 97.14% Mean: 84.00% (+/- 11.85%)
Fold: 33 of 50 Acc: 88.24% Mean: 84.13% (+/- 11.69%)
Fold: 34 of 50 Acc: 91.18% Mean: 84.34% (+/- 11.58%)
Fold: 35 of 50 Acc: 88.24% Mean: 84.45% (+/- 11.43%)
Fold: 36 of 50 Acc: 82.35% Mean: 84.39% (+/- 11.28%)
Fold: 37 of 50 Acc: 82.35% Mean: 84.34% (+/- 11.13%)
Fold: 38 of 50 Acc: 85.29% Mean: 84.36% (+/- 10.98%)
Fold: 39 of 50 Acc: 94.12% Mean: 84.61% (+/- 10.95%)
Fold: 40 of 50 Acc: 94.12% Mean: 84.85% (+/- 10.92%)
Fold: 41 of 50 Acc: 77.14% Mean: 84.66% (+/- 10.85%)
Fold: 42 of 50 Acc: 85.71% Mean: 84.69% (+/- 10.72%)
Fold: 43 of 50 Acc: 85.29% Mean: 84.70% (+/- 10.59%)
Fold: 44 of 50 Acc: 85.29% Mean: 84.71% (+/- 10.47%)
Fold: 45 of 50 Acc: 91.18% Mean: 84.86% (+/- 10.40%)
Fold: 46 of 50 Acc: 85.29% Mean: 84.87% (+/- 10.29%)
Fold: 47 of 50 Acc: 88.24% Mean: 84.94% (+/- 10.19%)
Fold: 48 of 50 Acc: 91.18% Mean: 85.07% (+/- 10.12%)
Fold: 49 of 50 Acc: 85.29% Mean: 85.07% (+/- 10.02%)
Fold: 50 of 50 Acc: 88.24% Mean: 85.14% (+/- 9.93%)
Model Type: EfficientNetB7
TensorFlow crashed. Retrying...
TensorFlow crashed. Retrying...
TensorFlow crashed. Retrying with batch_size=8.
TensorFlow crashed. Retrying...
TensorFlow crashed. Retrying...
TensorFlow crashed. Retrying with batch_size=4.
TensorFlow crashed. Retrying...
TensorFlow crashed. Retrying...
TensorFlow crashed. Retrying with batch_size=2.
TensorFlow crashed. Retrying...
TensorFlow crashed. Retrying...
TensorFlow crashed. Retrying with batch_size=1.
Fold: 1 of 50 Acc: 54.29% Mean: 54.29% (+/- 0.00%)
Fold: 2 of 50 Acc: 40.00% Mean: 47.14% (+/- 7.14%)
Fold: 3 of 50 Acc: 44.12% Mean: 46.13% (+/- 6.00%)
Fold: 4 of 50 Acc: 38.24% Mean: 44.16% (+/- 6.22%)
Fold: 5 of 50 Acc: 38.24% Mean: 42.97% (+/- 6.05%)
Fold: 6 of 50 Acc: 55.88% Mean: 45.13% (+/- 7.32%)
Fold: 7 of 50 Acc: 76.47% Mean: 49.60% (+/- 12.90%)
Fold: 8 of 50 Acc: 70.59% Mean: 52.23% (+/- 13.92%)
Fold: 9 of 50 Acc: 70.59% Mean: 54.27% (+/- 14.33%)
Fold: 10 of 50 Acc: 61.76% Mean: 55.02% (+/- 13.78%)
Fold: 11 of 50 Acc: 51.43% Mean: 54.69% (+/- 13.18%)
Fold: 12 of 50 Acc: 48.57% Mean: 54.18% (+/- 12.73%)
Fold: 13 of 50 Acc: 76.47% Mean: 55.90% (+/- 13.60%)
Fold: 14 of 50 Acc: 64.71% Mean: 56.52% (+/- 13.30%)
Fold: 15 of 50 Acc: 32.35% Mean: 54.91% (+/- 14.19%)
Fold: 16 of 50 Acc: 67.65% Mean: 55.71% (+/- 14.08%)
Fold: 17 of 50 Acc: 44.12% Mean: 55.03% (+/- 13.93%)
Fold: 18 of 50 Acc: 64.71% Mean: 55.56% (+/- 13.72%)
Fold: 19 of 50 Acc: 55.88% Mean: 55.58% (+/- 13.35%)
Fold: 20 of 50 Acc: 50.00% Mean: 55.30% (+/- 13.07%)
Fold: 21 of 50 Acc: 51.43% Mean: 55.12% (+/- 12.78%)
Fold: 22 of 50 Acc: 54.29% Mean: 55.08% (+/- 12.49%)
Fold: 23 of 50 Acc: 44.12% Mean: 54.60% (+/- 12.42%)
Fold: 24 of 50 Acc: 50.00% Mean: 54.41% (+/- 12.19%)
Fold: 25 of 50 Acc: 58.82% Mean: 54.59% (+/- 11.98%)
Fold: 26 of 50 Acc: 55.88% Mean: 54.64% (+/- 11.75%)
Fold: 27 of 50 Acc: 58.82% Mean: 54.79% (+/- 11.56%)
Fold: 28 of 50 Acc: 47.06% Mean: 54.52% (+/- 11.44%)
Fold: 29 of 50 Acc: 41.18% Mean: 54.06% (+/- 11.50%)
Fold: 30 of 50 Acc: 52.94% Mean: 54.02% (+/- 11.31%)
Fold: 31 of 50 Acc: 34.29% Mean: 53.38% (+/- 11.66%)
Fold: 32 of 50 Acc: 48.57% Mean: 53.23% (+/- 11.50%)
Fold: 33 of 50 Acc: 38.24% Mean: 52.78% (+/- 11.62%)
Fold: 34 of 50 Acc: 67.65% Mean: 53.22% (+/- 11.72%)
Fold: 35 of 50 Acc: 47.06% Mean: 53.04% (+/- 11.59%)
Fold: 36 of 50 Acc: 61.76% Mean: 53.28% (+/- 11.52%)
Fold: 37 of 50 Acc: 58.82% Mean: 53.43% (+/- 11.40%)
Fold: 38 of 50 Acc: 26.47% Mean: 52.72% (+/- 12.05%)
Fold: 39 of 50 Acc: 38.24% Mean: 52.35% (+/- 12.11%)
Fold: 40 of 50 Acc: 67.65% Mean: 52.73% (+/- 12.20%)
Fold: 41 of 50 Acc: 45.71% Mean: 52.56% (+/- 12.09%)
Fold: 42 of 50 Acc: 62.86% Mean: 52.81% (+/- 12.05%)
Fold: 43 of 50 Acc: 47.06% Mean: 52.67% (+/- 11.94%)
Fold: 44 of 50 Acc: 38.24% Mean: 52.35% (+/- 12.00%)
Fold: 45 of 50 Acc: 61.76% Mean: 52.55% (+/- 11.95%)
Fold: 46 of 50 Acc: 79.41% Mean: 53.14% (+/- 12.45%)
Fold: 47 of 50 Acc: 41.18% Mean: 52.88% (+/- 12.44%)
Fold: 48 of 50 Acc: 32.35% Mean: 52.46% (+/- 12.65%)
Fold: 49 of 50 Acc: 50.00% Mean: 52.41% (+/- 12.53%)
Fold: 50 of 50 Acc: 55.88% Mean: 52.48% (+/- 12.41%)
