Machine: PRECISION
Date: 25/12/2022 Time: 22:35:01
Alternative Dense Layer: False
Pooling Application Layer: avg
Data Augmentation: False
Data Augmentation Multiplier: 1
Fine Tuning: True
Multi Optimizer: True
Batch Size: 16

Model Type: Xception
Fold: 1 of 50 Acc: 85.71% Mean: 85.71% (+/- 0.00%)
Fold: 2 of 50 Acc: 94.29% Mean: 90.00% (+/- 4.29%)
Fold: 3 of 50 Acc: 91.18% Mean: 90.39% (+/- 3.54%)
Fold: 4 of 50 Acc: 82.35% Mean: 88.38% (+/- 4.64%)
Fold: 5 of 50 Acc: 88.24% Mean: 88.35% (+/- 4.15%)
Fold: 6 of 50 Acc: 94.12% Mean: 89.31% (+/- 4.36%)
Fold: 7 of 50 Acc: 79.41% Mean: 87.90% (+/- 5.32%)
Fold: 8 of 50 Acc: 88.24% Mean: 87.94% (+/- 4.97%)
Fold: 9 of 50 Acc: 82.35% Mean: 87.32% (+/- 5.01%)
Fold: 10 of 50 Acc: 85.29% Mean: 87.12% (+/- 4.79%)
Fold: 11 of 50 Acc: 82.86% Mean: 86.73% (+/- 4.73%)
Fold: 12 of 50 Acc: 88.57% Mean: 86.88% (+/- 4.56%)
Fold: 13 of 50 Acc: 88.24% Mean: 86.99% (+/- 4.39%)
Fold: 14 of 50 Acc: 94.12% Mean: 87.50% (+/- 4.61%)
Fold: 15 of 50 Acc: 94.12% Mean: 87.94% (+/- 4.75%)
Fold: 16 of 50 Acc: 94.12% Mean: 88.32% (+/- 4.84%)
Fold: 17 of 50 Acc: 88.24% Mean: 88.32% (+/- 4.69%)
Fold: 18 of 50 Acc: 88.24% Mean: 88.31% (+/- 4.56%)
Fold: 19 of 50 Acc: 88.24% Mean: 88.31% (+/- 4.44%)
Fold: 20 of 50 Acc: 88.24% Mean: 88.31% (+/- 4.33%)
Fold: 21 of 50 Acc: 88.57% Mean: 88.32% (+/- 4.22%)
Fold: 22 of 50 Acc: 82.86% Mean: 88.07% (+/- 4.28%)
Fold: 23 of 50 Acc: 82.35% Mean: 87.82% (+/- 4.35%)
Fold: 24 of 50 Acc: 91.18% Mean: 87.96% (+/- 4.31%)
Fold: 25 of 50 Acc: 85.29% Mean: 87.86% (+/- 4.25%)
Fold: 26 of 50 Acc: 88.24% Mean: 87.87% (+/- 4.17%)
Fold: 27 of 50 Acc: 88.24% Mean: 87.88% (+/- 4.09%)
Fold: 28 of 50 Acc: 91.18% Mean: 88.00% (+/- 4.07%)
Fold: 29 of 50 Acc: 82.35% Mean: 87.81% (+/- 4.13%)
Fold: 30 of 50 Acc: 88.24% Mean: 87.82% (+/- 4.06%)
Fold: 31 of 50 Acc: 82.86% Mean: 87.66% (+/- 4.09%)
Fold: 32 of 50 Acc: 88.57% Mean: 87.69% (+/- 4.03%)
Fold: 33 of 50 Acc: 91.18% Mean: 87.79% (+/- 4.01%)
Fold: 34 of 50 Acc: 85.29% Mean: 87.72% (+/- 3.97%)
Fold: 35 of 50 Acc: 97.06% Mean: 87.99% (+/- 4.21%)
Fold: 36 of 50 Acc: 91.18% Mean: 88.08% (+/- 4.19%)
Fold: 37 of 50 Acc: 79.41% Mean: 87.84% (+/- 4.36%)
Fold: 38 of 50 Acc: 85.29% Mean: 87.78% (+/- 4.32%)
Fold: 39 of 50 Acc: 79.41% Mean: 87.56% (+/- 4.47%)
Fold: 40 of 50 Acc: 94.12% Mean: 87.72% (+/- 4.53%)
Fold: 41 of 50 Acc: 94.29% Mean: 87.88% (+/- 4.59%)
Fold: 42 of 50 Acc: 91.43% Mean: 87.97% (+/- 4.56%)
Fold: 43 of 50 Acc: 88.24% Mean: 87.98% (+/- 4.51%)
Fold: 44 of 50 Acc: 91.18% Mean: 88.05% (+/- 4.48%)
Fold: 45 of 50 Acc: 91.18% Mean: 88.12% (+/- 4.46%)
Fold: 46 of 50 Acc: 88.24% Mean: 88.12% (+/- 4.41%)
Fold: 47 of 50 Acc: 91.18% Mean: 88.19% (+/- 4.38%)
Fold: 48 of 50 Acc: 88.24% Mean: 88.19% (+/- 4.34%)
Fold: 49 of 50 Acc: 85.29% Mean: 88.13% (+/- 4.31%)
Fold: 50 of 50 Acc: 94.12% Mean: 88.25% (+/- 4.35%)
Model Type: VGG16
Fold: 1 of 50 Acc: 82.86% Mean: 82.86% (+/- 0.00%)
Fold: 2 of 50 Acc: 74.29% Mean: 78.57% (+/- 4.29%)
Fold: 3 of 50 Acc: 94.12% Mean: 83.75% (+/- 8.12%)
Fold: 4 of 50 Acc: 88.24% Mean: 84.87% (+/- 7.30%)
Fold: 5 of 50 Acc: 85.29% Mean: 84.96% (+/- 6.53%)
Fold: 6 of 50 Acc: 94.12% Mean: 86.48% (+/- 6.87%)
Fold: 7 of 50 Acc: 88.24% Mean: 86.73% (+/- 6.39%)
Fold: 8 of 50 Acc: 88.24% Mean: 86.92% (+/- 6.00%)
Fold: 9 of 50 Acc: 79.41% Mean: 86.09% (+/- 6.13%)
Fold: 10 of 50 Acc: 76.47% Mean: 85.13% (+/- 6.49%)
Fold: 11 of 50 Acc: 82.86% Mean: 84.92% (+/- 6.22%)
Fold: 12 of 50 Acc: 82.86% Mean: 84.75% (+/- 5.98%)
Fold: 13 of 50 Acc: 88.24% Mean: 85.02% (+/- 5.82%)
Fold: 14 of 50 Acc: 97.06% Mean: 85.88% (+/- 6.41%)
Fold: 15 of 50 Acc: 91.18% Mean: 86.23% (+/- 6.33%)
Fold: 16 of 50 Acc: 85.29% Mean: 86.17% (+/- 6.14%)
Fold: 17 of 50 Acc: 79.41% Mean: 85.77% (+/- 6.16%)
Fold: 18 of 50 Acc: 85.29% Mean: 85.75% (+/- 5.99%)
Fold: 19 of 50 Acc: 76.47% Mean: 85.26% (+/- 6.19%)
Fold: 20 of 50 Acc: 79.41% Mean: 84.97% (+/- 6.16%)
Fold: 21 of 50 Acc: 82.86% Mean: 84.87% (+/- 6.03%)
Fold: 22 of 50 Acc: 85.71% Mean: 84.90% (+/- 5.90%)
Fold: 23 of 50 Acc: 76.47% Mean: 84.54% (+/- 6.02%)
Fold: 24 of 50 Acc: 91.18% Mean: 84.81% (+/- 6.04%)
Fold: 25 of 50 Acc: 79.41% Mean: 84.60% (+/- 6.01%)
Fold: 26 of 50 Acc: 88.24% Mean: 84.74% (+/- 5.93%)
Fold: 27 of 50 Acc: 79.41% Mean: 84.54% (+/- 5.91%)
Fold: 28 of 50 Acc: 85.29% Mean: 84.57% (+/- 5.80%)
Fold: 29 of 50 Acc: 79.41% Mean: 84.39% (+/- 5.78%)
Fold: 30 of 50 Acc: 82.35% Mean: 84.32% (+/- 5.70%)
Fold: 31 of 50 Acc: 74.29% Mean: 84.00% (+/- 5.88%)
Fold: 32 of 50 Acc: 82.86% Mean: 83.96% (+/- 5.79%)
Fold: 33 of 50 Acc: 88.24% Mean: 84.09% (+/- 5.75%)
Fold: 34 of 50 Acc: 67.65% Mean: 83.61% (+/- 6.31%)
Fold: 35 of 50 Acc: 88.24% Mean: 83.74% (+/- 6.26%)
Fold: 36 of 50 Acc: 91.18% Mean: 83.95% (+/- 6.30%)
Fold: 37 of 50 Acc: 85.29% Mean: 83.98% (+/- 6.21%)
Fold: 38 of 50 Acc: 85.29% Mean: 84.02% (+/- 6.13%)
Fold: 39 of 50 Acc: 85.29% Mean: 84.05% (+/- 6.06%)
Fold: 40 of 50 Acc: 82.35% Mean: 84.01% (+/- 5.99%)
Fold: 41 of 50 Acc: 80.00% Mean: 83.91% (+/- 5.95%)
Fold: 42 of 50 Acc: 94.29% Mean: 84.16% (+/- 6.09%)
Fold: 43 of 50 Acc: 88.24% Mean: 84.25% (+/- 6.05%)
Fold: 44 of 50 Acc: 88.24% Mean: 84.34% (+/- 6.01%)
Fold: 45 of 50 Acc: 85.29% Mean: 84.36% (+/- 5.94%)
Fold: 46 of 50 Acc: 85.29% Mean: 84.38% (+/- 5.88%)
Fold: 47 of 50 Acc: 85.29% Mean: 84.40% (+/- 5.82%)
Fold: 48 of 50 Acc: 79.41% Mean: 84.30% (+/- 5.80%)
Fold: 49 of 50 Acc: 79.41% Mean: 84.20% (+/- 5.78%)
Fold: 50 of 50 Acc: 76.47% Mean: 84.05% (+/- 5.82%)
Model Type: VGG19
Fold: 1 of 50 Acc: 74.29% Mean: 74.29% (+/- 0.00%)
Fold: 2 of 50 Acc: 94.29% Mean: 84.29% (+/- 10.00%)
Fold: 3 of 50 Acc: 85.29% Mean: 84.62% (+/- 8.18%)
Fold: 4 of 50 Acc: 85.29% Mean: 84.79% (+/- 7.09%)
Fold: 5 of 50 Acc: 88.24% Mean: 85.48% (+/- 6.49%)
Fold: 6 of 50 Acc: 79.41% Mean: 84.47% (+/- 6.34%)
Fold: 7 of 50 Acc: 82.35% Mean: 84.17% (+/- 5.92%)
Fold: 8 of 50 Acc: 91.18% Mean: 85.04% (+/- 6.00%)
Fold: 9 of 50 Acc: 88.24% Mean: 85.40% (+/- 5.75%)
Fold: 10 of 50 Acc: 82.35% Mean: 85.09% (+/- 5.53%)
Fold: 11 of 50 Acc: 85.71% Mean: 85.15% (+/- 5.27%)
Fold: 12 of 50 Acc: 85.71% Mean: 85.20% (+/- 5.05%)
Fold: 13 of 50 Acc: 94.12% Mean: 85.88% (+/- 5.40%)
Fold: 14 of 50 Acc: 94.12% Mean: 86.47% (+/- 5.62%)
Fold: 15 of 50 Acc: 82.35% Mean: 86.20% (+/- 5.53%)
Fold: 16 of 50 Acc: 79.41% Mean: 85.77% (+/- 5.60%)
Fold: 17 of 50 Acc: 88.24% Mean: 85.92% (+/- 5.46%)
Fold: 18 of 50 Acc: 85.29% Mean: 85.88% (+/- 5.31%)
Fold: 19 of 50 Acc: 85.29% Mean: 85.85% (+/- 5.17%)
Fold: 20 of 50 Acc: 76.47% Mean: 85.38% (+/- 5.44%)
Fold: 21 of 50 Acc: 82.86% Mean: 85.26% (+/- 5.33%)
Fold: 22 of 50 Acc: 77.14% Mean: 84.89% (+/- 5.48%)
Fold: 23 of 50 Acc: 79.41% Mean: 84.65% (+/- 5.47%)
Fold: 24 of 50 Acc: 91.18% Mean: 84.93% (+/- 5.52%)
Fold: 25 of 50 Acc: 79.41% Mean: 84.71% (+/- 5.51%)
Fold: 26 of 50 Acc: 94.12% Mean: 85.07% (+/- 5.70%)
Fold: 27 of 50 Acc: 91.18% Mean: 85.29% (+/- 5.71%)
Fold: 28 of 50 Acc: 82.35% Mean: 85.19% (+/- 5.63%)
Fold: 29 of 50 Acc: 79.41% Mean: 84.99% (+/- 5.64%)
Fold: 30 of 50 Acc: 76.47% Mean: 84.71% (+/- 5.75%)
Fold: 31 of 50 Acc: 74.29% Mean: 84.37% (+/- 5.95%)
Fold: 32 of 50 Acc: 91.43% Mean: 84.59% (+/- 5.98%)
Fold: 33 of 50 Acc: 91.18% Mean: 84.79% (+/- 6.00%)
Fold: 34 of 50 Acc: 82.35% Mean: 84.72% (+/- 5.92%)
Fold: 35 of 50 Acc: 91.18% Mean: 84.90% (+/- 5.93%)
Fold: 36 of 50 Acc: 85.29% Mean: 84.91% (+/- 5.85%)
Fold: 37 of 50 Acc: 79.41% Mean: 84.76% (+/- 5.84%)
Fold: 38 of 50 Acc: 88.24% Mean: 84.86% (+/- 5.79%)
Fold: 39 of 50 Acc: 91.18% Mean: 85.02% (+/- 5.80%)
Fold: 40 of 50 Acc: 91.18% Mean: 85.17% (+/- 5.81%)
Fold: 41 of 50 Acc: 77.14% Mean: 84.98% (+/- 5.87%)
Fold: 42 of 50 Acc: 91.43% Mean: 85.13% (+/- 5.88%)
Fold: 43 of 50 Acc: 94.12% Mean: 85.34% (+/- 5.97%)
Fold: 44 of 50 Acc: 88.24% Mean: 85.40% (+/- 5.92%)
Fold: 45 of 50 Acc: 88.24% Mean: 85.47% (+/- 5.87%)
Fold: 46 of 50 Acc: 82.35% Mean: 85.40% (+/- 5.82%)
Fold: 47 of 50 Acc: 82.35% Mean: 85.34% (+/- 5.77%)
Fold: 48 of 50 Acc: 61.76% Mean: 84.84% (+/- 6.63%)
Fold: 49 of 50 Acc: 73.53% Mean: 84.61% (+/- 6.76%)
Fold: 50 of 50 Acc: 85.29% Mean: 84.63% (+/- 6.69%)
Model Type: ResNet50
Fold: 1 of 50 Acc: 85.71% Mean: 85.71% (+/- 0.00%)
Fold: 2 of 50 Acc: 91.43% Mean: 88.57% (+/- 2.86%)
Fold: 3 of 50 Acc: 82.35% Mean: 86.50% (+/- 3.75%)
Fold: 4 of 50 Acc: 85.29% Mean: 86.20% (+/- 3.29%)
Fold: 5 of 50 Acc: 88.24% Mean: 86.61% (+/- 3.05%)
Fold: 6 of 50 Acc: 88.24% Mean: 86.88% (+/- 2.85%)
Fold: 7 of 50 Acc: 88.24% Mean: 87.07% (+/- 2.68%)
Fold: 8 of 50 Acc: 76.47% Mean: 85.75% (+/- 4.31%)
Fold: 9 of 50 Acc: 88.24% Mean: 86.02% (+/- 4.14%)
Fold: 10 of 50 Acc: 82.35% Mean: 85.66% (+/- 4.08%)
Fold: 11 of 50 Acc: 88.57% Mean: 85.92% (+/- 3.98%)
Fold: 12 of 50 Acc: 94.29% Mean: 86.62% (+/- 4.45%)
Fold: 13 of 50 Acc: 91.18% Mean: 86.97% (+/- 4.45%)
Fold: 14 of 50 Acc: 97.06% Mean: 87.69% (+/- 5.01%)
Fold: 15 of 50 Acc: 91.18% Mean: 87.92% (+/- 4.92%)
Fold: 16 of 50 Acc: 79.41% Mean: 87.39% (+/- 5.19%)
Fold: 17 of 50 Acc: 91.18% Mean: 87.61% (+/- 5.11%)
Fold: 18 of 50 Acc: 91.18% Mean: 87.81% (+/- 5.04%)
Fold: 19 of 50 Acc: 94.12% Mean: 88.14% (+/- 5.10%)
Fold: 20 of 50 Acc: 88.24% Mean: 88.15% (+/- 4.97%)
Fold: 21 of 50 Acc: 80.00% Mean: 87.76% (+/- 5.15%)
Fold: 22 of 50 Acc: 80.00% Mean: 87.41% (+/- 5.29%)
Fold: 23 of 50 Acc: 85.29% Mean: 87.31% (+/- 5.19%)
Fold: 24 of 50 Acc: 85.29% Mean: 87.23% (+/- 5.10%)
Fold: 25 of 50 Acc: 91.18% Mean: 87.39% (+/- 5.05%)
Fold: 26 of 50 Acc: 88.24% Mean: 87.42% (+/- 4.96%)
Fold: 27 of 50 Acc: 85.29% Mean: 87.34% (+/- 4.88%)
Fold: 28 of 50 Acc: 94.12% Mean: 87.58% (+/- 4.95%)
Fold: 29 of 50 Acc: 82.35% Mean: 87.40% (+/- 4.96%)
Fold: 30 of 50 Acc: 82.35% Mean: 87.24% (+/- 4.96%)
Fold: 31 of 50 Acc: 80.00% Mean: 87.00% (+/- 5.05%)
Fold: 32 of 50 Acc: 85.71% Mean: 86.96% (+/- 4.97%)
Fold: 33 of 50 Acc: 88.24% Mean: 87.00% (+/- 4.90%)
Fold: 34 of 50 Acc: 85.29% Mean: 86.95% (+/- 4.84%)
Fold: 35 of 50 Acc: 91.18% Mean: 87.07% (+/- 4.82%)
Fold: 36 of 50 Acc: 82.35% Mean: 86.94% (+/- 4.81%)
Fold: 37 of 50 Acc: 76.47% Mean: 86.66% (+/- 5.04%)
Fold: 38 of 50 Acc: 94.12% Mean: 86.85% (+/- 5.12%)
Fold: 39 of 50 Acc: 91.18% Mean: 86.96% (+/- 5.10%)
Fold: 40 of 50 Acc: 85.29% Mean: 86.92% (+/- 5.04%)
Fold: 41 of 50 Acc: 94.29% Mean: 87.10% (+/- 5.11%)
Fold: 42 of 50 Acc: 80.00% Mean: 86.93% (+/- 5.16%)
Fold: 43 of 50 Acc: 85.29% Mean: 86.89% (+/- 5.11%)
Fold: 44 of 50 Acc: 82.35% Mean: 86.79% (+/- 5.09%)
Fold: 45 of 50 Acc: 88.24% Mean: 86.82% (+/- 5.04%)
Fold: 46 of 50 Acc: 79.41% Mean: 86.66% (+/- 5.10%)
Fold: 47 of 50 Acc: 94.12% Mean: 86.82% (+/- 5.16%)
Fold: 48 of 50 Acc: 79.41% Mean: 86.67% (+/- 5.21%)
Fold: 49 of 50 Acc: 70.59% Mean: 86.34% (+/- 5.64%)
Fold: 50 of 50 Acc: 88.24% Mean: 86.38% (+/- 5.59%)
Model Type: ResNet101
Fold: 1 of 50 Acc: 85.71% Mean: 85.71% (+/- 0.00%)
Fold: 2 of 50 Acc: 91.43% Mean: 88.57% (+/- 2.86%)
Fold: 3 of 50 Acc: 79.41% Mean: 85.52% (+/- 4.91%)
Fold: 4 of 50 Acc: 88.24% Mean: 86.20% (+/- 4.41%)
Fold: 5 of 50 Acc: 85.29% Mean: 86.02% (+/- 3.96%)
Fold: 6 of 50 Acc: 82.35% Mean: 85.41% (+/- 3.87%)
Fold: 7 of 50 Acc: 82.35% Mean: 84.97% (+/- 3.73%)
Fold: 8 of 50 Acc: 91.18% Mean: 85.75% (+/- 4.05%)
Fold: 9 of 50 Acc: 91.18% Mean: 86.35% (+/- 4.18%)
Fold: 10 of 50 Acc: 88.24% Mean: 86.54% (+/- 4.01%)
Fold: 11 of 50 Acc: 88.57% Mean: 86.72% (+/- 3.87%)
Fold: 12 of 50 Acc: 85.71% Mean: 86.64% (+/- 3.71%)
Fold: 13 of 50 Acc: 85.29% Mean: 86.54% (+/- 3.59%)
Fold: 14 of 50 Acc: 91.18% Mean: 86.87% (+/- 3.66%)
Fold: 15 of 50 Acc: 85.29% Mean: 86.76% (+/- 3.55%)
Fold: 16 of 50 Acc: 73.53% Mean: 85.93% (+/- 4.70%)
Fold: 17 of 50 Acc: 82.35% Mean: 85.72% (+/- 4.64%)
Fold: 18 of 50 Acc: 91.18% Mean: 86.03% (+/- 4.68%)
Fold: 19 of 50 Acc: 88.24% Mean: 86.14% (+/- 4.58%)
Fold: 20 of 50 Acc: 88.24% Mean: 86.25% (+/- 4.49%)
Fold: 21 of 50 Acc: 88.57% Mean: 86.36% (+/- 4.41%)
Fold: 22 of 50 Acc: 85.71% Mean: 86.33% (+/- 4.31%)
Fold: 23 of 50 Acc: 82.35% Mean: 86.16% (+/- 4.29%)
Fold: 24 of 50 Acc: 88.24% Mean: 86.24% (+/- 4.22%)
Fold: 25 of 50 Acc: 85.29% Mean: 86.21% (+/- 4.14%)
Fold: 26 of 50 Acc: 94.12% Mean: 86.51% (+/- 4.33%)
Fold: 27 of 50 Acc: 85.29% Mean: 86.46% (+/- 4.26%)
Fold: 28 of 50 Acc: 85.29% Mean: 86.42% (+/- 4.19%)
Fold: 29 of 50 Acc: 82.35% Mean: 86.28% (+/- 4.18%)
Fold: 30 of 50 Acc: 76.47% Mean: 85.96% (+/- 4.47%)
Fold: 31 of 50 Acc: 77.14% Mean: 85.67% (+/- 4.67%)
Fold: 32 of 50 Acc: 82.86% Mean: 85.58% (+/- 4.62%)
Fold: 33 of 50 Acc: 85.29% Mean: 85.57% (+/- 4.55%)
Fold: 34 of 50 Acc: 76.47% Mean: 85.31% (+/- 4.74%)
Fold: 35 of 50 Acc: 88.24% Mean: 85.39% (+/- 4.70%)
Fold: 36 of 50 Acc: 91.18% Mean: 85.55% (+/- 4.73%)
Fold: 37 of 50 Acc: 82.35% Mean: 85.46% (+/- 4.69%)
Fold: 38 of 50 Acc: 85.29% Mean: 85.46% (+/- 4.63%)
Fold: 39 of 50 Acc: 79.41% Mean: 85.30% (+/- 4.67%)
Fold: 40 of 50 Acc: 97.06% Mean: 85.60% (+/- 4.96%)
Fold: 41 of 50 Acc: 91.43% Mean: 85.74% (+/- 4.98%)
Fold: 42 of 50 Acc: 91.43% Mean: 85.88% (+/- 5.00%)
Fold: 43 of 50 Acc: 88.24% Mean: 85.93% (+/- 4.95%)
Fold: 44 of 50 Acc: 82.35% Mean: 85.85% (+/- 4.93%)
Fold: 45 of 50 Acc: 97.06% Mean: 86.10% (+/- 5.14%)
Fold: 46 of 50 Acc: 85.29% Mean: 86.08% (+/- 5.09%)
Fold: 47 of 50 Acc: 91.18% Mean: 86.19% (+/- 5.09%)
Fold: 48 of 50 Acc: 82.35% Mean: 86.11% (+/- 5.06%)
Fold: 49 of 50 Acc: 85.29% Mean: 86.09% (+/- 5.01%)
Fold: 50 of 50 Acc: 88.24% Mean: 86.14% (+/- 4.97%)
Model Type: ResNet152
Fold: 1 of 50 Acc: 85.71% Mean: 85.71% (+/- 0.00%)
Fold: 2 of 50 Acc: 91.43% Mean: 88.57% (+/- 2.86%)
Fold: 3 of 50 Acc: 82.35% Mean: 86.50% (+/- 3.75%)
Fold: 4 of 50 Acc: 88.24% Mean: 86.93% (+/- 3.33%)
Fold: 5 of 50 Acc: 85.29% Mean: 86.61% (+/- 3.05%)
Fold: 6 of 50 Acc: 91.18% Mean: 87.37% (+/- 3.26%)
Fold: 7 of 50 Acc: 82.35% Mean: 86.65% (+/- 3.49%)
Fold: 8 of 50 Acc: 82.35% Mean: 86.11% (+/- 3.56%)
Fold: 9 of 50 Acc: 82.35% Mean: 85.70% (+/- 3.56%)
Fold: 10 of 50 Acc: 91.18% Mean: 86.24% (+/- 3.76%)
Fold: 11 of 50 Acc: 91.43% Mean: 86.72% (+/- 3.88%)
Fold: 12 of 50 Acc: 82.86% Mean: 86.39% (+/- 3.87%)
Fold: 13 of 50 Acc: 88.24% Mean: 86.54% (+/- 3.75%)
Fold: 14 of 50 Acc: 97.06% Mean: 87.29% (+/- 4.51%)
Fold: 15 of 50 Acc: 85.29% Mean: 87.15% (+/- 4.39%)
Fold: 16 of 50 Acc: 88.24% Mean: 87.22% (+/- 4.26%)
Fold: 17 of 50 Acc: 82.35% Mean: 86.94% (+/- 4.29%)
Fold: 18 of 50 Acc: 88.24% Mean: 87.01% (+/- 4.18%)
Fold: 19 of 50 Acc: 70.59% Mean: 86.14% (+/- 5.47%)
Fold: 20 of 50 Acc: 82.35% Mean: 85.95% (+/- 5.40%)
Fold: 21 of 50 Acc: 94.29% Mean: 86.35% (+/- 5.56%)
Fold: 22 of 50 Acc: 85.71% Mean: 86.32% (+/- 5.43%)
Fold: 23 of 50 Acc: 91.18% Mean: 86.53% (+/- 5.41%)
Fold: 24 of 50 Acc: 85.29% Mean: 86.48% (+/- 5.30%)
Fold: 25 of 50 Acc: 79.41% Mean: 86.20% (+/- 5.37%)
Fold: 26 of 50 Acc: 85.29% Mean: 86.16% (+/- 5.27%)
Fold: 27 of 50 Acc: 85.29% Mean: 86.13% (+/- 5.17%)
Fold: 28 of 50 Acc: 79.41% Mean: 85.89% (+/- 5.23%)
Fold: 29 of 50 Acc: 88.24% Mean: 85.97% (+/- 5.16%)
Fold: 30 of 50 Acc: 82.35% Mean: 85.85% (+/- 5.11%)
Fold: 31 of 50 Acc: 82.86% Mean: 85.75% (+/- 5.06%)
Fold: 32 of 50 Acc: 97.14% Mean: 86.11% (+/- 5.36%)
Fold: 33 of 50 Acc: 88.24% Mean: 86.18% (+/- 5.29%)
Fold: 34 of 50 Acc: 85.29% Mean: 86.15% (+/- 5.21%)
Fold: 35 of 50 Acc: 97.06% Mean: 86.46% (+/- 5.45%)
Fold: 36 of 50 Acc: 64.71% Mean: 85.86% (+/- 6.45%)
Fold: 37 of 50 Acc: 82.35% Mean: 85.76% (+/- 6.39%)
Fold: 38 of 50 Acc: 82.35% Mean: 85.67% (+/- 6.33%)
Fold: 39 of 50 Acc: 85.29% Mean: 85.66% (+/- 6.25%)
Fold: 40 of 50 Acc: 91.18% Mean: 85.80% (+/- 6.23%)
Fold: 41 of 50 Acc: 91.43% Mean: 85.94% (+/- 6.22%)
Fold: 42 of 50 Acc: 88.57% Mean: 86.00% (+/- 6.15%)
Fold: 43 of 50 Acc: 82.35% Mean: 85.92% (+/- 6.11%)
Fold: 44 of 50 Acc: 82.35% Mean: 85.83% (+/- 6.06%)
Fold: 45 of 50 Acc: 88.24% Mean: 85.89% (+/- 6.00%)
Fold: 46 of 50 Acc: 88.24% Mean: 85.94% (+/- 5.95%)
Fold: 47 of 50 Acc: 85.29% Mean: 85.93% (+/- 5.88%)
Fold: 48 of 50 Acc: 85.29% Mean: 85.91% (+/- 5.82%)
Fold: 49 of 50 Acc: 82.35% Mean: 85.84% (+/- 5.79%)
Fold: 50 of 50 Acc: 79.41% Mean: 85.71% (+/- 5.80%)
Model Type: ResNet50V2
Fold: 1 of 50 Acc: 74.29% Mean: 74.29% (+/- 0.00%)
Fold: 2 of 50 Acc: 88.57% Mean: 81.43% (+/- 7.14%)
Fold: 3 of 50 Acc: 85.29% Mean: 82.72% (+/- 6.11%)
Fold: 4 of 50 Acc: 88.24% Mean: 84.10% (+/- 5.81%)
Fold: 5 of 50 Acc: 91.18% Mean: 85.51% (+/- 5.92%)
Fold: 6 of 50 Acc: 79.41% Mean: 84.50% (+/- 5.86%)
Fold: 7 of 50 Acc: 79.41% Mean: 83.77% (+/- 5.71%)
Fold: 8 of 50 Acc: 88.24% Mean: 84.33% (+/- 5.54%)
Fold: 9 of 50 Acc: 88.24% Mean: 84.76% (+/- 5.37%)
Fold: 10 of 50 Acc: 79.41% Mean: 84.23% (+/- 5.34%)
Fold: 11 of 50 Acc: 85.71% Mean: 84.36% (+/- 5.11%)
Fold: 12 of 50 Acc: 80.00% Mean: 84.00% (+/- 5.04%)
Fold: 13 of 50 Acc: 94.12% Mean: 84.78% (+/- 5.54%)
Fold: 14 of 50 Acc: 79.41% Mean: 84.39% (+/- 5.51%)
Fold: 15 of 50 Acc: 85.29% Mean: 84.45% (+/- 5.33%)
Fold: 16 of 50 Acc: 79.41% Mean: 84.14% (+/- 5.30%)
Fold: 17 of 50 Acc: 82.35% Mean: 84.03% (+/- 5.16%)
Fold: 18 of 50 Acc: 85.29% Mean: 84.10% (+/- 5.03%)
Fold: 19 of 50 Acc: 91.18% Mean: 84.48% (+/- 5.14%)
Fold: 20 of 50 Acc: 82.35% Mean: 84.37% (+/- 5.03%)
Fold: 21 of 50 Acc: 82.86% Mean: 84.30% (+/- 4.92%)
Fold: 22 of 50 Acc: 85.71% Mean: 84.36% (+/- 4.82%)
Fold: 23 of 50 Acc: 88.24% Mean: 84.53% (+/- 4.78%)
Fold: 24 of 50 Acc: 82.35% Mean: 84.44% (+/- 4.70%)
Fold: 25 of 50 Acc: 73.53% Mean: 84.00% (+/- 5.07%)
Fold: 26 of 50 Acc: 88.24% Mean: 84.17% (+/- 5.04%)
Fold: 27 of 50 Acc: 79.41% Mean: 83.99% (+/- 5.03%)
Fold: 28 of 50 Acc: 88.24% Mean: 84.14% (+/- 5.00%)
Fold: 29 of 50 Acc: 79.41% Mean: 83.98% (+/- 4.99%)
Fold: 30 of 50 Acc: 82.35% Mean: 83.92% (+/- 4.91%)
Fold: 31 of 50 Acc: 82.86% Mean: 83.89% (+/- 4.84%)
Fold: 32 of 50 Acc: 91.43% Mean: 84.13% (+/- 4.94%)
Fold: 33 of 50 Acc: 82.35% Mean: 84.07% (+/- 4.87%)
Fold: 34 of 50 Acc: 64.71% Mean: 83.50% (+/- 5.81%)
Fold: 35 of 50 Acc: 91.18% Mean: 83.72% (+/- 5.87%)
Fold: 36 of 50 Acc: 82.35% Mean: 83.68% (+/- 5.79%)
Fold: 37 of 50 Acc: 88.24% Mean: 83.81% (+/- 5.76%)
Fold: 38 of 50 Acc: 76.47% Mean: 83.61% (+/- 5.80%)
Fold: 39 of 50 Acc: 85.29% Mean: 83.66% (+/- 5.73%)
Fold: 40 of 50 Acc: 76.47% Mean: 83.48% (+/- 5.77%)
Fold: 41 of 50 Acc: 88.57% Mean: 83.60% (+/- 5.75%)
Fold: 42 of 50 Acc: 85.71% Mean: 83.65% (+/- 5.69%)
Fold: 43 of 50 Acc: 88.24% Mean: 83.76% (+/- 5.67%)
Fold: 44 of 50 Acc: 85.29% Mean: 83.79% (+/- 5.61%)
Fold: 45 of 50 Acc: 82.35% Mean: 83.76% (+/- 5.55%)
Fold: 46 of 50 Acc: 91.18% Mean: 83.92% (+/- 5.60%)
Fold: 47 of 50 Acc: 85.29% Mean: 83.95% (+/- 5.54%)
Fold: 48 of 50 Acc: 73.53% Mean: 83.73% (+/- 5.68%)
Fold: 49 of 50 Acc: 79.41% Mean: 83.65% (+/- 5.65%)
Fold: 50 of 50 Acc: 88.24% Mean: 83.74% (+/- 5.63%)
Model Type: ResNet101V2
Fold: 1 of 50 Acc: 88.57% Mean: 88.57% (+/- 0.00%)
Fold: 2 of 50 Acc: 91.43% Mean: 90.00% (+/- 1.43%)
Fold: 3 of 50 Acc: 94.12% Mean: 91.37% (+/- 2.26%)
Fold: 4 of 50 Acc: 94.12% Mean: 92.06% (+/- 2.29%)
Fold: 5 of 50 Acc: 91.18% Mean: 91.88% (+/- 2.08%)
Fold: 6 of 50 Acc: 70.59% Mean: 88.33% (+/- 8.16%)
Fold: 7 of 50 Acc: 76.47% Mean: 86.64% (+/- 8.62%)
Fold: 8 of 50 Acc: 91.18% Mean: 87.21% (+/- 8.20%)
Fold: 9 of 50 Acc: 85.29% Mean: 86.99% (+/- 7.76%)
Fold: 10 of 50 Acc: 79.41% Mean: 86.24% (+/- 7.70%)
Fold: 11 of 50 Acc: 91.43% Mean: 86.71% (+/- 7.49%)
Fold: 12 of 50 Acc: 88.57% Mean: 86.86% (+/- 7.19%)
Fold: 13 of 50 Acc: 85.29% Mean: 86.74% (+/- 6.92%)
Fold: 14 of 50 Acc: 97.06% Mean: 87.48% (+/- 7.18%)
Fold: 15 of 50 Acc: 94.12% Mean: 87.92% (+/- 7.13%)
Fold: 16 of 50 Acc: 85.29% Mean: 87.76% (+/- 6.94%)
Fold: 17 of 50 Acc: 85.29% Mean: 87.61% (+/- 6.75%)
Fold: 18 of 50 Acc: 94.12% Mean: 87.97% (+/- 6.73%)
Fold: 19 of 50 Acc: 73.53% Mean: 87.21% (+/- 7.30%)
Fold: 20 of 50 Acc: 76.47% Mean: 86.68% (+/- 7.49%)
Fold: 21 of 50 Acc: 80.00% Mean: 86.36% (+/- 7.45%)
Fold: 22 of 50 Acc: 88.57% Mean: 86.46% (+/- 7.29%)
Fold: 23 of 50 Acc: 85.29% Mean: 86.41% (+/- 7.14%)
Fold: 24 of 50 Acc: 85.29% Mean: 86.36% (+/- 6.99%)
Fold: 25 of 50 Acc: 85.29% Mean: 86.32% (+/- 6.85%)
Fold: 26 of 50 Acc: 85.29% Mean: 86.28% (+/- 6.72%)
Fold: 27 of 50 Acc: 94.12% Mean: 86.57% (+/- 6.76%)
Fold: 28 of 50 Acc: 88.24% Mean: 86.63% (+/- 6.64%)
Fold: 29 of 50 Acc: 88.24% Mean: 86.69% (+/- 6.54%)
Fold: 30 of 50 Acc: 79.41% Mean: 86.44% (+/- 6.56%)
Fold: 31 of 50 Acc: 85.71% Mean: 86.42% (+/- 6.45%)
Fold: 32 of 50 Acc: 91.43% Mean: 86.58% (+/- 6.41%)
Fold: 33 of 50 Acc: 88.24% Mean: 86.63% (+/- 6.32%)
Fold: 34 of 50 Acc: 85.29% Mean: 86.59% (+/- 6.23%)
Fold: 35 of 50 Acc: 94.12% Mean: 86.80% (+/- 6.27%)
Fold: 36 of 50 Acc: 88.24% Mean: 86.84% (+/- 6.18%)
Fold: 37 of 50 Acc: 94.12% Mean: 87.04% (+/- 6.21%)
Fold: 38 of 50 Acc: 70.59% Mean: 86.61% (+/- 6.67%)
Fold: 39 of 50 Acc: 94.12% Mean: 86.80% (+/- 6.69%)
Fold: 40 of 50 Acc: 82.35% Mean: 86.69% (+/- 6.64%)
Fold: 41 of 50 Acc: 80.00% Mean: 86.52% (+/- 6.64%)
Fold: 42 of 50 Acc: 88.57% Mean: 86.57% (+/- 6.57%)
Fold: 43 of 50 Acc: 82.35% Mean: 86.47% (+/- 6.52%)
Fold: 44 of 50 Acc: 88.24% Mean: 86.51% (+/- 6.46%)
Fold: 45 of 50 Acc: 88.24% Mean: 86.55% (+/- 6.39%)
Fold: 46 of 50 Acc: 94.12% Mean: 86.72% (+/- 6.41%)
Fold: 47 of 50 Acc: 88.24% Mean: 86.75% (+/- 6.35%)
Fold: 48 of 50 Acc: 82.35% Mean: 86.66% (+/- 6.31%)
Fold: 49 of 50 Acc: 88.24% Mean: 86.69% (+/- 6.25%)
Fold: 50 of 50 Acc: 91.18% Mean: 86.78% (+/- 6.22%)
Model Type: ResNet152V2
Fold: 1 of 50 Acc: 80.00% Mean: 80.00% (+/- 0.00%)
Fold: 2 of 50 Acc: 94.29% Mean: 87.14% (+/- 7.14%)
Fold: 3 of 50 Acc: 91.18% Mean: 88.49% (+/- 6.13%)
Fold: 4 of 50 Acc: 88.24% Mean: 88.42% (+/- 5.31%)
Fold: 5 of 50 Acc: 94.12% Mean: 89.56% (+/- 5.27%)
Fold: 6 of 50 Acc: 91.18% Mean: 89.83% (+/- 4.85%)
Fold: 7 of 50 Acc: 79.41% Mean: 88.34% (+/- 5.78%)
Fold: 8 of 50 Acc: 76.47% Mean: 86.86% (+/- 6.68%)
Fold: 9 of 50 Acc: 94.12% Mean: 87.67% (+/- 6.70%)
Fold: 10 of 50 Acc: 85.29% Mean: 87.43% (+/- 6.40%)
Fold: 11 of 50 Acc: 94.29% Mean: 88.05% (+/- 6.41%)
Fold: 12 of 50 Acc: 85.71% Mean: 87.86% (+/- 6.17%)
Fold: 13 of 50 Acc: 94.12% Mean: 88.34% (+/- 6.16%)
Fold: 14 of 50 Acc: 85.29% Mean: 88.12% (+/- 5.99%)
Fold: 15 of 50 Acc: 88.24% Mean: 88.13% (+/- 5.78%)
Fold: 16 of 50 Acc: 88.24% Mean: 88.14% (+/- 5.60%)
Fold: 17 of 50 Acc: 91.18% Mean: 88.31% (+/- 5.48%)
Fold: 18 of 50 Acc: 88.24% Mean: 88.31% (+/- 5.33%)
Fold: 19 of 50 Acc: 85.29% Mean: 88.15% (+/- 5.23%)
Fold: 20 of 50 Acc: 91.18% Mean: 88.30% (+/- 5.14%)
Fold: 21 of 50 Acc: 77.14% Mean: 87.77% (+/- 5.55%)
Fold: 22 of 50 Acc: 91.43% Mean: 87.94% (+/- 5.47%)
Fold: 23 of 50 Acc: 97.06% Mean: 88.33% (+/- 5.67%)
Fold: 24 of 50 Acc: 94.12% Mean: 88.57% (+/- 5.67%)
Fold: 25 of 50 Acc: 85.29% Mean: 88.44% (+/- 5.59%)
Fold: 26 of 50 Acc: 100.00% Mean: 88.89% (+/- 5.92%)
Fold: 27 of 50 Acc: 91.18% Mean: 88.97% (+/- 5.82%)
Fold: 28 of 50 Acc: 97.06% Mean: 89.26% (+/- 5.91%)
Fold: 29 of 50 Acc: 88.24% Mean: 89.23% (+/- 5.81%)
Fold: 30 of 50 Acc: 82.35% Mean: 89.00% (+/- 5.84%)
Fold: 31 of 50 Acc: 88.57% Mean: 88.98% (+/- 5.75%)
Fold: 32 of 50 Acc: 88.57% Mean: 88.97% (+/- 5.66%)
Fold: 33 of 50 Acc: 85.29% Mean: 88.86% (+/- 5.61%)
Fold: 34 of 50 Acc: 88.24% Mean: 88.84% (+/- 5.53%)
Fold: 35 of 50 Acc: 100.00% Mean: 89.16% (+/- 5.76%)
Fold: 36 of 50 Acc: 88.24% Mean: 89.13% (+/- 5.68%)
Fold: 37 of 50 Acc: 82.35% Mean: 88.95% (+/- 5.71%)
Fold: 38 of 50 Acc: 94.12% Mean: 89.09% (+/- 5.69%)
Fold: 39 of 50 Acc: 88.24% Mean: 89.06% (+/- 5.62%)
Fold: 40 of 50 Acc: 91.18% Mean: 89.12% (+/- 5.56%)
Fold: 41 of 50 Acc: 94.29% Mean: 89.24% (+/- 5.55%)
Fold: 42 of 50 Acc: 82.86% Mean: 89.09% (+/- 5.57%)
Fold: 43 of 50 Acc: 91.18% Mean: 89.14% (+/- 5.51%)
Fold: 44 of 50 Acc: 85.29% Mean: 89.05% (+/- 5.48%)
Fold: 45 of 50 Acc: 79.41% Mean: 88.84% (+/- 5.60%)
Fold: 46 of 50 Acc: 91.18% Mean: 88.89% (+/- 5.55%)
Fold: 47 of 50 Acc: 94.12% Mean: 89.00% (+/- 5.54%)
Fold: 48 of 50 Acc: 76.47% Mean: 88.74% (+/- 5.77%)
Fold: 49 of 50 Acc: 91.18% Mean: 88.79% (+/- 5.72%)
Fold: 50 of 50 Acc: 91.18% Mean: 88.84% (+/- 5.67%)
Model Type: InceptionV3
Fold: 1 of 50 Acc: 85.71% Mean: 85.71% (+/- 0.00%)
Fold: 2 of 50 Acc: 94.29% Mean: 90.00% (+/- 4.29%)
Fold: 3 of 50 Acc: 100.00% Mean: 93.33% (+/- 5.87%)
Fold: 4 of 50 Acc: 85.29% Mean: 91.32% (+/- 6.16%)
Fold: 5 of 50 Acc: 91.18% Mean: 91.29% (+/- 5.51%)
Fold: 6 of 50 Acc: 88.24% Mean: 90.78% (+/- 5.16%)
Fold: 7 of 50 Acc: 85.29% Mean: 90.00% (+/- 5.15%)
Fold: 8 of 50 Acc: 85.29% Mean: 89.41% (+/- 5.06%)
Fold: 9 of 50 Acc: 91.18% Mean: 89.61% (+/- 4.80%)
Fold: 10 of 50 Acc: 85.29% Mean: 89.18% (+/- 4.74%)
Fold: 11 of 50 Acc: 85.71% Mean: 88.86% (+/- 4.63%)
Fold: 12 of 50 Acc: 85.71% Mean: 88.60% (+/- 4.51%)
Fold: 13 of 50 Acc: 94.12% Mean: 89.02% (+/- 4.58%)
Fold: 14 of 50 Acc: 97.06% Mean: 89.60% (+/- 4.87%)
Fold: 15 of 50 Acc: 88.24% Mean: 89.51% (+/- 4.72%)
Fold: 16 of 50 Acc: 82.35% Mean: 89.06% (+/- 4.89%)
Fold: 17 of 50 Acc: 91.18% Mean: 89.18% (+/- 4.77%)
Fold: 18 of 50 Acc: 88.24% Mean: 89.13% (+/- 4.64%)
Fold: 19 of 50 Acc: 94.12% Mean: 89.39% (+/- 4.65%)
Fold: 20 of 50 Acc: 88.24% Mean: 89.34% (+/- 4.54%)
Fold: 21 of 50 Acc: 85.71% Mean: 89.16% (+/- 4.50%)
Fold: 22 of 50 Acc: 88.57% Mean: 89.14% (+/- 4.39%)
Fold: 23 of 50 Acc: 85.29% Mean: 88.97% (+/- 4.37%)
Fold: 24 of 50 Acc: 94.12% Mean: 89.18% (+/- 4.40%)
Fold: 25 of 50 Acc: 88.24% Mean: 89.15% (+/- 4.31%)
Fold: 26 of 50 Acc: 94.12% Mean: 89.34% (+/- 4.34%)
Fold: 27 of 50 Acc: 91.18% Mean: 89.41% (+/- 4.27%)
Fold: 28 of 50 Acc: 88.24% Mean: 89.36% (+/- 4.20%)
Fold: 29 of 50 Acc: 88.24% Mean: 89.32% (+/- 4.13%)
Fold: 30 of 50 Acc: 85.29% Mean: 89.19% (+/- 4.13%)
Fold: 31 of 50 Acc: 85.71% Mean: 89.08% (+/- 4.10%)
Fold: 32 of 50 Acc: 97.14% Mean: 89.33% (+/- 4.28%)
Fold: 33 of 50 Acc: 94.12% Mean: 89.48% (+/- 4.29%)
Fold: 34 of 50 Acc: 88.24% Mean: 89.44% (+/- 4.23%)
Fold: 35 of 50 Acc: 85.29% Mean: 89.32% (+/- 4.23%)
Fold: 36 of 50 Acc: 94.12% Mean: 89.45% (+/- 4.24%)
Fold: 37 of 50 Acc: 82.35% Mean: 89.26% (+/- 4.34%)
Fold: 38 of 50 Acc: 97.06% Mean: 89.47% (+/- 4.46%)
Fold: 39 of 50 Acc: 91.18% Mean: 89.51% (+/- 4.41%)
Fold: 40 of 50 Acc: 82.35% Mean: 89.33% (+/- 4.50%)
Fold: 41 of 50 Acc: 91.43% Mean: 89.38% (+/- 4.45%)
Fold: 42 of 50 Acc: 91.43% Mean: 89.43% (+/- 4.41%)
Fold: 43 of 50 Acc: 97.06% Mean: 89.61% (+/- 4.51%)
Fold: 44 of 50 Acc: 85.29% Mean: 89.51% (+/- 4.50%)
Fold: 45 of 50 Acc: 85.29% Mean: 89.42% (+/- 4.50%)
Fold: 46 of 50 Acc: 94.12% Mean: 89.52% (+/- 4.50%)
Fold: 47 of 50 Acc: 91.18% Mean: 89.55% (+/- 4.46%)
Fold: 48 of 50 Acc: 88.24% Mean: 89.53% (+/- 4.42%)
Fold: 49 of 50 Acc: 88.24% Mean: 89.50% (+/- 4.37%)
Fold: 50 of 50 Acc: 88.24% Mean: 89.48% (+/- 4.33%)
Model Type: InceptionResNetV2
Fold: 1 of 50 Acc: 82.86% Mean: 82.86% (+/- 0.00%)
Fold: 2 of 50 Acc: 82.86% Mean: 82.86% (+/- 0.00%)
Fold: 3 of 50 Acc: 88.24% Mean: 84.65% (+/- 2.54%)
Fold: 4 of 50 Acc: 91.18% Mean: 86.28% (+/- 3.58%)
Fold: 5 of 50 Acc: 88.24% Mean: 86.67% (+/- 3.29%)
Fold: 6 of 50 Acc: 82.35% Mean: 85.95% (+/- 3.41%)
Fold: 7 of 50 Acc: 64.71% Mean: 82.92% (+/- 8.08%)
Fold: 8 of 50 Acc: 82.35% Mean: 82.85% (+/- 7.56%)
Fold: 9 of 50 Acc: 94.12% Mean: 84.10% (+/- 7.96%)
Fold: 10 of 50 Acc: 82.35% Mean: 83.92% (+/- 7.57%)
Fold: 11 of 50 Acc: 85.71% Mean: 84.09% (+/- 7.23%)
Fold: 12 of 50 Acc: 77.14% Mean: 83.51% (+/- 7.19%)
Fold: 13 of 50 Acc: 88.24% Mean: 83.87% (+/- 7.02%)
Fold: 14 of 50 Acc: 91.18% Mean: 84.39% (+/- 7.02%)
Fold: 15 of 50 Acc: 88.24% Mean: 84.65% (+/- 6.85%)
Fold: 16 of 50 Acc: 82.35% Mean: 84.51% (+/- 6.66%)
Fold: 17 of 50 Acc: 76.47% Mean: 84.03% (+/- 6.73%)
Fold: 18 of 50 Acc: 94.12% Mean: 84.59% (+/- 6.93%)
Fold: 19 of 50 Acc: 76.47% Mean: 84.17% (+/- 6.99%)
Fold: 20 of 50 Acc: 88.24% Mean: 84.37% (+/- 6.87%)
Fold: 21 of 50 Acc: 91.43% Mean: 84.71% (+/- 6.87%)
Fold: 22 of 50 Acc: 80.00% Mean: 84.49% (+/- 6.78%)
Fold: 23 of 50 Acc: 85.29% Mean: 84.53% (+/- 6.64%)
Fold: 24 of 50 Acc: 82.35% Mean: 84.44% (+/- 6.51%)
Fold: 25 of 50 Acc: 76.47% Mean: 84.12% (+/- 6.57%)
Fold: 26 of 50 Acc: 97.06% Mean: 84.62% (+/- 6.90%)
Fold: 27 of 50 Acc: 82.35% Mean: 84.53% (+/- 6.79%)
Fold: 28 of 50 Acc: 82.35% Mean: 84.45% (+/- 6.68%)
Fold: 29 of 50 Acc: 76.47% Mean: 84.18% (+/- 6.72%)
Fold: 30 of 50 Acc: 79.41% Mean: 84.02% (+/- 6.66%)
Fold: 31 of 50 Acc: 85.71% Mean: 84.07% (+/- 6.56%)
Fold: 32 of 50 Acc: 94.29% Mean: 84.39% (+/- 6.70%)
Fold: 33 of 50 Acc: 88.24% Mean: 84.51% (+/- 6.63%)
Fold: 34 of 50 Acc: 82.35% Mean: 84.45% (+/- 6.54%)
Fold: 35 of 50 Acc: 91.18% Mean: 84.64% (+/- 6.54%)
Fold: 36 of 50 Acc: 82.35% Mean: 84.58% (+/- 6.46%)
Fold: 37 of 50 Acc: 73.53% Mean: 84.28% (+/- 6.62%)
Fold: 38 of 50 Acc: 82.35% Mean: 84.23% (+/- 6.54%)
Fold: 39 of 50 Acc: 85.29% Mean: 84.25% (+/- 6.46%)
Fold: 40 of 50 Acc: 82.35% Mean: 84.21% (+/- 6.39%)
Fold: 41 of 50 Acc: 85.71% Mean: 84.24% (+/- 6.31%)
Fold: 42 of 50 Acc: 82.86% Mean: 84.21% (+/- 6.24%)
Fold: 43 of 50 Acc: 94.12% Mean: 84.44% (+/- 6.34%)
Fold: 44 of 50 Acc: 82.35% Mean: 84.39% (+/- 6.28%)
Fold: 45 of 50 Acc: 91.18% Mean: 84.54% (+/- 6.29%)
Fold: 46 of 50 Acc: 100.00% Mean: 84.88% (+/- 6.62%)
Fold: 47 of 50 Acc: 91.18% Mean: 85.01% (+/- 6.61%)
Fold: 48 of 50 Acc: 55.88% Mean: 84.41% (+/- 7.75%)
Fold: 49 of 50 Acc: 88.24% Mean: 84.48% (+/- 7.69%)
Fold: 50 of 50 Acc: 88.24% Mean: 84.56% (+/- 7.63%)
Model Type: MobileNet
Fold: 1 of 50 Acc: 91.43% Mean: 91.43% (+/- 0.00%)
Fold: 2 of 50 Acc: 94.29% Mean: 92.86% (+/- 1.43%)
Fold: 3 of 50 Acc: 94.12% Mean: 93.28% (+/- 1.31%)
Fold: 4 of 50 Acc: 97.06% Mean: 94.22% (+/- 1.99%)
Fold: 5 of 50 Acc: 97.06% Mean: 94.79% (+/- 2.11%)
Fold: 6 of 50 Acc: 94.12% Mean: 94.68% (+/- 1.94%)
Fold: 7 of 50 Acc: 97.06% Mean: 95.02% (+/- 1.98%)
Fold: 8 of 50 Acc: 82.35% Mean: 93.43% (+/- 4.58%)
Fold: 9 of 50 Acc: 85.29% Mean: 92.53% (+/- 5.02%)
Fold: 10 of 50 Acc: 85.29% Mean: 91.81% (+/- 5.23%)
Fold: 11 of 50 Acc: 88.57% Mean: 91.51% (+/- 5.08%)
Fold: 12 of 50 Acc: 85.71% Mean: 91.03% (+/- 5.12%)
Fold: 13 of 50 Acc: 91.18% Mean: 91.04% (+/- 4.92%)
Fold: 14 of 50 Acc: 94.12% Mean: 91.26% (+/- 4.80%)
Fold: 15 of 50 Acc: 100.00% Mean: 91.84% (+/- 5.13%)
Fold: 16 of 50 Acc: 91.18% Mean: 91.80% (+/- 4.97%)
Fold: 17 of 50 Acc: 94.12% Mean: 91.94% (+/- 4.85%)
Fold: 18 of 50 Acc: 91.18% Mean: 91.90% (+/- 4.72%)
Fold: 19 of 50 Acc: 94.12% Mean: 92.01% (+/- 4.62%)
Fold: 20 of 50 Acc: 82.35% Mean: 91.53% (+/- 4.97%)
Fold: 21 of 50 Acc: 85.71% Mean: 91.25% (+/- 5.00%)
Fold: 22 of 50 Acc: 88.57% Mean: 91.13% (+/- 4.92%)
Fold: 23 of 50 Acc: 88.24% Mean: 91.00% (+/- 4.85%)
Fold: 24 of 50 Acc: 88.24% Mean: 90.89% (+/- 4.78%)
Fold: 25 of 50 Acc: 97.06% Mean: 91.14% (+/- 4.84%)
Fold: 26 of 50 Acc: 94.12% Mean: 91.25% (+/- 4.78%)
Fold: 27 of 50 Acc: 79.41% Mean: 90.81% (+/- 5.19%)
Fold: 28 of 50 Acc: 94.12% Mean: 90.93% (+/- 5.14%)
Fold: 29 of 50 Acc: 91.18% Mean: 90.94% (+/- 5.05%)
Fold: 30 of 50 Acc: 88.24% Mean: 90.85% (+/- 4.99%)
Fold: 31 of 50 Acc: 88.57% Mean: 90.78% (+/- 4.92%)
Fold: 32 of 50 Acc: 97.14% Mean: 90.97% (+/- 4.97%)
Fold: 33 of 50 Acc: 88.24% Mean: 90.89% (+/- 4.92%)
Fold: 34 of 50 Acc: 88.24% Mean: 90.81% (+/- 4.86%)
Fold: 35 of 50 Acc: 85.29% Mean: 90.66% (+/- 4.88%)
Fold: 36 of 50 Acc: 97.06% Mean: 90.83% (+/- 4.93%)
Fold: 37 of 50 Acc: 94.12% Mean: 90.92% (+/- 4.89%)
Fold: 38 of 50 Acc: 94.12% Mean: 91.01% (+/- 4.85%)
Fold: 39 of 50 Acc: 82.35% Mean: 90.78% (+/- 4.98%)
Fold: 40 of 50 Acc: 94.12% Mean: 90.87% (+/- 4.94%)
Fold: 41 of 50 Acc: 88.57% Mean: 90.81% (+/- 4.90%)
Fold: 42 of 50 Acc: 85.71% Mean: 90.69% (+/- 4.90%)
Fold: 43 of 50 Acc: 91.18% Mean: 90.70% (+/- 4.84%)
Fold: 44 of 50 Acc: 85.29% Mean: 90.58% (+/- 4.86%)
Fold: 45 of 50 Acc: 88.24% Mean: 90.53% (+/- 4.81%)
Fold: 46 of 50 Acc: 94.12% Mean: 90.60% (+/- 4.79%)
Fold: 47 of 50 Acc: 97.06% Mean: 90.74% (+/- 4.83%)
Fold: 48 of 50 Acc: 79.41% Mean: 90.51% (+/- 5.05%)
Fold: 49 of 50 Acc: 94.12% Mean: 90.58% (+/- 5.02%)
Fold: 50 of 50 Acc: 94.12% Mean: 90.65% (+/- 4.99%)
Model Type: DenseNet121
Fold: 1 of 50 Acc: 80.00% Mean: 80.00% (+/- 0.00%)
Fold: 2 of 50 Acc: 91.43% Mean: 85.71% (+/- 5.71%)
Fold: 3 of 50 Acc: 88.24% Mean: 86.55% (+/- 4.81%)
Fold: 4 of 50 Acc: 88.24% Mean: 86.97% (+/- 4.23%)
Fold: 5 of 50 Acc: 91.18% Mean: 87.82% (+/- 4.14%)
Fold: 6 of 50 Acc: 94.12% Mean: 88.87% (+/- 4.45%)
Fold: 7 of 50 Acc: 82.35% Mean: 87.94% (+/- 4.71%)
Fold: 8 of 50 Acc: 82.35% Mean: 87.24% (+/- 4.78%)
Fold: 9 of 50 Acc: 91.18% Mean: 87.68% (+/- 4.67%)
Fold: 10 of 50 Acc: 85.29% Mean: 87.44% (+/- 4.49%)
Fold: 11 of 50 Acc: 91.43% Mean: 87.80% (+/- 4.43%)
Fold: 12 of 50 Acc: 80.00% Mean: 87.15% (+/- 4.76%)
Fold: 13 of 50 Acc: 88.24% Mean: 87.23% (+/- 4.58%)
Fold: 14 of 50 Acc: 94.12% Mean: 87.73% (+/- 4.76%)
Fold: 15 of 50 Acc: 91.18% Mean: 87.96% (+/- 4.68%)
Fold: 16 of 50 Acc: 73.53% Mean: 87.05% (+/- 5.72%)
Fold: 17 of 50 Acc: 97.06% Mean: 87.64% (+/- 6.03%)
Fold: 18 of 50 Acc: 91.18% Mean: 87.84% (+/- 5.91%)
Fold: 19 of 50 Acc: 82.35% Mean: 87.55% (+/- 5.88%)
Fold: 20 of 50 Acc: 85.29% Mean: 87.44% (+/- 5.75%)
Fold: 21 of 50 Acc: 94.29% Mean: 87.76% (+/- 5.80%)
Fold: 22 of 50 Acc: 85.71% Mean: 87.67% (+/- 5.68%)
Fold: 23 of 50 Acc: 88.24% Mean: 87.69% (+/- 5.56%)
Fold: 24 of 50 Acc: 94.12% Mean: 87.96% (+/- 5.59%)
Fold: 25 of 50 Acc: 82.35% Mean: 87.74% (+/- 5.59%)
Fold: 26 of 50 Acc: 88.24% Mean: 87.76% (+/- 5.48%)
Fold: 27 of 50 Acc: 85.29% Mean: 87.67% (+/- 5.40%)
Fold: 28 of 50 Acc: 88.24% Mean: 87.69% (+/- 5.30%)
Fold: 29 of 50 Acc: 79.41% Mean: 87.40% (+/- 5.43%)
Fold: 30 of 50 Acc: 79.41% Mean: 87.13% (+/- 5.52%)
Fold: 31 of 50 Acc: 82.86% Mean: 87.00% (+/- 5.49%)
Fold: 32 of 50 Acc: 91.43% Mean: 87.13% (+/- 5.45%)
Fold: 33 of 50 Acc: 85.29% Mean: 87.08% (+/- 5.38%)
Fold: 34 of 50 Acc: 82.35% Mean: 86.94% (+/- 5.36%)
Fold: 35 of 50 Acc: 94.12% Mean: 87.15% (+/- 5.42%)
Fold: 36 of 50 Acc: 91.18% Mean: 87.26% (+/- 5.38%)
Fold: 37 of 50 Acc: 85.29% Mean: 87.20% (+/- 5.32%)
Fold: 38 of 50 Acc: 79.41% Mean: 87.00% (+/- 5.39%)
Fold: 39 of 50 Acc: 91.18% Mean: 87.11% (+/- 5.37%)
Fold: 40 of 50 Acc: 91.18% Mean: 87.21% (+/- 5.34%)
Fold: 41 of 50 Acc: 82.86% Mean: 87.10% (+/- 5.31%)
Fold: 42 of 50 Acc: 88.57% Mean: 87.14% (+/- 5.25%)
Fold: 43 of 50 Acc: 85.29% Mean: 87.09% (+/- 5.20%)
Fold: 44 of 50 Acc: 88.24% Mean: 87.12% (+/- 5.14%)
Fold: 45 of 50 Acc: 85.29% Mean: 87.08% (+/- 5.09%)
Fold: 46 of 50 Acc: 85.29% Mean: 87.04% (+/- 5.04%)
Fold: 47 of 50 Acc: 88.24% Mean: 87.07% (+/- 4.99%)
Fold: 48 of 50 Acc: 82.35% Mean: 86.97% (+/- 4.99%)
Fold: 49 of 50 Acc: 79.41% Mean: 86.81% (+/- 5.05%)
Fold: 50 of 50 Acc: 85.29% Mean: 86.78% (+/- 5.00%)
Model Type: DenseNet169
Fold: 1 of 50 Acc: 82.86% Mean: 82.86% (+/- 0.00%)
Fold: 2 of 50 Acc: 91.43% Mean: 87.14% (+/- 4.29%)
Fold: 3 of 50 Acc: 88.24% Mean: 87.51% (+/- 3.54%)
Fold: 4 of 50 Acc: 91.18% Mean: 88.42% (+/- 3.45%)
Fold: 5 of 50 Acc: 91.18% Mean: 88.97% (+/- 3.28%)
Fold: 6 of 50 Acc: 88.24% Mean: 88.85% (+/- 3.00%)
Fold: 7 of 50 Acc: 85.29% Mean: 88.34% (+/- 3.05%)
Fold: 8 of 50 Acc: 73.53% Mean: 86.49% (+/- 5.67%)
Fold: 9 of 50 Acc: 79.41% Mean: 85.70% (+/- 5.79%)
Fold: 10 of 50 Acc: 82.35% Mean: 85.37% (+/- 5.58%)
Fold: 11 of 50 Acc: 88.57% Mean: 85.66% (+/- 5.40%)
Fold: 12 of 50 Acc: 82.86% Mean: 85.43% (+/- 5.23%)
Fold: 13 of 50 Acc: 79.41% Mean: 84.96% (+/- 5.27%)
Fold: 14 of 50 Acc: 88.24% Mean: 85.20% (+/- 5.15%)
Fold: 15 of 50 Acc: 85.29% Mean: 85.20% (+/- 4.98%)
Fold: 16 of 50 Acc: 76.47% Mean: 84.66% (+/- 5.26%)
Fold: 17 of 50 Acc: 94.12% Mean: 85.22% (+/- 5.57%)
Fold: 18 of 50 Acc: 91.18% Mean: 85.55% (+/- 5.58%)
Fold: 19 of 50 Acc: 88.24% Mean: 85.69% (+/- 5.47%)
Fold: 20 of 50 Acc: 82.35% Mean: 85.52% (+/- 5.38%)
Fold: 21 of 50 Acc: 88.57% Mean: 85.67% (+/- 5.29%)
Fold: 22 of 50 Acc: 91.43% Mean: 85.93% (+/- 5.30%)
Fold: 23 of 50 Acc: 82.35% Mean: 85.77% (+/- 5.24%)
Fold: 24 of 50 Acc: 88.24% Mean: 85.88% (+/- 5.15%)
Fold: 25 of 50 Acc: 91.18% Mean: 86.09% (+/- 5.15%)
Fold: 26 of 50 Acc: 88.24% Mean: 86.17% (+/- 5.07%)
Fold: 27 of 50 Acc: 88.24% Mean: 86.25% (+/- 4.99%)
Fold: 28 of 50 Acc: 91.18% Mean: 86.42% (+/- 4.98%)
Fold: 29 of 50 Acc: 79.41% Mean: 86.18% (+/- 5.06%)
Fold: 30 of 50 Acc: 85.29% Mean: 86.15% (+/- 4.98%)
Fold: 31 of 50 Acc: 85.71% Mean: 86.14% (+/- 4.90%)
Fold: 32 of 50 Acc: 91.43% Mean: 86.30% (+/- 4.91%)
Fold: 33 of 50 Acc: 91.18% Mean: 86.45% (+/- 4.91%)
Fold: 34 of 50 Acc: 76.47% Mean: 86.16% (+/- 5.12%)
Fold: 35 of 50 Acc: 91.18% Mean: 86.30% (+/- 5.11%)
Fold: 36 of 50 Acc: 82.35% Mean: 86.19% (+/- 5.08%)
Fold: 37 of 50 Acc: 85.29% Mean: 86.17% (+/- 5.02%)
Fold: 38 of 50 Acc: 94.12% Mean: 86.38% (+/- 5.11%)
Fold: 39 of 50 Acc: 88.24% Mean: 86.42% (+/- 5.05%)
Fold: 40 of 50 Acc: 97.06% Mean: 86.69% (+/- 5.26%)
Fold: 41 of 50 Acc: 77.14% Mean: 86.46% (+/- 5.40%)
Fold: 42 of 50 Acc: 88.57% Mean: 86.51% (+/- 5.35%)
Fold: 43 of 50 Acc: 88.24% Mean: 86.55% (+/- 5.29%)
Fold: 44 of 50 Acc: 82.35% Mean: 86.45% (+/- 5.27%)
Fold: 45 of 50 Acc: 85.29% Mean: 86.43% (+/- 5.21%)
Fold: 46 of 50 Acc: 88.24% Mean: 86.47% (+/- 5.16%)
Fold: 47 of 50 Acc: 94.12% Mean: 86.63% (+/- 5.22%)
Fold: 48 of 50 Acc: 82.35% Mean: 86.54% (+/- 5.20%)
Fold: 49 of 50 Acc: 82.35% Mean: 86.45% (+/- 5.18%)
Fold: 50 of 50 Acc: 88.24% Mean: 86.49% (+/- 5.14%)
Model Type: DenseNet201
Fold: 1 of 50 Acc: 88.57% Mean: 88.57% (+/- 0.00%)
Fold: 2 of 50 Acc: 91.43% Mean: 90.00% (+/- 1.43%)
Fold: 3 of 50 Acc: 82.35% Mean: 87.45% (+/- 3.79%)
Fold: 4 of 50 Acc: 94.12% Mean: 89.12% (+/- 4.37%)
Fold: 5 of 50 Acc: 94.12% Mean: 90.12% (+/- 4.39%)
Fold: 6 of 50 Acc: 94.12% Mean: 90.78% (+/- 4.28%)
Fold: 7 of 50 Acc: 91.18% Mean: 90.84% (+/- 3.96%)
Fold: 8 of 50 Acc: 76.47% Mean: 89.04% (+/- 6.03%)
Fold: 9 of 50 Acc: 88.24% Mean: 88.95% (+/- 5.69%)
Fold: 10 of 50 Acc: 88.24% Mean: 88.88% (+/- 5.40%)
Fold: 11 of 50 Acc: 94.29% Mean: 89.37% (+/- 5.38%)
Fold: 12 of 50 Acc: 82.86% Mean: 88.83% (+/- 5.45%)
Fold: 13 of 50 Acc: 88.24% Mean: 88.78% (+/- 5.24%)
Fold: 14 of 50 Acc: 94.12% Mean: 89.17% (+/- 5.24%)
Fold: 15 of 50 Acc: 94.12% Mean: 89.50% (+/- 5.21%)
Fold: 16 of 50 Acc: 82.35% Mean: 89.05% (+/- 5.33%)
Fold: 17 of 50 Acc: 91.18% Mean: 89.17% (+/- 5.19%)
Fold: 18 of 50 Acc: 94.12% Mean: 89.45% (+/- 5.17%)
Fold: 19 of 50 Acc: 88.24% Mean: 89.39% (+/- 5.04%)
Fold: 20 of 50 Acc: 94.12% Mean: 89.62% (+/- 5.02%)
Fold: 21 of 50 Acc: 82.86% Mean: 89.30% (+/- 5.11%)
Fold: 22 of 50 Acc: 88.57% Mean: 89.27% (+/- 4.99%)
Fold: 23 of 50 Acc: 88.24% Mean: 89.22% (+/- 4.89%)
Fold: 24 of 50 Acc: 88.24% Mean: 89.18% (+/- 4.79%)
Fold: 25 of 50 Acc: 91.18% Mean: 89.26% (+/- 4.71%)
Fold: 26 of 50 Acc: 91.18% Mean: 89.33% (+/- 4.63%)
Fold: 27 of 50 Acc: 82.35% Mean: 89.08% (+/- 4.73%)
Fold: 28 of 50 Acc: 94.12% Mean: 89.26% (+/- 4.74%)
Fold: 29 of 50 Acc: 82.35% Mean: 89.02% (+/- 4.83%)
Fold: 30 of 50 Acc: 82.35% Mean: 88.80% (+/- 4.89%)
Fold: 31 of 50 Acc: 74.29% Mean: 88.33% (+/- 5.45%)
Fold: 32 of 50 Acc: 97.14% Mean: 88.60% (+/- 5.58%)
Fold: 33 of 50 Acc: 82.35% Mean: 88.41% (+/- 5.60%)
Fold: 34 of 50 Acc: 82.35% Mean: 88.24% (+/- 5.61%)
Fold: 35 of 50 Acc: 88.24% Mean: 88.24% (+/- 5.53%)
Fold: 36 of 50 Acc: 91.18% Mean: 88.32% (+/- 5.48%)
Fold: 37 of 50 Acc: 85.29% Mean: 88.24% (+/- 5.42%)
Fold: 38 of 50 Acc: 97.06% Mean: 88.47% (+/- 5.53%)
Fold: 39 of 50 Acc: 97.06% Mean: 88.69% (+/- 5.63%)
Fold: 40 of 50 Acc: 88.24% Mean: 88.68% (+/- 5.56%)
Fold: 41 of 50 Acc: 88.57% Mean: 88.67% (+/- 5.49%)
Fold: 42 of 50 Acc: 82.86% Mean: 88.54% (+/- 5.50%)
Fold: 43 of 50 Acc: 94.12% Mean: 88.67% (+/- 5.50%)
Fold: 44 of 50 Acc: 85.29% Mean: 88.59% (+/- 5.46%)
Fold: 45 of 50 Acc: 88.24% Mean: 88.58% (+/- 5.40%)
Fold: 46 of 50 Acc: 94.12% Mean: 88.70% (+/- 5.40%)
Fold: 47 of 50 Acc: 94.12% Mean: 88.82% (+/- 5.40%)
Fold: 48 of 50 Acc: 82.35% Mean: 88.68% (+/- 5.42%)
Fold: 49 of 50 Acc: 70.59% Mean: 88.31% (+/- 5.94%)
Fold: 50 of 50 Acc: 91.18% Mean: 88.37% (+/- 5.90%)
Model Type: NASNetMobile
Fold: 1 of 50 Acc: 62.86% Mean: 62.86% (+/- 0.00%)
Fold: 2 of 50 Acc: 74.29% Mean: 68.57% (+/- 5.71%)
Fold: 3 of 50 Acc: 82.35% Mean: 73.17% (+/- 8.00%)
Fold: 4 of 50 Acc: 79.41% Mean: 74.73% (+/- 7.44%)
Fold: 5 of 50 Acc: 79.41% Mean: 75.66% (+/- 6.91%)
Fold: 6 of 50 Acc: 67.65% Mean: 74.33% (+/- 6.98%)
Fold: 7 of 50 Acc: 76.47% Mean: 74.63% (+/- 6.51%)
Fold: 8 of 50 Acc: 70.59% Mean: 74.13% (+/- 6.23%)
Fold: 9 of 50 Acc: 79.41% Mean: 74.72% (+/- 6.10%)
Fold: 10 of 50 Acc: 82.35% Mean: 75.48% (+/- 6.23%)
Fold: 11 of 50 Acc: 80.00% Mean: 75.89% (+/- 6.08%)
Fold: 12 of 50 Acc: 68.57% Mean: 75.28% (+/- 6.16%)
Fold: 13 of 50 Acc: 73.53% Mean: 75.15% (+/- 5.94%)
Fold: 14 of 50 Acc: 70.59% Mean: 74.82% (+/- 5.84%)
Fold: 15 of 50 Acc: 79.41% Mean: 75.13% (+/- 5.76%)
Fold: 16 of 50 Acc: 73.53% Mean: 75.03% (+/- 5.59%)
Fold: 17 of 50 Acc: 73.53% Mean: 74.94% (+/- 5.43%)
Fold: 18 of 50 Acc: 79.41% Mean: 75.19% (+/- 5.38%)
Fold: 19 of 50 Acc: 73.53% Mean: 75.10% (+/- 5.25%)
Fold: 20 of 50 Acc: 61.76% Mean: 74.43% (+/- 5.88%)
Fold: 21 of 50 Acc: 71.43% Mean: 74.29% (+/- 5.78%)
Fold: 22 of 50 Acc: 91.43% Mean: 75.07% (+/- 6.68%)
Fold: 23 of 50 Acc: 67.65% Mean: 74.75% (+/- 6.70%)
Fold: 24 of 50 Acc: 73.53% Mean: 74.70% (+/- 6.57%)
Fold: 25 of 50 Acc: 88.24% Mean: 75.24% (+/- 6.96%)
Fold: 26 of 50 Acc: 73.53% Mean: 75.17% (+/- 6.83%)
Fold: 27 of 50 Acc: 67.65% Mean: 74.89% (+/- 6.85%)
Fold: 28 of 50 Acc: 79.41% Mean: 75.05% (+/- 6.78%)
Fold: 29 of 50 Acc: 76.47% Mean: 75.10% (+/- 6.67%)
Fold: 30 of 50 Acc: 67.65% Mean: 74.85% (+/- 6.69%)
Fold: 31 of 50 Acc: 74.29% Mean: 74.84% (+/- 6.59%)
Fold: 32 of 50 Acc: 80.00% Mean: 75.00% (+/- 6.54%)
Fold: 33 of 50 Acc: 82.35% Mean: 75.22% (+/- 6.57%)
Fold: 34 of 50 Acc: 61.76% Mean: 74.82% (+/- 6.86%)
Fold: 35 of 50 Acc: 70.59% Mean: 74.70% (+/- 6.79%)
Fold: 36 of 50 Acc: 67.65% Mean: 74.51% (+/- 6.80%)
Fold: 37 of 50 Acc: 82.35% Mean: 74.72% (+/- 6.83%)
Fold: 38 of 50 Acc: 73.53% Mean: 74.69% (+/- 6.74%)
Fold: 39 of 50 Acc: 79.41% Mean: 74.81% (+/- 6.69%)
Fold: 40 of 50 Acc: 70.59% Mean: 74.70% (+/- 6.64%)
Fold: 41 of 50 Acc: 77.14% Mean: 74.76% (+/- 6.57%)
Fold: 42 of 50 Acc: 71.43% Mean: 74.68% (+/- 6.51%)
Fold: 43 of 50 Acc: 79.41% Mean: 74.79% (+/- 6.48%)
Fold: 44 of 50 Acc: 79.41% Mean: 74.90% (+/- 6.44%)
Fold: 45 of 50 Acc: 70.59% Mean: 74.80% (+/- 6.40%)
Fold: 46 of 50 Acc: 70.59% Mean: 74.71% (+/- 6.36%)
Fold: 47 of 50 Acc: 85.29% Mean: 74.94% (+/- 6.47%)
Fold: 48 of 50 Acc: 61.76% Mean: 74.66% (+/- 6.68%)
Fold: 49 of 50 Acc: 70.59% Mean: 74.58% (+/- 6.63%)
Fold: 50 of 50 Acc: 85.29% Mean: 74.79% (+/- 6.73%)
Model Type: MobileNetV2
Fold: 1 of 50 Acc: 77.14% Mean: 77.14% (+/- 0.00%)
Fold: 2 of 50 Acc: 74.29% Mean: 75.71% (+/- 1.43%)
Fold: 3 of 50 Acc: 82.35% Mean: 77.93% (+/- 3.34%)
Fold: 4 of 50 Acc: 76.47% Mean: 77.56% (+/- 2.96%)
Fold: 5 of 50 Acc: 82.35% Mean: 78.52% (+/- 3.27%)
Fold: 6 of 50 Acc: 85.29% Mean: 79.65% (+/- 3.91%)
Fold: 7 of 50 Acc: 64.71% Mean: 77.52% (+/- 6.36%)
Fold: 8 of 50 Acc: 91.18% Mean: 79.22% (+/- 7.47%)
Fold: 9 of 50 Acc: 79.41% Mean: 79.24% (+/- 7.04%)
Fold: 10 of 50 Acc: 73.53% Mean: 78.67% (+/- 6.90%)
Fold: 11 of 50 Acc: 85.71% Mean: 79.31% (+/- 6.88%)
Fold: 12 of 50 Acc: 82.86% Mean: 79.61% (+/- 6.66%)
Fold: 13 of 50 Acc: 76.47% Mean: 79.37% (+/- 6.45%)
Fold: 14 of 50 Acc: 88.24% Mean: 80.00% (+/- 6.63%)
Fold: 15 of 50 Acc: 91.18% Mean: 80.75% (+/- 6.98%)
Fold: 16 of 50 Acc: 79.41% Mean: 80.66% (+/- 6.77%)
Fold: 17 of 50 Acc: 73.53% Mean: 80.24% (+/- 6.78%)
Fold: 18 of 50 Acc: 100.00% Mean: 81.34% (+/- 7.99%)
Fold: 19 of 50 Acc: 79.41% Mean: 81.24% (+/- 7.79%)
Fold: 20 of 50 Acc: 67.65% Mean: 80.56% (+/- 8.15%)
Fold: 21 of 50 Acc: 71.43% Mean: 80.12% (+/- 8.19%)
Fold: 22 of 50 Acc: 82.86% Mean: 80.25% (+/- 8.02%)
Fold: 23 of 50 Acc: 73.53% Mean: 79.96% (+/- 7.96%)
Fold: 24 of 50 Acc: 85.29% Mean: 80.18% (+/- 7.87%)
Fold: 25 of 50 Acc: 88.24% Mean: 80.50% (+/- 7.87%)
Fold: 26 of 50 Acc: 88.24% Mean: 80.80% (+/- 7.86%)
Fold: 27 of 50 Acc: 88.24% Mean: 81.07% (+/- 7.84%)
Fold: 28 of 50 Acc: 73.53% Mean: 80.80% (+/- 7.82%)
Fold: 29 of 50 Acc: 76.47% Mean: 80.65% (+/- 7.73%)
Fold: 30 of 50 Acc: 73.53% Mean: 80.42% (+/- 7.70%)
Fold: 31 of 50 Acc: 74.29% Mean: 80.22% (+/- 7.66%)
Fold: 32 of 50 Acc: 85.71% Mean: 80.39% (+/- 7.60%)
Fold: 33 of 50 Acc: 88.24% Mean: 80.63% (+/- 7.60%)
Fold: 34 of 50 Acc: 82.35% Mean: 80.68% (+/- 7.49%)
Fold: 35 of 50 Acc: 82.35% Mean: 80.73% (+/- 7.39%)
Fold: 36 of 50 Acc: 88.24% Mean: 80.94% (+/- 7.39%)
Fold: 37 of 50 Acc: 67.65% Mean: 80.58% (+/- 7.60%)
Fold: 38 of 50 Acc: 85.29% Mean: 80.70% (+/- 7.54%)
Fold: 39 of 50 Acc: 85.29% Mean: 80.82% (+/- 7.48%)
Fold: 40 of 50 Acc: 64.71% Mean: 80.42% (+/- 7.80%)
Fold: 41 of 50 Acc: 82.86% Mean: 80.48% (+/- 7.71%)
Fold: 42 of 50 Acc: 85.71% Mean: 80.60% (+/- 7.66%)
Fold: 43 of 50 Acc: 70.59% Mean: 80.37% (+/- 7.72%)
Fold: 44 of 50 Acc: 91.18% Mean: 80.61% (+/- 7.80%)
Fold: 45 of 50 Acc: 70.59% Mean: 80.39% (+/- 7.85%)
Fold: 46 of 50 Acc: 73.53% Mean: 80.24% (+/- 7.83%)
Fold: 47 of 50 Acc: 91.18% Mean: 80.47% (+/- 7.91%)
Fold: 48 of 50 Acc: 73.53% Mean: 80.33% (+/- 7.89%)
Fold: 49 of 50 Acc: 85.29% Mean: 80.43% (+/- 7.84%)
Fold: 50 of 50 Acc: 85.29% Mean: 80.53% (+/- 7.79%)
Model Type: EfficientNetB0
Fold: 1 of 50 Acc: 80.00% Mean: 80.00% (+/- 0.00%)
Fold: 2 of 50 Acc: 91.43% Mean: 85.71% (+/- 5.71%)
Fold: 3 of 50 Acc: 82.35% Mean: 84.59% (+/- 4.93%)
Fold: 4 of 50 Acc: 91.18% Mean: 86.24% (+/- 5.13%)
Fold: 5 of 50 Acc: 82.35% Mean: 85.46% (+/- 4.85%)
Fold: 6 of 50 Acc: 85.29% Mean: 85.43% (+/- 4.42%)
Fold: 7 of 50 Acc: 85.29% Mean: 85.41% (+/- 4.10%)
Fold: 8 of 50 Acc: 82.35% Mean: 85.03% (+/- 3.96%)
Fold: 9 of 50 Acc: 88.24% Mean: 85.39% (+/- 3.87%)
Fold: 10 of 50 Acc: 85.29% Mean: 85.38% (+/- 3.67%)
Fold: 11 of 50 Acc: 91.43% Mean: 85.93% (+/- 3.91%)
Fold: 12 of 50 Acc: 74.29% Mean: 84.96% (+/- 4.94%)
Fold: 13 of 50 Acc: 94.12% Mean: 85.66% (+/- 5.33%)
Fold: 14 of 50 Acc: 91.18% Mean: 86.06% (+/- 5.33%)
Fold: 15 of 50 Acc: 88.24% Mean: 86.20% (+/- 5.18%)
Fold: 16 of 50 Acc: 88.24% Mean: 86.33% (+/- 5.04%)
Fold: 17 of 50 Acc: 82.35% Mean: 86.09% (+/- 4.98%)
Fold: 18 of 50 Acc: 97.06% Mean: 86.70% (+/- 5.45%)
Fold: 19 of 50 Acc: 79.41% Mean: 86.32% (+/- 5.55%)
Fold: 20 of 50 Acc: 76.47% Mean: 85.83% (+/- 5.82%)
Fold: 21 of 50 Acc: 82.86% Mean: 85.69% (+/- 5.71%)
Fold: 22 of 50 Acc: 85.71% Mean: 85.69% (+/- 5.58%)
Fold: 23 of 50 Acc: 82.35% Mean: 85.54% (+/- 5.50%)
Fold: 24 of 50 Acc: 91.18% Mean: 85.78% (+/- 5.50%)
Fold: 25 of 50 Acc: 82.35% Mean: 85.64% (+/- 5.43%)
Fold: 26 of 50 Acc: 88.24% Mean: 85.74% (+/- 5.35%)
Fold: 27 of 50 Acc: 88.24% Mean: 85.83% (+/- 5.27%)
Fold: 28 of 50 Acc: 88.24% Mean: 85.92% (+/- 5.20%)
Fold: 29 of 50 Acc: 97.06% Mean: 86.30% (+/- 5.50%)
Fold: 30 of 50 Acc: 73.53% Mean: 85.88% (+/- 5.87%)
Fold: 31 of 50 Acc: 85.71% Mean: 85.87% (+/- 5.77%)
Fold: 32 of 50 Acc: 94.29% Mean: 86.13% (+/- 5.87%)
Fold: 33 of 50 Acc: 79.41% Mean: 85.93% (+/- 5.89%)
Fold: 34 of 50 Acc: 82.35% Mean: 85.83% (+/- 5.84%)
Fold: 35 of 50 Acc: 88.24% Mean: 85.89% (+/- 5.77%)
Fold: 36 of 50 Acc: 82.35% Mean: 85.80% (+/- 5.72%)
Fold: 37 of 50 Acc: 85.29% Mean: 85.78% (+/- 5.64%)
Fold: 38 of 50 Acc: 91.18% Mean: 85.92% (+/- 5.63%)
Fold: 39 of 50 Acc: 82.35% Mean: 85.83% (+/- 5.59%)
Fold: 40 of 50 Acc: 88.24% Mean: 85.89% (+/- 5.53%)
Fold: 41 of 50 Acc: 91.43% Mean: 86.03% (+/- 5.53%)
Fold: 42 of 50 Acc: 80.00% Mean: 85.88% (+/- 5.54%)
Fold: 43 of 50 Acc: 97.06% Mean: 86.14% (+/- 5.73%)
Fold: 44 of 50 Acc: 88.24% Mean: 86.19% (+/- 5.67%)
Fold: 45 of 50 Acc: 82.35% Mean: 86.11% (+/- 5.64%)
Fold: 46 of 50 Acc: 85.29% Mean: 86.09% (+/- 5.57%)
Fold: 47 of 50 Acc: 88.24% Mean: 86.13% (+/- 5.52%)
Fold: 48 of 50 Acc: 79.41% Mean: 85.99% (+/- 5.55%)
Fold: 49 of 50 Acc: 94.12% Mean: 86.16% (+/- 5.61%)
Fold: 50 of 50 Acc: 79.41% Mean: 86.03% (+/- 5.63%)
Model Type: EfficientNetB1
Fold: 1 of 50 Acc: 80.00% Mean: 80.00% (+/- 0.00%)
Fold: 2 of 50 Acc: 91.43% Mean: 85.71% (+/- 5.71%)
Fold: 3 of 50 Acc: 79.41% Mean: 83.61% (+/- 5.53%)
Fold: 4 of 50 Acc: 79.41% Mean: 82.56% (+/- 5.12%)
Fold: 5 of 50 Acc: 88.24% Mean: 83.70% (+/- 5.11%)
Fold: 6 of 50 Acc: 82.35% Mean: 83.47% (+/- 4.70%)
Fold: 7 of 50 Acc: 85.29% Mean: 83.73% (+/- 4.39%)
Fold: 8 of 50 Acc: 82.35% Mean: 83.56% (+/- 4.13%)
Fold: 9 of 50 Acc: 88.24% Mean: 84.08% (+/- 4.17%)
Fold: 10 of 50 Acc: 85.29% Mean: 84.20% (+/- 3.97%)
Fold: 11 of 50 Acc: 74.29% Mean: 83.30% (+/- 4.74%)
Fold: 12 of 50 Acc: 82.86% Mean: 83.26% (+/- 4.54%)
Fold: 13 of 50 Acc: 79.41% Mean: 82.97% (+/- 4.48%)
Fold: 14 of 50 Acc: 85.29% Mean: 83.13% (+/- 4.36%)
Fold: 15 of 50 Acc: 88.24% Mean: 83.47% (+/- 4.40%)
Fold: 16 of 50 Acc: 91.18% Mean: 83.95% (+/- 4.65%)
Fold: 17 of 50 Acc: 82.35% Mean: 83.86% (+/- 4.53%)
Fold: 18 of 50 Acc: 88.24% Mean: 84.10% (+/- 4.51%)
Fold: 19 of 50 Acc: 82.35% Mean: 84.01% (+/- 4.41%)
Fold: 20 of 50 Acc: 82.35% Mean: 83.93% (+/- 4.31%)
Fold: 21 of 50 Acc: 82.86% Mean: 83.88% (+/- 4.21%)
Fold: 22 of 50 Acc: 71.43% Mean: 83.31% (+/- 4.87%)
Fold: 23 of 50 Acc: 79.41% Mean: 83.14% (+/- 4.82%)
Fold: 24 of 50 Acc: 85.29% Mean: 83.23% (+/- 4.74%)
Fold: 25 of 50 Acc: 82.35% Mean: 83.20% (+/- 4.65%)
Fold: 26 of 50 Acc: 88.24% Mean: 83.39% (+/- 4.66%)
Fold: 27 of 50 Acc: 67.65% Mean: 82.81% (+/- 5.46%)
Fold: 28 of 50 Acc: 85.29% Mean: 82.90% (+/- 5.38%)
Fold: 29 of 50 Acc: 79.41% Mean: 82.78% (+/- 5.32%)
Fold: 30 of 50 Acc: 82.35% Mean: 82.76% (+/- 5.23%)
Fold: 31 of 50 Acc: 82.86% Mean: 82.76% (+/- 5.15%)
Fold: 32 of 50 Acc: 88.57% Mean: 82.95% (+/- 5.17%)
Fold: 33 of 50 Acc: 88.24% Mean: 83.11% (+/- 5.17%)
Fold: 34 of 50 Acc: 79.41% Mean: 83.00% (+/- 5.13%)
Fold: 35 of 50 Acc: 85.29% Mean: 83.06% (+/- 5.07%)
Fold: 36 of 50 Acc: 79.41% Mean: 82.96% (+/- 5.03%)
Fold: 37 of 50 Acc: 79.41% Mean: 82.87% (+/- 5.00%)
Fold: 38 of 50 Acc: 97.06% Mean: 83.24% (+/- 5.43%)
Fold: 39 of 50 Acc: 85.29% Mean: 83.29% (+/- 5.37%)
Fold: 40 of 50 Acc: 100.00% Mean: 83.71% (+/- 5.91%)
Fold: 41 of 50 Acc: 85.71% Mean: 83.76% (+/- 5.85%)
Fold: 42 of 50 Acc: 77.14% Mean: 83.60% (+/- 5.86%)
Fold: 43 of 50 Acc: 85.29% Mean: 83.64% (+/- 5.80%)
Fold: 44 of 50 Acc: 82.35% Mean: 83.61% (+/- 5.74%)
Fold: 45 of 50 Acc: 85.29% Mean: 83.65% (+/- 5.68%)
Fold: 46 of 50 Acc: 88.24% Mean: 83.75% (+/- 5.66%)
Fold: 47 of 50 Acc: 88.24% Mean: 83.84% (+/- 5.63%)
Fold: 48 of 50 Acc: 76.47% Mean: 83.69% (+/- 5.67%)
Fold: 49 of 50 Acc: 91.18% Mean: 83.84% (+/- 5.71%)
Fold: 50 of 50 Acc: 76.47% Mean: 83.70% (+/- 5.75%)
Model Type: EfficientNetB2
Fold: 1 of 50 Acc: 71.43% Mean: 71.43% (+/- 0.00%)
Fold: 2 of 50 Acc: 77.14% Mean: 74.29% (+/- 2.86%)
Fold: 3 of 50 Acc: 76.47% Mean: 75.01% (+/- 2.55%)
Fold: 4 of 50 Acc: 82.35% Mean: 76.85% (+/- 3.87%)
Fold: 5 of 50 Acc: 85.29% Mean: 78.54% (+/- 4.84%)
Fold: 6 of 50 Acc: 88.24% Mean: 80.15% (+/- 5.71%)
Fold: 7 of 50 Acc: 82.35% Mean: 80.47% (+/- 5.34%)
Fold: 8 of 50 Acc: 76.47% Mean: 79.97% (+/- 5.17%)
Fold: 9 of 50 Acc: 88.24% Mean: 80.89% (+/- 5.52%)
Fold: 10 of 50 Acc: 88.24% Mean: 81.62% (+/- 5.68%)
Fold: 11 of 50 Acc: 94.29% Mean: 82.77% (+/- 6.53%)
Fold: 12 of 50 Acc: 85.71% Mean: 83.02% (+/- 6.30%)
Fold: 13 of 50 Acc: 79.41% Mean: 82.74% (+/- 6.13%)
Fold: 14 of 50 Acc: 85.29% Mean: 82.92% (+/- 5.94%)
Fold: 15 of 50 Acc: 88.24% Mean: 83.28% (+/- 5.89%)
Fold: 16 of 50 Acc: 88.24% Mean: 83.59% (+/- 5.83%)
Fold: 17 of 50 Acc: 79.41% Mean: 83.34% (+/- 5.74%)
Fold: 18 of 50 Acc: 85.29% Mean: 83.45% (+/- 5.60%)
Fold: 19 of 50 Acc: 88.24% Mean: 83.70% (+/- 5.55%)
Fold: 20 of 50 Acc: 85.29% Mean: 83.78% (+/- 5.42%)
Fold: 21 of 50 Acc: 91.43% Mean: 84.15% (+/- 5.54%)
Fold: 22 of 50 Acc: 77.14% Mean: 83.83% (+/- 5.60%)
Fold: 23 of 50 Acc: 91.18% Mean: 84.15% (+/- 5.68%)
Fold: 24 of 50 Acc: 91.18% Mean: 84.44% (+/- 5.74%)
Fold: 25 of 50 Acc: 76.47% Mean: 84.12% (+/- 5.83%)
Fold: 26 of 50 Acc: 94.12% Mean: 84.51% (+/- 6.03%)
Fold: 27 of 50 Acc: 73.53% Mean: 84.10% (+/- 6.27%)
Fold: 28 of 50 Acc: 85.29% Mean: 84.14% (+/- 6.16%)
Fold: 29 of 50 Acc: 88.24% Mean: 84.28% (+/- 6.10%)
Fold: 30 of 50 Acc: 79.41% Mean: 84.12% (+/- 6.06%)
Fold: 31 of 50 Acc: 85.71% Mean: 84.17% (+/- 5.97%)
Fold: 32 of 50 Acc: 88.57% Mean: 84.31% (+/- 5.93%)
Fold: 33 of 50 Acc: 91.18% Mean: 84.52% (+/- 5.95%)
Fold: 34 of 50 Acc: 82.35% Mean: 84.45% (+/- 5.88%)
Fold: 35 of 50 Acc: 88.24% Mean: 84.56% (+/- 5.83%)
Fold: 36 of 50 Acc: 91.18% Mean: 84.75% (+/- 5.85%)
Fold: 37 of 50 Acc: 76.47% Mean: 84.52% (+/- 5.92%)
Fold: 38 of 50 Acc: 91.18% Mean: 84.70% (+/- 5.94%)
Fold: 39 of 50 Acc: 91.18% Mean: 84.86% (+/- 5.95%)
Fold: 40 of 50 Acc: 94.12% Mean: 85.09% (+/- 6.05%)
Fold: 41 of 50 Acc: 91.43% Mean: 85.25% (+/- 6.06%)
Fold: 42 of 50 Acc: 80.00% Mean: 85.12% (+/- 6.04%)
Fold: 43 of 50 Acc: 91.18% Mean: 85.26% (+/- 6.04%)
Fold: 44 of 50 Acc: 91.18% Mean: 85.40% (+/- 6.03%)
Fold: 45 of 50 Acc: 88.24% Mean: 85.46% (+/- 5.98%)
Fold: 46 of 50 Acc: 73.53% Mean: 85.20% (+/- 6.17%)
Fold: 47 of 50 Acc: 85.29% Mean: 85.20% (+/- 6.10%)
Fold: 48 of 50 Acc: 58.82% Mean: 84.66% (+/- 7.11%)
Fold: 49 of 50 Acc: 88.24% Mean: 84.73% (+/- 7.06%)
Fold: 50 of 50 Acc: 85.29% Mean: 84.74% (+/- 6.99%)
Model Type: EfficientNetB3
Fold: 1 of 50 Acc: 74.29% Mean: 74.29% (+/- 0.00%)
Fold: 2 of 50 Acc: 85.71% Mean: 80.00% (+/- 5.71%)
Fold: 3 of 50 Acc: 91.18% Mean: 83.73% (+/- 7.04%)
Fold: 4 of 50 Acc: 91.18% Mean: 85.59% (+/- 6.90%)
Fold: 5 of 50 Acc: 91.18% Mean: 86.71% (+/- 6.56%)
Fold: 6 of 50 Acc: 91.18% Mean: 87.45% (+/- 6.22%)
Fold: 7 of 50 Acc: 88.24% Mean: 87.56% (+/- 5.76%)
Fold: 8 of 50 Acc: 73.53% Mean: 85.81% (+/- 7.11%)
Fold: 9 of 50 Acc: 88.24% Mean: 86.08% (+/- 6.75%)
Fold: 10 of 50 Acc: 94.12% Mean: 86.88% (+/- 6.84%)
Fold: 11 of 50 Acc: 85.71% Mean: 86.78% (+/- 6.53%)
Fold: 12 of 50 Acc: 88.57% Mean: 86.93% (+/- 6.27%)
Fold: 13 of 50 Acc: 82.35% Mean: 86.57% (+/- 6.15%)
Fold: 14 of 50 Acc: 91.18% Mean: 86.90% (+/- 6.04%)
Fold: 15 of 50 Acc: 82.35% Mean: 86.60% (+/- 5.95%)
Fold: 16 of 50 Acc: 85.29% Mean: 86.52% (+/- 5.77%)
Fold: 17 of 50 Acc: 70.59% Mean: 85.58% (+/- 6.73%)
Fold: 18 of 50 Acc: 91.18% Mean: 85.89% (+/- 6.67%)
Fold: 19 of 50 Acc: 91.18% Mean: 86.17% (+/- 6.60%)
Fold: 20 of 50 Acc: 85.29% Mean: 86.13% (+/- 6.43%)
Fold: 21 of 50 Acc: 85.71% Mean: 86.11% (+/- 6.28%)
Fold: 22 of 50 Acc: 77.14% Mean: 85.70% (+/- 6.41%)
Fold: 23 of 50 Acc: 94.12% Mean: 86.07% (+/- 6.50%)
Fold: 24 of 50 Acc: 94.12% Mean: 86.40% (+/- 6.57%)
Fold: 25 of 50 Acc: 88.24% Mean: 86.47% (+/- 6.44%)
Fold: 26 of 50 Acc: 91.18% Mean: 86.65% (+/- 6.38%)
Fold: 27 of 50 Acc: 79.41% Mean: 86.39% (+/- 6.41%)
Fold: 28 of 50 Acc: 88.24% Mean: 86.45% (+/- 6.30%)
Fold: 29 of 50 Acc: 79.41% Mean: 86.21% (+/- 6.33%)
Fold: 30 of 50 Acc: 82.35% Mean: 86.08% (+/- 6.26%)
Fold: 31 of 50 Acc: 80.00% Mean: 85.89% (+/- 6.25%)
Fold: 32 of 50 Acc: 91.43% Mean: 86.06% (+/- 6.23%)
Fold: 33 of 50 Acc: 88.24% Mean: 86.12% (+/- 6.14%)
Fold: 34 of 50 Acc: 70.59% Mean: 85.67% (+/- 6.60%)
Fold: 35 of 50 Acc: 85.29% Mean: 85.66% (+/- 6.50%)
Fold: 36 of 50 Acc: 79.41% Mean: 85.48% (+/- 6.49%)
Fold: 37 of 50 Acc: 76.47% Mean: 85.24% (+/- 6.57%)
Fold: 38 of 50 Acc: 88.24% Mean: 85.32% (+/- 6.50%)
Fold: 39 of 50 Acc: 88.24% Mean: 85.39% (+/- 6.43%)
Fold: 40 of 50 Acc: 97.06% Mean: 85.68% (+/- 6.61%)
Fold: 41 of 50 Acc: 80.00% Mean: 85.55% (+/- 6.59%)
Fold: 42 of 50 Acc: 77.14% Mean: 85.35% (+/- 6.63%)
Fold: 43 of 50 Acc: 94.12% Mean: 85.55% (+/- 6.69%)
Fold: 44 of 50 Acc: 82.35% Mean: 85.48% (+/- 6.63%)
Fold: 45 of 50 Acc: 82.35% Mean: 85.41% (+/- 6.57%)
Fold: 46 of 50 Acc: 94.12% Mean: 85.60% (+/- 6.62%)
Fold: 47 of 50 Acc: 88.24% Mean: 85.65% (+/- 6.56%)
Fold: 48 of 50 Acc: 85.29% Mean: 85.65% (+/- 6.49%)
Fold: 49 of 50 Acc: 97.06% Mean: 85.88% (+/- 6.62%)
Fold: 50 of 50 Acc: 82.35% Mean: 85.81% (+/- 6.58%)
Model Type: EfficientNetB4
