Machine: DONALD
Date: 14/12/2021 Time: 14:05:59
Alternative Dense Layer: False
Pooling Application Layer: avg
Data Augmentation: False
Data Augmentation Multiplier: 1
Fine Tuning: True
Optimizer: rmsprop

Model Type: Xception
Fold: 1 of 10 Acc: 88.57% Mean: 88.57% (+/- 0.00%)
Fold: 2 of 10 Acc: 100.00% Mean: 94.29% (+/- 5.71%)
Fold: 3 of 10 Acc: 85.29% Mean: 91.29% (+/- 6.30%)
Fold: 4 of 10 Acc: 88.24% Mean: 90.53% (+/- 5.62%)
Fold: 5 of 10 Acc: 97.06% Mean: 91.83% (+/- 5.66%)
Fold: 6 of 10 Acc: 85.29% Mean: 90.74% (+/- 5.71%)
Fold: 7 of 10 Acc: 91.18% Mean: 90.80% (+/- 5.29%)
Fold: 8 of 10 Acc: 91.18% Mean: 90.85% (+/- 4.95%)
Fold: 9 of 10 Acc: 94.12% Mean: 91.21% (+/- 4.78%)
Fold: 10 of 10 Acc: 94.12% Mean: 91.50% (+/- 4.62%)
Model Type: VGG16
Fold: 1 of 10 Acc: 77.14% Mean: 77.14% (+/- 0.00%)
Fold: 2 of 10 Acc: 97.14% Mean: 87.14% (+/- 10.00%)
Fold: 3 of 10 Acc: 88.24% Mean: 87.51% (+/- 8.18%)
Fold: 4 of 10 Acc: 85.29% Mean: 86.95% (+/- 7.15%)
Fold: 5 of 10 Acc: 94.12% Mean: 88.39% (+/- 7.01%)
Fold: 6 of 10 Acc: 91.18% Mean: 88.85% (+/- 6.48%)
Fold: 7 of 10 Acc: 85.29% Mean: 88.34% (+/- 6.13%)
Fold: 8 of 10 Acc: 94.12% Mean: 89.07% (+/- 6.04%)
Fold: 9 of 10 Acc: 88.24% Mean: 88.97% (+/- 5.70%)
Fold: 10 of 10 Acc: 82.35% Mean: 88.31% (+/- 5.76%)
Model Type: VGG19
Fold: 1 of 10 Acc: 80.00% Mean: 80.00% (+/- 0.00%)
Fold: 2 of 10 Acc: 94.29% Mean: 87.14% (+/- 7.14%)
Fold: 3 of 10 Acc: 94.12% Mean: 89.47% (+/- 6.70%)
Fold: 4 of 10 Acc: 85.29% Mean: 88.42% (+/- 6.07%)
Fold: 5 of 10 Acc: 91.18% Mean: 88.97% (+/- 5.54%)
Fold: 6 of 10 Acc: 85.29% Mean: 88.36% (+/- 5.24%)
Fold: 7 of 10 Acc: 88.24% Mean: 88.34% (+/- 4.85%)
Fold: 8 of 10 Acc: 82.35% Mean: 87.59% (+/- 4.95%)
Fold: 9 of 10 Acc: 85.29% Mean: 87.34% (+/- 4.73%)
Fold: 10 of 10 Acc: 88.24% Mean: 87.43% (+/- 4.49%)
Model Type: ResNet50
Fold: 1 of 10 Acc: 62.86% Mean: 62.86% (+/- 0.00%)
Fold: 2 of 10 Acc: 94.29% Mean: 78.57% (+/- 15.71%)
Fold: 3 of 10 Acc: 85.29% Mean: 80.81% (+/- 13.22%)
Fold: 4 of 10 Acc: 88.24% Mean: 82.67% (+/- 11.89%)
Fold: 5 of 10 Acc: 97.06% Mean: 85.55% (+/- 12.09%)
Fold: 6 of 10 Acc: 82.35% Mean: 85.01% (+/- 11.10%)
Fold: 7 of 10 Acc: 94.12% Mean: 86.31% (+/- 10.76%)
Fold: 8 of 10 Acc: 88.24% Mean: 86.55% (+/- 10.09%)
Fold: 9 of 10 Acc: 88.24% Mean: 86.74% (+/- 9.52%)
Fold: 10 of 10 Acc: 88.24% Mean: 86.89% (+/- 9.05%)
Model Type: ResNet101
Fold: 1 of 10 Acc: 74.29% Mean: 74.29% (+/- 0.00%)
Fold: 2 of 10 Acc: 94.29% Mean: 84.29% (+/- 10.00%)
Fold: 3 of 10 Acc: 82.35% Mean: 83.64% (+/- 8.22%)
Fold: 4 of 10 Acc: 82.35% Mean: 83.32% (+/- 7.14%)
Fold: 5 of 10 Acc: 85.29% Mean: 83.71% (+/- 6.43%)
Fold: 6 of 10 Acc: 85.29% Mean: 83.98% (+/- 5.90%)
Fold: 7 of 10 Acc: 82.35% Mean: 83.75% (+/- 5.49%)
Fold: 8 of 10 Acc: 85.29% Mean: 83.94% (+/- 5.16%)
Fold: 9 of 10 Acc: 82.35% Mean: 83.76% (+/- 4.89%)
Fold: 10 of 10 Acc: 88.24% Mean: 84.21% (+/- 4.83%)
Model Type: ResNet152
Fold: 1 of 10 Acc: 82.86% Mean: 82.86% (+/- 0.00%)
Fold: 2 of 10 Acc: 88.57% Mean: 85.71% (+/- 2.86%)
Fold: 3 of 10 Acc: 73.53% Mean: 81.65% (+/- 6.20%)
Fold: 4 of 10 Acc: 91.18% Mean: 84.03% (+/- 6.77%)
Fold: 5 of 10 Acc: 88.24% Mean: 84.87% (+/- 6.28%)
Fold: 6 of 10 Acc: 85.29% Mean: 84.94% (+/- 5.74%)
Fold: 7 of 10 Acc: 94.12% Mean: 86.25% (+/- 6.21%)
Fold: 8 of 10 Acc: 91.18% Mean: 86.87% (+/- 6.03%)
Fold: 9 of 10 Acc: 79.41% Mean: 86.04% (+/- 6.15%)
Fold: 10 of 10 Acc: 85.29% Mean: 85.97% (+/- 5.84%)
Model Type: ResNet50V2
Fold: 1 of 10 Acc: 60.00% Mean: 60.00% (+/- 0.00%)
Fold: 2 of 10 Acc: 91.43% Mean: 75.71% (+/- 15.71%)
Fold: 3 of 10 Acc: 88.24% Mean: 79.89% (+/- 14.12%)
Fold: 4 of 10 Acc: 91.18% Mean: 82.71% (+/- 13.17%)
Fold: 5 of 10 Acc: 88.24% Mean: 83.82% (+/- 11.99%)
Fold: 6 of 10 Acc: 88.24% Mean: 84.55% (+/- 11.07%)
Fold: 7 of 10 Acc: 85.29% Mean: 84.66% (+/- 10.25%)
Fold: 8 of 10 Acc: 94.12% Mean: 85.84% (+/- 10.08%)
Fold: 9 of 10 Acc: 94.12% Mean: 86.76% (+/- 9.86%)
Fold: 10 of 10 Acc: 85.29% Mean: 86.61% (+/- 9.36%)
Model Type: ResNet101V2
Fold: 1 of 10 Acc: 60.00% Mean: 60.00% (+/- 0.00%)
Fold: 2 of 10 Acc: 82.86% Mean: 71.43% (+/- 11.43%)
Fold: 3 of 10 Acc: 85.29% Mean: 76.05% (+/- 11.39%)
Fold: 4 of 10 Acc: 82.35% Mean: 77.63% (+/- 10.24%)
Fold: 5 of 10 Acc: 88.24% Mean: 79.75% (+/- 10.09%)
Fold: 6 of 10 Acc: 85.29% Mean: 80.67% (+/- 9.44%)
Fold: 7 of 10 Acc: 88.24% Mean: 81.75% (+/- 9.13%)
Fold: 8 of 10 Acc: 85.29% Mean: 82.20% (+/- 8.62%)
Fold: 9 of 10 Acc: 91.18% Mean: 83.19% (+/- 8.61%)
Fold: 10 of 10 Acc: 82.35% Mean: 83.11% (+/- 8.17%)
Model Type: ResNet152V2
Fold: 1 of 10 Acc: 71.43% Mean: 71.43% (+/- 0.00%)
Fold: 2 of 10 Acc: 91.43% Mean: 81.43% (+/- 10.00%)
Fold: 3 of 10 Acc: 79.41% Mean: 80.76% (+/- 8.22%)
Fold: 4 of 10 Acc: 88.24% Mean: 82.63% (+/- 7.82%)
Fold: 5 of 10 Acc: 91.18% Mean: 84.34% (+/- 7.79%)
Fold: 6 of 10 Acc: 79.41% Mean: 83.52% (+/- 7.34%)
Fold: 7 of 10 Acc: 79.41% Mean: 82.93% (+/- 6.95%)
Fold: 8 of 10 Acc: 88.24% Mean: 83.59% (+/- 6.73%)
Fold: 9 of 10 Acc: 97.06% Mean: 85.09% (+/- 7.63%)
Fold: 10 of 10 Acc: 82.35% Mean: 84.82% (+/- 7.28%)
Model Type: InceptionV3
Fold: 1 of 10 Acc: 91.43% Mean: 91.43% (+/- 0.00%)
Fold: 2 of 10 Acc: 97.14% Mean: 94.29% (+/- 2.86%)
Fold: 3 of 10 Acc: 97.06% Mean: 95.21% (+/- 2.67%)
Fold: 4 of 10 Acc: 91.18% Mean: 94.20% (+/- 2.90%)
Fold: 5 of 10 Acc: 94.12% Mean: 94.18% (+/- 2.59%)
Fold: 6 of 10 Acc: 85.29% Mean: 92.70% (+/- 4.07%)
Fold: 7 of 10 Acc: 88.24% Mean: 92.06% (+/- 4.08%)
Fold: 8 of 10 Acc: 91.18% Mean: 91.95% (+/- 3.83%)
Fold: 9 of 10 Acc: 94.12% Mean: 92.19% (+/- 3.67%)
Fold: 10 of 10 Acc: 91.18% Mean: 92.09% (+/- 3.50%)
Model Type: InceptionResNetV2
Fold: 1 of 10 Acc: 88.57% Mean: 88.57% (+/- 0.00%)
Fold: 2 of 10 Acc: 91.43% Mean: 90.00% (+/- 1.43%)
Fold: 3 of 10 Acc: 82.35% Mean: 87.45% (+/- 3.79%)
Fold: 4 of 10 Acc: 79.41% Mean: 85.44% (+/- 4.78%)
Fold: 5 of 10 Acc: 97.06% Mean: 87.76% (+/- 6.32%)
Fold: 6 of 10 Acc: 85.29% Mean: 87.35% (+/- 5.84%)
Fold: 7 of 10 Acc: 94.12% Mean: 88.32% (+/- 5.90%)
Fold: 8 of 10 Acc: 82.35% Mean: 87.57% (+/- 5.86%)
Fold: 9 of 10 Acc: 88.24% Mean: 87.65% (+/- 5.53%)
Fold: 10 of 10 Acc: 85.29% Mean: 87.41% (+/- 5.29%)
Model Type: MobileNet
Fold: 1 of 10 Acc: 88.57% Mean: 88.57% (+/- 0.00%)
Fold: 2 of 10 Acc: 88.57% Mean: 88.57% (+/- 0.00%)
Fold: 3 of 10 Acc: 82.35% Mean: 86.50% (+/- 2.93%)
Fold: 4 of 10 Acc: 94.12% Mean: 88.40% (+/- 4.16%)
Fold: 5 of 10 Acc: 97.06% Mean: 90.13% (+/- 5.08%)
Fold: 6 of 10 Acc: 91.18% Mean: 90.31% (+/- 4.66%)
Fold: 7 of 10 Acc: 94.12% Mean: 90.85% (+/- 4.51%)
Fold: 8 of 10 Acc: 88.24% Mean: 90.53% (+/- 4.31%)
Fold: 9 of 10 Acc: 94.12% Mean: 90.92% (+/- 4.22%)
Fold: 10 of 10 Acc: 76.47% Mean: 89.48% (+/- 5.90%)
Model Type: DenseNet121
Fold: 1 of 10 Acc: 88.57% Mean: 88.57% (+/- 0.00%)
Fold: 2 of 10 Acc: 91.43% Mean: 90.00% (+/- 1.43%)
Fold: 3 of 10 Acc: 88.24% Mean: 89.41% (+/- 1.43%)
Fold: 4 of 10 Acc: 91.18% Mean: 89.85% (+/- 1.46%)
Fold: 5 of 10 Acc: 88.24% Mean: 89.53% (+/- 1.46%)
Fold: 6 of 10 Acc: 91.18% Mean: 89.80% (+/- 1.46%)
Fold: 7 of 10 Acc: 88.24% Mean: 89.58% (+/- 1.46%)
Fold: 8 of 10 Acc: 91.18% Mean: 89.78% (+/- 1.47%)
Fold: 9 of 10 Acc: 88.24% Mean: 89.61% (+/- 1.46%)
Fold: 10 of 10 Acc: 85.29% Mean: 89.18% (+/- 1.90%)
Model Type: DenseNet169
Fold: 1 of 10 Acc: 85.71% Mean: 85.71% (+/- 0.00%)
Fold: 2 of 10 Acc: 91.43% Mean: 88.57% (+/- 2.86%)
Fold: 3 of 10 Acc: 88.24% Mean: 88.46% (+/- 2.34%)
Fold: 4 of 10 Acc: 88.24% Mean: 88.40% (+/- 2.03%)
Fold: 5 of 10 Acc: 94.12% Mean: 89.55% (+/- 2.92%)
Fold: 6 of 10 Acc: 85.29% Mean: 88.84% (+/- 3.10%)
Fold: 7 of 10 Acc: 91.18% Mean: 89.17% (+/- 2.98%)
Fold: 8 of 10 Acc: 91.18% Mean: 89.42% (+/- 2.87%)
Fold: 9 of 10 Acc: 88.24% Mean: 89.29% (+/- 2.73%)
Fold: 10 of 10 Acc: 85.29% Mean: 88.89% (+/- 2.85%)
Model Type: DenseNet201
Fold: 1 of 10 Acc: 94.29% Mean: 94.29% (+/- 0.00%)
Fold: 2 of 10 Acc: 97.14% Mean: 95.71% (+/- 1.43%)
Fold: 3 of 10 Acc: 94.12% Mean: 95.18% (+/- 1.39%)
Fold: 4 of 10 Acc: 94.12% Mean: 94.92% (+/- 1.29%)
Fold: 5 of 10 Acc: 94.12% Mean: 94.76% (+/- 1.20%)
Fold: 6 of 10 Acc: 91.18% Mean: 94.16% (+/- 1.72%)
Fold: 7 of 10 Acc: 91.18% Mean: 93.73% (+/- 1.91%)
Fold: 8 of 10 Acc: 88.24% Mean: 93.05% (+/- 2.55%)
Fold: 9 of 10 Acc: 94.12% Mean: 93.17% (+/- 2.42%)
Fold: 10 of 10 Acc: 94.12% Mean: 93.26% (+/- 2.32%)
Model Type: NASNetMobile
Fold: 1 of 10 Acc: 51.43% Mean: 51.43% (+/- 0.00%)
Fold: 2 of 10 Acc: 62.86% Mean: 57.14% (+/- 5.71%)
Fold: 3 of 10 Acc: 88.24% Mean: 67.51% (+/- 15.38%)
Fold: 4 of 10 Acc: 50.00% Mean: 63.13% (+/- 15.33%)
Fold: 5 of 10 Acc: 50.00% Mean: 60.50% (+/- 14.68%)
Fold: 6 of 10 Acc: 61.76% Mean: 60.71% (+/- 13.41%)
Fold: 7 of 10 Acc: 61.76% Mean: 60.86% (+/- 12.42%)
Fold: 8 of 10 Acc: 64.71% Mean: 61.34% (+/- 11.69%)
Fold: 9 of 10 Acc: 52.94% Mean: 60.41% (+/- 11.33%)
Fold: 10 of 10 Acc: 82.35% Mean: 62.61% (+/- 12.60%)
Model Type: MobileNetV2
Fold: 1 of 10 Acc: 48.57% Mean: 48.57% (+/- 0.00%)
Fold: 2 of 10 Acc: 77.14% Mean: 62.86% (+/- 14.29%)
Fold: 3 of 10 Acc: 70.59% Mean: 65.43% (+/- 12.22%)
Fold: 4 of 10 Acc: 88.24% Mean: 71.13% (+/- 14.47%)
Fold: 5 of 10 Acc: 91.18% Mean: 75.14% (+/- 15.23%)
Fold: 6 of 10 Acc: 85.29% Mean: 76.83% (+/- 14.41%)
Fold: 7 of 10 Acc: 82.35% Mean: 77.62% (+/- 13.48%)
Fold: 8 of 10 Acc: 85.29% Mean: 78.58% (+/- 12.86%)
Fold: 9 of 10 Acc: 82.35% Mean: 79.00% (+/- 12.18%)
Fold: 10 of 10 Acc: 79.41% Mean: 79.04% (+/- 11.56%)
Model Type: EfficientNetB0
Fold: 1 of 10 Acc: 88.57% Mean: 88.57% (+/- 0.00%)
Fold: 2 of 10 Acc: 100.00% Mean: 94.29% (+/- 5.71%)
Fold: 3 of 10 Acc: 88.24% Mean: 92.27% (+/- 5.47%)
Fold: 4 of 10 Acc: 94.12% Mean: 92.73% (+/- 4.80%)
Fold: 5 of 10 Acc: 91.18% Mean: 92.42% (+/- 4.34%)
Fold: 6 of 10 Acc: 91.18% Mean: 92.21% (+/- 3.99%)
Fold: 7 of 10 Acc: 88.24% Mean: 91.64% (+/- 3.95%)
Fold: 8 of 10 Acc: 91.18% Mean: 91.59% (+/- 3.70%)
Fold: 9 of 10 Acc: 91.18% Mean: 91.54% (+/- 3.49%)
Fold: 10 of 10 Acc: 94.12% Mean: 91.80% (+/- 3.40%)
Model Type: EfficientNetB1
Fold: 1 of 10 Acc: 91.43% Mean: 91.43% (+/- 0.00%)
Fold: 2 of 10 Acc: 91.43% Mean: 91.43% (+/- 0.00%)
Fold: 3 of 10 Acc: 85.29% Mean: 89.38% (+/- 2.89%)
Fold: 4 of 10 Acc: 97.06% Mean: 91.30% (+/- 4.16%)
Fold: 5 of 10 Acc: 91.18% Mean: 91.28% (+/- 3.72%)
Fold: 6 of 10 Acc: 91.18% Mean: 91.26% (+/- 3.40%)
Fold: 7 of 10 Acc: 85.29% Mean: 90.41% (+/- 3.78%)
Fold: 8 of 10 Acc: 85.29% Mean: 89.77% (+/- 3.92%)
Fold: 9 of 10 Acc: 88.24% Mean: 89.60% (+/- 3.72%)
Fold: 10 of 10 Acc: 88.24% Mean: 89.46% (+/- 3.56%)
Model Type: EfficientNetB2
Fold: 1 of 10 Acc: 94.29% Mean: 94.29% (+/- 0.00%)
Fold: 2 of 10 Acc: 82.86% Mean: 88.57% (+/- 5.71%)
Fold: 3 of 10 Acc: 88.24% Mean: 88.46% (+/- 4.67%)
Fold: 4 of 10 Acc: 94.12% Mean: 89.87% (+/- 4.73%)
Fold: 5 of 10 Acc: 88.24% Mean: 89.55% (+/- 4.28%)
Fold: 6 of 10 Acc: 85.29% Mean: 88.84% (+/- 4.22%)
Fold: 7 of 10 Acc: 94.12% Mean: 89.59% (+/- 4.32%)
Fold: 8 of 10 Acc: 94.12% Mean: 90.16% (+/- 4.31%)
Fold: 9 of 10 Acc: 85.29% Mean: 89.62% (+/- 4.34%)
Fold: 10 of 10 Acc: 91.18% Mean: 89.77% (+/- 4.14%)
Model Type: EfficientNetB3
Fold: 1 of 10 Acc: 94.29% Mean: 94.29% (+/- 0.00%)
Fold: 2 of 10 Acc: 91.43% Mean: 92.86% (+/- 1.43%)
Fold: 3 of 10 Acc: 91.18% Mean: 92.30% (+/- 1.41%)
Fold: 4 of 10 Acc: 91.18% Mean: 92.02% (+/- 1.31%)
Fold: 5 of 10 Acc: 85.29% Mean: 90.67% (+/- 2.93%)
Fold: 6 of 10 Acc: 88.24% Mean: 90.27% (+/- 2.83%)
Fold: 7 of 10 Acc: 94.12% Mean: 90.82% (+/- 2.95%)
Fold: 8 of 10 Acc: 88.24% Mean: 90.49% (+/- 2.88%)
Fold: 9 of 10 Acc: 91.18% Mean: 90.57% (+/- 2.73%)
Fold: 10 of 10 Acc: 91.18% Mean: 90.63% (+/- 2.59%)
Model Type: EfficientNetB4
Fold: 1 of 10 Acc: 97.14% Mean: 97.14% (+/- 0.00%)
Fold: 2 of 10 Acc: 94.29% Mean: 95.71% (+/- 1.43%)
Fold: 3 of 10 Acc: 88.24% Mean: 93.22% (+/- 3.71%)
Fold: 4 of 10 Acc: 91.18% Mean: 92.71% (+/- 3.34%)
Fold: 5 of 10 Acc: 85.29% Mean: 91.23% (+/- 4.21%)
Fold: 6 of 10 Acc: 85.29% Mean: 90.24% (+/- 4.43%)
Fold: 7 of 10 Acc: 85.29% Mean: 89.53% (+/- 4.45%)
Fold: 8 of 10 Acc: 82.35% Mean: 88.63% (+/- 4.79%)
Fold: 9 of 10 Acc: 82.35% Mean: 87.94% (+/- 4.93%)
Fold: 10 of 10 Acc: 85.29% Mean: 87.67% (+/- 4.75%)
Model Type: EfficientNetB5
